[2024-11-25T12:56:03.590+0200] {local_task_job_runner.py:123} INFO - ::group::Pre task execution logs
[2024-11-25T12:56:03.603+0200] {taskinstance.py:2613} INFO - Dependencies all met for dep_context=non-requeueable deps ti=<TaskInstance: continuous_patient_data_generation.fetch_existing_patients scheduled__2024-11-25T10:55:00+00:00 [queued]>
[2024-11-25T12:56:03.611+0200] {taskinstance.py:2613} INFO - Dependencies all met for dep_context=requeueable deps ti=<TaskInstance: continuous_patient_data_generation.fetch_existing_patients scheduled__2024-11-25T10:55:00+00:00 [queued]>
[2024-11-25T12:56:03.612+0200] {taskinstance.py:2866} INFO - Starting attempt 1 of 2
[2024-11-25T12:56:03.626+0200] {taskinstance.py:2889} INFO - Executing <Task(PythonOperator): fetch_existing_patients> on 2024-11-25 10:55:00+00:00
[2024-11-25T12:56:03.632+0200] {standard_task_runner.py:72} INFO - Started process 623845 to run task
[2024-11-25T12:56:03.637+0200] {standard_task_runner.py:104} INFO - Running: ['airflow', 'tasks', 'run', 'continuous_patient_data_generation', 'fetch_existing_patients', 'scheduled__2024-11-25T10:55:00+00:00', '--job-id', '1010', '--raw', '--subdir', 'DAGS_FOLDER/real_time_patient_data_update.py', '--cfg-path', '/tmp/tmp5x0w4i00']
[2024-11-25T12:56:03.639+0200] {standard_task_runner.py:105} INFO - Job 1010: Subtask fetch_existing_patients
[2024-11-25T12:56:03.688+0200] {task_command.py:467} INFO - Running <TaskInstance: continuous_patient_data_generation.fetch_existing_patients scheduled__2024-11-25T10:55:00+00:00 [running]> on host munyah-ThinkPad-X1-Yoga-1st
[2024-11-25T12:56:03.758+0200] {taskinstance.py:3132} INFO - Exporting env vars: AIRFLOW_CTX_DAG_OWNER='munyah' AIRFLOW_CTX_DAG_ID='continuous_patient_data_generation' AIRFLOW_CTX_TASK_ID='fetch_existing_patients' AIRFLOW_CTX_EXECUTION_DATE='2024-11-25T10:55:00+00:00' AIRFLOW_CTX_TRY_NUMBER='1' AIRFLOW_CTX_DAG_RUN_ID='scheduled__2024-11-25T10:55:00+00:00'
[2024-11-25T12:56:03.759+0200] {logging_mixin.py:190} INFO - Task instance is in running state
[2024-11-25T12:56:03.759+0200] {logging_mixin.py:190} INFO -  Previous state of the Task instance: queued
[2024-11-25T12:56:03.759+0200] {logging_mixin.py:190} INFO - Current task name:fetch_existing_patients state:running start_date:2024-11-25 10:56:03.603618+00:00
[2024-11-25T12:56:03.760+0200] {logging_mixin.py:190} INFO - Dag name:continuous_patient_data_generation and current dag run status:running
[2024-11-25T12:56:03.760+0200] {taskinstance.py:731} INFO - ::endgroup::
[2024-11-25T12:56:03.766+0200] {base.py:84} INFO - Retrieving connection 'patients_data'
[2024-11-25T12:56:03.769+0200] {http.py:248} WARNING - HTTPConnectionPool(host='127.0.0.1', port=5000): Max retries exceeded with url: /api/patient-data (Caused by NewConnectionError('<urllib3.connection.HTTPConnection object at 0x77e33319df30>: Failed to establish a new connection: [Errno 111] Connection refused')) Tenacity will retry to execute the operation
[2024-11-25T12:56:03.770+0200] {real_time_patient_data_update.py:50} ERROR - Exception during API fetch: HTTPConnectionPool(host='127.0.0.1', port=5000): Max retries exceeded with url: /api/patient-data (Caused by NewConnectionError('<urllib3.connection.HTTPConnection object at 0x77e33319df30>: Failed to establish a new connection: [Errno 111] Connection refused'))
[2024-11-25T12:56:03.778+0200] {python.py:240} INFO - Done. Returned value was: None
[2024-11-25T12:56:03.783+0200] {taskinstance.py:340} INFO - ::group::Post task execution logs
[2024-11-25T12:56:03.783+0200] {taskinstance.py:352} INFO - Marking task as SUCCESS. dag_id=continuous_patient_data_generation, task_id=fetch_existing_patients, run_id=scheduled__2024-11-25T10:55:00+00:00, execution_date=20241125T105500, start_date=20241125T105603, end_date=20241125T105603
[2024-11-25T12:56:03.793+0200] {logging_mixin.py:190} INFO - Task instance in success state
[2024-11-25T12:56:03.793+0200] {logging_mixin.py:190} INFO -  Previous state of the Task instance: running
[2024-11-25T12:56:03.794+0200] {logging_mixin.py:190} INFO - Dag name:continuous_patient_data_generation queued_at:2024-11-25 10:56:01.049850+00:00
[2024-11-25T12:56:03.794+0200] {logging_mixin.py:190} INFO - Task hostname:munyah-ThinkPad-X1-Yoga-1st operator:PythonOperator
[2024-11-25T12:56:03.810+0200] {local_task_job_runner.py:266} INFO - Task exited with return code 0
[2024-11-25T12:56:03.830+0200] {taskinstance.py:3895} INFO - 1 downstream tasks scheduled from follow-on schedule check
[2024-11-25T12:56:03.833+0200] {local_task_job_runner.py:245} INFO - ::endgroup::
