[2024-11-23T19:45:07.355+0200] {local_task_job_runner.py:123} INFO - ::group::Pre task execution logs
[2024-11-23T19:45:07.365+0200] {taskinstance.py:2613} INFO - Dependencies all met for dep_context=non-requeueable deps ti=<TaskInstance: real_time_patient_data.update_patient_data scheduled__2024-11-23T17:40:00+00:00 [queued]>
[2024-11-23T19:45:07.371+0200] {taskinstance.py:2613} INFO - Dependencies all met for dep_context=requeueable deps ti=<TaskInstance: real_time_patient_data.update_patient_data scheduled__2024-11-23T17:40:00+00:00 [queued]>
[2024-11-23T19:45:07.371+0200] {taskinstance.py:2866} INFO - Starting attempt 1 of 2
[2024-11-23T19:45:07.384+0200] {taskinstance.py:2889} INFO - Executing <Task(PythonOperator): update_patient_data> on 2024-11-23 17:40:00+00:00
[2024-11-23T19:45:07.391+0200] {standard_task_runner.py:72} INFO - Started process 412495 to run task
[2024-11-23T19:45:07.396+0200] {standard_task_runner.py:104} INFO - Running: ['airflow', 'tasks', 'run', 'real_time_patient_data', 'update_patient_data', 'scheduled__2024-11-23T17:40:00+00:00', '--job-id', '11', '--raw', '--subdir', 'DAGS_FOLDER/real_time_patient_data_update.py', '--cfg-path', '/tmp/tmpv8zc1mbk']
[2024-11-23T19:45:07.398+0200] {standard_task_runner.py:105} INFO - Job 11: Subtask update_patient_data
[2024-11-23T19:45:07.435+0200] {task_command.py:467} INFO - Running <TaskInstance: real_time_patient_data.update_patient_data scheduled__2024-11-23T17:40:00+00:00 [running]> on host munyah-ThinkPad-X1-Yoga-1st
[2024-11-23T19:45:07.496+0200] {taskinstance.py:3132} INFO - Exporting env vars: AIRFLOW_CTX_DAG_OWNER='airflow' AIRFLOW_CTX_DAG_ID='real_time_patient_data' AIRFLOW_CTX_TASK_ID='update_patient_data' AIRFLOW_CTX_EXECUTION_DATE='2024-11-23T17:40:00+00:00' AIRFLOW_CTX_TRY_NUMBER='1' AIRFLOW_CTX_DAG_RUN_ID='scheduled__2024-11-23T17:40:00+00:00'
[2024-11-23T19:45:07.497+0200] {logging_mixin.py:190} INFO - Task instance is in running state
[2024-11-23T19:45:07.497+0200] {logging_mixin.py:190} INFO -  Previous state of the Task instance: queued
[2024-11-23T19:45:07.497+0200] {logging_mixin.py:190} INFO - Current task name:update_patient_data state:running start_date:2024-11-23 17:45:07.365812+00:00
[2024-11-23T19:45:07.497+0200] {logging_mixin.py:190} INFO - Dag name:real_time_patient_data and current dag run status:running
[2024-11-23T19:45:07.498+0200] {taskinstance.py:731} INFO - ::endgroup::
[2024-11-23T19:45:07.520+0200] {logging_mixin.py:190} INFO - New patient added: {'Patient_ID': 'PAT-00051', 'Age': 12, 'Gender': 'Male', 'Height': 155.82, 'Weight': 73.76, 'Temperature': 37.3, 'Blood_Pressure': '118/62', 'Cholesterol_Level': 'High', 'Blood_Sugar_Level': 281, 'Heart_Rate': 159, 'BMI': 21.92, 'Previous_Medical_History': 'No significant history', 'Comorbidities': 'None', 'Smoking_Status': 'No', 'Alcohol_Consumption': 'No', 'Physical_Activity': 'High', 'Last_Visit_Date': '2024-11-07', 'Genomic_Info': 'Normal', 'Diagnosis': 'No specific diagnosis', 'Hospitalization': 'Yes'}
[2024-11-23T19:45:07.520+0200] {python.py:240} INFO - Done. Returned value was: None
[2024-11-23T19:45:07.525+0200] {taskinstance.py:340} INFO - ::group::Post task execution logs
[2024-11-23T19:45:07.525+0200] {taskinstance.py:352} INFO - Marking task as SUCCESS. dag_id=real_time_patient_data, task_id=update_patient_data, run_id=scheduled__2024-11-23T17:40:00+00:00, execution_date=20241123T174000, start_date=20241123T174507, end_date=20241123T174507
[2024-11-23T19:45:07.533+0200] {logging_mixin.py:190} INFO - Task instance in success state
[2024-11-23T19:45:07.533+0200] {logging_mixin.py:190} INFO -  Previous state of the Task instance: running
[2024-11-23T19:45:07.534+0200] {logging_mixin.py:190} INFO - Dag name:real_time_patient_data queued_at:2024-11-23 17:45:01.851454+00:00
[2024-11-23T19:45:07.534+0200] {logging_mixin.py:190} INFO - Task hostname:munyah-ThinkPad-X1-Yoga-1st operator:PythonOperator
[2024-11-23T19:45:07.568+0200] {local_task_job_runner.py:266} INFO - Task exited with return code 0
[2024-11-23T19:45:07.590+0200] {taskinstance.py:3895} INFO - 0 downstream tasks scheduled from follow-on schedule check
[2024-11-23T19:45:07.591+0200] {local_task_job_runner.py:245} INFO - ::endgroup::
