[2024-11-26T13:18:07.134+0200] {local_task_job_runner.py:123} INFO - ::group::Pre task execution logs
[2024-11-26T13:18:07.145+0200] {taskinstance.py:2613} INFO - Dependencies all met for dep_context=non-requeueable deps ti=<TaskInstance: continuous_patient_data_generation.add_new_patient scheduled__2024-11-26T11:17:00+00:00 [queued]>
[2024-11-26T13:18:07.151+0200] {taskinstance.py:2613} INFO - Dependencies all met for dep_context=requeueable deps ti=<TaskInstance: continuous_patient_data_generation.add_new_patient scheduled__2024-11-26T11:17:00+00:00 [queued]>
[2024-11-26T13:18:07.152+0200] {taskinstance.py:2866} INFO - Starting attempt 1 of 2
[2024-11-26T13:18:07.168+0200] {taskinstance.py:2889} INFO - Executing <Task(PythonOperator): add_new_patient> on 2024-11-26 11:17:00+00:00
[2024-11-26T13:18:07.173+0200] {standard_task_runner.py:72} INFO - Started process 720881 to run task
[2024-11-26T13:18:07.179+0200] {standard_task_runner.py:104} INFO - Running: ['airflow', 'tasks', 'run', 'continuous_patient_data_generation', 'add_new_patient', 'scheduled__2024-11-26T11:17:00+00:00', '--job-id', '1755', '--raw', '--subdir', 'DAGS_FOLDER/real_time_patient_data_update.py', '--cfg-path', '/tmp/tmp9tsqtnbu']
[2024-11-26T13:18:07.180+0200] {standard_task_runner.py:105} INFO - Job 1755: Subtask add_new_patient
[2024-11-26T13:18:07.221+0200] {task_command.py:467} INFO - Running <TaskInstance: continuous_patient_data_generation.add_new_patient scheduled__2024-11-26T11:17:00+00:00 [running]> on host munyah-ThinkPad-X1-Yoga-1st
[2024-11-26T13:18:07.294+0200] {taskinstance.py:3132} INFO - Exporting env vars: AIRFLOW_CTX_DAG_OWNER='munyah' AIRFLOW_CTX_DAG_ID='continuous_patient_data_generation' AIRFLOW_CTX_TASK_ID='add_new_patient' AIRFLOW_CTX_EXECUTION_DATE='2024-11-26T11:17:00+00:00' AIRFLOW_CTX_TRY_NUMBER='1' AIRFLOW_CTX_DAG_RUN_ID='scheduled__2024-11-26T11:17:00+00:00'
[2024-11-26T13:18:07.296+0200] {logging_mixin.py:190} INFO - Task instance is in running state
[2024-11-26T13:18:07.296+0200] {logging_mixin.py:190} INFO -  Previous state of the Task instance: queued
[2024-11-26T13:18:07.296+0200] {logging_mixin.py:190} INFO - Current task name:add_new_patient state:running start_date:2024-11-26 11:18:07.145510+00:00
[2024-11-26T13:18:07.296+0200] {logging_mixin.py:190} INFO - Dag name:continuous_patient_data_generation and current dag run status:running
[2024-11-26T13:18:07.296+0200] {taskinstance.py:731} INFO - ::endgroup::
[2024-11-26T13:18:07.301+0200] {real_time_patient_data_update.py:59} INFO - Existing patients before adding new: []
[2024-11-26T13:18:07.310+0200] {real_time_patient_data_update.py:78} INFO - New Patient Added: {'Patient_ID': 'PAT-00001', 'Age': 29, 'Gender': 'Male', 'Height': 103.29, 'Weight': 102.86, 'Temperature': 37.0, 'Blood_Pressure': '136/89', 'Cholesterol_Level': 'Normal', 'Blood_Sugar_Level': 168, 'Heart_Rate': 96, 'BMI': 24.3, 'Previous_Medical_History': 'No significant history', 'Comorbidities': 'None', 'Smoking_Status': 'No', 'Alcohol_Consumption': 'No', 'Physical_Activity': 'Moderate', 'Last_Visit_Date': '2024-08-30', 'Genomic_Info': 'Normal', 'Diagnosis': 'No specific diagnosis', 'Hospitalization': 'Yes'}
[2024-11-26T13:18:07.310+0200] {real_time_patient_data_update.py:79} INFO - Updated Patients List: [{'Patient_ID': 'PAT-00001', 'Age': 29, 'Gender': 'Male', 'Height': 103.29, 'Weight': 102.86, 'Temperature': 37.0, 'Blood_Pressure': '136/89', 'Cholesterol_Level': 'Normal', 'Blood_Sugar_Level': 168, 'Heart_Rate': 96, 'BMI': 24.3, 'Previous_Medical_History': 'No significant history', 'Comorbidities': 'None', 'Smoking_Status': 'No', 'Alcohol_Consumption': 'No', 'Physical_Activity': 'Moderate', 'Last_Visit_Date': '2024-08-30', 'Genomic_Info': 'Normal', 'Diagnosis': 'No specific diagnosis', 'Hospitalization': 'Yes'}]
[2024-11-26T13:18:07.310+0200] {python.py:240} INFO - Done. Returned value was: None
[2024-11-26T13:18:07.315+0200] {taskinstance.py:340} INFO - ::group::Post task execution logs
[2024-11-26T13:18:07.316+0200] {taskinstance.py:352} INFO - Marking task as SUCCESS. dag_id=continuous_patient_data_generation, task_id=add_new_patient, run_id=scheduled__2024-11-26T11:17:00+00:00, execution_date=20241126T111700, start_date=20241126T111807, end_date=20241126T111807
[2024-11-26T13:18:07.325+0200] {logging_mixin.py:190} INFO - Task instance in success state
[2024-11-26T13:18:07.326+0200] {logging_mixin.py:190} INFO -  Previous state of the Task instance: running
[2024-11-26T13:18:07.326+0200] {logging_mixin.py:190} INFO - Dag name:continuous_patient_data_generation queued_at:2024-11-26 11:18:01.568376+00:00
[2024-11-26T13:18:07.326+0200] {logging_mixin.py:190} INFO - Task hostname:munyah-ThinkPad-X1-Yoga-1st operator:PythonOperator
[2024-11-26T13:18:07.351+0200] {local_task_job_runner.py:266} INFO - Task exited with return code 0
[2024-11-26T13:18:07.365+0200] {taskinstance.py:3895} INFO - 0 downstream tasks scheduled from follow-on schedule check
[2024-11-26T13:18:07.365+0200] {local_task_job_runner.py:245} INFO - ::endgroup::
