[2025-02-08T15:17:09.109+0200] {local_task_job_runner.py:123} INFO - ::group::Pre task execution logs
[2025-02-08T15:17:09.125+0200] {taskinstance.py:2613} INFO - Dependencies all met for dep_context=non-requeueable deps ti=<TaskInstance: patient-monitoring.add_new_patient scheduled__2025-02-08T13:16:00+00:00 [queued]>
[2025-02-08T15:17:09.133+0200] {taskinstance.py:2613} INFO - Dependencies all met for dep_context=requeueable deps ti=<TaskInstance: patient-monitoring.add_new_patient scheduled__2025-02-08T13:16:00+00:00 [queued]>
[2025-02-08T15:17:09.133+0200] {taskinstance.py:2866} INFO - Starting attempt 1 of 2
[2025-02-08T15:17:09.149+0200] {taskinstance.py:2889} INFO - Executing <Task(PythonOperator): add_new_patient> on 2025-02-08 13:16:00+00:00
[2025-02-08T15:17:09.157+0200] {standard_task_runner.py:72} INFO - Started process 65314 to run task
[2025-02-08T15:17:09.164+0200] {standard_task_runner.py:104} INFO - Running: ['airflow', 'tasks', 'run', 'patient-monitoring', 'add_new_patient', 'scheduled__2025-02-08T13:16:00+00:00', '--job-id', '50', '--raw', '--subdir', 'DAGS_FOLDER/real_time_patient_data_update.py', '--cfg-path', '/tmp/tmps1kiywww']
[2025-02-08T15:17:09.166+0200] {standard_task_runner.py:105} INFO - Job 50: Subtask add_new_patient
[2025-02-08T15:17:09.227+0200] {task_command.py:467} INFO - Running <TaskInstance: patient-monitoring.add_new_patient scheduled__2025-02-08T13:16:00+00:00 [running]> on host munyah-ThinkPad-X1-Yoga-1st
[2025-02-08T15:17:09.322+0200] {taskinstance.py:3132} INFO - Exporting env vars: AIRFLOW_CTX_DAG_OWNER='munyah' AIRFLOW_CTX_DAG_ID='patient-monitoring' AIRFLOW_CTX_TASK_ID='add_new_patient' AIRFLOW_CTX_EXECUTION_DATE='2025-02-08T13:16:00+00:00' AIRFLOW_CTX_TRY_NUMBER='1' AIRFLOW_CTX_DAG_RUN_ID='scheduled__2025-02-08T13:16:00+00:00'
[2025-02-08T15:17:09.323+0200] {logging_mixin.py:190} INFO - Task instance is in running state
[2025-02-08T15:17:09.323+0200] {logging_mixin.py:190} INFO -  Previous state of the Task instance: queued
[2025-02-08T15:17:09.324+0200] {logging_mixin.py:190} INFO - Current task name:add_new_patient state:running start_date:2025-02-08 13:17:09.126078+00:00
[2025-02-08T15:17:09.324+0200] {logging_mixin.py:190} INFO - Dag name:patient-monitoring and current dag run status:running
[2025-02-08T15:17:09.324+0200] {taskinstance.py:731} INFO - ::endgroup::
[2025-02-08T15:17:09.354+0200] {real_time_patient_data_update.py:80} INFO - New Patient Added: {'Patient_ID': 'PAT-00052', 'Age': 45, 'Gender': 'Male', 'Height': 249.94, 'Weight': 50.97, 'Temperature': 36.8, 'Blood_Pressure': '90/79', 'Cholesterol_Level': 'Borderline', 'Blood_Sugar_Level': 66, 'Heart_Rate': 131, 'BMI': 13.22, 'Previous_Medical_History': 'No significant history', 'Comorbidities': 'None', 'Smoking_Status': 'Yes', 'Alcohol_Consumption': 'No', 'Physical_Activity': 'Moderate', 'Last_Visit_Date': '2024-05-25', 'Genomic_Info': 'Normal', 'Diagnosis': 'No specific diagnosis', 'Hospitalization': 'No'}
[2025-02-08T15:17:09.354+0200] {real_time_patient_data_update.py:81} INFO - Total Patients After Addition: 52
[2025-02-08T15:17:09.364+0200] {base.py:84} INFO - Retrieving connection 'patients_data'
[2025-02-08T15:17:09.372+0200] {http.py:204} ERROR - HTTP error: INTERNAL SERVER ERROR
[2025-02-08T15:17:09.373+0200] {http.py:205} ERROR - {
  "error": "Failed to process the request."
}

[2025-02-08T15:17:09.373+0200] {real_time_patient_data_update.py:94} ERROR - Error while adding patient to the database: 500:INTERNAL SERVER ERROR
[2025-02-08T15:17:09.374+0200] {python.py:240} INFO - Done. Returned value was: None
[2025-02-08T15:17:09.381+0200] {taskinstance.py:340} INFO - ::group::Post task execution logs
[2025-02-08T15:17:09.382+0200] {taskinstance.py:352} INFO - Marking task as SUCCESS. dag_id=patient-monitoring, task_id=add_new_patient, run_id=scheduled__2025-02-08T13:16:00+00:00, execution_date=20250208T131600, start_date=20250208T131709, end_date=20250208T131709
[2025-02-08T15:17:09.395+0200] {logging_mixin.py:190} INFO - Task instance in success state
[2025-02-08T15:17:09.396+0200] {logging_mixin.py:190} INFO -  Previous state of the Task instance: running
[2025-02-08T15:17:09.396+0200] {logging_mixin.py:190} INFO - Dag name:patient-monitoring queued_at:2025-02-08 13:17:01.590018+00:00
[2025-02-08T15:17:09.397+0200] {logging_mixin.py:190} INFO - Task hostname:munyah-ThinkPad-X1-Yoga-1st operator:PythonOperator
[2025-02-08T15:17:09.418+0200] {local_task_job_runner.py:266} INFO - Task exited with return code 0
[2025-02-08T15:17:09.440+0200] {taskinstance.py:3895} INFO - 0 downstream tasks scheduled from follow-on schedule check
[2025-02-08T15:17:09.441+0200] {local_task_job_runner.py:245} INFO - ::endgroup::
