[2025-02-08T14:17:20.744+0200] {local_task_job_runner.py:123} INFO - ::group::Pre task execution logs
[2025-02-08T14:17:20.757+0200] {taskinstance.py:2613} INFO - Dependencies all met for dep_context=non-requeueable deps ti=<TaskInstance: patient-monitoring.fetch_existing_patients manual__2025-02-08T12:17:16.872302+00:00 [queued]>
[2025-02-08T14:17:20.765+0200] {taskinstance.py:2613} INFO - Dependencies all met for dep_context=requeueable deps ti=<TaskInstance: patient-monitoring.fetch_existing_patients manual__2025-02-08T12:17:16.872302+00:00 [queued]>
[2025-02-08T14:17:20.766+0200] {taskinstance.py:2866} INFO - Starting attempt 1 of 2
[2025-02-08T14:17:20.782+0200] {taskinstance.py:2889} INFO - Executing <Task(PythonOperator): fetch_existing_patients> on 2025-02-08 12:17:16.872302+00:00
[2025-02-08T14:17:20.789+0200] {standard_task_runner.py:72} INFO - Started process 53275 to run task
[2025-02-08T14:17:20.795+0200] {standard_task_runner.py:104} INFO - Running: ['airflow', 'tasks', 'run', 'patient-monitoring', 'fetch_existing_patients', 'manual__2025-02-08T12:17:16.872302+00:00', '--job-id', '38', '--raw', '--subdir', 'DAGS_FOLDER/real_time_patient_data_update.py', '--cfg-path', '/tmp/tmp24hqj5j0']
[2025-02-08T14:17:20.797+0200] {standard_task_runner.py:105} INFO - Job 38: Subtask fetch_existing_patients
[2025-02-08T14:17:20.848+0200] {task_command.py:467} INFO - Running <TaskInstance: patient-monitoring.fetch_existing_patients manual__2025-02-08T12:17:16.872302+00:00 [running]> on host munyah-ThinkPad-X1-Yoga-1st
[2025-02-08T14:17:20.921+0200] {taskinstance.py:3132} INFO - Exporting env vars: AIRFLOW_CTX_DAG_OWNER='munyah' AIRFLOW_CTX_DAG_ID='patient-monitoring' AIRFLOW_CTX_TASK_ID='fetch_existing_patients' AIRFLOW_CTX_EXECUTION_DATE='2025-02-08T12:17:16.872302+00:00' AIRFLOW_CTX_TRY_NUMBER='1' AIRFLOW_CTX_DAG_RUN_ID='manual__2025-02-08T12:17:16.872302+00:00'
[2025-02-08T14:17:20.922+0200] {logging_mixin.py:190} INFO - Task instance is in running state
[2025-02-08T14:17:20.923+0200] {logging_mixin.py:190} INFO -  Previous state of the Task instance: queued
[2025-02-08T14:17:20.923+0200] {logging_mixin.py:190} INFO - Current task name:fetch_existing_patients state:running start_date:2025-02-08 12:17:20.758223+00:00
[2025-02-08T14:17:20.923+0200] {logging_mixin.py:190} INFO - Dag name:patient-monitoring and current dag run status:running
[2025-02-08T14:17:20.923+0200] {taskinstance.py:731} INFO - ::endgroup::
[2025-02-08T14:17:20.931+0200] {base.py:84} INFO - Retrieving connection 'patients_data'
[2025-02-08T14:17:20.941+0200] {real_time_patient_data_update.py:19} INFO - Successfully fetched 50 patients from API
[2025-02-08T14:17:20.955+0200] {python.py:240} INFO - Done. Returned value was: None
[2025-02-08T14:17:20.963+0200] {taskinstance.py:340} INFO - ::group::Post task execution logs
[2025-02-08T14:17:20.963+0200] {taskinstance.py:352} INFO - Marking task as SUCCESS. dag_id=patient-monitoring, task_id=fetch_existing_patients, run_id=manual__2025-02-08T12:17:16.872302+00:00, execution_date=20250208T121716, start_date=20250208T121720, end_date=20250208T121720
[2025-02-08T14:17:20.972+0200] {logging_mixin.py:190} INFO - Task instance in success state
[2025-02-08T14:17:20.972+0200] {logging_mixin.py:190} INFO -  Previous state of the Task instance: running
[2025-02-08T14:17:20.972+0200] {logging_mixin.py:190} INFO - Dag name:patient-monitoring queued_at:2025-02-08 12:17:16.897531+00:00
[2025-02-08T14:17:20.972+0200] {logging_mixin.py:190} INFO - Task hostname:munyah-ThinkPad-X1-Yoga-1st operator:PythonOperator
[2025-02-08T14:17:21.011+0200] {local_task_job_runner.py:266} INFO - Task exited with return code 0
[2025-02-08T14:17:21.032+0200] {taskinstance.py:3895} INFO - 1 downstream tasks scheduled from follow-on schedule check
[2025-02-08T14:17:21.035+0200] {local_task_job_runner.py:245} INFO - ::endgroup::
