[2025-02-18T01:19:54.347+0200] {local_task_job_runner.py:123} INFO - ::group::Pre task execution logs
[2025-02-18T01:19:54.358+0200] {taskinstance.py:2613} INFO - Dependencies all met for dep_context=non-requeueable deps ti=<TaskInstance: example_xcom.pull_value_from_bash_push scheduled__2021-01-01T00:00:00+00:00 [queued]>
[2025-02-18T01:19:54.366+0200] {taskinstance.py:2613} INFO - Dependencies all met for dep_context=requeueable deps ti=<TaskInstance: example_xcom.pull_value_from_bash_push scheduled__2021-01-01T00:00:00+00:00 [queued]>
[2025-02-18T01:19:54.367+0200] {taskinstance.py:2866} INFO - Starting attempt 1 of 1
[2025-02-18T01:19:54.381+0200] {taskinstance.py:2889} INFO - Executing <Task(_PythonDecoratedOperator): pull_value_from_bash_push> on 2021-01-01 00:00:00+00:00
[2025-02-18T01:19:54.387+0200] {standard_task_runner.py:72} INFO - Started process 350849 to run task
[2025-02-18T01:19:54.393+0200] {standard_task_runner.py:104} INFO - Running: ['airflow', 'tasks', 'run', 'example_xcom', 'pull_value_from_bash_push', 'scheduled__2021-01-01T00:00:00+00:00', '--job-id', '59', '--raw', '--subdir', '/home/munyah/.local/lib/python3.10/site-packages/airflow/example_dags/example_xcom.py', '--cfg-path', '/tmp/tmpnkxlnjpp']
[2025-02-18T01:19:54.395+0200] {standard_task_runner.py:105} INFO - Job 59: Subtask pull_value_from_bash_push
[2025-02-18T01:19:54.436+0200] {task_command.py:467} INFO - Running <TaskInstance: example_xcom.pull_value_from_bash_push scheduled__2021-01-01T00:00:00+00:00 [running]> on host munyah-ThinkPad-X1-Yoga-1st
[2025-02-18T01:19:54.494+0200] {taskinstance.py:3132} INFO - Exporting env vars: AIRFLOW_CTX_DAG_OWNER='airflow' AIRFLOW_CTX_DAG_ID='example_xcom' AIRFLOW_CTX_TASK_ID='pull_value_from_bash_push' AIRFLOW_CTX_EXECUTION_DATE='2021-01-01T00:00:00+00:00' AIRFLOW_CTX_TRY_NUMBER='1' AIRFLOW_CTX_DAG_RUN_ID='scheduled__2021-01-01T00:00:00+00:00'
[2025-02-18T01:19:54.495+0200] {logging_mixin.py:190} INFO - Task instance is in running state
[2025-02-18T01:19:54.495+0200] {logging_mixin.py:190} INFO -  Previous state of the Task instance: queued
[2025-02-18T01:19:54.496+0200] {logging_mixin.py:190} INFO - Current task name:pull_value_from_bash_push state:running start_date:2025-02-17 23:19:54.358404+00:00
[2025-02-18T01:19:54.496+0200] {logging_mixin.py:190} INFO - Dag name:example_xcom and current dag run status:running
[2025-02-18T01:19:54.496+0200] {taskinstance.py:731} INFO - ::endgroup::
[2025-02-18T01:19:54.506+0200] {logging_mixin.py:190} INFO - The xcom value pushed by task push via return value is value_by_return
[2025-02-18T01:19:54.506+0200] {logging_mixin.py:190} INFO - The xcom value pushed by task push manually is manually_pushed_value
[2025-02-18T01:19:54.506+0200] {python.py:240} INFO - Done. Returned value was: None
[2025-02-18T01:19:54.512+0200] {taskinstance.py:340} INFO - ::group::Post task execution logs
[2025-02-18T01:19:54.512+0200] {taskinstance.py:352} INFO - Marking task as SUCCESS. dag_id=example_xcom, task_id=pull_value_from_bash_push, run_id=scheduled__2021-01-01T00:00:00+00:00, execution_date=20210101T000000, start_date=20250217T231954, end_date=20250217T231954
[2025-02-18T01:19:54.520+0200] {logging_mixin.py:190} INFO - Task instance in success state
[2025-02-18T01:19:54.521+0200] {logging_mixin.py:190} INFO -  Previous state of the Task instance: running
[2025-02-18T01:19:54.521+0200] {logging_mixin.py:190} INFO - Dag name:example_xcom queued_at:2025-02-17 23:19:27.143218+00:00
[2025-02-18T01:19:54.521+0200] {logging_mixin.py:190} INFO - Task hostname:munyah-ThinkPad-X1-Yoga-1st operator:_PythonDecoratedOperator
[2025-02-18T01:19:54.565+0200] {local_task_job_runner.py:266} INFO - Task exited with return code 0
[2025-02-18T01:19:54.581+0200] {taskinstance.py:3895} INFO - 0 downstream tasks scheduled from follow-on schedule check
[2025-02-18T01:19:54.582+0200] {local_task_job_runner.py:245} INFO - ::endgroup::
