[2024-11-26T15:57:04.768+0200] {local_task_job_runner.py:123} INFO - ::group::Pre task execution logs
[2024-11-26T15:57:04.783+0200] {taskinstance.py:2613} INFO - Dependencies all met for dep_context=non-requeueable deps ti=<TaskInstance: continuous_patient_data_generation.fetch_existing_patients scheduled__2024-11-26T13:56:00+00:00 [queued]>
[2024-11-26T15:57:04.790+0200] {taskinstance.py:2613} INFO - Dependencies all met for dep_context=requeueable deps ti=<TaskInstance: continuous_patient_data_generation.fetch_existing_patients scheduled__2024-11-26T13:56:00+00:00 [queued]>
[2024-11-26T15:57:04.791+0200] {taskinstance.py:2866} INFO - Starting attempt 1 of 2
[2024-11-26T15:57:04.811+0200] {taskinstance.py:2889} INFO - Executing <Task(PythonOperator): fetch_existing_patients> on 2024-11-26 13:56:00+00:00
[2024-11-26T15:57:04.818+0200] {standard_task_runner.py:72} INFO - Started process 752771 to run task
[2024-11-26T15:57:04.824+0200] {standard_task_runner.py:104} INFO - Running: ['airflow', 'tasks', 'run', 'continuous_patient_data_generation', 'fetch_existing_patients', 'scheduled__2024-11-26T13:56:00+00:00', '--job-id', '2072', '--raw', '--subdir', 'DAGS_FOLDER/real_time_patient_data_update.py', '--cfg-path', '/tmp/tmpfs1sizmv']
[2024-11-26T15:57:04.826+0200] {standard_task_runner.py:105} INFO - Job 2072: Subtask fetch_existing_patients
[2024-11-26T15:57:04.874+0200] {task_command.py:467} INFO - Running <TaskInstance: continuous_patient_data_generation.fetch_existing_patients scheduled__2024-11-26T13:56:00+00:00 [running]> on host munyah-ThinkPad-X1-Yoga-1st
[2024-11-26T15:57:04.983+0200] {taskinstance.py:3132} INFO - Exporting env vars: AIRFLOW_CTX_DAG_OWNER='munyah' AIRFLOW_CTX_DAG_ID='continuous_patient_data_generation' AIRFLOW_CTX_TASK_ID='fetch_existing_patients' AIRFLOW_CTX_EXECUTION_DATE='2024-11-26T13:56:00+00:00' AIRFLOW_CTX_TRY_NUMBER='1' AIRFLOW_CTX_DAG_RUN_ID='scheduled__2024-11-26T13:56:00+00:00'
[2024-11-26T15:57:04.984+0200] {logging_mixin.py:190} INFO - Task instance is in running state
[2024-11-26T15:57:04.985+0200] {logging_mixin.py:190} INFO -  Previous state of the Task instance: queued
[2024-11-26T15:57:04.985+0200] {logging_mixin.py:190} INFO - Current task name:fetch_existing_patients state:running start_date:2024-11-26 13:57:04.783937+00:00
[2024-11-26T15:57:04.985+0200] {logging_mixin.py:190} INFO - Dag name:continuous_patient_data_generation and current dag run status:running
[2024-11-26T15:57:04.986+0200] {taskinstance.py:731} INFO - ::endgroup::
[2024-11-26T15:57:04.992+0200] {base.py:84} INFO - Retrieving connection 'patients_data'
[2024-11-26T15:57:04.995+0200] {http.py:248} WARNING - HTTPConnectionPool(host='127.0.0.1', port=5000): Max retries exceeded with url: /api/patient-data (Caused by NewConnectionError('<urllib3.connection.HTTPConnection object at 0x74ceac3a5f30>: Failed to establish a new connection: [Errno 111] Connection refused')) Tenacity will retry to execute the operation
[2024-11-26T15:57:04.996+0200] {real_time_patient_data_update.py:50} ERROR - Exception during API fetch: HTTPConnectionPool(host='127.0.0.1', port=5000): Max retries exceeded with url: /api/patient-data (Caused by NewConnectionError('<urllib3.connection.HTTPConnection object at 0x74ceac3a5f30>: Failed to establish a new connection: [Errno 111] Connection refused'))
[2024-11-26T15:57:05.004+0200] {python.py:240} INFO - Done. Returned value was: None
[2024-11-26T15:57:05.011+0200] {taskinstance.py:340} INFO - ::group::Post task execution logs
[2024-11-26T15:57:05.012+0200] {taskinstance.py:352} INFO - Marking task as SUCCESS. dag_id=continuous_patient_data_generation, task_id=fetch_existing_patients, run_id=scheduled__2024-11-26T13:56:00+00:00, execution_date=20241126T135600, start_date=20241126T135704, end_date=20241126T135705
[2024-11-26T15:57:05.022+0200] {logging_mixin.py:190} INFO - Task instance in success state
[2024-11-26T15:57:05.023+0200] {logging_mixin.py:190} INFO -  Previous state of the Task instance: running
[2024-11-26T15:57:05.023+0200] {logging_mixin.py:190} INFO - Dag name:continuous_patient_data_generation queued_at:2024-11-26 13:57:02.229363+00:00
[2024-11-26T15:57:05.023+0200] {logging_mixin.py:190} INFO - Task hostname:munyah-ThinkPad-X1-Yoga-1st operator:PythonOperator
[2024-11-26T15:57:05.037+0200] {local_task_job_runner.py:266} INFO - Task exited with return code 0
[2024-11-26T15:57:05.060+0200] {taskinstance.py:3895} INFO - 1 downstream tasks scheduled from follow-on schedule check
[2024-11-26T15:57:05.065+0200] {local_task_job_runner.py:245} INFO - ::endgroup::
