[2025-03-05T18:31:08.861+0200] {local_task_job_runner.py:123} INFO - ::group::Pre task execution logs
[2025-03-05T18:31:08.882+0200] {taskinstance.py:2613} INFO - Dependencies all met for dep_context=non-requeueable deps ti=<TaskInstance: patient-monitoring.add_new_patient scheduled__2025-03-05T16:30:00+00:00 [queued]>
[2025-03-05T18:31:08.893+0200] {taskinstance.py:2613} INFO - Dependencies all met for dep_context=requeueable deps ti=<TaskInstance: patient-monitoring.add_new_patient scheduled__2025-03-05T16:30:00+00:00 [queued]>
[2025-03-05T18:31:08.893+0200] {taskinstance.py:2866} INFO - Starting attempt 1 of 2
[2025-03-05T18:31:08.917+0200] {taskinstance.py:2889} INFO - Executing <Task(PythonOperator): add_new_patient> on 2025-03-05 16:30:00+00:00
[2025-03-05T18:31:08.923+0200] {standard_task_runner.py:72} INFO - Started process 29740 to run task
[2025-03-05T18:31:08.934+0200] {standard_task_runner.py:104} INFO - Running: ['airflow', 'tasks', 'run', 'patient-monitoring', 'add_new_patient', 'scheduled__2025-03-05T16:30:00+00:00', '--job-id', '74', '--raw', '--subdir', 'DAGS_FOLDER/real_time_patient_data_update.py', '--cfg-path', '/tmp/tmpec8dc31t']
[2025-03-05T18:31:08.936+0200] {standard_task_runner.py:105} INFO - Job 74: Subtask add_new_patient
[2025-03-05T18:31:08.986+0200] {task_command.py:467} INFO - Running <TaskInstance: patient-monitoring.add_new_patient scheduled__2025-03-05T16:30:00+00:00 [running]> on host munyah-ThinkPad-X1-Yoga-1st
[2025-03-05T18:31:09.064+0200] {taskinstance.py:3132} INFO - Exporting env vars: AIRFLOW_CTX_DAG_OWNER='munyah' AIRFLOW_CTX_DAG_ID='patient-monitoring' AIRFLOW_CTX_TASK_ID='add_new_patient' AIRFLOW_CTX_EXECUTION_DATE='2025-03-05T16:30:00+00:00' AIRFLOW_CTX_TRY_NUMBER='1' AIRFLOW_CTX_DAG_RUN_ID='scheduled__2025-03-05T16:30:00+00:00'
[2025-03-05T18:31:09.065+0200] {logging_mixin.py:190} INFO - Task instance is in running state
[2025-03-05T18:31:09.066+0200] {logging_mixin.py:190} INFO -  Previous state of the Task instance: queued
[2025-03-05T18:31:09.066+0200] {logging_mixin.py:190} INFO - Current task name:add_new_patient state:running start_date:2025-03-05 16:31:08.883093+00:00
[2025-03-05T18:31:09.066+0200] {logging_mixin.py:190} INFO - Dag name:patient-monitoring and current dag run status:running
[2025-03-05T18:31:09.066+0200] {taskinstance.py:731} INFO - ::endgroup::
[2025-03-05T18:31:09.089+0200] {real_time_patient_data_update.py:80} INFO - New Patient Added: {
  "Patient_ID": "PAT-00062",
  "Age": 112,
  "Gender": "Female",
  "Height": 117.11,
  "Weight": 118.79,
  "Temperature": 36.5,
  "Blood_Pressure": "103/67",
  "Cholesterol_Level": "High",
  "Blood_Sugar_Level": 263,
  "Heart_Rate": 109,
  "BMI": 34.5,
  "Previous_Medical_History": "No significant history",
  "Comorbidities": "None",
  "Smoking_Status": "No",
  "Alcohol_Consumption": "Yes",
  "Physical_Activity": "Moderate",
  "Last_Visit_Date": "2024-11-06",
  "Genomic_Info": "Mutated",
  "Diagnosis": "No specific diagnosis",
  "Hospitalization": "No"
}
[2025-03-05T18:31:09.089+0200] {real_time_patient_data_update.py:81} INFO - Total Patients After Addition: 64
[2025-03-05T18:31:09.096+0200] {base.py:84} INFO - Retrieving connection 'patients_data'
[2025-03-05T18:31:09.107+0200] {real_time_patient_data_update.py:92} INFO - New patient PAT-00062 added to the database successfully.
[2025-03-05T18:31:09.108+0200] {python.py:240} INFO - Done. Returned value was: None
[2025-03-05T18:31:09.114+0200] {taskinstance.py:340} INFO - ::group::Post task execution logs
[2025-03-05T18:31:09.115+0200] {taskinstance.py:352} INFO - Marking task as SUCCESS. dag_id=patient-monitoring, task_id=add_new_patient, run_id=scheduled__2025-03-05T16:30:00+00:00, execution_date=20250305T163000, start_date=20250305T163108, end_date=20250305T163109
[2025-03-05T18:31:09.124+0200] {logging_mixin.py:190} INFO - Task instance in success state
[2025-03-05T18:31:09.125+0200] {logging_mixin.py:190} INFO -  Previous state of the Task instance: running
[2025-03-05T18:31:09.125+0200] {logging_mixin.py:190} INFO - Dag name:patient-monitoring queued_at:2025-03-05 16:31:01.672558+00:00
[2025-03-05T18:31:09.126+0200] {logging_mixin.py:190} INFO - Task hostname:munyah-ThinkPad-X1-Yoga-1st operator:PythonOperator
[2025-03-05T18:31:09.151+0200] {local_task_job_runner.py:266} INFO - Task exited with return code 0
[2025-03-05T18:31:09.166+0200] {taskinstance.py:3895} INFO - 0 downstream tasks scheduled from follow-on schedule check
[2025-03-05T18:31:09.167+0200] {local_task_job_runner.py:245} INFO - ::endgroup::
