[2024-11-25T11:50:08.736+0200] {local_task_job_runner.py:123} INFO - ::group::Pre task execution logs
[2024-11-25T11:50:08.751+0200] {taskinstance.py:2613} INFO - Dependencies all met for dep_context=non-requeueable deps ti=<TaskInstance: continuous_patient_data_generation.add_new_patient scheduled__2024-11-25T09:49:00+00:00 [queued]>
[2024-11-25T11:50:08.759+0200] {taskinstance.py:2613} INFO - Dependencies all met for dep_context=requeueable deps ti=<TaskInstance: continuous_patient_data_generation.add_new_patient scheduled__2024-11-25T09:49:00+00:00 [queued]>
[2024-11-25T11:50:08.759+0200] {taskinstance.py:2866} INFO - Starting attempt 1 of 2
[2024-11-25T11:50:08.778+0200] {taskinstance.py:2889} INFO - Executing <Task(PythonOperator): add_new_patient> on 2024-11-25 09:49:00+00:00
[2024-11-25T11:50:08.785+0200] {standard_task_runner.py:72} INFO - Started process 608934 to run task
[2024-11-25T11:50:08.790+0200] {standard_task_runner.py:104} INFO - Running: ['airflow', 'tasks', 'run', 'continuous_patient_data_generation', 'add_new_patient', 'scheduled__2024-11-25T09:49:00+00:00', '--job-id', '879', '--raw', '--subdir', 'DAGS_FOLDER/real_time_patient_data_update.py', '--cfg-path', '/tmp/tmptmcz16wb']
[2024-11-25T11:50:08.792+0200] {standard_task_runner.py:105} INFO - Job 879: Subtask add_new_patient
[2024-11-25T11:50:08.855+0200] {task_command.py:467} INFO - Running <TaskInstance: continuous_patient_data_generation.add_new_patient scheduled__2024-11-25T09:49:00+00:00 [running]> on host munyah-ThinkPad-X1-Yoga-1st
[2024-11-25T11:50:08.967+0200] {taskinstance.py:3132} INFO - Exporting env vars: AIRFLOW_CTX_DAG_OWNER='munyah' AIRFLOW_CTX_DAG_ID='continuous_patient_data_generation' AIRFLOW_CTX_TASK_ID='add_new_patient' AIRFLOW_CTX_EXECUTION_DATE='2024-11-25T09:49:00+00:00' AIRFLOW_CTX_TRY_NUMBER='1' AIRFLOW_CTX_DAG_RUN_ID='scheduled__2024-11-25T09:49:00+00:00'
[2024-11-25T11:50:08.968+0200] {logging_mixin.py:190} INFO - Task instance is in running state
[2024-11-25T11:50:08.969+0200] {logging_mixin.py:190} INFO -  Previous state of the Task instance: queued
[2024-11-25T11:50:08.969+0200] {logging_mixin.py:190} INFO - Current task name:add_new_patient state:running start_date:2024-11-25 09:50:08.751919+00:00
[2024-11-25T11:50:08.969+0200] {logging_mixin.py:190} INFO - Dag name:continuous_patient_data_generation and current dag run status:running
[2024-11-25T11:50:08.970+0200] {taskinstance.py:731} INFO - ::endgroup::
[2024-11-25T11:50:08.976+0200] {real_time_patient_data_update.py:59} INFO - Existing patients before adding new: []
[2024-11-25T11:50:08.988+0200] {real_time_patient_data_update.py:78} INFO - New Patient Added: {'Patient_ID': 'PAT-00001', 'Age': 0, 'Gender': 'Female', 'Height': 216.08, 'Weight': 148.64, 'Temperature': 36.8, 'Blood_Pressure': '114/77', 'Cholesterol_Level': 'High', 'Blood_Sugar_Level': 161, 'Heart_Rate': 65, 'BMI': 44.14, 'Previous_Medical_History': 'No significant history', 'Comorbidities': 'None', 'Smoking_Status': 'Yes', 'Alcohol_Consumption': 'Yes', 'Physical_Activity': 'Low', 'Last_Visit_Date': '2024-11-25', 'Genomic_Info': 'High Risk', 'Diagnosis': 'No specific diagnosis', 'Hospitalization': 'No'}
[2024-11-25T11:50:08.988+0200] {real_time_patient_data_update.py:79} INFO - Updated Patients List: [{'Patient_ID': 'PAT-00001', 'Age': 0, 'Gender': 'Female', 'Height': 216.08, 'Weight': 148.64, 'Temperature': 36.8, 'Blood_Pressure': '114/77', 'Cholesterol_Level': 'High', 'Blood_Sugar_Level': 161, 'Heart_Rate': 65, 'BMI': 44.14, 'Previous_Medical_History': 'No significant history', 'Comorbidities': 'None', 'Smoking_Status': 'Yes', 'Alcohol_Consumption': 'Yes', 'Physical_Activity': 'Low', 'Last_Visit_Date': '2024-11-25', 'Genomic_Info': 'High Risk', 'Diagnosis': 'No specific diagnosis', 'Hospitalization': 'No'}]
[2024-11-25T11:50:08.989+0200] {python.py:240} INFO - Done. Returned value was: None
[2024-11-25T11:50:08.994+0200] {taskinstance.py:340} INFO - ::group::Post task execution logs
[2024-11-25T11:50:08.994+0200] {taskinstance.py:352} INFO - Marking task as SUCCESS. dag_id=continuous_patient_data_generation, task_id=add_new_patient, run_id=scheduled__2024-11-25T09:49:00+00:00, execution_date=20241125T094900, start_date=20241125T095008, end_date=20241125T095008
[2024-11-25T11:50:09.004+0200] {logging_mixin.py:190} INFO - Task instance in success state
[2024-11-25T11:50:09.004+0200] {logging_mixin.py:190} INFO -  Previous state of the Task instance: running
[2024-11-25T11:50:09.004+0200] {logging_mixin.py:190} INFO - Dag name:continuous_patient_data_generation queued_at:2024-11-25 09:50:01.501549+00:00
[2024-11-25T11:50:09.005+0200] {logging_mixin.py:190} INFO - Task hostname:munyah-ThinkPad-X1-Yoga-1st operator:PythonOperator
[2024-11-25T11:50:09.044+0200] {local_task_job_runner.py:266} INFO - Task exited with return code 0
[2024-11-25T11:50:09.059+0200] {taskinstance.py:3895} INFO - 0 downstream tasks scheduled from follow-on schedule check
[2024-11-25T11:50:09.060+0200] {local_task_job_runner.py:245} INFO - ::endgroup::
