[2025-02-18T01:20:22.218+0200] {processor.py:186} INFO - Started process (PID=350939) to work on /home/munyah/.local/lib/python3.10/site-packages/airflow/example_dags/example_branch_operator_decorator.py
[2025-02-18T01:20:22.220+0200] {processor.py:914} INFO - Processing file /home/munyah/.local/lib/python3.10/site-packages/airflow/example_dags/example_branch_operator_decorator.py for tasks to queue
[2025-02-18T01:20:22.224+0200] {logging_mixin.py:190} INFO - [2025-02-18T01:20:22.223+0200] {dagbag.py:588} INFO - Filling up the DagBag from /home/munyah/.local/lib/python3.10/site-packages/airflow/example_dags/example_branch_operator_decorator.py
[2025-02-18T01:20:22.227+0200] {processor.py:927} WARNING - No viable dags retrieved from /home/munyah/.local/lib/python3.10/site-packages/airflow/example_dags/example_branch_operator_decorator.py
[2025-02-18T01:20:22.240+0200] {processor.py:208} INFO - Processing /home/munyah/.local/lib/python3.10/site-packages/airflow/example_dags/example_branch_operator_decorator.py took 0.031 seconds
[2025-02-18T01:21:37.982+0200] {processor.py:186} INFO - Started process (PID=351181) to work on /home/munyah/.local/lib/python3.10/site-packages/airflow/example_dags/example_branch_operator_decorator.py
[2025-02-18T01:21:37.983+0200] {processor.py:914} INFO - Processing file /home/munyah/.local/lib/python3.10/site-packages/airflow/example_dags/example_branch_operator_decorator.py for tasks to queue
[2025-02-18T01:21:37.986+0200] {logging_mixin.py:190} INFO - [2025-02-18T01:21:37.985+0200] {dagbag.py:588} INFO - Filling up the DagBag from /home/munyah/.local/lib/python3.10/site-packages/airflow/example_dags/example_branch_operator_decorator.py
[2025-02-18T01:21:37.989+0200] {processor.py:927} WARNING - No viable dags retrieved from /home/munyah/.local/lib/python3.10/site-packages/airflow/example_dags/example_branch_operator_decorator.py
[2025-02-18T01:21:38.000+0200] {processor.py:208} INFO - Processing /home/munyah/.local/lib/python3.10/site-packages/airflow/example_dags/example_branch_operator_decorator.py took 0.025 seconds
[2025-02-18T01:22:47.792+0200] {processor.py:186} INFO - Started process (PID=351950) to work on /home/munyah/.local/lib/python3.10/site-packages/airflow/example_dags/example_branch_operator_decorator.py
[2025-02-18T01:22:47.794+0200] {processor.py:914} INFO - Processing file /home/munyah/.local/lib/python3.10/site-packages/airflow/example_dags/example_branch_operator_decorator.py for tasks to queue
[2025-02-18T01:22:47.796+0200] {logging_mixin.py:190} INFO - [2025-02-18T01:22:47.796+0200] {dagbag.py:588} INFO - Filling up the DagBag from /home/munyah/.local/lib/python3.10/site-packages/airflow/example_dags/example_branch_operator_decorator.py
[2025-02-18T01:22:47.800+0200] {processor.py:927} WARNING - No viable dags retrieved from /home/munyah/.local/lib/python3.10/site-packages/airflow/example_dags/example_branch_operator_decorator.py
[2025-02-18T01:22:47.811+0200] {processor.py:208} INFO - Processing /home/munyah/.local/lib/python3.10/site-packages/airflow/example_dags/example_branch_operator_decorator.py took 0.025 seconds
[2025-02-18T01:24:01.460+0200] {processor.py:186} INFO - Started process (PID=352231) to work on /home/munyah/.local/lib/python3.10/site-packages/airflow/example_dags/example_branch_operator_decorator.py
[2025-02-18T01:24:01.462+0200] {processor.py:914} INFO - Processing file /home/munyah/.local/lib/python3.10/site-packages/airflow/example_dags/example_branch_operator_decorator.py for tasks to queue
[2025-02-18T01:24:01.464+0200] {logging_mixin.py:190} INFO - [2025-02-18T01:24:01.464+0200] {dagbag.py:588} INFO - Filling up the DagBag from /home/munyah/.local/lib/python3.10/site-packages/airflow/example_dags/example_branch_operator_decorator.py
[2025-02-18T01:24:01.468+0200] {processor.py:927} WARNING - No viable dags retrieved from /home/munyah/.local/lib/python3.10/site-packages/airflow/example_dags/example_branch_operator_decorator.py
[2025-02-18T01:24:01.480+0200] {processor.py:208} INFO - Processing /home/munyah/.local/lib/python3.10/site-packages/airflow/example_dags/example_branch_operator_decorator.py took 0.028 seconds
[2025-02-18T01:25:06.432+0200] {processor.py:186} INFO - Started process (PID=352432) to work on /home/munyah/.local/lib/python3.10/site-packages/airflow/example_dags/example_branch_operator_decorator.py
[2025-02-18T01:25:06.433+0200] {processor.py:914} INFO - Processing file /home/munyah/.local/lib/python3.10/site-packages/airflow/example_dags/example_branch_operator_decorator.py for tasks to queue
[2025-02-18T01:25:06.436+0200] {logging_mixin.py:190} INFO - [2025-02-18T01:25:06.436+0200] {dagbag.py:588} INFO - Filling up the DagBag from /home/munyah/.local/lib/python3.10/site-packages/airflow/example_dags/example_branch_operator_decorator.py
[2025-02-18T01:25:06.441+0200] {processor.py:927} WARNING - No viable dags retrieved from /home/munyah/.local/lib/python3.10/site-packages/airflow/example_dags/example_branch_operator_decorator.py
[2025-02-18T01:25:06.453+0200] {processor.py:208} INFO - Processing /home/munyah/.local/lib/python3.10/site-packages/airflow/example_dags/example_branch_operator_decorator.py took 0.029 seconds
[2025-02-18T01:26:12.502+0200] {processor.py:186} INFO - Started process (PID=352727) to work on /home/munyah/.local/lib/python3.10/site-packages/airflow/example_dags/example_branch_operator_decorator.py
[2025-02-18T01:26:12.503+0200] {processor.py:914} INFO - Processing file /home/munyah/.local/lib/python3.10/site-packages/airflow/example_dags/example_branch_operator_decorator.py for tasks to queue
[2025-02-18T01:26:12.506+0200] {logging_mixin.py:190} INFO - [2025-02-18T01:26:12.505+0200] {dagbag.py:588} INFO - Filling up the DagBag from /home/munyah/.local/lib/python3.10/site-packages/airflow/example_dags/example_branch_operator_decorator.py
[2025-02-18T01:26:12.510+0200] {processor.py:927} WARNING - No viable dags retrieved from /home/munyah/.local/lib/python3.10/site-packages/airflow/example_dags/example_branch_operator_decorator.py
[2025-02-18T01:26:12.521+0200] {processor.py:208} INFO - Processing /home/munyah/.local/lib/python3.10/site-packages/airflow/example_dags/example_branch_operator_decorator.py took 0.027 seconds
[2025-02-18T01:27:21.642+0200] {processor.py:186} INFO - Started process (PID=353122) to work on /home/munyah/.local/lib/python3.10/site-packages/airflow/example_dags/example_branch_operator_decorator.py
[2025-02-18T01:27:21.644+0200] {processor.py:914} INFO - Processing file /home/munyah/.local/lib/python3.10/site-packages/airflow/example_dags/example_branch_operator_decorator.py for tasks to queue
[2025-02-18T01:27:21.647+0200] {logging_mixin.py:190} INFO - [2025-02-18T01:27:21.646+0200] {dagbag.py:588} INFO - Filling up the DagBag from /home/munyah/.local/lib/python3.10/site-packages/airflow/example_dags/example_branch_operator_decorator.py
[2025-02-18T01:27:21.650+0200] {processor.py:927} WARNING - No viable dags retrieved from /home/munyah/.local/lib/python3.10/site-packages/airflow/example_dags/example_branch_operator_decorator.py
[2025-02-18T01:27:21.662+0200] {processor.py:208} INFO - Processing /home/munyah/.local/lib/python3.10/site-packages/airflow/example_dags/example_branch_operator_decorator.py took 0.027 seconds
