[2025-02-18T01:20:12.135+0200] {processor.py:186} INFO - Started process (PID=350915) to work on /home/munyah/.local/lib/python3.10/site-packages/airflow/example_dags/example_external_task_marker_dag.py
[2025-02-18T01:20:12.137+0200] {processor.py:914} INFO - Processing file /home/munyah/.local/lib/python3.10/site-packages/airflow/example_dags/example_external_task_marker_dag.py for tasks to queue
[2025-02-18T01:20:12.139+0200] {logging_mixin.py:190} INFO - [2025-02-18T01:20:12.139+0200] {dagbag.py:588} INFO - Filling up the DagBag from /home/munyah/.local/lib/python3.10/site-packages/airflow/example_dags/example_external_task_marker_dag.py
[2025-02-18T01:20:12.149+0200] {processor.py:925} INFO - DAG(s) 'example_external_task_marker_parent', 'example_external_task_marker_child' retrieved from /home/munyah/.local/lib/python3.10/site-packages/airflow/example_dags/example_external_task_marker_dag.py
[2025-02-18T01:20:12.173+0200] {logging_mixin.py:190} INFO - [2025-02-18T01:20:12.173+0200] {dag.py:3239} INFO - Sync 2 DAGs
[2025-02-18T01:20:12.191+0200] {logging_mixin.py:190} INFO - [2025-02-18T01:20:12.191+0200] {dag.py:4180} INFO - Setting next_dagrun for example_external_task_marker_child to None, run_after=None
[2025-02-18T01:20:12.194+0200] {logging_mixin.py:190} INFO - [2025-02-18T01:20:12.194+0200] {dag.py:4180} INFO - Setting next_dagrun for example_external_task_marker_parent to None, run_after=None
[2025-02-18T01:20:12.214+0200] {processor.py:208} INFO - Processing /home/munyah/.local/lib/python3.10/site-packages/airflow/example_dags/example_external_task_marker_dag.py took 0.086 seconds
[2025-02-18T01:21:27.653+0200] {processor.py:186} INFO - Started process (PID=351155) to work on /home/munyah/.local/lib/python3.10/site-packages/airflow/example_dags/example_external_task_marker_dag.py
[2025-02-18T01:21:27.654+0200] {processor.py:914} INFO - Processing file /home/munyah/.local/lib/python3.10/site-packages/airflow/example_dags/example_external_task_marker_dag.py for tasks to queue
[2025-02-18T01:21:27.657+0200] {logging_mixin.py:190} INFO - [2025-02-18T01:21:27.656+0200] {dagbag.py:588} INFO - Filling up the DagBag from /home/munyah/.local/lib/python3.10/site-packages/airflow/example_dags/example_external_task_marker_dag.py
[2025-02-18T01:21:27.668+0200] {processor.py:925} INFO - DAG(s) 'example_external_task_marker_child', 'example_external_task_marker_parent' retrieved from /home/munyah/.local/lib/python3.10/site-packages/airflow/example_dags/example_external_task_marker_dag.py
[2025-02-18T01:21:27.693+0200] {logging_mixin.py:190} INFO - [2025-02-18T01:21:27.693+0200] {dag.py:3239} INFO - Sync 2 DAGs
[2025-02-18T01:21:27.708+0200] {logging_mixin.py:190} INFO - [2025-02-18T01:21:27.707+0200] {dag.py:4180} INFO - Setting next_dagrun for example_external_task_marker_child to None, run_after=None
[2025-02-18T01:21:27.712+0200] {logging_mixin.py:190} INFO - [2025-02-18T01:21:27.711+0200] {dag.py:4180} INFO - Setting next_dagrun for example_external_task_marker_parent to None, run_after=None
[2025-02-18T01:21:27.730+0200] {processor.py:208} INFO - Processing /home/munyah/.local/lib/python3.10/site-packages/airflow/example_dags/example_external_task_marker_dag.py took 0.085 seconds
[2025-02-18T01:22:38.291+0200] {processor.py:186} INFO - Started process (PID=351873) to work on /home/munyah/.local/lib/python3.10/site-packages/airflow/example_dags/example_external_task_marker_dag.py
[2025-02-18T01:22:38.293+0200] {processor.py:914} INFO - Processing file /home/munyah/.local/lib/python3.10/site-packages/airflow/example_dags/example_external_task_marker_dag.py for tasks to queue
[2025-02-18T01:22:38.295+0200] {logging_mixin.py:190} INFO - [2025-02-18T01:22:38.295+0200] {dagbag.py:588} INFO - Filling up the DagBag from /home/munyah/.local/lib/python3.10/site-packages/airflow/example_dags/example_external_task_marker_dag.py
[2025-02-18T01:22:38.305+0200] {processor.py:925} INFO - DAG(s) 'example_external_task_marker_child', 'example_external_task_marker_parent' retrieved from /home/munyah/.local/lib/python3.10/site-packages/airflow/example_dags/example_external_task_marker_dag.py
[2025-02-18T01:22:38.324+0200] {logging_mixin.py:190} INFO - [2025-02-18T01:22:38.324+0200] {dag.py:3239} INFO - Sync 2 DAGs
[2025-02-18T01:22:38.338+0200] {logging_mixin.py:190} INFO - [2025-02-18T01:22:38.338+0200] {dag.py:4180} INFO - Setting next_dagrun for example_external_task_marker_child to None, run_after=None
[2025-02-18T01:22:38.342+0200] {logging_mixin.py:190} INFO - [2025-02-18T01:22:38.341+0200] {dag.py:4180} INFO - Setting next_dagrun for example_external_task_marker_parent to None, run_after=None
[2025-02-18T01:22:38.359+0200] {processor.py:208} INFO - Processing /home/munyah/.local/lib/python3.10/site-packages/airflow/example_dags/example_external_task_marker_dag.py took 0.076 seconds
[2025-02-18T01:23:50.292+0200] {processor.py:186} INFO - Started process (PID=352192) to work on /home/munyah/.local/lib/python3.10/site-packages/airflow/example_dags/example_external_task_marker_dag.py
[2025-02-18T01:23:50.293+0200] {processor.py:914} INFO - Processing file /home/munyah/.local/lib/python3.10/site-packages/airflow/example_dags/example_external_task_marker_dag.py for tasks to queue
[2025-02-18T01:23:50.296+0200] {logging_mixin.py:190} INFO - [2025-02-18T01:23:50.296+0200] {dagbag.py:588} INFO - Filling up the DagBag from /home/munyah/.local/lib/python3.10/site-packages/airflow/example_dags/example_external_task_marker_dag.py
[2025-02-18T01:23:50.306+0200] {processor.py:925} INFO - DAG(s) 'example_external_task_marker_parent', 'example_external_task_marker_child' retrieved from /home/munyah/.local/lib/python3.10/site-packages/airflow/example_dags/example_external_task_marker_dag.py
[2025-02-18T01:23:50.325+0200] {logging_mixin.py:190} INFO - [2025-02-18T01:23:50.325+0200] {dag.py:3239} INFO - Sync 2 DAGs
[2025-02-18T01:23:50.339+0200] {logging_mixin.py:190} INFO - [2025-02-18T01:23:50.338+0200] {dag.py:4180} INFO - Setting next_dagrun for example_external_task_marker_child to None, run_after=None
[2025-02-18T01:23:50.342+0200] {logging_mixin.py:190} INFO - [2025-02-18T01:23:50.342+0200] {dag.py:4180} INFO - Setting next_dagrun for example_external_task_marker_parent to None, run_after=None
[2025-02-18T01:23:50.361+0200] {processor.py:208} INFO - Processing /home/munyah/.local/lib/python3.10/site-packages/airflow/example_dags/example_external_task_marker_dag.py took 0.076 seconds
[2025-02-18T01:24:57.046+0200] {processor.py:186} INFO - Started process (PID=352406) to work on /home/munyah/.local/lib/python3.10/site-packages/airflow/example_dags/example_external_task_marker_dag.py
[2025-02-18T01:24:57.048+0200] {processor.py:914} INFO - Processing file /home/munyah/.local/lib/python3.10/site-packages/airflow/example_dags/example_external_task_marker_dag.py for tasks to queue
[2025-02-18T01:24:57.051+0200] {logging_mixin.py:190} INFO - [2025-02-18T01:24:57.050+0200] {dagbag.py:588} INFO - Filling up the DagBag from /home/munyah/.local/lib/python3.10/site-packages/airflow/example_dags/example_external_task_marker_dag.py
[2025-02-18T01:24:57.060+0200] {processor.py:925} INFO - DAG(s) 'example_external_task_marker_child', 'example_external_task_marker_parent' retrieved from /home/munyah/.local/lib/python3.10/site-packages/airflow/example_dags/example_external_task_marker_dag.py
[2025-02-18T01:24:57.085+0200] {logging_mixin.py:190} INFO - [2025-02-18T01:24:57.084+0200] {dag.py:3239} INFO - Sync 2 DAGs
[2025-02-18T01:24:57.100+0200] {logging_mixin.py:190} INFO - [2025-02-18T01:24:57.100+0200] {dag.py:4180} INFO - Setting next_dagrun for example_external_task_marker_child to None, run_after=None
[2025-02-18T01:24:57.104+0200] {logging_mixin.py:190} INFO - [2025-02-18T01:24:57.103+0200] {dag.py:4180} INFO - Setting next_dagrun for example_external_task_marker_parent to None, run_after=None
[2025-02-18T01:24:57.126+0200] {processor.py:208} INFO - Processing /home/munyah/.local/lib/python3.10/site-packages/airflow/example_dags/example_external_task_marker_dag.py took 0.088 seconds
[2025-02-18T01:26:01.393+0200] {processor.py:186} INFO - Started process (PID=352675) to work on /home/munyah/.local/lib/python3.10/site-packages/airflow/example_dags/example_external_task_marker_dag.py
[2025-02-18T01:26:01.394+0200] {processor.py:914} INFO - Processing file /home/munyah/.local/lib/python3.10/site-packages/airflow/example_dags/example_external_task_marker_dag.py for tasks to queue
[2025-02-18T01:26:01.398+0200] {logging_mixin.py:190} INFO - [2025-02-18T01:26:01.397+0200] {dagbag.py:588} INFO - Filling up the DagBag from /home/munyah/.local/lib/python3.10/site-packages/airflow/example_dags/example_external_task_marker_dag.py
[2025-02-18T01:26:01.408+0200] {processor.py:925} INFO - DAG(s) 'example_external_task_marker_parent', 'example_external_task_marker_child' retrieved from /home/munyah/.local/lib/python3.10/site-packages/airflow/example_dags/example_external_task_marker_dag.py
[2025-02-18T01:26:01.428+0200] {logging_mixin.py:190} INFO - [2025-02-18T01:26:01.427+0200] {dag.py:3239} INFO - Sync 2 DAGs
[2025-02-18T01:26:01.441+0200] {logging_mixin.py:190} INFO - [2025-02-18T01:26:01.441+0200] {dag.py:4180} INFO - Setting next_dagrun for example_external_task_marker_child to None, run_after=None
[2025-02-18T01:26:01.444+0200] {logging_mixin.py:190} INFO - [2025-02-18T01:26:01.444+0200] {dag.py:4180} INFO - Setting next_dagrun for example_external_task_marker_parent to None, run_after=None
[2025-02-18T01:26:01.465+0200] {processor.py:208} INFO - Processing /home/munyah/.local/lib/python3.10/site-packages/airflow/example_dags/example_external_task_marker_dag.py took 0.080 seconds
[2025-02-18T01:27:11.066+0200] {processor.py:186} INFO - Started process (PID=353083) to work on /home/munyah/.local/lib/python3.10/site-packages/airflow/example_dags/example_external_task_marker_dag.py
[2025-02-18T01:27:11.067+0200] {processor.py:914} INFO - Processing file /home/munyah/.local/lib/python3.10/site-packages/airflow/example_dags/example_external_task_marker_dag.py for tasks to queue
[2025-02-18T01:27:11.070+0200] {logging_mixin.py:190} INFO - [2025-02-18T01:27:11.070+0200] {dagbag.py:588} INFO - Filling up the DagBag from /home/munyah/.local/lib/python3.10/site-packages/airflow/example_dags/example_external_task_marker_dag.py
[2025-02-18T01:27:11.080+0200] {processor.py:925} INFO - DAG(s) 'example_external_task_marker_parent', 'example_external_task_marker_child' retrieved from /home/munyah/.local/lib/python3.10/site-packages/airflow/example_dags/example_external_task_marker_dag.py
[2025-02-18T01:27:11.101+0200] {logging_mixin.py:190} INFO - [2025-02-18T01:27:11.100+0200] {dag.py:3239} INFO - Sync 2 DAGs
[2025-02-18T01:27:11.114+0200] {logging_mixin.py:190} INFO - [2025-02-18T01:27:11.114+0200] {dag.py:4180} INFO - Setting next_dagrun for example_external_task_marker_child to None, run_after=None
[2025-02-18T01:27:11.118+0200] {logging_mixin.py:190} INFO - [2025-02-18T01:27:11.118+0200] {dag.py:4180} INFO - Setting next_dagrun for example_external_task_marker_parent to None, run_after=None
[2025-02-18T01:27:11.136+0200] {processor.py:208} INFO - Processing /home/munyah/.local/lib/python3.10/site-packages/airflow/example_dags/example_external_task_marker_dag.py took 0.077 seconds
