[2025-02-18T01:19:07.304+0200] {processor.py:186} INFO - Started process (PID=350668) to work on /home/munyah/.local/lib/python3.10/site-packages/airflow/example_dags/example_time_delta_sensor_async.py
[2025-02-18T01:19:07.305+0200] {processor.py:914} INFO - Processing file /home/munyah/.local/lib/python3.10/site-packages/airflow/example_dags/example_time_delta_sensor_async.py for tasks to queue
[2025-02-18T01:19:07.308+0200] {logging_mixin.py:190} INFO - [2025-02-18T01:19:07.308+0200] {dagbag.py:588} INFO - Filling up the DagBag from /home/munyah/.local/lib/python3.10/site-packages/airflow/example_dags/example_time_delta_sensor_async.py
[2025-02-18T01:19:07.318+0200] {processor.py:925} INFO - DAG(s) 'example_time_delta_sensor_async' retrieved from /home/munyah/.local/lib/python3.10/site-packages/airflow/example_dags/example_time_delta_sensor_async.py
[2025-02-18T01:19:07.342+0200] {logging_mixin.py:190} INFO - [2025-02-18T01:19:07.341+0200] {dag.py:3239} INFO - Sync 1 DAGs
[2025-02-18T01:19:07.358+0200] {logging_mixin.py:190} INFO - [2025-02-18T01:19:07.358+0200] {dag.py:4180} INFO - Setting next_dagrun for example_time_delta_sensor_async to None, run_after=None
[2025-02-18T01:19:07.381+0200] {processor.py:208} INFO - Processing /home/munyah/.local/lib/python3.10/site-packages/airflow/example_dags/example_time_delta_sensor_async.py took 0.086 seconds
[2025-02-18T01:20:49.505+0200] {processor.py:186} INFO - Started process (PID=351028) to work on /home/munyah/.local/lib/python3.10/site-packages/airflow/example_dags/example_time_delta_sensor_async.py
[2025-02-18T01:20:49.506+0200] {processor.py:914} INFO - Processing file /home/munyah/.local/lib/python3.10/site-packages/airflow/example_dags/example_time_delta_sensor_async.py for tasks to queue
[2025-02-18T01:20:49.509+0200] {logging_mixin.py:190} INFO - [2025-02-18T01:20:49.508+0200] {dagbag.py:588} INFO - Filling up the DagBag from /home/munyah/.local/lib/python3.10/site-packages/airflow/example_dags/example_time_delta_sensor_async.py
[2025-02-18T01:20:49.517+0200] {processor.py:925} INFO - DAG(s) 'example_time_delta_sensor_async' retrieved from /home/munyah/.local/lib/python3.10/site-packages/airflow/example_dags/example_time_delta_sensor_async.py
[2025-02-18T01:20:49.535+0200] {logging_mixin.py:190} INFO - [2025-02-18T01:20:49.534+0200] {dag.py:3239} INFO - Sync 1 DAGs
[2025-02-18T01:20:49.550+0200] {logging_mixin.py:190} INFO - [2025-02-18T01:20:49.550+0200] {dag.py:4180} INFO - Setting next_dagrun for example_time_delta_sensor_async to None, run_after=None
[2025-02-18T01:20:49.574+0200] {processor.py:208} INFO - Processing /home/munyah/.local/lib/python3.10/site-packages/airflow/example_dags/example_time_delta_sensor_async.py took 0.077 seconds
[2025-02-18T01:21:59.231+0200] {processor.py:186} INFO - Started process (PID=351307) to work on /home/munyah/.local/lib/python3.10/site-packages/airflow/example_dags/example_time_delta_sensor_async.py
[2025-02-18T01:21:59.233+0200] {processor.py:914} INFO - Processing file /home/munyah/.local/lib/python3.10/site-packages/airflow/example_dags/example_time_delta_sensor_async.py for tasks to queue
[2025-02-18T01:21:59.235+0200] {logging_mixin.py:190} INFO - [2025-02-18T01:21:59.235+0200] {dagbag.py:588} INFO - Filling up the DagBag from /home/munyah/.local/lib/python3.10/site-packages/airflow/example_dags/example_time_delta_sensor_async.py
[2025-02-18T01:21:59.244+0200] {processor.py:925} INFO - DAG(s) 'example_time_delta_sensor_async' retrieved from /home/munyah/.local/lib/python3.10/site-packages/airflow/example_dags/example_time_delta_sensor_async.py
[2025-02-18T01:21:59.260+0200] {logging_mixin.py:190} INFO - [2025-02-18T01:21:59.260+0200] {dag.py:3239} INFO - Sync 1 DAGs
[2025-02-18T01:21:59.274+0200] {logging_mixin.py:190} INFO - [2025-02-18T01:21:59.274+0200] {dag.py:4180} INFO - Setting next_dagrun for example_time_delta_sensor_async to None, run_after=None
[2025-02-18T01:21:59.429+0200] {processor.py:208} INFO - Processing /home/munyah/.local/lib/python3.10/site-packages/airflow/example_dags/example_time_delta_sensor_async.py took 0.204 seconds
[2025-02-18T01:23:06.235+0200] {processor.py:186} INFO - Started process (PID=352067) to work on /home/munyah/.local/lib/python3.10/site-packages/airflow/example_dags/example_time_delta_sensor_async.py
[2025-02-18T01:23:06.237+0200] {processor.py:914} INFO - Processing file /home/munyah/.local/lib/python3.10/site-packages/airflow/example_dags/example_time_delta_sensor_async.py for tasks to queue
[2025-02-18T01:23:06.240+0200] {logging_mixin.py:190} INFO - [2025-02-18T01:23:06.239+0200] {dagbag.py:588} INFO - Filling up the DagBag from /home/munyah/.local/lib/python3.10/site-packages/airflow/example_dags/example_time_delta_sensor_async.py
[2025-02-18T01:23:06.248+0200] {processor.py:925} INFO - DAG(s) 'example_time_delta_sensor_async' retrieved from /home/munyah/.local/lib/python3.10/site-packages/airflow/example_dags/example_time_delta_sensor_async.py
[2025-02-18T01:23:06.264+0200] {logging_mixin.py:190} INFO - [2025-02-18T01:23:06.264+0200] {dag.py:3239} INFO - Sync 1 DAGs
[2025-02-18T01:23:06.278+0200] {logging_mixin.py:190} INFO - [2025-02-18T01:23:06.278+0200] {dag.py:4180} INFO - Setting next_dagrun for example_time_delta_sensor_async to None, run_after=None
[2025-02-18T01:23:06.426+0200] {processor.py:208} INFO - Processing /home/munyah/.local/lib/python3.10/site-packages/airflow/example_dags/example_time_delta_sensor_async.py took 0.198 seconds
[2025-02-18T01:24:21.210+0200] {processor.py:186} INFO - Started process (PID=352285) to work on /home/munyah/.local/lib/python3.10/site-packages/airflow/example_dags/example_time_delta_sensor_async.py
[2025-02-18T01:24:21.212+0200] {processor.py:914} INFO - Processing file /home/munyah/.local/lib/python3.10/site-packages/airflow/example_dags/example_time_delta_sensor_async.py for tasks to queue
[2025-02-18T01:24:21.217+0200] {logging_mixin.py:190} INFO - [2025-02-18T01:24:21.216+0200] {dagbag.py:588} INFO - Filling up the DagBag from /home/munyah/.local/lib/python3.10/site-packages/airflow/example_dags/example_time_delta_sensor_async.py
[2025-02-18T01:24:21.229+0200] {processor.py:925} INFO - DAG(s) 'example_time_delta_sensor_async' retrieved from /home/munyah/.local/lib/python3.10/site-packages/airflow/example_dags/example_time_delta_sensor_async.py
[2025-02-18T01:24:21.246+0200] {logging_mixin.py:190} INFO - [2025-02-18T01:24:21.246+0200] {dag.py:3239} INFO - Sync 1 DAGs
[2025-02-18T01:24:21.261+0200] {logging_mixin.py:190} INFO - [2025-02-18T01:24:21.260+0200] {dag.py:4180} INFO - Setting next_dagrun for example_time_delta_sensor_async to None, run_after=None
[2025-02-18T01:24:21.281+0200] {processor.py:208} INFO - Processing /home/munyah/.local/lib/python3.10/site-packages/airflow/example_dags/example_time_delta_sensor_async.py took 0.082 seconds
[2025-02-18T01:25:26.307+0200] {processor.py:186} INFO - Started process (PID=352492) to work on /home/munyah/.local/lib/python3.10/site-packages/airflow/example_dags/example_time_delta_sensor_async.py
[2025-02-18T01:25:26.309+0200] {processor.py:914} INFO - Processing file /home/munyah/.local/lib/python3.10/site-packages/airflow/example_dags/example_time_delta_sensor_async.py for tasks to queue
[2025-02-18T01:25:26.312+0200] {logging_mixin.py:190} INFO - [2025-02-18T01:25:26.311+0200] {dagbag.py:588} INFO - Filling up the DagBag from /home/munyah/.local/lib/python3.10/site-packages/airflow/example_dags/example_time_delta_sensor_async.py
[2025-02-18T01:25:26.320+0200] {processor.py:925} INFO - DAG(s) 'example_time_delta_sensor_async' retrieved from /home/munyah/.local/lib/python3.10/site-packages/airflow/example_dags/example_time_delta_sensor_async.py
[2025-02-18T01:25:26.337+0200] {logging_mixin.py:190} INFO - [2025-02-18T01:25:26.336+0200] {dag.py:3239} INFO - Sync 1 DAGs
[2025-02-18T01:25:26.350+0200] {logging_mixin.py:190} INFO - [2025-02-18T01:25:26.349+0200] {dag.py:4180} INFO - Setting next_dagrun for example_time_delta_sensor_async to None, run_after=None
[2025-02-18T01:25:26.370+0200] {processor.py:208} INFO - Processing /home/munyah/.local/lib/python3.10/site-packages/airflow/example_dags/example_time_delta_sensor_async.py took 0.071 seconds
[2025-02-18T01:26:33.580+0200] {processor.py:186} INFO - Started process (PID=352865) to work on /home/munyah/.local/lib/python3.10/site-packages/airflow/example_dags/example_time_delta_sensor_async.py
[2025-02-18T01:26:33.582+0200] {processor.py:914} INFO - Processing file /home/munyah/.local/lib/python3.10/site-packages/airflow/example_dags/example_time_delta_sensor_async.py for tasks to queue
[2025-02-18T01:26:33.585+0200] {logging_mixin.py:190} INFO - [2025-02-18T01:26:33.585+0200] {dagbag.py:588} INFO - Filling up the DagBag from /home/munyah/.local/lib/python3.10/site-packages/airflow/example_dags/example_time_delta_sensor_async.py
[2025-02-18T01:26:33.594+0200] {processor.py:925} INFO - DAG(s) 'example_time_delta_sensor_async' retrieved from /home/munyah/.local/lib/python3.10/site-packages/airflow/example_dags/example_time_delta_sensor_async.py
[2025-02-18T01:26:33.737+0200] {logging_mixin.py:190} INFO - [2025-02-18T01:26:33.737+0200] {dag.py:3239} INFO - Sync 1 DAGs
[2025-02-18T01:26:33.755+0200] {logging_mixin.py:190} INFO - [2025-02-18T01:26:33.754+0200] {dag.py:4180} INFO - Setting next_dagrun for example_time_delta_sensor_async to None, run_after=None
[2025-02-18T01:26:33.776+0200] {processor.py:208} INFO - Processing /home/munyah/.local/lib/python3.10/site-packages/airflow/example_dags/example_time_delta_sensor_async.py took 0.203 seconds
