[2025-02-18T01:19:18.675+0200] {processor.py:186} INFO - Started process (PID=350701) to work on /home/munyah/.local/lib/python3.10/site-packages/airflow/example_dags/example_params_ui_tutorial.py
[2025-02-18T01:19:18.676+0200] {processor.py:914} INFO - Processing file /home/munyah/.local/lib/python3.10/site-packages/airflow/example_dags/example_params_ui_tutorial.py for tasks to queue
[2025-02-18T01:19:18.680+0200] {logging_mixin.py:190} INFO - [2025-02-18T01:19:18.680+0200] {dagbag.py:588} INFO - Filling up the DagBag from /home/munyah/.local/lib/python3.10/site-packages/airflow/example_dags/example_params_ui_tutorial.py
[2025-02-18T01:19:18.692+0200] {processor.py:925} INFO - DAG(s) 'example_params_ui_tutorial' retrieved from /home/munyah/.local/lib/python3.10/site-packages/airflow/example_dags/example_params_ui_tutorial.py
[2025-02-18T01:19:18.832+0200] {logging_mixin.py:190} INFO - [2025-02-18T01:19:18.831+0200] {dag.py:3239} INFO - Sync 1 DAGs
[2025-02-18T01:19:18.982+0200] {logging_mixin.py:190} INFO - [2025-02-18T01:19:18.981+0200] {dag.py:4180} INFO - Setting next_dagrun for example_params_ui_tutorial to None, run_after=None
[2025-02-18T01:19:19.011+0200] {processor.py:208} INFO - Processing /home/munyah/.local/lib/python3.10/site-packages/airflow/example_dags/example_params_ui_tutorial.py took 0.343 seconds
[2025-02-18T01:21:02.897+0200] {processor.py:186} INFO - Started process (PID=351065) to work on /home/munyah/.local/lib/python3.10/site-packages/airflow/example_dags/example_params_ui_tutorial.py
[2025-02-18T01:21:02.898+0200] {processor.py:914} INFO - Processing file /home/munyah/.local/lib/python3.10/site-packages/airflow/example_dags/example_params_ui_tutorial.py for tasks to queue
[2025-02-18T01:21:02.900+0200] {logging_mixin.py:190} INFO - [2025-02-18T01:21:02.900+0200] {dagbag.py:588} INFO - Filling up the DagBag from /home/munyah/.local/lib/python3.10/site-packages/airflow/example_dags/example_params_ui_tutorial.py
[2025-02-18T01:21:02.912+0200] {processor.py:925} INFO - DAG(s) 'example_params_ui_tutorial' retrieved from /home/munyah/.local/lib/python3.10/site-packages/airflow/example_dags/example_params_ui_tutorial.py
[2025-02-18T01:21:02.966+0200] {logging_mixin.py:190} INFO - [2025-02-18T01:21:02.965+0200] {dag.py:3239} INFO - Sync 1 DAGs
[2025-02-18T01:21:02.981+0200] {logging_mixin.py:190} INFO - [2025-02-18T01:21:02.981+0200] {dag.py:4180} INFO - Setting next_dagrun for example_params_ui_tutorial to None, run_after=None
[2025-02-18T01:21:03.006+0200] {processor.py:208} INFO - Processing /home/munyah/.local/lib/python3.10/site-packages/airflow/example_dags/example_params_ui_tutorial.py took 0.117 seconds
[2025-02-18T01:22:11.779+0200] {processor.py:186} INFO - Started process (PID=351593) to work on /home/munyah/.local/lib/python3.10/site-packages/airflow/example_dags/example_params_ui_tutorial.py
[2025-02-18T01:22:11.813+0200] {processor.py:914} INFO - Processing file /home/munyah/.local/lib/python3.10/site-packages/airflow/example_dags/example_params_ui_tutorial.py for tasks to queue
[2025-02-18T01:22:11.817+0200] {logging_mixin.py:190} INFO - [2025-02-18T01:22:11.816+0200] {dagbag.py:588} INFO - Filling up the DagBag from /home/munyah/.local/lib/python3.10/site-packages/airflow/example_dags/example_params_ui_tutorial.py
[2025-02-18T01:22:11.838+0200] {processor.py:925} INFO - DAG(s) 'example_params_ui_tutorial' retrieved from /home/munyah/.local/lib/python3.10/site-packages/airflow/example_dags/example_params_ui_tutorial.py
[2025-02-18T01:22:11.949+0200] {logging_mixin.py:190} INFO - [2025-02-18T01:22:11.949+0200] {dag.py:3239} INFO - Sync 1 DAGs
[2025-02-18T01:22:11.974+0200] {logging_mixin.py:190} INFO - [2025-02-18T01:22:11.974+0200] {dag.py:4180} INFO - Setting next_dagrun for example_params_ui_tutorial to None, run_after=None
[2025-02-18T01:22:12.022+0200] {processor.py:208} INFO - Processing /home/munyah/.local/lib/python3.10/site-packages/airflow/example_dags/example_params_ui_tutorial.py took 0.255 seconds
[2025-02-18T01:23:22.074+0200] {processor.py:186} INFO - Started process (PID=352109) to work on /home/munyah/.local/lib/python3.10/site-packages/airflow/example_dags/example_params_ui_tutorial.py
[2025-02-18T01:23:22.076+0200] {processor.py:914} INFO - Processing file /home/munyah/.local/lib/python3.10/site-packages/airflow/example_dags/example_params_ui_tutorial.py for tasks to queue
[2025-02-18T01:23:22.080+0200] {logging_mixin.py:190} INFO - [2025-02-18T01:23:22.079+0200] {dagbag.py:588} INFO - Filling up the DagBag from /home/munyah/.local/lib/python3.10/site-packages/airflow/example_dags/example_params_ui_tutorial.py
[2025-02-18T01:23:22.095+0200] {processor.py:925} INFO - DAG(s) 'example_params_ui_tutorial' retrieved from /home/munyah/.local/lib/python3.10/site-packages/airflow/example_dags/example_params_ui_tutorial.py
[2025-02-18T01:23:22.165+0200] {logging_mixin.py:190} INFO - [2025-02-18T01:23:22.165+0200] {dag.py:3239} INFO - Sync 1 DAGs
[2025-02-18T01:23:22.179+0200] {logging_mixin.py:190} INFO - [2025-02-18T01:23:22.179+0200] {dag.py:4180} INFO - Setting next_dagrun for example_params_ui_tutorial to None, run_after=None
[2025-02-18T01:23:22.206+0200] {processor.py:208} INFO - Processing /home/munyah/.local/lib/python3.10/site-packages/airflow/example_dags/example_params_ui_tutorial.py took 0.142 seconds
[2025-02-18T01:24:32.664+0200] {processor.py:186} INFO - Started process (PID=352332) to work on /home/munyah/.local/lib/python3.10/site-packages/airflow/example_dags/example_params_ui_tutorial.py
[2025-02-18T01:24:32.666+0200] {processor.py:914} INFO - Processing file /home/munyah/.local/lib/python3.10/site-packages/airflow/example_dags/example_params_ui_tutorial.py for tasks to queue
[2025-02-18T01:24:32.670+0200] {logging_mixin.py:190} INFO - [2025-02-18T01:24:32.669+0200] {dagbag.py:588} INFO - Filling up the DagBag from /home/munyah/.local/lib/python3.10/site-packages/airflow/example_dags/example_params_ui_tutorial.py
[2025-02-18T01:24:32.684+0200] {processor.py:925} INFO - DAG(s) 'example_params_ui_tutorial' retrieved from /home/munyah/.local/lib/python3.10/site-packages/airflow/example_dags/example_params_ui_tutorial.py
[2025-02-18T01:24:32.730+0200] {logging_mixin.py:190} INFO - [2025-02-18T01:24:32.730+0200] {dag.py:3239} INFO - Sync 1 DAGs
[2025-02-18T01:24:32.744+0200] {logging_mixin.py:190} INFO - [2025-02-18T01:24:32.744+0200] {dag.py:4180} INFO - Setting next_dagrun for example_params_ui_tutorial to None, run_after=None
[2025-02-18T01:24:32.764+0200] {processor.py:208} INFO - Processing /home/munyah/.local/lib/python3.10/site-packages/airflow/example_dags/example_params_ui_tutorial.py took 0.111 seconds
[2025-02-18T01:25:37.996+0200] {processor.py:186} INFO - Started process (PID=352573) to work on /home/munyah/.local/lib/python3.10/site-packages/airflow/example_dags/example_params_ui_tutorial.py
[2025-02-18T01:25:37.997+0200] {processor.py:914} INFO - Processing file /home/munyah/.local/lib/python3.10/site-packages/airflow/example_dags/example_params_ui_tutorial.py for tasks to queue
[2025-02-18T01:25:38.000+0200] {logging_mixin.py:190} INFO - [2025-02-18T01:25:37.999+0200] {dagbag.py:588} INFO - Filling up the DagBag from /home/munyah/.local/lib/python3.10/site-packages/airflow/example_dags/example_params_ui_tutorial.py
[2025-02-18T01:25:38.014+0200] {processor.py:925} INFO - DAG(s) 'example_params_ui_tutorial' retrieved from /home/munyah/.local/lib/python3.10/site-packages/airflow/example_dags/example_params_ui_tutorial.py
[2025-02-18T01:25:38.060+0200] {logging_mixin.py:190} INFO - [2025-02-18T01:25:38.059+0200] {dag.py:3239} INFO - Sync 1 DAGs
[2025-02-18T01:25:38.072+0200] {logging_mixin.py:190} INFO - [2025-02-18T01:25:38.072+0200] {dag.py:4180} INFO - Setting next_dagrun for example_params_ui_tutorial to None, run_after=None
[2025-02-18T01:25:38.092+0200] {processor.py:208} INFO - Processing /home/munyah/.local/lib/python3.10/site-packages/airflow/example_dags/example_params_ui_tutorial.py took 0.104 seconds
[2025-02-18T01:26:46.670+0200] {processor.py:186} INFO - Started process (PID=352936) to work on /home/munyah/.local/lib/python3.10/site-packages/airflow/example_dags/example_params_ui_tutorial.py
[2025-02-18T01:26:46.671+0200] {processor.py:914} INFO - Processing file /home/munyah/.local/lib/python3.10/site-packages/airflow/example_dags/example_params_ui_tutorial.py for tasks to queue
[2025-02-18T01:26:46.673+0200] {logging_mixin.py:190} INFO - [2025-02-18T01:26:46.673+0200] {dagbag.py:588} INFO - Filling up the DagBag from /home/munyah/.local/lib/python3.10/site-packages/airflow/example_dags/example_params_ui_tutorial.py
[2025-02-18T01:26:46.684+0200] {processor.py:925} INFO - DAG(s) 'example_params_ui_tutorial' retrieved from /home/munyah/.local/lib/python3.10/site-packages/airflow/example_dags/example_params_ui_tutorial.py
[2025-02-18T01:26:46.731+0200] {logging_mixin.py:190} INFO - [2025-02-18T01:26:46.730+0200] {dag.py:3239} INFO - Sync 1 DAGs
[2025-02-18T01:26:46.744+0200] {logging_mixin.py:190} INFO - [2025-02-18T01:26:46.744+0200] {dag.py:4180} INFO - Setting next_dagrun for example_params_ui_tutorial to None, run_after=None
[2025-02-18T01:26:46.767+0200] {processor.py:208} INFO - Processing /home/munyah/.local/lib/python3.10/site-packages/airflow/example_dags/example_params_ui_tutorial.py took 0.105 seconds
