[2025-02-18T01:20:17.418+0200] {processor.py:186} INFO - Started process (PID=350933) to work on /home/munyah/.local/lib/python3.10/site-packages/airflow/example_dags/example_datasets.py
[2025-02-18T01:20:17.419+0200] {processor.py:914} INFO - Processing file /home/munyah/.local/lib/python3.10/site-packages/airflow/example_dags/example_datasets.py for tasks to queue
[2025-02-18T01:20:17.422+0200] {logging_mixin.py:190} INFO - [2025-02-18T01:20:17.421+0200] {dagbag.py:588} INFO - Filling up the DagBag from /home/munyah/.local/lib/python3.10/site-packages/airflow/example_dags/example_datasets.py
[2025-02-18T01:20:17.441+0200] {processor.py:925} INFO - DAG(s) 'dataset_consumes_1_never_scheduled', 'dataset_produces_1', 'dataset_consumes_unknown_never_scheduled', 'conditional_dataset_and_time_based_timetable', 'consume_1_and_2_with_dataset_expressions', 'dataset_consumes_1', 'dataset_produces_2', 'consume_1_or_both_2_and_3_with_dataset_expressions', 'consume_1_or_2_with_dataset_expressions', 'dataset_consumes_1_and_2' retrieved from /home/munyah/.local/lib/python3.10/site-packages/airflow/example_dags/example_datasets.py
[2025-02-18T01:20:17.486+0200] {logging_mixin.py:190} INFO - [2025-02-18T01:20:17.486+0200] {dag.py:3239} INFO - Sync 10 DAGs
[2025-02-18T01:20:17.515+0200] {logging_mixin.py:190} INFO - [2025-02-18T01:20:17.514+0200] {dag.py:4180} INFO - Setting next_dagrun for conditional_dataset_and_time_based_timetable to 2025-02-12 01:00:00+00:00, run_after=2025-02-12 01:00:00+00:00
[2025-02-18T01:20:17.518+0200] {logging_mixin.py:190} INFO - [2025-02-18T01:20:17.518+0200] {dag.py:4180} INFO - Setting next_dagrun for consume_1_and_2_with_dataset_expressions to None, run_after=None
[2025-02-18T01:20:17.520+0200] {logging_mixin.py:190} INFO - [2025-02-18T01:20:17.519+0200] {dag.py:4180} INFO - Setting next_dagrun for consume_1_or_2_with_dataset_expressions to None, run_after=None
[2025-02-18T01:20:17.521+0200] {logging_mixin.py:190} INFO - [2025-02-18T01:20:17.520+0200] {dag.py:4180} INFO - Setting next_dagrun for consume_1_or_both_2_and_3_with_dataset_expressions to None, run_after=None
[2025-02-18T01:20:17.522+0200] {logging_mixin.py:190} INFO - [2025-02-18T01:20:17.521+0200] {dag.py:4180} INFO - Setting next_dagrun for dataset_consumes_1 to None, run_after=None
[2025-02-18T01:20:17.523+0200] {logging_mixin.py:190} INFO - [2025-02-18T01:20:17.522+0200] {dag.py:4180} INFO - Setting next_dagrun for dataset_consumes_1_and_2 to None, run_after=None
[2025-02-18T01:20:17.524+0200] {logging_mixin.py:190} INFO - [2025-02-18T01:20:17.523+0200] {dag.py:4180} INFO - Setting next_dagrun for dataset_consumes_1_never_scheduled to None, run_after=None
[2025-02-18T01:20:17.525+0200] {logging_mixin.py:190} INFO - [2025-02-18T01:20:17.524+0200] {dag.py:4180} INFO - Setting next_dagrun for dataset_consumes_unknown_never_scheduled to None, run_after=None
[2025-02-18T01:20:17.528+0200] {logging_mixin.py:190} INFO - [2025-02-18T01:20:17.527+0200] {dag.py:4180} INFO - Setting next_dagrun for dataset_produces_1 to 2025-02-16 00:00:00+00:00, run_after=2025-02-17 00:00:00+00:00
[2025-02-18T01:20:17.529+0200] {logging_mixin.py:190} INFO - [2025-02-18T01:20:17.529+0200] {dag.py:4180} INFO - Setting next_dagrun for dataset_produces_2 to None, run_after=None
[2025-02-18T01:20:17.566+0200] {processor.py:208} INFO - Processing /home/munyah/.local/lib/python3.10/site-packages/airflow/example_dags/example_datasets.py took 0.155 seconds
[2025-02-18T01:21:32.826+0200] {processor.py:186} INFO - Started process (PID=351164) to work on /home/munyah/.local/lib/python3.10/site-packages/airflow/example_dags/example_datasets.py
[2025-02-18T01:21:32.828+0200] {processor.py:914} INFO - Processing file /home/munyah/.local/lib/python3.10/site-packages/airflow/example_dags/example_datasets.py for tasks to queue
[2025-02-18T01:21:32.830+0200] {logging_mixin.py:190} INFO - [2025-02-18T01:21:32.830+0200] {dagbag.py:588} INFO - Filling up the DagBag from /home/munyah/.local/lib/python3.10/site-packages/airflow/example_dags/example_datasets.py
[2025-02-18T01:21:32.849+0200] {processor.py:925} INFO - DAG(s) 'dataset_produces_2', 'dataset_consumes_1', 'dataset_produces_1', 'conditional_dataset_and_time_based_timetable', 'dataset_consumes_1_never_scheduled', 'dataset_consumes_unknown_never_scheduled', 'consume_1_and_2_with_dataset_expressions', 'consume_1_or_2_with_dataset_expressions', 'dataset_consumes_1_and_2', 'consume_1_or_both_2_and_3_with_dataset_expressions' retrieved from /home/munyah/.local/lib/python3.10/site-packages/airflow/example_dags/example_datasets.py
[2025-02-18T01:21:32.887+0200] {logging_mixin.py:190} INFO - [2025-02-18T01:21:32.886+0200] {dag.py:3239} INFO - Sync 10 DAGs
[2025-02-18T01:21:32.913+0200] {logging_mixin.py:190} INFO - [2025-02-18T01:21:32.913+0200] {dag.py:4180} INFO - Setting next_dagrun for conditional_dataset_and_time_based_timetable to 2025-02-12 01:00:00+00:00, run_after=2025-02-12 01:00:00+00:00
[2025-02-18T01:21:32.917+0200] {logging_mixin.py:190} INFO - [2025-02-18T01:21:32.916+0200] {dag.py:4180} INFO - Setting next_dagrun for consume_1_and_2_with_dataset_expressions to None, run_after=None
[2025-02-18T01:21:32.918+0200] {logging_mixin.py:190} INFO - [2025-02-18T01:21:32.918+0200] {dag.py:4180} INFO - Setting next_dagrun for consume_1_or_2_with_dataset_expressions to None, run_after=None
[2025-02-18T01:21:32.919+0200] {logging_mixin.py:190} INFO - [2025-02-18T01:21:32.919+0200] {dag.py:4180} INFO - Setting next_dagrun for consume_1_or_both_2_and_3_with_dataset_expressions to None, run_after=None
[2025-02-18T01:21:32.920+0200] {logging_mixin.py:190} INFO - [2025-02-18T01:21:32.920+0200] {dag.py:4180} INFO - Setting next_dagrun for dataset_consumes_1 to None, run_after=None
[2025-02-18T01:21:32.921+0200] {logging_mixin.py:190} INFO - [2025-02-18T01:21:32.921+0200] {dag.py:4180} INFO - Setting next_dagrun for dataset_consumes_1_and_2 to None, run_after=None
[2025-02-18T01:21:32.924+0200] {logging_mixin.py:190} INFO - [2025-02-18T01:21:32.923+0200] {dag.py:4180} INFO - Setting next_dagrun for dataset_consumes_1_never_scheduled to None, run_after=None
[2025-02-18T01:21:32.926+0200] {logging_mixin.py:190} INFO - [2025-02-18T01:21:32.925+0200] {dag.py:4180} INFO - Setting next_dagrun for dataset_consumes_unknown_never_scheduled to None, run_after=None
[2025-02-18T01:21:32.929+0200] {logging_mixin.py:190} INFO - [2025-02-18T01:21:32.928+0200] {dag.py:4180} INFO - Setting next_dagrun for dataset_produces_1 to 2025-02-16 00:00:00+00:00, run_after=2025-02-17 00:00:00+00:00
[2025-02-18T01:21:32.930+0200] {logging_mixin.py:190} INFO - [2025-02-18T01:21:32.929+0200] {dag.py:4180} INFO - Setting next_dagrun for dataset_produces_2 to None, run_after=None
[2025-02-18T01:21:33.101+0200] {processor.py:208} INFO - Processing /home/munyah/.local/lib/python3.10/site-packages/airflow/example_dags/example_datasets.py took 0.283 seconds
[2025-02-18T01:22:42.651+0200] {processor.py:186} INFO - Started process (PID=351908) to work on /home/munyah/.local/lib/python3.10/site-packages/airflow/example_dags/example_datasets.py
[2025-02-18T01:22:42.652+0200] {processor.py:914} INFO - Processing file /home/munyah/.local/lib/python3.10/site-packages/airflow/example_dags/example_datasets.py for tasks to queue
[2025-02-18T01:22:42.656+0200] {logging_mixin.py:190} INFO - [2025-02-18T01:22:42.655+0200] {dagbag.py:588} INFO - Filling up the DagBag from /home/munyah/.local/lib/python3.10/site-packages/airflow/example_dags/example_datasets.py
[2025-02-18T01:22:42.678+0200] {processor.py:925} INFO - DAG(s) 'consume_1_or_2_with_dataset_expressions', 'consume_1_and_2_with_dataset_expressions', 'dataset_consumes_1', 'dataset_consumes_1_and_2', 'dataset_consumes_1_never_scheduled', 'dataset_consumes_unknown_never_scheduled', 'conditional_dataset_and_time_based_timetable', 'dataset_produces_1', 'dataset_produces_2', 'consume_1_or_both_2_and_3_with_dataset_expressions' retrieved from /home/munyah/.local/lib/python3.10/site-packages/airflow/example_dags/example_datasets.py
[2025-02-18T01:22:42.715+0200] {logging_mixin.py:190} INFO - [2025-02-18T01:22:42.715+0200] {dag.py:3239} INFO - Sync 10 DAGs
[2025-02-18T01:22:42.740+0200] {logging_mixin.py:190} INFO - [2025-02-18T01:22:42.740+0200] {dag.py:4180} INFO - Setting next_dagrun for conditional_dataset_and_time_based_timetable to 2025-02-12 01:00:00+00:00, run_after=2025-02-12 01:00:00+00:00
[2025-02-18T01:22:42.744+0200] {logging_mixin.py:190} INFO - [2025-02-18T01:22:42.744+0200] {dag.py:4180} INFO - Setting next_dagrun for consume_1_and_2_with_dataset_expressions to None, run_after=None
[2025-02-18T01:22:42.745+0200] {logging_mixin.py:190} INFO - [2025-02-18T01:22:42.745+0200] {dag.py:4180} INFO - Setting next_dagrun for consume_1_or_2_with_dataset_expressions to None, run_after=None
[2025-02-18T01:22:42.747+0200] {logging_mixin.py:190} INFO - [2025-02-18T01:22:42.746+0200] {dag.py:4180} INFO - Setting next_dagrun for consume_1_or_both_2_and_3_with_dataset_expressions to None, run_after=None
[2025-02-18T01:22:42.748+0200] {logging_mixin.py:190} INFO - [2025-02-18T01:22:42.747+0200] {dag.py:4180} INFO - Setting next_dagrun for dataset_consumes_1 to None, run_after=None
[2025-02-18T01:22:42.748+0200] {logging_mixin.py:190} INFO - [2025-02-18T01:22:42.748+0200] {dag.py:4180} INFO - Setting next_dagrun for dataset_consumes_1_and_2 to None, run_after=None
[2025-02-18T01:22:42.749+0200] {logging_mixin.py:190} INFO - [2025-02-18T01:22:42.749+0200] {dag.py:4180} INFO - Setting next_dagrun for dataset_consumes_1_never_scheduled to None, run_after=None
[2025-02-18T01:22:42.750+0200] {logging_mixin.py:190} INFO - [2025-02-18T01:22:42.750+0200] {dag.py:4180} INFO - Setting next_dagrun for dataset_consumes_unknown_never_scheduled to None, run_after=None
[2025-02-18T01:22:42.877+0200] {logging_mixin.py:190} INFO - [2025-02-18T01:22:42.877+0200] {dag.py:4180} INFO - Setting next_dagrun for dataset_produces_1 to 2025-02-16 00:00:00+00:00, run_after=2025-02-17 00:00:00+00:00
[2025-02-18T01:22:42.880+0200] {logging_mixin.py:190} INFO - [2025-02-18T01:22:42.880+0200] {dag.py:4180} INFO - Setting next_dagrun for dataset_produces_2 to None, run_after=None
[2025-02-18T01:22:42.924+0200] {processor.py:208} INFO - Processing /home/munyah/.local/lib/python3.10/site-packages/airflow/example_dags/example_datasets.py took 0.284 seconds
[2025-02-18T01:23:55.982+0200] {processor.py:186} INFO - Started process (PID=352214) to work on /home/munyah/.local/lib/python3.10/site-packages/airflow/example_dags/example_datasets.py
[2025-02-18T01:23:55.984+0200] {processor.py:914} INFO - Processing file /home/munyah/.local/lib/python3.10/site-packages/airflow/example_dags/example_datasets.py for tasks to queue
[2025-02-18T01:23:55.989+0200] {logging_mixin.py:190} INFO - [2025-02-18T01:23:55.988+0200] {dagbag.py:588} INFO - Filling up the DagBag from /home/munyah/.local/lib/python3.10/site-packages/airflow/example_dags/example_datasets.py
[2025-02-18T01:23:56.022+0200] {processor.py:925} INFO - DAG(s) 'consume_1_or_2_with_dataset_expressions', 'dataset_consumes_unknown_never_scheduled', 'consume_1_and_2_with_dataset_expressions', 'dataset_produces_1', 'dataset_consumes_1_and_2', 'dataset_consumes_1', 'dataset_produces_2', 'dataset_consumes_1_never_scheduled', 'consume_1_or_both_2_and_3_with_dataset_expressions', 'conditional_dataset_and_time_based_timetable' retrieved from /home/munyah/.local/lib/python3.10/site-packages/airflow/example_dags/example_datasets.py
[2025-02-18T01:23:56.066+0200] {logging_mixin.py:190} INFO - [2025-02-18T01:23:56.065+0200] {dag.py:3239} INFO - Sync 10 DAGs
[2025-02-18T01:23:56.222+0200] {logging_mixin.py:190} INFO - [2025-02-18T01:23:56.222+0200] {dag.py:4180} INFO - Setting next_dagrun for conditional_dataset_and_time_based_timetable to 2025-02-12 01:00:00+00:00, run_after=2025-02-12 01:00:00+00:00
[2025-02-18T01:23:56.228+0200] {logging_mixin.py:190} INFO - [2025-02-18T01:23:56.227+0200] {dag.py:4180} INFO - Setting next_dagrun for consume_1_and_2_with_dataset_expressions to None, run_after=None
[2025-02-18T01:23:56.229+0200] {logging_mixin.py:190} INFO - [2025-02-18T01:23:56.229+0200] {dag.py:4180} INFO - Setting next_dagrun for consume_1_or_2_with_dataset_expressions to None, run_after=None
[2025-02-18T01:23:56.231+0200] {logging_mixin.py:190} INFO - [2025-02-18T01:23:56.231+0200] {dag.py:4180} INFO - Setting next_dagrun for consume_1_or_both_2_and_3_with_dataset_expressions to None, run_after=None
[2025-02-18T01:23:56.232+0200] {logging_mixin.py:190} INFO - [2025-02-18T01:23:56.232+0200] {dag.py:4180} INFO - Setting next_dagrun for dataset_consumes_1 to None, run_after=None
[2025-02-18T01:23:56.234+0200] {logging_mixin.py:190} INFO - [2025-02-18T01:23:56.233+0200] {dag.py:4180} INFO - Setting next_dagrun for dataset_consumes_1_and_2 to None, run_after=None
[2025-02-18T01:23:56.235+0200] {logging_mixin.py:190} INFO - [2025-02-18T01:23:56.235+0200] {dag.py:4180} INFO - Setting next_dagrun for dataset_consumes_1_never_scheduled to None, run_after=None
[2025-02-18T01:23:56.236+0200] {logging_mixin.py:190} INFO - [2025-02-18T01:23:56.236+0200] {dag.py:4180} INFO - Setting next_dagrun for dataset_consumes_unknown_never_scheduled to None, run_after=None
[2025-02-18T01:23:56.240+0200] {logging_mixin.py:190} INFO - [2025-02-18T01:23:56.239+0200] {dag.py:4180} INFO - Setting next_dagrun for dataset_produces_1 to 2025-02-16 00:00:00+00:00, run_after=2025-02-17 00:00:00+00:00
[2025-02-18T01:23:56.241+0200] {logging_mixin.py:190} INFO - [2025-02-18T01:23:56.241+0200] {dag.py:4180} INFO - Setting next_dagrun for dataset_produces_2 to None, run_after=None
[2025-02-18T01:23:56.272+0200] {processor.py:208} INFO - Processing /home/munyah/.local/lib/python3.10/site-packages/airflow/example_dags/example_datasets.py took 0.305 seconds
[2025-02-18T01:25:02.440+0200] {processor.py:186} INFO - Started process (PID=352415) to work on /home/munyah/.local/lib/python3.10/site-packages/airflow/example_dags/example_datasets.py
[2025-02-18T01:25:02.442+0200] {processor.py:914} INFO - Processing file /home/munyah/.local/lib/python3.10/site-packages/airflow/example_dags/example_datasets.py for tasks to queue
[2025-02-18T01:25:02.445+0200] {logging_mixin.py:190} INFO - [2025-02-18T01:25:02.444+0200] {dagbag.py:588} INFO - Filling up the DagBag from /home/munyah/.local/lib/python3.10/site-packages/airflow/example_dags/example_datasets.py
[2025-02-18T01:25:02.464+0200] {processor.py:925} INFO - DAG(s) 'consume_1_or_both_2_and_3_with_dataset_expressions', 'consume_1_or_2_with_dataset_expressions', 'dataset_consumes_1', 'dataset_consumes_1_never_scheduled', 'dataset_consumes_1_and_2', 'dataset_consumes_unknown_never_scheduled', 'conditional_dataset_and_time_based_timetable', 'dataset_produces_1', 'consume_1_and_2_with_dataset_expressions', 'dataset_produces_2' retrieved from /home/munyah/.local/lib/python3.10/site-packages/airflow/example_dags/example_datasets.py
[2025-02-18T01:25:02.501+0200] {logging_mixin.py:190} INFO - [2025-02-18T01:25:02.501+0200] {dag.py:3239} INFO - Sync 10 DAGs
[2025-02-18T01:25:02.653+0200] {logging_mixin.py:190} INFO - [2025-02-18T01:25:02.653+0200] {dag.py:4180} INFO - Setting next_dagrun for conditional_dataset_and_time_based_timetable to 2025-02-12 01:00:00+00:00, run_after=2025-02-12 01:00:00+00:00
[2025-02-18T01:25:02.658+0200] {logging_mixin.py:190} INFO - [2025-02-18T01:25:02.658+0200] {dag.py:4180} INFO - Setting next_dagrun for consume_1_and_2_with_dataset_expressions to None, run_after=None
[2025-02-18T01:25:02.659+0200] {logging_mixin.py:190} INFO - [2025-02-18T01:25:02.659+0200] {dag.py:4180} INFO - Setting next_dagrun for consume_1_or_2_with_dataset_expressions to None, run_after=None
[2025-02-18T01:25:02.661+0200] {logging_mixin.py:190} INFO - [2025-02-18T01:25:02.660+0200] {dag.py:4180} INFO - Setting next_dagrun for consume_1_or_both_2_and_3_with_dataset_expressions to None, run_after=None
[2025-02-18T01:25:02.662+0200] {logging_mixin.py:190} INFO - [2025-02-18T01:25:02.662+0200] {dag.py:4180} INFO - Setting next_dagrun for dataset_consumes_1 to None, run_after=None
[2025-02-18T01:25:02.663+0200] {logging_mixin.py:190} INFO - [2025-02-18T01:25:02.663+0200] {dag.py:4180} INFO - Setting next_dagrun for dataset_consumes_1_and_2 to None, run_after=None
[2025-02-18T01:25:02.664+0200] {logging_mixin.py:190} INFO - [2025-02-18T01:25:02.664+0200] {dag.py:4180} INFO - Setting next_dagrun for dataset_consumes_1_never_scheduled to None, run_after=None
[2025-02-18T01:25:02.665+0200] {logging_mixin.py:190} INFO - [2025-02-18T01:25:02.665+0200] {dag.py:4180} INFO - Setting next_dagrun for dataset_consumes_unknown_never_scheduled to None, run_after=None
[2025-02-18T01:25:02.668+0200] {logging_mixin.py:190} INFO - [2025-02-18T01:25:02.668+0200] {dag.py:4180} INFO - Setting next_dagrun for dataset_produces_1 to 2025-02-16 00:00:00+00:00, run_after=2025-02-17 00:00:00+00:00
[2025-02-18T01:25:02.669+0200] {logging_mixin.py:190} INFO - [2025-02-18T01:25:02.669+0200] {dag.py:4180} INFO - Setting next_dagrun for dataset_produces_2 to None, run_after=None
[2025-02-18T01:25:02.699+0200] {processor.py:208} INFO - Processing /home/munyah/.local/lib/python3.10/site-packages/airflow/example_dags/example_datasets.py took 0.266 seconds
[2025-02-18T01:26:07.046+0200] {processor.py:186} INFO - Started process (PID=352710) to work on /home/munyah/.local/lib/python3.10/site-packages/airflow/example_dags/example_datasets.py
[2025-02-18T01:26:07.047+0200] {processor.py:914} INFO - Processing file /home/munyah/.local/lib/python3.10/site-packages/airflow/example_dags/example_datasets.py for tasks to queue
[2025-02-18T01:26:07.050+0200] {logging_mixin.py:190} INFO - [2025-02-18T01:26:07.049+0200] {dagbag.py:588} INFO - Filling up the DagBag from /home/munyah/.local/lib/python3.10/site-packages/airflow/example_dags/example_datasets.py
[2025-02-18T01:26:07.068+0200] {processor.py:925} INFO - DAG(s) 'consume_1_and_2_with_dataset_expressions', 'dataset_consumes_1', 'consume_1_or_both_2_and_3_with_dataset_expressions', 'dataset_produces_2', 'dataset_consumes_unknown_never_scheduled', 'dataset_produces_1', 'dataset_consumes_1_and_2', 'consume_1_or_2_with_dataset_expressions', 'dataset_consumes_1_never_scheduled', 'conditional_dataset_and_time_based_timetable' retrieved from /home/munyah/.local/lib/python3.10/site-packages/airflow/example_dags/example_datasets.py
[2025-02-18T01:26:07.111+0200] {logging_mixin.py:190} INFO - [2025-02-18T01:26:07.110+0200] {dag.py:3239} INFO - Sync 10 DAGs
[2025-02-18T01:26:07.264+0200] {logging_mixin.py:190} INFO - [2025-02-18T01:26:07.264+0200] {dag.py:4180} INFO - Setting next_dagrun for conditional_dataset_and_time_based_timetable to 2025-02-12 01:00:00+00:00, run_after=2025-02-12 01:00:00+00:00
[2025-02-18T01:26:07.269+0200] {logging_mixin.py:190} INFO - [2025-02-18T01:26:07.269+0200] {dag.py:4180} INFO - Setting next_dagrun for consume_1_and_2_with_dataset_expressions to None, run_after=None
[2025-02-18T01:26:07.270+0200] {logging_mixin.py:190} INFO - [2025-02-18T01:26:07.270+0200] {dag.py:4180} INFO - Setting next_dagrun for consume_1_or_2_with_dataset_expressions to None, run_after=None
[2025-02-18T01:26:07.272+0200] {logging_mixin.py:190} INFO - [2025-02-18T01:26:07.272+0200] {dag.py:4180} INFO - Setting next_dagrun for consume_1_or_both_2_and_3_with_dataset_expressions to None, run_after=None
[2025-02-18T01:26:07.273+0200] {logging_mixin.py:190} INFO - [2025-02-18T01:26:07.273+0200] {dag.py:4180} INFO - Setting next_dagrun for dataset_consumes_1 to None, run_after=None
[2025-02-18T01:26:07.275+0200] {logging_mixin.py:190} INFO - [2025-02-18T01:26:07.274+0200] {dag.py:4180} INFO - Setting next_dagrun for dataset_consumes_1_and_2 to None, run_after=None
[2025-02-18T01:26:07.276+0200] {logging_mixin.py:190} INFO - [2025-02-18T01:26:07.275+0200] {dag.py:4180} INFO - Setting next_dagrun for dataset_consumes_1_never_scheduled to None, run_after=None
[2025-02-18T01:26:07.277+0200] {logging_mixin.py:190} INFO - [2025-02-18T01:26:07.277+0200] {dag.py:4180} INFO - Setting next_dagrun for dataset_consumes_unknown_never_scheduled to None, run_after=None
[2025-02-18T01:26:07.280+0200] {logging_mixin.py:190} INFO - [2025-02-18T01:26:07.280+0200] {dag.py:4180} INFO - Setting next_dagrun for dataset_produces_1 to 2025-02-16 00:00:00+00:00, run_after=2025-02-17 00:00:00+00:00
[2025-02-18T01:26:07.281+0200] {logging_mixin.py:190} INFO - [2025-02-18T01:26:07.281+0200] {dag.py:4180} INFO - Setting next_dagrun for dataset_produces_2 to None, run_after=None
[2025-02-18T01:26:07.311+0200] {processor.py:208} INFO - Processing /home/munyah/.local/lib/python3.10/site-packages/airflow/example_dags/example_datasets.py took 0.273 seconds
[2025-02-18T01:27:17.134+0200] {processor.py:186} INFO - Started process (PID=353101) to work on /home/munyah/.local/lib/python3.10/site-packages/airflow/example_dags/example_datasets.py
[2025-02-18T01:27:17.136+0200] {processor.py:914} INFO - Processing file /home/munyah/.local/lib/python3.10/site-packages/airflow/example_dags/example_datasets.py for tasks to queue
[2025-02-18T01:27:17.138+0200] {logging_mixin.py:190} INFO - [2025-02-18T01:27:17.138+0200] {dagbag.py:588} INFO - Filling up the DagBag from /home/munyah/.local/lib/python3.10/site-packages/airflow/example_dags/example_datasets.py
[2025-02-18T01:27:17.156+0200] {processor.py:925} INFO - DAG(s) 'consume_1_or_both_2_and_3_with_dataset_expressions', 'consume_1_or_2_with_dataset_expressions', 'conditional_dataset_and_time_based_timetable', 'dataset_consumes_1_and_2', 'dataset_produces_1', 'dataset_produces_2', 'consume_1_and_2_with_dataset_expressions', 'dataset_consumes_unknown_never_scheduled', 'dataset_consumes_1', 'dataset_consumes_1_never_scheduled' retrieved from /home/munyah/.local/lib/python3.10/site-packages/airflow/example_dags/example_datasets.py
[2025-02-18T01:27:17.194+0200] {logging_mixin.py:190} INFO - [2025-02-18T01:27:17.194+0200] {dag.py:3239} INFO - Sync 10 DAGs
[2025-02-18T01:27:17.348+0200] {logging_mixin.py:190} INFO - [2025-02-18T01:27:17.347+0200] {dag.py:4180} INFO - Setting next_dagrun for conditional_dataset_and_time_based_timetable to 2025-02-12 01:00:00+00:00, run_after=2025-02-12 01:00:00+00:00
[2025-02-18T01:27:17.352+0200] {logging_mixin.py:190} INFO - [2025-02-18T01:27:17.351+0200] {dag.py:4180} INFO - Setting next_dagrun for consume_1_and_2_with_dataset_expressions to None, run_after=None
[2025-02-18T01:27:17.353+0200] {logging_mixin.py:190} INFO - [2025-02-18T01:27:17.353+0200] {dag.py:4180} INFO - Setting next_dagrun for consume_1_or_2_with_dataset_expressions to None, run_after=None
[2025-02-18T01:27:17.354+0200] {logging_mixin.py:190} INFO - [2025-02-18T01:27:17.354+0200] {dag.py:4180} INFO - Setting next_dagrun for consume_1_or_both_2_and_3_with_dataset_expressions to None, run_after=None
[2025-02-18T01:27:17.355+0200] {logging_mixin.py:190} INFO - [2025-02-18T01:27:17.355+0200] {dag.py:4180} INFO - Setting next_dagrun for dataset_consumes_1 to None, run_after=None
[2025-02-18T01:27:17.356+0200] {logging_mixin.py:190} INFO - [2025-02-18T01:27:17.356+0200] {dag.py:4180} INFO - Setting next_dagrun for dataset_consumes_1_and_2 to None, run_after=None
[2025-02-18T01:27:17.357+0200] {logging_mixin.py:190} INFO - [2025-02-18T01:27:17.357+0200] {dag.py:4180} INFO - Setting next_dagrun for dataset_consumes_1_never_scheduled to None, run_after=None
[2025-02-18T01:27:17.358+0200] {logging_mixin.py:190} INFO - [2025-02-18T01:27:17.358+0200] {dag.py:4180} INFO - Setting next_dagrun for dataset_consumes_unknown_never_scheduled to None, run_after=None
[2025-02-18T01:27:17.361+0200] {logging_mixin.py:190} INFO - [2025-02-18T01:27:17.361+0200] {dag.py:4180} INFO - Setting next_dagrun for dataset_produces_1 to 2025-02-16 00:00:00+00:00, run_after=2025-02-17 00:00:00+00:00
[2025-02-18T01:27:17.363+0200] {logging_mixin.py:190} INFO - [2025-02-18T01:27:17.362+0200] {dag.py:4180} INFO - Setting next_dagrun for dataset_produces_2 to None, run_after=None
[2025-02-18T01:27:17.393+0200] {processor.py:208} INFO - Processing /home/munyah/.local/lib/python3.10/site-packages/airflow/example_dags/example_datasets.py took 0.266 seconds
