[2025-02-18T01:20:16.153+0200] {processor.py:186} INFO - Started process (PID=350930) to work on /home/munyah/.local/lib/python3.10/site-packages/airflow/example_dags/example_complex.py
[2025-02-18T01:20:16.154+0200] {processor.py:914} INFO - Processing file /home/munyah/.local/lib/python3.10/site-packages/airflow/example_dags/example_complex.py for tasks to queue
[2025-02-18T01:20:16.157+0200] {logging_mixin.py:190} INFO - [2025-02-18T01:20:16.157+0200] {dagbag.py:588} INFO - Filling up the DagBag from /home/munyah/.local/lib/python3.10/site-packages/airflow/example_dags/example_complex.py
[2025-02-18T01:20:16.173+0200] {processor.py:925} INFO - DAG(s) 'example_complex' retrieved from /home/munyah/.local/lib/python3.10/site-packages/airflow/example_dags/example_complex.py
[2025-02-18T01:20:16.210+0200] {logging_mixin.py:190} INFO - [2025-02-18T01:20:16.209+0200] {dag.py:3239} INFO - Sync 1 DAGs
[2025-02-18T01:20:16.225+0200] {logging_mixin.py:190} INFO - [2025-02-18T01:20:16.225+0200] {dag.py:4180} INFO - Setting next_dagrun for example_complex to None, run_after=None
[2025-02-18T01:20:16.249+0200] {processor.py:208} INFO - Processing /home/munyah/.local/lib/python3.10/site-packages/airflow/example_dags/example_complex.py took 0.107 seconds
[2025-02-18T01:21:31.634+0200] {processor.py:186} INFO - Started process (PID=351163) to work on /home/munyah/.local/lib/python3.10/site-packages/airflow/example_dags/example_complex.py
[2025-02-18T01:21:31.635+0200] {processor.py:914} INFO - Processing file /home/munyah/.local/lib/python3.10/site-packages/airflow/example_dags/example_complex.py for tasks to queue
[2025-02-18T01:21:31.637+0200] {logging_mixin.py:190} INFO - [2025-02-18T01:21:31.637+0200] {dagbag.py:588} INFO - Filling up the DagBag from /home/munyah/.local/lib/python3.10/site-packages/airflow/example_dags/example_complex.py
[2025-02-18T01:21:31.653+0200] {processor.py:925} INFO - DAG(s) 'example_complex' retrieved from /home/munyah/.local/lib/python3.10/site-packages/airflow/example_dags/example_complex.py
[2025-02-18T01:21:31.682+0200] {logging_mixin.py:190} INFO - [2025-02-18T01:21:31.682+0200] {dag.py:3239} INFO - Sync 1 DAGs
[2025-02-18T01:21:31.696+0200] {logging_mixin.py:190} INFO - [2025-02-18T01:21:31.696+0200] {dag.py:4180} INFO - Setting next_dagrun for example_complex to None, run_after=None
[2025-02-18T01:21:31.716+0200] {processor.py:208} INFO - Processing /home/munyah/.local/lib/python3.10/site-packages/airflow/example_dags/example_complex.py took 0.090 seconds
[2025-02-18T01:22:42.465+0200] {processor.py:186} INFO - Started process (PID=351907) to work on /home/munyah/.local/lib/python3.10/site-packages/airflow/example_dags/example_complex.py
[2025-02-18T01:22:42.466+0200] {processor.py:914} INFO - Processing file /home/munyah/.local/lib/python3.10/site-packages/airflow/example_dags/example_complex.py for tasks to queue
[2025-02-18T01:22:42.469+0200] {logging_mixin.py:190} INFO - [2025-02-18T01:22:42.468+0200] {dagbag.py:588} INFO - Filling up the DagBag from /home/munyah/.local/lib/python3.10/site-packages/airflow/example_dags/example_complex.py
[2025-02-18T01:22:42.484+0200] {processor.py:925} INFO - DAG(s) 'example_complex' retrieved from /home/munyah/.local/lib/python3.10/site-packages/airflow/example_dags/example_complex.py
[2025-02-18T01:22:42.513+0200] {logging_mixin.py:190} INFO - [2025-02-18T01:22:42.513+0200] {dag.py:3239} INFO - Sync 1 DAGs
[2025-02-18T01:22:42.527+0200] {logging_mixin.py:190} INFO - [2025-02-18T01:22:42.526+0200] {dag.py:4180} INFO - Setting next_dagrun for example_complex to None, run_after=None
[2025-02-18T01:22:42.547+0200] {processor.py:208} INFO - Processing /home/munyah/.local/lib/python3.10/site-packages/airflow/example_dags/example_complex.py took 0.089 seconds
[2025-02-18T01:23:54.664+0200] {processor.py:186} INFO - Started process (PID=352213) to work on /home/munyah/.local/lib/python3.10/site-packages/airflow/example_dags/example_complex.py
[2025-02-18T01:23:54.665+0200] {processor.py:914} INFO - Processing file /home/munyah/.local/lib/python3.10/site-packages/airflow/example_dags/example_complex.py for tasks to queue
[2025-02-18T01:23:54.668+0200] {logging_mixin.py:190} INFO - [2025-02-18T01:23:54.668+0200] {dagbag.py:588} INFO - Filling up the DagBag from /home/munyah/.local/lib/python3.10/site-packages/airflow/example_dags/example_complex.py
[2025-02-18T01:23:54.691+0200] {processor.py:925} INFO - DAG(s) 'example_complex' retrieved from /home/munyah/.local/lib/python3.10/site-packages/airflow/example_dags/example_complex.py
[2025-02-18T01:23:54.735+0200] {logging_mixin.py:190} INFO - [2025-02-18T01:23:54.734+0200] {dag.py:3239} INFO - Sync 1 DAGs
[2025-02-18T01:23:54.754+0200] {logging_mixin.py:190} INFO - [2025-02-18T01:23:54.754+0200] {dag.py:4180} INFO - Setting next_dagrun for example_complex to None, run_after=None
[2025-02-18T01:23:54.787+0200] {processor.py:208} INFO - Processing /home/munyah/.local/lib/python3.10/site-packages/airflow/example_dags/example_complex.py took 0.132 seconds
[2025-02-18T01:25:01.039+0200] {processor.py:186} INFO - Started process (PID=352412) to work on /home/munyah/.local/lib/python3.10/site-packages/airflow/example_dags/example_complex.py
[2025-02-18T01:25:01.040+0200] {processor.py:914} INFO - Processing file /home/munyah/.local/lib/python3.10/site-packages/airflow/example_dags/example_complex.py for tasks to queue
[2025-02-18T01:25:01.043+0200] {logging_mixin.py:190} INFO - [2025-02-18T01:25:01.042+0200] {dagbag.py:588} INFO - Filling up the DagBag from /home/munyah/.local/lib/python3.10/site-packages/airflow/example_dags/example_complex.py
[2025-02-18T01:25:01.058+0200] {processor.py:925} INFO - DAG(s) 'example_complex' retrieved from /home/munyah/.local/lib/python3.10/site-packages/airflow/example_dags/example_complex.py
[2025-02-18T01:25:01.087+0200] {logging_mixin.py:190} INFO - [2025-02-18T01:25:01.087+0200] {dag.py:3239} INFO - Sync 1 DAGs
[2025-02-18T01:25:01.100+0200] {logging_mixin.py:190} INFO - [2025-02-18T01:25:01.100+0200] {dag.py:4180} INFO - Setting next_dagrun for example_complex to None, run_after=None
[2025-02-18T01:25:01.244+0200] {processor.py:208} INFO - Processing /home/munyah/.local/lib/python3.10/site-packages/airflow/example_dags/example_complex.py took 0.213 seconds
[2025-02-18T01:26:05.702+0200] {processor.py:186} INFO - Started process (PID=352690) to work on /home/munyah/.local/lib/python3.10/site-packages/airflow/example_dags/example_complex.py
[2025-02-18T01:26:05.703+0200] {processor.py:914} INFO - Processing file /home/munyah/.local/lib/python3.10/site-packages/airflow/example_dags/example_complex.py for tasks to queue
[2025-02-18T01:26:05.706+0200] {logging_mixin.py:190} INFO - [2025-02-18T01:26:05.705+0200] {dagbag.py:588} INFO - Filling up the DagBag from /home/munyah/.local/lib/python3.10/site-packages/airflow/example_dags/example_complex.py
[2025-02-18T01:26:05.729+0200] {processor.py:925} INFO - DAG(s) 'example_complex' retrieved from /home/munyah/.local/lib/python3.10/site-packages/airflow/example_dags/example_complex.py
[2025-02-18T01:26:05.775+0200] {logging_mixin.py:190} INFO - [2025-02-18T01:26:05.775+0200] {dag.py:3239} INFO - Sync 1 DAGs
[2025-02-18T01:26:05.795+0200] {logging_mixin.py:190} INFO - [2025-02-18T01:26:05.795+0200] {dag.py:4180} INFO - Setting next_dagrun for example_complex to None, run_after=None
[2025-02-18T01:26:05.955+0200] {processor.py:208} INFO - Processing /home/munyah/.local/lib/python3.10/site-packages/airflow/example_dags/example_complex.py took 0.263 seconds
[2025-02-18T01:27:15.726+0200] {processor.py:186} INFO - Started process (PID=353100) to work on /home/munyah/.local/lib/python3.10/site-packages/airflow/example_dags/example_complex.py
[2025-02-18T01:27:15.728+0200] {processor.py:914} INFO - Processing file /home/munyah/.local/lib/python3.10/site-packages/airflow/example_dags/example_complex.py for tasks to queue
[2025-02-18T01:27:15.730+0200] {logging_mixin.py:190} INFO - [2025-02-18T01:27:15.730+0200] {dagbag.py:588} INFO - Filling up the DagBag from /home/munyah/.local/lib/python3.10/site-packages/airflow/example_dags/example_complex.py
[2025-02-18T01:27:15.745+0200] {processor.py:925} INFO - DAG(s) 'example_complex' retrieved from /home/munyah/.local/lib/python3.10/site-packages/airflow/example_dags/example_complex.py
[2025-02-18T01:27:15.775+0200] {logging_mixin.py:190} INFO - [2025-02-18T01:27:15.775+0200] {dag.py:3239} INFO - Sync 1 DAGs
[2025-02-18T01:27:15.912+0200] {logging_mixin.py:190} INFO - [2025-02-18T01:27:15.912+0200] {dag.py:4180} INFO - Setting next_dagrun for example_complex to None, run_after=None
[2025-02-18T01:27:15.939+0200] {processor.py:208} INFO - Processing /home/munyah/.local/lib/python3.10/site-packages/airflow/example_dags/example_complex.py took 0.219 seconds
