[2025-02-18T01:19:15.397+0200] {processor.py:186} INFO - Started process (PID=350694) to work on /home/munyah/.local/lib/python3.10/site-packages/airflow/example_dags/example_python_operator.py
[2025-02-18T01:19:15.398+0200] {processor.py:914} INFO - Processing file /home/munyah/.local/lib/python3.10/site-packages/airflow/example_dags/example_python_operator.py for tasks to queue
[2025-02-18T01:19:15.402+0200] {logging_mixin.py:190} INFO - [2025-02-18T01:19:15.401+0200] {dagbag.py:588} INFO - Filling up the DagBag from /home/munyah/.local/lib/python3.10/site-packages/airflow/example_dags/example_python_operator.py
[2025-02-18T01:19:15.413+0200] {logging_mixin.py:190} INFO - [2025-02-18T01:19:15.412+0200] {example_python_operator.py:93} WARNING - The virtalenv_python example task requires virtualenv, please install it.
[2025-02-18T01:19:15.416+0200] {processor.py:925} INFO - DAG(s) 'example_python_operator' retrieved from /home/munyah/.local/lib/python3.10/site-packages/airflow/example_dags/example_python_operator.py
[2025-02-18T01:19:15.450+0200] {logging_mixin.py:190} INFO - [2025-02-18T01:19:15.450+0200] {dag.py:3239} INFO - Sync 1 DAGs
[2025-02-18T01:19:15.468+0200] {logging_mixin.py:190} INFO - [2025-02-18T01:19:15.468+0200] {dag.py:4180} INFO - Setting next_dagrun for example_python_operator to None, run_after=None
[2025-02-18T01:19:15.501+0200] {processor.py:208} INFO - Processing /home/munyah/.local/lib/python3.10/site-packages/airflow/example_dags/example_python_operator.py took 0.116 seconds
[2025-02-18T01:20:59.270+0200] {processor.py:186} INFO - Started process (PID=351058) to work on /home/munyah/.local/lib/python3.10/site-packages/airflow/example_dags/example_python_operator.py
[2025-02-18T01:20:59.271+0200] {processor.py:914} INFO - Processing file /home/munyah/.local/lib/python3.10/site-packages/airflow/example_dags/example_python_operator.py for tasks to queue
[2025-02-18T01:20:59.274+0200] {logging_mixin.py:190} INFO - [2025-02-18T01:20:59.273+0200] {dagbag.py:588} INFO - Filling up the DagBag from /home/munyah/.local/lib/python3.10/site-packages/airflow/example_dags/example_python_operator.py
[2025-02-18T01:20:59.283+0200] {logging_mixin.py:190} INFO - [2025-02-18T01:20:59.283+0200] {example_python_operator.py:93} WARNING - The virtalenv_python example task requires virtualenv, please install it.
[2025-02-18T01:20:59.286+0200] {processor.py:925} INFO - DAG(s) 'example_python_operator' retrieved from /home/munyah/.local/lib/python3.10/site-packages/airflow/example_dags/example_python_operator.py
[2025-02-18T01:20:59.306+0200] {logging_mixin.py:190} INFO - [2025-02-18T01:20:59.306+0200] {dag.py:3239} INFO - Sync 1 DAGs
[2025-02-18T01:20:59.321+0200] {logging_mixin.py:190} INFO - [2025-02-18T01:20:59.321+0200] {dag.py:4180} INFO - Setting next_dagrun for example_python_operator to None, run_after=None
[2025-02-18T01:20:59.345+0200] {processor.py:208} INFO - Processing /home/munyah/.local/lib/python3.10/site-packages/airflow/example_dags/example_python_operator.py took 0.083 seconds
[2025-02-18T01:22:08.375+0200] {processor.py:186} INFO - Started process (PID=351516) to work on /home/munyah/.local/lib/python3.10/site-packages/airflow/example_dags/example_python_operator.py
[2025-02-18T01:22:08.376+0200] {processor.py:914} INFO - Processing file /home/munyah/.local/lib/python3.10/site-packages/airflow/example_dags/example_python_operator.py for tasks to queue
[2025-02-18T01:22:08.379+0200] {logging_mixin.py:190} INFO - [2025-02-18T01:22:08.378+0200] {dagbag.py:588} INFO - Filling up the DagBag from /home/munyah/.local/lib/python3.10/site-packages/airflow/example_dags/example_python_operator.py
[2025-02-18T01:22:08.390+0200] {logging_mixin.py:190} INFO - [2025-02-18T01:22:08.390+0200] {example_python_operator.py:93} WARNING - The virtalenv_python example task requires virtualenv, please install it.
[2025-02-18T01:22:08.395+0200] {processor.py:925} INFO - DAG(s) 'example_python_operator' retrieved from /home/munyah/.local/lib/python3.10/site-packages/airflow/example_dags/example_python_operator.py
[2025-02-18T01:22:08.423+0200] {logging_mixin.py:190} INFO - [2025-02-18T01:22:08.423+0200] {dag.py:3239} INFO - Sync 1 DAGs
[2025-02-18T01:22:08.445+0200] {logging_mixin.py:190} INFO - [2025-02-18T01:22:08.445+0200] {dag.py:4180} INFO - Setting next_dagrun for example_python_operator to None, run_after=None
[2025-02-18T01:22:08.475+0200] {processor.py:208} INFO - Processing /home/munyah/.local/lib/python3.10/site-packages/airflow/example_dags/example_python_operator.py took 0.108 seconds
[2025-02-18T01:23:16.666+0200] {processor.py:186} INFO - Started process (PID=352092) to work on /home/munyah/.local/lib/python3.10/site-packages/airflow/example_dags/example_python_operator.py
[2025-02-18T01:23:16.668+0200] {processor.py:914} INFO - Processing file /home/munyah/.local/lib/python3.10/site-packages/airflow/example_dags/example_python_operator.py for tasks to queue
[2025-02-18T01:23:16.671+0200] {logging_mixin.py:190} INFO - [2025-02-18T01:23:16.670+0200] {dagbag.py:588} INFO - Filling up the DagBag from /home/munyah/.local/lib/python3.10/site-packages/airflow/example_dags/example_python_operator.py
[2025-02-18T01:23:16.679+0200] {logging_mixin.py:190} INFO - [2025-02-18T01:23:16.679+0200] {example_python_operator.py:93} WARNING - The virtalenv_python example task requires virtualenv, please install it.
[2025-02-18T01:23:16.682+0200] {processor.py:925} INFO - DAG(s) 'example_python_operator' retrieved from /home/munyah/.local/lib/python3.10/site-packages/airflow/example_dags/example_python_operator.py
[2025-02-18T01:23:16.701+0200] {logging_mixin.py:190} INFO - [2025-02-18T01:23:16.701+0200] {dag.py:3239} INFO - Sync 1 DAGs
[2025-02-18T01:23:16.843+0200] {logging_mixin.py:190} INFO - [2025-02-18T01:23:16.842+0200] {dag.py:4180} INFO - Setting next_dagrun for example_python_operator to None, run_after=None
[2025-02-18T01:23:16.871+0200] {processor.py:208} INFO - Processing /home/munyah/.local/lib/python3.10/site-packages/airflow/example_dags/example_python_operator.py took 0.213 seconds
[2025-02-18T01:24:28.990+0200] {processor.py:186} INFO - Started process (PID=352313) to work on /home/munyah/.local/lib/python3.10/site-packages/airflow/example_dags/example_python_operator.py
[2025-02-18T01:24:28.991+0200] {processor.py:914} INFO - Processing file /home/munyah/.local/lib/python3.10/site-packages/airflow/example_dags/example_python_operator.py for tasks to queue
[2025-02-18T01:24:28.994+0200] {logging_mixin.py:190} INFO - [2025-02-18T01:24:28.993+0200] {dagbag.py:588} INFO - Filling up the DagBag from /home/munyah/.local/lib/python3.10/site-packages/airflow/example_dags/example_python_operator.py
[2025-02-18T01:24:29.003+0200] {logging_mixin.py:190} INFO - [2025-02-18T01:24:29.002+0200] {example_python_operator.py:93} WARNING - The virtalenv_python example task requires virtualenv, please install it.
[2025-02-18T01:24:29.005+0200] {processor.py:925} INFO - DAG(s) 'example_python_operator' retrieved from /home/munyah/.local/lib/python3.10/site-packages/airflow/example_dags/example_python_operator.py
[2025-02-18T01:24:29.025+0200] {logging_mixin.py:190} INFO - [2025-02-18T01:24:29.024+0200] {dag.py:3239} INFO - Sync 1 DAGs
[2025-02-18T01:24:29.039+0200] {logging_mixin.py:190} INFO - [2025-02-18T01:24:29.038+0200] {dag.py:4180} INFO - Setting next_dagrun for example_python_operator to None, run_after=None
[2025-02-18T01:24:29.060+0200] {processor.py:208} INFO - Processing /home/munyah/.local/lib/python3.10/site-packages/airflow/example_dags/example_python_operator.py took 0.078 seconds
[2025-02-18T01:25:33.992+0200] {processor.py:186} INFO - Started process (PID=352556) to work on /home/munyah/.local/lib/python3.10/site-packages/airflow/example_dags/example_python_operator.py
[2025-02-18T01:25:33.993+0200] {processor.py:914} INFO - Processing file /home/munyah/.local/lib/python3.10/site-packages/airflow/example_dags/example_python_operator.py for tasks to queue
[2025-02-18T01:25:33.996+0200] {logging_mixin.py:190} INFO - [2025-02-18T01:25:33.995+0200] {dagbag.py:588} INFO - Filling up the DagBag from /home/munyah/.local/lib/python3.10/site-packages/airflow/example_dags/example_python_operator.py
[2025-02-18T01:25:34.005+0200] {logging_mixin.py:190} INFO - [2025-02-18T01:25:34.005+0200] {example_python_operator.py:93} WARNING - The virtalenv_python example task requires virtualenv, please install it.
[2025-02-18T01:25:34.008+0200] {processor.py:925} INFO - DAG(s) 'example_python_operator' retrieved from /home/munyah/.local/lib/python3.10/site-packages/airflow/example_dags/example_python_operator.py
[2025-02-18T01:25:34.026+0200] {logging_mixin.py:190} INFO - [2025-02-18T01:25:34.026+0200] {dag.py:3239} INFO - Sync 1 DAGs
[2025-02-18T01:25:34.039+0200] {logging_mixin.py:190} INFO - [2025-02-18T01:25:34.038+0200] {dag.py:4180} INFO - Setting next_dagrun for example_python_operator to None, run_after=None
[2025-02-18T01:25:34.058+0200] {processor.py:208} INFO - Processing /home/munyah/.local/lib/python3.10/site-packages/airflow/example_dags/example_python_operator.py took 0.073 seconds
[2025-02-18T01:26:42.827+0200] {processor.py:186} INFO - Started process (PID=352924) to work on /home/munyah/.local/lib/python3.10/site-packages/airflow/example_dags/example_python_operator.py
[2025-02-18T01:26:42.829+0200] {processor.py:914} INFO - Processing file /home/munyah/.local/lib/python3.10/site-packages/airflow/example_dags/example_python_operator.py for tasks to queue
[2025-02-18T01:26:42.831+0200] {logging_mixin.py:190} INFO - [2025-02-18T01:26:42.831+0200] {dagbag.py:588} INFO - Filling up the DagBag from /home/munyah/.local/lib/python3.10/site-packages/airflow/example_dags/example_python_operator.py
[2025-02-18T01:26:42.840+0200] {logging_mixin.py:190} INFO - [2025-02-18T01:26:42.840+0200] {example_python_operator.py:93} WARNING - The virtalenv_python example task requires virtualenv, please install it.
[2025-02-18T01:26:42.843+0200] {processor.py:925} INFO - DAG(s) 'example_python_operator' retrieved from /home/munyah/.local/lib/python3.10/site-packages/airflow/example_dags/example_python_operator.py
[2025-02-18T01:26:42.860+0200] {logging_mixin.py:190} INFO - [2025-02-18T01:26:42.860+0200] {dag.py:3239} INFO - Sync 1 DAGs
[2025-02-18T01:26:42.873+0200] {logging_mixin.py:190} INFO - [2025-02-18T01:26:42.873+0200] {dag.py:4180} INFO - Setting next_dagrun for example_python_operator to None, run_after=None
[2025-02-18T01:26:42.893+0200] {processor.py:208} INFO - Processing /home/munyah/.local/lib/python3.10/site-packages/airflow/example_dags/example_python_operator.py took 0.074 seconds
