[2025-02-18T01:20:21.032+0200] {processor.py:186} INFO - Started process (PID=350938) to work on /home/munyah/.local/lib/python3.10/site-packages/airflow/example_dags/example_branch_python_dop_operator_3.py
[2025-02-18T01:20:21.033+0200] {processor.py:914} INFO - Processing file /home/munyah/.local/lib/python3.10/site-packages/airflow/example_dags/example_branch_python_dop_operator_3.py for tasks to queue
[2025-02-18T01:20:21.035+0200] {logging_mixin.py:190} INFO - [2025-02-18T01:20:21.035+0200] {dagbag.py:588} INFO - Filling up the DagBag from /home/munyah/.local/lib/python3.10/site-packages/airflow/example_dags/example_branch_python_dop_operator_3.py
[2025-02-18T01:20:21.049+0200] {processor.py:925} INFO - DAG(s) 'example_branch_dop_operator_v3' retrieved from /home/munyah/.local/lib/python3.10/site-packages/airflow/example_dags/example_branch_python_dop_operator_3.py
[2025-02-18T01:20:21.069+0200] {logging_mixin.py:190} INFO - [2025-02-18T01:20:21.069+0200] {dag.py:3239} INFO - Sync 1 DAGs
[2025-02-18T01:20:21.098+0200] {logging_mixin.py:190} INFO - [2025-02-18T01:20:21.098+0200] {dag.py:4180} INFO - Setting next_dagrun for example_branch_dop_operator_v3 to 2025-02-17 23:19:00+00:00, run_after=2025-02-17 23:20:00+00:00
[2025-02-18T01:20:21.120+0200] {processor.py:208} INFO - Processing /home/munyah/.local/lib/python3.10/site-packages/airflow/example_dags/example_branch_python_dop_operator_3.py took 0.095 seconds
[2025-02-18T01:21:36.823+0200] {processor.py:186} INFO - Started process (PID=351180) to work on /home/munyah/.local/lib/python3.10/site-packages/airflow/example_dags/example_branch_python_dop_operator_3.py
[2025-02-18T01:21:36.825+0200] {processor.py:914} INFO - Processing file /home/munyah/.local/lib/python3.10/site-packages/airflow/example_dags/example_branch_python_dop_operator_3.py for tasks to queue
[2025-02-18T01:21:36.827+0200] {logging_mixin.py:190} INFO - [2025-02-18T01:21:36.827+0200] {dagbag.py:588} INFO - Filling up the DagBag from /home/munyah/.local/lib/python3.10/site-packages/airflow/example_dags/example_branch_python_dop_operator_3.py
[2025-02-18T01:21:36.840+0200] {processor.py:925} INFO - DAG(s) 'example_branch_dop_operator_v3' retrieved from /home/munyah/.local/lib/python3.10/site-packages/airflow/example_dags/example_branch_python_dop_operator_3.py
[2025-02-18T01:21:36.857+0200] {logging_mixin.py:190} INFO - [2025-02-18T01:21:36.857+0200] {dag.py:3239} INFO - Sync 1 DAGs
[2025-02-18T01:21:36.882+0200] {logging_mixin.py:190} INFO - [2025-02-18T01:21:36.882+0200] {dag.py:4180} INFO - Setting next_dagrun for example_branch_dop_operator_v3 to 2025-02-17 23:20:00+00:00, run_after=2025-02-17 23:21:00+00:00
[2025-02-18T01:21:36.902+0200] {processor.py:208} INFO - Processing /home/munyah/.local/lib/python3.10/site-packages/airflow/example_dags/example_branch_python_dop_operator_3.py took 0.086 seconds
[2025-02-18T01:22:46.502+0200] {processor.py:186} INFO - Started process (PID=351925) to work on /home/munyah/.local/lib/python3.10/site-packages/airflow/example_dags/example_branch_python_dop_operator_3.py
[2025-02-18T01:22:46.503+0200] {processor.py:914} INFO - Processing file /home/munyah/.local/lib/python3.10/site-packages/airflow/example_dags/example_branch_python_dop_operator_3.py for tasks to queue
[2025-02-18T01:22:46.506+0200] {logging_mixin.py:190} INFO - [2025-02-18T01:22:46.506+0200] {dagbag.py:588} INFO - Filling up the DagBag from /home/munyah/.local/lib/python3.10/site-packages/airflow/example_dags/example_branch_python_dop_operator_3.py
[2025-02-18T01:22:46.519+0200] {processor.py:925} INFO - DAG(s) 'example_branch_dop_operator_v3' retrieved from /home/munyah/.local/lib/python3.10/site-packages/airflow/example_dags/example_branch_python_dop_operator_3.py
[2025-02-18T01:22:46.536+0200] {logging_mixin.py:190} INFO - [2025-02-18T01:22:46.536+0200] {dag.py:3239} INFO - Sync 1 DAGs
[2025-02-18T01:22:46.561+0200] {logging_mixin.py:190} INFO - [2025-02-18T01:22:46.561+0200] {dag.py:4180} INFO - Setting next_dagrun for example_branch_dop_operator_v3 to 2025-02-17 23:21:00+00:00, run_after=2025-02-17 23:22:00+00:00
[2025-02-18T01:22:46.592+0200] {processor.py:208} INFO - Processing /home/munyah/.local/lib/python3.10/site-packages/airflow/example_dags/example_branch_python_dop_operator_3.py took 0.098 seconds
[2025-02-18T01:24:00.073+0200] {processor.py:186} INFO - Started process (PID=352228) to work on /home/munyah/.local/lib/python3.10/site-packages/airflow/example_dags/example_branch_python_dop_operator_3.py
[2025-02-18T01:24:00.075+0200] {processor.py:914} INFO - Processing file /home/munyah/.local/lib/python3.10/site-packages/airflow/example_dags/example_branch_python_dop_operator_3.py for tasks to queue
[2025-02-18T01:24:00.079+0200] {logging_mixin.py:190} INFO - [2025-02-18T01:24:00.078+0200] {dagbag.py:588} INFO - Filling up the DagBag from /home/munyah/.local/lib/python3.10/site-packages/airflow/example_dags/example_branch_python_dop_operator_3.py
[2025-02-18T01:24:00.094+0200] {processor.py:925} INFO - DAG(s) 'example_branch_dop_operator_v3' retrieved from /home/munyah/.local/lib/python3.10/site-packages/airflow/example_dags/example_branch_python_dop_operator_3.py
[2025-02-18T01:24:00.111+0200] {logging_mixin.py:190} INFO - [2025-02-18T01:24:00.111+0200] {dag.py:3239} INFO - Sync 1 DAGs
[2025-02-18T01:24:00.138+0200] {logging_mixin.py:190} INFO - [2025-02-18T01:24:00.138+0200] {dag.py:4180} INFO - Setting next_dagrun for example_branch_dop_operator_v3 to 2025-02-17 23:23:00+00:00, run_after=2025-02-17 23:24:00+00:00
[2025-02-18T01:24:00.289+0200] {processor.py:208} INFO - Processing /home/munyah/.local/lib/python3.10/site-packages/airflow/example_dags/example_branch_python_dop_operator_3.py took 0.228 seconds
[2025-02-18T01:25:06.035+0200] {processor.py:186} INFO - Started process (PID=352429) to work on /home/munyah/.local/lib/python3.10/site-packages/airflow/example_dags/example_branch_python_dop_operator_3.py
[2025-02-18T01:25:06.037+0200] {processor.py:914} INFO - Processing file /home/munyah/.local/lib/python3.10/site-packages/airflow/example_dags/example_branch_python_dop_operator_3.py for tasks to queue
[2025-02-18T01:25:06.039+0200] {logging_mixin.py:190} INFO - [2025-02-18T01:25:06.039+0200] {dagbag.py:588} INFO - Filling up the DagBag from /home/munyah/.local/lib/python3.10/site-packages/airflow/example_dags/example_branch_python_dop_operator_3.py
[2025-02-18T01:25:06.051+0200] {processor.py:925} INFO - DAG(s) 'example_branch_dop_operator_v3' retrieved from /home/munyah/.local/lib/python3.10/site-packages/airflow/example_dags/example_branch_python_dop_operator_3.py
[2025-02-18T01:25:06.069+0200] {logging_mixin.py:190} INFO - [2025-02-18T01:25:06.069+0200] {dag.py:3239} INFO - Sync 1 DAGs
[2025-02-18T01:25:06.099+0200] {logging_mixin.py:190} INFO - [2025-02-18T01:25:06.099+0200] {dag.py:4180} INFO - Setting next_dagrun for example_branch_dop_operator_v3 to 2025-02-17 23:24:00+00:00, run_after=2025-02-17 23:25:00+00:00
[2025-02-18T01:25:06.274+0200] {processor.py:208} INFO - Processing /home/munyah/.local/lib/python3.10/site-packages/airflow/example_dags/example_branch_python_dop_operator_3.py took 0.245 seconds
[2025-02-18T01:26:11.106+0200] {processor.py:186} INFO - Started process (PID=352726) to work on /home/munyah/.local/lib/python3.10/site-packages/airflow/example_dags/example_branch_python_dop_operator_3.py
[2025-02-18T01:26:11.108+0200] {processor.py:914} INFO - Processing file /home/munyah/.local/lib/python3.10/site-packages/airflow/example_dags/example_branch_python_dop_operator_3.py for tasks to queue
[2025-02-18T01:26:11.110+0200] {logging_mixin.py:190} INFO - [2025-02-18T01:26:11.110+0200] {dagbag.py:588} INFO - Filling up the DagBag from /home/munyah/.local/lib/python3.10/site-packages/airflow/example_dags/example_branch_python_dop_operator_3.py
[2025-02-18T01:26:11.123+0200] {processor.py:925} INFO - DAG(s) 'example_branch_dop_operator_v3' retrieved from /home/munyah/.local/lib/python3.10/site-packages/airflow/example_dags/example_branch_python_dop_operator_3.py
[2025-02-18T01:26:11.140+0200] {logging_mixin.py:190} INFO - [2025-02-18T01:26:11.140+0200] {dag.py:3239} INFO - Sync 1 DAGs
[2025-02-18T01:26:11.292+0200] {logging_mixin.py:190} INFO - [2025-02-18T01:26:11.292+0200] {dag.py:4180} INFO - Setting next_dagrun for example_branch_dop_operator_v3 to 2025-02-17 23:25:00+00:00, run_after=2025-02-17 23:26:00+00:00
[2025-02-18T01:26:11.317+0200] {processor.py:208} INFO - Processing /home/munyah/.local/lib/python3.10/site-packages/airflow/example_dags/example_branch_python_dop_operator_3.py took 0.218 seconds
[2025-02-18T01:27:20.266+0200] {processor.py:186} INFO - Started process (PID=353119) to work on /home/munyah/.local/lib/python3.10/site-packages/airflow/example_dags/example_branch_python_dop_operator_3.py
[2025-02-18T01:27:20.267+0200] {processor.py:914} INFO - Processing file /home/munyah/.local/lib/python3.10/site-packages/airflow/example_dags/example_branch_python_dop_operator_3.py for tasks to queue
[2025-02-18T01:27:20.271+0200] {logging_mixin.py:190} INFO - [2025-02-18T01:27:20.270+0200] {dagbag.py:588} INFO - Filling up the DagBag from /home/munyah/.local/lib/python3.10/site-packages/airflow/example_dags/example_branch_python_dop_operator_3.py
[2025-02-18T01:27:20.289+0200] {processor.py:925} INFO - DAG(s) 'example_branch_dop_operator_v3' retrieved from /home/munyah/.local/lib/python3.10/site-packages/airflow/example_dags/example_branch_python_dop_operator_3.py
[2025-02-18T01:27:20.310+0200] {logging_mixin.py:190} INFO - [2025-02-18T01:27:20.310+0200] {dag.py:3239} INFO - Sync 1 DAGs
[2025-02-18T01:27:20.509+0200] {logging_mixin.py:190} INFO - [2025-02-18T01:27:20.509+0200] {dag.py:4180} INFO - Setting next_dagrun for example_branch_dop_operator_v3 to 2025-02-17 23:26:00+00:00, run_after=2025-02-17 23:27:00+00:00
[2025-02-18T01:27:20.530+0200] {processor.py:208} INFO - Processing /home/munyah/.local/lib/python3.10/site-packages/airflow/example_dags/example_branch_python_dop_operator_3.py took 0.274 seconds
