[2025-02-18T01:18:58.443+0200] {processor.py:186} INFO - Started process (PID=350645) to work on /home/munyah/.local/lib/python3.10/site-packages/airflow/example_dags/example_xcomargs.py
[2025-02-18T01:18:58.444+0200] {processor.py:914} INFO - Processing file /home/munyah/.local/lib/python3.10/site-packages/airflow/example_dags/example_xcomargs.py for tasks to queue
[2025-02-18T01:18:58.446+0200] {logging_mixin.py:190} INFO - [2025-02-18T01:18:58.446+0200] {dagbag.py:588} INFO - Filling up the DagBag from /home/munyah/.local/lib/python3.10/site-packages/airflow/example_dags/example_xcomargs.py
[2025-02-18T01:18:58.458+0200] {processor.py:925} INFO - DAG(s) 'example_xcom_args', 'example_xcom_args_with_operators' retrieved from /home/munyah/.local/lib/python3.10/site-packages/airflow/example_dags/example_xcomargs.py
[2025-02-18T01:18:58.481+0200] {logging_mixin.py:190} INFO - [2025-02-18T01:18:58.481+0200] {dag.py:3239} INFO - Sync 2 DAGs
[2025-02-18T01:18:58.495+0200] {logging_mixin.py:190} INFO - [2025-02-18T01:18:58.494+0200] {dag.py:4180} INFO - Setting next_dagrun for example_xcom_args to None, run_after=None
[2025-02-18T01:18:58.498+0200] {logging_mixin.py:190} INFO - [2025-02-18T01:18:58.498+0200] {dag.py:4180} INFO - Setting next_dagrun for example_xcom_args_with_operators to None, run_after=None
[2025-02-18T01:18:58.515+0200] {processor.py:208} INFO - Processing /home/munyah/.local/lib/python3.10/site-packages/airflow/example_dags/example_xcomargs.py took 0.079 seconds
[2025-02-18T01:20:39.497+0200] {processor.py:186} INFO - Started process (PID=351003) to work on /home/munyah/.local/lib/python3.10/site-packages/airflow/example_dags/example_xcomargs.py
[2025-02-18T01:20:39.498+0200] {processor.py:914} INFO - Processing file /home/munyah/.local/lib/python3.10/site-packages/airflow/example_dags/example_xcomargs.py for tasks to queue
[2025-02-18T01:20:39.502+0200] {logging_mixin.py:190} INFO - [2025-02-18T01:20:39.501+0200] {dagbag.py:588} INFO - Filling up the DagBag from /home/munyah/.local/lib/python3.10/site-packages/airflow/example_dags/example_xcomargs.py
[2025-02-18T01:20:39.513+0200] {processor.py:925} INFO - DAG(s) 'example_xcom_args_with_operators', 'example_xcom_args' retrieved from /home/munyah/.local/lib/python3.10/site-packages/airflow/example_dags/example_xcomargs.py
[2025-02-18T01:20:39.536+0200] {logging_mixin.py:190} INFO - [2025-02-18T01:20:39.535+0200] {dag.py:3239} INFO - Sync 2 DAGs
[2025-02-18T01:20:39.550+0200] {logging_mixin.py:190} INFO - [2025-02-18T01:20:39.550+0200] {dag.py:4180} INFO - Setting next_dagrun for example_xcom_args to None, run_after=None
[2025-02-18T01:20:39.554+0200] {logging_mixin.py:190} INFO - [2025-02-18T01:20:39.553+0200] {dag.py:4180} INFO - Setting next_dagrun for example_xcom_args_with_operators to None, run_after=None
[2025-02-18T01:20:39.577+0200] {processor.py:208} INFO - Processing /home/munyah/.local/lib/python3.10/site-packages/airflow/example_dags/example_xcomargs.py took 0.087 seconds
[2025-02-18T01:21:22.483+0200] {processor.py:186} INFO - Started process (PID=351134) to work on /home/munyah/.local/lib/python3.10/site-packages/airflow/example_dags/example_xcomargs.py
[2025-02-18T01:21:22.485+0200] {processor.py:914} INFO - Processing file /home/munyah/.local/lib/python3.10/site-packages/airflow/example_dags/example_xcomargs.py for tasks to queue
[2025-02-18T01:21:22.490+0200] {logging_mixin.py:190} INFO - [2025-02-18T01:21:22.490+0200] {dagbag.py:588} INFO - Filling up the DagBag from /home/munyah/.local/lib/python3.10/site-packages/airflow/example_dags/example_xcomargs.py
[2025-02-18T01:21:22.507+0200] {processor.py:925} INFO - DAG(s) 'example_xcom_args_with_operators', 'example_xcom_args' retrieved from /home/munyah/.local/lib/python3.10/site-packages/airflow/example_dags/example_xcomargs.py
[2025-02-18T01:21:22.528+0200] {logging_mixin.py:190} INFO - [2025-02-18T01:21:22.528+0200] {dag.py:3239} INFO - Sync 2 DAGs
[2025-02-18T01:21:22.542+0200] {logging_mixin.py:190} INFO - [2025-02-18T01:21:22.541+0200] {dag.py:4180} INFO - Setting next_dagrun for example_xcom_args to None, run_after=None
[2025-02-18T01:21:22.545+0200] {logging_mixin.py:190} INFO - [2025-02-18T01:21:22.545+0200] {dag.py:4180} INFO - Setting next_dagrun for example_xcom_args_with_operators to None, run_after=None
[2025-02-18T01:21:22.562+0200] {processor.py:208} INFO - Processing /home/munyah/.local/lib/python3.10/site-packages/airflow/example_dags/example_xcomargs.py took 0.098 seconds
[2025-02-18T01:22:31.925+0200] {processor.py:186} INFO - Started process (PID=351842) to work on /home/munyah/.local/lib/python3.10/site-packages/airflow/example_dags/example_xcomargs.py
[2025-02-18T01:22:31.927+0200] {processor.py:914} INFO - Processing file /home/munyah/.local/lib/python3.10/site-packages/airflow/example_dags/example_xcomargs.py for tasks to queue
[2025-02-18T01:22:31.930+0200] {logging_mixin.py:190} INFO - [2025-02-18T01:22:31.929+0200] {dagbag.py:588} INFO - Filling up the DagBag from /home/munyah/.local/lib/python3.10/site-packages/airflow/example_dags/example_xcomargs.py
[2025-02-18T01:22:31.942+0200] {processor.py:925} INFO - DAG(s) 'example_xcom_args_with_operators', 'example_xcom_args' retrieved from /home/munyah/.local/lib/python3.10/site-packages/airflow/example_dags/example_xcomargs.py
[2025-02-18T01:22:31.963+0200] {logging_mixin.py:190} INFO - [2025-02-18T01:22:31.963+0200] {dag.py:3239} INFO - Sync 2 DAGs
[2025-02-18T01:22:31.979+0200] {logging_mixin.py:190} INFO - [2025-02-18T01:22:31.979+0200] {dag.py:4180} INFO - Setting next_dagrun for example_xcom_args to None, run_after=None
[2025-02-18T01:22:31.983+0200] {logging_mixin.py:190} INFO - [2025-02-18T01:22:31.983+0200] {dag.py:4180} INFO - Setting next_dagrun for example_xcom_args_with_operators to None, run_after=None
[2025-02-18T01:22:32.003+0200] {processor.py:208} INFO - Processing /home/munyah/.local/lib/python3.10/site-packages/airflow/example_dags/example_xcomargs.py took 0.085 seconds
[2025-02-18T01:23:42.067+0200] {processor.py:186} INFO - Started process (PID=352169) to work on /home/munyah/.local/lib/python3.10/site-packages/airflow/example_dags/example_xcomargs.py
[2025-02-18T01:23:42.069+0200] {processor.py:914} INFO - Processing file /home/munyah/.local/lib/python3.10/site-packages/airflow/example_dags/example_xcomargs.py for tasks to queue
[2025-02-18T01:23:42.071+0200] {logging_mixin.py:190} INFO - [2025-02-18T01:23:42.071+0200] {dagbag.py:588} INFO - Filling up the DagBag from /home/munyah/.local/lib/python3.10/site-packages/airflow/example_dags/example_xcomargs.py
[2025-02-18T01:23:42.083+0200] {processor.py:925} INFO - DAG(s) 'example_xcom_args_with_operators', 'example_xcom_args' retrieved from /home/munyah/.local/lib/python3.10/site-packages/airflow/example_dags/example_xcomargs.py
[2025-02-18T01:23:42.102+0200] {logging_mixin.py:190} INFO - [2025-02-18T01:23:42.102+0200] {dag.py:3239} INFO - Sync 2 DAGs
[2025-02-18T01:23:42.115+0200] {logging_mixin.py:190} INFO - [2025-02-18T01:23:42.115+0200] {dag.py:4180} INFO - Setting next_dagrun for example_xcom_args to None, run_after=None
[2025-02-18T01:23:42.119+0200] {logging_mixin.py:190} INFO - [2025-02-18T01:23:42.119+0200] {dag.py:4180} INFO - Setting next_dagrun for example_xcom_args_with_operators to None, run_after=None
[2025-02-18T01:23:42.137+0200] {processor.py:208} INFO - Processing /home/munyah/.local/lib/python3.10/site-packages/airflow/example_dags/example_xcomargs.py took 0.077 seconds
[2025-02-18T01:24:49.061+0200] {processor.py:186} INFO - Started process (PID=352378) to work on /home/munyah/.local/lib/python3.10/site-packages/airflow/example_dags/example_xcomargs.py
[2025-02-18T01:24:49.063+0200] {processor.py:914} INFO - Processing file /home/munyah/.local/lib/python3.10/site-packages/airflow/example_dags/example_xcomargs.py for tasks to queue
[2025-02-18T01:24:49.065+0200] {logging_mixin.py:190} INFO - [2025-02-18T01:24:49.065+0200] {dagbag.py:588} INFO - Filling up the DagBag from /home/munyah/.local/lib/python3.10/site-packages/airflow/example_dags/example_xcomargs.py
[2025-02-18T01:24:49.077+0200] {processor.py:925} INFO - DAG(s) 'example_xcom_args_with_operators', 'example_xcom_args' retrieved from /home/munyah/.local/lib/python3.10/site-packages/airflow/example_dags/example_xcomargs.py
[2025-02-18T01:24:49.098+0200] {logging_mixin.py:190} INFO - [2025-02-18T01:24:49.097+0200] {dag.py:3239} INFO - Sync 2 DAGs
[2025-02-18T01:24:49.111+0200] {logging_mixin.py:190} INFO - [2025-02-18T01:24:49.111+0200] {dag.py:4180} INFO - Setting next_dagrun for example_xcom_args to None, run_after=None
[2025-02-18T01:24:49.114+0200] {logging_mixin.py:190} INFO - [2025-02-18T01:24:49.114+0200] {dag.py:4180} INFO - Setting next_dagrun for example_xcom_args_with_operators to None, run_after=None
[2025-02-18T01:24:49.133+0200] {processor.py:208} INFO - Processing /home/munyah/.local/lib/python3.10/site-packages/airflow/example_dags/example_xcomargs.py took 0.079 seconds
[2025-02-18T01:25:53.839+0200] {processor.py:186} INFO - Started process (PID=352651) to work on /home/munyah/.local/lib/python3.10/site-packages/airflow/example_dags/example_xcomargs.py
[2025-02-18T01:25:53.840+0200] {processor.py:914} INFO - Processing file /home/munyah/.local/lib/python3.10/site-packages/airflow/example_dags/example_xcomargs.py for tasks to queue
[2025-02-18T01:25:53.843+0200] {logging_mixin.py:190} INFO - [2025-02-18T01:25:53.842+0200] {dagbag.py:588} INFO - Filling up the DagBag from /home/munyah/.local/lib/python3.10/site-packages/airflow/example_dags/example_xcomargs.py
[2025-02-18T01:25:53.855+0200] {processor.py:925} INFO - DAG(s) 'example_xcom_args', 'example_xcom_args_with_operators' retrieved from /home/munyah/.local/lib/python3.10/site-packages/airflow/example_dags/example_xcomargs.py
[2025-02-18T01:25:53.875+0200] {logging_mixin.py:190} INFO - [2025-02-18T01:25:53.875+0200] {dag.py:3239} INFO - Sync 2 DAGs
[2025-02-18T01:25:53.889+0200] {logging_mixin.py:190} INFO - [2025-02-18T01:25:53.889+0200] {dag.py:4180} INFO - Setting next_dagrun for example_xcom_args to None, run_after=None
[2025-02-18T01:25:53.892+0200] {logging_mixin.py:190} INFO - [2025-02-18T01:25:53.892+0200] {dag.py:4180} INFO - Setting next_dagrun for example_xcom_args_with_operators to None, run_after=None
[2025-02-18T01:25:53.910+0200] {processor.py:208} INFO - Processing /home/munyah/.local/lib/python3.10/site-packages/airflow/example_dags/example_xcomargs.py took 0.079 seconds
[2025-02-18T01:27:01.854+0200] {processor.py:186} INFO - Started process (PID=353019) to work on /home/munyah/.local/lib/python3.10/site-packages/airflow/example_dags/example_xcomargs.py
[2025-02-18T01:27:01.856+0200] {processor.py:914} INFO - Processing file /home/munyah/.local/lib/python3.10/site-packages/airflow/example_dags/example_xcomargs.py for tasks to queue
[2025-02-18T01:27:01.858+0200] {logging_mixin.py:190} INFO - [2025-02-18T01:27:01.858+0200] {dagbag.py:588} INFO - Filling up the DagBag from /home/munyah/.local/lib/python3.10/site-packages/airflow/example_dags/example_xcomargs.py
[2025-02-18T01:27:01.870+0200] {processor.py:925} INFO - DAG(s) 'example_xcom_args_with_operators', 'example_xcom_args' retrieved from /home/munyah/.local/lib/python3.10/site-packages/airflow/example_dags/example_xcomargs.py
[2025-02-18T01:27:01.890+0200] {logging_mixin.py:190} INFO - [2025-02-18T01:27:01.889+0200] {dag.py:3239} INFO - Sync 2 DAGs
[2025-02-18T01:27:01.903+0200] {logging_mixin.py:190} INFO - [2025-02-18T01:27:01.903+0200] {dag.py:4180} INFO - Setting next_dagrun for example_xcom_args to None, run_after=None
[2025-02-18T01:27:01.906+0200] {logging_mixin.py:190} INFO - [2025-02-18T01:27:01.906+0200] {dag.py:4180} INFO - Setting next_dagrun for example_xcom_args_with_operators to None, run_after=None
[2025-02-18T01:27:01.923+0200] {processor.py:208} INFO - Processing /home/munyah/.local/lib/python3.10/site-packages/airflow/example_dags/example_xcomargs.py took 0.076 seconds
