[2025-02-18T01:19:23.234+0200] {processor.py:186} INFO - Started process (PID=350721) to work on /home/munyah/.local/lib/python3.10/site-packages/airflow/example_dags/example_params_trigger_ui.py
[2025-02-18T01:19:23.236+0200] {processor.py:914} INFO - Processing file /home/munyah/.local/lib/python3.10/site-packages/airflow/example_dags/example_params_trigger_ui.py for tasks to queue
[2025-02-18T01:19:23.240+0200] {logging_mixin.py:190} INFO - [2025-02-18T01:19:23.239+0200] {dagbag.py:588} INFO - Filling up the DagBag from /home/munyah/.local/lib/python3.10/site-packages/airflow/example_dags/example_params_trigger_ui.py
[2025-02-18T01:19:23.258+0200] {processor.py:925} INFO - DAG(s) 'example_params_trigger_ui' retrieved from /home/munyah/.local/lib/python3.10/site-packages/airflow/example_dags/example_params_trigger_ui.py
[2025-02-18T01:19:23.344+0200] {logging_mixin.py:190} INFO - [2025-02-18T01:19:23.344+0200] {dag.py:3239} INFO - Sync 1 DAGs
[2025-02-18T01:19:23.370+0200] {logging_mixin.py:190} INFO - [2025-02-18T01:19:23.369+0200] {dag.py:4180} INFO - Setting next_dagrun for example_params_trigger_ui to None, run_after=None
[2025-02-18T01:19:23.406+0200] {processor.py:208} INFO - Processing /home/munyah/.local/lib/python3.10/site-packages/airflow/example_dags/example_params_trigger_ui.py took 0.183 seconds
[2025-02-18T01:21:06.854+0200] {processor.py:186} INFO - Started process (PID=351082) to work on /home/munyah/.local/lib/python3.10/site-packages/airflow/example_dags/example_params_trigger_ui.py
[2025-02-18T01:21:06.855+0200] {processor.py:914} INFO - Processing file /home/munyah/.local/lib/python3.10/site-packages/airflow/example_dags/example_params_trigger_ui.py for tasks to queue
[2025-02-18T01:21:06.858+0200] {logging_mixin.py:190} INFO - [2025-02-18T01:21:06.857+0200] {dagbag.py:588} INFO - Filling up the DagBag from /home/munyah/.local/lib/python3.10/site-packages/airflow/example_dags/example_params_trigger_ui.py
[2025-02-18T01:21:06.872+0200] {processor.py:925} INFO - DAG(s) 'example_params_trigger_ui' retrieved from /home/munyah/.local/lib/python3.10/site-packages/airflow/example_dags/example_params_trigger_ui.py
[2025-02-18T01:21:06.920+0200] {logging_mixin.py:190} INFO - [2025-02-18T01:21:06.919+0200] {dag.py:3239} INFO - Sync 1 DAGs
[2025-02-18T01:21:06.934+0200] {logging_mixin.py:190} INFO - [2025-02-18T01:21:06.934+0200] {dag.py:4180} INFO - Setting next_dagrun for example_params_trigger_ui to None, run_after=None
[2025-02-18T01:21:06.956+0200] {processor.py:208} INFO - Processing /home/munyah/.local/lib/python3.10/site-packages/airflow/example_dags/example_params_trigger_ui.py took 0.111 seconds
[2025-02-18T01:22:16.398+0200] {processor.py:186} INFO - Started process (PID=351688) to work on /home/munyah/.local/lib/python3.10/site-packages/airflow/example_dags/example_params_trigger_ui.py
[2025-02-18T01:22:16.404+0200] {processor.py:914} INFO - Processing file /home/munyah/.local/lib/python3.10/site-packages/airflow/example_dags/example_params_trigger_ui.py for tasks to queue
[2025-02-18T01:22:16.408+0200] {logging_mixin.py:190} INFO - [2025-02-18T01:22:16.407+0200] {dagbag.py:588} INFO - Filling up the DagBag from /home/munyah/.local/lib/python3.10/site-packages/airflow/example_dags/example_params_trigger_ui.py
[2025-02-18T01:22:16.429+0200] {processor.py:925} INFO - DAG(s) 'example_params_trigger_ui' retrieved from /home/munyah/.local/lib/python3.10/site-packages/airflow/example_dags/example_params_trigger_ui.py
[2025-02-18T01:22:16.514+0200] {logging_mixin.py:190} INFO - [2025-02-18T01:22:16.514+0200] {dag.py:3239} INFO - Sync 1 DAGs
[2025-02-18T01:22:16.539+0200] {logging_mixin.py:190} INFO - [2025-02-18T01:22:16.539+0200] {dag.py:4180} INFO - Setting next_dagrun for example_params_trigger_ui to None, run_after=None
[2025-02-18T01:22:16.586+0200] {processor.py:208} INFO - Processing /home/munyah/.local/lib/python3.10/site-packages/airflow/example_dags/example_params_trigger_ui.py took 0.198 seconds
[2025-02-18T01:23:26.782+0200] {processor.py:186} INFO - Started process (PID=352121) to work on /home/munyah/.local/lib/python3.10/site-packages/airflow/example_dags/example_params_trigger_ui.py
[2025-02-18T01:23:26.784+0200] {processor.py:914} INFO - Processing file /home/munyah/.local/lib/python3.10/site-packages/airflow/example_dags/example_params_trigger_ui.py for tasks to queue
[2025-02-18T01:23:26.788+0200] {logging_mixin.py:190} INFO - [2025-02-18T01:23:26.788+0200] {dagbag.py:588} INFO - Filling up the DagBag from /home/munyah/.local/lib/python3.10/site-packages/airflow/example_dags/example_params_trigger_ui.py
[2025-02-18T01:23:26.806+0200] {processor.py:925} INFO - DAG(s) 'example_params_trigger_ui' retrieved from /home/munyah/.local/lib/python3.10/site-packages/airflow/example_dags/example_params_trigger_ui.py
[2025-02-18T01:23:26.853+0200] {logging_mixin.py:190} INFO - [2025-02-18T01:23:26.853+0200] {dag.py:3239} INFO - Sync 1 DAGs
[2025-02-18T01:23:26.868+0200] {logging_mixin.py:190} INFO - [2025-02-18T01:23:26.868+0200] {dag.py:4180} INFO - Setting next_dagrun for example_params_trigger_ui to None, run_after=None
[2025-02-18T01:23:26.889+0200] {processor.py:208} INFO - Processing /home/munyah/.local/lib/python3.10/site-packages/airflow/example_dags/example_params_trigger_ui.py took 0.117 seconds
[2025-02-18T01:24:36.588+0200] {processor.py:186} INFO - Started process (PID=352339) to work on /home/munyah/.local/lib/python3.10/site-packages/airflow/example_dags/example_params_trigger_ui.py
[2025-02-18T01:24:36.590+0200] {processor.py:914} INFO - Processing file /home/munyah/.local/lib/python3.10/site-packages/airflow/example_dags/example_params_trigger_ui.py for tasks to queue
[2025-02-18T01:24:36.594+0200] {logging_mixin.py:190} INFO - [2025-02-18T01:24:36.593+0200] {dagbag.py:588} INFO - Filling up the DagBag from /home/munyah/.local/lib/python3.10/site-packages/airflow/example_dags/example_params_trigger_ui.py
[2025-02-18T01:24:36.612+0200] {processor.py:925} INFO - DAG(s) 'example_params_trigger_ui' retrieved from /home/munyah/.local/lib/python3.10/site-packages/airflow/example_dags/example_params_trigger_ui.py
[2025-02-18T01:24:36.657+0200] {logging_mixin.py:190} INFO - [2025-02-18T01:24:36.656+0200] {dag.py:3239} INFO - Sync 1 DAGs
[2025-02-18T01:24:36.670+0200] {logging_mixin.py:190} INFO - [2025-02-18T01:24:36.670+0200] {dag.py:4180} INFO - Setting next_dagrun for example_params_trigger_ui to None, run_after=None
[2025-02-18T01:24:36.692+0200] {processor.py:208} INFO - Processing /home/munyah/.local/lib/python3.10/site-packages/airflow/example_dags/example_params_trigger_ui.py took 0.114 seconds
[2025-02-18T01:25:42.953+0200] {processor.py:186} INFO - Started process (PID=352599) to work on /home/munyah/.local/lib/python3.10/site-packages/airflow/example_dags/example_params_trigger_ui.py
[2025-02-18T01:25:42.954+0200] {processor.py:914} INFO - Processing file /home/munyah/.local/lib/python3.10/site-packages/airflow/example_dags/example_params_trigger_ui.py for tasks to queue
[2025-02-18T01:25:42.957+0200] {logging_mixin.py:190} INFO - [2025-02-18T01:25:42.957+0200] {dagbag.py:588} INFO - Filling up the DagBag from /home/munyah/.local/lib/python3.10/site-packages/airflow/example_dags/example_params_trigger_ui.py
[2025-02-18T01:25:42.971+0200] {processor.py:925} INFO - DAG(s) 'example_params_trigger_ui' retrieved from /home/munyah/.local/lib/python3.10/site-packages/airflow/example_dags/example_params_trigger_ui.py
[2025-02-18T01:25:43.017+0200] {logging_mixin.py:190} INFO - [2025-02-18T01:25:43.016+0200] {dag.py:3239} INFO - Sync 1 DAGs
[2025-02-18T01:25:43.030+0200] {logging_mixin.py:190} INFO - [2025-02-18T01:25:43.029+0200] {dag.py:4180} INFO - Setting next_dagrun for example_params_trigger_ui to None, run_after=None
[2025-02-18T01:25:43.050+0200] {processor.py:208} INFO - Processing /home/munyah/.local/lib/python3.10/site-packages/airflow/example_dags/example_params_trigger_ui.py took 0.104 seconds
[2025-02-18T01:26:49.662+0200] {processor.py:186} INFO - Started process (PID=352960) to work on /home/munyah/.local/lib/python3.10/site-packages/airflow/example_dags/example_params_trigger_ui.py
[2025-02-18T01:26:49.663+0200] {processor.py:914} INFO - Processing file /home/munyah/.local/lib/python3.10/site-packages/airflow/example_dags/example_params_trigger_ui.py for tasks to queue
[2025-02-18T01:26:49.666+0200] {logging_mixin.py:190} INFO - [2025-02-18T01:26:49.666+0200] {dagbag.py:588} INFO - Filling up the DagBag from /home/munyah/.local/lib/python3.10/site-packages/airflow/example_dags/example_params_trigger_ui.py
[2025-02-18T01:26:49.680+0200] {processor.py:925} INFO - DAG(s) 'example_params_trigger_ui' retrieved from /home/munyah/.local/lib/python3.10/site-packages/airflow/example_dags/example_params_trigger_ui.py
[2025-02-18T01:26:49.724+0200] {logging_mixin.py:190} INFO - [2025-02-18T01:26:49.724+0200] {dag.py:3239} INFO - Sync 1 DAGs
[2025-02-18T01:26:49.737+0200] {logging_mixin.py:190} INFO - [2025-02-18T01:26:49.737+0200] {dag.py:4180} INFO - Setting next_dagrun for example_params_trigger_ui to None, run_after=None
[2025-02-18T01:26:49.757+0200] {processor.py:208} INFO - Processing /home/munyah/.local/lib/python3.10/site-packages/airflow/example_dags/example_params_trigger_ui.py took 0.103 seconds
