[2025-02-18T01:20:13.514+0200] {processor.py:186} INFO - Started process (PID=350917) to work on /home/munyah/.local/lib/python3.10/site-packages/airflow/example_dags/example_display_name.py
[2025-02-18T01:20:13.515+0200] {processor.py:914} INFO - Processing file /home/munyah/.local/lib/python3.10/site-packages/airflow/example_dags/example_display_name.py for tasks to queue
[2025-02-18T01:20:13.519+0200] {logging_mixin.py:190} INFO - [2025-02-18T01:20:13.518+0200] {dagbag.py:588} INFO - Filling up the DagBag from /home/munyah/.local/lib/python3.10/site-packages/airflow/example_dags/example_display_name.py
[2025-02-18T01:20:13.528+0200] {processor.py:925} INFO - DAG(s) 'example_display_name' retrieved from /home/munyah/.local/lib/python3.10/site-packages/airflow/example_dags/example_display_name.py
[2025-02-18T01:20:13.546+0200] {logging_mixin.py:190} INFO - [2025-02-18T01:20:13.546+0200] {dag.py:3239} INFO - Sync 1 DAGs
[2025-02-18T01:20:13.562+0200] {logging_mixin.py:190} INFO - [2025-02-18T01:20:13.561+0200] {dag.py:4180} INFO - Setting next_dagrun for example_display_name to None, run_after=None
[2025-02-18T01:20:13.588+0200] {processor.py:208} INFO - Processing /home/munyah/.local/lib/python3.10/site-packages/airflow/example_dags/example_display_name.py took 0.083 seconds
[2025-02-18T01:21:30.037+0200] {processor.py:186} INFO - Started process (PID=351159) to work on /home/munyah/.local/lib/python3.10/site-packages/airflow/example_dags/example_display_name.py
[2025-02-18T01:21:30.039+0200] {processor.py:914} INFO - Processing file /home/munyah/.local/lib/python3.10/site-packages/airflow/example_dags/example_display_name.py for tasks to queue
[2025-02-18T01:21:30.041+0200] {logging_mixin.py:190} INFO - [2025-02-18T01:21:30.041+0200] {dagbag.py:588} INFO - Filling up the DagBag from /home/munyah/.local/lib/python3.10/site-packages/airflow/example_dags/example_display_name.py
[2025-02-18T01:21:30.050+0200] {processor.py:925} INFO - DAG(s) 'example_display_name' retrieved from /home/munyah/.local/lib/python3.10/site-packages/airflow/example_dags/example_display_name.py
[2025-02-18T01:21:30.066+0200] {logging_mixin.py:190} INFO - [2025-02-18T01:21:30.066+0200] {dag.py:3239} INFO - Sync 1 DAGs
[2025-02-18T01:21:30.079+0200] {logging_mixin.py:190} INFO - [2025-02-18T01:21:30.079+0200] {dag.py:4180} INFO - Setting next_dagrun for example_display_name to None, run_after=None
[2025-02-18T01:21:30.100+0200] {processor.py:208} INFO - Processing /home/munyah/.local/lib/python3.10/site-packages/airflow/example_dags/example_display_name.py took 0.070 seconds
[2025-02-18T01:22:39.955+0200] {processor.py:186} INFO - Started process (PID=351889) to work on /home/munyah/.local/lib/python3.10/site-packages/airflow/example_dags/example_display_name.py
[2025-02-18T01:22:39.956+0200] {processor.py:914} INFO - Processing file /home/munyah/.local/lib/python3.10/site-packages/airflow/example_dags/example_display_name.py for tasks to queue
[2025-02-18T01:22:39.959+0200] {logging_mixin.py:190} INFO - [2025-02-18T01:22:39.958+0200] {dagbag.py:588} INFO - Filling up the DagBag from /home/munyah/.local/lib/python3.10/site-packages/airflow/example_dags/example_display_name.py
[2025-02-18T01:22:39.969+0200] {processor.py:925} INFO - DAG(s) 'example_display_name' retrieved from /home/munyah/.local/lib/python3.10/site-packages/airflow/example_dags/example_display_name.py
[2025-02-18T01:22:39.984+0200] {logging_mixin.py:190} INFO - [2025-02-18T01:22:39.984+0200] {dag.py:3239} INFO - Sync 1 DAGs
[2025-02-18T01:22:39.998+0200] {logging_mixin.py:190} INFO - [2025-02-18T01:22:39.997+0200] {dag.py:4180} INFO - Setting next_dagrun for example_display_name to None, run_after=None
[2025-02-18T01:22:40.018+0200] {processor.py:208} INFO - Processing /home/munyah/.local/lib/python3.10/site-packages/airflow/example_dags/example_display_name.py took 0.071 seconds
[2025-02-18T01:23:52.646+0200] {processor.py:186} INFO - Started process (PID=352208) to work on /home/munyah/.local/lib/python3.10/site-packages/airflow/example_dags/example_display_name.py
[2025-02-18T01:23:52.647+0200] {processor.py:914} INFO - Processing file /home/munyah/.local/lib/python3.10/site-packages/airflow/example_dags/example_display_name.py for tasks to queue
[2025-02-18T01:23:52.650+0200] {logging_mixin.py:190} INFO - [2025-02-18T01:23:52.649+0200] {dagbag.py:588} INFO - Filling up the DagBag from /home/munyah/.local/lib/python3.10/site-packages/airflow/example_dags/example_display_name.py
[2025-02-18T01:23:52.659+0200] {processor.py:925} INFO - DAG(s) 'example_display_name' retrieved from /home/munyah/.local/lib/python3.10/site-packages/airflow/example_dags/example_display_name.py
[2025-02-18T01:23:52.675+0200] {logging_mixin.py:190} INFO - [2025-02-18T01:23:52.675+0200] {dag.py:3239} INFO - Sync 1 DAGs
[2025-02-18T01:23:52.689+0200] {logging_mixin.py:190} INFO - [2025-02-18T01:23:52.688+0200] {dag.py:4180} INFO - Setting next_dagrun for example_display_name to None, run_after=None
[2025-02-18T01:23:52.709+0200] {processor.py:208} INFO - Processing /home/munyah/.local/lib/python3.10/site-packages/airflow/example_dags/example_display_name.py took 0.071 seconds
[2025-02-18T01:24:59.184+0200] {processor.py:186} INFO - Started process (PID=352410) to work on /home/munyah/.local/lib/python3.10/site-packages/airflow/example_dags/example_display_name.py
[2025-02-18T01:24:59.185+0200] {processor.py:914} INFO - Processing file /home/munyah/.local/lib/python3.10/site-packages/airflow/example_dags/example_display_name.py for tasks to queue
[2025-02-18T01:24:59.187+0200] {logging_mixin.py:190} INFO - [2025-02-18T01:24:59.187+0200] {dagbag.py:588} INFO - Filling up the DagBag from /home/munyah/.local/lib/python3.10/site-packages/airflow/example_dags/example_display_name.py
[2025-02-18T01:24:59.197+0200] {processor.py:925} INFO - DAG(s) 'example_display_name' retrieved from /home/munyah/.local/lib/python3.10/site-packages/airflow/example_dags/example_display_name.py
[2025-02-18T01:24:59.214+0200] {logging_mixin.py:190} INFO - [2025-02-18T01:24:59.214+0200] {dag.py:3239} INFO - Sync 1 DAGs
[2025-02-18T01:24:59.227+0200] {logging_mixin.py:190} INFO - [2025-02-18T01:24:59.227+0200] {dag.py:4180} INFO - Setting next_dagrun for example_display_name to None, run_after=None
[2025-02-18T01:24:59.250+0200] {processor.py:208} INFO - Processing /home/munyah/.local/lib/python3.10/site-packages/airflow/example_dags/example_display_name.py took 0.074 seconds
[2025-02-18T01:26:03.746+0200] {processor.py:186} INFO - Started process (PID=352679) to work on /home/munyah/.local/lib/python3.10/site-packages/airflow/example_dags/example_display_name.py
[2025-02-18T01:26:03.748+0200] {processor.py:914} INFO - Processing file /home/munyah/.local/lib/python3.10/site-packages/airflow/example_dags/example_display_name.py for tasks to queue
[2025-02-18T01:26:03.750+0200] {logging_mixin.py:190} INFO - [2025-02-18T01:26:03.750+0200] {dagbag.py:588} INFO - Filling up the DagBag from /home/munyah/.local/lib/python3.10/site-packages/airflow/example_dags/example_display_name.py
[2025-02-18T01:26:03.759+0200] {processor.py:925} INFO - DAG(s) 'example_display_name' retrieved from /home/munyah/.local/lib/python3.10/site-packages/airflow/example_dags/example_display_name.py
[2025-02-18T01:26:03.775+0200] {logging_mixin.py:190} INFO - [2025-02-18T01:26:03.775+0200] {dag.py:3239} INFO - Sync 1 DAGs
[2025-02-18T01:26:03.788+0200] {logging_mixin.py:190} INFO - [2025-02-18T01:26:03.788+0200] {dag.py:4180} INFO - Setting next_dagrun for example_display_name to None, run_after=None
[2025-02-18T01:26:03.810+0200] {processor.py:208} INFO - Processing /home/munyah/.local/lib/python3.10/site-packages/airflow/example_dags/example_display_name.py took 0.070 seconds
[2025-02-18T01:27:13.041+0200] {processor.py:186} INFO - Started process (PID=353096) to work on /home/munyah/.local/lib/python3.10/site-packages/airflow/example_dags/example_display_name.py
[2025-02-18T01:27:13.042+0200] {processor.py:914} INFO - Processing file /home/munyah/.local/lib/python3.10/site-packages/airflow/example_dags/example_display_name.py for tasks to queue
[2025-02-18T01:27:13.044+0200] {logging_mixin.py:190} INFO - [2025-02-18T01:27:13.044+0200] {dagbag.py:588} INFO - Filling up the DagBag from /home/munyah/.local/lib/python3.10/site-packages/airflow/example_dags/example_display_name.py
[2025-02-18T01:27:13.054+0200] {processor.py:925} INFO - DAG(s) 'example_display_name' retrieved from /home/munyah/.local/lib/python3.10/site-packages/airflow/example_dags/example_display_name.py
[2025-02-18T01:27:13.069+0200] {logging_mixin.py:190} INFO - [2025-02-18T01:27:13.069+0200] {dag.py:3239} INFO - Sync 1 DAGs
[2025-02-18T01:27:13.083+0200] {logging_mixin.py:190} INFO - [2025-02-18T01:27:13.083+0200] {dag.py:4180} INFO - Setting next_dagrun for example_display_name to None, run_after=None
[2025-02-18T01:27:13.225+0200] {processor.py:208} INFO - Processing /home/munyah/.local/lib/python3.10/site-packages/airflow/example_dags/example_display_name.py took 0.192 seconds
