[2025-02-18T01:19:04.889+0200] {processor.py:186} INFO - Started process (PID=350664) to work on /home/munyah/.local/lib/python3.10/site-packages/airflow/example_dags/example_task_group.py
[2025-02-18T01:19:04.890+0200] {processor.py:914} INFO - Processing file /home/munyah/.local/lib/python3.10/site-packages/airflow/example_dags/example_task_group.py for tasks to queue
[2025-02-18T01:19:04.892+0200] {logging_mixin.py:190} INFO - [2025-02-18T01:19:04.892+0200] {dagbag.py:588} INFO - Filling up the DagBag from /home/munyah/.local/lib/python3.10/site-packages/airflow/example_dags/example_task_group.py
[2025-02-18T01:19:04.904+0200] {processor.py:925} INFO - DAG(s) 'example_task_group' retrieved from /home/munyah/.local/lib/python3.10/site-packages/airflow/example_dags/example_task_group.py
[2025-02-18T01:19:04.924+0200] {logging_mixin.py:190} INFO - [2025-02-18T01:19:04.924+0200] {dag.py:3239} INFO - Sync 1 DAGs
[2025-02-18T01:19:04.938+0200] {logging_mixin.py:190} INFO - [2025-02-18T01:19:04.938+0200] {dag.py:4180} INFO - Setting next_dagrun for example_task_group to None, run_after=None
[2025-02-18T01:19:04.961+0200] {processor.py:208} INFO - Processing /home/munyah/.local/lib/python3.10/site-packages/airflow/example_dags/example_task_group.py took 0.079 seconds
[2025-02-18T01:20:47.131+0200] {processor.py:186} INFO - Started process (PID=351015) to work on /home/munyah/.local/lib/python3.10/site-packages/airflow/example_dags/example_task_group.py
[2025-02-18T01:20:47.133+0200] {processor.py:914} INFO - Processing file /home/munyah/.local/lib/python3.10/site-packages/airflow/example_dags/example_task_group.py for tasks to queue
[2025-02-18T01:20:47.136+0200] {logging_mixin.py:190} INFO - [2025-02-18T01:20:47.135+0200] {dagbag.py:588} INFO - Filling up the DagBag from /home/munyah/.local/lib/python3.10/site-packages/airflow/example_dags/example_task_group.py
[2025-02-18T01:20:47.148+0200] {processor.py:925} INFO - DAG(s) 'example_task_group' retrieved from /home/munyah/.local/lib/python3.10/site-packages/airflow/example_dags/example_task_group.py
[2025-02-18T01:20:47.169+0200] {logging_mixin.py:190} INFO - [2025-02-18T01:20:47.169+0200] {dag.py:3239} INFO - Sync 1 DAGs
[2025-02-18T01:20:47.185+0200] {logging_mixin.py:190} INFO - [2025-02-18T01:20:47.184+0200] {dag.py:4180} INFO - Setting next_dagrun for example_task_group to None, run_after=None
[2025-02-18T01:20:47.347+0200] {processor.py:208} INFO - Processing /home/munyah/.local/lib/python3.10/site-packages/airflow/example_dags/example_task_group.py took 0.225 seconds
[2025-02-18T01:21:56.501+0200] {processor.py:186} INFO - Started process (PID=351284) to work on /home/munyah/.local/lib/python3.10/site-packages/airflow/example_dags/example_task_group.py
[2025-02-18T01:21:56.502+0200] {processor.py:914} INFO - Processing file /home/munyah/.local/lib/python3.10/site-packages/airflow/example_dags/example_task_group.py for tasks to queue
[2025-02-18T01:21:56.505+0200] {logging_mixin.py:190} INFO - [2025-02-18T01:21:56.504+0200] {dagbag.py:588} INFO - Filling up the DagBag from /home/munyah/.local/lib/python3.10/site-packages/airflow/example_dags/example_task_group.py
[2025-02-18T01:21:56.515+0200] {processor.py:925} INFO - DAG(s) 'example_task_group' retrieved from /home/munyah/.local/lib/python3.10/site-packages/airflow/example_dags/example_task_group.py
[2025-02-18T01:21:56.533+0200] {logging_mixin.py:190} INFO - [2025-02-18T01:21:56.533+0200] {dag.py:3239} INFO - Sync 1 DAGs
[2025-02-18T01:21:56.546+0200] {logging_mixin.py:190} INFO - [2025-02-18T01:21:56.546+0200] {dag.py:4180} INFO - Setting next_dagrun for example_task_group to None, run_after=None
[2025-02-18T01:21:56.693+0200] {processor.py:208} INFO - Processing /home/munyah/.local/lib/python3.10/site-packages/airflow/example_dags/example_task_group.py took 0.199 seconds
[2025-02-18T01:23:03.438+0200] {processor.py:186} INFO - Started process (PID=352046) to work on /home/munyah/.local/lib/python3.10/site-packages/airflow/example_dags/example_task_group.py
[2025-02-18T01:23:03.439+0200] {processor.py:914} INFO - Processing file /home/munyah/.local/lib/python3.10/site-packages/airflow/example_dags/example_task_group.py for tasks to queue
[2025-02-18T01:23:03.443+0200] {logging_mixin.py:190} INFO - [2025-02-18T01:23:03.442+0200] {dagbag.py:588} INFO - Filling up the DagBag from /home/munyah/.local/lib/python3.10/site-packages/airflow/example_dags/example_task_group.py
[2025-02-18T01:23:03.455+0200] {processor.py:925} INFO - DAG(s) 'example_task_group' retrieved from /home/munyah/.local/lib/python3.10/site-packages/airflow/example_dags/example_task_group.py
[2025-02-18T01:23:03.473+0200] {logging_mixin.py:190} INFO - [2025-02-18T01:23:03.473+0200] {dag.py:3239} INFO - Sync 1 DAGs
[2025-02-18T01:23:03.613+0200] {logging_mixin.py:190} INFO - [2025-02-18T01:23:03.612+0200] {dag.py:4180} INFO - Setting next_dagrun for example_task_group to None, run_after=None
[2025-02-18T01:23:03.638+0200] {processor.py:208} INFO - Processing /home/munyah/.local/lib/python3.10/site-packages/airflow/example_dags/example_task_group.py took 0.209 seconds
[2025-02-18T01:24:18.820+0200] {processor.py:186} INFO - Started process (PID=352283) to work on /home/munyah/.local/lib/python3.10/site-packages/airflow/example_dags/example_task_group.py
[2025-02-18T01:24:18.821+0200] {processor.py:914} INFO - Processing file /home/munyah/.local/lib/python3.10/site-packages/airflow/example_dags/example_task_group.py for tasks to queue
[2025-02-18T01:24:18.824+0200] {logging_mixin.py:190} INFO - [2025-02-18T01:24:18.823+0200] {dagbag.py:588} INFO - Filling up the DagBag from /home/munyah/.local/lib/python3.10/site-packages/airflow/example_dags/example_task_group.py
[2025-02-18T01:24:18.835+0200] {processor.py:925} INFO - DAG(s) 'example_task_group' retrieved from /home/munyah/.local/lib/python3.10/site-packages/airflow/example_dags/example_task_group.py
[2025-02-18T01:24:18.854+0200] {logging_mixin.py:190} INFO - [2025-02-18T01:24:18.853+0200] {dag.py:3239} INFO - Sync 1 DAGs
[2025-02-18T01:24:18.868+0200] {logging_mixin.py:190} INFO - [2025-02-18T01:24:18.867+0200] {dag.py:4180} INFO - Setting next_dagrun for example_task_group to None, run_after=None
[2025-02-18T01:24:18.892+0200] {processor.py:208} INFO - Processing /home/munyah/.local/lib/python3.10/site-packages/airflow/example_dags/example_task_group.py took 0.079 seconds
[2025-02-18T01:25:23.486+0200] {processor.py:186} INFO - Started process (PID=352486) to work on /home/munyah/.local/lib/python3.10/site-packages/airflow/example_dags/example_task_group.py
[2025-02-18T01:25:23.487+0200] {processor.py:914} INFO - Processing file /home/munyah/.local/lib/python3.10/site-packages/airflow/example_dags/example_task_group.py for tasks to queue
[2025-02-18T01:25:23.490+0200] {logging_mixin.py:190} INFO - [2025-02-18T01:25:23.489+0200] {dagbag.py:588} INFO - Filling up the DagBag from /home/munyah/.local/lib/python3.10/site-packages/airflow/example_dags/example_task_group.py
[2025-02-18T01:25:23.500+0200] {processor.py:925} INFO - DAG(s) 'example_task_group' retrieved from /home/munyah/.local/lib/python3.10/site-packages/airflow/example_dags/example_task_group.py
[2025-02-18T01:25:23.518+0200] {logging_mixin.py:190} INFO - [2025-02-18T01:25:23.517+0200] {dag.py:3239} INFO - Sync 1 DAGs
[2025-02-18T01:25:23.670+0200] {logging_mixin.py:190} INFO - [2025-02-18T01:25:23.670+0200] {dag.py:4180} INFO - Setting next_dagrun for example_task_group to None, run_after=None
[2025-02-18T01:25:23.693+0200] {processor.py:208} INFO - Processing /home/munyah/.local/lib/python3.10/site-packages/airflow/example_dags/example_task_group.py took 0.214 seconds
[2025-02-18T01:26:30.834+0200] {processor.py:186} INFO - Started process (PID=352825) to work on /home/munyah/.local/lib/python3.10/site-packages/airflow/example_dags/example_task_group.py
[2025-02-18T01:26:30.835+0200] {processor.py:914} INFO - Processing file /home/munyah/.local/lib/python3.10/site-packages/airflow/example_dags/example_task_group.py for tasks to queue
[2025-02-18T01:26:30.838+0200] {logging_mixin.py:190} INFO - [2025-02-18T01:26:30.837+0200] {dagbag.py:588} INFO - Filling up the DagBag from /home/munyah/.local/lib/python3.10/site-packages/airflow/example_dags/example_task_group.py
[2025-02-18T01:26:30.849+0200] {processor.py:925} INFO - DAG(s) 'example_task_group' retrieved from /home/munyah/.local/lib/python3.10/site-packages/airflow/example_dags/example_task_group.py
[2025-02-18T01:26:30.997+0200] {logging_mixin.py:190} INFO - [2025-02-18T01:26:30.996+0200] {dag.py:3239} INFO - Sync 1 DAGs
[2025-02-18T01:26:31.013+0200] {logging_mixin.py:190} INFO - [2025-02-18T01:26:31.013+0200] {dag.py:4180} INFO - Setting next_dagrun for example_task_group to None, run_after=None
[2025-02-18T01:26:31.034+0200] {processor.py:208} INFO - Processing /home/munyah/.local/lib/python3.10/site-packages/airflow/example_dags/example_task_group.py took 0.208 seconds
