[2025-02-18T01:20:25.115+0200] {processor.py:186} INFO - Started process (PID=350961) to work on /home/munyah/.local/lib/python3.10/site-packages/airflow/example_dags/example_branch_operator.py
[2025-02-18T01:20:25.117+0200] {processor.py:914} INFO - Processing file /home/munyah/.local/lib/python3.10/site-packages/airflow/example_dags/example_branch_operator.py for tasks to queue
[2025-02-18T01:20:25.120+0200] {logging_mixin.py:190} INFO - [2025-02-18T01:20:25.119+0200] {dagbag.py:588} INFO - Filling up the DagBag from /home/munyah/.local/lib/python3.10/site-packages/airflow/example_dags/example_branch_operator.py
[2025-02-18T01:20:25.123+0200] {processor.py:927} WARNING - No viable dags retrieved from /home/munyah/.local/lib/python3.10/site-packages/airflow/example_dags/example_branch_operator.py
[2025-02-18T01:20:25.136+0200] {processor.py:208} INFO - Processing /home/munyah/.local/lib/python3.10/site-packages/airflow/example_dags/example_branch_operator.py took 0.028 seconds
[2025-02-18T01:21:40.853+0200] {processor.py:186} INFO - Started process (PID=351186) to work on /home/munyah/.local/lib/python3.10/site-packages/airflow/example_dags/example_branch_operator.py
[2025-02-18T01:21:40.854+0200] {processor.py:914} INFO - Processing file /home/munyah/.local/lib/python3.10/site-packages/airflow/example_dags/example_branch_operator.py for tasks to queue
[2025-02-18T01:21:40.857+0200] {logging_mixin.py:190} INFO - [2025-02-18T01:21:40.856+0200] {dagbag.py:588} INFO - Filling up the DagBag from /home/munyah/.local/lib/python3.10/site-packages/airflow/example_dags/example_branch_operator.py
[2025-02-18T01:21:40.861+0200] {processor.py:927} WARNING - No viable dags retrieved from /home/munyah/.local/lib/python3.10/site-packages/airflow/example_dags/example_branch_operator.py
[2025-02-18T01:21:40.873+0200] {processor.py:208} INFO - Processing /home/munyah/.local/lib/python3.10/site-packages/airflow/example_dags/example_branch_operator.py took 0.027 seconds
[2025-02-18T01:22:50.471+0200] {processor.py:186} INFO - Started process (PID=351971) to work on /home/munyah/.local/lib/python3.10/site-packages/airflow/example_dags/example_branch_operator.py
[2025-02-18T01:22:50.472+0200] {processor.py:914} INFO - Processing file /home/munyah/.local/lib/python3.10/site-packages/airflow/example_dags/example_branch_operator.py for tasks to queue
[2025-02-18T01:22:50.474+0200] {logging_mixin.py:190} INFO - [2025-02-18T01:22:50.474+0200] {dagbag.py:588} INFO - Filling up the DagBag from /home/munyah/.local/lib/python3.10/site-packages/airflow/example_dags/example_branch_operator.py
[2025-02-18T01:22:50.478+0200] {processor.py:927} WARNING - No viable dags retrieved from /home/munyah/.local/lib/python3.10/site-packages/airflow/example_dags/example_branch_operator.py
[2025-02-18T01:22:50.488+0200] {processor.py:208} INFO - Processing /home/munyah/.local/lib/python3.10/site-packages/airflow/example_dags/example_branch_operator.py took 0.025 seconds
[2025-02-18T01:24:04.930+0200] {processor.py:186} INFO - Started process (PID=352236) to work on /home/munyah/.local/lib/python3.10/site-packages/airflow/example_dags/example_branch_operator.py
[2025-02-18T01:24:04.932+0200] {processor.py:914} INFO - Processing file /home/munyah/.local/lib/python3.10/site-packages/airflow/example_dags/example_branch_operator.py for tasks to queue
[2025-02-18T01:24:04.934+0200] {logging_mixin.py:190} INFO - [2025-02-18T01:24:04.934+0200] {dagbag.py:588} INFO - Filling up the DagBag from /home/munyah/.local/lib/python3.10/site-packages/airflow/example_dags/example_branch_operator.py
[2025-02-18T01:24:04.938+0200] {processor.py:927} WARNING - No viable dags retrieved from /home/munyah/.local/lib/python3.10/site-packages/airflow/example_dags/example_branch_operator.py
[2025-02-18T01:24:04.950+0200] {processor.py:208} INFO - Processing /home/munyah/.local/lib/python3.10/site-packages/airflow/example_dags/example_branch_operator.py took 0.027 seconds
[2025-02-18T01:25:10.360+0200] {processor.py:186} INFO - Started process (PID=352435) to work on /home/munyah/.local/lib/python3.10/site-packages/airflow/example_dags/example_branch_operator.py
[2025-02-18T01:25:10.361+0200] {processor.py:914} INFO - Processing file /home/munyah/.local/lib/python3.10/site-packages/airflow/example_dags/example_branch_operator.py for tasks to queue
[2025-02-18T01:25:10.363+0200] {logging_mixin.py:190} INFO - [2025-02-18T01:25:10.363+0200] {dagbag.py:588} INFO - Filling up the DagBag from /home/munyah/.local/lib/python3.10/site-packages/airflow/example_dags/example_branch_operator.py
[2025-02-18T01:25:10.368+0200] {processor.py:927} WARNING - No viable dags retrieved from /home/munyah/.local/lib/python3.10/site-packages/airflow/example_dags/example_branch_operator.py
[2025-02-18T01:25:10.379+0200] {processor.py:208} INFO - Processing /home/munyah/.local/lib/python3.10/site-packages/airflow/example_dags/example_branch_operator.py took 0.027 seconds
[2025-02-18T01:26:16.507+0200] {processor.py:186} INFO - Started process (PID=352768) to work on /home/munyah/.local/lib/python3.10/site-packages/airflow/example_dags/example_branch_operator.py
[2025-02-18T01:26:16.508+0200] {processor.py:914} INFO - Processing file /home/munyah/.local/lib/python3.10/site-packages/airflow/example_dags/example_branch_operator.py for tasks to queue
[2025-02-18T01:26:16.511+0200] {logging_mixin.py:190} INFO - [2025-02-18T01:26:16.510+0200] {dagbag.py:588} INFO - Filling up the DagBag from /home/munyah/.local/lib/python3.10/site-packages/airflow/example_dags/example_branch_operator.py
[2025-02-18T01:26:16.514+0200] {processor.py:927} WARNING - No viable dags retrieved from /home/munyah/.local/lib/python3.10/site-packages/airflow/example_dags/example_branch_operator.py
[2025-02-18T01:26:16.525+0200] {processor.py:208} INFO - Processing /home/munyah/.local/lib/python3.10/site-packages/airflow/example_dags/example_branch_operator.py took 0.025 seconds
[2025-02-18T01:27:25.136+0200] {processor.py:186} INFO - Started process (PID=353131) to work on /home/munyah/.local/lib/python3.10/site-packages/airflow/example_dags/example_branch_operator.py
[2025-02-18T01:27:25.137+0200] {processor.py:914} INFO - Processing file /home/munyah/.local/lib/python3.10/site-packages/airflow/example_dags/example_branch_operator.py for tasks to queue
[2025-02-18T01:27:25.140+0200] {logging_mixin.py:190} INFO - [2025-02-18T01:27:25.139+0200] {dagbag.py:588} INFO - Filling up the DagBag from /home/munyah/.local/lib/python3.10/site-packages/airflow/example_dags/example_branch_operator.py
[2025-02-18T01:27:25.143+0200] {processor.py:927} WARNING - No viable dags retrieved from /home/munyah/.local/lib/python3.10/site-packages/airflow/example_dags/example_branch_operator.py
[2025-02-18T01:27:25.155+0200] {processor.py:208} INFO - Processing /home/munyah/.local/lib/python3.10/site-packages/airflow/example_dags/example_branch_operator.py took 0.026 seconds
