[2025-02-18T01:20:26.284+0200] {processor.py:186} INFO - Started process (PID=350962) to work on /home/munyah/.local/lib/python3.10/site-packages/airflow/example_dags/example_branch_day_of_week_operator.py
[2025-02-18T01:20:26.285+0200] {processor.py:914} INFO - Processing file /home/munyah/.local/lib/python3.10/site-packages/airflow/example_dags/example_branch_day_of_week_operator.py for tasks to queue
[2025-02-18T01:20:26.287+0200] {logging_mixin.py:190} INFO - [2025-02-18T01:20:26.287+0200] {dagbag.py:588} INFO - Filling up the DagBag from /home/munyah/.local/lib/python3.10/site-packages/airflow/example_dags/example_branch_day_of_week_operator.py
[2025-02-18T01:20:26.299+0200] {processor.py:925} INFO - DAG(s) 'example_weekday_branch_operator' retrieved from /home/munyah/.local/lib/python3.10/site-packages/airflow/example_dags/example_branch_day_of_week_operator.py
[2025-02-18T01:20:26.318+0200] {logging_mixin.py:190} INFO - [2025-02-18T01:20:26.318+0200] {dag.py:3239} INFO - Sync 1 DAGs
[2025-02-18T01:20:26.342+0200] {logging_mixin.py:190} INFO - [2025-02-18T01:20:26.341+0200] {dag.py:4180} INFO - Setting next_dagrun for example_weekday_branch_operator to 2025-02-16 00:00:00+00:00, run_after=2025-02-17 00:00:00+00:00
[2025-02-18T01:20:26.365+0200] {processor.py:208} INFO - Processing /home/munyah/.local/lib/python3.10/site-packages/airflow/example_dags/example_branch_day_of_week_operator.py took 0.088 seconds
[2025-02-18T01:21:42.010+0200] {processor.py:186} INFO - Started process (PID=351187) to work on /home/munyah/.local/lib/python3.10/site-packages/airflow/example_dags/example_branch_day_of_week_operator.py
[2025-02-18T01:21:42.011+0200] {processor.py:914} INFO - Processing file /home/munyah/.local/lib/python3.10/site-packages/airflow/example_dags/example_branch_day_of_week_operator.py for tasks to queue
[2025-02-18T01:21:42.014+0200] {logging_mixin.py:190} INFO - [2025-02-18T01:21:42.013+0200] {dagbag.py:588} INFO - Filling up the DagBag from /home/munyah/.local/lib/python3.10/site-packages/airflow/example_dags/example_branch_day_of_week_operator.py
[2025-02-18T01:21:42.025+0200] {processor.py:925} INFO - DAG(s) 'example_weekday_branch_operator' retrieved from /home/munyah/.local/lib/python3.10/site-packages/airflow/example_dags/example_branch_day_of_week_operator.py
[2025-02-18T01:21:42.042+0200] {logging_mixin.py:190} INFO - [2025-02-18T01:21:42.042+0200] {dag.py:3239} INFO - Sync 1 DAGs
[2025-02-18T01:21:42.064+0200] {logging_mixin.py:190} INFO - [2025-02-18T01:21:42.064+0200] {dag.py:4180} INFO - Setting next_dagrun for example_weekday_branch_operator to 2025-02-16 00:00:00+00:00, run_after=2025-02-17 00:00:00+00:00
[2025-02-18T01:21:42.207+0200] {processor.py:208} INFO - Processing /home/munyah/.local/lib/python3.10/site-packages/airflow/example_dags/example_branch_day_of_week_operator.py took 0.203 seconds
[2025-02-18T01:22:51.644+0200] {processor.py:186} INFO - Started process (PID=351983) to work on /home/munyah/.local/lib/python3.10/site-packages/airflow/example_dags/example_branch_day_of_week_operator.py
[2025-02-18T01:22:51.645+0200] {processor.py:914} INFO - Processing file /home/munyah/.local/lib/python3.10/site-packages/airflow/example_dags/example_branch_day_of_week_operator.py for tasks to queue
[2025-02-18T01:22:51.648+0200] {logging_mixin.py:190} INFO - [2025-02-18T01:22:51.648+0200] {dagbag.py:588} INFO - Filling up the DagBag from /home/munyah/.local/lib/python3.10/site-packages/airflow/example_dags/example_branch_day_of_week_operator.py
[2025-02-18T01:22:51.659+0200] {processor.py:925} INFO - DAG(s) 'example_weekday_branch_operator' retrieved from /home/munyah/.local/lib/python3.10/site-packages/airflow/example_dags/example_branch_day_of_week_operator.py
[2025-02-18T01:22:51.676+0200] {logging_mixin.py:190} INFO - [2025-02-18T01:22:51.675+0200] {dag.py:3239} INFO - Sync 1 DAGs
[2025-02-18T01:22:51.698+0200] {logging_mixin.py:190} INFO - [2025-02-18T01:22:51.698+0200] {dag.py:4180} INFO - Setting next_dagrun for example_weekday_branch_operator to 2025-02-16 00:00:00+00:00, run_after=2025-02-17 00:00:00+00:00
[2025-02-18T01:22:51.843+0200] {processor.py:208} INFO - Processing /home/munyah/.local/lib/python3.10/site-packages/airflow/example_dags/example_branch_day_of_week_operator.py took 0.206 seconds
[2025-02-18T01:24:06.110+0200] {processor.py:186} INFO - Started process (PID=352237) to work on /home/munyah/.local/lib/python3.10/site-packages/airflow/example_dags/example_branch_day_of_week_operator.py
[2025-02-18T01:24:06.111+0200] {processor.py:914} INFO - Processing file /home/munyah/.local/lib/python3.10/site-packages/airflow/example_dags/example_branch_day_of_week_operator.py for tasks to queue
[2025-02-18T01:24:06.114+0200] {logging_mixin.py:190} INFO - [2025-02-18T01:24:06.113+0200] {dagbag.py:588} INFO - Filling up the DagBag from /home/munyah/.local/lib/python3.10/site-packages/airflow/example_dags/example_branch_day_of_week_operator.py
[2025-02-18T01:24:06.126+0200] {processor.py:925} INFO - DAG(s) 'example_weekday_branch_operator' retrieved from /home/munyah/.local/lib/python3.10/site-packages/airflow/example_dags/example_branch_day_of_week_operator.py
[2025-02-18T01:24:06.144+0200] {logging_mixin.py:190} INFO - [2025-02-18T01:24:06.144+0200] {dag.py:3239} INFO - Sync 1 DAGs
[2025-02-18T01:24:06.302+0200] {logging_mixin.py:190} INFO - [2025-02-18T01:24:06.301+0200] {dag.py:4180} INFO - Setting next_dagrun for example_weekday_branch_operator to 2025-02-16 00:00:00+00:00, run_after=2025-02-17 00:00:00+00:00
[2025-02-18T01:24:06.326+0200] {processor.py:208} INFO - Processing /home/munyah/.local/lib/python3.10/site-packages/airflow/example_dags/example_branch_day_of_week_operator.py took 0.224 seconds
[2025-02-18T01:25:11.524+0200] {processor.py:186} INFO - Started process (PID=352452) to work on /home/munyah/.local/lib/python3.10/site-packages/airflow/example_dags/example_branch_day_of_week_operator.py
[2025-02-18T01:25:11.525+0200] {processor.py:914} INFO - Processing file /home/munyah/.local/lib/python3.10/site-packages/airflow/example_dags/example_branch_day_of_week_operator.py for tasks to queue
[2025-02-18T01:25:11.529+0200] {logging_mixin.py:190} INFO - [2025-02-18T01:25:11.528+0200] {dagbag.py:588} INFO - Filling up the DagBag from /home/munyah/.local/lib/python3.10/site-packages/airflow/example_dags/example_branch_day_of_week_operator.py
[2025-02-18T01:25:11.546+0200] {processor.py:925} INFO - DAG(s) 'example_weekday_branch_operator' retrieved from /home/munyah/.local/lib/python3.10/site-packages/airflow/example_dags/example_branch_day_of_week_operator.py
[2025-02-18T01:25:11.571+0200] {logging_mixin.py:190} INFO - [2025-02-18T01:25:11.571+0200] {dag.py:3239} INFO - Sync 1 DAGs
[2025-02-18T01:25:11.743+0200] {logging_mixin.py:190} INFO - [2025-02-18T01:25:11.743+0200] {dag.py:4180} INFO - Setting next_dagrun for example_weekday_branch_operator to 2025-02-16 00:00:00+00:00, run_after=2025-02-17 00:00:00+00:00
[2025-02-18T01:25:11.768+0200] {processor.py:208} INFO - Processing /home/munyah/.local/lib/python3.10/site-packages/airflow/example_dags/example_branch_day_of_week_operator.py took 0.255 seconds
[2025-02-18T01:26:17.426+0200] {processor.py:186} INFO - Started process (PID=352772) to work on /home/munyah/.local/lib/python3.10/site-packages/airflow/example_dags/example_branch_day_of_week_operator.py
[2025-02-18T01:26:17.427+0200] {processor.py:914} INFO - Processing file /home/munyah/.local/lib/python3.10/site-packages/airflow/example_dags/example_branch_day_of_week_operator.py for tasks to queue
[2025-02-18T01:26:17.430+0200] {logging_mixin.py:190} INFO - [2025-02-18T01:26:17.429+0200] {dagbag.py:588} INFO - Filling up the DagBag from /home/munyah/.local/lib/python3.10/site-packages/airflow/example_dags/example_branch_day_of_week_operator.py
[2025-02-18T01:26:17.442+0200] {processor.py:925} INFO - DAG(s) 'example_weekday_branch_operator' retrieved from /home/munyah/.local/lib/python3.10/site-packages/airflow/example_dags/example_branch_day_of_week_operator.py
[2025-02-18T01:26:17.459+0200] {logging_mixin.py:190} INFO - [2025-02-18T01:26:17.459+0200] {dag.py:3239} INFO - Sync 1 DAGs
[2025-02-18T01:26:17.608+0200] {logging_mixin.py:190} INFO - [2025-02-18T01:26:17.608+0200] {dag.py:4180} INFO - Setting next_dagrun for example_weekday_branch_operator to 2025-02-16 00:00:00+00:00, run_after=2025-02-17 00:00:00+00:00
[2025-02-18T01:26:17.630+0200] {processor.py:208} INFO - Processing /home/munyah/.local/lib/python3.10/site-packages/airflow/example_dags/example_branch_day_of_week_operator.py took 0.212 seconds
[2025-02-18T01:27:26.349+0200] {processor.py:186} INFO - Started process (PID=353132) to work on /home/munyah/.local/lib/python3.10/site-packages/airflow/example_dags/example_branch_day_of_week_operator.py
[2025-02-18T01:27:26.350+0200] {processor.py:914} INFO - Processing file /home/munyah/.local/lib/python3.10/site-packages/airflow/example_dags/example_branch_day_of_week_operator.py for tasks to queue
[2025-02-18T01:27:26.353+0200] {logging_mixin.py:190} INFO - [2025-02-18T01:27:26.352+0200] {dagbag.py:588} INFO - Filling up the DagBag from /home/munyah/.local/lib/python3.10/site-packages/airflow/example_dags/example_branch_day_of_week_operator.py
[2025-02-18T01:27:26.365+0200] {processor.py:925} INFO - DAG(s) 'example_weekday_branch_operator' retrieved from /home/munyah/.local/lib/python3.10/site-packages/airflow/example_dags/example_branch_day_of_week_operator.py
[2025-02-18T01:27:26.382+0200] {logging_mixin.py:190} INFO - [2025-02-18T01:27:26.382+0200] {dag.py:3239} INFO - Sync 1 DAGs
[2025-02-18T01:27:26.534+0200] {logging_mixin.py:190} INFO - [2025-02-18T01:27:26.534+0200] {dag.py:4180} INFO - Setting next_dagrun for example_weekday_branch_operator to 2025-02-16 00:00:00+00:00, run_after=2025-02-17 00:00:00+00:00
[2025-02-18T01:27:26.556+0200] {processor.py:208} INFO - Processing /home/munyah/.local/lib/python3.10/site-packages/airflow/example_dags/example_branch_day_of_week_operator.py took 0.215 seconds
