[2025-02-18T01:19:18.458+0200] {processor.py:186} INFO - Started process (PID=350700) to work on /home/munyah/.local/lib/python3.10/site-packages/airflow/example_dags/example_setup_teardown.py
[2025-02-18T01:19:18.459+0200] {processor.py:914} INFO - Processing file /home/munyah/.local/lib/python3.10/site-packages/airflow/example_dags/example_setup_teardown.py for tasks to queue
[2025-02-18T01:19:18.461+0200] {logging_mixin.py:190} INFO - [2025-02-18T01:19:18.461+0200] {dagbag.py:588} INFO - Filling up the DagBag from /home/munyah/.local/lib/python3.10/site-packages/airflow/example_dags/example_setup_teardown.py
[2025-02-18T01:19:18.476+0200] {processor.py:925} INFO - DAG(s) 'example_setup_teardown' retrieved from /home/munyah/.local/lib/python3.10/site-packages/airflow/example_dags/example_setup_teardown.py
[2025-02-18T01:19:18.499+0200] {logging_mixin.py:190} INFO - [2025-02-18T01:19:18.499+0200] {dag.py:3239} INFO - Sync 1 DAGs
[2025-02-18T01:19:18.514+0200] {logging_mixin.py:190} INFO - [2025-02-18T01:19:18.514+0200] {dag.py:4180} INFO - Setting next_dagrun for example_setup_teardown to None, run_after=None
[2025-02-18T01:19:18.538+0200] {processor.py:208} INFO - Processing /home/munyah/.local/lib/python3.10/site-packages/airflow/example_dags/example_setup_teardown.py took 0.090 seconds
[2025-02-18T01:21:01.730+0200] {processor.py:186} INFO - Started process (PID=351062) to work on /home/munyah/.local/lib/python3.10/site-packages/airflow/example_dags/example_setup_teardown.py
[2025-02-18T01:21:01.733+0200] {processor.py:914} INFO - Processing file /home/munyah/.local/lib/python3.10/site-packages/airflow/example_dags/example_setup_teardown.py for tasks to queue
[2025-02-18T01:21:01.737+0200] {logging_mixin.py:190} INFO - [2025-02-18T01:21:01.736+0200] {dagbag.py:588} INFO - Filling up the DagBag from /home/munyah/.local/lib/python3.10/site-packages/airflow/example_dags/example_setup_teardown.py
[2025-02-18T01:21:01.751+0200] {processor.py:925} INFO - DAG(s) 'example_setup_teardown' retrieved from /home/munyah/.local/lib/python3.10/site-packages/airflow/example_dags/example_setup_teardown.py
[2025-02-18T01:21:01.771+0200] {logging_mixin.py:190} INFO - [2025-02-18T01:21:01.771+0200] {dag.py:3239} INFO - Sync 1 DAGs
[2025-02-18T01:21:01.786+0200] {logging_mixin.py:190} INFO - [2025-02-18T01:21:01.786+0200] {dag.py:4180} INFO - Setting next_dagrun for example_setup_teardown to None, run_after=None
[2025-02-18T01:21:01.810+0200] {processor.py:208} INFO - Processing /home/munyah/.local/lib/python3.10/site-packages/airflow/example_dags/example_setup_teardown.py took 0.091 seconds
[2025-02-18T01:22:10.488+0200] {processor.py:186} INFO - Started process (PID=351572) to work on /home/munyah/.local/lib/python3.10/site-packages/airflow/example_dags/example_setup_teardown.py
[2025-02-18T01:22:10.489+0200] {processor.py:914} INFO - Processing file /home/munyah/.local/lib/python3.10/site-packages/airflow/example_dags/example_setup_teardown.py for tasks to queue
[2025-02-18T01:22:10.494+0200] {logging_mixin.py:190} INFO - [2025-02-18T01:22:10.493+0200] {dagbag.py:588} INFO - Filling up the DagBag from /home/munyah/.local/lib/python3.10/site-packages/airflow/example_dags/example_setup_teardown.py
[2025-02-18T01:22:10.510+0200] {processor.py:925} INFO - DAG(s) 'example_setup_teardown' retrieved from /home/munyah/.local/lib/python3.10/site-packages/airflow/example_dags/example_setup_teardown.py
[2025-02-18T01:22:10.541+0200] {logging_mixin.py:190} INFO - [2025-02-18T01:22:10.541+0200] {dag.py:3239} INFO - Sync 1 DAGs
[2025-02-18T01:22:10.569+0200] {logging_mixin.py:190} INFO - [2025-02-18T01:22:10.568+0200] {dag.py:4180} INFO - Setting next_dagrun for example_setup_teardown to None, run_after=None
[2025-02-18T01:22:10.627+0200] {processor.py:208} INFO - Processing /home/munyah/.local/lib/python3.10/site-packages/airflow/example_dags/example_setup_teardown.py took 0.151 seconds
[2025-02-18T01:23:20.843+0200] {processor.py:186} INFO - Started process (PID=352108) to work on /home/munyah/.local/lib/python3.10/site-packages/airflow/example_dags/example_setup_teardown.py
[2025-02-18T01:23:20.844+0200] {processor.py:914} INFO - Processing file /home/munyah/.local/lib/python3.10/site-packages/airflow/example_dags/example_setup_teardown.py for tasks to queue
[2025-02-18T01:23:20.846+0200] {logging_mixin.py:190} INFO - [2025-02-18T01:23:20.846+0200] {dagbag.py:588} INFO - Filling up the DagBag from /home/munyah/.local/lib/python3.10/site-packages/airflow/example_dags/example_setup_teardown.py
[2025-02-18T01:23:20.856+0200] {processor.py:925} INFO - DAG(s) 'example_setup_teardown' retrieved from /home/munyah/.local/lib/python3.10/site-packages/airflow/example_dags/example_setup_teardown.py
[2025-02-18T01:23:20.873+0200] {logging_mixin.py:190} INFO - [2025-02-18T01:23:20.873+0200] {dag.py:3239} INFO - Sync 1 DAGs
[2025-02-18T01:23:21.011+0200] {logging_mixin.py:190} INFO - [2025-02-18T01:23:21.011+0200] {dag.py:4180} INFO - Setting next_dagrun for example_setup_teardown to None, run_after=None
[2025-02-18T01:23:21.037+0200] {processor.py:208} INFO - Processing /home/munyah/.local/lib/python3.10/site-packages/airflow/example_dags/example_setup_teardown.py took 0.201 seconds
[2025-02-18T01:24:31.498+0200] {processor.py:186} INFO - Started process (PID=352328) to work on /home/munyah/.local/lib/python3.10/site-packages/airflow/example_dags/example_setup_teardown.py
[2025-02-18T01:24:31.499+0200] {processor.py:914} INFO - Processing file /home/munyah/.local/lib/python3.10/site-packages/airflow/example_dags/example_setup_teardown.py for tasks to queue
[2025-02-18T01:24:31.502+0200] {logging_mixin.py:190} INFO - [2025-02-18T01:24:31.501+0200] {dagbag.py:588} INFO - Filling up the DagBag from /home/munyah/.local/lib/python3.10/site-packages/airflow/example_dags/example_setup_teardown.py
[2025-02-18T01:24:31.511+0200] {processor.py:925} INFO - DAG(s) 'example_setup_teardown' retrieved from /home/munyah/.local/lib/python3.10/site-packages/airflow/example_dags/example_setup_teardown.py
[2025-02-18T01:24:31.528+0200] {logging_mixin.py:190} INFO - [2025-02-18T01:24:31.528+0200] {dag.py:3239} INFO - Sync 1 DAGs
[2025-02-18T01:24:31.541+0200] {logging_mixin.py:190} INFO - [2025-02-18T01:24:31.541+0200] {dag.py:4180} INFO - Setting next_dagrun for example_setup_teardown to None, run_after=None
[2025-02-18T01:24:31.560+0200] {processor.py:208} INFO - Processing /home/munyah/.local/lib/python3.10/site-packages/airflow/example_dags/example_setup_teardown.py took 0.069 seconds
[2025-02-18T01:25:36.849+0200] {processor.py:186} INFO - Started process (PID=352572) to work on /home/munyah/.local/lib/python3.10/site-packages/airflow/example_dags/example_setup_teardown.py
[2025-02-18T01:25:36.851+0200] {processor.py:914} INFO - Processing file /home/munyah/.local/lib/python3.10/site-packages/airflow/example_dags/example_setup_teardown.py for tasks to queue
[2025-02-18T01:25:36.853+0200] {logging_mixin.py:190} INFO - [2025-02-18T01:25:36.853+0200] {dagbag.py:588} INFO - Filling up the DagBag from /home/munyah/.local/lib/python3.10/site-packages/airflow/example_dags/example_setup_teardown.py
[2025-02-18T01:25:36.864+0200] {processor.py:925} INFO - DAG(s) 'example_setup_teardown' retrieved from /home/munyah/.local/lib/python3.10/site-packages/airflow/example_dags/example_setup_teardown.py
[2025-02-18T01:25:36.881+0200] {logging_mixin.py:190} INFO - [2025-02-18T01:25:36.881+0200] {dag.py:3239} INFO - Sync 1 DAGs
[2025-02-18T01:25:36.894+0200] {logging_mixin.py:190} INFO - [2025-02-18T01:25:36.894+0200] {dag.py:4180} INFO - Setting next_dagrun for example_setup_teardown to None, run_after=None
[2025-02-18T01:25:36.915+0200] {processor.py:208} INFO - Processing /home/munyah/.local/lib/python3.10/site-packages/airflow/example_dags/example_setup_teardown.py took 0.073 seconds
[2025-02-18T01:26:45.491+0200] {processor.py:186} INFO - Started process (PID=352927) to work on /home/munyah/.local/lib/python3.10/site-packages/airflow/example_dags/example_setup_teardown.py
[2025-02-18T01:26:45.492+0200] {processor.py:914} INFO - Processing file /home/munyah/.local/lib/python3.10/site-packages/airflow/example_dags/example_setup_teardown.py for tasks to queue
[2025-02-18T01:26:45.495+0200] {logging_mixin.py:190} INFO - [2025-02-18T01:26:45.495+0200] {dagbag.py:588} INFO - Filling up the DagBag from /home/munyah/.local/lib/python3.10/site-packages/airflow/example_dags/example_setup_teardown.py
[2025-02-18T01:26:45.505+0200] {processor.py:925} INFO - DAG(s) 'example_setup_teardown' retrieved from /home/munyah/.local/lib/python3.10/site-packages/airflow/example_dags/example_setup_teardown.py
[2025-02-18T01:26:45.522+0200] {logging_mixin.py:190} INFO - [2025-02-18T01:26:45.522+0200] {dag.py:3239} INFO - Sync 1 DAGs
[2025-02-18T01:26:45.535+0200] {logging_mixin.py:190} INFO - [2025-02-18T01:26:45.535+0200] {dag.py:4180} INFO - Setting next_dagrun for example_setup_teardown to None, run_after=None
[2025-02-18T01:26:45.556+0200] {processor.py:208} INFO - Processing /home/munyah/.local/lib/python3.10/site-packages/airflow/example_dags/example_setup_teardown.py took 0.072 seconds
