[2025-02-18T01:20:19.783+0200] {processor.py:186} INFO - Started process (PID=350937) to work on /home/munyah/.local/lib/python3.10/site-packages/airflow/example_dags/example_dataset_alias_with_no_taskflow.py
[2025-02-18T01:20:19.784+0200] {processor.py:914} INFO - Processing file /home/munyah/.local/lib/python3.10/site-packages/airflow/example_dags/example_dataset_alias_with_no_taskflow.py for tasks to queue
[2025-02-18T01:20:19.787+0200] {logging_mixin.py:190} INFO - [2025-02-18T01:20:19.786+0200] {dagbag.py:588} INFO - Filling up the DagBag from /home/munyah/.local/lib/python3.10/site-packages/airflow/example_dags/example_dataset_alias_with_no_taskflow.py
[2025-02-18T01:20:19.814+0200] {processor.py:925} INFO - DAG(s) 'dataset_alias_example_alias_producer_with_no_taskflow', 'dataset_alias_example_alias_consumer_with_no_taskflow', 'dataset_s3_bucket_producer_with_no_taskflow', 'dataset_s3_bucket_consumer_with_no_taskflow' retrieved from /home/munyah/.local/lib/python3.10/site-packages/airflow/example_dags/example_dataset_alias_with_no_taskflow.py
[2025-02-18T01:20:19.838+0200] {logging_mixin.py:190} INFO - [2025-02-18T01:20:19.837+0200] {dag.py:3239} INFO - Sync 4 DAGs
[2025-02-18T01:20:19.861+0200] {logging_mixin.py:190} INFO - [2025-02-18T01:20:19.861+0200] {dag.py:4180} INFO - Setting next_dagrun for dataset_alias_example_alias_consumer_with_no_taskflow to None, run_after=None
[2025-02-18T01:20:19.863+0200] {logging_mixin.py:190} INFO - [2025-02-18T01:20:19.863+0200] {dag.py:4180} INFO - Setting next_dagrun for dataset_alias_example_alias_producer_with_no_taskflow to None, run_after=None
[2025-02-18T01:20:19.864+0200] {logging_mixin.py:190} INFO - [2025-02-18T01:20:19.864+0200] {dag.py:4180} INFO - Setting next_dagrun for dataset_s3_bucket_consumer_with_no_taskflow to None, run_after=None
[2025-02-18T01:20:19.865+0200] {logging_mixin.py:190} INFO - [2025-02-18T01:20:19.865+0200] {dag.py:4180} INFO - Setting next_dagrun for dataset_s3_bucket_producer_with_no_taskflow to None, run_after=None
[2025-02-18T01:20:19.890+0200] {processor.py:208} INFO - Processing /home/munyah/.local/lib/python3.10/site-packages/airflow/example_dags/example_dataset_alias_with_no_taskflow.py took 0.115 seconds
[2025-02-18T01:21:35.560+0200] {processor.py:186} INFO - Started process (PID=351177) to work on /home/munyah/.local/lib/python3.10/site-packages/airflow/example_dags/example_dataset_alias_with_no_taskflow.py
[2025-02-18T01:21:35.561+0200] {processor.py:914} INFO - Processing file /home/munyah/.local/lib/python3.10/site-packages/airflow/example_dags/example_dataset_alias_with_no_taskflow.py for tasks to queue
[2025-02-18T01:21:35.564+0200] {logging_mixin.py:190} INFO - [2025-02-18T01:21:35.563+0200] {dagbag.py:588} INFO - Filling up the DagBag from /home/munyah/.local/lib/python3.10/site-packages/airflow/example_dags/example_dataset_alias_with_no_taskflow.py
[2025-02-18T01:21:35.589+0200] {processor.py:925} INFO - DAG(s) 'dataset_s3_bucket_producer_with_no_taskflow', 'dataset_alias_example_alias_producer_with_no_taskflow', 'dataset_s3_bucket_consumer_with_no_taskflow', 'dataset_alias_example_alias_consumer_with_no_taskflow' retrieved from /home/munyah/.local/lib/python3.10/site-packages/airflow/example_dags/example_dataset_alias_with_no_taskflow.py
[2025-02-18T01:21:35.611+0200] {logging_mixin.py:190} INFO - [2025-02-18T01:21:35.611+0200] {dag.py:3239} INFO - Sync 4 DAGs
[2025-02-18T01:21:35.633+0200] {logging_mixin.py:190} INFO - [2025-02-18T01:21:35.632+0200] {dag.py:4180} INFO - Setting next_dagrun for dataset_alias_example_alias_consumer_with_no_taskflow to None, run_after=None
[2025-02-18T01:21:35.635+0200] {logging_mixin.py:190} INFO - [2025-02-18T01:21:35.635+0200] {dag.py:4180} INFO - Setting next_dagrun for dataset_alias_example_alias_producer_with_no_taskflow to None, run_after=None
[2025-02-18T01:21:35.637+0200] {logging_mixin.py:190} INFO - [2025-02-18T01:21:35.637+0200] {dag.py:4180} INFO - Setting next_dagrun for dataset_s3_bucket_consumer_with_no_taskflow to None, run_after=None
[2025-02-18T01:21:35.638+0200] {logging_mixin.py:190} INFO - [2025-02-18T01:21:35.638+0200] {dag.py:4180} INFO - Setting next_dagrun for dataset_s3_bucket_producer_with_no_taskflow to None, run_after=None
[2025-02-18T01:21:35.817+0200] {processor.py:208} INFO - Processing /home/munyah/.local/lib/python3.10/site-packages/airflow/example_dags/example_dataset_alias_with_no_taskflow.py took 0.264 seconds
[2025-02-18T01:22:45.117+0200] {processor.py:186} INFO - Started process (PID=351922) to work on /home/munyah/.local/lib/python3.10/site-packages/airflow/example_dags/example_dataset_alias_with_no_taskflow.py
[2025-02-18T01:22:45.119+0200] {processor.py:914} INFO - Processing file /home/munyah/.local/lib/python3.10/site-packages/airflow/example_dags/example_dataset_alias_with_no_taskflow.py for tasks to queue
[2025-02-18T01:22:45.121+0200] {logging_mixin.py:190} INFO - [2025-02-18T01:22:45.121+0200] {dagbag.py:588} INFO - Filling up the DagBag from /home/munyah/.local/lib/python3.10/site-packages/airflow/example_dags/example_dataset_alias_with_no_taskflow.py
[2025-02-18T01:22:45.146+0200] {processor.py:925} INFO - DAG(s) 'dataset_s3_bucket_consumer_with_no_taskflow', 'dataset_s3_bucket_producer_with_no_taskflow', 'dataset_alias_example_alias_consumer_with_no_taskflow', 'dataset_alias_example_alias_producer_with_no_taskflow' retrieved from /home/munyah/.local/lib/python3.10/site-packages/airflow/example_dags/example_dataset_alias_with_no_taskflow.py
[2025-02-18T01:22:45.168+0200] {logging_mixin.py:190} INFO - [2025-02-18T01:22:45.168+0200] {dag.py:3239} INFO - Sync 4 DAGs
[2025-02-18T01:22:45.189+0200] {logging_mixin.py:190} INFO - [2025-02-18T01:22:45.189+0200] {dag.py:4180} INFO - Setting next_dagrun for dataset_alias_example_alias_consumer_with_no_taskflow to None, run_after=None
[2025-02-18T01:22:45.193+0200] {logging_mixin.py:190} INFO - [2025-02-18T01:22:45.193+0200] {dag.py:4180} INFO - Setting next_dagrun for dataset_alias_example_alias_producer_with_no_taskflow to None, run_after=None
[2025-02-18T01:22:45.194+0200] {logging_mixin.py:190} INFO - [2025-02-18T01:22:45.194+0200] {dag.py:4180} INFO - Setting next_dagrun for dataset_s3_bucket_consumer_with_no_taskflow to None, run_after=None
[2025-02-18T01:22:45.195+0200] {logging_mixin.py:190} INFO - [2025-02-18T01:22:45.195+0200] {dag.py:4180} INFO - Setting next_dagrun for dataset_s3_bucket_producer_with_no_taskflow to None, run_after=None
[2025-02-18T01:22:45.357+0200] {processor.py:208} INFO - Processing /home/munyah/.local/lib/python3.10/site-packages/airflow/example_dags/example_dataset_alias_with_no_taskflow.py took 0.247 seconds
[2025-02-18T01:23:58.636+0200] {processor.py:186} INFO - Started process (PID=352218) to work on /home/munyah/.local/lib/python3.10/site-packages/airflow/example_dags/example_dataset_alias_with_no_taskflow.py
[2025-02-18T01:23:58.638+0200] {processor.py:914} INFO - Processing file /home/munyah/.local/lib/python3.10/site-packages/airflow/example_dags/example_dataset_alias_with_no_taskflow.py for tasks to queue
[2025-02-18T01:23:58.640+0200] {logging_mixin.py:190} INFO - [2025-02-18T01:23:58.640+0200] {dagbag.py:588} INFO - Filling up the DagBag from /home/munyah/.local/lib/python3.10/site-packages/airflow/example_dags/example_dataset_alias_with_no_taskflow.py
[2025-02-18T01:23:58.665+0200] {processor.py:925} INFO - DAG(s) 'dataset_alias_example_alias_consumer_with_no_taskflow', 'dataset_s3_bucket_producer_with_no_taskflow', 'dataset_alias_example_alias_producer_with_no_taskflow', 'dataset_s3_bucket_consumer_with_no_taskflow' retrieved from /home/munyah/.local/lib/python3.10/site-packages/airflow/example_dags/example_dataset_alias_with_no_taskflow.py
[2025-02-18T01:23:58.687+0200] {logging_mixin.py:190} INFO - [2025-02-18T01:23:58.687+0200] {dag.py:3239} INFO - Sync 4 DAGs
[2025-02-18T01:23:58.841+0200] {logging_mixin.py:190} INFO - [2025-02-18T01:23:58.840+0200] {dag.py:4180} INFO - Setting next_dagrun for dataset_alias_example_alias_consumer_with_no_taskflow to None, run_after=None
[2025-02-18T01:23:58.845+0200] {logging_mixin.py:190} INFO - [2025-02-18T01:23:58.845+0200] {dag.py:4180} INFO - Setting next_dagrun for dataset_alias_example_alias_producer_with_no_taskflow to None, run_after=None
[2025-02-18T01:23:58.847+0200] {logging_mixin.py:190} INFO - [2025-02-18T01:23:58.847+0200] {dag.py:4180} INFO - Setting next_dagrun for dataset_s3_bucket_consumer_with_no_taskflow to None, run_after=None
[2025-02-18T01:23:58.848+0200] {logging_mixin.py:190} INFO - [2025-02-18T01:23:58.848+0200] {dag.py:4180} INFO - Setting next_dagrun for dataset_s3_bucket_producer_with_no_taskflow to None, run_after=None
[2025-02-18T01:23:58.879+0200] {processor.py:208} INFO - Processing /home/munyah/.local/lib/python3.10/site-packages/airflow/example_dags/example_dataset_alias_with_no_taskflow.py took 0.250 seconds
[2025-02-18T01:25:05.140+0200] {processor.py:186} INFO - Started process (PID=352428) to work on /home/munyah/.local/lib/python3.10/site-packages/airflow/example_dags/example_dataset_alias_with_no_taskflow.py
[2025-02-18T01:25:05.141+0200] {processor.py:914} INFO - Processing file /home/munyah/.local/lib/python3.10/site-packages/airflow/example_dags/example_dataset_alias_with_no_taskflow.py for tasks to queue
[2025-02-18T01:25:05.144+0200] {logging_mixin.py:190} INFO - [2025-02-18T01:25:05.144+0200] {dagbag.py:588} INFO - Filling up the DagBag from /home/munyah/.local/lib/python3.10/site-packages/airflow/example_dags/example_dataset_alias_with_no_taskflow.py
[2025-02-18T01:25:05.172+0200] {processor.py:925} INFO - DAG(s) 'dataset_alias_example_alias_consumer_with_no_taskflow', 'dataset_s3_bucket_consumer_with_no_taskflow', 'dataset_s3_bucket_producer_with_no_taskflow', 'dataset_alias_example_alias_producer_with_no_taskflow' retrieved from /home/munyah/.local/lib/python3.10/site-packages/airflow/example_dags/example_dataset_alias_with_no_taskflow.py
[2025-02-18T01:25:05.198+0200] {logging_mixin.py:190} INFO - [2025-02-18T01:25:05.198+0200] {dag.py:3239} INFO - Sync 4 DAGs
[2025-02-18T01:25:05.354+0200] {logging_mixin.py:190} INFO - [2025-02-18T01:25:05.353+0200] {dag.py:4180} INFO - Setting next_dagrun for dataset_alias_example_alias_consumer_with_no_taskflow to None, run_after=None
[2025-02-18T01:25:05.357+0200] {logging_mixin.py:190} INFO - [2025-02-18T01:25:05.357+0200] {dag.py:4180} INFO - Setting next_dagrun for dataset_alias_example_alias_producer_with_no_taskflow to None, run_after=None
[2025-02-18T01:25:05.359+0200] {logging_mixin.py:190} INFO - [2025-02-18T01:25:05.359+0200] {dag.py:4180} INFO - Setting next_dagrun for dataset_s3_bucket_consumer_with_no_taskflow to None, run_after=None
[2025-02-18T01:25:05.360+0200] {logging_mixin.py:190} INFO - [2025-02-18T01:25:05.360+0200] {dag.py:4180} INFO - Setting next_dagrun for dataset_s3_bucket_producer_with_no_taskflow to None, run_after=None
[2025-02-18T01:25:05.387+0200] {processor.py:208} INFO - Processing /home/munyah/.local/lib/python3.10/site-packages/airflow/example_dags/example_dataset_alias_with_no_taskflow.py took 0.256 seconds
[2025-02-18T01:26:09.706+0200] {processor.py:186} INFO - Started process (PID=352723) to work on /home/munyah/.local/lib/python3.10/site-packages/airflow/example_dags/example_dataset_alias_with_no_taskflow.py
[2025-02-18T01:26:09.707+0200] {processor.py:914} INFO - Processing file /home/munyah/.local/lib/python3.10/site-packages/airflow/example_dags/example_dataset_alias_with_no_taskflow.py for tasks to queue
[2025-02-18T01:26:09.710+0200] {logging_mixin.py:190} INFO - [2025-02-18T01:26:09.709+0200] {dagbag.py:588} INFO - Filling up the DagBag from /home/munyah/.local/lib/python3.10/site-packages/airflow/example_dags/example_dataset_alias_with_no_taskflow.py
[2025-02-18T01:26:09.735+0200] {processor.py:925} INFO - DAG(s) 'dataset_s3_bucket_consumer_with_no_taskflow', 'dataset_alias_example_alias_consumer_with_no_taskflow', 'dataset_s3_bucket_producer_with_no_taskflow', 'dataset_alias_example_alias_producer_with_no_taskflow' retrieved from /home/munyah/.local/lib/python3.10/site-packages/airflow/example_dags/example_dataset_alias_with_no_taskflow.py
[2025-02-18T01:26:09.757+0200] {logging_mixin.py:190} INFO - [2025-02-18T01:26:09.756+0200] {dag.py:3239} INFO - Sync 4 DAGs
[2025-02-18T01:26:09.907+0200] {logging_mixin.py:190} INFO - [2025-02-18T01:26:09.907+0200] {dag.py:4180} INFO - Setting next_dagrun for dataset_alias_example_alias_consumer_with_no_taskflow to None, run_after=None
[2025-02-18T01:26:09.910+0200] {logging_mixin.py:190} INFO - [2025-02-18T01:26:09.910+0200] {dag.py:4180} INFO - Setting next_dagrun for dataset_alias_example_alias_producer_with_no_taskflow to None, run_after=None
[2025-02-18T01:26:09.912+0200] {logging_mixin.py:190} INFO - [2025-02-18T01:26:09.912+0200] {dag.py:4180} INFO - Setting next_dagrun for dataset_s3_bucket_consumer_with_no_taskflow to None, run_after=None
[2025-02-18T01:26:09.913+0200] {logging_mixin.py:190} INFO - [2025-02-18T01:26:09.913+0200] {dag.py:4180} INFO - Setting next_dagrun for dataset_s3_bucket_producer_with_no_taskflow to None, run_after=None
[2025-02-18T01:26:09.938+0200] {processor.py:208} INFO - Processing /home/munyah/.local/lib/python3.10/site-packages/airflow/example_dags/example_dataset_alias_with_no_taskflow.py took 0.240 seconds
[2025-02-18T01:27:18.888+0200] {processor.py:186} INFO - Started process (PID=353109) to work on /home/munyah/.local/lib/python3.10/site-packages/airflow/example_dags/example_dataset_alias_with_no_taskflow.py
[2025-02-18T01:27:18.889+0200] {processor.py:914} INFO - Processing file /home/munyah/.local/lib/python3.10/site-packages/airflow/example_dags/example_dataset_alias_with_no_taskflow.py for tasks to queue
[2025-02-18T01:27:18.892+0200] {logging_mixin.py:190} INFO - [2025-02-18T01:27:18.891+0200] {dagbag.py:588} INFO - Filling up the DagBag from /home/munyah/.local/lib/python3.10/site-packages/airflow/example_dags/example_dataset_alias_with_no_taskflow.py
[2025-02-18T01:27:18.916+0200] {processor.py:925} INFO - DAG(s) 'dataset_alias_example_alias_producer_with_no_taskflow', 'dataset_s3_bucket_consumer_with_no_taskflow', 'dataset_s3_bucket_producer_with_no_taskflow', 'dataset_alias_example_alias_consumer_with_no_taskflow' retrieved from /home/munyah/.local/lib/python3.10/site-packages/airflow/example_dags/example_dataset_alias_with_no_taskflow.py
[2025-02-18T01:27:18.938+0200] {logging_mixin.py:190} INFO - [2025-02-18T01:27:18.938+0200] {dag.py:3239} INFO - Sync 4 DAGs
[2025-02-18T01:27:19.088+0200] {logging_mixin.py:190} INFO - [2025-02-18T01:27:19.087+0200] {dag.py:4180} INFO - Setting next_dagrun for dataset_alias_example_alias_consumer_with_no_taskflow to None, run_after=None
[2025-02-18T01:27:19.091+0200] {logging_mixin.py:190} INFO - [2025-02-18T01:27:19.090+0200] {dag.py:4180} INFO - Setting next_dagrun for dataset_alias_example_alias_producer_with_no_taskflow to None, run_after=None
[2025-02-18T01:27:19.092+0200] {logging_mixin.py:190} INFO - [2025-02-18T01:27:19.092+0200] {dag.py:4180} INFO - Setting next_dagrun for dataset_s3_bucket_consumer_with_no_taskflow to None, run_after=None
[2025-02-18T01:27:19.093+0200] {logging_mixin.py:190} INFO - [2025-02-18T01:27:19.093+0200] {dag.py:4180} INFO - Setting next_dagrun for dataset_s3_bucket_producer_with_no_taskflow to None, run_after=None
[2025-02-18T01:27:19.117+0200] {processor.py:208} INFO - Processing /home/munyah/.local/lib/python3.10/site-packages/airflow/example_dags/example_dataset_alias_with_no_taskflow.py took 0.237 seconds
