[2025-02-18T01:19:13.800+0200] {processor.py:186} INFO - Started process (PID=350690) to work on /home/munyah/.local/lib/python3.10/site-packages/airflow/example_dags/example_setup_teardown_taskflow.py
[2025-02-18T01:19:13.801+0200] {processor.py:914} INFO - Processing file /home/munyah/.local/lib/python3.10/site-packages/airflow/example_dags/example_setup_teardown_taskflow.py for tasks to queue
[2025-02-18T01:19:13.804+0200] {logging_mixin.py:190} INFO - [2025-02-18T01:19:13.804+0200] {dagbag.py:588} INFO - Filling up the DagBag from /home/munyah/.local/lib/python3.10/site-packages/airflow/example_dags/example_setup_teardown_taskflow.py
[2025-02-18T01:19:13.818+0200] {processor.py:925} INFO - DAG(s) 'example_setup_teardown_taskflow' retrieved from /home/munyah/.local/lib/python3.10/site-packages/airflow/example_dags/example_setup_teardown_taskflow.py
[2025-02-18T01:19:13.842+0200] {logging_mixin.py:190} INFO - [2025-02-18T01:19:13.842+0200] {dag.py:3239} INFO - Sync 1 DAGs
[2025-02-18T01:19:13.858+0200] {logging_mixin.py:190} INFO - [2025-02-18T01:19:13.857+0200] {dag.py:4180} INFO - Setting next_dagrun for example_setup_teardown_taskflow to None, run_after=None
[2025-02-18T01:19:13.885+0200] {processor.py:208} INFO - Processing /home/munyah/.local/lib/python3.10/site-packages/airflow/example_dags/example_setup_teardown_taskflow.py took 0.094 seconds
[2025-02-18T01:20:56.518+0200] {processor.py:186} INFO - Started process (PID=351054) to work on /home/munyah/.local/lib/python3.10/site-packages/airflow/example_dags/example_setup_teardown_taskflow.py
[2025-02-18T01:20:56.519+0200] {processor.py:914} INFO - Processing file /home/munyah/.local/lib/python3.10/site-packages/airflow/example_dags/example_setup_teardown_taskflow.py for tasks to queue
[2025-02-18T01:20:56.523+0200] {logging_mixin.py:190} INFO - [2025-02-18T01:20:56.522+0200] {dagbag.py:588} INFO - Filling up the DagBag from /home/munyah/.local/lib/python3.10/site-packages/airflow/example_dags/example_setup_teardown_taskflow.py
[2025-02-18T01:20:56.538+0200] {processor.py:925} INFO - DAG(s) 'example_setup_teardown_taskflow' retrieved from /home/munyah/.local/lib/python3.10/site-packages/airflow/example_dags/example_setup_teardown_taskflow.py
[2025-02-18T01:20:56.558+0200] {logging_mixin.py:190} INFO - [2025-02-18T01:20:56.558+0200] {dag.py:3239} INFO - Sync 1 DAGs
[2025-02-18T01:20:56.573+0200] {logging_mixin.py:190} INFO - [2025-02-18T01:20:56.573+0200] {dag.py:4180} INFO - Setting next_dagrun for example_setup_teardown_taskflow to None, run_after=None
[2025-02-18T01:20:56.730+0200] {processor.py:208} INFO - Processing /home/munyah/.local/lib/python3.10/site-packages/airflow/example_dags/example_setup_teardown_taskflow.py took 0.221 seconds
[2025-02-18T01:22:06.075+0200] {processor.py:186} INFO - Started process (PID=351345) to work on /home/munyah/.local/lib/python3.10/site-packages/airflow/example_dags/example_setup_teardown_taskflow.py
[2025-02-18T01:22:06.076+0200] {processor.py:914} INFO - Processing file /home/munyah/.local/lib/python3.10/site-packages/airflow/example_dags/example_setup_teardown_taskflow.py for tasks to queue
[2025-02-18T01:22:06.079+0200] {logging_mixin.py:190} INFO - [2025-02-18T01:22:06.078+0200] {dagbag.py:588} INFO - Filling up the DagBag from /home/munyah/.local/lib/python3.10/site-packages/airflow/example_dags/example_setup_teardown_taskflow.py
[2025-02-18T01:22:06.091+0200] {processor.py:925} INFO - DAG(s) 'example_setup_teardown_taskflow' retrieved from /home/munyah/.local/lib/python3.10/site-packages/airflow/example_dags/example_setup_teardown_taskflow.py
[2025-02-18T01:22:06.109+0200] {logging_mixin.py:190} INFO - [2025-02-18T01:22:06.109+0200] {dag.py:3239} INFO - Sync 1 DAGs
[2025-02-18T01:22:06.123+0200] {logging_mixin.py:190} INFO - [2025-02-18T01:22:06.122+0200] {dag.py:4180} INFO - Setting next_dagrun for example_setup_teardown_taskflow to None, run_after=None
[2025-02-18T01:22:06.142+0200] {processor.py:208} INFO - Processing /home/munyah/.local/lib/python3.10/site-packages/airflow/example_dags/example_setup_teardown_taskflow.py took 0.074 seconds
[2025-02-18T01:23:13.852+0200] {processor.py:186} INFO - Started process (PID=352088) to work on /home/munyah/.local/lib/python3.10/site-packages/airflow/example_dags/example_setup_teardown_taskflow.py
[2025-02-18T01:23:13.853+0200] {processor.py:914} INFO - Processing file /home/munyah/.local/lib/python3.10/site-packages/airflow/example_dags/example_setup_teardown_taskflow.py for tasks to queue
[2025-02-18T01:23:13.856+0200] {logging_mixin.py:190} INFO - [2025-02-18T01:23:13.855+0200] {dagbag.py:588} INFO - Filling up the DagBag from /home/munyah/.local/lib/python3.10/site-packages/airflow/example_dags/example_setup_teardown_taskflow.py
[2025-02-18T01:23:13.869+0200] {processor.py:925} INFO - DAG(s) 'example_setup_teardown_taskflow' retrieved from /home/munyah/.local/lib/python3.10/site-packages/airflow/example_dags/example_setup_teardown_taskflow.py
[2025-02-18T01:23:13.888+0200] {logging_mixin.py:190} INFO - [2025-02-18T01:23:13.888+0200] {dag.py:3239} INFO - Sync 1 DAGs
[2025-02-18T01:23:14.027+0200] {logging_mixin.py:190} INFO - [2025-02-18T01:23:14.026+0200] {dag.py:4180} INFO - Setting next_dagrun for example_setup_teardown_taskflow to None, run_after=None
[2025-02-18T01:23:14.054+0200] {processor.py:208} INFO - Processing /home/munyah/.local/lib/python3.10/site-packages/airflow/example_dags/example_setup_teardown_taskflow.py took 0.209 seconds
[2025-02-18T01:24:27.549+0200] {processor.py:186} INFO - Started process (PID=352311) to work on /home/munyah/.local/lib/python3.10/site-packages/airflow/example_dags/example_setup_teardown_taskflow.py
[2025-02-18T01:24:27.550+0200] {processor.py:914} INFO - Processing file /home/munyah/.local/lib/python3.10/site-packages/airflow/example_dags/example_setup_teardown_taskflow.py for tasks to queue
[2025-02-18T01:24:27.553+0200] {logging_mixin.py:190} INFO - [2025-02-18T01:24:27.552+0200] {dagbag.py:588} INFO - Filling up the DagBag from /home/munyah/.local/lib/python3.10/site-packages/airflow/example_dags/example_setup_teardown_taskflow.py
[2025-02-18T01:24:27.566+0200] {processor.py:925} INFO - DAG(s) 'example_setup_teardown_taskflow' retrieved from /home/munyah/.local/lib/python3.10/site-packages/airflow/example_dags/example_setup_teardown_taskflow.py
[2025-02-18T01:24:27.586+0200] {logging_mixin.py:190} INFO - [2025-02-18T01:24:27.585+0200] {dag.py:3239} INFO - Sync 1 DAGs
[2025-02-18T01:24:27.600+0200] {logging_mixin.py:190} INFO - [2025-02-18T01:24:27.599+0200] {dag.py:4180} INFO - Setting next_dagrun for example_setup_teardown_taskflow to None, run_after=None
[2025-02-18T01:24:27.621+0200] {processor.py:208} INFO - Processing /home/munyah/.local/lib/python3.10/site-packages/airflow/example_dags/example_setup_teardown_taskflow.py took 0.080 seconds
[2025-02-18T01:25:31.824+0200] {processor.py:186} INFO - Started process (PID=352554) to work on /home/munyah/.local/lib/python3.10/site-packages/airflow/example_dags/example_setup_teardown_taskflow.py
[2025-02-18T01:25:31.826+0200] {processor.py:914} INFO - Processing file /home/munyah/.local/lib/python3.10/site-packages/airflow/example_dags/example_setup_teardown_taskflow.py for tasks to queue
[2025-02-18T01:25:31.828+0200] {logging_mixin.py:190} INFO - [2025-02-18T01:25:31.828+0200] {dagbag.py:588} INFO - Filling up the DagBag from /home/munyah/.local/lib/python3.10/site-packages/airflow/example_dags/example_setup_teardown_taskflow.py
[2025-02-18T01:25:31.840+0200] {processor.py:925} INFO - DAG(s) 'example_setup_teardown_taskflow' retrieved from /home/munyah/.local/lib/python3.10/site-packages/airflow/example_dags/example_setup_teardown_taskflow.py
[2025-02-18T01:25:31.859+0200] {logging_mixin.py:190} INFO - [2025-02-18T01:25:31.859+0200] {dag.py:3239} INFO - Sync 1 DAGs
[2025-02-18T01:25:31.872+0200] {logging_mixin.py:190} INFO - [2025-02-18T01:25:31.872+0200] {dag.py:4180} INFO - Setting next_dagrun for example_setup_teardown_taskflow to None, run_after=None
[2025-02-18T01:25:31.891+0200] {processor.py:208} INFO - Processing /home/munyah/.local/lib/python3.10/site-packages/airflow/example_dags/example_setup_teardown_taskflow.py took 0.075 seconds
[2025-02-18T01:26:40.608+0200] {processor.py:186} INFO - Started process (PID=352908) to work on /home/munyah/.local/lib/python3.10/site-packages/airflow/example_dags/example_setup_teardown_taskflow.py
[2025-02-18T01:26:40.609+0200] {processor.py:914} INFO - Processing file /home/munyah/.local/lib/python3.10/site-packages/airflow/example_dags/example_setup_teardown_taskflow.py for tasks to queue
[2025-02-18T01:26:40.612+0200] {logging_mixin.py:190} INFO - [2025-02-18T01:26:40.611+0200] {dagbag.py:588} INFO - Filling up the DagBag from /home/munyah/.local/lib/python3.10/site-packages/airflow/example_dags/example_setup_teardown_taskflow.py
[2025-02-18T01:26:40.624+0200] {processor.py:925} INFO - DAG(s) 'example_setup_teardown_taskflow' retrieved from /home/munyah/.local/lib/python3.10/site-packages/airflow/example_dags/example_setup_teardown_taskflow.py
[2025-02-18T01:26:40.644+0200] {logging_mixin.py:190} INFO - [2025-02-18T01:26:40.644+0200] {dag.py:3239} INFO - Sync 1 DAGs
[2025-02-18T01:26:40.658+0200] {logging_mixin.py:190} INFO - [2025-02-18T01:26:40.657+0200] {dag.py:4180} INFO - Setting next_dagrun for example_setup_teardown_taskflow to None, run_after=None
[2025-02-18T01:26:40.678+0200] {processor.py:208} INFO - Processing /home/munyah/.local/lib/python3.10/site-packages/airflow/example_dags/example_setup_teardown_taskflow.py took 0.079 seconds
