[2025-02-18T01:19:03.606+0200] {processor.py:186} INFO - Started process (PID=350661) to work on /home/munyah/.local/lib/python3.10/site-packages/airflow/example_dags/example_task_group_decorator.py
[2025-02-18T01:19:03.607+0200] {processor.py:914} INFO - Processing file /home/munyah/.local/lib/python3.10/site-packages/airflow/example_dags/example_task_group_decorator.py for tasks to queue
[2025-02-18T01:19:03.610+0200] {logging_mixin.py:190} INFO - [2025-02-18T01:19:03.609+0200] {dagbag.py:588} INFO - Filling up the DagBag from /home/munyah/.local/lib/python3.10/site-packages/airflow/example_dags/example_task_group_decorator.py
[2025-02-18T01:19:03.631+0200] {processor.py:925} INFO - DAG(s) 'example_task_group_decorator' retrieved from /home/munyah/.local/lib/python3.10/site-packages/airflow/example_dags/example_task_group_decorator.py
[2025-02-18T01:19:03.658+0200] {logging_mixin.py:190} INFO - [2025-02-18T01:19:03.658+0200] {dag.py:3239} INFO - Sync 1 DAGs
[2025-02-18T01:19:03.674+0200] {logging_mixin.py:190} INFO - [2025-02-18T01:19:03.674+0200] {dag.py:4180} INFO - Setting next_dagrun for example_task_group_decorator to None, run_after=None
[2025-02-18T01:19:03.699+0200] {processor.py:208} INFO - Processing /home/munyah/.local/lib/python3.10/site-packages/airflow/example_dags/example_task_group_decorator.py took 0.102 seconds
[2025-02-18T01:20:45.769+0200] {processor.py:186} INFO - Started process (PID=351012) to work on /home/munyah/.local/lib/python3.10/site-packages/airflow/example_dags/example_task_group_decorator.py
[2025-02-18T01:20:45.770+0200] {processor.py:914} INFO - Processing file /home/munyah/.local/lib/python3.10/site-packages/airflow/example_dags/example_task_group_decorator.py for tasks to queue
[2025-02-18T01:20:45.772+0200] {logging_mixin.py:190} INFO - [2025-02-18T01:20:45.772+0200] {dagbag.py:588} INFO - Filling up the DagBag from /home/munyah/.local/lib/python3.10/site-packages/airflow/example_dags/example_task_group_decorator.py
[2025-02-18T01:20:45.795+0200] {processor.py:925} INFO - DAG(s) 'example_task_group_decorator' retrieved from /home/munyah/.local/lib/python3.10/site-packages/airflow/example_dags/example_task_group_decorator.py
[2025-02-18T01:20:45.821+0200] {logging_mixin.py:190} INFO - [2025-02-18T01:20:45.821+0200] {dag.py:3239} INFO - Sync 1 DAGs
[2025-02-18T01:20:45.837+0200] {logging_mixin.py:190} INFO - [2025-02-18T01:20:45.836+0200] {dag.py:4180} INFO - Setting next_dagrun for example_task_group_decorator to None, run_after=None
[2025-02-18T01:20:45.999+0200] {processor.py:208} INFO - Processing /home/munyah/.local/lib/python3.10/site-packages/airflow/example_dags/example_task_group_decorator.py took 0.238 seconds
[2025-02-18T01:21:55.084+0200] {processor.py:186} INFO - Started process (PID=351283) to work on /home/munyah/.local/lib/python3.10/site-packages/airflow/example_dags/example_task_group_decorator.py
[2025-02-18T01:21:55.086+0200] {processor.py:914} INFO - Processing file /home/munyah/.local/lib/python3.10/site-packages/airflow/example_dags/example_task_group_decorator.py for tasks to queue
[2025-02-18T01:21:55.088+0200] {logging_mixin.py:190} INFO - [2025-02-18T01:21:55.088+0200] {dagbag.py:588} INFO - Filling up the DagBag from /home/munyah/.local/lib/python3.10/site-packages/airflow/example_dags/example_task_group_decorator.py
[2025-02-18T01:21:55.107+0200] {processor.py:925} INFO - DAG(s) 'example_task_group_decorator' retrieved from /home/munyah/.local/lib/python3.10/site-packages/airflow/example_dags/example_task_group_decorator.py
[2025-02-18T01:21:55.129+0200] {logging_mixin.py:190} INFO - [2025-02-18T01:21:55.129+0200] {dag.py:3239} INFO - Sync 1 DAGs
[2025-02-18T01:21:55.142+0200] {logging_mixin.py:190} INFO - [2025-02-18T01:21:55.142+0200] {dag.py:4180} INFO - Setting next_dagrun for example_task_group_decorator to None, run_after=None
[2025-02-18T01:21:55.290+0200] {processor.py:208} INFO - Processing /home/munyah/.local/lib/python3.10/site-packages/airflow/example_dags/example_task_group_decorator.py took 0.213 seconds
[2025-02-18T01:23:02.469+0200] {processor.py:186} INFO - Started process (PID=352037) to work on /home/munyah/.local/lib/python3.10/site-packages/airflow/example_dags/example_task_group_decorator.py
[2025-02-18T01:23:02.474+0200] {processor.py:914} INFO - Processing file /home/munyah/.local/lib/python3.10/site-packages/airflow/example_dags/example_task_group_decorator.py for tasks to queue
[2025-02-18T01:23:02.477+0200] {logging_mixin.py:190} INFO - [2025-02-18T01:23:02.476+0200] {dagbag.py:588} INFO - Filling up the DagBag from /home/munyah/.local/lib/python3.10/site-packages/airflow/example_dags/example_task_group_decorator.py
[2025-02-18T01:23:02.501+0200] {processor.py:925} INFO - DAG(s) 'example_task_group_decorator' retrieved from /home/munyah/.local/lib/python3.10/site-packages/airflow/example_dags/example_task_group_decorator.py
[2025-02-18T01:23:02.524+0200] {logging_mixin.py:190} INFO - [2025-02-18T01:23:02.523+0200] {dag.py:3239} INFO - Sync 1 DAGs
[2025-02-18T01:23:02.660+0200] {logging_mixin.py:190} INFO - [2025-02-18T01:23:02.660+0200] {dag.py:4180} INFO - Setting next_dagrun for example_task_group_decorator to None, run_after=None
[2025-02-18T01:23:02.686+0200] {processor.py:208} INFO - Processing /home/munyah/.local/lib/python3.10/site-packages/airflow/example_dags/example_task_group_decorator.py took 0.226 seconds
[2025-02-18T01:24:17.515+0200] {processor.py:186} INFO - Started process (PID=352280) to work on /home/munyah/.local/lib/python3.10/site-packages/airflow/example_dags/example_task_group_decorator.py
[2025-02-18T01:24:17.517+0200] {processor.py:914} INFO - Processing file /home/munyah/.local/lib/python3.10/site-packages/airflow/example_dags/example_task_group_decorator.py for tasks to queue
[2025-02-18T01:24:17.521+0200] {logging_mixin.py:190} INFO - [2025-02-18T01:24:17.520+0200] {dagbag.py:588} INFO - Filling up the DagBag from /home/munyah/.local/lib/python3.10/site-packages/airflow/example_dags/example_task_group_decorator.py
[2025-02-18T01:24:17.542+0200] {processor.py:925} INFO - DAG(s) 'example_task_group_decorator' retrieved from /home/munyah/.local/lib/python3.10/site-packages/airflow/example_dags/example_task_group_decorator.py
[2025-02-18T01:24:17.567+0200] {logging_mixin.py:190} INFO - [2025-02-18T01:24:17.566+0200] {dag.py:3239} INFO - Sync 1 DAGs
[2025-02-18T01:24:17.581+0200] {logging_mixin.py:190} INFO - [2025-02-18T01:24:17.581+0200] {dag.py:4180} INFO - Setting next_dagrun for example_task_group_decorator to None, run_after=None
[2025-02-18T01:24:17.603+0200] {processor.py:208} INFO - Processing /home/munyah/.local/lib/python3.10/site-packages/airflow/example_dags/example_task_group_decorator.py took 0.099 seconds
[2025-02-18T01:25:22.094+0200] {processor.py:186} INFO - Started process (PID=352481) to work on /home/munyah/.local/lib/python3.10/site-packages/airflow/example_dags/example_task_group_decorator.py
[2025-02-18T01:25:22.095+0200] {processor.py:914} INFO - Processing file /home/munyah/.local/lib/python3.10/site-packages/airflow/example_dags/example_task_group_decorator.py for tasks to queue
[2025-02-18T01:25:22.098+0200] {logging_mixin.py:190} INFO - [2025-02-18T01:25:22.097+0200] {dagbag.py:588} INFO - Filling up the DagBag from /home/munyah/.local/lib/python3.10/site-packages/airflow/example_dags/example_task_group_decorator.py
[2025-02-18T01:25:22.115+0200] {processor.py:925} INFO - DAG(s) 'example_task_group_decorator' retrieved from /home/munyah/.local/lib/python3.10/site-packages/airflow/example_dags/example_task_group_decorator.py
[2025-02-18T01:25:22.262+0200] {logging_mixin.py:190} INFO - [2025-02-18T01:25:22.262+0200] {dag.py:3239} INFO - Sync 1 DAGs
[2025-02-18T01:25:22.278+0200] {logging_mixin.py:190} INFO - [2025-02-18T01:25:22.278+0200] {dag.py:4180} INFO - Setting next_dagrun for example_task_group_decorator to None, run_after=None
[2025-02-18T01:25:22.299+0200] {processor.py:208} INFO - Processing /home/munyah/.local/lib/python3.10/site-packages/airflow/example_dags/example_task_group_decorator.py took 0.212 seconds
[2025-02-18T01:26:30.314+0200] {processor.py:186} INFO - Started process (PID=352822) to work on /home/munyah/.local/lib/python3.10/site-packages/airflow/example_dags/example_task_group_decorator.py
[2025-02-18T01:26:30.315+0200] {processor.py:914} INFO - Processing file /home/munyah/.local/lib/python3.10/site-packages/airflow/example_dags/example_task_group_decorator.py for tasks to queue
[2025-02-18T01:26:30.318+0200] {logging_mixin.py:190} INFO - [2025-02-18T01:26:30.318+0200] {dagbag.py:588} INFO - Filling up the DagBag from /home/munyah/.local/lib/python3.10/site-packages/airflow/example_dags/example_task_group_decorator.py
[2025-02-18T01:26:30.337+0200] {processor.py:925} INFO - DAG(s) 'example_task_group_decorator' retrieved from /home/munyah/.local/lib/python3.10/site-packages/airflow/example_dags/example_task_group_decorator.py
[2025-02-18T01:26:30.494+0200] {logging_mixin.py:190} INFO - [2025-02-18T01:26:30.494+0200] {dag.py:3239} INFO - Sync 1 DAGs
[2025-02-18T01:26:30.507+0200] {logging_mixin.py:190} INFO - [2025-02-18T01:26:30.507+0200] {dag.py:4180} INFO - Setting next_dagrun for example_task_group_decorator to None, run_after=None
[2025-02-18T01:26:30.526+0200] {processor.py:208} INFO - Processing /home/munyah/.local/lib/python3.10/site-packages/airflow/example_dags/example_task_group_decorator.py took 0.220 seconds
