[2025-02-18T01:20:08.518+0200] {processor.py:186} INFO - Started process (PID=350910) to work on /home/munyah/.local/lib/python3.10/site-packages/airflow/example_dags/example_inlet_event_extra.py
[2025-02-18T01:20:08.519+0200] {processor.py:914} INFO - Processing file /home/munyah/.local/lib/python3.10/site-packages/airflow/example_dags/example_inlet_event_extra.py for tasks to queue
[2025-02-18T01:20:08.522+0200] {logging_mixin.py:190} INFO - [2025-02-18T01:20:08.521+0200] {dagbag.py:588} INFO - Filling up the DagBag from /home/munyah/.local/lib/python3.10/site-packages/airflow/example_dags/example_inlet_event_extra.py
[2025-02-18T01:20:08.538+0200] {processor.py:925} INFO - DAG(s) 'read_dataset_event', 'read_dataset_event_from_classic' retrieved from /home/munyah/.local/lib/python3.10/site-packages/airflow/example_dags/example_inlet_event_extra.py
[2025-02-18T01:20:08.562+0200] {logging_mixin.py:190} INFO - [2025-02-18T01:20:08.561+0200] {dag.py:3239} INFO - Sync 2 DAGs
[2025-02-18T01:20:08.589+0200] {logging_mixin.py:190} INFO - [2025-02-18T01:20:08.589+0200] {dag.py:4180} INFO - Setting next_dagrun for read_dataset_event to 2025-02-16 00:00:00+00:00, run_after=2025-02-17 00:00:00+00:00
[2025-02-18T01:20:08.596+0200] {logging_mixin.py:190} INFO - [2025-02-18T01:20:08.596+0200] {dag.py:4180} INFO - Setting next_dagrun for read_dataset_event_from_classic to 2025-02-16 00:00:00+00:00, run_after=2025-02-17 00:00:00+00:00
[2025-02-18T01:20:08.621+0200] {processor.py:208} INFO - Processing /home/munyah/.local/lib/python3.10/site-packages/airflow/example_dags/example_inlet_event_extra.py took 0.112 seconds
[2025-02-18T01:21:24.466+0200] {processor.py:186} INFO - Started process (PID=351140) to work on /home/munyah/.local/lib/python3.10/site-packages/airflow/example_dags/example_inlet_event_extra.py
[2025-02-18T01:21:24.467+0200] {processor.py:914} INFO - Processing file /home/munyah/.local/lib/python3.10/site-packages/airflow/example_dags/example_inlet_event_extra.py for tasks to queue
[2025-02-18T01:21:24.470+0200] {logging_mixin.py:190} INFO - [2025-02-18T01:21:24.469+0200] {dagbag.py:588} INFO - Filling up the DagBag from /home/munyah/.local/lib/python3.10/site-packages/airflow/example_dags/example_inlet_event_extra.py
[2025-02-18T01:21:24.484+0200] {processor.py:925} INFO - DAG(s) 'read_dataset_event_from_classic', 'read_dataset_event' retrieved from /home/munyah/.local/lib/python3.10/site-packages/airflow/example_dags/example_inlet_event_extra.py
[2025-02-18T01:21:24.503+0200] {logging_mixin.py:190} INFO - [2025-02-18T01:21:24.503+0200] {dag.py:3239} INFO - Sync 2 DAGs
[2025-02-18T01:21:24.526+0200] {logging_mixin.py:190} INFO - [2025-02-18T01:21:24.526+0200] {dag.py:4180} INFO - Setting next_dagrun for read_dataset_event to 2025-02-16 00:00:00+00:00, run_after=2025-02-17 00:00:00+00:00
[2025-02-18T01:21:24.531+0200] {logging_mixin.py:190} INFO - [2025-02-18T01:21:24.531+0200] {dag.py:4180} INFO - Setting next_dagrun for read_dataset_event_from_classic to 2025-02-16 00:00:00+00:00, run_after=2025-02-17 00:00:00+00:00
[2025-02-18T01:21:24.549+0200] {processor.py:208} INFO - Processing /home/munyah/.local/lib/python3.10/site-packages/airflow/example_dags/example_inlet_event_extra.py took 0.091 seconds
[2025-02-18T01:22:34.748+0200] {processor.py:186} INFO - Started process (PID=351861) to work on /home/munyah/.local/lib/python3.10/site-packages/airflow/example_dags/example_inlet_event_extra.py
[2025-02-18T01:22:34.749+0200] {processor.py:914} INFO - Processing file /home/munyah/.local/lib/python3.10/site-packages/airflow/example_dags/example_inlet_event_extra.py for tasks to queue
[2025-02-18T01:22:34.753+0200] {logging_mixin.py:190} INFO - [2025-02-18T01:22:34.752+0200] {dagbag.py:588} INFO - Filling up the DagBag from /home/munyah/.local/lib/python3.10/site-packages/airflow/example_dags/example_inlet_event_extra.py
[2025-02-18T01:22:34.768+0200] {processor.py:925} INFO - DAG(s) 'read_dataset_event', 'read_dataset_event_from_classic' retrieved from /home/munyah/.local/lib/python3.10/site-packages/airflow/example_dags/example_inlet_event_extra.py
[2025-02-18T01:22:34.786+0200] {logging_mixin.py:190} INFO - [2025-02-18T01:22:34.786+0200] {dag.py:3239} INFO - Sync 2 DAGs
[2025-02-18T01:22:34.809+0200] {logging_mixin.py:190} INFO - [2025-02-18T01:22:34.808+0200] {dag.py:4180} INFO - Setting next_dagrun for read_dataset_event to 2025-02-16 00:00:00+00:00, run_after=2025-02-17 00:00:00+00:00
[2025-02-18T01:22:34.813+0200] {logging_mixin.py:190} INFO - [2025-02-18T01:22:34.813+0200] {dag.py:4180} INFO - Setting next_dagrun for read_dataset_event_from_classic to 2025-02-16 00:00:00+00:00, run_after=2025-02-17 00:00:00+00:00
[2025-02-18T01:22:34.832+0200] {processor.py:208} INFO - Processing /home/munyah/.local/lib/python3.10/site-packages/airflow/example_dags/example_inlet_event_extra.py took 0.091 seconds
[2025-02-18T01:23:46.957+0200] {processor.py:186} INFO - Started process (PID=352189) to work on /home/munyah/.local/lib/python3.10/site-packages/airflow/example_dags/example_inlet_event_extra.py
[2025-02-18T01:23:46.959+0200] {processor.py:914} INFO - Processing file /home/munyah/.local/lib/python3.10/site-packages/airflow/example_dags/example_inlet_event_extra.py for tasks to queue
[2025-02-18T01:23:46.961+0200] {logging_mixin.py:190} INFO - [2025-02-18T01:23:46.961+0200] {dagbag.py:588} INFO - Filling up the DagBag from /home/munyah/.local/lib/python3.10/site-packages/airflow/example_dags/example_inlet_event_extra.py
[2025-02-18T01:23:46.976+0200] {processor.py:925} INFO - DAG(s) 'read_dataset_event', 'read_dataset_event_from_classic' retrieved from /home/munyah/.local/lib/python3.10/site-packages/airflow/example_dags/example_inlet_event_extra.py
[2025-02-18T01:23:46.995+0200] {logging_mixin.py:190} INFO - [2025-02-18T01:23:46.995+0200] {dag.py:3239} INFO - Sync 2 DAGs
[2025-02-18T01:23:47.019+0200] {logging_mixin.py:190} INFO - [2025-02-18T01:23:47.019+0200] {dag.py:4180} INFO - Setting next_dagrun for read_dataset_event to 2025-02-16 00:00:00+00:00, run_after=2025-02-17 00:00:00+00:00
[2025-02-18T01:23:47.024+0200] {logging_mixin.py:190} INFO - [2025-02-18T01:23:47.024+0200] {dag.py:4180} INFO - Setting next_dagrun for read_dataset_event_from_classic to 2025-02-16 00:00:00+00:00, run_after=2025-02-17 00:00:00+00:00
[2025-02-18T01:23:47.042+0200] {processor.py:208} INFO - Processing /home/munyah/.local/lib/python3.10/site-packages/airflow/example_dags/example_inlet_event_extra.py took 0.093 seconds
[2025-02-18T01:24:54.084+0200] {processor.py:186} INFO - Started process (PID=352389) to work on /home/munyah/.local/lib/python3.10/site-packages/airflow/example_dags/example_inlet_event_extra.py
[2025-02-18T01:24:54.085+0200] {processor.py:914} INFO - Processing file /home/munyah/.local/lib/python3.10/site-packages/airflow/example_dags/example_inlet_event_extra.py for tasks to queue
[2025-02-18T01:24:54.088+0200] {logging_mixin.py:190} INFO - [2025-02-18T01:24:54.088+0200] {dagbag.py:588} INFO - Filling up the DagBag from /home/munyah/.local/lib/python3.10/site-packages/airflow/example_dags/example_inlet_event_extra.py
[2025-02-18T01:24:54.105+0200] {processor.py:925} INFO - DAG(s) 'read_dataset_event_from_classic', 'read_dataset_event' retrieved from /home/munyah/.local/lib/python3.10/site-packages/airflow/example_dags/example_inlet_event_extra.py
[2025-02-18T01:24:54.125+0200] {logging_mixin.py:190} INFO - [2025-02-18T01:24:54.125+0200] {dag.py:3239} INFO - Sync 2 DAGs
[2025-02-18T01:24:54.151+0200] {logging_mixin.py:190} INFO - [2025-02-18T01:24:54.151+0200] {dag.py:4180} INFO - Setting next_dagrun for read_dataset_event to 2025-02-16 00:00:00+00:00, run_after=2025-02-17 00:00:00+00:00
[2025-02-18T01:24:54.158+0200] {logging_mixin.py:190} INFO - [2025-02-18T01:24:54.158+0200] {dag.py:4180} INFO - Setting next_dagrun for read_dataset_event_from_classic to 2025-02-16 00:00:00+00:00, run_after=2025-02-17 00:00:00+00:00
[2025-02-18T01:24:54.178+0200] {processor.py:208} INFO - Processing /home/munyah/.local/lib/python3.10/site-packages/airflow/example_dags/example_inlet_event_extra.py took 0.101 seconds
[2025-02-18T01:25:58.615+0200] {processor.py:186} INFO - Started process (PID=352661) to work on /home/munyah/.local/lib/python3.10/site-packages/airflow/example_dags/example_inlet_event_extra.py
[2025-02-18T01:25:58.617+0200] {processor.py:914} INFO - Processing file /home/munyah/.local/lib/python3.10/site-packages/airflow/example_dags/example_inlet_event_extra.py for tasks to queue
[2025-02-18T01:25:58.620+0200] {logging_mixin.py:190} INFO - [2025-02-18T01:25:58.619+0200] {dagbag.py:588} INFO - Filling up the DagBag from /home/munyah/.local/lib/python3.10/site-packages/airflow/example_dags/example_inlet_event_extra.py
[2025-02-18T01:25:58.635+0200] {processor.py:925} INFO - DAG(s) 'read_dataset_event', 'read_dataset_event_from_classic' retrieved from /home/munyah/.local/lib/python3.10/site-packages/airflow/example_dags/example_inlet_event_extra.py
[2025-02-18T01:25:58.653+0200] {logging_mixin.py:190} INFO - [2025-02-18T01:25:58.652+0200] {dag.py:3239} INFO - Sync 2 DAGs
[2025-02-18T01:25:58.675+0200] {logging_mixin.py:190} INFO - [2025-02-18T01:25:58.675+0200] {dag.py:4180} INFO - Setting next_dagrun for read_dataset_event to 2025-02-16 00:00:00+00:00, run_after=2025-02-17 00:00:00+00:00
[2025-02-18T01:25:58.680+0200] {logging_mixin.py:190} INFO - [2025-02-18T01:25:58.680+0200] {dag.py:4180} INFO - Setting next_dagrun for read_dataset_event_from_classic to 2025-02-16 00:00:00+00:00, run_after=2025-02-17 00:00:00+00:00
[2025-02-18T01:25:58.698+0200] {processor.py:208} INFO - Processing /home/munyah/.local/lib/python3.10/site-packages/airflow/example_dags/example_inlet_event_extra.py took 0.090 seconds
[2025-02-18T01:27:07.649+0200] {processor.py:186} INFO - Started process (PID=353066) to work on /home/munyah/.local/lib/python3.10/site-packages/airflow/example_dags/example_inlet_event_extra.py
[2025-02-18T01:27:07.650+0200] {processor.py:914} INFO - Processing file /home/munyah/.local/lib/python3.10/site-packages/airflow/example_dags/example_inlet_event_extra.py for tasks to queue
[2025-02-18T01:27:07.654+0200] {logging_mixin.py:190} INFO - [2025-02-18T01:27:07.653+0200] {dagbag.py:588} INFO - Filling up the DagBag from /home/munyah/.local/lib/python3.10/site-packages/airflow/example_dags/example_inlet_event_extra.py
[2025-02-18T01:27:07.669+0200] {processor.py:925} INFO - DAG(s) 'read_dataset_event', 'read_dataset_event_from_classic' retrieved from /home/munyah/.local/lib/python3.10/site-packages/airflow/example_dags/example_inlet_event_extra.py
[2025-02-18T01:27:07.687+0200] {logging_mixin.py:190} INFO - [2025-02-18T01:27:07.686+0200] {dag.py:3239} INFO - Sync 2 DAGs
[2025-02-18T01:27:07.709+0200] {logging_mixin.py:190} INFO - [2025-02-18T01:27:07.709+0200] {dag.py:4180} INFO - Setting next_dagrun for read_dataset_event to 2025-02-16 00:00:00+00:00, run_after=2025-02-17 00:00:00+00:00
[2025-02-18T01:27:07.715+0200] {logging_mixin.py:190} INFO - [2025-02-18T01:27:07.715+0200] {dag.py:4180} INFO - Setting next_dagrun for read_dataset_event_from_classic to 2025-02-16 00:00:00+00:00, run_after=2025-02-17 00:00:00+00:00
[2025-02-18T01:27:07.911+0200] {processor.py:208} INFO - Processing /home/munyah/.local/lib/python3.10/site-packages/airflow/example_dags/example_inlet_event_extra.py took 0.269 seconds
