[2025-02-18T01:20:10.987+0200] {processor.py:186} INFO - Started process (PID=350914) to work on /home/munyah/.local/lib/python3.10/site-packages/airflow/example_dags/example_dynamic_task_mapping_with_no_taskflow_operators.py
[2025-02-18T01:20:10.989+0200] {processor.py:914} INFO - Processing file /home/munyah/.local/lib/python3.10/site-packages/airflow/example_dags/example_dynamic_task_mapping_with_no_taskflow_operators.py for tasks to queue
[2025-02-18T01:20:10.991+0200] {logging_mixin.py:190} INFO - [2025-02-18T01:20:10.991+0200] {dagbag.py:588} INFO - Filling up the DagBag from /home/munyah/.local/lib/python3.10/site-packages/airflow/example_dags/example_dynamic_task_mapping_with_no_taskflow_operators.py
[2025-02-18T01:20:11.001+0200] {processor.py:925} INFO - DAG(s) 'example_dynamic_task_mapping_with_no_taskflow_operators' retrieved from /home/munyah/.local/lib/python3.10/site-packages/airflow/example_dags/example_dynamic_task_mapping_with_no_taskflow_operators.py
[2025-02-18T01:20:11.021+0200] {logging_mixin.py:190} INFO - [2025-02-18T01:20:11.021+0200] {dag.py:3239} INFO - Sync 1 DAGs
[2025-02-18T01:20:11.039+0200] {logging_mixin.py:190} INFO - [2025-02-18T01:20:11.038+0200] {dag.py:4180} INFO - Setting next_dagrun for example_dynamic_task_mapping_with_no_taskflow_operators to None, run_after=None
[2025-02-18T01:20:11.060+0200] {processor.py:208} INFO - Processing /home/munyah/.local/lib/python3.10/site-packages/airflow/example_dags/example_dynamic_task_mapping_with_no_taskflow_operators.py took 0.084 seconds
[2025-02-18T01:21:26.454+0200] {processor.py:186} INFO - Started process (PID=351144) to work on /home/munyah/.local/lib/python3.10/site-packages/airflow/example_dags/example_dynamic_task_mapping_with_no_taskflow_operators.py
[2025-02-18T01:21:26.455+0200] {processor.py:914} INFO - Processing file /home/munyah/.local/lib/python3.10/site-packages/airflow/example_dags/example_dynamic_task_mapping_with_no_taskflow_operators.py for tasks to queue
[2025-02-18T01:21:26.458+0200] {logging_mixin.py:190} INFO - [2025-02-18T01:21:26.458+0200] {dagbag.py:588} INFO - Filling up the DagBag from /home/munyah/.local/lib/python3.10/site-packages/airflow/example_dags/example_dynamic_task_mapping_with_no_taskflow_operators.py
[2025-02-18T01:21:26.471+0200] {processor.py:925} INFO - DAG(s) 'example_dynamic_task_mapping_with_no_taskflow_operators' retrieved from /home/munyah/.local/lib/python3.10/site-packages/airflow/example_dags/example_dynamic_task_mapping_with_no_taskflow_operators.py
[2025-02-18T01:21:26.490+0200] {logging_mixin.py:190} INFO - [2025-02-18T01:21:26.490+0200] {dag.py:3239} INFO - Sync 1 DAGs
[2025-02-18T01:21:26.506+0200] {logging_mixin.py:190} INFO - [2025-02-18T01:21:26.505+0200] {dag.py:4180} INFO - Setting next_dagrun for example_dynamic_task_mapping_with_no_taskflow_operators to None, run_after=None
[2025-02-18T01:21:26.529+0200] {processor.py:208} INFO - Processing /home/munyah/.local/lib/python3.10/site-packages/airflow/example_dags/example_dynamic_task_mapping_with_no_taskflow_operators.py took 0.087 seconds
[2025-02-18T01:22:37.115+0200] {processor.py:186} INFO - Started process (PID=351863) to work on /home/munyah/.local/lib/python3.10/site-packages/airflow/example_dags/example_dynamic_task_mapping_with_no_taskflow_operators.py
[2025-02-18T01:22:37.116+0200] {processor.py:914} INFO - Processing file /home/munyah/.local/lib/python3.10/site-packages/airflow/example_dags/example_dynamic_task_mapping_with_no_taskflow_operators.py for tasks to queue
[2025-02-18T01:22:37.119+0200] {logging_mixin.py:190} INFO - [2025-02-18T01:22:37.118+0200] {dagbag.py:588} INFO - Filling up the DagBag from /home/munyah/.local/lib/python3.10/site-packages/airflow/example_dags/example_dynamic_task_mapping_with_no_taskflow_operators.py
[2025-02-18T01:22:37.129+0200] {processor.py:925} INFO - DAG(s) 'example_dynamic_task_mapping_with_no_taskflow_operators' retrieved from /home/munyah/.local/lib/python3.10/site-packages/airflow/example_dags/example_dynamic_task_mapping_with_no_taskflow_operators.py
[2025-02-18T01:22:37.145+0200] {logging_mixin.py:190} INFO - [2025-02-18T01:22:37.144+0200] {dag.py:3239} INFO - Sync 1 DAGs
[2025-02-18T01:22:37.158+0200] {logging_mixin.py:190} INFO - [2025-02-18T01:22:37.158+0200] {dag.py:4180} INFO - Setting next_dagrun for example_dynamic_task_mapping_with_no_taskflow_operators to None, run_after=None
[2025-02-18T01:22:37.177+0200] {processor.py:208} INFO - Processing /home/munyah/.local/lib/python3.10/site-packages/airflow/example_dags/example_dynamic_task_mapping_with_no_taskflow_operators.py took 0.071 seconds
[2025-02-18T01:23:49.107+0200] {processor.py:186} INFO - Started process (PID=352191) to work on /home/munyah/.local/lib/python3.10/site-packages/airflow/example_dags/example_dynamic_task_mapping_with_no_taskflow_operators.py
[2025-02-18T01:23:49.108+0200] {processor.py:914} INFO - Processing file /home/munyah/.local/lib/python3.10/site-packages/airflow/example_dags/example_dynamic_task_mapping_with_no_taskflow_operators.py for tasks to queue
[2025-02-18T01:23:49.111+0200] {logging_mixin.py:190} INFO - [2025-02-18T01:23:49.111+0200] {dagbag.py:588} INFO - Filling up the DagBag from /home/munyah/.local/lib/python3.10/site-packages/airflow/example_dags/example_dynamic_task_mapping_with_no_taskflow_operators.py
[2025-02-18T01:23:49.123+0200] {processor.py:925} INFO - DAG(s) 'example_dynamic_task_mapping_with_no_taskflow_operators' retrieved from /home/munyah/.local/lib/python3.10/site-packages/airflow/example_dags/example_dynamic_task_mapping_with_no_taskflow_operators.py
[2025-02-18T01:23:49.142+0200] {logging_mixin.py:190} INFO - [2025-02-18T01:23:49.142+0200] {dag.py:3239} INFO - Sync 1 DAGs
[2025-02-18T01:23:49.158+0200] {logging_mixin.py:190} INFO - [2025-02-18T01:23:49.158+0200] {dag.py:4180} INFO - Setting next_dagrun for example_dynamic_task_mapping_with_no_taskflow_operators to None, run_after=None
[2025-02-18T01:23:49.180+0200] {processor.py:208} INFO - Processing /home/munyah/.local/lib/python3.10/site-packages/airflow/example_dags/example_dynamic_task_mapping_with_no_taskflow_operators.py took 0.081 seconds
[2025-02-18T01:24:55.754+0200] {processor.py:186} INFO - Started process (PID=352403) to work on /home/munyah/.local/lib/python3.10/site-packages/airflow/example_dags/example_dynamic_task_mapping_with_no_taskflow_operators.py
[2025-02-18T01:24:55.755+0200] {processor.py:914} INFO - Processing file /home/munyah/.local/lib/python3.10/site-packages/airflow/example_dags/example_dynamic_task_mapping_with_no_taskflow_operators.py for tasks to queue
[2025-02-18T01:24:55.760+0200] {logging_mixin.py:190} INFO - [2025-02-18T01:24:55.759+0200] {dagbag.py:588} INFO - Filling up the DagBag from /home/munyah/.local/lib/python3.10/site-packages/airflow/example_dags/example_dynamic_task_mapping_with_no_taskflow_operators.py
[2025-02-18T01:24:55.775+0200] {processor.py:925} INFO - DAG(s) 'example_dynamic_task_mapping_with_no_taskflow_operators' retrieved from /home/munyah/.local/lib/python3.10/site-packages/airflow/example_dags/example_dynamic_task_mapping_with_no_taskflow_operators.py
[2025-02-18T01:24:55.795+0200] {logging_mixin.py:190} INFO - [2025-02-18T01:24:55.794+0200] {dag.py:3239} INFO - Sync 1 DAGs
[2025-02-18T01:24:55.811+0200] {logging_mixin.py:190} INFO - [2025-02-18T01:24:55.810+0200] {dag.py:4180} INFO - Setting next_dagrun for example_dynamic_task_mapping_with_no_taskflow_operators to None, run_after=None
[2025-02-18T01:24:55.835+0200] {processor.py:208} INFO - Processing /home/munyah/.local/lib/python3.10/site-packages/airflow/example_dags/example_dynamic_task_mapping_with_no_taskflow_operators.py took 0.098 seconds
[2025-02-18T01:26:00.213+0200] {processor.py:186} INFO - Started process (PID=352672) to work on /home/munyah/.local/lib/python3.10/site-packages/airflow/example_dags/example_dynamic_task_mapping_with_no_taskflow_operators.py
[2025-02-18T01:26:00.215+0200] {processor.py:914} INFO - Processing file /home/munyah/.local/lib/python3.10/site-packages/airflow/example_dags/example_dynamic_task_mapping_with_no_taskflow_operators.py for tasks to queue
[2025-02-18T01:26:00.218+0200] {logging_mixin.py:190} INFO - [2025-02-18T01:26:00.217+0200] {dagbag.py:588} INFO - Filling up the DagBag from /home/munyah/.local/lib/python3.10/site-packages/airflow/example_dags/example_dynamic_task_mapping_with_no_taskflow_operators.py
[2025-02-18T01:26:00.227+0200] {processor.py:925} INFO - DAG(s) 'example_dynamic_task_mapping_with_no_taskflow_operators' retrieved from /home/munyah/.local/lib/python3.10/site-packages/airflow/example_dags/example_dynamic_task_mapping_with_no_taskflow_operators.py
[2025-02-18T01:26:00.243+0200] {logging_mixin.py:190} INFO - [2025-02-18T01:26:00.243+0200] {dag.py:3239} INFO - Sync 1 DAGs
[2025-02-18T01:26:00.257+0200] {logging_mixin.py:190} INFO - [2025-02-18T01:26:00.256+0200] {dag.py:4180} INFO - Setting next_dagrun for example_dynamic_task_mapping_with_no_taskflow_operators to None, run_after=None
[2025-02-18T01:26:00.277+0200] {processor.py:208} INFO - Processing /home/munyah/.local/lib/python3.10/site-packages/airflow/example_dags/example_dynamic_task_mapping_with_no_taskflow_operators.py took 0.071 seconds
[2025-02-18T01:27:09.887+0200] {processor.py:186} INFO - Started process (PID=353080) to work on /home/munyah/.local/lib/python3.10/site-packages/airflow/example_dags/example_dynamic_task_mapping_with_no_taskflow_operators.py
[2025-02-18T01:27:09.889+0200] {processor.py:914} INFO - Processing file /home/munyah/.local/lib/python3.10/site-packages/airflow/example_dags/example_dynamic_task_mapping_with_no_taskflow_operators.py for tasks to queue
[2025-02-18T01:27:09.892+0200] {logging_mixin.py:190} INFO - [2025-02-18T01:27:09.891+0200] {dagbag.py:588} INFO - Filling up the DagBag from /home/munyah/.local/lib/python3.10/site-packages/airflow/example_dags/example_dynamic_task_mapping_with_no_taskflow_operators.py
[2025-02-18T01:27:09.902+0200] {processor.py:925} INFO - DAG(s) 'example_dynamic_task_mapping_with_no_taskflow_operators' retrieved from /home/munyah/.local/lib/python3.10/site-packages/airflow/example_dags/example_dynamic_task_mapping_with_no_taskflow_operators.py
[2025-02-18T01:27:09.918+0200] {logging_mixin.py:190} INFO - [2025-02-18T01:27:09.918+0200] {dag.py:3239} INFO - Sync 1 DAGs
[2025-02-18T01:27:09.932+0200] {logging_mixin.py:190} INFO - [2025-02-18T01:27:09.931+0200] {dag.py:4180} INFO - Setting next_dagrun for example_dynamic_task_mapping_with_no_taskflow_operators to None, run_after=None
[2025-02-18T01:27:09.953+0200] {processor.py:208} INFO - Processing /home/munyah/.local/lib/python3.10/site-packages/airflow/example_dags/example_dynamic_task_mapping_with_no_taskflow_operators.py took 0.073 seconds
