[2025-02-18T01:19:25.773+0200] {processor.py:186} INFO - Started process (PID=350724) to work on /home/munyah/.local/lib/python3.10/site-packages/airflow/example_dags/example_outlet_event_extra.py
[2025-02-18T01:19:25.775+0200] {processor.py:914} INFO - Processing file /home/munyah/.local/lib/python3.10/site-packages/airflow/example_dags/example_outlet_event_extra.py for tasks to queue
[2025-02-18T01:19:25.777+0200] {logging_mixin.py:190} INFO - [2025-02-18T01:19:25.777+0200] {dagbag.py:588} INFO - Filling up the DagBag from /home/munyah/.local/lib/python3.10/site-packages/airflow/example_dags/example_outlet_event_extra.py
[2025-02-18T01:19:25.802+0200] {processor.py:925} INFO - DAG(s) 'dataset_with_extra_by_context', 'dataset_with_extra_by_yield', 'dataset_with_extra_from_classic_operator' retrieved from /home/munyah/.local/lib/python3.10/site-packages/airflow/example_dags/example_outlet_event_extra.py
[2025-02-18T01:19:25.829+0200] {logging_mixin.py:190} INFO - [2025-02-18T01:19:25.829+0200] {dag.py:3239} INFO - Sync 3 DAGs
[2025-02-18T01:19:25.855+0200] {logging_mixin.py:190} INFO - [2025-02-18T01:19:25.855+0200] {dag.py:4180} INFO - Setting next_dagrun for dataset_with_extra_by_context to 2025-02-16 00:00:00+00:00, run_after=2025-02-17 00:00:00+00:00
[2025-02-18T01:19:25.861+0200] {logging_mixin.py:190} INFO - [2025-02-18T01:19:25.861+0200] {dag.py:4180} INFO - Setting next_dagrun for dataset_with_extra_by_yield to 2025-02-16 00:00:00+00:00, run_after=2025-02-17 00:00:00+00:00
[2025-02-18T01:19:25.865+0200] {logging_mixin.py:190} INFO - [2025-02-18T01:19:25.864+0200] {dag.py:4180} INFO - Setting next_dagrun for dataset_with_extra_from_classic_operator to 2025-02-16 00:00:00+00:00, run_after=2025-02-17 00:00:00+00:00
[2025-02-18T01:19:25.888+0200] {processor.py:208} INFO - Processing /home/munyah/.local/lib/python3.10/site-packages/airflow/example_dags/example_outlet_event_extra.py took 0.123 seconds
[2025-02-18T01:21:09.183+0200] {processor.py:186} INFO - Started process (PID=351084) to work on /home/munyah/.local/lib/python3.10/site-packages/airflow/example_dags/example_outlet_event_extra.py
[2025-02-18T01:21:09.185+0200] {processor.py:914} INFO - Processing file /home/munyah/.local/lib/python3.10/site-packages/airflow/example_dags/example_outlet_event_extra.py for tasks to queue
[2025-02-18T01:21:09.188+0200] {logging_mixin.py:190} INFO - [2025-02-18T01:21:09.187+0200] {dagbag.py:588} INFO - Filling up the DagBag from /home/munyah/.local/lib/python3.10/site-packages/airflow/example_dags/example_outlet_event_extra.py
[2025-02-18T01:21:09.208+0200] {processor.py:925} INFO - DAG(s) 'dataset_with_extra_by_context', 'dataset_with_extra_by_yield', 'dataset_with_extra_from_classic_operator' retrieved from /home/munyah/.local/lib/python3.10/site-packages/airflow/example_dags/example_outlet_event_extra.py
[2025-02-18T01:21:09.235+0200] {logging_mixin.py:190} INFO - [2025-02-18T01:21:09.234+0200] {dag.py:3239} INFO - Sync 3 DAGs
[2025-02-18T01:21:09.262+0200] {logging_mixin.py:190} INFO - [2025-02-18T01:21:09.262+0200] {dag.py:4180} INFO - Setting next_dagrun for dataset_with_extra_by_context to 2025-02-16 00:00:00+00:00, run_after=2025-02-17 00:00:00+00:00
[2025-02-18T01:21:09.268+0200] {logging_mixin.py:190} INFO - [2025-02-18T01:21:09.267+0200] {dag.py:4180} INFO - Setting next_dagrun for dataset_with_extra_by_yield to 2025-02-16 00:00:00+00:00, run_after=2025-02-17 00:00:00+00:00
[2025-02-18T01:21:09.270+0200] {logging_mixin.py:190} INFO - [2025-02-18T01:21:09.270+0200] {dag.py:4180} INFO - Setting next_dagrun for dataset_with_extra_from_classic_operator to 2025-02-16 00:00:00+00:00, run_after=2025-02-17 00:00:00+00:00
[2025-02-18T01:21:09.298+0200] {processor.py:208} INFO - Processing /home/munyah/.local/lib/python3.10/site-packages/airflow/example_dags/example_outlet_event_extra.py took 0.123 seconds
[2025-02-18T01:22:19.040+0200] {processor.py:186} INFO - Started process (PID=351730) to work on /home/munyah/.local/lib/python3.10/site-packages/airflow/example_dags/example_outlet_event_extra.py
[2025-02-18T01:22:19.042+0200] {processor.py:914} INFO - Processing file /home/munyah/.local/lib/python3.10/site-packages/airflow/example_dags/example_outlet_event_extra.py for tasks to queue
[2025-02-18T01:22:19.045+0200] {logging_mixin.py:190} INFO - [2025-02-18T01:22:19.044+0200] {dagbag.py:588} INFO - Filling up the DagBag from /home/munyah/.local/lib/python3.10/site-packages/airflow/example_dags/example_outlet_event_extra.py
[2025-02-18T01:22:19.071+0200] {processor.py:925} INFO - DAG(s) 'dataset_with_extra_by_yield', 'dataset_with_extra_from_classic_operator', 'dataset_with_extra_by_context' retrieved from /home/munyah/.local/lib/python3.10/site-packages/airflow/example_dags/example_outlet_event_extra.py
[2025-02-18T01:22:19.107+0200] {logging_mixin.py:190} INFO - [2025-02-18T01:22:19.107+0200] {dag.py:3239} INFO - Sync 3 DAGs
[2025-02-18T01:22:19.146+0200] {logging_mixin.py:190} INFO - [2025-02-18T01:22:19.146+0200] {dag.py:4180} INFO - Setting next_dagrun for dataset_with_extra_by_context to 2025-02-16 00:00:00+00:00, run_after=2025-02-17 00:00:00+00:00
[2025-02-18T01:22:19.154+0200] {logging_mixin.py:190} INFO - [2025-02-18T01:22:19.154+0200] {dag.py:4180} INFO - Setting next_dagrun for dataset_with_extra_by_yield to 2025-02-16 00:00:00+00:00, run_after=2025-02-17 00:00:00+00:00
[2025-02-18T01:22:19.159+0200] {logging_mixin.py:190} INFO - [2025-02-18T01:22:19.159+0200] {dag.py:4180} INFO - Setting next_dagrun for dataset_with_extra_from_classic_operator to 2025-02-16 00:00:00+00:00, run_after=2025-02-17 00:00:00+00:00
[2025-02-18T01:22:19.204+0200] {processor.py:208} INFO - Processing /home/munyah/.local/lib/python3.10/site-packages/airflow/example_dags/example_outlet_event_extra.py took 0.174 seconds
[2025-02-18T01:23:28.643+0200] {processor.py:186} INFO - Started process (PID=352135) to work on /home/munyah/.local/lib/python3.10/site-packages/airflow/example_dags/example_outlet_event_extra.py
[2025-02-18T01:23:28.644+0200] {processor.py:914} INFO - Processing file /home/munyah/.local/lib/python3.10/site-packages/airflow/example_dags/example_outlet_event_extra.py for tasks to queue
[2025-02-18T01:23:28.647+0200] {logging_mixin.py:190} INFO - [2025-02-18T01:23:28.646+0200] {dagbag.py:588} INFO - Filling up the DagBag from /home/munyah/.local/lib/python3.10/site-packages/airflow/example_dags/example_outlet_event_extra.py
[2025-02-18T01:23:28.667+0200] {processor.py:925} INFO - DAG(s) 'dataset_with_extra_by_context', 'dataset_with_extra_from_classic_operator', 'dataset_with_extra_by_yield' retrieved from /home/munyah/.local/lib/python3.10/site-packages/airflow/example_dags/example_outlet_event_extra.py
[2025-02-18T01:23:28.696+0200] {logging_mixin.py:190} INFO - [2025-02-18T01:23:28.696+0200] {dag.py:3239} INFO - Sync 3 DAGs
[2025-02-18T01:23:28.723+0200] {logging_mixin.py:190} INFO - [2025-02-18T01:23:28.723+0200] {dag.py:4180} INFO - Setting next_dagrun for dataset_with_extra_by_context to 2025-02-16 00:00:00+00:00, run_after=2025-02-17 00:00:00+00:00
[2025-02-18T01:23:28.728+0200] {logging_mixin.py:190} INFO - [2025-02-18T01:23:28.728+0200] {dag.py:4180} INFO - Setting next_dagrun for dataset_with_extra_by_yield to 2025-02-16 00:00:00+00:00, run_after=2025-02-17 00:00:00+00:00
[2025-02-18T01:23:28.731+0200] {logging_mixin.py:190} INFO - [2025-02-18T01:23:28.731+0200] {dag.py:4180} INFO - Setting next_dagrun for dataset_with_extra_from_classic_operator to 2025-02-16 00:00:00+00:00, run_after=2025-02-17 00:00:00+00:00
[2025-02-18T01:23:28.757+0200] {processor.py:208} INFO - Processing /home/munyah/.local/lib/python3.10/site-packages/airflow/example_dags/example_outlet_event_extra.py took 0.123 seconds
[2025-02-18T01:24:39.239+0200] {processor.py:186} INFO - Started process (PID=352343) to work on /home/munyah/.local/lib/python3.10/site-packages/airflow/example_dags/example_outlet_event_extra.py
[2025-02-18T01:24:39.241+0200] {processor.py:914} INFO - Processing file /home/munyah/.local/lib/python3.10/site-packages/airflow/example_dags/example_outlet_event_extra.py for tasks to queue
[2025-02-18T01:24:39.245+0200] {logging_mixin.py:190} INFO - [2025-02-18T01:24:39.244+0200] {dagbag.py:588} INFO - Filling up the DagBag from /home/munyah/.local/lib/python3.10/site-packages/airflow/example_dags/example_outlet_event_extra.py
[2025-02-18T01:24:39.265+0200] {processor.py:925} INFO - DAG(s) 'dataset_with_extra_by_context', 'dataset_with_extra_from_classic_operator', 'dataset_with_extra_by_yield' retrieved from /home/munyah/.local/lib/python3.10/site-packages/airflow/example_dags/example_outlet_event_extra.py
[2025-02-18T01:24:39.288+0200] {logging_mixin.py:190} INFO - [2025-02-18T01:24:39.288+0200] {dag.py:3239} INFO - Sync 3 DAGs
[2025-02-18T01:24:39.312+0200] {logging_mixin.py:190} INFO - [2025-02-18T01:24:39.312+0200] {dag.py:4180} INFO - Setting next_dagrun for dataset_with_extra_by_context to 2025-02-16 00:00:00+00:00, run_after=2025-02-17 00:00:00+00:00
[2025-02-18T01:24:39.317+0200] {logging_mixin.py:190} INFO - [2025-02-18T01:24:39.317+0200] {dag.py:4180} INFO - Setting next_dagrun for dataset_with_extra_by_yield to 2025-02-16 00:00:00+00:00, run_after=2025-02-17 00:00:00+00:00
[2025-02-18T01:24:39.320+0200] {logging_mixin.py:190} INFO - [2025-02-18T01:24:39.320+0200] {dag.py:4180} INFO - Setting next_dagrun for dataset_with_extra_from_classic_operator to 2025-02-16 00:00:00+00:00, run_after=2025-02-17 00:00:00+00:00
[2025-02-18T01:24:39.343+0200] {processor.py:208} INFO - Processing /home/munyah/.local/lib/python3.10/site-packages/airflow/example_dags/example_outlet_event_extra.py took 0.115 seconds
[2025-02-18T01:25:44.618+0200] {processor.py:186} INFO - Started process (PID=352615) to work on /home/munyah/.local/lib/python3.10/site-packages/airflow/example_dags/example_outlet_event_extra.py
[2025-02-18T01:25:44.619+0200] {processor.py:914} INFO - Processing file /home/munyah/.local/lib/python3.10/site-packages/airflow/example_dags/example_outlet_event_extra.py for tasks to queue
[2025-02-18T01:25:44.622+0200] {logging_mixin.py:190} INFO - [2025-02-18T01:25:44.621+0200] {dagbag.py:588} INFO - Filling up the DagBag from /home/munyah/.local/lib/python3.10/site-packages/airflow/example_dags/example_outlet_event_extra.py
[2025-02-18T01:25:44.639+0200] {processor.py:925} INFO - DAG(s) 'dataset_with_extra_by_yield', 'dataset_with_extra_from_classic_operator', 'dataset_with_extra_by_context' retrieved from /home/munyah/.local/lib/python3.10/site-packages/airflow/example_dags/example_outlet_event_extra.py
[2025-02-18T01:25:44.660+0200] {logging_mixin.py:190} INFO - [2025-02-18T01:25:44.660+0200] {dag.py:3239} INFO - Sync 3 DAGs
[2025-02-18T01:25:44.683+0200] {logging_mixin.py:190} INFO - [2025-02-18T01:25:44.683+0200] {dag.py:4180} INFO - Setting next_dagrun for dataset_with_extra_by_context to 2025-02-16 00:00:00+00:00, run_after=2025-02-17 00:00:00+00:00
[2025-02-18T01:25:44.688+0200] {logging_mixin.py:190} INFO - [2025-02-18T01:25:44.688+0200] {dag.py:4180} INFO - Setting next_dagrun for dataset_with_extra_by_yield to 2025-02-16 00:00:00+00:00, run_after=2025-02-17 00:00:00+00:00
[2025-02-18T01:25:44.690+0200] {logging_mixin.py:190} INFO - [2025-02-18T01:25:44.690+0200] {dag.py:4180} INFO - Setting next_dagrun for dataset_with_extra_from_classic_operator to 2025-02-16 00:00:00+00:00, run_after=2025-02-17 00:00:00+00:00
[2025-02-18T01:25:44.712+0200] {processor.py:208} INFO - Processing /home/munyah/.local/lib/python3.10/site-packages/airflow/example_dags/example_outlet_event_extra.py took 0.102 seconds
[2025-02-18T01:26:51.991+0200] {processor.py:186} INFO - Started process (PID=352967) to work on /home/munyah/.local/lib/python3.10/site-packages/airflow/example_dags/example_outlet_event_extra.py
[2025-02-18T01:26:51.992+0200] {processor.py:914} INFO - Processing file /home/munyah/.local/lib/python3.10/site-packages/airflow/example_dags/example_outlet_event_extra.py for tasks to queue
[2025-02-18T01:26:51.995+0200] {logging_mixin.py:190} INFO - [2025-02-18T01:26:51.994+0200] {dagbag.py:588} INFO - Filling up the DagBag from /home/munyah/.local/lib/python3.10/site-packages/airflow/example_dags/example_outlet_event_extra.py
[2025-02-18T01:26:52.012+0200] {processor.py:925} INFO - DAG(s) 'dataset_with_extra_by_context', 'dataset_with_extra_by_yield', 'dataset_with_extra_from_classic_operator' retrieved from /home/munyah/.local/lib/python3.10/site-packages/airflow/example_dags/example_outlet_event_extra.py
[2025-02-18T01:26:52.034+0200] {logging_mixin.py:190} INFO - [2025-02-18T01:26:52.034+0200] {dag.py:3239} INFO - Sync 3 DAGs
[2025-02-18T01:26:52.056+0200] {logging_mixin.py:190} INFO - [2025-02-18T01:26:52.056+0200] {dag.py:4180} INFO - Setting next_dagrun for dataset_with_extra_by_context to 2025-02-16 00:00:00+00:00, run_after=2025-02-17 00:00:00+00:00
[2025-02-18T01:26:52.061+0200] {logging_mixin.py:190} INFO - [2025-02-18T01:26:52.061+0200] {dag.py:4180} INFO - Setting next_dagrun for dataset_with_extra_by_yield to 2025-02-16 00:00:00+00:00, run_after=2025-02-17 00:00:00+00:00
[2025-02-18T01:26:52.064+0200] {logging_mixin.py:190} INFO - [2025-02-18T01:26:52.064+0200] {dag.py:4180} INFO - Setting next_dagrun for dataset_with_extra_from_classic_operator to 2025-02-16 00:00:00+00:00, run_after=2025-02-17 00:00:00+00:00
[2025-02-18T01:26:52.087+0200] {processor.py:208} INFO - Processing /home/munyah/.local/lib/python3.10/site-packages/airflow/example_dags/example_outlet_event_extra.py took 0.103 seconds
