[2025-02-18T01:19:20.785+0200] {processor.py:186} INFO - Started process (PID=350714) to work on /home/munyah/.local/lib/python3.10/site-packages/airflow/example_dags/example_python_decorator.py
[2025-02-18T01:19:20.787+0200] {processor.py:914} INFO - Processing file /home/munyah/.local/lib/python3.10/site-packages/airflow/example_dags/example_python_decorator.py for tasks to queue
[2025-02-18T01:19:20.791+0200] {logging_mixin.py:190} INFO - [2025-02-18T01:19:20.790+0200] {dagbag.py:588} INFO - Filling up the DagBag from /home/munyah/.local/lib/python3.10/site-packages/airflow/example_dags/example_python_decorator.py
[2025-02-18T01:19:20.810+0200] {logging_mixin.py:190} INFO - [2025-02-18T01:19:20.809+0200] {example_python_decorator.py:80} WARNING - The virtalenv_python example task requires virtualenv, please install it.
[2025-02-18T01:19:20.813+0200] {processor.py:925} INFO - DAG(s) 'example_python_decorator' retrieved from /home/munyah/.local/lib/python3.10/site-packages/airflow/example_dags/example_python_decorator.py
[2025-02-18T01:19:20.835+0200] {logging_mixin.py:190} INFO - [2025-02-18T01:19:20.834+0200] {dag.py:3239} INFO - Sync 1 DAGs
[2025-02-18T01:19:20.851+0200] {logging_mixin.py:190} INFO - [2025-02-18T01:19:20.851+0200] {dag.py:4180} INFO - Setting next_dagrun for example_python_decorator to None, run_after=None
[2025-02-18T01:19:20.875+0200] {processor.py:208} INFO - Processing /home/munyah/.local/lib/python3.10/site-packages/airflow/example_dags/example_python_decorator.py took 0.106 seconds
[2025-02-18T01:21:05.483+0200] {processor.py:186} INFO - Started process (PID=351078) to work on /home/munyah/.local/lib/python3.10/site-packages/airflow/example_dags/example_python_decorator.py
[2025-02-18T01:21:05.484+0200] {processor.py:914} INFO - Processing file /home/munyah/.local/lib/python3.10/site-packages/airflow/example_dags/example_python_decorator.py for tasks to queue
[2025-02-18T01:21:05.487+0200] {logging_mixin.py:190} INFO - [2025-02-18T01:21:05.487+0200] {dagbag.py:588} INFO - Filling up the DagBag from /home/munyah/.local/lib/python3.10/site-packages/airflow/example_dags/example_python_decorator.py
[2025-02-18T01:21:05.498+0200] {logging_mixin.py:190} INFO - [2025-02-18T01:21:05.498+0200] {example_python_decorator.py:80} WARNING - The virtalenv_python example task requires virtualenv, please install it.
[2025-02-18T01:21:05.502+0200] {processor.py:925} INFO - DAG(s) 'example_python_decorator' retrieved from /home/munyah/.local/lib/python3.10/site-packages/airflow/example_dags/example_python_decorator.py
[2025-02-18T01:21:05.523+0200] {logging_mixin.py:190} INFO - [2025-02-18T01:21:05.522+0200] {dag.py:3239} INFO - Sync 1 DAGs
[2025-02-18T01:21:05.539+0200] {logging_mixin.py:190} INFO - [2025-02-18T01:21:05.538+0200] {dag.py:4180} INFO - Setting next_dagrun for example_python_decorator to None, run_after=None
[2025-02-18T01:21:05.560+0200] {processor.py:208} INFO - Processing /home/munyah/.local/lib/python3.10/site-packages/airflow/example_dags/example_python_decorator.py took 0.085 seconds
[2025-02-18T01:22:13.830+0200] {processor.py:186} INFO - Started process (PID=351651) to work on /home/munyah/.local/lib/python3.10/site-packages/airflow/example_dags/example_python_decorator.py
[2025-02-18T01:22:13.831+0200] {processor.py:914} INFO - Processing file /home/munyah/.local/lib/python3.10/site-packages/airflow/example_dags/example_python_decorator.py for tasks to queue
[2025-02-18T01:22:13.834+0200] {logging_mixin.py:190} INFO - [2025-02-18T01:22:13.834+0200] {dagbag.py:588} INFO - Filling up the DagBag from /home/munyah/.local/lib/python3.10/site-packages/airflow/example_dags/example_python_decorator.py
[2025-02-18T01:22:13.854+0200] {logging_mixin.py:190} INFO - [2025-02-18T01:22:13.854+0200] {example_python_decorator.py:80} WARNING - The virtalenv_python example task requires virtualenv, please install it.
[2025-02-18T01:22:13.859+0200] {processor.py:925} INFO - DAG(s) 'example_python_decorator' retrieved from /home/munyah/.local/lib/python3.10/site-packages/airflow/example_dags/example_python_decorator.py
[2025-02-18T01:22:13.893+0200] {logging_mixin.py:190} INFO - [2025-02-18T01:22:13.893+0200] {dag.py:3239} INFO - Sync 1 DAGs
[2025-02-18T01:22:13.925+0200] {logging_mixin.py:190} INFO - [2025-02-18T01:22:13.924+0200] {dag.py:4180} INFO - Setting next_dagrun for example_python_decorator to None, run_after=None
[2025-02-18T01:22:13.960+0200] {processor.py:208} INFO - Processing /home/munyah/.local/lib/python3.10/site-packages/airflow/example_dags/example_python_decorator.py took 0.141 seconds
[2025-02-18T01:23:24.229+0200] {processor.py:186} INFO - Started process (PID=352117) to work on /home/munyah/.local/lib/python3.10/site-packages/airflow/example_dags/example_python_decorator.py
[2025-02-18T01:23:24.231+0200] {processor.py:914} INFO - Processing file /home/munyah/.local/lib/python3.10/site-packages/airflow/example_dags/example_python_decorator.py for tasks to queue
[2025-02-18T01:23:24.235+0200] {logging_mixin.py:190} INFO - [2025-02-18T01:23:24.234+0200] {dagbag.py:588} INFO - Filling up the DagBag from /home/munyah/.local/lib/python3.10/site-packages/airflow/example_dags/example_python_decorator.py
[2025-02-18T01:23:24.248+0200] {logging_mixin.py:190} INFO - [2025-02-18T01:23:24.248+0200] {example_python_decorator.py:80} WARNING - The virtalenv_python example task requires virtualenv, please install it.
[2025-02-18T01:23:24.251+0200] {processor.py:925} INFO - DAG(s) 'example_python_decorator' retrieved from /home/munyah/.local/lib/python3.10/site-packages/airflow/example_dags/example_python_decorator.py
[2025-02-18T01:23:24.273+0200] {logging_mixin.py:190} INFO - [2025-02-18T01:23:24.272+0200] {dag.py:3239} INFO - Sync 1 DAGs
[2025-02-18T01:23:24.292+0200] {logging_mixin.py:190} INFO - [2025-02-18T01:23:24.291+0200] {dag.py:4180} INFO - Setting next_dagrun for example_python_decorator to None, run_after=None
[2025-02-18T01:23:24.318+0200] {processor.py:208} INFO - Processing /home/munyah/.local/lib/python3.10/site-packages/airflow/example_dags/example_python_decorator.py took 0.096 seconds
[2025-02-18T01:24:35.125+0200] {processor.py:186} INFO - Started process (PID=352337) to work on /home/munyah/.local/lib/python3.10/site-packages/airflow/example_dags/example_python_decorator.py
[2025-02-18T01:24:35.126+0200] {processor.py:914} INFO - Processing file /home/munyah/.local/lib/python3.10/site-packages/airflow/example_dags/example_python_decorator.py for tasks to queue
[2025-02-18T01:24:35.129+0200] {logging_mixin.py:190} INFO - [2025-02-18T01:24:35.128+0200] {dagbag.py:588} INFO - Filling up the DagBag from /home/munyah/.local/lib/python3.10/site-packages/airflow/example_dags/example_python_decorator.py
[2025-02-18T01:24:35.139+0200] {logging_mixin.py:190} INFO - [2025-02-18T01:24:35.139+0200] {example_python_decorator.py:80} WARNING - The virtalenv_python example task requires virtualenv, please install it.
[2025-02-18T01:24:35.142+0200] {processor.py:925} INFO - DAG(s) 'example_python_decorator' retrieved from /home/munyah/.local/lib/python3.10/site-packages/airflow/example_dags/example_python_decorator.py
[2025-02-18T01:24:35.160+0200] {logging_mixin.py:190} INFO - [2025-02-18T01:24:35.160+0200] {dag.py:3239} INFO - Sync 1 DAGs
[2025-02-18T01:24:35.173+0200] {logging_mixin.py:190} INFO - [2025-02-18T01:24:35.173+0200] {dag.py:4180} INFO - Setting next_dagrun for example_python_decorator to None, run_after=None
[2025-02-18T01:24:35.193+0200] {processor.py:208} INFO - Processing /home/munyah/.local/lib/python3.10/site-packages/airflow/example_dags/example_python_decorator.py took 0.075 seconds
[2025-02-18T01:25:40.491+0200] {processor.py:186} INFO - Started process (PID=352577) to work on /home/munyah/.local/lib/python3.10/site-packages/airflow/example_dags/example_python_decorator.py
[2025-02-18T01:25:40.492+0200] {processor.py:914} INFO - Processing file /home/munyah/.local/lib/python3.10/site-packages/airflow/example_dags/example_python_decorator.py for tasks to queue
[2025-02-18T01:25:40.495+0200] {logging_mixin.py:190} INFO - [2025-02-18T01:25:40.494+0200] {dagbag.py:588} INFO - Filling up the DagBag from /home/munyah/.local/lib/python3.10/site-packages/airflow/example_dags/example_python_decorator.py
[2025-02-18T01:25:40.506+0200] {logging_mixin.py:190} INFO - [2025-02-18T01:25:40.506+0200] {example_python_decorator.py:80} WARNING - The virtalenv_python example task requires virtualenv, please install it.
[2025-02-18T01:25:40.509+0200] {processor.py:925} INFO - DAG(s) 'example_python_decorator' retrieved from /home/munyah/.local/lib/python3.10/site-packages/airflow/example_dags/example_python_decorator.py
[2025-02-18T01:25:40.527+0200] {logging_mixin.py:190} INFO - [2025-02-18T01:25:40.527+0200] {dag.py:3239} INFO - Sync 1 DAGs
[2025-02-18T01:25:40.540+0200] {logging_mixin.py:190} INFO - [2025-02-18T01:25:40.540+0200] {dag.py:4180} INFO - Setting next_dagrun for example_python_decorator to None, run_after=None
[2025-02-18T01:25:40.560+0200] {processor.py:208} INFO - Processing /home/munyah/.local/lib/python3.10/site-packages/airflow/example_dags/example_python_decorator.py took 0.076 seconds
[2025-02-18T01:26:48.439+0200] {processor.py:186} INFO - Started process (PID=352947) to work on /home/munyah/.local/lib/python3.10/site-packages/airflow/example_dags/example_python_decorator.py
[2025-02-18T01:26:48.441+0200] {processor.py:914} INFO - Processing file /home/munyah/.local/lib/python3.10/site-packages/airflow/example_dags/example_python_decorator.py for tasks to queue
[2025-02-18T01:26:48.444+0200] {logging_mixin.py:190} INFO - [2025-02-18T01:26:48.443+0200] {dagbag.py:588} INFO - Filling up the DagBag from /home/munyah/.local/lib/python3.10/site-packages/airflow/example_dags/example_python_decorator.py
[2025-02-18T01:26:48.455+0200] {logging_mixin.py:190} INFO - [2025-02-18T01:26:48.455+0200] {example_python_decorator.py:80} WARNING - The virtalenv_python example task requires virtualenv, please install it.
[2025-02-18T01:26:48.458+0200] {processor.py:925} INFO - DAG(s) 'example_python_decorator' retrieved from /home/munyah/.local/lib/python3.10/site-packages/airflow/example_dags/example_python_decorator.py
[2025-02-18T01:26:48.476+0200] {logging_mixin.py:190} INFO - [2025-02-18T01:26:48.476+0200] {dag.py:3239} INFO - Sync 1 DAGs
[2025-02-18T01:26:48.489+0200] {logging_mixin.py:190} INFO - [2025-02-18T01:26:48.489+0200] {dag.py:4180} INFO - Setting next_dagrun for example_python_decorator to None, run_after=None
[2025-02-18T01:26:48.508+0200] {processor.py:208} INFO - Processing /home/munyah/.local/lib/python3.10/site-packages/airflow/example_dags/example_python_decorator.py took 0.076 seconds
