[2025-02-18T01:19:08.903+0200] {processor.py:186} INFO - Started process (PID=350670) to work on /home/munyah/.local/lib/python3.10/site-packages/airflow/example_dags/example_subdag_operator.py
[2025-02-18T01:19:08.905+0200] {processor.py:914} INFO - Processing file /home/munyah/.local/lib/python3.10/site-packages/airflow/example_dags/example_subdag_operator.py for tasks to queue
[2025-02-18T01:19:08.908+0200] {logging_mixin.py:190} INFO - [2025-02-18T01:19:08.908+0200] {dagbag.py:588} INFO - Filling up the DagBag from /home/munyah/.local/lib/python3.10/site-packages/airflow/example_dags/example_subdag_operator.py
[2025-02-18T01:19:08.934+0200] {processor.py:925} INFO - DAG(s) 'example_subdag_operator.section-1', 'example_subdag_operator.section-2', 'example_subdag_operator' retrieved from /home/munyah/.local/lib/python3.10/site-packages/airflow/example_dags/example_subdag_operator.py
[2025-02-18T01:19:08.953+0200] {logging_mixin.py:190} INFO - [2025-02-18T01:19:08.952+0200] {dag.py:3239} INFO - Sync 3 DAGs
[2025-02-18T01:19:08.973+0200] {logging_mixin.py:190} INFO - [2025-02-18T01:19:08.973+0200] {dag.py:4180} INFO - Setting next_dagrun for example_subdag_operator to 2022-01-01 00:00:00+00:00, run_after=2022-01-01 00:00:00+00:00
[2025-02-18T01:19:08.978+0200] {logging_mixin.py:190} INFO - [2025-02-18T01:19:08.978+0200] {dag.py:4180} INFO - Setting next_dagrun for example_subdag_operator.section-1 to None, run_after=None
[2025-02-18T01:19:08.979+0200] {logging_mixin.py:190} INFO - [2025-02-18T01:19:08.979+0200] {dag.py:4180} INFO - Setting next_dagrun for example_subdag_operator.section-2 to None, run_after=None
[2025-02-18T01:19:08.986+0200] {logging_mixin.py:190} INFO - [2025-02-18T01:19:08.986+0200] {dag.py:3239} INFO - Sync 2 DAGs
[2025-02-18T01:19:08.991+0200] {logging_mixin.py:190} INFO - [2025-02-18T01:19:08.990+0200] {dag.py:4180} INFO - Setting next_dagrun for example_subdag_operator.section-1 to None, run_after=None
[2025-02-18T01:19:08.991+0200] {logging_mixin.py:190} INFO - [2025-02-18T01:19:08.991+0200] {dag.py:4180} INFO - Setting next_dagrun for example_subdag_operator.section-2 to None, run_after=None
[2025-02-18T01:19:09.005+0200] {processor.py:208} INFO - Processing /home/munyah/.local/lib/python3.10/site-packages/airflow/example_dags/example_subdag_operator.py took 0.110 seconds
[2025-02-18T01:20:51.162+0200] {processor.py:186} INFO - Started process (PID=351032) to work on /home/munyah/.local/lib/python3.10/site-packages/airflow/example_dags/example_subdag_operator.py
[2025-02-18T01:20:51.164+0200] {processor.py:914} INFO - Processing file /home/munyah/.local/lib/python3.10/site-packages/airflow/example_dags/example_subdag_operator.py for tasks to queue
[2025-02-18T01:20:51.166+0200] {logging_mixin.py:190} INFO - [2025-02-18T01:20:51.166+0200] {dagbag.py:588} INFO - Filling up the DagBag from /home/munyah/.local/lib/python3.10/site-packages/airflow/example_dags/example_subdag_operator.py
[2025-02-18T01:20:51.195+0200] {processor.py:925} INFO - DAG(s) 'example_subdag_operator.section-1', 'example_subdag_operator.section-2', 'example_subdag_operator' retrieved from /home/munyah/.local/lib/python3.10/site-packages/airflow/example_dags/example_subdag_operator.py
[2025-02-18T01:20:51.213+0200] {logging_mixin.py:190} INFO - [2025-02-18T01:20:51.213+0200] {dag.py:3239} INFO - Sync 3 DAGs
[2025-02-18T01:20:51.239+0200] {logging_mixin.py:190} INFO - [2025-02-18T01:20:51.239+0200] {dag.py:4180} INFO - Setting next_dagrun for example_subdag_operator to 2022-01-01 00:00:00+00:00, run_after=2022-01-01 00:00:00+00:00
[2025-02-18T01:20:51.386+0200] {logging_mixin.py:190} INFO - [2025-02-18T01:20:51.386+0200] {dag.py:4180} INFO - Setting next_dagrun for example_subdag_operator.section-1 to None, run_after=None
[2025-02-18T01:20:51.389+0200] {logging_mixin.py:190} INFO - [2025-02-18T01:20:51.388+0200] {dag.py:4180} INFO - Setting next_dagrun for example_subdag_operator.section-2 to None, run_after=None
[2025-02-18T01:20:51.398+0200] {logging_mixin.py:190} INFO - [2025-02-18T01:20:51.398+0200] {dag.py:3239} INFO - Sync 2 DAGs
[2025-02-18T01:20:51.406+0200] {logging_mixin.py:190} INFO - [2025-02-18T01:20:51.406+0200] {dag.py:4180} INFO - Setting next_dagrun for example_subdag_operator.section-1 to None, run_after=None
[2025-02-18T01:20:51.407+0200] {logging_mixin.py:190} INFO - [2025-02-18T01:20:51.406+0200] {dag.py:4180} INFO - Setting next_dagrun for example_subdag_operator.section-2 to None, run_after=None
[2025-02-18T01:20:51.426+0200] {processor.py:208} INFO - Processing /home/munyah/.local/lib/python3.10/site-packages/airflow/example_dags/example_subdag_operator.py took 0.271 seconds
[2025-02-18T01:22:01.437+0200] {processor.py:186} INFO - Started process (PID=351320) to work on /home/munyah/.local/lib/python3.10/site-packages/airflow/example_dags/example_subdag_operator.py
[2025-02-18T01:22:01.439+0200] {processor.py:914} INFO - Processing file /home/munyah/.local/lib/python3.10/site-packages/airflow/example_dags/example_subdag_operator.py for tasks to queue
[2025-02-18T01:22:01.442+0200] {logging_mixin.py:190} INFO - [2025-02-18T01:22:01.441+0200] {dagbag.py:588} INFO - Filling up the DagBag from /home/munyah/.local/lib/python3.10/site-packages/airflow/example_dags/example_subdag_operator.py
[2025-02-18T01:22:01.467+0200] {processor.py:925} INFO - DAG(s) 'example_subdag_operator.section-1', 'example_subdag_operator.section-2', 'example_subdag_operator' retrieved from /home/munyah/.local/lib/python3.10/site-packages/airflow/example_dags/example_subdag_operator.py
[2025-02-18T01:22:01.483+0200] {logging_mixin.py:190} INFO - [2025-02-18T01:22:01.483+0200] {dag.py:3239} INFO - Sync 3 DAGs
[2025-02-18T01:22:01.629+0200] {logging_mixin.py:190} INFO - [2025-02-18T01:22:01.629+0200] {dag.py:4180} INFO - Setting next_dagrun for example_subdag_operator to 2022-01-01 00:00:00+00:00, run_after=2022-01-01 00:00:00+00:00
[2025-02-18T01:22:01.635+0200] {logging_mixin.py:190} INFO - [2025-02-18T01:22:01.634+0200] {dag.py:4180} INFO - Setting next_dagrun for example_subdag_operator.section-1 to None, run_after=None
[2025-02-18T01:22:01.636+0200] {logging_mixin.py:190} INFO - [2025-02-18T01:22:01.636+0200] {dag.py:4180} INFO - Setting next_dagrun for example_subdag_operator.section-2 to None, run_after=None
[2025-02-18T01:22:01.644+0200] {logging_mixin.py:190} INFO - [2025-02-18T01:22:01.643+0200] {dag.py:3239} INFO - Sync 2 DAGs
[2025-02-18T01:22:01.649+0200] {logging_mixin.py:190} INFO - [2025-02-18T01:22:01.649+0200] {dag.py:4180} INFO - Setting next_dagrun for example_subdag_operator.section-1 to None, run_after=None
[2025-02-18T01:22:01.650+0200] {logging_mixin.py:190} INFO - [2025-02-18T01:22:01.649+0200] {dag.py:4180} INFO - Setting next_dagrun for example_subdag_operator.section-2 to None, run_after=None
[2025-02-18T01:22:01.665+0200] {processor.py:208} INFO - Processing /home/munyah/.local/lib/python3.10/site-packages/airflow/example_dags/example_subdag_operator.py took 0.235 seconds
[2025-02-18T01:23:09.006+0200] {processor.py:186} INFO - Started process (PID=352071) to work on /home/munyah/.local/lib/python3.10/site-packages/airflow/example_dags/example_subdag_operator.py
[2025-02-18T01:23:09.007+0200] {processor.py:914} INFO - Processing file /home/munyah/.local/lib/python3.10/site-packages/airflow/example_dags/example_subdag_operator.py for tasks to queue
[2025-02-18T01:23:09.011+0200] {logging_mixin.py:190} INFO - [2025-02-18T01:23:09.010+0200] {dagbag.py:588} INFO - Filling up the DagBag from /home/munyah/.local/lib/python3.10/site-packages/airflow/example_dags/example_subdag_operator.py
[2025-02-18T01:23:09.036+0200] {processor.py:925} INFO - DAG(s) 'example_subdag_operator.section-1', 'example_subdag_operator.section-2', 'example_subdag_operator' retrieved from /home/munyah/.local/lib/python3.10/site-packages/airflow/example_dags/example_subdag_operator.py
[2025-02-18T01:23:09.053+0200] {logging_mixin.py:190} INFO - [2025-02-18T01:23:09.052+0200] {dag.py:3239} INFO - Sync 3 DAGs
[2025-02-18T01:23:09.202+0200] {logging_mixin.py:190} INFO - [2025-02-18T01:23:09.201+0200] {dag.py:4180} INFO - Setting next_dagrun for example_subdag_operator to 2022-01-01 00:00:00+00:00, run_after=2022-01-01 00:00:00+00:00
[2025-02-18T01:23:09.207+0200] {logging_mixin.py:190} INFO - [2025-02-18T01:23:09.207+0200] {dag.py:4180} INFO - Setting next_dagrun for example_subdag_operator.section-1 to None, run_after=None
[2025-02-18T01:23:09.209+0200] {logging_mixin.py:190} INFO - [2025-02-18T01:23:09.208+0200] {dag.py:4180} INFO - Setting next_dagrun for example_subdag_operator.section-2 to None, run_after=None
[2025-02-18T01:23:09.216+0200] {logging_mixin.py:190} INFO - [2025-02-18T01:23:09.216+0200] {dag.py:3239} INFO - Sync 2 DAGs
[2025-02-18T01:23:09.221+0200] {logging_mixin.py:190} INFO - [2025-02-18T01:23:09.221+0200] {dag.py:4180} INFO - Setting next_dagrun for example_subdag_operator.section-1 to None, run_after=None
[2025-02-18T01:23:09.222+0200] {logging_mixin.py:190} INFO - [2025-02-18T01:23:09.222+0200] {dag.py:4180} INFO - Setting next_dagrun for example_subdag_operator.section-2 to None, run_after=None
[2025-02-18T01:23:09.236+0200] {processor.py:208} INFO - Processing /home/munyah/.local/lib/python3.10/site-packages/airflow/example_dags/example_subdag_operator.py took 0.239 seconds
[2025-02-18T01:24:23.691+0200] {processor.py:186} INFO - Started process (PID=352301) to work on /home/munyah/.local/lib/python3.10/site-packages/airflow/example_dags/example_subdag_operator.py
[2025-02-18T01:24:23.693+0200] {processor.py:914} INFO - Processing file /home/munyah/.local/lib/python3.10/site-packages/airflow/example_dags/example_subdag_operator.py for tasks to queue
[2025-02-18T01:24:23.700+0200] {logging_mixin.py:190} INFO - [2025-02-18T01:24:23.699+0200] {dagbag.py:588} INFO - Filling up the DagBag from /home/munyah/.local/lib/python3.10/site-packages/airflow/example_dags/example_subdag_operator.py
[2025-02-18T01:24:23.731+0200] {processor.py:925} INFO - DAG(s) 'example_subdag_operator.section-1', 'example_subdag_operator.section-2', 'example_subdag_operator' retrieved from /home/munyah/.local/lib/python3.10/site-packages/airflow/example_dags/example_subdag_operator.py
[2025-02-18T01:24:23.750+0200] {logging_mixin.py:190} INFO - [2025-02-18T01:24:23.749+0200] {dag.py:3239} INFO - Sync 3 DAGs
[2025-02-18T01:24:23.773+0200] {logging_mixin.py:190} INFO - [2025-02-18T01:24:23.773+0200] {dag.py:4180} INFO - Setting next_dagrun for example_subdag_operator to 2022-01-01 00:00:00+00:00, run_after=2022-01-01 00:00:00+00:00
[2025-02-18T01:24:23.777+0200] {logging_mixin.py:190} INFO - [2025-02-18T01:24:23.777+0200] {dag.py:4180} INFO - Setting next_dagrun for example_subdag_operator.section-1 to None, run_after=None
[2025-02-18T01:24:23.778+0200] {logging_mixin.py:190} INFO - [2025-02-18T01:24:23.778+0200] {dag.py:4180} INFO - Setting next_dagrun for example_subdag_operator.section-2 to None, run_after=None
[2025-02-18T01:24:23.785+0200] {logging_mixin.py:190} INFO - [2025-02-18T01:24:23.785+0200] {dag.py:3239} INFO - Sync 2 DAGs
[2025-02-18T01:24:23.790+0200] {logging_mixin.py:190} INFO - [2025-02-18T01:24:23.790+0200] {dag.py:4180} INFO - Setting next_dagrun for example_subdag_operator.section-1 to None, run_after=None
[2025-02-18T01:24:23.790+0200] {logging_mixin.py:190} INFO - [2025-02-18T01:24:23.790+0200] {dag.py:4180} INFO - Setting next_dagrun for example_subdag_operator.section-2 to None, run_after=None
[2025-02-18T01:24:23.804+0200] {processor.py:208} INFO - Processing /home/munyah/.local/lib/python3.10/site-packages/airflow/example_dags/example_subdag_operator.py took 0.130 seconds
[2025-02-18T01:25:27.489+0200] {processor.py:186} INFO - Started process (PID=352529) to work on /home/munyah/.local/lib/python3.10/site-packages/airflow/example_dags/example_subdag_operator.py
[2025-02-18T01:25:27.491+0200] {processor.py:914} INFO - Processing file /home/munyah/.local/lib/python3.10/site-packages/airflow/example_dags/example_subdag_operator.py for tasks to queue
[2025-02-18T01:25:27.493+0200] {logging_mixin.py:190} INFO - [2025-02-18T01:25:27.493+0200] {dagbag.py:588} INFO - Filling up the DagBag from /home/munyah/.local/lib/python3.10/site-packages/airflow/example_dags/example_subdag_operator.py
[2025-02-18T01:25:27.517+0200] {processor.py:925} INFO - DAG(s) 'example_subdag_operator.section-1', 'example_subdag_operator.section-2', 'example_subdag_operator' retrieved from /home/munyah/.local/lib/python3.10/site-packages/airflow/example_dags/example_subdag_operator.py
[2025-02-18T01:25:27.533+0200] {logging_mixin.py:190} INFO - [2025-02-18T01:25:27.533+0200] {dag.py:3239} INFO - Sync 3 DAGs
[2025-02-18T01:25:27.554+0200] {logging_mixin.py:190} INFO - [2025-02-18T01:25:27.554+0200] {dag.py:4180} INFO - Setting next_dagrun for example_subdag_operator to 2022-01-01 00:00:00+00:00, run_after=2022-01-01 00:00:00+00:00
[2025-02-18T01:25:27.558+0200] {logging_mixin.py:190} INFO - [2025-02-18T01:25:27.557+0200] {dag.py:4180} INFO - Setting next_dagrun for example_subdag_operator.section-1 to None, run_after=None
[2025-02-18T01:25:27.559+0200] {logging_mixin.py:190} INFO - [2025-02-18T01:25:27.558+0200] {dag.py:4180} INFO - Setting next_dagrun for example_subdag_operator.section-2 to None, run_after=None
[2025-02-18T01:25:27.565+0200] {logging_mixin.py:190} INFO - [2025-02-18T01:25:27.564+0200] {dag.py:3239} INFO - Sync 2 DAGs
[2025-02-18T01:25:27.570+0200] {logging_mixin.py:190} INFO - [2025-02-18T01:25:27.569+0200] {dag.py:4180} INFO - Setting next_dagrun for example_subdag_operator.section-1 to None, run_after=None
[2025-02-18T01:25:27.570+0200] {logging_mixin.py:190} INFO - [2025-02-18T01:25:27.570+0200] {dag.py:4180} INFO - Setting next_dagrun for example_subdag_operator.section-2 to None, run_after=None
[2025-02-18T01:25:27.584+0200] {processor.py:208} INFO - Processing /home/munyah/.local/lib/python3.10/site-packages/airflow/example_dags/example_subdag_operator.py took 0.102 seconds
[2025-02-18T01:26:36.233+0200] {processor.py:186} INFO - Started process (PID=352879) to work on /home/munyah/.local/lib/python3.10/site-packages/airflow/example_dags/example_subdag_operator.py
[2025-02-18T01:26:36.235+0200] {processor.py:914} INFO - Processing file /home/munyah/.local/lib/python3.10/site-packages/airflow/example_dags/example_subdag_operator.py for tasks to queue
[2025-02-18T01:26:36.238+0200] {logging_mixin.py:190} INFO - [2025-02-18T01:26:36.237+0200] {dagbag.py:588} INFO - Filling up the DagBag from /home/munyah/.local/lib/python3.10/site-packages/airflow/example_dags/example_subdag_operator.py
[2025-02-18T01:26:36.263+0200] {processor.py:925} INFO - DAG(s) 'example_subdag_operator.section-1', 'example_subdag_operator.section-2', 'example_subdag_operator' retrieved from /home/munyah/.local/lib/python3.10/site-packages/airflow/example_dags/example_subdag_operator.py
[2025-02-18T01:26:36.408+0200] {logging_mixin.py:190} INFO - [2025-02-18T01:26:36.408+0200] {dag.py:3239} INFO - Sync 3 DAGs
[2025-02-18T01:26:36.431+0200] {logging_mixin.py:190} INFO - [2025-02-18T01:26:36.430+0200] {dag.py:4180} INFO - Setting next_dagrun for example_subdag_operator to 2022-01-01 00:00:00+00:00, run_after=2022-01-01 00:00:00+00:00
[2025-02-18T01:26:36.434+0200] {logging_mixin.py:190} INFO - [2025-02-18T01:26:36.434+0200] {dag.py:4180} INFO - Setting next_dagrun for example_subdag_operator.section-1 to None, run_after=None
[2025-02-18T01:26:36.435+0200] {logging_mixin.py:190} INFO - [2025-02-18T01:26:36.435+0200] {dag.py:4180} INFO - Setting next_dagrun for example_subdag_operator.section-2 to None, run_after=None
[2025-02-18T01:26:36.441+0200] {logging_mixin.py:190} INFO - [2025-02-18T01:26:36.440+0200] {dag.py:3239} INFO - Sync 2 DAGs
[2025-02-18T01:26:36.445+0200] {logging_mixin.py:190} INFO - [2025-02-18T01:26:36.445+0200] {dag.py:4180} INFO - Setting next_dagrun for example_subdag_operator.section-1 to None, run_after=None
[2025-02-18T01:26:36.446+0200] {logging_mixin.py:190} INFO - [2025-02-18T01:26:36.445+0200] {dag.py:4180} INFO - Setting next_dagrun for example_subdag_operator.section-2 to None, run_after=None
[2025-02-18T01:26:36.458+0200] {processor.py:208} INFO - Processing /home/munyah/.local/lib/python3.10/site-packages/airflow/example_dags/example_subdag_operator.py took 0.233 seconds
