[2025-02-18T01:19:00.907+0200] {processor.py:186} INFO - Started process (PID=350647) to work on /home/munyah/.local/lib/python3.10/site-packages/airflow/example_dags/tutorial.py
[2025-02-18T01:19:00.908+0200] {processor.py:914} INFO - Processing file /home/munyah/.local/lib/python3.10/site-packages/airflow/example_dags/tutorial.py for tasks to queue
[2025-02-18T01:19:00.911+0200] {logging_mixin.py:190} INFO - [2025-02-18T01:19:00.910+0200] {dagbag.py:588} INFO - Filling up the DagBag from /home/munyah/.local/lib/python3.10/site-packages/airflow/example_dags/tutorial.py
[2025-02-18T01:19:00.923+0200] {processor.py:925} INFO - DAG(s) 'tutorial' retrieved from /home/munyah/.local/lib/python3.10/site-packages/airflow/example_dags/tutorial.py
[2025-02-18T01:19:00.946+0200] {logging_mixin.py:190} INFO - [2025-02-18T01:19:00.946+0200] {dag.py:3239} INFO - Sync 1 DAGs
[2025-02-18T01:19:00.975+0200] {logging_mixin.py:190} INFO - [2025-02-18T01:19:00.974+0200] {dag.py:4180} INFO - Setting next_dagrun for tutorial to 2025-02-16 00:00:00+00:00, run_after=2025-02-17 00:00:00+00:00
[2025-02-18T01:19:01.022+0200] {processor.py:208} INFO - Processing /home/munyah/.local/lib/python3.10/site-packages/airflow/example_dags/tutorial.py took 0.125 seconds
[2025-02-18T01:20:41.841+0200] {processor.py:186} INFO - Started process (PID=351007) to work on /home/munyah/.local/lib/python3.10/site-packages/airflow/example_dags/tutorial.py
[2025-02-18T01:20:41.842+0200] {processor.py:914} INFO - Processing file /home/munyah/.local/lib/python3.10/site-packages/airflow/example_dags/tutorial.py for tasks to queue
[2025-02-18T01:20:41.844+0200] {logging_mixin.py:190} INFO - [2025-02-18T01:20:41.844+0200] {dagbag.py:588} INFO - Filling up the DagBag from /home/munyah/.local/lib/python3.10/site-packages/airflow/example_dags/tutorial.py
[2025-02-18T01:20:41.854+0200] {processor.py:925} INFO - DAG(s) 'tutorial' retrieved from /home/munyah/.local/lib/python3.10/site-packages/airflow/example_dags/tutorial.py
[2025-02-18T01:20:41.872+0200] {logging_mixin.py:190} INFO - [2025-02-18T01:20:41.871+0200] {dag.py:3239} INFO - Sync 1 DAGs
[2025-02-18T01:20:41.896+0200] {logging_mixin.py:190} INFO - [2025-02-18T01:20:41.895+0200] {dag.py:4180} INFO - Setting next_dagrun for tutorial to 2025-02-16 00:00:00+00:00, run_after=2025-02-17 00:00:00+00:00
[2025-02-18T01:20:42.057+0200] {processor.py:208} INFO - Processing /home/munyah/.local/lib/python3.10/site-packages/airflow/example_dags/tutorial.py took 0.224 seconds
[2025-02-18T01:21:51.023+0200] {processor.py:186} INFO - Started process (PID=351265) to work on /home/munyah/.local/lib/python3.10/site-packages/airflow/example_dags/tutorial.py
[2025-02-18T01:21:51.025+0200] {processor.py:914} INFO - Processing file /home/munyah/.local/lib/python3.10/site-packages/airflow/example_dags/tutorial.py for tasks to queue
[2025-02-18T01:21:51.027+0200] {logging_mixin.py:190} INFO - [2025-02-18T01:21:51.026+0200] {dagbag.py:588} INFO - Filling up the DagBag from /home/munyah/.local/lib/python3.10/site-packages/airflow/example_dags/tutorial.py
[2025-02-18T01:21:51.036+0200] {processor.py:925} INFO - DAG(s) 'tutorial' retrieved from /home/munyah/.local/lib/python3.10/site-packages/airflow/example_dags/tutorial.py
[2025-02-18T01:21:51.053+0200] {logging_mixin.py:190} INFO - [2025-02-18T01:21:51.053+0200] {dag.py:3239} INFO - Sync 1 DAGs
[2025-02-18T01:21:51.198+0200] {logging_mixin.py:190} INFO - [2025-02-18T01:21:51.198+0200] {dag.py:4180} INFO - Setting next_dagrun for tutorial to 2025-02-16 00:00:00+00:00, run_after=2025-02-17 00:00:00+00:00
[2025-02-18T01:21:51.224+0200] {processor.py:208} INFO - Processing /home/munyah/.local/lib/python3.10/site-packages/airflow/example_dags/tutorial.py took 0.208 seconds
[2025-02-18T01:22:33.671+0200] {processor.py:186} INFO - Started process (PID=351855) to work on /home/munyah/.local/lib/python3.10/site-packages/airflow/example_dags/tutorial.py
[2025-02-18T01:22:33.673+0200] {processor.py:914} INFO - Processing file /home/munyah/.local/lib/python3.10/site-packages/airflow/example_dags/tutorial.py for tasks to queue
[2025-02-18T01:22:33.676+0200] {logging_mixin.py:190} INFO - [2025-02-18T01:22:33.675+0200] {dagbag.py:588} INFO - Filling up the DagBag from /home/munyah/.local/lib/python3.10/site-packages/airflow/example_dags/tutorial.py
[2025-02-18T01:22:33.686+0200] {processor.py:925} INFO - DAG(s) 'tutorial' retrieved from /home/munyah/.local/lib/python3.10/site-packages/airflow/example_dags/tutorial.py
[2025-02-18T01:22:33.703+0200] {logging_mixin.py:190} INFO - [2025-02-18T01:22:33.702+0200] {dag.py:3239} INFO - Sync 1 DAGs
[2025-02-18T01:22:33.723+0200] {logging_mixin.py:190} INFO - [2025-02-18T01:22:33.723+0200] {dag.py:4180} INFO - Setting next_dagrun for tutorial to 2025-02-16 00:00:00+00:00, run_after=2025-02-17 00:00:00+00:00
[2025-02-18T01:22:33.743+0200] {processor.py:208} INFO - Processing /home/munyah/.local/lib/python3.10/site-packages/airflow/example_dags/tutorial.py took 0.080 seconds
[2025-02-18T01:23:44.250+0200] {processor.py:186} INFO - Started process (PID=352182) to work on /home/munyah/.local/lib/python3.10/site-packages/airflow/example_dags/tutorial.py
[2025-02-18T01:23:44.251+0200] {processor.py:914} INFO - Processing file /home/munyah/.local/lib/python3.10/site-packages/airflow/example_dags/tutorial.py for tasks to queue
[2025-02-18T01:23:44.254+0200] {logging_mixin.py:190} INFO - [2025-02-18T01:23:44.253+0200] {dagbag.py:588} INFO - Filling up the DagBag from /home/munyah/.local/lib/python3.10/site-packages/airflow/example_dags/tutorial.py
[2025-02-18T01:23:44.263+0200] {processor.py:925} INFO - DAG(s) 'tutorial' retrieved from /home/munyah/.local/lib/python3.10/site-packages/airflow/example_dags/tutorial.py
[2025-02-18T01:23:44.279+0200] {logging_mixin.py:190} INFO - [2025-02-18T01:23:44.279+0200] {dag.py:3239} INFO - Sync 1 DAGs
[2025-02-18T01:23:44.300+0200] {logging_mixin.py:190} INFO - [2025-02-18T01:23:44.299+0200] {dag.py:4180} INFO - Setting next_dagrun for tutorial to 2025-02-16 00:00:00+00:00, run_after=2025-02-17 00:00:00+00:00
[2025-02-18T01:23:44.319+0200] {processor.py:208} INFO - Processing /home/munyah/.local/lib/python3.10/site-packages/airflow/example_dags/tutorial.py took 0.076 seconds
[2025-02-18T01:24:50.467+0200] {processor.py:186} INFO - Started process (PID=352386) to work on /home/munyah/.local/lib/python3.10/site-packages/airflow/example_dags/tutorial.py
[2025-02-18T01:24:50.469+0200] {processor.py:914} INFO - Processing file /home/munyah/.local/lib/python3.10/site-packages/airflow/example_dags/tutorial.py for tasks to queue
[2025-02-18T01:24:50.472+0200] {logging_mixin.py:190} INFO - [2025-02-18T01:24:50.471+0200] {dagbag.py:588} INFO - Filling up the DagBag from /home/munyah/.local/lib/python3.10/site-packages/airflow/example_dags/tutorial.py
[2025-02-18T01:24:50.484+0200] {processor.py:925} INFO - DAG(s) 'tutorial' retrieved from /home/munyah/.local/lib/python3.10/site-packages/airflow/example_dags/tutorial.py
[2025-02-18T01:24:50.503+0200] {logging_mixin.py:190} INFO - [2025-02-18T01:24:50.503+0200] {dag.py:3239} INFO - Sync 1 DAGs
[2025-02-18T01:24:50.530+0200] {logging_mixin.py:190} INFO - [2025-02-18T01:24:50.530+0200] {dag.py:4180} INFO - Setting next_dagrun for tutorial to 2025-02-16 00:00:00+00:00, run_after=2025-02-17 00:00:00+00:00
[2025-02-18T01:24:50.553+0200] {processor.py:208} INFO - Processing /home/munyah/.local/lib/python3.10/site-packages/airflow/example_dags/tutorial.py took 0.100 seconds
[2025-02-18T01:25:56.207+0200] {processor.py:186} INFO - Started process (PID=352656) to work on /home/munyah/.local/lib/python3.10/site-packages/airflow/example_dags/tutorial.py
[2025-02-18T01:25:56.208+0200] {processor.py:914} INFO - Processing file /home/munyah/.local/lib/python3.10/site-packages/airflow/example_dags/tutorial.py for tasks to queue
[2025-02-18T01:25:56.211+0200] {logging_mixin.py:190} INFO - [2025-02-18T01:25:56.210+0200] {dagbag.py:588} INFO - Filling up the DagBag from /home/munyah/.local/lib/python3.10/site-packages/airflow/example_dags/tutorial.py
[2025-02-18T01:25:56.221+0200] {processor.py:925} INFO - DAG(s) 'tutorial' retrieved from /home/munyah/.local/lib/python3.10/site-packages/airflow/example_dags/tutorial.py
[2025-02-18T01:25:56.238+0200] {logging_mixin.py:190} INFO - [2025-02-18T01:25:56.238+0200] {dag.py:3239} INFO - Sync 1 DAGs
[2025-02-18T01:25:56.258+0200] {logging_mixin.py:190} INFO - [2025-02-18T01:25:56.258+0200] {dag.py:4180} INFO - Setting next_dagrun for tutorial to 2025-02-16 00:00:00+00:00, run_after=2025-02-17 00:00:00+00:00
[2025-02-18T01:25:56.280+0200] {processor.py:208} INFO - Processing /home/munyah/.local/lib/python3.10/site-packages/airflow/example_dags/tutorial.py took 0.081 seconds
[2025-02-18T01:27:03.690+0200] {processor.py:186} INFO - Started process (PID=353032) to work on /home/munyah/.local/lib/python3.10/site-packages/airflow/example_dags/tutorial.py
[2025-02-18T01:27:03.691+0200] {processor.py:914} INFO - Processing file /home/munyah/.local/lib/python3.10/site-packages/airflow/example_dags/tutorial.py for tasks to queue
[2025-02-18T01:27:03.694+0200] {logging_mixin.py:190} INFO - [2025-02-18T01:27:03.693+0200] {dagbag.py:588} INFO - Filling up the DagBag from /home/munyah/.local/lib/python3.10/site-packages/airflow/example_dags/tutorial.py
[2025-02-18T01:27:03.704+0200] {processor.py:925} INFO - DAG(s) 'tutorial' retrieved from /home/munyah/.local/lib/python3.10/site-packages/airflow/example_dags/tutorial.py
[2025-02-18T01:27:03.721+0200] {logging_mixin.py:190} INFO - [2025-02-18T01:27:03.720+0200] {dag.py:3239} INFO - Sync 1 DAGs
[2025-02-18T01:27:03.741+0200] {logging_mixin.py:190} INFO - [2025-02-18T01:27:03.741+0200] {dag.py:4180} INFO - Setting next_dagrun for tutorial to 2025-02-16 00:00:00+00:00, run_after=2025-02-17 00:00:00+00:00
[2025-02-18T01:27:03.886+0200] {processor.py:208} INFO - Processing /home/munyah/.local/lib/python3.10/site-packages/airflow/example_dags/tutorial.py took 0.203 seconds
