[2025-02-18T01:18:58.242+0200] {processor.py:186} INFO - Started process (PID=350642) to work on /home/munyah/.local/lib/python3.10/site-packages/airflow/example_dags/tutorial_objectstorage.py
[2025-02-18T01:18:58.243+0200] {processor.py:914} INFO - Processing file /home/munyah/.local/lib/python3.10/site-packages/airflow/example_dags/tutorial_objectstorage.py for tasks to queue
[2025-02-18T01:18:58.247+0200] {logging_mixin.py:190} INFO - [2025-02-18T01:18:58.246+0200] {dagbag.py:588} INFO - Filling up the DagBag from /home/munyah/.local/lib/python3.10/site-packages/airflow/example_dags/tutorial_objectstorage.py
[2025-02-18T01:18:58.261+0200] {processor.py:925} INFO - DAG(s) 'tutorial_objectstorage' retrieved from /home/munyah/.local/lib/python3.10/site-packages/airflow/example_dags/tutorial_objectstorage.py
[2025-02-18T01:18:58.282+0200] {logging_mixin.py:190} INFO - [2025-02-18T01:18:58.281+0200] {dag.py:3239} INFO - Sync 1 DAGs
[2025-02-18T01:18:58.296+0200] {logging_mixin.py:190} INFO - [2025-02-18T01:18:58.296+0200] {dag.py:4180} INFO - Setting next_dagrun for tutorial_objectstorage to None, run_after=None
[2025-02-18T01:18:58.318+0200] {processor.py:208} INFO - Processing /home/munyah/.local/lib/python3.10/site-packages/airflow/example_dags/tutorial_objectstorage.py took 0.085 seconds
[2025-02-18T01:20:39.338+0200] {processor.py:186} INFO - Started process (PID=350993) to work on /home/munyah/.local/lib/python3.10/site-packages/airflow/example_dags/tutorial_objectstorage.py
[2025-02-18T01:20:39.339+0200] {processor.py:914} INFO - Processing file /home/munyah/.local/lib/python3.10/site-packages/airflow/example_dags/tutorial_objectstorage.py for tasks to queue
[2025-02-18T01:20:39.342+0200] {logging_mixin.py:190} INFO - [2025-02-18T01:20:39.342+0200] {dagbag.py:588} INFO - Filling up the DagBag from /home/munyah/.local/lib/python3.10/site-packages/airflow/example_dags/tutorial_objectstorage.py
[2025-02-18T01:20:39.354+0200] {processor.py:925} INFO - DAG(s) 'tutorial_objectstorage' retrieved from /home/munyah/.local/lib/python3.10/site-packages/airflow/example_dags/tutorial_objectstorage.py
[2025-02-18T01:20:39.371+0200] {logging_mixin.py:190} INFO - [2025-02-18T01:20:39.371+0200] {dag.py:3239} INFO - Sync 1 DAGs
[2025-02-18T01:20:39.388+0200] {logging_mixin.py:190} INFO - [2025-02-18T01:20:39.387+0200] {dag.py:4180} INFO - Setting next_dagrun for tutorial_objectstorage to None, run_after=None
[2025-02-18T01:20:39.420+0200] {processor.py:208} INFO - Processing /home/munyah/.local/lib/python3.10/site-packages/airflow/example_dags/tutorial_objectstorage.py took 0.090 seconds
[2025-02-18T01:21:21.278+0200] {processor.py:186} INFO - Started process (PID=351129) to work on /home/munyah/.local/lib/python3.10/site-packages/airflow/example_dags/tutorial_objectstorage.py
[2025-02-18T01:21:21.279+0200] {processor.py:914} INFO - Processing file /home/munyah/.local/lib/python3.10/site-packages/airflow/example_dags/tutorial_objectstorage.py for tasks to queue
[2025-02-18T01:21:21.283+0200] {logging_mixin.py:190} INFO - [2025-02-18T01:21:21.282+0200] {dagbag.py:588} INFO - Filling up the DagBag from /home/munyah/.local/lib/python3.10/site-packages/airflow/example_dags/tutorial_objectstorage.py
[2025-02-18T01:21:21.296+0200] {processor.py:925} INFO - DAG(s) 'tutorial_objectstorage' retrieved from /home/munyah/.local/lib/python3.10/site-packages/airflow/example_dags/tutorial_objectstorage.py
[2025-02-18T01:21:21.313+0200] {logging_mixin.py:190} INFO - [2025-02-18T01:21:21.313+0200] {dag.py:3239} INFO - Sync 1 DAGs
[2025-02-18T01:21:21.326+0200] {logging_mixin.py:190} INFO - [2025-02-18T01:21:21.326+0200] {dag.py:4180} INFO - Setting next_dagrun for tutorial_objectstorage to None, run_after=None
[2025-02-18T01:21:21.346+0200] {processor.py:208} INFO - Processing /home/munyah/.local/lib/python3.10/site-packages/airflow/example_dags/tutorial_objectstorage.py took 0.076 seconds
[2025-02-18T01:22:30.749+0200] {processor.py:186} INFO - Started process (PID=351832) to work on /home/munyah/.local/lib/python3.10/site-packages/airflow/example_dags/tutorial_objectstorage.py
[2025-02-18T01:22:30.750+0200] {processor.py:914} INFO - Processing file /home/munyah/.local/lib/python3.10/site-packages/airflow/example_dags/tutorial_objectstorage.py for tasks to queue
[2025-02-18T01:22:30.753+0200] {logging_mixin.py:190} INFO - [2025-02-18T01:22:30.753+0200] {dagbag.py:588} INFO - Filling up the DagBag from /home/munyah/.local/lib/python3.10/site-packages/airflow/example_dags/tutorial_objectstorage.py
[2025-02-18T01:22:30.765+0200] {processor.py:925} INFO - DAG(s) 'tutorial_objectstorage' retrieved from /home/munyah/.local/lib/python3.10/site-packages/airflow/example_dags/tutorial_objectstorage.py
[2025-02-18T01:22:30.780+0200] {logging_mixin.py:190} INFO - [2025-02-18T01:22:30.780+0200] {dag.py:3239} INFO - Sync 1 DAGs
[2025-02-18T01:22:30.794+0200] {logging_mixin.py:190} INFO - [2025-02-18T01:22:30.793+0200] {dag.py:4180} INFO - Setting next_dagrun for tutorial_objectstorage to None, run_after=None
[2025-02-18T01:22:30.814+0200] {processor.py:208} INFO - Processing /home/munyah/.local/lib/python3.10/site-packages/airflow/example_dags/tutorial_objectstorage.py took 0.072 seconds
[2025-02-18T01:23:41.458+0200] {processor.py:186} INFO - Started process (PID=352168) to work on /home/munyah/.local/lib/python3.10/site-packages/airflow/example_dags/tutorial_objectstorage.py
[2025-02-18T01:23:41.459+0200] {processor.py:914} INFO - Processing file /home/munyah/.local/lib/python3.10/site-packages/airflow/example_dags/tutorial_objectstorage.py for tasks to queue
[2025-02-18T01:23:41.462+0200] {logging_mixin.py:190} INFO - [2025-02-18T01:23:41.461+0200] {dagbag.py:588} INFO - Filling up the DagBag from /home/munyah/.local/lib/python3.10/site-packages/airflow/example_dags/tutorial_objectstorage.py
[2025-02-18T01:23:41.472+0200] {processor.py:925} INFO - DAG(s) 'tutorial_objectstorage' retrieved from /home/munyah/.local/lib/python3.10/site-packages/airflow/example_dags/tutorial_objectstorage.py
[2025-02-18T01:23:41.488+0200] {logging_mixin.py:190} INFO - [2025-02-18T01:23:41.488+0200] {dag.py:3239} INFO - Sync 1 DAGs
[2025-02-18T01:23:41.501+0200] {logging_mixin.py:190} INFO - [2025-02-18T01:23:41.501+0200] {dag.py:4180} INFO - Setting next_dagrun for tutorial_objectstorage to None, run_after=None
[2025-02-18T01:23:41.525+0200] {processor.py:208} INFO - Processing /home/munyah/.local/lib/python3.10/site-packages/airflow/example_dags/tutorial_objectstorage.py took 0.074 seconds
[2025-02-18T01:24:48.045+0200] {processor.py:186} INFO - Started process (PID=352375) to work on /home/munyah/.local/lib/python3.10/site-packages/airflow/example_dags/tutorial_objectstorage.py
[2025-02-18T01:24:48.047+0200] {processor.py:914} INFO - Processing file /home/munyah/.local/lib/python3.10/site-packages/airflow/example_dags/tutorial_objectstorage.py for tasks to queue
[2025-02-18T01:24:48.049+0200] {logging_mixin.py:190} INFO - [2025-02-18T01:24:48.049+0200] {dagbag.py:588} INFO - Filling up the DagBag from /home/munyah/.local/lib/python3.10/site-packages/airflow/example_dags/tutorial_objectstorage.py
[2025-02-18T01:24:48.060+0200] {processor.py:925} INFO - DAG(s) 'tutorial_objectstorage' retrieved from /home/munyah/.local/lib/python3.10/site-packages/airflow/example_dags/tutorial_objectstorage.py
[2025-02-18T01:24:48.077+0200] {logging_mixin.py:190} INFO - [2025-02-18T01:24:48.076+0200] {dag.py:3239} INFO - Sync 1 DAGs
[2025-02-18T01:24:48.091+0200] {logging_mixin.py:190} INFO - [2025-02-18T01:24:48.090+0200] {dag.py:4180} INFO - Setting next_dagrun for tutorial_objectstorage to None, run_after=None
[2025-02-18T01:24:48.112+0200] {processor.py:208} INFO - Processing /home/munyah/.local/lib/python3.10/site-packages/airflow/example_dags/tutorial_objectstorage.py took 0.075 seconds
[2025-02-18T01:25:53.051+0200] {processor.py:186} INFO - Started process (PID=352650) to work on /home/munyah/.local/lib/python3.10/site-packages/airflow/example_dags/tutorial_objectstorage.py
[2025-02-18T01:25:53.052+0200] {processor.py:914} INFO - Processing file /home/munyah/.local/lib/python3.10/site-packages/airflow/example_dags/tutorial_objectstorage.py for tasks to queue
[2025-02-18T01:25:53.055+0200] {logging_mixin.py:190} INFO - [2025-02-18T01:25:53.054+0200] {dagbag.py:588} INFO - Filling up the DagBag from /home/munyah/.local/lib/python3.10/site-packages/airflow/example_dags/tutorial_objectstorage.py
[2025-02-18T01:25:53.065+0200] {processor.py:925} INFO - DAG(s) 'tutorial_objectstorage' retrieved from /home/munyah/.local/lib/python3.10/site-packages/airflow/example_dags/tutorial_objectstorage.py
[2025-02-18T01:25:53.080+0200] {logging_mixin.py:190} INFO - [2025-02-18T01:25:53.080+0200] {dag.py:3239} INFO - Sync 1 DAGs
[2025-02-18T01:25:53.094+0200] {logging_mixin.py:190} INFO - [2025-02-18T01:25:53.093+0200] {dag.py:4180} INFO - Setting next_dagrun for tutorial_objectstorage to None, run_after=None
[2025-02-18T01:25:53.113+0200] {processor.py:208} INFO - Processing /home/munyah/.local/lib/python3.10/site-packages/airflow/example_dags/tutorial_objectstorage.py took 0.070 seconds
[2025-02-18T01:27:00.652+0200] {processor.py:186} INFO - Started process (PID=353018) to work on /home/munyah/.local/lib/python3.10/site-packages/airflow/example_dags/tutorial_objectstorage.py
[2025-02-18T01:27:00.653+0200] {processor.py:914} INFO - Processing file /home/munyah/.local/lib/python3.10/site-packages/airflow/example_dags/tutorial_objectstorage.py for tasks to queue
[2025-02-18T01:27:00.656+0200] {logging_mixin.py:190} INFO - [2025-02-18T01:27:00.655+0200] {dagbag.py:588} INFO - Filling up the DagBag from /home/munyah/.local/lib/python3.10/site-packages/airflow/example_dags/tutorial_objectstorage.py
[2025-02-18T01:27:00.667+0200] {processor.py:925} INFO - DAG(s) 'tutorial_objectstorage' retrieved from /home/munyah/.local/lib/python3.10/site-packages/airflow/example_dags/tutorial_objectstorage.py
[2025-02-18T01:27:00.683+0200] {logging_mixin.py:190} INFO - [2025-02-18T01:27:00.683+0200] {dag.py:3239} INFO - Sync 1 DAGs
[2025-02-18T01:27:00.696+0200] {logging_mixin.py:190} INFO - [2025-02-18T01:27:00.696+0200] {dag.py:4180} INFO - Setting next_dagrun for tutorial_objectstorage to None, run_after=None
[2025-02-18T01:27:00.715+0200] {processor.py:208} INFO - Processing /home/munyah/.local/lib/python3.10/site-packages/airflow/example_dags/tutorial_objectstorage.py took 0.070 seconds
