[2025-02-08T15:21:37.632+0200] {local_task_job_runner.py:123} INFO - ::group::Pre task execution logs
[2025-02-08T15:21:37.647+0200] {taskinstance.py:2613} INFO - Dependencies all met for dep_context=non-requeueable deps ti=<TaskInstance: patient-monitoring.add_new_patient scheduled__2025-02-08T13:20:00+00:00 [queued]>
[2025-02-08T15:21:37.658+0200] {taskinstance.py:2613} INFO - Dependencies all met for dep_context=requeueable deps ti=<TaskInstance: patient-monitoring.add_new_patient scheduled__2025-02-08T13:20:00+00:00 [queued]>
[2025-02-08T15:21:37.658+0200] {taskinstance.py:2866} INFO - Starting attempt 1 of 2
[2025-02-08T15:21:37.677+0200] {taskinstance.py:2889} INFO - Executing <Task(PythonOperator): add_new_patient> on 2025-02-08 13:20:00+00:00
[2025-02-08T15:21:37.684+0200] {standard_task_runner.py:72} INFO - Started process 66293 to run task
[2025-02-08T15:21:37.691+0200] {standard_task_runner.py:104} INFO - Running: ['airflow', 'tasks', 'run', 'patient-monitoring', 'add_new_patient', 'scheduled__2025-02-08T13:20:00+00:00', '--job-id', '37', '--raw', '--subdir', 'DAGS_FOLDER/real_time_patient_data_update.py', '--cfg-path', '/tmp/tmpapfm60c1']
[2025-02-08T15:21:37.693+0200] {standard_task_runner.py:105} INFO - Job 37: Subtask add_new_patient
[2025-02-08T15:21:37.747+0200] {task_command.py:467} INFO - Running <TaskInstance: patient-monitoring.add_new_patient scheduled__2025-02-08T13:20:00+00:00 [running]> on host munyah-ThinkPad-X1-Yoga-1st
[2025-02-08T15:21:37.823+0200] {taskinstance.py:3132} INFO - Exporting env vars: AIRFLOW_CTX_DAG_OWNER='munyah' AIRFLOW_CTX_DAG_ID='patient-monitoring' AIRFLOW_CTX_TASK_ID='add_new_patient' AIRFLOW_CTX_EXECUTION_DATE='2025-02-08T13:20:00+00:00' AIRFLOW_CTX_TRY_NUMBER='1' AIRFLOW_CTX_DAG_RUN_ID='scheduled__2025-02-08T13:20:00+00:00'
[2025-02-08T15:21:37.824+0200] {logging_mixin.py:190} INFO - Task instance is in running state
[2025-02-08T15:21:37.824+0200] {logging_mixin.py:190} INFO -  Previous state of the Task instance: queued
[2025-02-08T15:21:37.825+0200] {logging_mixin.py:190} INFO - Current task name:add_new_patient state:running start_date:2025-02-08 13:21:37.648466+00:00
[2025-02-08T15:21:37.825+0200] {logging_mixin.py:190} INFO - Dag name:patient-monitoring and current dag run status:running
[2025-02-08T15:21:37.825+0200] {taskinstance.py:731} INFO - ::endgroup::
[2025-02-08T15:21:37.852+0200] {real_time_patient_data_update.py:80} INFO - New Patient Added: {
  "Patient_ID": "PAT-00052",
  "Age": 71,
  "Gender": "Male",
  "Height": 175.59,
  "Weight": 173.5,
  "Temperature": 36.1,
  "Blood_Pressure": "118/65",
  "Cholesterol_Level": "Normal",
  "Blood_Sugar_Level": 207,
  "Heart_Rate": 188,
  "BMI": 31.87,
  "Previous_Medical_History": "No significant history",
  "Comorbidities": "None",
  "Smoking_Status": "No",
  "Alcohol_Consumption": "Yes",
  "Physical_Activity": "Moderate",
  "Last_Visit_Date": "2024-05-19",
  "Genomic_Info": "High Risk",
  "Diagnosis": "No specific diagnosis",
  "Hospitalization": "Yes"
}
[2025-02-08T15:21:37.852+0200] {real_time_patient_data_update.py:81} INFO - Total Patients After Addition: 52
[2025-02-08T15:21:37.859+0200] {base.py:84} INFO - Retrieving connection 'patients_data'
[2025-02-08T15:21:37.873+0200] {real_time_patient_data_update.py:92} INFO - New patient PAT-00052 added to the database successfully.
[2025-02-08T15:21:37.874+0200] {python.py:240} INFO - Done. Returned value was: None
[2025-02-08T15:21:37.883+0200] {taskinstance.py:340} INFO - ::group::Post task execution logs
[2025-02-08T15:21:37.883+0200] {taskinstance.py:352} INFO - Marking task as SUCCESS. dag_id=patient-monitoring, task_id=add_new_patient, run_id=scheduled__2025-02-08T13:20:00+00:00, execution_date=20250208T132000, start_date=20250208T132137, end_date=20250208T132137
[2025-02-08T15:21:37.895+0200] {logging_mixin.py:190} INFO - Task instance in success state
[2025-02-08T15:21:37.895+0200] {logging_mixin.py:190} INFO -  Previous state of the Task instance: running
[2025-02-08T15:21:37.896+0200] {logging_mixin.py:190} INFO - Dag name:patient-monitoring queued_at:2025-02-08 13:21:22.288785+00:00
[2025-02-08T15:21:37.896+0200] {logging_mixin.py:190} INFO - Task hostname:munyah-ThinkPad-X1-Yoga-1st operator:PythonOperator
[2025-02-08T15:21:37.944+0200] {local_task_job_runner.py:266} INFO - Task exited with return code 0
[2025-02-08T15:21:37.964+0200] {taskinstance.py:3895} INFO - 0 downstream tasks scheduled from follow-on schedule check
[2025-02-08T15:21:37.965+0200] {local_task_job_runner.py:245} INFO - ::endgroup::
