[2025-03-18T14:30:08.686+0200] {local_task_job_runner.py:123} INFO - ::group::Pre task execution logs
[2025-03-18T14:30:08.699+0200] {taskinstance.py:2613} INFO - Dependencies all met for dep_context=non-requeueable deps ti=<TaskInstance: patient-monitoring.add_new_patient scheduled__2025-03-18T12:29:00+00:00 [queued]>
[2025-03-18T14:30:08.706+0200] {taskinstance.py:2613} INFO - Dependencies all met for dep_context=requeueable deps ti=<TaskInstance: patient-monitoring.add_new_patient scheduled__2025-03-18T12:29:00+00:00 [queued]>
[2025-03-18T14:30:08.707+0200] {taskinstance.py:2866} INFO - Starting attempt 1 of 2
[2025-03-18T14:30:08.722+0200] {taskinstance.py:2889} INFO - Executing <Task(PythonOperator): add_new_patient> on 2025-03-18 12:29:00+00:00
[2025-03-18T14:30:08.728+0200] {standard_task_runner.py:72} INFO - Started process 39112 to run task
[2025-03-18T14:30:08.735+0200] {standard_task_runner.py:104} INFO - Running: ['airflow', 'tasks', 'run', 'patient-monitoring', 'add_new_patient', 'scheduled__2025-03-18T12:29:00+00:00', '--job-id', '154', '--raw', '--subdir', 'DAGS_FOLDER/real_time_patient_data_update.py', '--cfg-path', '/tmp/tmpjp19somx']
[2025-03-18T14:30:08.737+0200] {standard_task_runner.py:105} INFO - Job 154: Subtask add_new_patient
[2025-03-18T14:30:08.785+0200] {task_command.py:467} INFO - Running <TaskInstance: patient-monitoring.add_new_patient scheduled__2025-03-18T12:29:00+00:00 [running]> on host munyah-ThinkPad-X1-Yoga-1st
[2025-03-18T14:30:08.864+0200] {taskinstance.py:3132} INFO - Exporting env vars: AIRFLOW_CTX_DAG_OWNER='munyah' AIRFLOW_CTX_DAG_ID='patient-monitoring' AIRFLOW_CTX_TASK_ID='add_new_patient' AIRFLOW_CTX_EXECUTION_DATE='2025-03-18T12:29:00+00:00' AIRFLOW_CTX_TRY_NUMBER='1' AIRFLOW_CTX_DAG_RUN_ID='scheduled__2025-03-18T12:29:00+00:00'
[2025-03-18T14:30:08.866+0200] {logging_mixin.py:190} INFO - Task instance is in running state
[2025-03-18T14:30:08.866+0200] {logging_mixin.py:190} INFO -  Previous state of the Task instance: queued
[2025-03-18T14:30:08.866+0200] {logging_mixin.py:190} INFO - Current task name:add_new_patient state:running start_date:2025-03-18 12:30:08.699739+00:00
[2025-03-18T14:30:08.867+0200] {logging_mixin.py:190} INFO - Dag name:patient-monitoring and current dag run status:running
[2025-03-18T14:30:08.867+0200] {taskinstance.py:731} INFO - ::endgroup::
[2025-03-18T14:30:08.900+0200] {real_time_patient_data_update.py:80} INFO - New Patient Added: {
  "Patient_ID": "PAT-00090",
  "Age": 14,
  "Gender": "Female",
  "Height": 216.73,
  "Weight": 69.44,
  "Temperature": 37.5,
  "Blood_Pressure": "111/82",
  "Cholesterol_Level": "High",
  "Blood_Sugar_Level": 232,
  "Heart_Rate": 117,
  "BMI": 39.86,
  "Previous_Medical_History": "No significant history",
  "Comorbidities": "None",
  "Smoking_Status": "Yes",
  "Alcohol_Consumption": "No",
  "Physical_Activity": "High",
  "Last_Visit_Date": "2024-05-16",
  "Genomic_Info": "Mutated",
  "Diagnosis": "No specific diagnosis",
  "Hospitalization": "No"
}
[2025-03-18T14:30:08.900+0200] {real_time_patient_data_update.py:81} INFO - Total Patients After Addition: 98
[2025-03-18T14:30:08.907+0200] {base.py:84} INFO - Retrieving connection 'patients_data'
[2025-03-18T14:30:08.920+0200] {real_time_patient_data_update.py:92} INFO - New patient PAT-00090 added to the database successfully.
[2025-03-18T14:30:08.921+0200] {python.py:240} INFO - Done. Returned value was: None
[2025-03-18T14:30:08.927+0200] {taskinstance.py:340} INFO - ::group::Post task execution logs
[2025-03-18T14:30:08.928+0200] {taskinstance.py:352} INFO - Marking task as SUCCESS. dag_id=patient-monitoring, task_id=add_new_patient, run_id=scheduled__2025-03-18T12:29:00+00:00, execution_date=20250318T122900, start_date=20250318T123008, end_date=20250318T123008
[2025-03-18T14:30:08.942+0200] {logging_mixin.py:190} INFO - Task instance in success state
[2025-03-18T14:30:08.943+0200] {logging_mixin.py:190} INFO -  Previous state of the Task instance: running
[2025-03-18T14:30:08.944+0200] {logging_mixin.py:190} INFO - Dag name:patient-monitoring queued_at:2025-03-18 12:30:01.441348+00:00
[2025-03-18T14:30:08.944+0200] {logging_mixin.py:190} INFO - Task hostname:munyah-ThinkPad-X1-Yoga-1st operator:PythonOperator
[2025-03-18T14:30:08.989+0200] {local_task_job_runner.py:266} INFO - Task exited with return code 0
[2025-03-18T14:30:09.046+0200] {taskinstance.py:3895} INFO - 0 downstream tasks scheduled from follow-on schedule check
[2025-03-18T14:30:09.048+0200] {local_task_job_runner.py:245} INFO - ::endgroup::
