[2025-02-08T14:19:07.981+0200] {local_task_job_runner.py:123} INFO - ::group::Pre task execution logs
[2025-02-08T14:19:07.992+0200] {taskinstance.py:2613} INFO - Dependencies all met for dep_context=non-requeueable deps ti=<TaskInstance: patient-monitoring.add_new_patient scheduled__2025-02-08T12:18:00+00:00 [queued]>
[2025-02-08T14:19:08.000+0200] {taskinstance.py:2613} INFO - Dependencies all met for dep_context=requeueable deps ti=<TaskInstance: patient-monitoring.add_new_patient scheduled__2025-02-08T12:18:00+00:00 [queued]>
[2025-02-08T14:19:08.000+0200] {taskinstance.py:2866} INFO - Starting attempt 1 of 2
[2025-02-08T14:19:08.022+0200] {taskinstance.py:2889} INFO - Executing <Task(PythonOperator): add_new_patient> on 2025-02-08 12:18:00+00:00
[2025-02-08T14:19:08.031+0200] {standard_task_runner.py:72} INFO - Started process 53686 to run task
[2025-02-08T14:19:08.039+0200] {standard_task_runner.py:104} INFO - Running: ['airflow', 'tasks', 'run', 'patient-monitoring', 'add_new_patient', 'scheduled__2025-02-08T12:18:00+00:00', '--job-id', '43', '--raw', '--subdir', 'DAGS_FOLDER/real_time_patient_data_update.py', '--cfg-path', '/tmp/tmp8g4utxap']
[2025-02-08T14:19:08.041+0200] {standard_task_runner.py:105} INFO - Job 43: Subtask add_new_patient
[2025-02-08T14:19:08.111+0200] {task_command.py:467} INFO - Running <TaskInstance: patient-monitoring.add_new_patient scheduled__2025-02-08T12:18:00+00:00 [running]> on host munyah-ThinkPad-X1-Yoga-1st
[2025-02-08T14:19:08.232+0200] {taskinstance.py:3132} INFO - Exporting env vars: AIRFLOW_CTX_DAG_OWNER='munyah' AIRFLOW_CTX_DAG_ID='patient-monitoring' AIRFLOW_CTX_TASK_ID='add_new_patient' AIRFLOW_CTX_EXECUTION_DATE='2025-02-08T12:18:00+00:00' AIRFLOW_CTX_TRY_NUMBER='1' AIRFLOW_CTX_DAG_RUN_ID='scheduled__2025-02-08T12:18:00+00:00'
[2025-02-08T14:19:08.234+0200] {logging_mixin.py:190} INFO - Task instance is in running state
[2025-02-08T14:19:08.235+0200] {logging_mixin.py:190} INFO -  Previous state of the Task instance: queued
[2025-02-08T14:19:08.235+0200] {logging_mixin.py:190} INFO - Current task name:add_new_patient state:running start_date:2025-02-08 12:19:07.992794+00:00
[2025-02-08T14:19:08.235+0200] {logging_mixin.py:190} INFO - Dag name:patient-monitoring and current dag run status:running
[2025-02-08T14:19:08.236+0200] {taskinstance.py:731} INFO - ::endgroup::
[2025-02-08T14:19:08.269+0200] {real_time_patient_data_update.py:76} INFO - New Patient Added: {'Patient_ID': 'PAT-00051', 'Age': 70, 'Gender': 'Male', 'Height': 134.84, 'Weight': 159.88, 'Temperature': 36.3, 'Blood_Pressure': '111/69', 'Cholesterol_Level': 'Borderline', 'Blood_Sugar_Level': 50, 'Heart_Rate': 149, 'BMI': 20.88, 'Previous_Medical_History': 'No significant history', 'Comorbidities': 'None', 'Smoking_Status': 'Yes', 'Alcohol_Consumption': 'Yes', 'Physical_Activity': 'Moderate', 'Last_Visit_Date': '2024-11-07', 'Genomic_Info': 'Mutated', 'Diagnosis': 'No specific diagnosis', 'Hospitalization': 'No'}
[2025-02-08T14:19:08.269+0200] {real_time_patient_data_update.py:77} INFO - Total Patients After Addition: 51
[2025-02-08T14:19:08.269+0200] {python.py:240} INFO - Done. Returned value was: None
[2025-02-08T14:19:08.275+0200] {taskinstance.py:340} INFO - ::group::Post task execution logs
[2025-02-08T14:19:08.275+0200] {taskinstance.py:352} INFO - Marking task as SUCCESS. dag_id=patient-monitoring, task_id=add_new_patient, run_id=scheduled__2025-02-08T12:18:00+00:00, execution_date=20250208T121800, start_date=20250208T121907, end_date=20250208T121908
[2025-02-08T14:19:08.288+0200] {logging_mixin.py:190} INFO - Task instance in success state
[2025-02-08T14:19:08.290+0200] {logging_mixin.py:190} INFO -  Previous state of the Task instance: running
[2025-02-08T14:19:08.291+0200] {logging_mixin.py:190} INFO - Dag name:patient-monitoring queued_at:2025-02-08 12:19:01.463977+00:00
[2025-02-08T14:19:08.291+0200] {logging_mixin.py:190} INFO - Task hostname:munyah-ThinkPad-X1-Yoga-1st operator:PythonOperator
[2025-02-08T14:19:08.331+0200] {local_task_job_runner.py:266} INFO - Task exited with return code 0
[2025-02-08T14:19:08.360+0200] {taskinstance.py:3895} INFO - 0 downstream tasks scheduled from follow-on schedule check
[2025-02-08T14:19:08.361+0200] {local_task_job_runner.py:245} INFO - ::endgroup::
