[2025-02-08T15:12:36.027+0200] {local_task_job_runner.py:123} INFO - ::group::Pre task execution logs
[2025-02-08T15:12:36.046+0200] {taskinstance.py:2613} INFO - Dependencies all met for dep_context=non-requeueable deps ti=<TaskInstance: patient-monitoring.add_new_patient manual__2025-02-08T13:12:12.495258+00:00 [queued]>
[2025-02-08T15:12:36.058+0200] {taskinstance.py:2613} INFO - Dependencies all met for dep_context=requeueable deps ti=<TaskInstance: patient-monitoring.add_new_patient manual__2025-02-08T13:12:12.495258+00:00 [queued]>
[2025-02-08T15:12:36.058+0200] {taskinstance.py:2866} INFO - Starting attempt 1 of 2
[2025-02-08T15:12:36.078+0200] {taskinstance.py:2889} INFO - Executing <Task(PythonOperator): add_new_patient> on 2025-02-08 13:12:12.495258+00:00
[2025-02-08T15:12:36.086+0200] {standard_task_runner.py:72} INFO - Started process 64104 to run task
[2025-02-08T15:12:36.093+0200] {standard_task_runner.py:104} INFO - Running: ['airflow', 'tasks', 'run', 'patient-monitoring', 'add_new_patient', 'manual__2025-02-08T13:12:12.495258+00:00', '--job-id', '39', '--raw', '--subdir', 'DAGS_FOLDER/real_time_patient_data_update.py', '--cfg-path', '/tmp/tmpam0hnndc']
[2025-02-08T15:12:36.095+0200] {standard_task_runner.py:105} INFO - Job 39: Subtask add_new_patient
[2025-02-08T15:12:36.140+0200] {task_command.py:467} INFO - Running <TaskInstance: patient-monitoring.add_new_patient manual__2025-02-08T13:12:12.495258+00:00 [running]> on host munyah-ThinkPad-X1-Yoga-1st
[2025-02-08T15:12:36.210+0200] {taskinstance.py:3132} INFO - Exporting env vars: AIRFLOW_CTX_DAG_OWNER='munyah' AIRFLOW_CTX_DAG_ID='patient-monitoring' AIRFLOW_CTX_TASK_ID='add_new_patient' AIRFLOW_CTX_EXECUTION_DATE='2025-02-08T13:12:12.495258+00:00' AIRFLOW_CTX_TRY_NUMBER='1' AIRFLOW_CTX_DAG_RUN_ID='manual__2025-02-08T13:12:12.495258+00:00'
[2025-02-08T15:12:36.211+0200] {logging_mixin.py:190} INFO - Task instance is in running state
[2025-02-08T15:12:36.212+0200] {logging_mixin.py:190} INFO -  Previous state of the Task instance: queued
[2025-02-08T15:12:36.212+0200] {logging_mixin.py:190} INFO - Current task name:add_new_patient state:running start_date:2025-02-08 13:12:36.046935+00:00
[2025-02-08T15:12:36.212+0200] {logging_mixin.py:190} INFO - Dag name:patient-monitoring and current dag run status:running
[2025-02-08T15:12:36.213+0200] {taskinstance.py:731} INFO - ::endgroup::
[2025-02-08T15:12:36.239+0200] {real_time_patient_data_update.py:80} INFO - New Patient Added: {'Patient_ID': 'PAT-00051', 'Age': 40, 'Gender': 'Female', 'Height': 149.73, 'Weight': 86.85, 'Temperature': 37.5, 'Blood_Pressure': '112/77', 'Cholesterol_Level': 'Borderline', 'Blood_Sugar_Level': 293, 'Heart_Rate': 74, 'BMI': 20.02, 'Previous_Medical_History': 'No significant history', 'Comorbidities': 'None', 'Smoking_Status': 'No', 'Alcohol_Consumption': 'Yes', 'Physical_Activity': 'Low', 'Last_Visit_Date': '2024-02-21', 'Genomic_Info': 'Mutated', 'Diagnosis': 'No specific diagnosis', 'Hospitalization': 'No'}
[2025-02-08T15:12:36.240+0200] {real_time_patient_data_update.py:81} INFO - Total Patients After Addition: 51
[2025-02-08T15:12:36.247+0200] {base.py:84} INFO - Retrieving connection 'patients_data'
[2025-02-08T15:12:36.253+0200] {http.py:204} ERROR - HTTP error: INTERNAL SERVER ERROR
[2025-02-08T15:12:36.254+0200] {http.py:205} ERROR - {
  "error": "Failed to process the request."
}

[2025-02-08T15:12:36.254+0200] {real_time_patient_data_update.py:94} ERROR - Error while adding patient to the database: 500:INTERNAL SERVER ERROR
[2025-02-08T15:12:36.254+0200] {python.py:240} INFO - Done. Returned value was: None
[2025-02-08T15:12:36.263+0200] {taskinstance.py:340} INFO - ::group::Post task execution logs
[2025-02-08T15:12:36.263+0200] {taskinstance.py:352} INFO - Marking task as SUCCESS. dag_id=patient-monitoring, task_id=add_new_patient, run_id=manual__2025-02-08T13:12:12.495258+00:00, execution_date=20250208T131212, start_date=20250208T131236, end_date=20250208T131236
[2025-02-08T15:12:36.277+0200] {logging_mixin.py:190} INFO - Task instance in success state
[2025-02-08T15:12:36.278+0200] {logging_mixin.py:190} INFO -  Previous state of the Task instance: running
[2025-02-08T15:12:36.279+0200] {logging_mixin.py:190} INFO - Dag name:patient-monitoring queued_at:2025-02-08 13:12:12.536230+00:00
[2025-02-08T15:12:36.279+0200] {logging_mixin.py:190} INFO - Task hostname:munyah-ThinkPad-X1-Yoga-1st operator:PythonOperator
[2025-02-08T15:12:36.305+0200] {local_task_job_runner.py:266} INFO - Task exited with return code 0
[2025-02-08T15:12:36.327+0200] {taskinstance.py:3895} INFO - 0 downstream tasks scheduled from follow-on schedule check
[2025-02-08T15:12:36.327+0200] {local_task_job_runner.py:245} INFO - ::endgroup::
