[2024-11-23T18:43:17.046+0200] {local_task_job_runner.py:123} INFO - ::group::Pre task execution logs
[2024-11-23T18:43:17.068+0200] {taskinstance.py:2613} INFO - Dependencies all met for dep_context=non-requeueable deps ti=<TaskInstance: real_time_patient_data_update.fetch_all_patient_data manual__2024-11-23T16:43:08.997594+00:00 [queued]>
[2024-11-23T18:43:17.082+0200] {taskinstance.py:2613} INFO - Dependencies all met for dep_context=requeueable deps ti=<TaskInstance: real_time_patient_data_update.fetch_all_patient_data manual__2024-11-23T16:43:08.997594+00:00 [queued]>
[2024-11-23T18:43:17.082+0200] {taskinstance.py:2866} INFO - Starting attempt 1 of 2
[2024-11-23T18:43:17.104+0200] {taskinstance.py:2889} INFO - Executing <Task(PythonOperator): fetch_all_patient_data> on 2024-11-23 16:43:08.997594+00:00
[2024-11-23T18:43:17.114+0200] {standard_task_runner.py:72} INFO - Started process 399091 to run task
[2024-11-23T18:43:17.123+0200] {standard_task_runner.py:104} INFO - Running: ['airflow', 'tasks', 'run', 'real_time_patient_data_update', 'fetch_all_patient_data', 'manual__2024-11-23T16:43:08.997594+00:00', '--job-id', '3', '--raw', '--subdir', 'DAGS_FOLDER/real_time_patient_data_update.py', '--cfg-path', '/tmp/tmp9fk5s66z']
[2024-11-23T18:43:17.125+0200] {standard_task_runner.py:105} INFO - Job 3: Subtask fetch_all_patient_data
[2024-11-23T18:43:17.209+0200] {task_command.py:467} INFO - Running <TaskInstance: real_time_patient_data_update.fetch_all_patient_data manual__2024-11-23T16:43:08.997594+00:00 [running]> on host munyah-ThinkPad-X1-Yoga-1st
[2024-11-23T18:43:17.348+0200] {taskinstance.py:3132} INFO - Exporting env vars: AIRFLOW_CTX_DAG_OWNER='airflow' AIRFLOW_CTX_DAG_ID='real_time_patient_data_update' AIRFLOW_CTX_TASK_ID='fetch_all_patient_data' AIRFLOW_CTX_EXECUTION_DATE='2024-11-23T16:43:08.997594+00:00' AIRFLOW_CTX_TRY_NUMBER='1' AIRFLOW_CTX_DAG_RUN_ID='manual__2024-11-23T16:43:08.997594+00:00'
[2024-11-23T18:43:17.350+0200] {logging_mixin.py:190} INFO - Task instance is in running state
[2024-11-23T18:43:17.351+0200] {logging_mixin.py:190} INFO -  Previous state of the Task instance: queued
[2024-11-23T18:43:17.351+0200] {logging_mixin.py:190} INFO - Current task name:fetch_all_patient_data state:running start_date:2024-11-23 16:43:17.068994+00:00
[2024-11-23T18:43:17.351+0200] {logging_mixin.py:190} INFO - Dag name:real_time_patient_data_update and current dag run status:running
[2024-11-23T18:43:17.352+0200] {taskinstance.py:731} INFO - ::endgroup::
[2024-11-23T18:43:17.363+0200] {base.py:84} INFO - Retrieving connection 'patients_data'
[2024-11-23T18:43:17.414+0200] {python.py:240} INFO - Done. Returned value was: None
[2024-11-23T18:43:17.426+0200] {taskinstance.py:340} INFO - ::group::Post task execution logs
[2024-11-23T18:43:17.427+0200] {taskinstance.py:352} INFO - Marking task as SUCCESS. dag_id=real_time_patient_data_update, task_id=fetch_all_patient_data, run_id=manual__2024-11-23T16:43:08.997594+00:00, execution_date=20241123T164308, start_date=20241123T164317, end_date=20241123T164317
[2024-11-23T18:43:17.440+0200] {logging_mixin.py:190} INFO - Task instance in success state
[2024-11-23T18:43:17.441+0200] {logging_mixin.py:190} INFO -  Previous state of the Task instance: running
[2024-11-23T18:43:17.441+0200] {logging_mixin.py:190} INFO - Dag name:real_time_patient_data_update queued_at:2024-11-23 16:43:09.016765+00:00
[2024-11-23T18:43:17.441+0200] {logging_mixin.py:190} INFO - Task hostname:munyah-ThinkPad-X1-Yoga-1st operator:PythonOperator
[2024-11-23T18:43:17.457+0200] {local_task_job_runner.py:266} INFO - Task exited with return code 0
[2024-11-23T18:43:17.495+0200] {taskinstance.py:3895} INFO - 1 downstream tasks scheduled from follow-on schedule check
[2024-11-23T18:43:17.500+0200] {local_task_job_runner.py:245} INFO - ::endgroup::
