[2025-02-18T01:18:50.851+0200] {processor.py:186} INFO - Started process (PID=350587) to work on /home/munyah/.local/lib/python3.10/site-packages/airflow/example_dags/plugins/event_listener.py
[2025-02-18T01:18:50.852+0200] {processor.py:914} INFO - Processing file /home/munyah/.local/lib/python3.10/site-packages/airflow/example_dags/plugins/event_listener.py for tasks to queue
[2025-02-18T01:18:50.855+0200] {logging_mixin.py:190} INFO - [2025-02-18T01:18:50.854+0200] {dagbag.py:588} INFO - Filling up the DagBag from /home/munyah/.local/lib/python3.10/site-packages/airflow/example_dags/plugins/event_listener.py
[2025-02-18T01:18:50.857+0200] {processor.py:927} WARNING - No viable dags retrieved from /home/munyah/.local/lib/python3.10/site-packages/airflow/example_dags/plugins/event_listener.py
[2025-02-18T01:18:50.869+0200] {processor.py:208} INFO - Processing /home/munyah/.local/lib/python3.10/site-packages/airflow/example_dags/plugins/event_listener.py took 0.024 seconds
[2025-02-18T01:20:32.811+0200] {processor.py:186} INFO - Started process (PID=350982) to work on /home/munyah/.local/lib/python3.10/site-packages/airflow/example_dags/plugins/event_listener.py
[2025-02-18T01:20:32.812+0200] {processor.py:914} INFO - Processing file /home/munyah/.local/lib/python3.10/site-packages/airflow/example_dags/plugins/event_listener.py for tasks to queue
[2025-02-18T01:20:32.815+0200] {logging_mixin.py:190} INFO - [2025-02-18T01:20:32.814+0200] {dagbag.py:588} INFO - Filling up the DagBag from /home/munyah/.local/lib/python3.10/site-packages/airflow/example_dags/plugins/event_listener.py
[2025-02-18T01:20:32.817+0200] {processor.py:927} WARNING - No viable dags retrieved from /home/munyah/.local/lib/python3.10/site-packages/airflow/example_dags/plugins/event_listener.py
[2025-02-18T01:20:32.830+0200] {processor.py:208} INFO - Processing /home/munyah/.local/lib/python3.10/site-packages/airflow/example_dags/plugins/event_listener.py took 0.026 seconds
[2025-02-18T01:21:14.540+0200] {processor.py:186} INFO - Started process (PID=351109) to work on /home/munyah/.local/lib/python3.10/site-packages/airflow/example_dags/plugins/event_listener.py
[2025-02-18T01:21:14.542+0200] {processor.py:914} INFO - Processing file /home/munyah/.local/lib/python3.10/site-packages/airflow/example_dags/plugins/event_listener.py for tasks to queue
[2025-02-18T01:21:14.544+0200] {logging_mixin.py:190} INFO - [2025-02-18T01:21:14.543+0200] {dagbag.py:588} INFO - Filling up the DagBag from /home/munyah/.local/lib/python3.10/site-packages/airflow/example_dags/plugins/event_listener.py
[2025-02-18T01:21:14.547+0200] {processor.py:927} WARNING - No viable dags retrieved from /home/munyah/.local/lib/python3.10/site-packages/airflow/example_dags/plugins/event_listener.py
[2025-02-18T01:21:14.559+0200] {processor.py:208} INFO - Processing /home/munyah/.local/lib/python3.10/site-packages/airflow/example_dags/plugins/event_listener.py took 0.027 seconds
[2025-02-18T01:21:48.604+0200] {processor.py:186} INFO - Started process (PID=351260) to work on /home/munyah/.local/lib/python3.10/site-packages/airflow/example_dags/plugins/event_listener.py
[2025-02-18T01:21:48.605+0200] {processor.py:914} INFO - Processing file /home/munyah/.local/lib/python3.10/site-packages/airflow/example_dags/plugins/event_listener.py for tasks to queue
[2025-02-18T01:21:48.608+0200] {logging_mixin.py:190} INFO - [2025-02-18T01:21:48.607+0200] {dagbag.py:588} INFO - Filling up the DagBag from /home/munyah/.local/lib/python3.10/site-packages/airflow/example_dags/plugins/event_listener.py
[2025-02-18T01:21:48.610+0200] {processor.py:927} WARNING - No viable dags retrieved from /home/munyah/.local/lib/python3.10/site-packages/airflow/example_dags/plugins/event_listener.py
[2025-02-18T01:21:48.621+0200] {processor.py:208} INFO - Processing /home/munyah/.local/lib/python3.10/site-packages/airflow/example_dags/plugins/event_listener.py took 0.024 seconds
[2025-02-18T01:22:24.360+0200] {processor.py:186} INFO - Started process (PID=351776) to work on /home/munyah/.local/lib/python3.10/site-packages/airflow/example_dags/plugins/event_listener.py
[2025-02-18T01:22:24.363+0200] {processor.py:914} INFO - Processing file /home/munyah/.local/lib/python3.10/site-packages/airflow/example_dags/plugins/event_listener.py for tasks to queue
[2025-02-18T01:22:24.368+0200] {logging_mixin.py:190} INFO - [2025-02-18T01:22:24.367+0200] {dagbag.py:588} INFO - Filling up the DagBag from /home/munyah/.local/lib/python3.10/site-packages/airflow/example_dags/plugins/event_listener.py
[2025-02-18T01:22:24.372+0200] {processor.py:927} WARNING - No viable dags retrieved from /home/munyah/.local/lib/python3.10/site-packages/airflow/example_dags/plugins/event_listener.py
[2025-02-18T01:22:24.385+0200] {processor.py:208} INFO - Processing /home/munyah/.local/lib/python3.10/site-packages/airflow/example_dags/plugins/event_listener.py took 0.044 seconds
[2025-02-18T01:22:57.642+0200] {processor.py:186} INFO - Started process (PID=352017) to work on /home/munyah/.local/lib/python3.10/site-packages/airflow/example_dags/plugins/event_listener.py
[2025-02-18T01:22:57.643+0200] {processor.py:914} INFO - Processing file /home/munyah/.local/lib/python3.10/site-packages/airflow/example_dags/plugins/event_listener.py for tasks to queue
[2025-02-18T01:22:57.646+0200] {logging_mixin.py:190} INFO - [2025-02-18T01:22:57.645+0200] {dagbag.py:588} INFO - Filling up the DagBag from /home/munyah/.local/lib/python3.10/site-packages/airflow/example_dags/plugins/event_listener.py
[2025-02-18T01:22:57.648+0200] {processor.py:927} WARNING - No viable dags retrieved from /home/munyah/.local/lib/python3.10/site-packages/airflow/example_dags/plugins/event_listener.py
[2025-02-18T01:22:57.660+0200] {processor.py:208} INFO - Processing /home/munyah/.local/lib/python3.10/site-packages/airflow/example_dags/plugins/event_listener.py took 0.025 seconds
[2025-02-18T01:23:33.891+0200] {processor.py:186} INFO - Started process (PID=352144) to work on /home/munyah/.local/lib/python3.10/site-packages/airflow/example_dags/plugins/event_listener.py
[2025-02-18T01:23:33.892+0200] {processor.py:914} INFO - Processing file /home/munyah/.local/lib/python3.10/site-packages/airflow/example_dags/plugins/event_listener.py for tasks to queue
[2025-02-18T01:23:33.895+0200] {logging_mixin.py:190} INFO - [2025-02-18T01:23:33.894+0200] {dagbag.py:588} INFO - Filling up the DagBag from /home/munyah/.local/lib/python3.10/site-packages/airflow/example_dags/plugins/event_listener.py
[2025-02-18T01:23:33.898+0200] {processor.py:927} WARNING - No viable dags retrieved from /home/munyah/.local/lib/python3.10/site-packages/airflow/example_dags/plugins/event_listener.py
[2025-02-18T01:23:33.909+0200] {processor.py:208} INFO - Processing /home/munyah/.local/lib/python3.10/site-packages/airflow/example_dags/plugins/event_listener.py took 0.024 seconds
[2025-02-18T01:24:12.031+0200] {processor.py:186} INFO - Started process (PID=352261) to work on /home/munyah/.local/lib/python3.10/site-packages/airflow/example_dags/plugins/event_listener.py
[2025-02-18T01:24:12.033+0200] {processor.py:914} INFO - Processing file /home/munyah/.local/lib/python3.10/site-packages/airflow/example_dags/plugins/event_listener.py for tasks to queue
[2025-02-18T01:24:12.035+0200] {logging_mixin.py:190} INFO - [2025-02-18T01:24:12.035+0200] {dagbag.py:588} INFO - Filling up the DagBag from /home/munyah/.local/lib/python3.10/site-packages/airflow/example_dags/plugins/event_listener.py
[2025-02-18T01:24:12.038+0200] {processor.py:927} WARNING - No viable dags retrieved from /home/munyah/.local/lib/python3.10/site-packages/airflow/example_dags/plugins/event_listener.py
[2025-02-18T01:24:12.049+0200] {processor.py:208} INFO - Processing /home/munyah/.local/lib/python3.10/site-packages/airflow/example_dags/plugins/event_listener.py took 0.024 seconds
[2025-02-18T01:24:45.241+0200] {processor.py:186} INFO - Started process (PID=352361) to work on /home/munyah/.local/lib/python3.10/site-packages/airflow/example_dags/plugins/event_listener.py
[2025-02-18T01:24:45.243+0200] {processor.py:914} INFO - Processing file /home/munyah/.local/lib/python3.10/site-packages/airflow/example_dags/plugins/event_listener.py for tasks to queue
[2025-02-18T01:24:45.245+0200] {logging_mixin.py:190} INFO - [2025-02-18T01:24:45.245+0200] {dagbag.py:588} INFO - Filling up the DagBag from /home/munyah/.local/lib/python3.10/site-packages/airflow/example_dags/plugins/event_listener.py
[2025-02-18T01:24:45.248+0200] {processor.py:927} WARNING - No viable dags retrieved from /home/munyah/.local/lib/python3.10/site-packages/airflow/example_dags/plugins/event_listener.py
[2025-02-18T01:24:45.259+0200] {processor.py:208} INFO - Processing /home/munyah/.local/lib/python3.10/site-packages/airflow/example_dags/plugins/event_listener.py took 0.025 seconds
[2025-02-18T01:25:16.908+0200] {processor.py:186} INFO - Started process (PID=352461) to work on /home/munyah/.local/lib/python3.10/site-packages/airflow/example_dags/plugins/event_listener.py
[2025-02-18T01:25:16.909+0200] {processor.py:914} INFO - Processing file /home/munyah/.local/lib/python3.10/site-packages/airflow/example_dags/plugins/event_listener.py for tasks to queue
[2025-02-18T01:25:16.911+0200] {logging_mixin.py:190} INFO - [2025-02-18T01:25:16.911+0200] {dagbag.py:588} INFO - Filling up the DagBag from /home/munyah/.local/lib/python3.10/site-packages/airflow/example_dags/plugins/event_listener.py
[2025-02-18T01:25:16.914+0200] {processor.py:927} WARNING - No viable dags retrieved from /home/munyah/.local/lib/python3.10/site-packages/airflow/example_dags/plugins/event_listener.py
[2025-02-18T01:25:16.926+0200] {processor.py:208} INFO - Processing /home/munyah/.local/lib/python3.10/site-packages/airflow/example_dags/plugins/event_listener.py took 0.025 seconds
[2025-02-18T01:25:49.449+0200] {processor.py:186} INFO - Started process (PID=352634) to work on /home/munyah/.local/lib/python3.10/site-packages/airflow/example_dags/plugins/event_listener.py
[2025-02-18T01:25:49.451+0200] {processor.py:914} INFO - Processing file /home/munyah/.local/lib/python3.10/site-packages/airflow/example_dags/plugins/event_listener.py for tasks to queue
[2025-02-18T01:25:49.453+0200] {logging_mixin.py:190} INFO - [2025-02-18T01:25:49.453+0200] {dagbag.py:588} INFO - Filling up the DagBag from /home/munyah/.local/lib/python3.10/site-packages/airflow/example_dags/plugins/event_listener.py
[2025-02-18T01:25:49.456+0200] {processor.py:927} WARNING - No viable dags retrieved from /home/munyah/.local/lib/python3.10/site-packages/airflow/example_dags/plugins/event_listener.py
[2025-02-18T01:25:49.467+0200] {processor.py:208} INFO - Processing /home/munyah/.local/lib/python3.10/site-packages/airflow/example_dags/plugins/event_listener.py took 0.024 seconds
[2025-02-18T01:26:24.156+0200] {processor.py:186} INFO - Started process (PID=352809) to work on /home/munyah/.local/lib/python3.10/site-packages/airflow/example_dags/plugins/event_listener.py
[2025-02-18T01:26:24.157+0200] {processor.py:914} INFO - Processing file /home/munyah/.local/lib/python3.10/site-packages/airflow/example_dags/plugins/event_listener.py for tasks to queue
[2025-02-18T01:26:24.161+0200] {logging_mixin.py:190} INFO - [2025-02-18T01:26:24.160+0200] {dagbag.py:588} INFO - Filling up the DagBag from /home/munyah/.local/lib/python3.10/site-packages/airflow/example_dags/plugins/event_listener.py
[2025-02-18T01:26:24.165+0200] {processor.py:927} WARNING - No viable dags retrieved from /home/munyah/.local/lib/python3.10/site-packages/airflow/example_dags/plugins/event_listener.py
[2025-02-18T01:26:24.180+0200] {processor.py:208} INFO - Processing /home/munyah/.local/lib/python3.10/site-packages/airflow/example_dags/plugins/event_listener.py took 0.035 seconds
[2025-02-18T01:26:57.290+0200] {processor.py:186} INFO - Started process (PID=353013) to work on /home/munyah/.local/lib/python3.10/site-packages/airflow/example_dags/plugins/event_listener.py
[2025-02-18T01:26:57.291+0200] {processor.py:914} INFO - Processing file /home/munyah/.local/lib/python3.10/site-packages/airflow/example_dags/plugins/event_listener.py for tasks to queue
[2025-02-18T01:26:57.294+0200] {logging_mixin.py:190} INFO - [2025-02-18T01:26:57.293+0200] {dagbag.py:588} INFO - Filling up the DagBag from /home/munyah/.local/lib/python3.10/site-packages/airflow/example_dags/plugins/event_listener.py
[2025-02-18T01:26:57.297+0200] {processor.py:927} WARNING - No viable dags retrieved from /home/munyah/.local/lib/python3.10/site-packages/airflow/example_dags/plugins/event_listener.py
[2025-02-18T01:26:57.309+0200] {processor.py:208} INFO - Processing /home/munyah/.local/lib/python3.10/site-packages/airflow/example_dags/plugins/event_listener.py took 0.027 seconds
