[2025-02-18T01:18:52.019+0200] {processor.py:186} INFO - Started process (PID=350588) to work on /home/munyah/.local/lib/python3.10/site-packages/airflow/example_dags/plugins/workday.py
[2025-02-18T01:18:52.020+0200] {processor.py:914} INFO - Processing file /home/munyah/.local/lib/python3.10/site-packages/airflow/example_dags/plugins/workday.py for tasks to queue
[2025-02-18T01:18:52.022+0200] {logging_mixin.py:190} INFO - [2025-02-18T01:18:52.022+0200] {dagbag.py:588} INFO - Filling up the DagBag from /home/munyah/.local/lib/python3.10/site-packages/airflow/example_dags/plugins/workday.py
[2025-02-18T01:18:52.026+0200] {processor.py:927} WARNING - No viable dags retrieved from /home/munyah/.local/lib/python3.10/site-packages/airflow/example_dags/plugins/workday.py
[2025-02-18T01:18:52.037+0200] {processor.py:208} INFO - Processing /home/munyah/.local/lib/python3.10/site-packages/airflow/example_dags/plugins/workday.py took 0.026 seconds
[2025-02-18T01:20:33.996+0200] {processor.py:186} INFO - Started process (PID=350983) to work on /home/munyah/.local/lib/python3.10/site-packages/airflow/example_dags/plugins/workday.py
[2025-02-18T01:20:33.997+0200] {processor.py:914} INFO - Processing file /home/munyah/.local/lib/python3.10/site-packages/airflow/example_dags/plugins/workday.py for tasks to queue
[2025-02-18T01:20:33.999+0200] {logging_mixin.py:190} INFO - [2025-02-18T01:20:33.999+0200] {dagbag.py:588} INFO - Filling up the DagBag from /home/munyah/.local/lib/python3.10/site-packages/airflow/example_dags/plugins/workday.py
[2025-02-18T01:20:34.003+0200] {processor.py:927} WARNING - No viable dags retrieved from /home/munyah/.local/lib/python3.10/site-packages/airflow/example_dags/plugins/workday.py
[2025-02-18T01:20:34.015+0200] {processor.py:208} INFO - Processing /home/munyah/.local/lib/python3.10/site-packages/airflow/example_dags/plugins/workday.py took 0.027 seconds
[2025-02-18T01:21:15.695+0200] {processor.py:186} INFO - Started process (PID=351110) to work on /home/munyah/.local/lib/python3.10/site-packages/airflow/example_dags/plugins/workday.py
[2025-02-18T01:21:15.696+0200] {processor.py:914} INFO - Processing file /home/munyah/.local/lib/python3.10/site-packages/airflow/example_dags/plugins/workday.py for tasks to queue
[2025-02-18T01:21:15.700+0200] {logging_mixin.py:190} INFO - [2025-02-18T01:21:15.699+0200] {dagbag.py:588} INFO - Filling up the DagBag from /home/munyah/.local/lib/python3.10/site-packages/airflow/example_dags/plugins/workday.py
[2025-02-18T01:21:15.703+0200] {processor.py:927} WARNING - No viable dags retrieved from /home/munyah/.local/lib/python3.10/site-packages/airflow/example_dags/plugins/workday.py
[2025-02-18T01:21:15.716+0200] {processor.py:208} INFO - Processing /home/munyah/.local/lib/python3.10/site-packages/airflow/example_dags/plugins/workday.py took 0.028 seconds
[2025-02-18T01:21:49.820+0200] {processor.py:186} INFO - Started process (PID=351262) to work on /home/munyah/.local/lib/python3.10/site-packages/airflow/example_dags/plugins/workday.py
[2025-02-18T01:21:49.821+0200] {processor.py:914} INFO - Processing file /home/munyah/.local/lib/python3.10/site-packages/airflow/example_dags/plugins/workday.py for tasks to queue
[2025-02-18T01:21:49.823+0200] {logging_mixin.py:190} INFO - [2025-02-18T01:21:49.823+0200] {dagbag.py:588} INFO - Filling up the DagBag from /home/munyah/.local/lib/python3.10/site-packages/airflow/example_dags/plugins/workday.py
[2025-02-18T01:21:49.827+0200] {processor.py:927} WARNING - No viable dags retrieved from /home/munyah/.local/lib/python3.10/site-packages/airflow/example_dags/plugins/workday.py
[2025-02-18T01:21:49.838+0200] {processor.py:208} INFO - Processing /home/munyah/.local/lib/python3.10/site-packages/airflow/example_dags/plugins/workday.py took 0.025 seconds
[2025-02-18T01:22:25.534+0200] {processor.py:186} INFO - Started process (PID=351779) to work on /home/munyah/.local/lib/python3.10/site-packages/airflow/example_dags/plugins/workday.py
[2025-02-18T01:22:25.536+0200] {processor.py:914} INFO - Processing file /home/munyah/.local/lib/python3.10/site-packages/airflow/example_dags/plugins/workday.py for tasks to queue
[2025-02-18T01:22:25.539+0200] {logging_mixin.py:190} INFO - [2025-02-18T01:22:25.538+0200] {dagbag.py:588} INFO - Filling up the DagBag from /home/munyah/.local/lib/python3.10/site-packages/airflow/example_dags/plugins/workday.py
[2025-02-18T01:22:25.542+0200] {processor.py:927} WARNING - No viable dags retrieved from /home/munyah/.local/lib/python3.10/site-packages/airflow/example_dags/plugins/workday.py
[2025-02-18T01:22:25.553+0200] {processor.py:208} INFO - Processing /home/munyah/.local/lib/python3.10/site-packages/airflow/example_dags/plugins/workday.py took 0.026 seconds
[2025-02-18T01:22:58.818+0200] {processor.py:186} INFO - Started process (PID=352020) to work on /home/munyah/.local/lib/python3.10/site-packages/airflow/example_dags/plugins/workday.py
[2025-02-18T01:22:58.821+0200] {processor.py:914} INFO - Processing file /home/munyah/.local/lib/python3.10/site-packages/airflow/example_dags/plugins/workday.py for tasks to queue
[2025-02-18T01:22:58.826+0200] {logging_mixin.py:190} INFO - [2025-02-18T01:22:58.826+0200] {dagbag.py:588} INFO - Filling up the DagBag from /home/munyah/.local/lib/python3.10/site-packages/airflow/example_dags/plugins/workday.py
[2025-02-18T01:22:58.833+0200] {processor.py:927} WARNING - No viable dags retrieved from /home/munyah/.local/lib/python3.10/site-packages/airflow/example_dags/plugins/workday.py
[2025-02-18T01:22:58.849+0200] {processor.py:208} INFO - Processing /home/munyah/.local/lib/python3.10/site-packages/airflow/example_dags/plugins/workday.py took 0.041 seconds
[2025-02-18T01:23:34.423+0200] {processor.py:186} INFO - Started process (PID=352147) to work on /home/munyah/.local/lib/python3.10/site-packages/airflow/example_dags/plugins/workday.py
[2025-02-18T01:23:34.424+0200] {processor.py:914} INFO - Processing file /home/munyah/.local/lib/python3.10/site-packages/airflow/example_dags/plugins/workday.py for tasks to queue
[2025-02-18T01:23:34.427+0200] {logging_mixin.py:190} INFO - [2025-02-18T01:23:34.426+0200] {dagbag.py:588} INFO - Filling up the DagBag from /home/munyah/.local/lib/python3.10/site-packages/airflow/example_dags/plugins/workday.py
[2025-02-18T01:23:34.430+0200] {processor.py:927} WARNING - No viable dags retrieved from /home/munyah/.local/lib/python3.10/site-packages/airflow/example_dags/plugins/workday.py
[2025-02-18T01:23:34.441+0200] {processor.py:208} INFO - Processing /home/munyah/.local/lib/python3.10/site-packages/airflow/example_dags/plugins/workday.py took 0.025 seconds
[2025-02-18T01:24:12.635+0200] {processor.py:186} INFO - Started process (PID=352262) to work on /home/munyah/.local/lib/python3.10/site-packages/airflow/example_dags/plugins/workday.py
[2025-02-18T01:24:12.636+0200] {processor.py:914} INFO - Processing file /home/munyah/.local/lib/python3.10/site-packages/airflow/example_dags/plugins/workday.py for tasks to queue
[2025-02-18T01:24:12.639+0200] {logging_mixin.py:190} INFO - [2025-02-18T01:24:12.638+0200] {dagbag.py:588} INFO - Filling up the DagBag from /home/munyah/.local/lib/python3.10/site-packages/airflow/example_dags/plugins/workday.py
[2025-02-18T01:24:12.642+0200] {processor.py:927} WARNING - No viable dags retrieved from /home/munyah/.local/lib/python3.10/site-packages/airflow/example_dags/plugins/workday.py
[2025-02-18T01:24:12.654+0200] {processor.py:208} INFO - Processing /home/munyah/.local/lib/python3.10/site-packages/airflow/example_dags/plugins/workday.py took 0.027 seconds
[2025-02-18T01:24:45.523+0200] {processor.py:186} INFO - Started process (PID=352362) to work on /home/munyah/.local/lib/python3.10/site-packages/airflow/example_dags/plugins/workday.py
[2025-02-18T01:24:45.525+0200] {processor.py:914} INFO - Processing file /home/munyah/.local/lib/python3.10/site-packages/airflow/example_dags/plugins/workday.py for tasks to queue
[2025-02-18T01:24:45.528+0200] {logging_mixin.py:190} INFO - [2025-02-18T01:24:45.528+0200] {dagbag.py:588} INFO - Filling up the DagBag from /home/munyah/.local/lib/python3.10/site-packages/airflow/example_dags/plugins/workday.py
[2025-02-18T01:24:45.533+0200] {processor.py:927} WARNING - No viable dags retrieved from /home/munyah/.local/lib/python3.10/site-packages/airflow/example_dags/plugins/workday.py
[2025-02-18T01:24:45.547+0200] {processor.py:208} INFO - Processing /home/munyah/.local/lib/python3.10/site-packages/airflow/example_dags/plugins/workday.py took 0.032 seconds
[2025-02-18T01:25:50.663+0200] {processor.py:186} INFO - Started process (PID=352637) to work on /home/munyah/.local/lib/python3.10/site-packages/airflow/example_dags/plugins/workday.py
[2025-02-18T01:25:50.665+0200] {processor.py:914} INFO - Processing file /home/munyah/.local/lib/python3.10/site-packages/airflow/example_dags/plugins/workday.py for tasks to queue
[2025-02-18T01:25:50.667+0200] {logging_mixin.py:190} INFO - [2025-02-18T01:25:50.667+0200] {dagbag.py:588} INFO - Filling up the DagBag from /home/munyah/.local/lib/python3.10/site-packages/airflow/example_dags/plugins/workday.py
[2025-02-18T01:25:50.670+0200] {processor.py:927} WARNING - No viable dags retrieved from /home/munyah/.local/lib/python3.10/site-packages/airflow/example_dags/plugins/workday.py
[2025-02-18T01:25:50.681+0200] {processor.py:208} INFO - Processing /home/munyah/.local/lib/python3.10/site-packages/airflow/example_dags/plugins/workday.py took 0.024 seconds
[2025-02-18T01:26:25.329+0200] {processor.py:186} INFO - Started process (PID=352812) to work on /home/munyah/.local/lib/python3.10/site-packages/airflow/example_dags/plugins/workday.py
[2025-02-18T01:26:25.330+0200] {processor.py:914} INFO - Processing file /home/munyah/.local/lib/python3.10/site-packages/airflow/example_dags/plugins/workday.py for tasks to queue
[2025-02-18T01:26:25.334+0200] {logging_mixin.py:190} INFO - [2025-02-18T01:26:25.333+0200] {dagbag.py:588} INFO - Filling up the DagBag from /home/munyah/.local/lib/python3.10/site-packages/airflow/example_dags/plugins/workday.py
[2025-02-18T01:26:25.338+0200] {processor.py:927} WARNING - No viable dags retrieved from /home/munyah/.local/lib/python3.10/site-packages/airflow/example_dags/plugins/workday.py
[2025-02-18T01:26:25.350+0200] {processor.py:208} INFO - Processing /home/munyah/.local/lib/python3.10/site-packages/airflow/example_dags/plugins/workday.py took 0.029 seconds
[2025-02-18T01:26:58.505+0200] {processor.py:186} INFO - Started process (PID=353016) to work on /home/munyah/.local/lib/python3.10/site-packages/airflow/example_dags/plugins/workday.py
[2025-02-18T01:26:58.506+0200] {processor.py:914} INFO - Processing file /home/munyah/.local/lib/python3.10/site-packages/airflow/example_dags/plugins/workday.py for tasks to queue
[2025-02-18T01:26:58.509+0200] {logging_mixin.py:190} INFO - [2025-02-18T01:26:58.508+0200] {dagbag.py:588} INFO - Filling up the DagBag from /home/munyah/.local/lib/python3.10/site-packages/airflow/example_dags/plugins/workday.py
[2025-02-18T01:26:58.512+0200] {processor.py:927} WARNING - No viable dags retrieved from /home/munyah/.local/lib/python3.10/site-packages/airflow/example_dags/plugins/workday.py
[2025-02-18T01:26:58.524+0200] {processor.py:208} INFO - Processing /home/munyah/.local/lib/python3.10/site-packages/airflow/example_dags/plugins/workday.py took 0.026 seconds
