[2025-04-02T15:49:22.399+0200] {processor.py:186} INFO - Started process (PID=15135) to work on /home/munyah/.local/lib/python3.10/site-packages/airflow/example_dags/example_params_ui_tutorial.py
[2025-04-02T15:49:22.400+0200] {processor.py:914} INFO - Processing file /home/munyah/.local/lib/python3.10/site-packages/airflow/example_dags/example_params_ui_tutorial.py for tasks to queue
[2025-04-02T15:49:22.403+0200] {logging_mixin.py:190} INFO - [2025-04-02T15:49:22.402+0200] {dagbag.py:588} INFO - Filling up the DagBag from /home/munyah/.local/lib/python3.10/site-packages/airflow/example_dags/example_params_ui_tutorial.py
[2025-04-02T15:49:22.419+0200] {processor.py:925} INFO - DAG(s) 'example_params_ui_tutorial' retrieved from /home/munyah/.local/lib/python3.10/site-packages/airflow/example_dags/example_params_ui_tutorial.py
[2025-04-02T15:49:22.595+0200] {logging_mixin.py:190} INFO - [2025-04-02T15:49:22.595+0200] {dag.py:3239} INFO - Sync 1 DAGs
[2025-04-02T15:49:22.744+0200] {logging_mixin.py:190} INFO - [2025-04-02T15:49:22.743+0200] {dag.py:4180} INFO - Setting next_dagrun for example_params_ui_tutorial to None, run_after=None
[2025-04-02T15:49:22.770+0200] {processor.py:208} INFO - Processing /home/munyah/.local/lib/python3.10/site-packages/airflow/example_dags/example_params_ui_tutorial.py took 0.380 seconds
[2025-04-02T15:50:31.561+0200] {processor.py:186} INFO - Started process (PID=15529) to work on /home/munyah/.local/lib/python3.10/site-packages/airflow/example_dags/example_params_ui_tutorial.py
[2025-04-02T15:50:31.563+0200] {processor.py:914} INFO - Processing file /home/munyah/.local/lib/python3.10/site-packages/airflow/example_dags/example_params_ui_tutorial.py for tasks to queue
[2025-04-02T15:50:31.565+0200] {logging_mixin.py:190} INFO - [2025-04-02T15:50:31.565+0200] {dagbag.py:588} INFO - Filling up the DagBag from /home/munyah/.local/lib/python3.10/site-packages/airflow/example_dags/example_params_ui_tutorial.py
[2025-04-02T15:50:31.583+0200] {processor.py:925} INFO - DAG(s) 'example_params_ui_tutorial' retrieved from /home/munyah/.local/lib/python3.10/site-packages/airflow/example_dags/example_params_ui_tutorial.py
[2025-04-02T15:50:31.657+0200] {logging_mixin.py:190} INFO - [2025-04-02T15:50:31.657+0200] {dag.py:3239} INFO - Sync 1 DAGs
[2025-04-02T15:50:31.677+0200] {logging_mixin.py:190} INFO - [2025-04-02T15:50:31.676+0200] {dag.py:4180} INFO - Setting next_dagrun for example_params_ui_tutorial to None, run_after=None
[2025-04-02T15:50:31.704+0200] {processor.py:208} INFO - Processing /home/munyah/.local/lib/python3.10/site-packages/airflow/example_dags/example_params_ui_tutorial.py took 0.151 seconds
[2025-04-02T15:51:48.179+0200] {processor.py:186} INFO - Started process (PID=15789) to work on /home/munyah/.local/lib/python3.10/site-packages/airflow/example_dags/example_params_ui_tutorial.py
[2025-04-02T15:51:48.180+0200] {processor.py:914} INFO - Processing file /home/munyah/.local/lib/python3.10/site-packages/airflow/example_dags/example_params_ui_tutorial.py for tasks to queue
[2025-04-02T15:51:48.183+0200] {logging_mixin.py:190} INFO - [2025-04-02T15:51:48.183+0200] {dagbag.py:588} INFO - Filling up the DagBag from /home/munyah/.local/lib/python3.10/site-packages/airflow/example_dags/example_params_ui_tutorial.py
[2025-04-02T15:51:48.194+0200] {processor.py:925} INFO - DAG(s) 'example_params_ui_tutorial' retrieved from /home/munyah/.local/lib/python3.10/site-packages/airflow/example_dags/example_params_ui_tutorial.py
[2025-04-02T15:51:48.246+0200] {logging_mixin.py:190} INFO - [2025-04-02T15:51:48.245+0200] {dag.py:3239} INFO - Sync 1 DAGs
[2025-04-02T15:51:48.260+0200] {logging_mixin.py:190} INFO - [2025-04-02T15:51:48.260+0200] {dag.py:4180} INFO - Setting next_dagrun for example_params_ui_tutorial to None, run_after=None
[2025-04-02T15:51:48.284+0200] {processor.py:208} INFO - Processing /home/munyah/.local/lib/python3.10/site-packages/airflow/example_dags/example_params_ui_tutorial.py took 0.113 seconds
[2025-04-02T15:53:02.929+0200] {processor.py:186} INFO - Started process (PID=17103) to work on /home/munyah/.local/lib/python3.10/site-packages/airflow/example_dags/example_params_ui_tutorial.py
[2025-04-02T15:53:02.931+0200] {processor.py:914} INFO - Processing file /home/munyah/.local/lib/python3.10/site-packages/airflow/example_dags/example_params_ui_tutorial.py for tasks to queue
[2025-04-02T15:53:02.934+0200] {logging_mixin.py:190} INFO - [2025-04-02T15:53:02.933+0200] {dagbag.py:588} INFO - Filling up the DagBag from /home/munyah/.local/lib/python3.10/site-packages/airflow/example_dags/example_params_ui_tutorial.py
[2025-04-02T15:53:02.949+0200] {processor.py:925} INFO - DAG(s) 'example_params_ui_tutorial' retrieved from /home/munyah/.local/lib/python3.10/site-packages/airflow/example_dags/example_params_ui_tutorial.py
[2025-04-02T15:53:03.003+0200] {logging_mixin.py:190} INFO - [2025-04-02T15:53:03.003+0200] {dag.py:3239} INFO - Sync 1 DAGs
[2025-04-02T15:53:03.018+0200] {logging_mixin.py:190} INFO - [2025-04-02T15:53:03.017+0200] {dag.py:4180} INFO - Setting next_dagrun for example_params_ui_tutorial to None, run_after=None
[2025-04-02T15:53:03.040+0200] {processor.py:208} INFO - Processing /home/munyah/.local/lib/python3.10/site-packages/airflow/example_dags/example_params_ui_tutorial.py took 0.120 seconds
[2025-04-02T15:54:16.708+0200] {processor.py:186} INFO - Started process (PID=18347) to work on /home/munyah/.local/lib/python3.10/site-packages/airflow/example_dags/example_params_ui_tutorial.py
[2025-04-02T15:54:16.710+0200] {processor.py:914} INFO - Processing file /home/munyah/.local/lib/python3.10/site-packages/airflow/example_dags/example_params_ui_tutorial.py for tasks to queue
[2025-04-02T15:54:16.712+0200] {logging_mixin.py:190} INFO - [2025-04-02T15:54:16.712+0200] {dagbag.py:588} INFO - Filling up the DagBag from /home/munyah/.local/lib/python3.10/site-packages/airflow/example_dags/example_params_ui_tutorial.py
[2025-04-02T15:54:16.726+0200] {processor.py:925} INFO - DAG(s) 'example_params_ui_tutorial' retrieved from /home/munyah/.local/lib/python3.10/site-packages/airflow/example_dags/example_params_ui_tutorial.py
[2025-04-02T15:54:16.788+0200] {logging_mixin.py:190} INFO - [2025-04-02T15:54:16.788+0200] {dag.py:3239} INFO - Sync 1 DAGs
[2025-04-02T15:54:16.962+0200] {logging_mixin.py:190} INFO - [2025-04-02T15:54:16.962+0200] {dag.py:4180} INFO - Setting next_dagrun for example_params_ui_tutorial to None, run_after=None
[2025-04-02T15:54:16.992+0200] {processor.py:208} INFO - Processing /home/munyah/.local/lib/python3.10/site-packages/airflow/example_dags/example_params_ui_tutorial.py took 0.295 seconds
