[2025-04-02T15:49:15.919+0200] {processor.py:186} INFO - Started process (PID=15093) to work on /home/munyah/.local/lib/python3.10/site-packages/airflow/example_dags/example_setup_teardown_taskflow.py
[2025-04-02T15:49:15.922+0200] {processor.py:914} INFO - Processing file /home/munyah/.local/lib/python3.10/site-packages/airflow/example_dags/example_setup_teardown_taskflow.py for tasks to queue
[2025-04-02T15:49:15.926+0200] {logging_mixin.py:190} INFO - [2025-04-02T15:49:15.925+0200] {dagbag.py:588} INFO - Filling up the DagBag from /home/munyah/.local/lib/python3.10/site-packages/airflow/example_dags/example_setup_teardown_taskflow.py
[2025-04-02T15:49:15.957+0200] {processor.py:925} INFO - DAG(s) 'example_setup_teardown_taskflow' retrieved from /home/munyah/.local/lib/python3.10/site-packages/airflow/example_dags/example_setup_teardown_taskflow.py
[2025-04-02T15:49:15.984+0200] {logging_mixin.py:190} INFO - [2025-04-02T15:49:15.984+0200] {dag.py:3239} INFO - Sync 1 DAGs
[2025-04-02T15:49:16.000+0200] {logging_mixin.py:190} INFO - [2025-04-02T15:49:16.000+0200] {dag.py:4180} INFO - Setting next_dagrun for example_setup_teardown_taskflow to None, run_after=None
[2025-04-02T15:49:16.026+0200] {processor.py:208} INFO - Processing /home/munyah/.local/lib/python3.10/site-packages/airflow/example_dags/example_setup_teardown_taskflow.py took 0.123 seconds
[2025-04-02T15:50:23.899+0200] {processor.py:186} INFO - Started process (PID=15498) to work on /home/munyah/.local/lib/python3.10/site-packages/airflow/example_dags/example_setup_teardown_taskflow.py
[2025-04-02T15:50:23.900+0200] {processor.py:914} INFO - Processing file /home/munyah/.local/lib/python3.10/site-packages/airflow/example_dags/example_setup_teardown_taskflow.py for tasks to queue
[2025-04-02T15:50:23.904+0200] {logging_mixin.py:190} INFO - [2025-04-02T15:50:23.903+0200] {dagbag.py:588} INFO - Filling up the DagBag from /home/munyah/.local/lib/python3.10/site-packages/airflow/example_dags/example_setup_teardown_taskflow.py
[2025-04-02T15:50:23.919+0200] {processor.py:925} INFO - DAG(s) 'example_setup_teardown_taskflow' retrieved from /home/munyah/.local/lib/python3.10/site-packages/airflow/example_dags/example_setup_teardown_taskflow.py
[2025-04-02T15:50:23.942+0200] {logging_mixin.py:190} INFO - [2025-04-02T15:50:23.942+0200] {dag.py:3239} INFO - Sync 1 DAGs
[2025-04-02T15:50:23.958+0200] {logging_mixin.py:190} INFO - [2025-04-02T15:50:23.957+0200] {dag.py:4180} INFO - Setting next_dagrun for example_setup_teardown_taskflow to None, run_after=None
[2025-04-02T15:50:23.982+0200] {processor.py:208} INFO - Processing /home/munyah/.local/lib/python3.10/site-packages/airflow/example_dags/example_setup_teardown_taskflow.py took 0.093 seconds
[2025-04-02T15:51:40.461+0200] {processor.py:186} INFO - Started process (PID=15769) to work on /home/munyah/.local/lib/python3.10/site-packages/airflow/example_dags/example_setup_teardown_taskflow.py
[2025-04-02T15:51:40.465+0200] {processor.py:914} INFO - Processing file /home/munyah/.local/lib/python3.10/site-packages/airflow/example_dags/example_setup_teardown_taskflow.py for tasks to queue
[2025-04-02T15:51:40.470+0200] {logging_mixin.py:190} INFO - [2025-04-02T15:51:40.469+0200] {dagbag.py:588} INFO - Filling up the DagBag from /home/munyah/.local/lib/python3.10/site-packages/airflow/example_dags/example_setup_teardown_taskflow.py
[2025-04-02T15:51:40.501+0200] {processor.py:925} INFO - DAG(s) 'example_setup_teardown_taskflow' retrieved from /home/munyah/.local/lib/python3.10/site-packages/airflow/example_dags/example_setup_teardown_taskflow.py
[2025-04-02T15:51:40.532+0200] {logging_mixin.py:190} INFO - [2025-04-02T15:51:40.532+0200] {dag.py:3239} INFO - Sync 1 DAGs
[2025-04-02T15:51:40.553+0200] {logging_mixin.py:190} INFO - [2025-04-02T15:51:40.553+0200] {dag.py:4180} INFO - Setting next_dagrun for example_setup_teardown_taskflow to None, run_after=None
[2025-04-02T15:51:40.746+0200] {processor.py:208} INFO - Processing /home/munyah/.local/lib/python3.10/site-packages/airflow/example_dags/example_setup_teardown_taskflow.py took 0.300 seconds
[2025-04-02T15:52:54.753+0200] {processor.py:186} INFO - Started process (PID=16604) to work on /home/munyah/.local/lib/python3.10/site-packages/airflow/example_dags/example_setup_teardown_taskflow.py
[2025-04-02T15:52:54.755+0200] {processor.py:914} INFO - Processing file /home/munyah/.local/lib/python3.10/site-packages/airflow/example_dags/example_setup_teardown_taskflow.py for tasks to queue
[2025-04-02T15:52:54.759+0200] {logging_mixin.py:190} INFO - [2025-04-02T15:52:54.758+0200] {dagbag.py:588} INFO - Filling up the DagBag from /home/munyah/.local/lib/python3.10/site-packages/airflow/example_dags/example_setup_teardown_taskflow.py
[2025-04-02T15:52:54.775+0200] {processor.py:925} INFO - DAG(s) 'example_setup_teardown_taskflow' retrieved from /home/munyah/.local/lib/python3.10/site-packages/airflow/example_dags/example_setup_teardown_taskflow.py
[2025-04-02T15:52:54.797+0200] {logging_mixin.py:190} INFO - [2025-04-02T15:52:54.797+0200] {dag.py:3239} INFO - Sync 1 DAGs
[2025-04-02T15:52:54.813+0200] {logging_mixin.py:190} INFO - [2025-04-02T15:52:54.813+0200] {dag.py:4180} INFO - Setting next_dagrun for example_setup_teardown_taskflow to None, run_after=None
[2025-04-02T15:52:54.977+0200] {processor.py:208} INFO - Processing /home/munyah/.local/lib/python3.10/site-packages/airflow/example_dags/example_setup_teardown_taskflow.py took 0.236 seconds
[2025-04-02T15:54:09.183+0200] {processor.py:186} INFO - Started process (PID=18331) to work on /home/munyah/.local/lib/python3.10/site-packages/airflow/example_dags/example_setup_teardown_taskflow.py
[2025-04-02T15:54:09.185+0200] {processor.py:914} INFO - Processing file /home/munyah/.local/lib/python3.10/site-packages/airflow/example_dags/example_setup_teardown_taskflow.py for tasks to queue
[2025-04-02T15:54:09.191+0200] {logging_mixin.py:190} INFO - [2025-04-02T15:54:09.190+0200] {dagbag.py:588} INFO - Filling up the DagBag from /home/munyah/.local/lib/python3.10/site-packages/airflow/example_dags/example_setup_teardown_taskflow.py
[2025-04-02T15:54:09.219+0200] {processor.py:925} INFO - DAG(s) 'example_setup_teardown_taskflow' retrieved from /home/munyah/.local/lib/python3.10/site-packages/airflow/example_dags/example_setup_teardown_taskflow.py
[2025-04-02T15:54:09.242+0200] {logging_mixin.py:190} INFO - [2025-04-02T15:54:09.242+0200] {dag.py:3239} INFO - Sync 1 DAGs
[2025-04-02T15:54:09.393+0200] {logging_mixin.py:190} INFO - [2025-04-02T15:54:09.393+0200] {dag.py:4180} INFO - Setting next_dagrun for example_setup_teardown_taskflow to None, run_after=None
[2025-04-02T15:54:09.422+0200] {processor.py:208} INFO - Processing /home/munyah/.local/lib/python3.10/site-packages/airflow/example_dags/example_setup_teardown_taskflow.py took 0.258 seconds
