[2025-04-02T15:49:19.918+0200] {processor.py:186} INFO - Started process (PID=15122) to work on /home/munyah/.local/lib/python3.10/site-packages/airflow/example_dags/example_sensor_decorator.py
[2025-04-02T15:49:19.920+0200] {processor.py:914} INFO - Processing file /home/munyah/.local/lib/python3.10/site-packages/airflow/example_dags/example_sensor_decorator.py for tasks to queue
[2025-04-02T15:49:19.924+0200] {logging_mixin.py:190} INFO - [2025-04-02T15:49:19.923+0200] {dagbag.py:588} INFO - Filling up the DagBag from /home/munyah/.local/lib/python3.10/site-packages/airflow/example_dags/example_sensor_decorator.py
[2025-04-02T15:49:19.936+0200] {processor.py:925} INFO - DAG(s) 'example_sensor_decorator' retrieved from /home/munyah/.local/lib/python3.10/site-packages/airflow/example_dags/example_sensor_decorator.py
[2025-04-02T15:49:19.955+0200] {logging_mixin.py:190} INFO - [2025-04-02T15:49:19.955+0200] {dag.py:3239} INFO - Sync 1 DAGs
[2025-04-02T15:49:19.971+0200] {logging_mixin.py:190} INFO - [2025-04-02T15:49:19.970+0200] {dag.py:4180} INFO - Setting next_dagrun for example_sensor_decorator to None, run_after=None
[2025-04-02T15:49:19.993+0200] {processor.py:208} INFO - Processing /home/munyah/.local/lib/python3.10/site-packages/airflow/example_dags/example_sensor_decorator.py took 0.089 seconds
[2025-04-02T15:50:29.217+0200] {processor.py:186} INFO - Started process (PID=15513) to work on /home/munyah/.local/lib/python3.10/site-packages/airflow/example_dags/example_sensor_decorator.py
[2025-04-02T15:50:29.219+0200] {processor.py:914} INFO - Processing file /home/munyah/.local/lib/python3.10/site-packages/airflow/example_dags/example_sensor_decorator.py for tasks to queue
[2025-04-02T15:50:29.222+0200] {logging_mixin.py:190} INFO - [2025-04-02T15:50:29.221+0200] {dagbag.py:588} INFO - Filling up the DagBag from /home/munyah/.local/lib/python3.10/site-packages/airflow/example_dags/example_sensor_decorator.py
[2025-04-02T15:50:29.233+0200] {processor.py:925} INFO - DAG(s) 'example_sensor_decorator' retrieved from /home/munyah/.local/lib/python3.10/site-packages/airflow/example_dags/example_sensor_decorator.py
[2025-04-02T15:50:29.252+0200] {logging_mixin.py:190} INFO - [2025-04-02T15:50:29.251+0200] {dag.py:3239} INFO - Sync 1 DAGs
[2025-04-02T15:50:29.266+0200] {logging_mixin.py:190} INFO - [2025-04-02T15:50:29.266+0200] {dag.py:4180} INFO - Setting next_dagrun for example_sensor_decorator to None, run_after=None
[2025-04-02T15:50:29.294+0200] {processor.py:208} INFO - Processing /home/munyah/.local/lib/python3.10/site-packages/airflow/example_dags/example_sensor_decorator.py took 0.089 seconds
[2025-04-02T15:51:45.357+0200] {processor.py:186} INFO - Started process (PID=15783) to work on /home/munyah/.local/lib/python3.10/site-packages/airflow/example_dags/example_sensor_decorator.py
[2025-04-02T15:51:45.359+0200] {processor.py:914} INFO - Processing file /home/munyah/.local/lib/python3.10/site-packages/airflow/example_dags/example_sensor_decorator.py for tasks to queue
[2025-04-02T15:51:45.363+0200] {logging_mixin.py:190} INFO - [2025-04-02T15:51:45.362+0200] {dagbag.py:588} INFO - Filling up the DagBag from /home/munyah/.local/lib/python3.10/site-packages/airflow/example_dags/example_sensor_decorator.py
[2025-04-02T15:51:45.375+0200] {processor.py:925} INFO - DAG(s) 'example_sensor_decorator' retrieved from /home/munyah/.local/lib/python3.10/site-packages/airflow/example_dags/example_sensor_decorator.py
[2025-04-02T15:51:45.392+0200] {logging_mixin.py:190} INFO - [2025-04-02T15:51:45.392+0200] {dag.py:3239} INFO - Sync 1 DAGs
[2025-04-02T15:51:45.407+0200] {logging_mixin.py:190} INFO - [2025-04-02T15:51:45.406+0200] {dag.py:4180} INFO - Setting next_dagrun for example_sensor_decorator to None, run_after=None
[2025-04-02T15:51:45.563+0200] {processor.py:208} INFO - Processing /home/munyah/.local/lib/python3.10/site-packages/airflow/example_dags/example_sensor_decorator.py took 0.222 seconds
[2025-04-02T15:53:00.122+0200] {processor.py:186} INFO - Started process (PID=16910) to work on /home/munyah/.local/lib/python3.10/site-packages/airflow/example_dags/example_sensor_decorator.py
[2025-04-02T15:53:00.123+0200] {processor.py:914} INFO - Processing file /home/munyah/.local/lib/python3.10/site-packages/airflow/example_dags/example_sensor_decorator.py for tasks to queue
[2025-04-02T15:53:00.127+0200] {logging_mixin.py:190} INFO - [2025-04-02T15:53:00.126+0200] {dagbag.py:588} INFO - Filling up the DagBag from /home/munyah/.local/lib/python3.10/site-packages/airflow/example_dags/example_sensor_decorator.py
[2025-04-02T15:53:00.139+0200] {processor.py:925} INFO - DAG(s) 'example_sensor_decorator' retrieved from /home/munyah/.local/lib/python3.10/site-packages/airflow/example_dags/example_sensor_decorator.py
[2025-04-02T15:53:00.156+0200] {logging_mixin.py:190} INFO - [2025-04-02T15:53:00.155+0200] {dag.py:3239} INFO - Sync 1 DAGs
[2025-04-02T15:53:00.171+0200] {logging_mixin.py:190} INFO - [2025-04-02T15:53:00.171+0200] {dag.py:4180} INFO - Setting next_dagrun for example_sensor_decorator to None, run_after=None
[2025-04-02T15:53:00.335+0200] {processor.py:208} INFO - Processing /home/munyah/.local/lib/python3.10/site-packages/airflow/example_dags/example_sensor_decorator.py took 0.224 seconds
[2025-04-02T15:54:13.876+0200] {processor.py:186} INFO - Started process (PID=18340) to work on /home/munyah/.local/lib/python3.10/site-packages/airflow/example_dags/example_sensor_decorator.py
[2025-04-02T15:54:13.877+0200] {processor.py:914} INFO - Processing file /home/munyah/.local/lib/python3.10/site-packages/airflow/example_dags/example_sensor_decorator.py for tasks to queue
[2025-04-02T15:54:13.880+0200] {logging_mixin.py:190} INFO - [2025-04-02T15:54:13.879+0200] {dagbag.py:588} INFO - Filling up the DagBag from /home/munyah/.local/lib/python3.10/site-packages/airflow/example_dags/example_sensor_decorator.py
[2025-04-02T15:54:13.890+0200] {processor.py:925} INFO - DAG(s) 'example_sensor_decorator' retrieved from /home/munyah/.local/lib/python3.10/site-packages/airflow/example_dags/example_sensor_decorator.py
[2025-04-02T15:54:13.908+0200] {logging_mixin.py:190} INFO - [2025-04-02T15:54:13.907+0200] {dag.py:3239} INFO - Sync 1 DAGs
[2025-04-02T15:54:14.081+0200] {logging_mixin.py:190} INFO - [2025-04-02T15:54:14.080+0200] {dag.py:4180} INFO - Setting next_dagrun for example_sensor_decorator to None, run_after=None
[2025-04-02T15:54:14.115+0200] {processor.py:208} INFO - Processing /home/munyah/.local/lib/python3.10/site-packages/airflow/example_dags/example_sensor_decorator.py took 0.249 seconds
