[2025-04-02T15:49:27.682+0200] {processor.py:186} INFO - Started process (PID=15149) to work on /home/munyah/.local/lib/python3.10/site-packages/airflow/example_dags/example_params_trigger_ui.py
[2025-04-02T15:49:27.684+0200] {processor.py:914} INFO - Processing file /home/munyah/.local/lib/python3.10/site-packages/airflow/example_dags/example_params_trigger_ui.py for tasks to queue
[2025-04-02T15:49:27.688+0200] {logging_mixin.py:190} INFO - [2025-04-02T15:49:27.687+0200] {dagbag.py:588} INFO - Filling up the DagBag from /home/munyah/.local/lib/python3.10/site-packages/airflow/example_dags/example_params_trigger_ui.py
[2025-04-02T15:49:27.705+0200] {processor.py:925} INFO - DAG(s) 'example_params_trigger_ui' retrieved from /home/munyah/.local/lib/python3.10/site-packages/airflow/example_dags/example_params_trigger_ui.py
[2025-04-02T15:49:27.759+0200] {logging_mixin.py:190} INFO - [2025-04-02T15:49:27.758+0200] {dag.py:3239} INFO - Sync 1 DAGs
[2025-04-02T15:49:27.774+0200] {logging_mixin.py:190} INFO - [2025-04-02T15:49:27.774+0200] {dag.py:4180} INFO - Setting next_dagrun for example_params_trigger_ui to None, run_after=None
[2025-04-02T15:49:27.798+0200] {processor.py:208} INFO - Processing /home/munyah/.local/lib/python3.10/site-packages/airflow/example_dags/example_params_trigger_ui.py took 0.124 seconds
[2025-04-02T15:50:45.940+0200] {processor.py:186} INFO - Started process (PID=15573) to work on /home/munyah/.local/lib/python3.10/site-packages/airflow/example_dags/example_params_trigger_ui.py
[2025-04-02T15:50:45.941+0200] {processor.py:914} INFO - Processing file /home/munyah/.local/lib/python3.10/site-packages/airflow/example_dags/example_params_trigger_ui.py for tasks to queue
[2025-04-02T15:50:45.944+0200] {logging_mixin.py:190} INFO - [2025-04-02T15:50:45.943+0200] {dagbag.py:588} INFO - Filling up the DagBag from /home/munyah/.local/lib/python3.10/site-packages/airflow/example_dags/example_params_trigger_ui.py
[2025-04-02T15:50:45.958+0200] {processor.py:925} INFO - DAG(s) 'example_params_trigger_ui' retrieved from /home/munyah/.local/lib/python3.10/site-packages/airflow/example_dags/example_params_trigger_ui.py
[2025-04-02T15:50:46.012+0200] {logging_mixin.py:190} INFO - [2025-04-02T15:50:46.012+0200] {dag.py:3239} INFO - Sync 1 DAGs
[2025-04-02T15:50:46.027+0200] {logging_mixin.py:190} INFO - [2025-04-02T15:50:46.027+0200] {dag.py:4180} INFO - Setting next_dagrun for example_params_trigger_ui to None, run_after=None
[2025-04-02T15:50:46.053+0200] {processor.py:208} INFO - Processing /home/munyah/.local/lib/python3.10/site-packages/airflow/example_dags/example_params_trigger_ui.py took 0.122 seconds
[2025-04-02T15:52:02.142+0200] {processor.py:186} INFO - Started process (PID=16396) to work on /home/munyah/.local/lib/python3.10/site-packages/airflow/example_dags/example_params_trigger_ui.py
[2025-04-02T15:52:02.144+0200] {processor.py:914} INFO - Processing file /home/munyah/.local/lib/python3.10/site-packages/airflow/example_dags/example_params_trigger_ui.py for tasks to queue
[2025-04-02T15:52:02.146+0200] {logging_mixin.py:190} INFO - [2025-04-02T15:52:02.146+0200] {dagbag.py:588} INFO - Filling up the DagBag from /home/munyah/.local/lib/python3.10/site-packages/airflow/example_dags/example_params_trigger_ui.py
[2025-04-02T15:52:02.160+0200] {processor.py:925} INFO - DAG(s) 'example_params_trigger_ui' retrieved from /home/munyah/.local/lib/python3.10/site-packages/airflow/example_dags/example_params_trigger_ui.py
[2025-04-02T15:52:02.212+0200] {logging_mixin.py:190} INFO - [2025-04-02T15:52:02.212+0200] {dag.py:3239} INFO - Sync 1 DAGs
[2025-04-02T15:52:02.228+0200] {logging_mixin.py:190} INFO - [2025-04-02T15:52:02.228+0200] {dag.py:4180} INFO - Setting next_dagrun for example_params_trigger_ui to None, run_after=None
[2025-04-02T15:52:02.252+0200] {processor.py:208} INFO - Processing /home/munyah/.local/lib/python3.10/site-packages/airflow/example_dags/example_params_trigger_ui.py took 0.117 seconds
[2025-04-02T15:53:14.658+0200] {processor.py:186} INFO - Started process (PID=17171) to work on /home/munyah/.local/lib/python3.10/site-packages/airflow/example_dags/example_params_trigger_ui.py
[2025-04-02T15:53:14.660+0200] {processor.py:914} INFO - Processing file /home/munyah/.local/lib/python3.10/site-packages/airflow/example_dags/example_params_trigger_ui.py for tasks to queue
[2025-04-02T15:53:14.664+0200] {logging_mixin.py:190} INFO - [2025-04-02T15:53:14.663+0200] {dagbag.py:588} INFO - Filling up the DagBag from /home/munyah/.local/lib/python3.10/site-packages/airflow/example_dags/example_params_trigger_ui.py
[2025-04-02T15:53:14.682+0200] {processor.py:925} INFO - DAG(s) 'example_params_trigger_ui' retrieved from /home/munyah/.local/lib/python3.10/site-packages/airflow/example_dags/example_params_trigger_ui.py
[2025-04-02T15:53:14.733+0200] {logging_mixin.py:190} INFO - [2025-04-02T15:53:14.732+0200] {dag.py:3239} INFO - Sync 1 DAGs
[2025-04-02T15:53:14.748+0200] {logging_mixin.py:190} INFO - [2025-04-02T15:53:14.747+0200] {dag.py:4180} INFO - Setting next_dagrun for example_params_trigger_ui to None, run_after=None
[2025-04-02T15:53:14.770+0200] {processor.py:208} INFO - Processing /home/munyah/.local/lib/python3.10/site-packages/airflow/example_dags/example_params_trigger_ui.py took 0.124 seconds
[2025-04-02T15:54:29.748+0200] {processor.py:186} INFO - Started process (PID=18387) to work on /home/munyah/.local/lib/python3.10/site-packages/airflow/example_dags/example_params_trigger_ui.py
[2025-04-02T15:54:29.750+0200] {processor.py:914} INFO - Processing file /home/munyah/.local/lib/python3.10/site-packages/airflow/example_dags/example_params_trigger_ui.py for tasks to queue
[2025-04-02T15:54:29.752+0200] {logging_mixin.py:190} INFO - [2025-04-02T15:54:29.752+0200] {dagbag.py:588} INFO - Filling up the DagBag from /home/munyah/.local/lib/python3.10/site-packages/airflow/example_dags/example_params_trigger_ui.py
[2025-04-02T15:54:29.768+0200] {processor.py:925} INFO - DAG(s) 'example_params_trigger_ui' retrieved from /home/munyah/.local/lib/python3.10/site-packages/airflow/example_dags/example_params_trigger_ui.py
[2025-04-02T15:54:29.826+0200] {logging_mixin.py:190} INFO - [2025-04-02T15:54:29.825+0200] {dag.py:3239} INFO - Sync 1 DAGs
[2025-04-02T15:54:29.843+0200] {logging_mixin.py:190} INFO - [2025-04-02T15:54:29.843+0200] {dag.py:4180} INFO - Setting next_dagrun for example_params_trigger_ui to None, run_after=None
[2025-04-02T15:54:29.869+0200] {processor.py:208} INFO - Processing /home/munyah/.local/lib/python3.10/site-packages/airflow/example_dags/example_params_trigger_ui.py took 0.129 seconds
