[2025-04-02T15:49:35.555+0200] {processor.py:186} INFO - Started process (PID=15168) to work on /home/munyah/.local/lib/python3.10/site-packages/airflow/example_dags/example_dynamic_task_mapping_with_no_taskflow_operators.py
[2025-04-02T15:49:35.556+0200] {processor.py:914} INFO - Processing file /home/munyah/.local/lib/python3.10/site-packages/airflow/example_dags/example_dynamic_task_mapping_with_no_taskflow_operators.py for tasks to queue
[2025-04-02T15:49:35.560+0200] {logging_mixin.py:190} INFO - [2025-04-02T15:49:35.559+0200] {dagbag.py:588} INFO - Filling up the DagBag from /home/munyah/.local/lib/python3.10/site-packages/airflow/example_dags/example_dynamic_task_mapping_with_no_taskflow_operators.py
[2025-04-02T15:49:35.580+0200] {processor.py:925} INFO - DAG(s) 'example_dynamic_task_mapping_with_no_taskflow_operators' retrieved from /home/munyah/.local/lib/python3.10/site-packages/airflow/example_dags/example_dynamic_task_mapping_with_no_taskflow_operators.py
[2025-04-02T15:49:35.613+0200] {logging_mixin.py:190} INFO - [2025-04-02T15:49:35.612+0200] {dag.py:3239} INFO - Sync 1 DAGs
[2025-04-02T15:49:35.642+0200] {logging_mixin.py:190} INFO - [2025-04-02T15:49:35.641+0200] {dag.py:4180} INFO - Setting next_dagrun for example_dynamic_task_mapping_with_no_taskflow_operators to None, run_after=None
[2025-04-02T15:49:35.679+0200] {processor.py:208} INFO - Processing /home/munyah/.local/lib/python3.10/site-packages/airflow/example_dags/example_dynamic_task_mapping_with_no_taskflow_operators.py took 0.134 seconds
[2025-04-02T15:50:53.804+0200] {processor.py:186} INFO - Started process (PID=15604) to work on /home/munyah/.local/lib/python3.10/site-packages/airflow/example_dags/example_dynamic_task_mapping_with_no_taskflow_operators.py
[2025-04-02T15:50:53.806+0200] {processor.py:914} INFO - Processing file /home/munyah/.local/lib/python3.10/site-packages/airflow/example_dags/example_dynamic_task_mapping_with_no_taskflow_operators.py for tasks to queue
[2025-04-02T15:50:53.812+0200] {logging_mixin.py:190} INFO - [2025-04-02T15:50:53.811+0200] {dagbag.py:588} INFO - Filling up the DagBag from /home/munyah/.local/lib/python3.10/site-packages/airflow/example_dags/example_dynamic_task_mapping_with_no_taskflow_operators.py
[2025-04-02T15:50:53.829+0200] {processor.py:925} INFO - DAG(s) 'example_dynamic_task_mapping_with_no_taskflow_operators' retrieved from /home/munyah/.local/lib/python3.10/site-packages/airflow/example_dags/example_dynamic_task_mapping_with_no_taskflow_operators.py
[2025-04-02T15:50:53.850+0200] {logging_mixin.py:190} INFO - [2025-04-02T15:50:53.850+0200] {dag.py:3239} INFO - Sync 1 DAGs
[2025-04-02T15:50:53.865+0200] {logging_mixin.py:190} INFO - [2025-04-02T15:50:53.865+0200] {dag.py:4180} INFO - Setting next_dagrun for example_dynamic_task_mapping_with_no_taskflow_operators to None, run_after=None
[2025-04-02T15:50:53.887+0200] {processor.py:208} INFO - Processing /home/munyah/.local/lib/python3.10/site-packages/airflow/example_dags/example_dynamic_task_mapping_with_no_taskflow_operators.py took 0.099 seconds
[2025-04-02T15:52:09.098+0200] {processor.py:186} INFO - Started process (PID=16413) to work on /home/munyah/.local/lib/python3.10/site-packages/airflow/example_dags/example_dynamic_task_mapping_with_no_taskflow_operators.py
[2025-04-02T15:52:09.099+0200] {processor.py:914} INFO - Processing file /home/munyah/.local/lib/python3.10/site-packages/airflow/example_dags/example_dynamic_task_mapping_with_no_taskflow_operators.py for tasks to queue
[2025-04-02T15:52:09.104+0200] {logging_mixin.py:190} INFO - [2025-04-02T15:52:09.103+0200] {dagbag.py:588} INFO - Filling up the DagBag from /home/munyah/.local/lib/python3.10/site-packages/airflow/example_dags/example_dynamic_task_mapping_with_no_taskflow_operators.py
[2025-04-02T15:52:09.120+0200] {processor.py:925} INFO - DAG(s) 'example_dynamic_task_mapping_with_no_taskflow_operators' retrieved from /home/munyah/.local/lib/python3.10/site-packages/airflow/example_dags/example_dynamic_task_mapping_with_no_taskflow_operators.py
[2025-04-02T15:52:09.145+0200] {logging_mixin.py:190} INFO - [2025-04-02T15:52:09.145+0200] {dag.py:3239} INFO - Sync 1 DAGs
[2025-04-02T15:52:09.162+0200] {logging_mixin.py:190} INFO - [2025-04-02T15:52:09.162+0200] {dag.py:4180} INFO - Setting next_dagrun for example_dynamic_task_mapping_with_no_taskflow_operators to None, run_after=None
[2025-04-02T15:52:09.184+0200] {processor.py:208} INFO - Processing /home/munyah/.local/lib/python3.10/site-packages/airflow/example_dags/example_dynamic_task_mapping_with_no_taskflow_operators.py took 0.098 seconds
[2025-04-02T15:53:21.334+0200] {processor.py:186} INFO - Started process (PID=17683) to work on /home/munyah/.local/lib/python3.10/site-packages/airflow/example_dags/example_dynamic_task_mapping_with_no_taskflow_operators.py
[2025-04-02T15:53:21.335+0200] {processor.py:914} INFO - Processing file /home/munyah/.local/lib/python3.10/site-packages/airflow/example_dags/example_dynamic_task_mapping_with_no_taskflow_operators.py for tasks to queue
[2025-04-02T15:53:21.338+0200] {logging_mixin.py:190} INFO - [2025-04-02T15:53:21.338+0200] {dagbag.py:588} INFO - Filling up the DagBag from /home/munyah/.local/lib/python3.10/site-packages/airflow/example_dags/example_dynamic_task_mapping_with_no_taskflow_operators.py
[2025-04-02T15:53:21.348+0200] {processor.py:925} INFO - DAG(s) 'example_dynamic_task_mapping_with_no_taskflow_operators' retrieved from /home/munyah/.local/lib/python3.10/site-packages/airflow/example_dags/example_dynamic_task_mapping_with_no_taskflow_operators.py
[2025-04-02T15:53:21.365+0200] {logging_mixin.py:190} INFO - [2025-04-02T15:53:21.365+0200] {dag.py:3239} INFO - Sync 1 DAGs
[2025-04-02T15:53:21.381+0200] {logging_mixin.py:190} INFO - [2025-04-02T15:53:21.381+0200] {dag.py:4180} INFO - Setting next_dagrun for example_dynamic_task_mapping_with_no_taskflow_operators to None, run_after=None
[2025-04-02T15:53:21.404+0200] {processor.py:208} INFO - Processing /home/munyah/.local/lib/python3.10/site-packages/airflow/example_dags/example_dynamic_task_mapping_with_no_taskflow_operators.py took 0.077 seconds
[2025-04-02T15:54:37.552+0200] {processor.py:186} INFO - Started process (PID=18405) to work on /home/munyah/.local/lib/python3.10/site-packages/airflow/example_dags/example_dynamic_task_mapping_with_no_taskflow_operators.py
[2025-04-02T15:54:37.553+0200] {processor.py:914} INFO - Processing file /home/munyah/.local/lib/python3.10/site-packages/airflow/example_dags/example_dynamic_task_mapping_with_no_taskflow_operators.py for tasks to queue
[2025-04-02T15:54:37.556+0200] {logging_mixin.py:190} INFO - [2025-04-02T15:54:37.556+0200] {dagbag.py:588} INFO - Filling up the DagBag from /home/munyah/.local/lib/python3.10/site-packages/airflow/example_dags/example_dynamic_task_mapping_with_no_taskflow_operators.py
[2025-04-02T15:54:37.566+0200] {processor.py:925} INFO - DAG(s) 'example_dynamic_task_mapping_with_no_taskflow_operators' retrieved from /home/munyah/.local/lib/python3.10/site-packages/airflow/example_dags/example_dynamic_task_mapping_with_no_taskflow_operators.py
[2025-04-02T15:54:37.585+0200] {logging_mixin.py:190} INFO - [2025-04-02T15:54:37.585+0200] {dag.py:3239} INFO - Sync 1 DAGs
[2025-04-02T15:54:37.600+0200] {logging_mixin.py:190} INFO - [2025-04-02T15:54:37.599+0200] {dag.py:4180} INFO - Setting next_dagrun for example_dynamic_task_mapping_with_no_taskflow_operators to None, run_after=None
[2025-04-02T15:54:37.625+0200] {processor.py:208} INFO - Processing /home/munyah/.local/lib/python3.10/site-packages/airflow/example_dags/example_dynamic_task_mapping_with_no_taskflow_operators.py took 0.082 seconds
