[2025-04-02T15:49:53.857+0200] {processor.py:186} INFO - Started process (PID=15213) to work on /home/munyah/.local/lib/python3.10/site-packages/airflow/example_dags/example_branch_datetime_operator.py
[2025-04-02T15:49:53.858+0200] {processor.py:914} INFO - Processing file /home/munyah/.local/lib/python3.10/site-packages/airflow/example_dags/example_branch_datetime_operator.py for tasks to queue
[2025-04-02T15:49:53.862+0200] {logging_mixin.py:190} INFO - [2025-04-02T15:49:53.861+0200] {dagbag.py:588} INFO - Filling up the DagBag from /home/munyah/.local/lib/python3.10/site-packages/airflow/example_dags/example_branch_datetime_operator.py
[2025-04-02T15:49:53.880+0200] {processor.py:925} INFO - DAG(s) 'example_branch_datetime_operator_2', 'example_branch_datetime_operator', 'example_branch_datetime_operator_3' retrieved from /home/munyah/.local/lib/python3.10/site-packages/airflow/example_dags/example_branch_datetime_operator.py
[2025-04-02T15:49:53.907+0200] {logging_mixin.py:190} INFO - [2025-04-02T15:49:53.907+0200] {dag.py:3239} INFO - Sync 3 DAGs
[2025-04-02T15:49:53.932+0200] {logging_mixin.py:190} INFO - [2025-04-02T15:49:53.932+0200] {dag.py:4180} INFO - Setting next_dagrun for example_branch_datetime_operator to 2025-04-01 00:00:00+00:00, run_after=2025-04-02 00:00:00+00:00
[2025-04-02T15:49:53.937+0200] {logging_mixin.py:190} INFO - [2025-04-02T15:49:53.937+0200] {dag.py:4180} INFO - Setting next_dagrun for example_branch_datetime_operator_2 to 2025-04-01 00:00:00+00:00, run_after=2025-04-02 00:00:00+00:00
[2025-04-02T15:49:53.941+0200] {logging_mixin.py:190} INFO - [2025-04-02T15:49:53.941+0200] {dag.py:4180} INFO - Setting next_dagrun for example_branch_datetime_operator_3 to 2025-04-01 00:00:00+00:00, run_after=2025-04-02 00:00:00+00:00
[2025-04-02T15:49:53.963+0200] {processor.py:208} INFO - Processing /home/munyah/.local/lib/python3.10/site-packages/airflow/example_dags/example_branch_datetime_operator.py took 0.116 seconds
[2025-04-02T15:51:11.155+0200] {processor.py:186} INFO - Started process (PID=15650) to work on /home/munyah/.local/lib/python3.10/site-packages/airflow/example_dags/example_branch_datetime_operator.py
[2025-04-02T15:51:11.156+0200] {processor.py:914} INFO - Processing file /home/munyah/.local/lib/python3.10/site-packages/airflow/example_dags/example_branch_datetime_operator.py for tasks to queue
[2025-04-02T15:51:11.159+0200] {logging_mixin.py:190} INFO - [2025-04-02T15:51:11.158+0200] {dagbag.py:588} INFO - Filling up the DagBag from /home/munyah/.local/lib/python3.10/site-packages/airflow/example_dags/example_branch_datetime_operator.py
[2025-04-02T15:51:11.176+0200] {processor.py:925} INFO - DAG(s) 'example_branch_datetime_operator_3', 'example_branch_datetime_operator_2', 'example_branch_datetime_operator' retrieved from /home/munyah/.local/lib/python3.10/site-packages/airflow/example_dags/example_branch_datetime_operator.py
[2025-04-02T15:51:11.207+0200] {logging_mixin.py:190} INFO - [2025-04-02T15:51:11.206+0200] {dag.py:3239} INFO - Sync 3 DAGs
[2025-04-02T15:51:11.237+0200] {logging_mixin.py:190} INFO - [2025-04-02T15:51:11.237+0200] {dag.py:4180} INFO - Setting next_dagrun for example_branch_datetime_operator to 2025-04-01 00:00:00+00:00, run_after=2025-04-02 00:00:00+00:00
[2025-04-02T15:51:11.243+0200] {logging_mixin.py:190} INFO - [2025-04-02T15:51:11.243+0200] {dag.py:4180} INFO - Setting next_dagrun for example_branch_datetime_operator_2 to 2025-04-01 00:00:00+00:00, run_after=2025-04-02 00:00:00+00:00
[2025-04-02T15:51:11.249+0200] {logging_mixin.py:190} INFO - [2025-04-02T15:51:11.248+0200] {dag.py:4180} INFO - Setting next_dagrun for example_branch_datetime_operator_3 to 2025-04-01 00:00:00+00:00, run_after=2025-04-02 00:00:00+00:00
[2025-04-02T15:51:11.274+0200] {processor.py:208} INFO - Processing /home/munyah/.local/lib/python3.10/site-packages/airflow/example_dags/example_branch_datetime_operator.py took 0.128 seconds
[2025-04-02T15:52:26.375+0200] {processor.py:186} INFO - Started process (PID=16461) to work on /home/munyah/.local/lib/python3.10/site-packages/airflow/example_dags/example_branch_datetime_operator.py
[2025-04-02T15:52:26.377+0200] {processor.py:914} INFO - Processing file /home/munyah/.local/lib/python3.10/site-packages/airflow/example_dags/example_branch_datetime_operator.py for tasks to queue
[2025-04-02T15:52:26.379+0200] {logging_mixin.py:190} INFO - [2025-04-02T15:52:26.379+0200] {dagbag.py:588} INFO - Filling up the DagBag from /home/munyah/.local/lib/python3.10/site-packages/airflow/example_dags/example_branch_datetime_operator.py
[2025-04-02T15:52:26.396+0200] {processor.py:925} INFO - DAG(s) 'example_branch_datetime_operator', 'example_branch_datetime_operator_2', 'example_branch_datetime_operator_3' retrieved from /home/munyah/.local/lib/python3.10/site-packages/airflow/example_dags/example_branch_datetime_operator.py
[2025-04-02T15:52:26.429+0200] {logging_mixin.py:190} INFO - [2025-04-02T15:52:26.429+0200] {dag.py:3239} INFO - Sync 3 DAGs
[2025-04-02T15:52:26.460+0200] {logging_mixin.py:190} INFO - [2025-04-02T15:52:26.460+0200] {dag.py:4180} INFO - Setting next_dagrun for example_branch_datetime_operator to 2025-04-01 00:00:00+00:00, run_after=2025-04-02 00:00:00+00:00
[2025-04-02T15:52:26.467+0200] {logging_mixin.py:190} INFO - [2025-04-02T15:52:26.467+0200] {dag.py:4180} INFO - Setting next_dagrun for example_branch_datetime_operator_2 to 2025-04-01 00:00:00+00:00, run_after=2025-04-02 00:00:00+00:00
[2025-04-02T15:52:26.471+0200] {logging_mixin.py:190} INFO - [2025-04-02T15:52:26.471+0200] {dag.py:4180} INFO - Setting next_dagrun for example_branch_datetime_operator_3 to 2025-04-01 00:00:00+00:00, run_after=2025-04-02 00:00:00+00:00
[2025-04-02T15:52:26.500+0200] {processor.py:208} INFO - Processing /home/munyah/.local/lib/python3.10/site-packages/airflow/example_dags/example_branch_datetime_operator.py took 0.136 seconds
[2025-04-02T15:53:38.374+0200] {processor.py:186} INFO - Started process (PID=17728) to work on /home/munyah/.local/lib/python3.10/site-packages/airflow/example_dags/example_branch_datetime_operator.py
[2025-04-02T15:53:38.377+0200] {processor.py:914} INFO - Processing file /home/munyah/.local/lib/python3.10/site-packages/airflow/example_dags/example_branch_datetime_operator.py for tasks to queue
[2025-04-02T15:53:38.381+0200] {logging_mixin.py:190} INFO - [2025-04-02T15:53:38.380+0200] {dagbag.py:588} INFO - Filling up the DagBag from /home/munyah/.local/lib/python3.10/site-packages/airflow/example_dags/example_branch_datetime_operator.py
[2025-04-02T15:53:38.409+0200] {processor.py:925} INFO - DAG(s) 'example_branch_datetime_operator_3', 'example_branch_datetime_operator', 'example_branch_datetime_operator_2' retrieved from /home/munyah/.local/lib/python3.10/site-packages/airflow/example_dags/example_branch_datetime_operator.py
[2025-04-02T15:53:38.438+0200] {logging_mixin.py:190} INFO - [2025-04-02T15:53:38.438+0200] {dag.py:3239} INFO - Sync 3 DAGs
[2025-04-02T15:53:38.464+0200] {logging_mixin.py:190} INFO - [2025-04-02T15:53:38.463+0200] {dag.py:4180} INFO - Setting next_dagrun for example_branch_datetime_operator to 2025-04-01 00:00:00+00:00, run_after=2025-04-02 00:00:00+00:00
[2025-04-02T15:53:38.469+0200] {logging_mixin.py:190} INFO - [2025-04-02T15:53:38.469+0200] {dag.py:4180} INFO - Setting next_dagrun for example_branch_datetime_operator_2 to 2025-04-01 00:00:00+00:00, run_after=2025-04-02 00:00:00+00:00
[2025-04-02T15:53:38.471+0200] {logging_mixin.py:190} INFO - [2025-04-02T15:53:38.471+0200] {dag.py:4180} INFO - Setting next_dagrun for example_branch_datetime_operator_3 to 2025-04-01 00:00:00+00:00, run_after=2025-04-02 00:00:00+00:00
[2025-04-02T15:53:38.625+0200] {processor.py:208} INFO - Processing /home/munyah/.local/lib/python3.10/site-packages/airflow/example_dags/example_branch_datetime_operator.py took 0.264 seconds
[2025-04-02T15:54:53.815+0200] {processor.py:186} INFO - Started process (PID=18465) to work on /home/munyah/.local/lib/python3.10/site-packages/airflow/example_dags/example_branch_datetime_operator.py
[2025-04-02T15:54:53.817+0200] {processor.py:914} INFO - Processing file /home/munyah/.local/lib/python3.10/site-packages/airflow/example_dags/example_branch_datetime_operator.py for tasks to queue
[2025-04-02T15:54:53.821+0200] {logging_mixin.py:190} INFO - [2025-04-02T15:54:53.820+0200] {dagbag.py:588} INFO - Filling up the DagBag from /home/munyah/.local/lib/python3.10/site-packages/airflow/example_dags/example_branch_datetime_operator.py
[2025-04-02T15:54:53.839+0200] {processor.py:925} INFO - DAG(s) 'example_branch_datetime_operator', 'example_branch_datetime_operator_2', 'example_branch_datetime_operator_3' retrieved from /home/munyah/.local/lib/python3.10/site-packages/airflow/example_dags/example_branch_datetime_operator.py
[2025-04-02T15:54:53.865+0200] {logging_mixin.py:190} INFO - [2025-04-02T15:54:53.865+0200] {dag.py:3239} INFO - Sync 3 DAGs
[2025-04-02T15:54:53.892+0200] {logging_mixin.py:190} INFO - [2025-04-02T15:54:53.892+0200] {dag.py:4180} INFO - Setting next_dagrun for example_branch_datetime_operator to 2025-04-01 00:00:00+00:00, run_after=2025-04-02 00:00:00+00:00
[2025-04-02T15:54:53.898+0200] {logging_mixin.py:190} INFO - [2025-04-02T15:54:53.898+0200] {dag.py:4180} INFO - Setting next_dagrun for example_branch_datetime_operator_2 to 2025-04-01 00:00:00+00:00, run_after=2025-04-02 00:00:00+00:00
[2025-04-02T15:54:53.901+0200] {logging_mixin.py:190} INFO - [2025-04-02T15:54:53.901+0200] {dag.py:4180} INFO - Setting next_dagrun for example_branch_datetime_operator_3 to 2025-04-01 00:00:00+00:00, run_after=2025-04-02 00:00:00+00:00
[2025-04-02T15:54:54.076+0200] {processor.py:208} INFO - Processing /home/munyah/.local/lib/python3.10/site-packages/airflow/example_dags/example_branch_datetime_operator.py took 0.273 seconds
