[2025-04-02T15:49:17.173+0200] {processor.py:186} INFO - Started process (PID=15096) to work on /home/munyah/.local/lib/python3.10/site-packages/airflow/example_dags/example_short_circuit_operator.py
[2025-04-02T15:49:17.174+0200] {processor.py:914} INFO - Processing file /home/munyah/.local/lib/python3.10/site-packages/airflow/example_dags/example_short_circuit_operator.py for tasks to queue
[2025-04-02T15:49:17.177+0200] {logging_mixin.py:190} INFO - [2025-04-02T15:49:17.176+0200] {dagbag.py:588} INFO - Filling up the DagBag from /home/munyah/.local/lib/python3.10/site-packages/airflow/example_dags/example_short_circuit_operator.py
[2025-04-02T15:49:17.189+0200] {processor.py:925} INFO - DAG(s) 'example_short_circuit_operator' retrieved from /home/munyah/.local/lib/python3.10/site-packages/airflow/example_dags/example_short_circuit_operator.py
[2025-04-02T15:49:17.214+0200] {logging_mixin.py:190} INFO - [2025-04-02T15:49:17.214+0200] {dag.py:3239} INFO - Sync 1 DAGs
[2025-04-02T15:49:17.230+0200] {logging_mixin.py:190} INFO - [2025-04-02T15:49:17.230+0200] {dag.py:4180} INFO - Setting next_dagrun for example_short_circuit_operator to None, run_after=None
[2025-04-02T15:49:17.256+0200] {processor.py:208} INFO - Processing /home/munyah/.local/lib/python3.10/site-packages/airflow/example_dags/example_short_circuit_operator.py took 0.096 seconds
[2025-04-02T15:50:25.106+0200] {processor.py:186} INFO - Started process (PID=15502) to work on /home/munyah/.local/lib/python3.10/site-packages/airflow/example_dags/example_short_circuit_operator.py
[2025-04-02T15:50:25.108+0200] {processor.py:914} INFO - Processing file /home/munyah/.local/lib/python3.10/site-packages/airflow/example_dags/example_short_circuit_operator.py for tasks to queue
[2025-04-02T15:50:25.113+0200] {logging_mixin.py:190} INFO - [2025-04-02T15:50:25.112+0200] {dagbag.py:588} INFO - Filling up the DagBag from /home/munyah/.local/lib/python3.10/site-packages/airflow/example_dags/example_short_circuit_operator.py
[2025-04-02T15:50:25.136+0200] {processor.py:925} INFO - DAG(s) 'example_short_circuit_operator' retrieved from /home/munyah/.local/lib/python3.10/site-packages/airflow/example_dags/example_short_circuit_operator.py
[2025-04-02T15:50:25.161+0200] {logging_mixin.py:190} INFO - [2025-04-02T15:50:25.160+0200] {dag.py:3239} INFO - Sync 1 DAGs
[2025-04-02T15:50:25.176+0200] {logging_mixin.py:190} INFO - [2025-04-02T15:50:25.176+0200] {dag.py:4180} INFO - Setting next_dagrun for example_short_circuit_operator to None, run_after=None
[2025-04-02T15:50:25.201+0200] {processor.py:208} INFO - Processing /home/munyah/.local/lib/python3.10/site-packages/airflow/example_dags/example_short_circuit_operator.py took 0.110 seconds
[2025-04-02T15:51:41.626+0200] {processor.py:186} INFO - Started process (PID=15771) to work on /home/munyah/.local/lib/python3.10/site-packages/airflow/example_dags/example_short_circuit_operator.py
[2025-04-02T15:51:41.628+0200] {processor.py:914} INFO - Processing file /home/munyah/.local/lib/python3.10/site-packages/airflow/example_dags/example_short_circuit_operator.py for tasks to queue
[2025-04-02T15:51:41.631+0200] {logging_mixin.py:190} INFO - [2025-04-02T15:51:41.631+0200] {dagbag.py:588} INFO - Filling up the DagBag from /home/munyah/.local/lib/python3.10/site-packages/airflow/example_dags/example_short_circuit_operator.py
[2025-04-02T15:51:41.645+0200] {processor.py:925} INFO - DAG(s) 'example_short_circuit_operator' retrieved from /home/munyah/.local/lib/python3.10/site-packages/airflow/example_dags/example_short_circuit_operator.py
[2025-04-02T15:51:41.667+0200] {logging_mixin.py:190} INFO - [2025-04-02T15:51:41.667+0200] {dag.py:3239} INFO - Sync 1 DAGs
[2025-04-02T15:51:41.682+0200] {logging_mixin.py:190} INFO - [2025-04-02T15:51:41.682+0200] {dag.py:4180} INFO - Setting next_dagrun for example_short_circuit_operator to None, run_after=None
[2025-04-02T15:51:41.708+0200] {processor.py:208} INFO - Processing /home/munyah/.local/lib/python3.10/site-packages/airflow/example_dags/example_short_circuit_operator.py took 0.096 seconds
[2025-04-02T15:52:56.164+0200] {processor.py:186} INFO - Started process (PID=16607) to work on /home/munyah/.local/lib/python3.10/site-packages/airflow/example_dags/example_short_circuit_operator.py
[2025-04-02T15:52:56.166+0200] {processor.py:914} INFO - Processing file /home/munyah/.local/lib/python3.10/site-packages/airflow/example_dags/example_short_circuit_operator.py for tasks to queue
[2025-04-02T15:52:56.170+0200] {logging_mixin.py:190} INFO - [2025-04-02T15:52:56.169+0200] {dagbag.py:588} INFO - Filling up the DagBag from /home/munyah/.local/lib/python3.10/site-packages/airflow/example_dags/example_short_circuit_operator.py
[2025-04-02T15:52:56.180+0200] {processor.py:925} INFO - DAG(s) 'example_short_circuit_operator' retrieved from /home/munyah/.local/lib/python3.10/site-packages/airflow/example_dags/example_short_circuit_operator.py
[2025-04-02T15:52:56.204+0200] {logging_mixin.py:190} INFO - [2025-04-02T15:52:56.204+0200] {dag.py:3239} INFO - Sync 1 DAGs
[2025-04-02T15:52:56.219+0200] {logging_mixin.py:190} INFO - [2025-04-02T15:52:56.219+0200] {dag.py:4180} INFO - Setting next_dagrun for example_short_circuit_operator to None, run_after=None
[2025-04-02T15:52:56.381+0200] {processor.py:208} INFO - Processing /home/munyah/.local/lib/python3.10/site-packages/airflow/example_dags/example_short_circuit_operator.py took 0.227 seconds
[2025-04-02T15:54:10.547+0200] {processor.py:186} INFO - Started process (PID=18333) to work on /home/munyah/.local/lib/python3.10/site-packages/airflow/example_dags/example_short_circuit_operator.py
[2025-04-02T15:54:10.549+0200] {processor.py:914} INFO - Processing file /home/munyah/.local/lib/python3.10/site-packages/airflow/example_dags/example_short_circuit_operator.py for tasks to queue
[2025-04-02T15:54:10.552+0200] {logging_mixin.py:190} INFO - [2025-04-02T15:54:10.551+0200] {dagbag.py:588} INFO - Filling up the DagBag from /home/munyah/.local/lib/python3.10/site-packages/airflow/example_dags/example_short_circuit_operator.py
[2025-04-02T15:54:10.564+0200] {processor.py:925} INFO - DAG(s) 'example_short_circuit_operator' retrieved from /home/munyah/.local/lib/python3.10/site-packages/airflow/example_dags/example_short_circuit_operator.py
[2025-04-02T15:54:10.587+0200] {logging_mixin.py:190} INFO - [2025-04-02T15:54:10.587+0200] {dag.py:3239} INFO - Sync 1 DAGs
[2025-04-02T15:54:10.740+0200] {logging_mixin.py:190} INFO - [2025-04-02T15:54:10.739+0200] {dag.py:4180} INFO - Setting next_dagrun for example_short_circuit_operator to None, run_after=None
[2025-04-02T15:54:10.770+0200] {processor.py:208} INFO - Processing /home/munyah/.local/lib/python3.10/site-packages/airflow/example_dags/example_short_circuit_operator.py took 0.233 seconds
