[2025-04-02T15:49:38.196+0200] {processor.py:186} INFO - Started process (PID=15176) to work on /home/munyah/.local/lib/python3.10/site-packages/airflow/example_dags/example_kubernetes_executor.py
[2025-04-02T15:49:38.197+0200] {processor.py:914} INFO - Processing file /home/munyah/.local/lib/python3.10/site-packages/airflow/example_dags/example_kubernetes_executor.py for tasks to queue
[2025-04-02T15:49:38.201+0200] {logging_mixin.py:190} INFO - [2025-04-02T15:49:38.200+0200] {dagbag.py:588} INFO - Filling up the DagBag from /home/munyah/.local/lib/python3.10/site-packages/airflow/example_dags/example_kubernetes_executor.py
[2025-04-02T15:49:38.207+0200] {logging_mixin.py:190} INFO - [2025-04-02T15:49:38.206+0200] {example_kubernetes_executor.py:39} WARNING - The example_kubernetes_executor example DAG requires the kubernetes provider. Please install it with: pip install apache-airflow[cncf.kubernetes]
[2025-04-02T15:49:38.207+0200] {processor.py:927} WARNING - No viable dags retrieved from /home/munyah/.local/lib/python3.10/site-packages/airflow/example_dags/example_kubernetes_executor.py
[2025-04-02T15:49:38.222+0200] {processor.py:208} INFO - Processing /home/munyah/.local/lib/python3.10/site-packages/airflow/example_dags/example_kubernetes_executor.py took 0.036 seconds
[2025-04-02T15:50:56.525+0200] {processor.py:186} INFO - Started process (PID=15609) to work on /home/munyah/.local/lib/python3.10/site-packages/airflow/example_dags/example_kubernetes_executor.py
[2025-04-02T15:50:56.526+0200] {processor.py:914} INFO - Processing file /home/munyah/.local/lib/python3.10/site-packages/airflow/example_dags/example_kubernetes_executor.py for tasks to queue
[2025-04-02T15:50:56.529+0200] {logging_mixin.py:190} INFO - [2025-04-02T15:50:56.528+0200] {dagbag.py:588} INFO - Filling up the DagBag from /home/munyah/.local/lib/python3.10/site-packages/airflow/example_dags/example_kubernetes_executor.py
[2025-04-02T15:50:56.532+0200] {logging_mixin.py:190} INFO - [2025-04-02T15:50:56.532+0200] {example_kubernetes_executor.py:39} WARNING - The example_kubernetes_executor example DAG requires the kubernetes provider. Please install it with: pip install apache-airflow[cncf.kubernetes]
[2025-04-02T15:50:56.533+0200] {processor.py:927} WARNING - No viable dags retrieved from /home/munyah/.local/lib/python3.10/site-packages/airflow/example_dags/example_kubernetes_executor.py
[2025-04-02T15:50:56.543+0200] {processor.py:208} INFO - Processing /home/munyah/.local/lib/python3.10/site-packages/airflow/example_dags/example_kubernetes_executor.py took 0.027 seconds
[2025-04-02T15:52:11.855+0200] {processor.py:186} INFO - Started process (PID=16419) to work on /home/munyah/.local/lib/python3.10/site-packages/airflow/example_dags/example_kubernetes_executor.py
[2025-04-02T15:52:11.856+0200] {processor.py:914} INFO - Processing file /home/munyah/.local/lib/python3.10/site-packages/airflow/example_dags/example_kubernetes_executor.py for tasks to queue
[2025-04-02T15:52:11.859+0200] {logging_mixin.py:190} INFO - [2025-04-02T15:52:11.859+0200] {dagbag.py:588} INFO - Filling up the DagBag from /home/munyah/.local/lib/python3.10/site-packages/airflow/example_dags/example_kubernetes_executor.py
[2025-04-02T15:52:11.863+0200] {logging_mixin.py:190} INFO - [2025-04-02T15:52:11.863+0200] {example_kubernetes_executor.py:39} WARNING - The example_kubernetes_executor example DAG requires the kubernetes provider. Please install it with: pip install apache-airflow[cncf.kubernetes]
[2025-04-02T15:52:11.864+0200] {processor.py:927} WARNING - No viable dags retrieved from /home/munyah/.local/lib/python3.10/site-packages/airflow/example_dags/example_kubernetes_executor.py
[2025-04-02T15:52:11.877+0200] {processor.py:208} INFO - Processing /home/munyah/.local/lib/python3.10/site-packages/airflow/example_dags/example_kubernetes_executor.py took 0.031 seconds
[2025-04-02T15:53:23.195+0200] {processor.py:186} INFO - Started process (PID=17689) to work on /home/munyah/.local/lib/python3.10/site-packages/airflow/example_dags/example_kubernetes_executor.py
[2025-04-02T15:53:23.197+0200] {processor.py:914} INFO - Processing file /home/munyah/.local/lib/python3.10/site-packages/airflow/example_dags/example_kubernetes_executor.py for tasks to queue
[2025-04-02T15:53:23.200+0200] {logging_mixin.py:190} INFO - [2025-04-02T15:53:23.199+0200] {dagbag.py:588} INFO - Filling up the DagBag from /home/munyah/.local/lib/python3.10/site-packages/airflow/example_dags/example_kubernetes_executor.py
[2025-04-02T15:53:23.204+0200] {logging_mixin.py:190} INFO - [2025-04-02T15:53:23.204+0200] {example_kubernetes_executor.py:39} WARNING - The example_kubernetes_executor example DAG requires the kubernetes provider. Please install it with: pip install apache-airflow[cncf.kubernetes]
[2025-04-02T15:53:23.204+0200] {processor.py:927} WARNING - No viable dags retrieved from /home/munyah/.local/lib/python3.10/site-packages/airflow/example_dags/example_kubernetes_executor.py
[2025-04-02T15:53:23.217+0200] {processor.py:208} INFO - Processing /home/munyah/.local/lib/python3.10/site-packages/airflow/example_dags/example_kubernetes_executor.py took 0.033 seconds
[2025-04-02T15:54:39.232+0200] {processor.py:186} INFO - Started process (PID=18410) to work on /home/munyah/.local/lib/python3.10/site-packages/airflow/example_dags/example_kubernetes_executor.py
[2025-04-02T15:54:39.234+0200] {processor.py:914} INFO - Processing file /home/munyah/.local/lib/python3.10/site-packages/airflow/example_dags/example_kubernetes_executor.py for tasks to queue
[2025-04-02T15:54:39.238+0200] {logging_mixin.py:190} INFO - [2025-04-02T15:54:39.237+0200] {dagbag.py:588} INFO - Filling up the DagBag from /home/munyah/.local/lib/python3.10/site-packages/airflow/example_dags/example_kubernetes_executor.py
[2025-04-02T15:54:39.243+0200] {logging_mixin.py:190} INFO - [2025-04-02T15:54:39.242+0200] {example_kubernetes_executor.py:39} WARNING - The example_kubernetes_executor example DAG requires the kubernetes provider. Please install it with: pip install apache-airflow[cncf.kubernetes]
[2025-04-02T15:54:39.243+0200] {processor.py:927} WARNING - No viable dags retrieved from /home/munyah/.local/lib/python3.10/site-packages/airflow/example_dags/example_kubernetes_executor.py
[2025-04-02T15:54:39.261+0200] {processor.py:208} INFO - Processing /home/munyah/.local/lib/python3.10/site-packages/airflow/example_dags/example_kubernetes_executor.py took 0.038 seconds
