[2025-04-02T15:49:47.231+0200] {processor.py:186} INFO - Started process (PID=15196) to work on /home/munyah/.local/lib/python3.10/site-packages/airflow/example_dags/example_branch_python_dop_operator_3.py
[2025-04-02T15:49:47.233+0200] {processor.py:914} INFO - Processing file /home/munyah/.local/lib/python3.10/site-packages/airflow/example_dags/example_branch_python_dop_operator_3.py for tasks to queue
[2025-04-02T15:49:47.236+0200] {logging_mixin.py:190} INFO - [2025-04-02T15:49:47.235+0200] {dagbag.py:588} INFO - Filling up the DagBag from /home/munyah/.local/lib/python3.10/site-packages/airflow/example_dags/example_branch_python_dop_operator_3.py
[2025-04-02T15:49:47.250+0200] {processor.py:925} INFO - DAG(s) 'example_branch_dop_operator_v3' retrieved from /home/munyah/.local/lib/python3.10/site-packages/airflow/example_dags/example_branch_python_dop_operator_3.py
[2025-04-02T15:49:47.269+0200] {logging_mixin.py:190} INFO - [2025-04-02T15:49:47.269+0200] {dag.py:3239} INFO - Sync 1 DAGs
[2025-04-02T15:49:47.298+0200] {logging_mixin.py:190} INFO - [2025-04-02T15:49:47.297+0200] {dag.py:4180} INFO - Setting next_dagrun for example_branch_dop_operator_v3 to 2025-04-02 13:48:00+00:00, run_after=2025-04-02 13:49:00+00:00
[2025-04-02T15:49:47.319+0200] {processor.py:208} INFO - Processing /home/munyah/.local/lib/python3.10/site-packages/airflow/example_dags/example_branch_python_dop_operator_3.py took 0.096 seconds
[2025-04-02T15:51:04.515+0200] {processor.py:186} INFO - Started process (PID=15629) to work on /home/munyah/.local/lib/python3.10/site-packages/airflow/example_dags/example_branch_python_dop_operator_3.py
[2025-04-02T15:51:04.516+0200] {processor.py:914} INFO - Processing file /home/munyah/.local/lib/python3.10/site-packages/airflow/example_dags/example_branch_python_dop_operator_3.py for tasks to queue
[2025-04-02T15:51:04.519+0200] {logging_mixin.py:190} INFO - [2025-04-02T15:51:04.519+0200] {dagbag.py:588} INFO - Filling up the DagBag from /home/munyah/.local/lib/python3.10/site-packages/airflow/example_dags/example_branch_python_dop_operator_3.py
[2025-04-02T15:51:04.533+0200] {processor.py:925} INFO - DAG(s) 'example_branch_dop_operator_v3' retrieved from /home/munyah/.local/lib/python3.10/site-packages/airflow/example_dags/example_branch_python_dop_operator_3.py
[2025-04-02T15:51:04.559+0200] {logging_mixin.py:190} INFO - [2025-04-02T15:51:04.559+0200] {dag.py:3239} INFO - Sync 1 DAGs
[2025-04-02T15:51:04.599+0200] {logging_mixin.py:190} INFO - [2025-04-02T15:51:04.599+0200] {dag.py:4180} INFO - Setting next_dagrun for example_branch_dop_operator_v3 to 2025-04-02 13:50:00+00:00, run_after=2025-04-02 13:51:00+00:00
[2025-04-02T15:51:04.638+0200] {processor.py:208} INFO - Processing /home/munyah/.local/lib/python3.10/site-packages/airflow/example_dags/example_branch_python_dop_operator_3.py took 0.133 seconds
[2025-04-02T15:52:19.820+0200] {processor.py:186} INFO - Started process (PID=16437) to work on /home/munyah/.local/lib/python3.10/site-packages/airflow/example_dags/example_branch_python_dop_operator_3.py
[2025-04-02T15:52:19.822+0200] {processor.py:914} INFO - Processing file /home/munyah/.local/lib/python3.10/site-packages/airflow/example_dags/example_branch_python_dop_operator_3.py for tasks to queue
[2025-04-02T15:52:19.826+0200] {logging_mixin.py:190} INFO - [2025-04-02T15:52:19.826+0200] {dagbag.py:588} INFO - Filling up the DagBag from /home/munyah/.local/lib/python3.10/site-packages/airflow/example_dags/example_branch_python_dop_operator_3.py
[2025-04-02T15:52:19.850+0200] {processor.py:925} INFO - DAG(s) 'example_branch_dop_operator_v3' retrieved from /home/munyah/.local/lib/python3.10/site-packages/airflow/example_dags/example_branch_python_dop_operator_3.py
[2025-04-02T15:52:19.878+0200] {logging_mixin.py:190} INFO - [2025-04-02T15:52:19.877+0200] {dag.py:3239} INFO - Sync 1 DAGs
[2025-04-02T15:52:19.925+0200] {logging_mixin.py:190} INFO - [2025-04-02T15:52:19.925+0200] {dag.py:4180} INFO - Setting next_dagrun for example_branch_dop_operator_v3 to 2025-04-02 13:51:00+00:00, run_after=2025-04-02 13:52:00+00:00
[2025-04-02T15:52:19.955+0200] {processor.py:208} INFO - Processing /home/munyah/.local/lib/python3.10/site-packages/airflow/example_dags/example_branch_python_dop_operator_3.py took 0.148 seconds
[2025-04-02T15:53:31.907+0200] {processor.py:186} INFO - Started process (PID=17711) to work on /home/munyah/.local/lib/python3.10/site-packages/airflow/example_dags/example_branch_python_dop_operator_3.py
[2025-04-02T15:53:31.908+0200] {processor.py:914} INFO - Processing file /home/munyah/.local/lib/python3.10/site-packages/airflow/example_dags/example_branch_python_dop_operator_3.py for tasks to queue
[2025-04-02T15:53:31.911+0200] {logging_mixin.py:190} INFO - [2025-04-02T15:53:31.911+0200] {dagbag.py:588} INFO - Filling up the DagBag from /home/munyah/.local/lib/python3.10/site-packages/airflow/example_dags/example_branch_python_dop_operator_3.py
[2025-04-02T15:53:31.926+0200] {processor.py:925} INFO - DAG(s) 'example_branch_dop_operator_v3' retrieved from /home/munyah/.local/lib/python3.10/site-packages/airflow/example_dags/example_branch_python_dop_operator_3.py
[2025-04-02T15:53:31.945+0200] {logging_mixin.py:190} INFO - [2025-04-02T15:53:31.944+0200] {dag.py:3239} INFO - Sync 1 DAGs
[2025-04-02T15:53:31.974+0200] {logging_mixin.py:190} INFO - [2025-04-02T15:53:31.974+0200] {dag.py:4180} INFO - Setting next_dagrun for example_branch_dop_operator_v3 to 2025-04-02 13:52:00+00:00, run_after=2025-04-02 13:53:00+00:00
[2025-04-02T15:53:31.995+0200] {processor.py:208} INFO - Processing /home/munyah/.local/lib/python3.10/site-packages/airflow/example_dags/example_branch_python_dop_operator_3.py took 0.099 seconds
[2025-04-02T15:54:47.193+0200] {processor.py:186} INFO - Started process (PID=18437) to work on /home/munyah/.local/lib/python3.10/site-packages/airflow/example_dags/example_branch_python_dop_operator_3.py
[2025-04-02T15:54:47.194+0200] {processor.py:914} INFO - Processing file /home/munyah/.local/lib/python3.10/site-packages/airflow/example_dags/example_branch_python_dop_operator_3.py for tasks to queue
[2025-04-02T15:54:47.198+0200] {logging_mixin.py:190} INFO - [2025-04-02T15:54:47.197+0200] {dagbag.py:588} INFO - Filling up the DagBag from /home/munyah/.local/lib/python3.10/site-packages/airflow/example_dags/example_branch_python_dop_operator_3.py
[2025-04-02T15:54:47.220+0200] {processor.py:925} INFO - DAG(s) 'example_branch_dop_operator_v3' retrieved from /home/munyah/.local/lib/python3.10/site-packages/airflow/example_dags/example_branch_python_dop_operator_3.py
[2025-04-02T15:54:47.242+0200] {logging_mixin.py:190} INFO - [2025-04-02T15:54:47.242+0200] {dag.py:3239} INFO - Sync 1 DAGs
[2025-04-02T15:54:47.271+0200] {logging_mixin.py:190} INFO - [2025-04-02T15:54:47.271+0200] {dag.py:4180} INFO - Setting next_dagrun for example_branch_dop_operator_v3 to 2025-04-02 13:53:00+00:00, run_after=2025-04-02 13:54:00+00:00
[2025-04-02T15:54:47.293+0200] {processor.py:208} INFO - Processing /home/munyah/.local/lib/python3.10/site-packages/airflow/example_dags/example_branch_python_dop_operator_3.py took 0.111 seconds
