[2025-04-02T15:49:33.976+0200] {processor.py:186} INFO - Started process (PID=15162) to work on /home/munyah/.local/lib/python3.10/site-packages/airflow/example_dags/example_inlet_event_extra.py
[2025-04-02T15:49:33.977+0200] {processor.py:914} INFO - Processing file /home/munyah/.local/lib/python3.10/site-packages/airflow/example_dags/example_inlet_event_extra.py for tasks to queue
[2025-04-02T15:49:33.981+0200] {logging_mixin.py:190} INFO - [2025-04-02T15:49:33.981+0200] {dagbag.py:588} INFO - Filling up the DagBag from /home/munyah/.local/lib/python3.10/site-packages/airflow/example_dags/example_inlet_event_extra.py
[2025-04-02T15:49:34.003+0200] {processor.py:925} INFO - DAG(s) 'read_dataset_event_from_classic', 'read_dataset_event' retrieved from /home/munyah/.local/lib/python3.10/site-packages/airflow/example_dags/example_inlet_event_extra.py
[2025-04-02T15:49:34.032+0200] {logging_mixin.py:190} INFO - [2025-04-02T15:49:34.031+0200] {dag.py:3239} INFO - Sync 2 DAGs
[2025-04-02T15:49:34.068+0200] {logging_mixin.py:190} INFO - [2025-04-02T15:49:34.067+0200] {dag.py:4180} INFO - Setting next_dagrun for read_dataset_event to 2025-04-01 00:00:00+00:00, run_after=2025-04-02 00:00:00+00:00
[2025-04-02T15:49:34.075+0200] {logging_mixin.py:190} INFO - [2025-04-02T15:49:34.075+0200] {dag.py:4180} INFO - Setting next_dagrun for read_dataset_event_from_classic to 2025-04-01 00:00:00+00:00, run_after=2025-04-02 00:00:00+00:00
[2025-04-02T15:49:34.104+0200] {processor.py:208} INFO - Processing /home/munyah/.local/lib/python3.10/site-packages/airflow/example_dags/example_inlet_event_extra.py took 0.137 seconds
[2025-04-02T15:50:52.060+0200] {processor.py:186} INFO - Started process (PID=15600) to work on /home/munyah/.local/lib/python3.10/site-packages/airflow/example_dags/example_inlet_event_extra.py
[2025-04-02T15:50:52.061+0200] {processor.py:914} INFO - Processing file /home/munyah/.local/lib/python3.10/site-packages/airflow/example_dags/example_inlet_event_extra.py for tasks to queue
[2025-04-02T15:50:52.065+0200] {logging_mixin.py:190} INFO - [2025-04-02T15:50:52.064+0200] {dagbag.py:588} INFO - Filling up the DagBag from /home/munyah/.local/lib/python3.10/site-packages/airflow/example_dags/example_inlet_event_extra.py
[2025-04-02T15:50:52.083+0200] {processor.py:925} INFO - DAG(s) 'read_dataset_event', 'read_dataset_event_from_classic' retrieved from /home/munyah/.local/lib/python3.10/site-packages/airflow/example_dags/example_inlet_event_extra.py
[2025-04-02T15:50:52.104+0200] {logging_mixin.py:190} INFO - [2025-04-02T15:50:52.103+0200] {dag.py:3239} INFO - Sync 2 DAGs
[2025-04-02T15:50:52.133+0200] {logging_mixin.py:190} INFO - [2025-04-02T15:50:52.132+0200] {dag.py:4180} INFO - Setting next_dagrun for read_dataset_event to 2025-04-01 00:00:00+00:00, run_after=2025-04-02 00:00:00+00:00
[2025-04-02T15:50:52.139+0200] {logging_mixin.py:190} INFO - [2025-04-02T15:50:52.139+0200] {dag.py:4180} INFO - Setting next_dagrun for read_dataset_event_from_classic to 2025-04-01 00:00:00+00:00, run_after=2025-04-02 00:00:00+00:00
[2025-04-02T15:50:52.166+0200] {processor.py:208} INFO - Processing /home/munyah/.local/lib/python3.10/site-packages/airflow/example_dags/example_inlet_event_extra.py took 0.118 seconds
[2025-04-02T15:52:06.773+0200] {processor.py:186} INFO - Started process (PID=16408) to work on /home/munyah/.local/lib/python3.10/site-packages/airflow/example_dags/example_inlet_event_extra.py
[2025-04-02T15:52:06.779+0200] {processor.py:914} INFO - Processing file /home/munyah/.local/lib/python3.10/site-packages/airflow/example_dags/example_inlet_event_extra.py for tasks to queue
[2025-04-02T15:52:06.789+0200] {logging_mixin.py:190} INFO - [2025-04-02T15:52:06.787+0200] {dagbag.py:588} INFO - Filling up the DagBag from /home/munyah/.local/lib/python3.10/site-packages/airflow/example_dags/example_inlet_event_extra.py
[2025-04-02T15:52:06.822+0200] {processor.py:925} INFO - DAG(s) 'read_dataset_event_from_classic', 'read_dataset_event' retrieved from /home/munyah/.local/lib/python3.10/site-packages/airflow/example_dags/example_inlet_event_extra.py
[2025-04-02T15:52:06.845+0200] {logging_mixin.py:190} INFO - [2025-04-02T15:52:06.845+0200] {dag.py:3239} INFO - Sync 2 DAGs
[2025-04-02T15:52:06.871+0200] {logging_mixin.py:190} INFO - [2025-04-02T15:52:06.870+0200] {dag.py:4180} INFO - Setting next_dagrun for read_dataset_event to 2025-04-01 00:00:00+00:00, run_after=2025-04-02 00:00:00+00:00
[2025-04-02T15:52:06.876+0200] {logging_mixin.py:190} INFO - [2025-04-02T15:52:06.876+0200] {dag.py:4180} INFO - Setting next_dagrun for read_dataset_event_from_classic to 2025-04-01 00:00:00+00:00, run_after=2025-04-02 00:00:00+00:00
[2025-04-02T15:52:06.898+0200] {processor.py:208} INFO - Processing /home/munyah/.local/lib/python3.10/site-packages/airflow/example_dags/example_inlet_event_extra.py took 0.160 seconds
[2025-04-02T15:53:19.793+0200] {processor.py:186} INFO - Started process (PID=17676) to work on /home/munyah/.local/lib/python3.10/site-packages/airflow/example_dags/example_inlet_event_extra.py
[2025-04-02T15:53:19.795+0200] {processor.py:914} INFO - Processing file /home/munyah/.local/lib/python3.10/site-packages/airflow/example_dags/example_inlet_event_extra.py for tasks to queue
[2025-04-02T15:53:19.797+0200] {logging_mixin.py:190} INFO - [2025-04-02T15:53:19.797+0200] {dagbag.py:588} INFO - Filling up the DagBag from /home/munyah/.local/lib/python3.10/site-packages/airflow/example_dags/example_inlet_event_extra.py
[2025-04-02T15:53:19.815+0200] {processor.py:925} INFO - DAG(s) 'read_dataset_event', 'read_dataset_event_from_classic' retrieved from /home/munyah/.local/lib/python3.10/site-packages/airflow/example_dags/example_inlet_event_extra.py
[2025-04-02T15:53:19.835+0200] {logging_mixin.py:190} INFO - [2025-04-02T15:53:19.835+0200] {dag.py:3239} INFO - Sync 2 DAGs
[2025-04-02T15:53:19.861+0200] {logging_mixin.py:190} INFO - [2025-04-02T15:53:19.860+0200] {dag.py:4180} INFO - Setting next_dagrun for read_dataset_event to 2025-04-01 00:00:00+00:00, run_after=2025-04-02 00:00:00+00:00
[2025-04-02T15:53:19.866+0200] {logging_mixin.py:190} INFO - [2025-04-02T15:53:19.866+0200] {dag.py:4180} INFO - Setting next_dagrun for read_dataset_event_from_classic to 2025-04-01 00:00:00+00:00, run_after=2025-04-02 00:00:00+00:00
[2025-04-02T15:53:19.888+0200] {processor.py:208} INFO - Processing /home/munyah/.local/lib/python3.10/site-packages/airflow/example_dags/example_inlet_event_extra.py took 0.103 seconds
[2025-04-02T15:54:35.024+0200] {processor.py:186} INFO - Started process (PID=18400) to work on /home/munyah/.local/lib/python3.10/site-packages/airflow/example_dags/example_inlet_event_extra.py
[2025-04-02T15:54:35.026+0200] {processor.py:914} INFO - Processing file /home/munyah/.local/lib/python3.10/site-packages/airflow/example_dags/example_inlet_event_extra.py for tasks to queue
[2025-04-02T15:54:35.028+0200] {logging_mixin.py:190} INFO - [2025-04-02T15:54:35.028+0200] {dagbag.py:588} INFO - Filling up the DagBag from /home/munyah/.local/lib/python3.10/site-packages/airflow/example_dags/example_inlet_event_extra.py
[2025-04-02T15:54:35.046+0200] {processor.py:925} INFO - DAG(s) 'read_dataset_event', 'read_dataset_event_from_classic' retrieved from /home/munyah/.local/lib/python3.10/site-packages/airflow/example_dags/example_inlet_event_extra.py
[2025-04-02T15:54:35.069+0200] {logging_mixin.py:190} INFO - [2025-04-02T15:54:35.069+0200] {dag.py:3239} INFO - Sync 2 DAGs
[2025-04-02T15:54:35.100+0200] {logging_mixin.py:190} INFO - [2025-04-02T15:54:35.099+0200] {dag.py:4180} INFO - Setting next_dagrun for read_dataset_event to 2025-04-01 00:00:00+00:00, run_after=2025-04-02 00:00:00+00:00
[2025-04-02T15:54:35.107+0200] {logging_mixin.py:190} INFO - [2025-04-02T15:54:35.107+0200] {dag.py:4180} INFO - Setting next_dagrun for read_dataset_event_from_classic to 2025-04-01 00:00:00+00:00, run_after=2025-04-02 00:00:00+00:00
[2025-04-02T15:54:35.129+0200] {processor.py:208} INFO - Processing /home/munyah/.local/lib/python3.10/site-packages/airflow/example_dags/example_inlet_event_extra.py took 0.114 seconds
