[2025-04-02T15:49:18.327+0200] {processor.py:186} INFO - Started process (PID=15114) to work on /home/munyah/.local/lib/python3.10/site-packages/airflow/example_dags/example_python_operator.py
[2025-04-02T15:49:18.328+0200] {processor.py:914} INFO - Processing file /home/munyah/.local/lib/python3.10/site-packages/airflow/example_dags/example_python_operator.py for tasks to queue
[2025-04-02T15:49:18.332+0200] {logging_mixin.py:190} INFO - [2025-04-02T15:49:18.331+0200] {dagbag.py:588} INFO - Filling up the DagBag from /home/munyah/.local/lib/python3.10/site-packages/airflow/example_dags/example_python_operator.py
[2025-04-02T15:49:18.344+0200] {logging_mixin.py:190} INFO - [2025-04-02T15:49:18.344+0200] {example_python_operator.py:93} WARNING - The virtalenv_python example task requires virtualenv, please install it.
[2025-04-02T15:49:18.348+0200] {processor.py:925} INFO - DAG(s) 'example_python_operator' retrieved from /home/munyah/.local/lib/python3.10/site-packages/airflow/example_dags/example_python_operator.py
[2025-04-02T15:49:18.380+0200] {logging_mixin.py:190} INFO - [2025-04-02T15:49:18.380+0200] {dag.py:3239} INFO - Sync 1 DAGs
[2025-04-02T15:49:18.403+0200] {logging_mixin.py:190} INFO - [2025-04-02T15:49:18.403+0200] {dag.py:4180} INFO - Setting next_dagrun for example_python_operator to None, run_after=None
[2025-04-02T15:49:18.432+0200] {processor.py:208} INFO - Processing /home/munyah/.local/lib/python3.10/site-packages/airflow/example_dags/example_python_operator.py took 0.115 seconds
[2025-04-02T15:50:26.455+0200] {processor.py:186} INFO - Started process (PID=15505) to work on /home/munyah/.local/lib/python3.10/site-packages/airflow/example_dags/example_python_operator.py
[2025-04-02T15:50:26.457+0200] {processor.py:914} INFO - Processing file /home/munyah/.local/lib/python3.10/site-packages/airflow/example_dags/example_python_operator.py for tasks to queue
[2025-04-02T15:50:26.463+0200] {logging_mixin.py:190} INFO - [2025-04-02T15:50:26.462+0200] {dagbag.py:588} INFO - Filling up the DagBag from /home/munyah/.local/lib/python3.10/site-packages/airflow/example_dags/example_python_operator.py
[2025-04-02T15:50:26.483+0200] {logging_mixin.py:190} INFO - [2025-04-02T15:50:26.482+0200] {example_python_operator.py:93} WARNING - The virtalenv_python example task requires virtualenv, please install it.
[2025-04-02T15:50:26.489+0200] {processor.py:925} INFO - DAG(s) 'example_python_operator' retrieved from /home/munyah/.local/lib/python3.10/site-packages/airflow/example_dags/example_python_operator.py
[2025-04-02T15:50:26.520+0200] {logging_mixin.py:190} INFO - [2025-04-02T15:50:26.520+0200] {dag.py:3239} INFO - Sync 1 DAGs
[2025-04-02T15:50:26.535+0200] {logging_mixin.py:190} INFO - [2025-04-02T15:50:26.535+0200] {dag.py:4180} INFO - Setting next_dagrun for example_python_operator to None, run_after=None
[2025-04-02T15:50:26.557+0200] {processor.py:208} INFO - Processing /home/munyah/.local/lib/python3.10/site-packages/airflow/example_dags/example_python_operator.py took 0.118 seconds
[2025-04-02T15:51:42.520+0200] {processor.py:186} INFO - Started process (PID=15775) to work on /home/munyah/.local/lib/python3.10/site-packages/airflow/example_dags/example_python_operator.py
[2025-04-02T15:51:42.523+0200] {processor.py:914} INFO - Processing file /home/munyah/.local/lib/python3.10/site-packages/airflow/example_dags/example_python_operator.py for tasks to queue
[2025-04-02T15:51:42.528+0200] {logging_mixin.py:190} INFO - [2025-04-02T15:51:42.527+0200] {dagbag.py:588} INFO - Filling up the DagBag from /home/munyah/.local/lib/python3.10/site-packages/airflow/example_dags/example_python_operator.py
[2025-04-02T15:51:42.541+0200] {logging_mixin.py:190} INFO - [2025-04-02T15:51:42.541+0200] {example_python_operator.py:93} WARNING - The virtalenv_python example task requires virtualenv, please install it.
[2025-04-02T15:51:42.545+0200] {processor.py:925} INFO - DAG(s) 'example_python_operator' retrieved from /home/munyah/.local/lib/python3.10/site-packages/airflow/example_dags/example_python_operator.py
[2025-04-02T15:51:42.566+0200] {logging_mixin.py:190} INFO - [2025-04-02T15:51:42.566+0200] {dag.py:3239} INFO - Sync 1 DAGs
[2025-04-02T15:51:42.581+0200] {logging_mixin.py:190} INFO - [2025-04-02T15:51:42.581+0200] {dag.py:4180} INFO - Setting next_dagrun for example_python_operator to None, run_after=None
[2025-04-02T15:51:42.743+0200] {processor.py:208} INFO - Processing /home/munyah/.local/lib/python3.10/site-packages/airflow/example_dags/example_python_operator.py took 0.240 seconds
[2025-04-02T15:52:57.605+0200] {processor.py:186} INFO - Started process (PID=16610) to work on /home/munyah/.local/lib/python3.10/site-packages/airflow/example_dags/example_python_operator.py
[2025-04-02T15:52:57.607+0200] {processor.py:914} INFO - Processing file /home/munyah/.local/lib/python3.10/site-packages/airflow/example_dags/example_python_operator.py for tasks to queue
[2025-04-02T15:52:57.612+0200] {logging_mixin.py:190} INFO - [2025-04-02T15:52:57.611+0200] {dagbag.py:588} INFO - Filling up the DagBag from /home/munyah/.local/lib/python3.10/site-packages/airflow/example_dags/example_python_operator.py
[2025-04-02T15:52:57.627+0200] {logging_mixin.py:190} INFO - [2025-04-02T15:52:57.626+0200] {example_python_operator.py:93} WARNING - The virtalenv_python example task requires virtualenv, please install it.
[2025-04-02T15:52:57.630+0200] {processor.py:925} INFO - DAG(s) 'example_python_operator' retrieved from /home/munyah/.local/lib/python3.10/site-packages/airflow/example_dags/example_python_operator.py
[2025-04-02T15:52:57.653+0200] {logging_mixin.py:190} INFO - [2025-04-02T15:52:57.653+0200] {dag.py:3239} INFO - Sync 1 DAGs
[2025-04-02T15:52:57.670+0200] {logging_mixin.py:190} INFO - [2025-04-02T15:52:57.670+0200] {dag.py:4180} INFO - Setting next_dagrun for example_python_operator to None, run_after=None
[2025-04-02T15:52:57.830+0200] {processor.py:208} INFO - Processing /home/munyah/.local/lib/python3.10/site-packages/airflow/example_dags/example_python_operator.py took 0.242 seconds
[2025-04-02T15:54:12.009+0200] {processor.py:186} INFO - Started process (PID=18336) to work on /home/munyah/.local/lib/python3.10/site-packages/airflow/example_dags/example_python_operator.py
[2025-04-02T15:54:12.011+0200] {processor.py:914} INFO - Processing file /home/munyah/.local/lib/python3.10/site-packages/airflow/example_dags/example_python_operator.py for tasks to queue
[2025-04-02T15:54:12.016+0200] {logging_mixin.py:190} INFO - [2025-04-02T15:54:12.015+0200] {dagbag.py:588} INFO - Filling up the DagBag from /home/munyah/.local/lib/python3.10/site-packages/airflow/example_dags/example_python_operator.py
[2025-04-02T15:54:12.034+0200] {logging_mixin.py:190} INFO - [2025-04-02T15:54:12.034+0200] {example_python_operator.py:93} WARNING - The virtalenv_python example task requires virtualenv, please install it.
[2025-04-02T15:54:12.040+0200] {processor.py:925} INFO - DAG(s) 'example_python_operator' retrieved from /home/munyah/.local/lib/python3.10/site-packages/airflow/example_dags/example_python_operator.py
[2025-04-02T15:54:12.067+0200] {logging_mixin.py:190} INFO - [2025-04-02T15:54:12.067+0200] {dag.py:3239} INFO - Sync 1 DAGs
[2025-04-02T15:54:12.216+0200] {logging_mixin.py:190} INFO - [2025-04-02T15:54:12.216+0200] {dag.py:4180} INFO - Setting next_dagrun for example_python_operator to None, run_after=None
[2025-04-02T15:54:12.246+0200] {processor.py:208} INFO - Processing /home/munyah/.local/lib/python3.10/site-packages/airflow/example_dags/example_python_operator.py took 0.254 seconds
