[2025-04-02T15:49:36.939+0200] {processor.py:186} INFO - Started process (PID=15173) to work on /home/munyah/.local/lib/python3.10/site-packages/airflow/example_dags/example_external_task_marker_dag.py
[2025-04-02T15:49:36.940+0200] {processor.py:914} INFO - Processing file /home/munyah/.local/lib/python3.10/site-packages/airflow/example_dags/example_external_task_marker_dag.py for tasks to queue
[2025-04-02T15:49:36.943+0200] {logging_mixin.py:190} INFO - [2025-04-02T15:49:36.942+0200] {dagbag.py:588} INFO - Filling up the DagBag from /home/munyah/.local/lib/python3.10/site-packages/airflow/example_dags/example_external_task_marker_dag.py
[2025-04-02T15:49:36.953+0200] {processor.py:925} INFO - DAG(s) 'example_external_task_marker_parent', 'example_external_task_marker_child' retrieved from /home/munyah/.local/lib/python3.10/site-packages/airflow/example_dags/example_external_task_marker_dag.py
[2025-04-02T15:49:36.977+0200] {logging_mixin.py:190} INFO - [2025-04-02T15:49:36.976+0200] {dag.py:3239} INFO - Sync 2 DAGs
[2025-04-02T15:49:36.995+0200] {logging_mixin.py:190} INFO - [2025-04-02T15:49:36.995+0200] {dag.py:4180} INFO - Setting next_dagrun for example_external_task_marker_child to None, run_after=None
[2025-04-02T15:49:36.999+0200] {logging_mixin.py:190} INFO - [2025-04-02T15:49:36.999+0200] {dag.py:4180} INFO - Setting next_dagrun for example_external_task_marker_parent to None, run_after=None
[2025-04-02T15:49:37.022+0200] {processor.py:208} INFO - Processing /home/munyah/.local/lib/python3.10/site-packages/airflow/example_dags/example_external_task_marker_dag.py took 0.095 seconds
[2025-04-02T15:50:55.188+0200] {processor.py:186} INFO - Started process (PID=15606) to work on /home/munyah/.local/lib/python3.10/site-packages/airflow/example_dags/example_external_task_marker_dag.py
[2025-04-02T15:50:55.190+0200] {processor.py:914} INFO - Processing file /home/munyah/.local/lib/python3.10/site-packages/airflow/example_dags/example_external_task_marker_dag.py for tasks to queue
[2025-04-02T15:50:55.194+0200] {logging_mixin.py:190} INFO - [2025-04-02T15:50:55.193+0200] {dagbag.py:588} INFO - Filling up the DagBag from /home/munyah/.local/lib/python3.10/site-packages/airflow/example_dags/example_external_task_marker_dag.py
[2025-04-02T15:50:55.205+0200] {processor.py:925} INFO - DAG(s) 'example_external_task_marker_parent', 'example_external_task_marker_child' retrieved from /home/munyah/.local/lib/python3.10/site-packages/airflow/example_dags/example_external_task_marker_dag.py
[2025-04-02T15:50:55.229+0200] {logging_mixin.py:190} INFO - [2025-04-02T15:50:55.229+0200] {dag.py:3239} INFO - Sync 2 DAGs
[2025-04-02T15:50:55.247+0200] {logging_mixin.py:190} INFO - [2025-04-02T15:50:55.246+0200] {dag.py:4180} INFO - Setting next_dagrun for example_external_task_marker_child to None, run_after=None
[2025-04-02T15:50:55.250+0200] {logging_mixin.py:190} INFO - [2025-04-02T15:50:55.250+0200] {dag.py:4180} INFO - Setting next_dagrun for example_external_task_marker_parent to None, run_after=None
[2025-04-02T15:50:55.271+0200] {processor.py:208} INFO - Processing /home/munyah/.local/lib/python3.10/site-packages/airflow/example_dags/example_external_task_marker_dag.py took 0.095 seconds
[2025-04-02T15:52:10.481+0200] {processor.py:186} INFO - Started process (PID=16416) to work on /home/munyah/.local/lib/python3.10/site-packages/airflow/example_dags/example_external_task_marker_dag.py
[2025-04-02T15:52:10.483+0200] {processor.py:914} INFO - Processing file /home/munyah/.local/lib/python3.10/site-packages/airflow/example_dags/example_external_task_marker_dag.py for tasks to queue
[2025-04-02T15:52:10.489+0200] {logging_mixin.py:190} INFO - [2025-04-02T15:52:10.488+0200] {dagbag.py:588} INFO - Filling up the DagBag from /home/munyah/.local/lib/python3.10/site-packages/airflow/example_dags/example_external_task_marker_dag.py
[2025-04-02T15:52:10.502+0200] {processor.py:925} INFO - DAG(s) 'example_external_task_marker_child', 'example_external_task_marker_parent' retrieved from /home/munyah/.local/lib/python3.10/site-packages/airflow/example_dags/example_external_task_marker_dag.py
[2025-04-02T15:52:10.524+0200] {logging_mixin.py:190} INFO - [2025-04-02T15:52:10.524+0200] {dag.py:3239} INFO - Sync 2 DAGs
[2025-04-02T15:52:10.539+0200] {logging_mixin.py:190} INFO - [2025-04-02T15:52:10.538+0200] {dag.py:4180} INFO - Setting next_dagrun for example_external_task_marker_child to None, run_after=None
[2025-04-02T15:52:10.542+0200] {logging_mixin.py:190} INFO - [2025-04-02T15:52:10.542+0200] {dag.py:4180} INFO - Setting next_dagrun for example_external_task_marker_parent to None, run_after=None
[2025-04-02T15:52:10.561+0200] {processor.py:208} INFO - Processing /home/munyah/.local/lib/python3.10/site-packages/airflow/example_dags/example_external_task_marker_dag.py took 0.099 seconds
[2025-04-02T15:53:22.536+0200] {processor.py:186} INFO - Started process (PID=17686) to work on /home/munyah/.local/lib/python3.10/site-packages/airflow/example_dags/example_external_task_marker_dag.py
[2025-04-02T15:53:22.537+0200] {processor.py:914} INFO - Processing file /home/munyah/.local/lib/python3.10/site-packages/airflow/example_dags/example_external_task_marker_dag.py for tasks to queue
[2025-04-02T15:53:22.542+0200] {logging_mixin.py:190} INFO - [2025-04-02T15:53:22.541+0200] {dagbag.py:588} INFO - Filling up the DagBag from /home/munyah/.local/lib/python3.10/site-packages/airflow/example_dags/example_external_task_marker_dag.py
[2025-04-02T15:53:22.556+0200] {processor.py:925} INFO - DAG(s) 'example_external_task_marker_child', 'example_external_task_marker_parent' retrieved from /home/munyah/.local/lib/python3.10/site-packages/airflow/example_dags/example_external_task_marker_dag.py
[2025-04-02T15:53:22.582+0200] {logging_mixin.py:190} INFO - [2025-04-02T15:53:22.582+0200] {dag.py:3239} INFO - Sync 2 DAGs
[2025-04-02T15:53:22.600+0200] {logging_mixin.py:190} INFO - [2025-04-02T15:53:22.599+0200] {dag.py:4180} INFO - Setting next_dagrun for example_external_task_marker_child to None, run_after=None
[2025-04-02T15:53:22.603+0200] {logging_mixin.py:190} INFO - [2025-04-02T15:53:22.603+0200] {dag.py:4180} INFO - Setting next_dagrun for example_external_task_marker_parent to None, run_after=None
[2025-04-02T15:53:22.628+0200] {processor.py:208} INFO - Processing /home/munyah/.local/lib/python3.10/site-packages/airflow/example_dags/example_external_task_marker_dag.py took 0.104 seconds
[2025-04-02T15:54:37.962+0200] {processor.py:186} INFO - Started process (PID=18407) to work on /home/munyah/.local/lib/python3.10/site-packages/airflow/example_dags/example_external_task_marker_dag.py
[2025-04-02T15:54:37.963+0200] {processor.py:914} INFO - Processing file /home/munyah/.local/lib/python3.10/site-packages/airflow/example_dags/example_external_task_marker_dag.py for tasks to queue
[2025-04-02T15:54:37.966+0200] {logging_mixin.py:190} INFO - [2025-04-02T15:54:37.965+0200] {dagbag.py:588} INFO - Filling up the DagBag from /home/munyah/.local/lib/python3.10/site-packages/airflow/example_dags/example_external_task_marker_dag.py
[2025-04-02T15:54:37.978+0200] {processor.py:925} INFO - DAG(s) 'example_external_task_marker_parent', 'example_external_task_marker_child' retrieved from /home/munyah/.local/lib/python3.10/site-packages/airflow/example_dags/example_external_task_marker_dag.py
[2025-04-02T15:54:38.000+0200] {logging_mixin.py:190} INFO - [2025-04-02T15:54:38.000+0200] {dag.py:3239} INFO - Sync 2 DAGs
[2025-04-02T15:54:38.022+0200] {logging_mixin.py:190} INFO - [2025-04-02T15:54:38.022+0200] {dag.py:4180} INFO - Setting next_dagrun for example_external_task_marker_child to None, run_after=None
[2025-04-02T15:54:38.026+0200] {logging_mixin.py:190} INFO - [2025-04-02T15:54:38.026+0200] {dag.py:4180} INFO - Setting next_dagrun for example_external_task_marker_parent to None, run_after=None
[2025-04-02T15:54:38.051+0200] {processor.py:208} INFO - Processing /home/munyah/.local/lib/python3.10/site-packages/airflow/example_dags/example_external_task_marker_dag.py took 0.097 seconds
