[2025-04-02T15:49:08.045+0200] {processor.py:186} INFO - Started process (PID=15063) to work on /home/munyah/.local/lib/python3.10/site-packages/airflow/example_dags/example_xcom.py
[2025-04-02T15:49:08.046+0200] {processor.py:914} INFO - Processing file /home/munyah/.local/lib/python3.10/site-packages/airflow/example_dags/example_xcom.py for tasks to queue
[2025-04-02T15:49:08.051+0200] {logging_mixin.py:190} INFO - [2025-04-02T15:49:08.050+0200] {dagbag.py:588} INFO - Filling up the DagBag from /home/munyah/.local/lib/python3.10/site-packages/airflow/example_dags/example_xcom.py
[2025-04-02T15:49:08.069+0200] {processor.py:925} INFO - DAG(s) 'example_xcom' retrieved from /home/munyah/.local/lib/python3.10/site-packages/airflow/example_dags/example_xcom.py
[2025-04-02T15:49:08.093+0200] {logging_mixin.py:190} INFO - [2025-04-02T15:49:08.093+0200] {dag.py:3239} INFO - Sync 1 DAGs
[2025-04-02T15:49:08.120+0200] {logging_mixin.py:190} INFO - [2025-04-02T15:49:08.120+0200] {dag.py:4180} INFO - Setting next_dagrun for example_xcom to None, run_after=None
[2025-04-02T15:49:08.146+0200] {processor.py:208} INFO - Processing /home/munyah/.local/lib/python3.10/site-packages/airflow/example_dags/example_xcom.py took 0.111 seconds
[2025-04-02T15:50:14.603+0200] {processor.py:186} INFO - Started process (PID=15432) to work on /home/munyah/.local/lib/python3.10/site-packages/airflow/example_dags/example_xcom.py
[2025-04-02T15:50:14.604+0200] {processor.py:914} INFO - Processing file /home/munyah/.local/lib/python3.10/site-packages/airflow/example_dags/example_xcom.py for tasks to queue
[2025-04-02T15:50:14.607+0200] {logging_mixin.py:190} INFO - [2025-04-02T15:50:14.606+0200] {dagbag.py:588} INFO - Filling up the DagBag from /home/munyah/.local/lib/python3.10/site-packages/airflow/example_dags/example_xcom.py
[2025-04-02T15:50:14.623+0200] {processor.py:925} INFO - DAG(s) 'example_xcom' retrieved from /home/munyah/.local/lib/python3.10/site-packages/airflow/example_dags/example_xcom.py
[2025-04-02T15:50:14.647+0200] {logging_mixin.py:190} INFO - [2025-04-02T15:50:14.646+0200] {dag.py:3239} INFO - Sync 1 DAGs
[2025-04-02T15:50:14.676+0200] {logging_mixin.py:190} INFO - [2025-04-02T15:50:14.675+0200] {dag.py:4180} INFO - Setting next_dagrun for example_xcom to None, run_after=None
[2025-04-02T15:50:14.856+0200] {processor.py:208} INFO - Processing /home/munyah/.local/lib/python3.10/site-packages/airflow/example_dags/example_xcom.py took 0.262 seconds
[2025-04-02T15:51:30.754+0200] {processor.py:186} INFO - Started process (PID=15748) to work on /home/munyah/.local/lib/python3.10/site-packages/airflow/example_dags/example_xcom.py
[2025-04-02T15:51:30.757+0200] {processor.py:914} INFO - Processing file /home/munyah/.local/lib/python3.10/site-packages/airflow/example_dags/example_xcom.py for tasks to queue
[2025-04-02T15:51:30.761+0200] {logging_mixin.py:190} INFO - [2025-04-02T15:51:30.760+0200] {dagbag.py:588} INFO - Filling up the DagBag from /home/munyah/.local/lib/python3.10/site-packages/airflow/example_dags/example_xcom.py
[2025-04-02T15:51:30.775+0200] {processor.py:925} INFO - DAG(s) 'example_xcom' retrieved from /home/munyah/.local/lib/python3.10/site-packages/airflow/example_dags/example_xcom.py
[2025-04-02T15:51:30.797+0200] {logging_mixin.py:190} INFO - [2025-04-02T15:51:30.797+0200] {dag.py:3239} INFO - Sync 1 DAGs
[2025-04-02T15:51:30.821+0200] {logging_mixin.py:190} INFO - [2025-04-02T15:51:30.821+0200] {dag.py:4180} INFO - Setting next_dagrun for example_xcom to None, run_after=None
[2025-04-02T15:51:30.984+0200] {processor.py:208} INFO - Processing /home/munyah/.local/lib/python3.10/site-packages/airflow/example_dags/example_xcom.py took 0.247 seconds
[2025-04-02T15:52:47.164+0200] {processor.py:186} INFO - Started process (PID=16583) to work on /home/munyah/.local/lib/python3.10/site-packages/airflow/example_dags/example_xcom.py
[2025-04-02T15:52:47.165+0200] {processor.py:914} INFO - Processing file /home/munyah/.local/lib/python3.10/site-packages/airflow/example_dags/example_xcom.py for tasks to queue
[2025-04-02T15:52:47.168+0200] {logging_mixin.py:190} INFO - [2025-04-02T15:52:47.167+0200] {dagbag.py:588} INFO - Filling up the DagBag from /home/munyah/.local/lib/python3.10/site-packages/airflow/example_dags/example_xcom.py
[2025-04-02T15:52:47.186+0200] {processor.py:925} INFO - DAG(s) 'example_xcom' retrieved from /home/munyah/.local/lib/python3.10/site-packages/airflow/example_dags/example_xcom.py
[2025-04-02T15:52:47.208+0200] {logging_mixin.py:190} INFO - [2025-04-02T15:52:47.208+0200] {dag.py:3239} INFO - Sync 1 DAGs
[2025-04-02T15:52:47.374+0200] {logging_mixin.py:190} INFO - [2025-04-02T15:52:47.374+0200] {dag.py:4180} INFO - Setting next_dagrun for example_xcom to None, run_after=None
[2025-04-02T15:52:47.398+0200] {processor.py:208} INFO - Processing /home/munyah/.local/lib/python3.10/site-packages/airflow/example_dags/example_xcom.py took 0.244 seconds
[2025-04-02T15:54:00.810+0200] {processor.py:186} INFO - Started process (PID=18312) to work on /home/munyah/.local/lib/python3.10/site-packages/airflow/example_dags/example_xcom.py
[2025-04-02T15:54:00.813+0200] {processor.py:914} INFO - Processing file /home/munyah/.local/lib/python3.10/site-packages/airflow/example_dags/example_xcom.py for tasks to queue
[2025-04-02T15:54:00.817+0200] {logging_mixin.py:190} INFO - [2025-04-02T15:54:00.817+0200] {dagbag.py:588} INFO - Filling up the DagBag from /home/munyah/.local/lib/python3.10/site-packages/airflow/example_dags/example_xcom.py
[2025-04-02T15:54:00.829+0200] {processor.py:925} INFO - DAG(s) 'example_xcom' retrieved from /home/munyah/.local/lib/python3.10/site-packages/airflow/example_dags/example_xcom.py
[2025-04-02T15:54:00.848+0200] {logging_mixin.py:190} INFO - [2025-04-02T15:54:00.848+0200] {dag.py:3239} INFO - Sync 1 DAGs
[2025-04-02T15:54:01.012+0200] {logging_mixin.py:190} INFO - [2025-04-02T15:54:01.011+0200] {dag.py:4180} INFO - Setting next_dagrun for example_xcom to None, run_after=None
[2025-04-02T15:54:01.039+0200] {processor.py:208} INFO - Processing /home/munyah/.local/lib/python3.10/site-packages/airflow/example_dags/example_xcom.py took 0.240 seconds
