[2025-04-02T15:49:26.399+0200] {processor.py:186} INFO - Started process (PID=15144) to work on /home/munyah/.local/lib/python3.10/site-packages/airflow/example_dags/example_latest_only.py
[2025-04-02T15:49:26.400+0200] {processor.py:914} INFO - Processing file /home/munyah/.local/lib/python3.10/site-packages/airflow/example_dags/example_latest_only.py for tasks to queue
[2025-04-02T15:49:26.404+0200] {logging_mixin.py:190} INFO - [2025-04-02T15:49:26.404+0200] {dagbag.py:588} INFO - Filling up the DagBag from /home/munyah/.local/lib/python3.10/site-packages/airflow/example_dags/example_latest_only.py
[2025-04-02T15:49:26.417+0200] {processor.py:925} INFO - DAG(s) 'latest_only' retrieved from /home/munyah/.local/lib/python3.10/site-packages/airflow/example_dags/example_latest_only.py
[2025-04-02T15:49:26.438+0200] {logging_mixin.py:190} INFO - [2025-04-02T15:49:26.438+0200] {dag.py:3239} INFO - Sync 1 DAGs
[2025-04-02T15:49:26.467+0200] {logging_mixin.py:190} INFO - [2025-04-02T15:49:26.467+0200] {dag.py:4180} INFO - Setting next_dagrun for latest_only to 2025-04-02 08:00:00+00:00, run_after=2025-04-02 12:00:00+00:00
[2025-04-02T15:49:26.498+0200] {processor.py:208} INFO - Processing /home/munyah/.local/lib/python3.10/site-packages/airflow/example_dags/example_latest_only.py took 0.110 seconds
[2025-04-02T15:50:44.666+0200] {processor.py:186} INFO - Started process (PID=15570) to work on /home/munyah/.local/lib/python3.10/site-packages/airflow/example_dags/example_latest_only.py
[2025-04-02T15:50:44.668+0200] {processor.py:914} INFO - Processing file /home/munyah/.local/lib/python3.10/site-packages/airflow/example_dags/example_latest_only.py for tasks to queue
[2025-04-02T15:50:44.672+0200] {logging_mixin.py:190} INFO - [2025-04-02T15:50:44.671+0200] {dagbag.py:588} INFO - Filling up the DagBag from /home/munyah/.local/lib/python3.10/site-packages/airflow/example_dags/example_latest_only.py
[2025-04-02T15:50:44.680+0200] {processor.py:925} INFO - DAG(s) 'latest_only' retrieved from /home/munyah/.local/lib/python3.10/site-packages/airflow/example_dags/example_latest_only.py
[2025-04-02T15:50:44.698+0200] {logging_mixin.py:190} INFO - [2025-04-02T15:50:44.698+0200] {dag.py:3239} INFO - Sync 1 DAGs
[2025-04-02T15:50:44.723+0200] {logging_mixin.py:190} INFO - [2025-04-02T15:50:44.723+0200] {dag.py:4180} INFO - Setting next_dagrun for latest_only to 2025-04-02 08:00:00+00:00, run_after=2025-04-02 12:00:00+00:00
[2025-04-02T15:50:44.759+0200] {processor.py:208} INFO - Processing /home/munyah/.local/lib/python3.10/site-packages/airflow/example_dags/example_latest_only.py took 0.101 seconds
[2025-04-02T15:52:00.987+0200] {processor.py:186} INFO - Started process (PID=16393) to work on /home/munyah/.local/lib/python3.10/site-packages/airflow/example_dags/example_latest_only.py
[2025-04-02T15:52:00.989+0200] {processor.py:914} INFO - Processing file /home/munyah/.local/lib/python3.10/site-packages/airflow/example_dags/example_latest_only.py for tasks to queue
[2025-04-02T15:52:00.992+0200] {logging_mixin.py:190} INFO - [2025-04-02T15:52:00.991+0200] {dagbag.py:588} INFO - Filling up the DagBag from /home/munyah/.local/lib/python3.10/site-packages/airflow/example_dags/example_latest_only.py
[2025-04-02T15:52:01.002+0200] {processor.py:925} INFO - DAG(s) 'latest_only' retrieved from /home/munyah/.local/lib/python3.10/site-packages/airflow/example_dags/example_latest_only.py
[2025-04-02T15:52:01.020+0200] {logging_mixin.py:190} INFO - [2025-04-02T15:52:01.020+0200] {dag.py:3239} INFO - Sync 1 DAGs
[2025-04-02T15:52:01.045+0200] {logging_mixin.py:190} INFO - [2025-04-02T15:52:01.045+0200] {dag.py:4180} INFO - Setting next_dagrun for latest_only to 2025-04-02 08:00:00+00:00, run_after=2025-04-02 12:00:00+00:00
[2025-04-02T15:52:01.068+0200] {processor.py:208} INFO - Processing /home/munyah/.local/lib/python3.10/site-packages/airflow/example_dags/example_latest_only.py took 0.088 seconds
[2025-04-02T15:53:13.367+0200] {processor.py:186} INFO - Started process (PID=17168) to work on /home/munyah/.local/lib/python3.10/site-packages/airflow/example_dags/example_latest_only.py
[2025-04-02T15:53:13.371+0200] {processor.py:914} INFO - Processing file /home/munyah/.local/lib/python3.10/site-packages/airflow/example_dags/example_latest_only.py for tasks to queue
[2025-04-02T15:53:13.383+0200] {logging_mixin.py:190} INFO - [2025-04-02T15:53:13.381+0200] {dagbag.py:588} INFO - Filling up the DagBag from /home/munyah/.local/lib/python3.10/site-packages/airflow/example_dags/example_latest_only.py
[2025-04-02T15:53:13.405+0200] {processor.py:925} INFO - DAG(s) 'latest_only' retrieved from /home/munyah/.local/lib/python3.10/site-packages/airflow/example_dags/example_latest_only.py
[2025-04-02T15:53:13.428+0200] {logging_mixin.py:190} INFO - [2025-04-02T15:53:13.427+0200] {dag.py:3239} INFO - Sync 1 DAGs
[2025-04-02T15:53:13.452+0200] {logging_mixin.py:190} INFO - [2025-04-02T15:53:13.452+0200] {dag.py:4180} INFO - Setting next_dagrun for latest_only to 2025-04-02 08:00:00+00:00, run_after=2025-04-02 12:00:00+00:00
[2025-04-02T15:53:13.474+0200] {processor.py:208} INFO - Processing /home/munyah/.local/lib/python3.10/site-packages/airflow/example_dags/example_latest_only.py took 0.137 seconds
[2025-04-02T15:54:29.025+0200] {processor.py:186} INFO - Started process (PID=18385) to work on /home/munyah/.local/lib/python3.10/site-packages/airflow/example_dags/example_latest_only.py
[2025-04-02T15:54:29.027+0200] {processor.py:914} INFO - Processing file /home/munyah/.local/lib/python3.10/site-packages/airflow/example_dags/example_latest_only.py for tasks to queue
[2025-04-02T15:54:29.031+0200] {logging_mixin.py:190} INFO - [2025-04-02T15:54:29.031+0200] {dagbag.py:588} INFO - Filling up the DagBag from /home/munyah/.local/lib/python3.10/site-packages/airflow/example_dags/example_latest_only.py
[2025-04-02T15:54:29.045+0200] {processor.py:925} INFO - DAG(s) 'latest_only' retrieved from /home/munyah/.local/lib/python3.10/site-packages/airflow/example_dags/example_latest_only.py
[2025-04-02T15:54:29.065+0200] {logging_mixin.py:190} INFO - [2025-04-02T15:54:29.065+0200] {dag.py:3239} INFO - Sync 1 DAGs
[2025-04-02T15:54:29.087+0200] {logging_mixin.py:190} INFO - [2025-04-02T15:54:29.087+0200] {dag.py:4180} INFO - Setting next_dagrun for latest_only to 2025-04-02 08:00:00+00:00, run_after=2025-04-02 12:00:00+00:00
[2025-04-02T15:54:29.114+0200] {processor.py:208} INFO - Processing /home/munyah/.local/lib/python3.10/site-packages/airflow/example_dags/example_latest_only.py took 0.107 seconds
