[2025-04-02T15:49:00.109+0200] {processor.py:186} INFO - Started process (PID=15046) to work on /home/munyah/.local/lib/python3.10/site-packages/airflow/example_dags/example_xcomargs.py
[2025-04-02T15:49:00.111+0200] {processor.py:914} INFO - Processing file /home/munyah/.local/lib/python3.10/site-packages/airflow/example_dags/example_xcomargs.py for tasks to queue
[2025-04-02T15:49:00.116+0200] {logging_mixin.py:190} INFO - [2025-04-02T15:49:00.116+0200] {dagbag.py:588} INFO - Filling up the DagBag from /home/munyah/.local/lib/python3.10/site-packages/airflow/example_dags/example_xcomargs.py
[2025-04-02T15:49:00.139+0200] {processor.py:925} INFO - DAG(s) 'example_xcom_args_with_operators', 'example_xcom_args' retrieved from /home/munyah/.local/lib/python3.10/site-packages/airflow/example_dags/example_xcomargs.py
[2025-04-02T15:49:00.184+0200] {logging_mixin.py:190} INFO - [2025-04-02T15:49:00.184+0200] {dag.py:3239} INFO - Sync 2 DAGs
[2025-04-02T15:49:00.205+0200] {logging_mixin.py:190} INFO - [2025-04-02T15:49:00.204+0200] {dag.py:4180} INFO - Setting next_dagrun for example_xcom_args to None, run_after=None
[2025-04-02T15:49:00.211+0200] {logging_mixin.py:190} INFO - [2025-04-02T15:49:00.211+0200] {dag.py:4180} INFO - Setting next_dagrun for example_xcom_args_with_operators to None, run_after=None
[2025-04-02T15:49:00.235+0200] {processor.py:208} INFO - Processing /home/munyah/.local/lib/python3.10/site-packages/airflow/example_dags/example_xcomargs.py took 0.138 seconds
[2025-04-02T15:50:06.913+0200] {processor.py:186} INFO - Started process (PID=15361) to work on /home/munyah/.local/lib/python3.10/site-packages/airflow/example_dags/example_xcomargs.py
[2025-04-02T15:50:06.914+0200] {processor.py:914} INFO - Processing file /home/munyah/.local/lib/python3.10/site-packages/airflow/example_dags/example_xcomargs.py for tasks to queue
[2025-04-02T15:50:06.917+0200] {logging_mixin.py:190} INFO - [2025-04-02T15:50:06.917+0200] {dagbag.py:588} INFO - Filling up the DagBag from /home/munyah/.local/lib/python3.10/site-packages/airflow/example_dags/example_xcomargs.py
[2025-04-02T15:50:06.930+0200] {processor.py:925} INFO - DAG(s) 'example_xcom_args_with_operators', 'example_xcom_args' retrieved from /home/munyah/.local/lib/python3.10/site-packages/airflow/example_dags/example_xcomargs.py
[2025-04-02T15:50:06.952+0200] {logging_mixin.py:190} INFO - [2025-04-02T15:50:06.951+0200] {dag.py:3239} INFO - Sync 2 DAGs
[2025-04-02T15:50:06.966+0200] {logging_mixin.py:190} INFO - [2025-04-02T15:50:06.966+0200] {dag.py:4180} INFO - Setting next_dagrun for example_xcom_args to None, run_after=None
[2025-04-02T15:50:06.969+0200] {logging_mixin.py:190} INFO - [2025-04-02T15:50:06.969+0200] {dag.py:4180} INFO - Setting next_dagrun for example_xcom_args_with_operators to None, run_after=None
[2025-04-02T15:50:06.989+0200] {processor.py:208} INFO - Processing /home/munyah/.local/lib/python3.10/site-packages/airflow/example_dags/example_xcomargs.py took 0.084 seconds
[2025-04-02T15:51:21.789+0200] {processor.py:186} INFO - Started process (PID=15683) to work on /home/munyah/.local/lib/python3.10/site-packages/airflow/example_dags/example_xcomargs.py
[2025-04-02T15:51:21.790+0200] {processor.py:914} INFO - Processing file /home/munyah/.local/lib/python3.10/site-packages/airflow/example_dags/example_xcomargs.py for tasks to queue
[2025-04-02T15:51:21.794+0200] {logging_mixin.py:190} INFO - [2025-04-02T15:51:21.793+0200] {dagbag.py:588} INFO - Filling up the DagBag from /home/munyah/.local/lib/python3.10/site-packages/airflow/example_dags/example_xcomargs.py
[2025-04-02T15:51:21.811+0200] {processor.py:925} INFO - DAG(s) 'example_xcom_args', 'example_xcom_args_with_operators' retrieved from /home/munyah/.local/lib/python3.10/site-packages/airflow/example_dags/example_xcomargs.py
[2025-04-02T15:51:21.839+0200] {logging_mixin.py:190} INFO - [2025-04-02T15:51:21.839+0200] {dag.py:3239} INFO - Sync 2 DAGs
[2025-04-02T15:51:21.856+0200] {logging_mixin.py:190} INFO - [2025-04-02T15:51:21.856+0200] {dag.py:4180} INFO - Setting next_dagrun for example_xcom_args to None, run_after=None
[2025-04-02T15:51:21.860+0200] {logging_mixin.py:190} INFO - [2025-04-02T15:51:21.860+0200] {dag.py:4180} INFO - Setting next_dagrun for example_xcom_args_with_operators to None, run_after=None
[2025-04-02T15:51:21.882+0200] {processor.py:208} INFO - Processing /home/munyah/.local/lib/python3.10/site-packages/airflow/example_dags/example_xcomargs.py took 0.103 seconds
[2025-04-02T15:52:38.804+0200] {processor.py:186} INFO - Started process (PID=16553) to work on /home/munyah/.local/lib/python3.10/site-packages/airflow/example_dags/example_xcomargs.py
[2025-04-02T15:52:38.807+0200] {processor.py:914} INFO - Processing file /home/munyah/.local/lib/python3.10/site-packages/airflow/example_dags/example_xcomargs.py for tasks to queue
[2025-04-02T15:52:38.818+0200] {logging_mixin.py:190} INFO - [2025-04-02T15:52:38.816+0200] {dagbag.py:588} INFO - Filling up the DagBag from /home/munyah/.local/lib/python3.10/site-packages/airflow/example_dags/example_xcomargs.py
[2025-04-02T15:52:38.849+0200] {processor.py:925} INFO - DAG(s) 'example_xcom_args_with_operators', 'example_xcom_args' retrieved from /home/munyah/.local/lib/python3.10/site-packages/airflow/example_dags/example_xcomargs.py
[2025-04-02T15:52:38.874+0200] {logging_mixin.py:190} INFO - [2025-04-02T15:52:38.874+0200] {dag.py:3239} INFO - Sync 2 DAGs
[2025-04-02T15:52:38.889+0200] {logging_mixin.py:190} INFO - [2025-04-02T15:52:38.889+0200] {dag.py:4180} INFO - Setting next_dagrun for example_xcom_args to None, run_after=None
[2025-04-02T15:52:38.894+0200] {logging_mixin.py:190} INFO - [2025-04-02T15:52:38.893+0200] {dag.py:4180} INFO - Setting next_dagrun for example_xcom_args_with_operators to None, run_after=None
[2025-04-02T15:52:38.915+0200] {processor.py:208} INFO - Processing /home/munyah/.local/lib/python3.10/site-packages/airflow/example_dags/example_xcomargs.py took 0.137 seconds
[2025-04-02T15:53:51.191+0200] {processor.py:186} INFO - Started process (PID=18284) to work on /home/munyah/.local/lib/python3.10/site-packages/airflow/example_dags/example_xcomargs.py
[2025-04-02T15:53:51.193+0200] {processor.py:914} INFO - Processing file /home/munyah/.local/lib/python3.10/site-packages/airflow/example_dags/example_xcomargs.py for tasks to queue
[2025-04-02T15:53:51.197+0200] {logging_mixin.py:190} INFO - [2025-04-02T15:53:51.196+0200] {dagbag.py:588} INFO - Filling up the DagBag from /home/munyah/.local/lib/python3.10/site-packages/airflow/example_dags/example_xcomargs.py
[2025-04-02T15:53:51.212+0200] {processor.py:925} INFO - DAG(s) 'example_xcom_args_with_operators', 'example_xcom_args' retrieved from /home/munyah/.local/lib/python3.10/site-packages/airflow/example_dags/example_xcomargs.py
[2025-04-02T15:53:51.237+0200] {logging_mixin.py:190} INFO - [2025-04-02T15:53:51.237+0200] {dag.py:3239} INFO - Sync 2 DAGs
[2025-04-02T15:53:51.430+0200] {logging_mixin.py:190} INFO - [2025-04-02T15:53:51.429+0200] {dag.py:4180} INFO - Setting next_dagrun for example_xcom_args to None, run_after=None
[2025-04-02T15:53:51.439+0200] {logging_mixin.py:190} INFO - [2025-04-02T15:53:51.438+0200] {dag.py:4180} INFO - Setting next_dagrun for example_xcom_args_with_operators to None, run_after=None
[2025-04-02T15:53:51.478+0200] {processor.py:208} INFO - Processing /home/munyah/.local/lib/python3.10/site-packages/airflow/example_dags/example_xcomargs.py took 0.298 seconds
