[2025-04-02T15:49:14.589+0200] {processor.py:186} INFO - Started process (PID=15091) to work on /home/munyah/.local/lib/python3.10/site-packages/airflow/example_dags/example_sla_dag.py
[2025-04-02T15:49:14.590+0200] {processor.py:914} INFO - Processing file /home/munyah/.local/lib/python3.10/site-packages/airflow/example_dags/example_sla_dag.py for tasks to queue
[2025-04-02T15:49:14.592+0200] {logging_mixin.py:190} INFO - [2025-04-02T15:49:14.592+0200] {dagbag.py:588} INFO - Filling up the DagBag from /home/munyah/.local/lib/python3.10/site-packages/airflow/example_dags/example_sla_dag.py
[2025-04-02T15:49:14.607+0200] {processor.py:925} INFO - DAG(s) 'example_sla_dag' retrieved from /home/munyah/.local/lib/python3.10/site-packages/airflow/example_dags/example_sla_dag.py
[2025-04-02T15:49:14.629+0200] {logging_mixin.py:190} INFO - [2025-04-02T15:49:14.628+0200] {dag.py:3239} INFO - Sync 1 DAGs
[2025-04-02T15:49:14.663+0200] {logging_mixin.py:190} INFO - [2025-04-02T15:49:14.663+0200] {dag.py:4180} INFO - Setting next_dagrun for example_sla_dag to 2025-04-02 13:46:00+00:00, run_after=2025-04-02 13:48:00+00:00
[2025-04-02T15:49:14.691+0200] {processor.py:208} INFO - Processing /home/munyah/.local/lib/python3.10/site-packages/airflow/example_dags/example_sla_dag.py took 0.111 seconds
[2025-04-02T15:50:22.484+0200] {processor.py:186} INFO - Started process (PID=15491) to work on /home/munyah/.local/lib/python3.10/site-packages/airflow/example_dags/example_sla_dag.py
[2025-04-02T15:50:22.486+0200] {processor.py:914} INFO - Processing file /home/munyah/.local/lib/python3.10/site-packages/airflow/example_dags/example_sla_dag.py for tasks to queue
[2025-04-02T15:50:22.489+0200] {logging_mixin.py:190} INFO - [2025-04-02T15:50:22.488+0200] {dagbag.py:588} INFO - Filling up the DagBag from /home/munyah/.local/lib/python3.10/site-packages/airflow/example_dags/example_sla_dag.py
[2025-04-02T15:50:22.503+0200] {processor.py:925} INFO - DAG(s) 'example_sla_dag' retrieved from /home/munyah/.local/lib/python3.10/site-packages/airflow/example_dags/example_sla_dag.py
[2025-04-02T15:50:22.522+0200] {logging_mixin.py:190} INFO - [2025-04-02T15:50:22.521+0200] {dag.py:3239} INFO - Sync 1 DAGs
[2025-04-02T15:50:22.552+0200] {logging_mixin.py:190} INFO - [2025-04-02T15:50:22.552+0200] {dag.py:4180} INFO - Setting next_dagrun for example_sla_dag to 2025-04-02 13:48:00+00:00, run_after=2025-04-02 13:50:00+00:00
[2025-04-02T15:50:22.717+0200] {processor.py:208} INFO - Processing /home/munyah/.local/lib/python3.10/site-packages/airflow/example_dags/example_sla_dag.py took 0.240 seconds
[2025-04-02T15:51:39.000+0200] {processor.py:186} INFO - Started process (PID=15766) to work on /home/munyah/.local/lib/python3.10/site-packages/airflow/example_dags/example_sla_dag.py
[2025-04-02T15:51:39.004+0200] {processor.py:914} INFO - Processing file /home/munyah/.local/lib/python3.10/site-packages/airflow/example_dags/example_sla_dag.py for tasks to queue
[2025-04-02T15:51:39.008+0200] {logging_mixin.py:190} INFO - [2025-04-02T15:51:39.007+0200] {dagbag.py:588} INFO - Filling up the DagBag from /home/munyah/.local/lib/python3.10/site-packages/airflow/example_dags/example_sla_dag.py
[2025-04-02T15:51:39.024+0200] {processor.py:925} INFO - DAG(s) 'example_sla_dag' retrieved from /home/munyah/.local/lib/python3.10/site-packages/airflow/example_dags/example_sla_dag.py
[2025-04-02T15:51:39.043+0200] {logging_mixin.py:190} INFO - [2025-04-02T15:51:39.043+0200] {dag.py:3239} INFO - Sync 1 DAGs
[2025-04-02T15:51:39.080+0200] {logging_mixin.py:190} INFO - [2025-04-02T15:51:39.080+0200] {dag.py:4180} INFO - Setting next_dagrun for example_sla_dag to 2025-04-02 13:48:00+00:00, run_after=2025-04-02 13:50:00+00:00
[2025-04-02T15:51:39.273+0200] {processor.py:208} INFO - Processing /home/munyah/.local/lib/python3.10/site-packages/airflow/example_dags/example_sla_dag.py took 0.283 seconds
[2025-04-02T15:52:54.050+0200] {processor.py:186} INFO - Started process (PID=16602) to work on /home/munyah/.local/lib/python3.10/site-packages/airflow/example_dags/example_sla_dag.py
[2025-04-02T15:52:54.052+0200] {processor.py:914} INFO - Processing file /home/munyah/.local/lib/python3.10/site-packages/airflow/example_dags/example_sla_dag.py for tasks to queue
[2025-04-02T15:52:54.055+0200] {logging_mixin.py:190} INFO - [2025-04-02T15:52:54.054+0200] {dagbag.py:588} INFO - Filling up the DagBag from /home/munyah/.local/lib/python3.10/site-packages/airflow/example_dags/example_sla_dag.py
[2025-04-02T15:52:54.071+0200] {processor.py:925} INFO - DAG(s) 'example_sla_dag' retrieved from /home/munyah/.local/lib/python3.10/site-packages/airflow/example_dags/example_sla_dag.py
[2025-04-02T15:52:54.088+0200] {logging_mixin.py:190} INFO - [2025-04-02T15:52:54.087+0200] {dag.py:3239} INFO - Sync 1 DAGs
[2025-04-02T15:52:54.254+0200] {logging_mixin.py:190} INFO - [2025-04-02T15:52:54.253+0200] {dag.py:4180} INFO - Setting next_dagrun for example_sla_dag to 2025-04-02 13:50:00+00:00, run_after=2025-04-02 13:52:00+00:00
[2025-04-02T15:52:54.284+0200] {processor.py:208} INFO - Processing /home/munyah/.local/lib/python3.10/site-packages/airflow/example_dags/example_sla_dag.py took 0.244 seconds
[2025-04-02T15:54:08.397+0200] {processor.py:186} INFO - Started process (PID=18329) to work on /home/munyah/.local/lib/python3.10/site-packages/airflow/example_dags/example_sla_dag.py
[2025-04-02T15:54:08.400+0200] {processor.py:914} INFO - Processing file /home/munyah/.local/lib/python3.10/site-packages/airflow/example_dags/example_sla_dag.py for tasks to queue
[2025-04-02T15:54:08.404+0200] {logging_mixin.py:190} INFO - [2025-04-02T15:54:08.403+0200] {dagbag.py:588} INFO - Filling up the DagBag from /home/munyah/.local/lib/python3.10/site-packages/airflow/example_dags/example_sla_dag.py
[2025-04-02T15:54:08.431+0200] {processor.py:925} INFO - DAG(s) 'example_sla_dag' retrieved from /home/munyah/.local/lib/python3.10/site-packages/airflow/example_dags/example_sla_dag.py
[2025-04-02T15:54:08.463+0200] {logging_mixin.py:190} INFO - [2025-04-02T15:54:08.462+0200] {dag.py:3239} INFO - Sync 1 DAGs
[2025-04-02T15:54:08.668+0200] {logging_mixin.py:190} INFO - [2025-04-02T15:54:08.667+0200] {dag.py:4180} INFO - Setting next_dagrun for example_sla_dag to 2025-04-02 13:52:00+00:00, run_after=2025-04-02 13:54:00+00:00
[2025-04-02T15:54:08.698+0200] {processor.py:208} INFO - Processing /home/munyah/.local/lib/python3.10/site-packages/airflow/example_dags/example_sla_dag.py took 0.317 seconds
