[2025-04-02T15:49:08.718+0200] {processor.py:186} INFO - Started process (PID=15073) to work on /home/munyah/.local/lib/python3.10/site-packages/airflow/example_dags/example_time_delta_sensor_async.py
[2025-04-02T15:49:08.719+0200] {processor.py:914} INFO - Processing file /home/munyah/.local/lib/python3.10/site-packages/airflow/example_dags/example_time_delta_sensor_async.py for tasks to queue
[2025-04-02T15:49:08.724+0200] {logging_mixin.py:190} INFO - [2025-04-02T15:49:08.723+0200] {dagbag.py:588} INFO - Filling up the DagBag from /home/munyah/.local/lib/python3.10/site-packages/airflow/example_dags/example_time_delta_sensor_async.py
[2025-04-02T15:49:08.736+0200] {processor.py:925} INFO - DAG(s) 'example_time_delta_sensor_async' retrieved from /home/munyah/.local/lib/python3.10/site-packages/airflow/example_dags/example_time_delta_sensor_async.py
[2025-04-02T15:49:08.766+0200] {logging_mixin.py:190} INFO - [2025-04-02T15:49:08.765+0200] {dag.py:3239} INFO - Sync 1 DAGs
[2025-04-02T15:49:08.787+0200] {logging_mixin.py:190} INFO - [2025-04-02T15:49:08.787+0200] {dag.py:4180} INFO - Setting next_dagrun for example_time_delta_sensor_async to None, run_after=None
[2025-04-02T15:49:08.823+0200] {processor.py:208} INFO - Processing /home/munyah/.local/lib/python3.10/site-packages/airflow/example_dags/example_time_delta_sensor_async.py took 0.117 seconds
[2025-04-02T15:50:15.957+0200] {processor.py:186} INFO - Started process (PID=15459) to work on /home/munyah/.local/lib/python3.10/site-packages/airflow/example_dags/example_time_delta_sensor_async.py
[2025-04-02T15:50:15.958+0200] {processor.py:914} INFO - Processing file /home/munyah/.local/lib/python3.10/site-packages/airflow/example_dags/example_time_delta_sensor_async.py for tasks to queue
[2025-04-02T15:50:15.961+0200] {logging_mixin.py:190} INFO - [2025-04-02T15:50:15.960+0200] {dagbag.py:588} INFO - Filling up the DagBag from /home/munyah/.local/lib/python3.10/site-packages/airflow/example_dags/example_time_delta_sensor_async.py
[2025-04-02T15:50:15.970+0200] {processor.py:925} INFO - DAG(s) 'example_time_delta_sensor_async' retrieved from /home/munyah/.local/lib/python3.10/site-packages/airflow/example_dags/example_time_delta_sensor_async.py
[2025-04-02T15:50:15.988+0200] {logging_mixin.py:190} INFO - [2025-04-02T15:50:15.988+0200] {dag.py:3239} INFO - Sync 1 DAGs
[2025-04-02T15:50:16.005+0200] {logging_mixin.py:190} INFO - [2025-04-02T15:50:16.005+0200] {dag.py:4180} INFO - Setting next_dagrun for example_time_delta_sensor_async to None, run_after=None
[2025-04-02T15:50:16.030+0200] {processor.py:208} INFO - Processing /home/munyah/.local/lib/python3.10/site-packages/airflow/example_dags/example_time_delta_sensor_async.py took 0.081 seconds
[2025-04-02T15:51:32.177+0200] {processor.py:186} INFO - Started process (PID=15752) to work on /home/munyah/.local/lib/python3.10/site-packages/airflow/example_dags/example_time_delta_sensor_async.py
[2025-04-02T15:51:32.179+0200] {processor.py:914} INFO - Processing file /home/munyah/.local/lib/python3.10/site-packages/airflow/example_dags/example_time_delta_sensor_async.py for tasks to queue
[2025-04-02T15:51:32.184+0200] {logging_mixin.py:190} INFO - [2025-04-02T15:51:32.184+0200] {dagbag.py:588} INFO - Filling up the DagBag from /home/munyah/.local/lib/python3.10/site-packages/airflow/example_dags/example_time_delta_sensor_async.py
[2025-04-02T15:51:32.199+0200] {processor.py:925} INFO - DAG(s) 'example_time_delta_sensor_async' retrieved from /home/munyah/.local/lib/python3.10/site-packages/airflow/example_dags/example_time_delta_sensor_async.py
[2025-04-02T15:51:32.219+0200] {logging_mixin.py:190} INFO - [2025-04-02T15:51:32.218+0200] {dag.py:3239} INFO - Sync 1 DAGs
[2025-04-02T15:51:32.234+0200] {logging_mixin.py:190} INFO - [2025-04-02T15:51:32.234+0200] {dag.py:4180} INFO - Setting next_dagrun for example_time_delta_sensor_async to None, run_after=None
[2025-04-02T15:51:32.257+0200] {processor.py:208} INFO - Processing /home/munyah/.local/lib/python3.10/site-packages/airflow/example_dags/example_time_delta_sensor_async.py took 0.094 seconds
[2025-04-02T15:52:48.571+0200] {processor.py:186} INFO - Started process (PID=16586) to work on /home/munyah/.local/lib/python3.10/site-packages/airflow/example_dags/example_time_delta_sensor_async.py
[2025-04-02T15:52:48.572+0200] {processor.py:914} INFO - Processing file /home/munyah/.local/lib/python3.10/site-packages/airflow/example_dags/example_time_delta_sensor_async.py for tasks to queue
[2025-04-02T15:52:48.576+0200] {logging_mixin.py:190} INFO - [2025-04-02T15:52:48.575+0200] {dagbag.py:588} INFO - Filling up the DagBag from /home/munyah/.local/lib/python3.10/site-packages/airflow/example_dags/example_time_delta_sensor_async.py
[2025-04-02T15:52:48.589+0200] {processor.py:925} INFO - DAG(s) 'example_time_delta_sensor_async' retrieved from /home/munyah/.local/lib/python3.10/site-packages/airflow/example_dags/example_time_delta_sensor_async.py
[2025-04-02T15:52:48.615+0200] {logging_mixin.py:190} INFO - [2025-04-02T15:52:48.615+0200] {dag.py:3239} INFO - Sync 1 DAGs
[2025-04-02T15:52:48.634+0200] {logging_mixin.py:190} INFO - [2025-04-02T15:52:48.634+0200] {dag.py:4180} INFO - Setting next_dagrun for example_time_delta_sensor_async to None, run_after=None
[2025-04-02T15:52:48.791+0200] {processor.py:208} INFO - Processing /home/munyah/.local/lib/python3.10/site-packages/airflow/example_dags/example_time_delta_sensor_async.py took 0.232 seconds
[2025-04-02T15:54:02.293+0200] {processor.py:186} INFO - Started process (PID=18315) to work on /home/munyah/.local/lib/python3.10/site-packages/airflow/example_dags/example_time_delta_sensor_async.py
[2025-04-02T15:54:02.296+0200] {processor.py:914} INFO - Processing file /home/munyah/.local/lib/python3.10/site-packages/airflow/example_dags/example_time_delta_sensor_async.py for tasks to queue
[2025-04-02T15:54:02.304+0200] {logging_mixin.py:190} INFO - [2025-04-02T15:54:02.303+0200] {dagbag.py:588} INFO - Filling up the DagBag from /home/munyah/.local/lib/python3.10/site-packages/airflow/example_dags/example_time_delta_sensor_async.py
[2025-04-02T15:54:02.316+0200] {processor.py:925} INFO - DAG(s) 'example_time_delta_sensor_async' retrieved from /home/munyah/.local/lib/python3.10/site-packages/airflow/example_dags/example_time_delta_sensor_async.py
[2025-04-02T15:54:02.336+0200] {logging_mixin.py:190} INFO - [2025-04-02T15:54:02.336+0200] {dag.py:3239} INFO - Sync 1 DAGs
[2025-04-02T15:54:02.350+0200] {logging_mixin.py:190} INFO - [2025-04-02T15:54:02.350+0200] {dag.py:4180} INFO - Setting next_dagrun for example_time_delta_sensor_async to None, run_after=None
[2025-04-02T15:54:02.514+0200] {processor.py:208} INFO - Processing /home/munyah/.local/lib/python3.10/site-packages/airflow/example_dags/example_time_delta_sensor_async.py took 0.248 seconds
