[2025-04-02T15:49:52.490+0200] {processor.py:186} INFO - Started process (PID=15209) to work on /home/munyah/.local/lib/python3.10/site-packages/airflow/example_dags/example_branch_day_of_week_operator.py
[2025-04-02T15:49:52.491+0200] {processor.py:914} INFO - Processing file /home/munyah/.local/lib/python3.10/site-packages/airflow/example_dags/example_branch_day_of_week_operator.py for tasks to queue
[2025-04-02T15:49:52.495+0200] {logging_mixin.py:190} INFO - [2025-04-02T15:49:52.494+0200] {dagbag.py:588} INFO - Filling up the DagBag from /home/munyah/.local/lib/python3.10/site-packages/airflow/example_dags/example_branch_day_of_week_operator.py
[2025-04-02T15:49:52.514+0200] {processor.py:925} INFO - DAG(s) 'example_weekday_branch_operator' retrieved from /home/munyah/.local/lib/python3.10/site-packages/airflow/example_dags/example_branch_day_of_week_operator.py
[2025-04-02T15:49:52.536+0200] {logging_mixin.py:190} INFO - [2025-04-02T15:49:52.535+0200] {dag.py:3239} INFO - Sync 1 DAGs
[2025-04-02T15:49:52.561+0200] {logging_mixin.py:190} INFO - [2025-04-02T15:49:52.561+0200] {dag.py:4180} INFO - Setting next_dagrun for example_weekday_branch_operator to 2025-04-01 00:00:00+00:00, run_after=2025-04-02 00:00:00+00:00
[2025-04-02T15:49:52.583+0200] {processor.py:208} INFO - Processing /home/munyah/.local/lib/python3.10/site-packages/airflow/example_dags/example_branch_day_of_week_operator.py took 0.105 seconds
[2025-04-02T15:51:09.899+0200] {processor.py:186} INFO - Started process (PID=15647) to work on /home/munyah/.local/lib/python3.10/site-packages/airflow/example_dags/example_branch_day_of_week_operator.py
[2025-04-02T15:51:09.906+0200] {processor.py:914} INFO - Processing file /home/munyah/.local/lib/python3.10/site-packages/airflow/example_dags/example_branch_day_of_week_operator.py for tasks to queue
[2025-04-02T15:51:09.916+0200] {logging_mixin.py:190} INFO - [2025-04-02T15:51:09.915+0200] {dagbag.py:588} INFO - Filling up the DagBag from /home/munyah/.local/lib/python3.10/site-packages/airflow/example_dags/example_branch_day_of_week_operator.py
[2025-04-02T15:51:09.944+0200] {processor.py:925} INFO - DAG(s) 'example_weekday_branch_operator' retrieved from /home/munyah/.local/lib/python3.10/site-packages/airflow/example_dags/example_branch_day_of_week_operator.py
[2025-04-02T15:51:09.970+0200] {logging_mixin.py:190} INFO - [2025-04-02T15:51:09.970+0200] {dag.py:3239} INFO - Sync 1 DAGs
[2025-04-02T15:51:10.000+0200] {logging_mixin.py:190} INFO - [2025-04-02T15:51:10.000+0200] {dag.py:4180} INFO - Setting next_dagrun for example_weekday_branch_operator to 2025-04-01 00:00:00+00:00, run_after=2025-04-02 00:00:00+00:00
[2025-04-02T15:51:10.026+0200] {processor.py:208} INFO - Processing /home/munyah/.local/lib/python3.10/site-packages/airflow/example_dags/example_branch_day_of_week_operator.py took 0.164 seconds
[2025-04-02T15:52:25.125+0200] {processor.py:186} INFO - Started process (PID=16457) to work on /home/munyah/.local/lib/python3.10/site-packages/airflow/example_dags/example_branch_day_of_week_operator.py
[2025-04-02T15:52:25.127+0200] {processor.py:914} INFO - Processing file /home/munyah/.local/lib/python3.10/site-packages/airflow/example_dags/example_branch_day_of_week_operator.py for tasks to queue
[2025-04-02T15:52:25.133+0200] {logging_mixin.py:190} INFO - [2025-04-02T15:52:25.132+0200] {dagbag.py:588} INFO - Filling up the DagBag from /home/munyah/.local/lib/python3.10/site-packages/airflow/example_dags/example_branch_day_of_week_operator.py
[2025-04-02T15:52:25.154+0200] {processor.py:925} INFO - DAG(s) 'example_weekday_branch_operator' retrieved from /home/munyah/.local/lib/python3.10/site-packages/airflow/example_dags/example_branch_day_of_week_operator.py
[2025-04-02T15:52:25.175+0200] {logging_mixin.py:190} INFO - [2025-04-02T15:52:25.175+0200] {dag.py:3239} INFO - Sync 1 DAGs
[2025-04-02T15:52:25.202+0200] {logging_mixin.py:190} INFO - [2025-04-02T15:52:25.202+0200] {dag.py:4180} INFO - Setting next_dagrun for example_weekday_branch_operator to 2025-04-01 00:00:00+00:00, run_after=2025-04-02 00:00:00+00:00
[2025-04-02T15:52:25.227+0200] {processor.py:208} INFO - Processing /home/munyah/.local/lib/python3.10/site-packages/airflow/example_dags/example_branch_day_of_week_operator.py took 0.118 seconds
[2025-04-02T15:53:37.258+0200] {processor.py:186} INFO - Started process (PID=17723) to work on /home/munyah/.local/lib/python3.10/site-packages/airflow/example_dags/example_branch_day_of_week_operator.py
[2025-04-02T15:53:37.260+0200] {processor.py:914} INFO - Processing file /home/munyah/.local/lib/python3.10/site-packages/airflow/example_dags/example_branch_day_of_week_operator.py for tasks to queue
[2025-04-02T15:53:37.266+0200] {logging_mixin.py:190} INFO - [2025-04-02T15:53:37.265+0200] {dagbag.py:588} INFO - Filling up the DagBag from /home/munyah/.local/lib/python3.10/site-packages/airflow/example_dags/example_branch_day_of_week_operator.py
[2025-04-02T15:53:37.284+0200] {processor.py:925} INFO - DAG(s) 'example_weekday_branch_operator' retrieved from /home/munyah/.local/lib/python3.10/site-packages/airflow/example_dags/example_branch_day_of_week_operator.py
[2025-04-02T15:53:37.303+0200] {logging_mixin.py:190} INFO - [2025-04-02T15:53:37.303+0200] {dag.py:3239} INFO - Sync 1 DAGs
[2025-04-02T15:53:37.327+0200] {logging_mixin.py:190} INFO - [2025-04-02T15:53:37.326+0200] {dag.py:4180} INFO - Setting next_dagrun for example_weekday_branch_operator to 2025-04-01 00:00:00+00:00, run_after=2025-04-02 00:00:00+00:00
[2025-04-02T15:53:37.488+0200] {processor.py:208} INFO - Processing /home/munyah/.local/lib/python3.10/site-packages/airflow/example_dags/example_branch_day_of_week_operator.py took 0.244 seconds
[2025-04-02T15:54:52.413+0200] {processor.py:186} INFO - Started process (PID=18461) to work on /home/munyah/.local/lib/python3.10/site-packages/airflow/example_dags/example_branch_day_of_week_operator.py
[2025-04-02T15:54:52.414+0200] {processor.py:914} INFO - Processing file /home/munyah/.local/lib/python3.10/site-packages/airflow/example_dags/example_branch_day_of_week_operator.py for tasks to queue
[2025-04-02T15:54:52.418+0200] {logging_mixin.py:190} INFO - [2025-04-02T15:54:52.417+0200] {dagbag.py:588} INFO - Filling up the DagBag from /home/munyah/.local/lib/python3.10/site-packages/airflow/example_dags/example_branch_day_of_week_operator.py
[2025-04-02T15:54:52.433+0200] {processor.py:925} INFO - DAG(s) 'example_weekday_branch_operator' retrieved from /home/munyah/.local/lib/python3.10/site-packages/airflow/example_dags/example_branch_day_of_week_operator.py
[2025-04-02T15:54:52.458+0200] {logging_mixin.py:190} INFO - [2025-04-02T15:54:52.458+0200] {dag.py:3239} INFO - Sync 1 DAGs
[2025-04-02T15:54:52.490+0200] {logging_mixin.py:190} INFO - [2025-04-02T15:54:52.490+0200] {dag.py:4180} INFO - Setting next_dagrun for example_weekday_branch_operator to 2025-04-01 00:00:00+00:00, run_after=2025-04-02 00:00:00+00:00
[2025-04-02T15:54:52.655+0200] {processor.py:208} INFO - Processing /home/munyah/.local/lib/python3.10/site-packages/airflow/example_dags/example_branch_day_of_week_operator.py took 0.255 seconds
