[2025-04-02T15:49:09.332+0200] {processor.py:186} INFO - Started process (PID=15079) to work on /home/munyah/.local/lib/python3.10/site-packages/airflow/example_dags/example_workday_timetable.py
[2025-04-02T15:49:09.333+0200] {processor.py:914} INFO - Processing file /home/munyah/.local/lib/python3.10/site-packages/airflow/example_dags/example_workday_timetable.py for tasks to queue
[2025-04-02T15:49:09.338+0200] {logging_mixin.py:190} INFO - [2025-04-02T15:49:09.337+0200] {dagbag.py:588} INFO - Filling up the DagBag from /home/munyah/.local/lib/python3.10/site-packages/airflow/example_dags/example_workday_timetable.py
[2025-04-02T15:49:09.350+0200] {processor.py:925} INFO - DAG(s) 'example_workday_timetable' retrieved from /home/munyah/.local/lib/python3.10/site-packages/airflow/example_dags/example_workday_timetable.py
[2025-04-02T15:49:09.380+0200] {logging_mixin.py:190} INFO - [2025-04-02T15:49:09.379+0200] {dag.py:3239} INFO - Sync 1 DAGs
[2025-04-02T15:49:09.504+0200] {logging_mixin.py:190} INFO - [2025-04-02T15:49:09.503+0200] {dag.py:4180} INFO - Setting next_dagrun for example_workday_timetable to 2021-01-04 00:00:00+00:00, run_after=2021-01-05 00:00:00+00:00
[2025-04-02T15:49:09.535+0200] {processor.py:208} INFO - Processing /home/munyah/.local/lib/python3.10/site-packages/airflow/example_dags/example_workday_timetable.py took 0.215 seconds
[2025-04-02T15:50:17.112+0200] {processor.py:186} INFO - Started process (PID=15477) to work on /home/munyah/.local/lib/python3.10/site-packages/airflow/example_dags/example_workday_timetable.py
[2025-04-02T15:50:17.114+0200] {processor.py:914} INFO - Processing file /home/munyah/.local/lib/python3.10/site-packages/airflow/example_dags/example_workday_timetable.py for tasks to queue
[2025-04-02T15:50:17.117+0200] {logging_mixin.py:190} INFO - [2025-04-02T15:50:17.116+0200] {dagbag.py:588} INFO - Filling up the DagBag from /home/munyah/.local/lib/python3.10/site-packages/airflow/example_dags/example_workday_timetable.py
[2025-04-02T15:50:17.124+0200] {processor.py:925} INFO - DAG(s) 'example_workday_timetable' retrieved from /home/munyah/.local/lib/python3.10/site-packages/airflow/example_dags/example_workday_timetable.py
[2025-04-02T15:50:17.143+0200] {logging_mixin.py:190} INFO - [2025-04-02T15:50:17.143+0200] {dag.py:3239} INFO - Sync 1 DAGs
[2025-04-02T15:50:17.216+0200] {logging_mixin.py:190} INFO - [2025-04-02T15:50:17.216+0200] {dag.py:4180} INFO - Setting next_dagrun for example_workday_timetable to 2021-01-04 00:00:00+00:00, run_after=2021-01-05 00:00:00+00:00
[2025-04-02T15:50:17.367+0200] {processor.py:208} INFO - Processing /home/munyah/.local/lib/python3.10/site-packages/airflow/example_dags/example_workday_timetable.py took 0.263 seconds
[2025-04-02T15:51:33.448+0200] {processor.py:186} INFO - Started process (PID=15755) to work on /home/munyah/.local/lib/python3.10/site-packages/airflow/example_dags/example_workday_timetable.py
[2025-04-02T15:51:33.450+0200] {processor.py:914} INFO - Processing file /home/munyah/.local/lib/python3.10/site-packages/airflow/example_dags/example_workday_timetable.py for tasks to queue
[2025-04-02T15:51:33.452+0200] {logging_mixin.py:190} INFO - [2025-04-02T15:51:33.452+0200] {dagbag.py:588} INFO - Filling up the DagBag from /home/munyah/.local/lib/python3.10/site-packages/airflow/example_dags/example_workday_timetable.py
[2025-04-02T15:51:33.461+0200] {processor.py:925} INFO - DAG(s) 'example_workday_timetable' retrieved from /home/munyah/.local/lib/python3.10/site-packages/airflow/example_dags/example_workday_timetable.py
[2025-04-02T15:51:33.481+0200] {logging_mixin.py:190} INFO - [2025-04-02T15:51:33.481+0200] {dag.py:3239} INFO - Sync 1 DAGs
[2025-04-02T15:51:33.549+0200] {logging_mixin.py:190} INFO - [2025-04-02T15:51:33.549+0200] {dag.py:4180} INFO - Setting next_dagrun for example_workday_timetable to 2021-01-04 00:00:00+00:00, run_after=2021-01-05 00:00:00+00:00
[2025-04-02T15:51:33.703+0200] {processor.py:208} INFO - Processing /home/munyah/.local/lib/python3.10/site-packages/airflow/example_dags/example_workday_timetable.py took 0.263 seconds
[2025-04-02T15:52:49.164+0200] {processor.py:186} INFO - Started process (PID=16592) to work on /home/munyah/.local/lib/python3.10/site-packages/airflow/example_dags/example_workday_timetable.py
[2025-04-02T15:52:49.167+0200] {processor.py:914} INFO - Processing file /home/munyah/.local/lib/python3.10/site-packages/airflow/example_dags/example_workday_timetable.py for tasks to queue
[2025-04-02T15:52:49.176+0200] {logging_mixin.py:190} INFO - [2025-04-02T15:52:49.174+0200] {dagbag.py:588} INFO - Filling up the DagBag from /home/munyah/.local/lib/python3.10/site-packages/airflow/example_dags/example_workday_timetable.py
[2025-04-02T15:52:49.196+0200] {processor.py:925} INFO - DAG(s) 'example_workday_timetable' retrieved from /home/munyah/.local/lib/python3.10/site-packages/airflow/example_dags/example_workday_timetable.py
[2025-04-02T15:52:49.220+0200] {logging_mixin.py:190} INFO - [2025-04-02T15:52:49.220+0200] {dag.py:3239} INFO - Sync 1 DAGs
[2025-04-02T15:52:49.423+0200] {logging_mixin.py:190} INFO - [2025-04-02T15:52:49.423+0200] {dag.py:4180} INFO - Setting next_dagrun for example_workday_timetable to 2021-01-04 00:00:00+00:00, run_after=2021-01-05 00:00:00+00:00
[2025-04-02T15:52:49.445+0200] {processor.py:208} INFO - Processing /home/munyah/.local/lib/python3.10/site-packages/airflow/example_dags/example_workday_timetable.py took 0.304 seconds
[2025-04-02T15:54:03.391+0200] {processor.py:186} INFO - Started process (PID=18318) to work on /home/munyah/.local/lib/python3.10/site-packages/airflow/example_dags/example_workday_timetable.py
[2025-04-02T15:54:03.392+0200] {processor.py:914} INFO - Processing file /home/munyah/.local/lib/python3.10/site-packages/airflow/example_dags/example_workday_timetable.py for tasks to queue
[2025-04-02T15:54:03.396+0200] {logging_mixin.py:190} INFO - [2025-04-02T15:54:03.395+0200] {dagbag.py:588} INFO - Filling up the DagBag from /home/munyah/.local/lib/python3.10/site-packages/airflow/example_dags/example_workday_timetable.py
[2025-04-02T15:54:03.404+0200] {processor.py:925} INFO - DAG(s) 'example_workday_timetable' retrieved from /home/munyah/.local/lib/python3.10/site-packages/airflow/example_dags/example_workday_timetable.py
[2025-04-02T15:54:03.421+0200] {logging_mixin.py:190} INFO - [2025-04-02T15:54:03.421+0200] {dag.py:3239} INFO - Sync 1 DAGs
[2025-04-02T15:54:03.628+0200] {logging_mixin.py:190} INFO - [2025-04-02T15:54:03.627+0200] {dag.py:4180} INFO - Setting next_dagrun for example_workday_timetable to 2021-01-04 00:00:00+00:00, run_after=2021-01-05 00:00:00+00:00
[2025-04-02T15:54:03.651+0200] {processor.py:208} INFO - Processing /home/munyah/.local/lib/python3.10/site-packages/airflow/example_dags/example_workday_timetable.py took 0.271 seconds
