[2025-04-02T15:49:49.301+0200] {processor.py:186} INFO - Started process (PID=15201) to work on /home/munyah/.local/lib/python3.10/site-packages/airflow/example_dags/example_branch_labels.py
[2025-04-02T15:49:49.303+0200] {processor.py:914} INFO - Processing file /home/munyah/.local/lib/python3.10/site-packages/airflow/example_dags/example_branch_labels.py for tasks to queue
[2025-04-02T15:49:49.307+0200] {logging_mixin.py:190} INFO - [2025-04-02T15:49:49.306+0200] {dagbag.py:588} INFO - Filling up the DagBag from /home/munyah/.local/lib/python3.10/site-packages/airflow/example_dags/example_branch_labels.py
[2025-04-02T15:49:49.332+0200] {processor.py:925} INFO - DAG(s) 'example_branch_labels' retrieved from /home/munyah/.local/lib/python3.10/site-packages/airflow/example_dags/example_branch_labels.py
[2025-04-02T15:49:49.357+0200] {logging_mixin.py:190} INFO - [2025-04-02T15:49:49.357+0200] {dag.py:3239} INFO - Sync 1 DAGs
[2025-04-02T15:49:49.381+0200] {logging_mixin.py:190} INFO - [2025-04-02T15:49:49.381+0200] {dag.py:4180} INFO - Setting next_dagrun for example_branch_labels to 2025-04-01 00:00:00+00:00, run_after=2025-04-02 00:00:00+00:00
[2025-04-02T15:49:49.404+0200] {processor.py:208} INFO - Processing /home/munyah/.local/lib/python3.10/site-packages/airflow/example_dags/example_branch_labels.py took 0.116 seconds
[2025-04-02T15:51:06.007+0200] {processor.py:186} INFO - Started process (PID=15633) to work on /home/munyah/.local/lib/python3.10/site-packages/airflow/example_dags/example_branch_labels.py
[2025-04-02T15:51:06.008+0200] {processor.py:914} INFO - Processing file /home/munyah/.local/lib/python3.10/site-packages/airflow/example_dags/example_branch_labels.py for tasks to queue
[2025-04-02T15:51:06.011+0200] {logging_mixin.py:190} INFO - [2025-04-02T15:51:06.011+0200] {dagbag.py:588} INFO - Filling up the DagBag from /home/munyah/.local/lib/python3.10/site-packages/airflow/example_dags/example_branch_labels.py
[2025-04-02T15:51:06.024+0200] {processor.py:925} INFO - DAG(s) 'example_branch_labels' retrieved from /home/munyah/.local/lib/python3.10/site-packages/airflow/example_dags/example_branch_labels.py
[2025-04-02T15:51:06.045+0200] {logging_mixin.py:190} INFO - [2025-04-02T15:51:06.044+0200] {dag.py:3239} INFO - Sync 1 DAGs
[2025-04-02T15:51:06.081+0200] {logging_mixin.py:190} INFO - [2025-04-02T15:51:06.081+0200] {dag.py:4180} INFO - Setting next_dagrun for example_branch_labels to 2025-04-01 00:00:00+00:00, run_after=2025-04-02 00:00:00+00:00
[2025-04-02T15:51:06.108+0200] {processor.py:208} INFO - Processing /home/munyah/.local/lib/python3.10/site-packages/airflow/example_dags/example_branch_labels.py took 0.110 seconds
[2025-04-02T15:52:21.992+0200] {processor.py:186} INFO - Started process (PID=16448) to work on /home/munyah/.local/lib/python3.10/site-packages/airflow/example_dags/example_branch_labels.py
[2025-04-02T15:52:21.994+0200] {processor.py:914} INFO - Processing file /home/munyah/.local/lib/python3.10/site-packages/airflow/example_dags/example_branch_labels.py for tasks to queue
[2025-04-02T15:52:21.997+0200] {logging_mixin.py:190} INFO - [2025-04-02T15:52:21.996+0200] {dagbag.py:588} INFO - Filling up the DagBag from /home/munyah/.local/lib/python3.10/site-packages/airflow/example_dags/example_branch_labels.py
[2025-04-02T15:52:22.014+0200] {processor.py:925} INFO - DAG(s) 'example_branch_labels' retrieved from /home/munyah/.local/lib/python3.10/site-packages/airflow/example_dags/example_branch_labels.py
[2025-04-02T15:52:22.036+0200] {logging_mixin.py:190} INFO - [2025-04-02T15:52:22.035+0200] {dag.py:3239} INFO - Sync 1 DAGs
[2025-04-02T15:52:22.063+0200] {logging_mixin.py:190} INFO - [2025-04-02T15:52:22.063+0200] {dag.py:4180} INFO - Setting next_dagrun for example_branch_labels to 2025-04-01 00:00:00+00:00, run_after=2025-04-02 00:00:00+00:00
[2025-04-02T15:52:22.089+0200] {processor.py:208} INFO - Processing /home/munyah/.local/lib/python3.10/site-packages/airflow/example_dags/example_branch_labels.py took 0.108 seconds
[2025-04-02T15:53:34.431+0200] {processor.py:186} INFO - Started process (PID=17716) to work on /home/munyah/.local/lib/python3.10/site-packages/airflow/example_dags/example_branch_labels.py
[2025-04-02T15:53:34.434+0200] {processor.py:914} INFO - Processing file /home/munyah/.local/lib/python3.10/site-packages/airflow/example_dags/example_branch_labels.py for tasks to queue
[2025-04-02T15:53:34.441+0200] {logging_mixin.py:190} INFO - [2025-04-02T15:53:34.439+0200] {dagbag.py:588} INFO - Filling up the DagBag from /home/munyah/.local/lib/python3.10/site-packages/airflow/example_dags/example_branch_labels.py
[2025-04-02T15:53:34.467+0200] {processor.py:925} INFO - DAG(s) 'example_branch_labels' retrieved from /home/munyah/.local/lib/python3.10/site-packages/airflow/example_dags/example_branch_labels.py
[2025-04-02T15:53:34.502+0200] {logging_mixin.py:190} INFO - [2025-04-02T15:53:34.501+0200] {dag.py:3239} INFO - Sync 1 DAGs
[2025-04-02T15:53:34.546+0200] {logging_mixin.py:190} INFO - [2025-04-02T15:53:34.545+0200] {dag.py:4180} INFO - Setting next_dagrun for example_branch_labels to 2025-04-01 00:00:00+00:00, run_after=2025-04-02 00:00:00+00:00
[2025-04-02T15:53:34.588+0200] {processor.py:208} INFO - Processing /home/munyah/.local/lib/python3.10/site-packages/airflow/example_dags/example_branch_labels.py took 0.168 seconds
[2025-04-02T15:54:48.981+0200] {processor.py:186} INFO - Started process (PID=18453) to work on /home/munyah/.local/lib/python3.10/site-packages/airflow/example_dags/example_branch_labels.py
[2025-04-02T15:54:48.982+0200] {processor.py:914} INFO - Processing file /home/munyah/.local/lib/python3.10/site-packages/airflow/example_dags/example_branch_labels.py for tasks to queue
[2025-04-02T15:54:48.988+0200] {logging_mixin.py:190} INFO - [2025-04-02T15:54:48.987+0200] {dagbag.py:588} INFO - Filling up the DagBag from /home/munyah/.local/lib/python3.10/site-packages/airflow/example_dags/example_branch_labels.py
[2025-04-02T15:54:49.016+0200] {processor.py:925} INFO - DAG(s) 'example_branch_labels' retrieved from /home/munyah/.local/lib/python3.10/site-packages/airflow/example_dags/example_branch_labels.py
[2025-04-02T15:54:49.050+0200] {logging_mixin.py:190} INFO - [2025-04-02T15:54:49.049+0200] {dag.py:3239} INFO - Sync 1 DAGs
[2025-04-02T15:54:49.102+0200] {logging_mixin.py:190} INFO - [2025-04-02T15:54:49.102+0200] {dag.py:4180} INFO - Setting next_dagrun for example_branch_labels to 2025-04-01 00:00:00+00:00, run_after=2025-04-02 00:00:00+00:00
[2025-04-02T15:54:49.152+0200] {processor.py:208} INFO - Processing /home/munyah/.local/lib/python3.10/site-packages/airflow/example_dags/example_branch_labels.py took 0.187 seconds
