[2025-04-02T15:49:25.200+0200] {processor.py:186} INFO - Started process (PID=15142) to work on /home/munyah/.local/lib/python3.10/site-packages/airflow/example_dags/example_python_decorator.py
[2025-04-02T15:49:25.201+0200] {processor.py:914} INFO - Processing file /home/munyah/.local/lib/python3.10/site-packages/airflow/example_dags/example_python_decorator.py for tasks to queue
[2025-04-02T15:49:25.204+0200] {logging_mixin.py:190} INFO - [2025-04-02T15:49:25.203+0200] {dagbag.py:588} INFO - Filling up the DagBag from /home/munyah/.local/lib/python3.10/site-packages/airflow/example_dags/example_python_decorator.py
[2025-04-02T15:49:25.216+0200] {logging_mixin.py:190} INFO - [2025-04-02T15:49:25.216+0200] {example_python_decorator.py:80} WARNING - The virtalenv_python example task requires virtualenv, please install it.
[2025-04-02T15:49:25.218+0200] {processor.py:925} INFO - DAG(s) 'example_python_decorator' retrieved from /home/munyah/.local/lib/python3.10/site-packages/airflow/example_dags/example_python_decorator.py
[2025-04-02T15:49:25.239+0200] {logging_mixin.py:190} INFO - [2025-04-02T15:49:25.239+0200] {dag.py:3239} INFO - Sync 1 DAGs
[2025-04-02T15:49:25.254+0200] {logging_mixin.py:190} INFO - [2025-04-02T15:49:25.254+0200] {dag.py:4180} INFO - Setting next_dagrun for example_python_decorator to None, run_after=None
[2025-04-02T15:49:25.278+0200] {processor.py:208} INFO - Processing /home/munyah/.local/lib/python3.10/site-packages/airflow/example_dags/example_python_decorator.py took 0.090 seconds
[2025-04-02T15:50:34.218+0200] {processor.py:186} INFO - Started process (PID=15536) to work on /home/munyah/.local/lib/python3.10/site-packages/airflow/example_dags/example_python_decorator.py
[2025-04-02T15:50:34.220+0200] {processor.py:914} INFO - Processing file /home/munyah/.local/lib/python3.10/site-packages/airflow/example_dags/example_python_decorator.py for tasks to queue
[2025-04-02T15:50:34.225+0200] {logging_mixin.py:190} INFO - [2025-04-02T15:50:34.224+0200] {dagbag.py:588} INFO - Filling up the DagBag from /home/munyah/.local/lib/python3.10/site-packages/airflow/example_dags/example_python_decorator.py
[2025-04-02T15:50:34.242+0200] {logging_mixin.py:190} INFO - [2025-04-02T15:50:34.242+0200] {example_python_decorator.py:80} WARNING - The virtalenv_python example task requires virtualenv, please install it.
[2025-04-02T15:50:34.246+0200] {processor.py:925} INFO - DAG(s) 'example_python_decorator' retrieved from /home/munyah/.local/lib/python3.10/site-packages/airflow/example_dags/example_python_decorator.py
[2025-04-02T15:50:34.267+0200] {logging_mixin.py:190} INFO - [2025-04-02T15:50:34.267+0200] {dag.py:3239} INFO - Sync 1 DAGs
[2025-04-02T15:50:34.282+0200] {logging_mixin.py:190} INFO - [2025-04-02T15:50:34.282+0200] {dag.py:4180} INFO - Setting next_dagrun for example_python_decorator to None, run_after=None
[2025-04-02T15:50:34.306+0200] {processor.py:208} INFO - Processing /home/munyah/.local/lib/python3.10/site-packages/airflow/example_dags/example_python_decorator.py took 0.111 seconds
[2025-04-02T15:51:50.120+0200] {processor.py:186} INFO - Started process (PID=15818) to work on /home/munyah/.local/lib/python3.10/site-packages/airflow/example_dags/example_python_decorator.py
[2025-04-02T15:51:50.123+0200] {processor.py:914} INFO - Processing file /home/munyah/.local/lib/python3.10/site-packages/airflow/example_dags/example_python_decorator.py for tasks to queue
[2025-04-02T15:51:50.130+0200] {logging_mixin.py:190} INFO - [2025-04-02T15:51:50.128+0200] {dagbag.py:588} INFO - Filling up the DagBag from /home/munyah/.local/lib/python3.10/site-packages/airflow/example_dags/example_python_decorator.py
[2025-04-02T15:51:50.162+0200] {logging_mixin.py:190} INFO - [2025-04-02T15:51:50.162+0200] {example_python_decorator.py:80} WARNING - The virtalenv_python example task requires virtualenv, please install it.
[2025-04-02T15:51:50.169+0200] {processor.py:925} INFO - DAG(s) 'example_python_decorator' retrieved from /home/munyah/.local/lib/python3.10/site-packages/airflow/example_dags/example_python_decorator.py
[2025-04-02T15:51:50.193+0200] {logging_mixin.py:190} INFO - [2025-04-02T15:51:50.193+0200] {dag.py:3239} INFO - Sync 1 DAGs
[2025-04-02T15:51:50.217+0200] {logging_mixin.py:190} INFO - [2025-04-02T15:51:50.216+0200] {dag.py:4180} INFO - Setting next_dagrun for example_python_decorator to None, run_after=None
[2025-04-02T15:51:50.241+0200] {processor.py:208} INFO - Processing /home/munyah/.local/lib/python3.10/site-packages/airflow/example_dags/example_python_decorator.py took 0.140 seconds
[2025-04-02T15:53:05.115+0200] {processor.py:186} INFO - Started process (PID=17110) to work on /home/munyah/.local/lib/python3.10/site-packages/airflow/example_dags/example_python_decorator.py
[2025-04-02T15:53:05.117+0200] {processor.py:914} INFO - Processing file /home/munyah/.local/lib/python3.10/site-packages/airflow/example_dags/example_python_decorator.py for tasks to queue
[2025-04-02T15:53:05.120+0200] {logging_mixin.py:190} INFO - [2025-04-02T15:53:05.120+0200] {dagbag.py:588} INFO - Filling up the DagBag from /home/munyah/.local/lib/python3.10/site-packages/airflow/example_dags/example_python_decorator.py
[2025-04-02T15:53:05.133+0200] {logging_mixin.py:190} INFO - [2025-04-02T15:53:05.133+0200] {example_python_decorator.py:80} WARNING - The virtalenv_python example task requires virtualenv, please install it.
[2025-04-02T15:53:05.136+0200] {processor.py:925} INFO - DAG(s) 'example_python_decorator' retrieved from /home/munyah/.local/lib/python3.10/site-packages/airflow/example_dags/example_python_decorator.py
[2025-04-02T15:53:05.157+0200] {logging_mixin.py:190} INFO - [2025-04-02T15:53:05.157+0200] {dag.py:3239} INFO - Sync 1 DAGs
[2025-04-02T15:53:05.323+0200] {logging_mixin.py:190} INFO - [2025-04-02T15:53:05.323+0200] {dag.py:4180} INFO - Setting next_dagrun for example_python_decorator to None, run_after=None
[2025-04-02T15:53:05.352+0200] {processor.py:208} INFO - Processing /home/munyah/.local/lib/python3.10/site-packages/airflow/example_dags/example_python_decorator.py took 0.246 seconds
[2025-04-02T15:54:18.800+0200] {processor.py:186} INFO - Started process (PID=18355) to work on /home/munyah/.local/lib/python3.10/site-packages/airflow/example_dags/example_python_decorator.py
[2025-04-02T15:54:18.802+0200] {processor.py:914} INFO - Processing file /home/munyah/.local/lib/python3.10/site-packages/airflow/example_dags/example_python_decorator.py for tasks to queue
[2025-04-02T15:54:18.805+0200] {logging_mixin.py:190} INFO - [2025-04-02T15:54:18.805+0200] {dagbag.py:588} INFO - Filling up the DagBag from /home/munyah/.local/lib/python3.10/site-packages/airflow/example_dags/example_python_decorator.py
[2025-04-02T15:54:18.817+0200] {logging_mixin.py:190} INFO - [2025-04-02T15:54:18.817+0200] {example_python_decorator.py:80} WARNING - The virtalenv_python example task requires virtualenv, please install it.
[2025-04-02T15:54:18.819+0200] {processor.py:925} INFO - DAG(s) 'example_python_decorator' retrieved from /home/munyah/.local/lib/python3.10/site-packages/airflow/example_dags/example_python_decorator.py
[2025-04-02T15:54:18.840+0200] {logging_mixin.py:190} INFO - [2025-04-02T15:54:18.840+0200] {dag.py:3239} INFO - Sync 1 DAGs
[2025-04-02T15:54:18.992+0200] {logging_mixin.py:190} INFO - [2025-04-02T15:54:18.992+0200] {dag.py:4180} INFO - Setting next_dagrun for example_python_decorator to None, run_after=None
[2025-04-02T15:54:19.028+0200] {processor.py:208} INFO - Processing /home/munyah/.local/lib/python3.10/site-packages/airflow/example_dags/example_python_decorator.py took 0.237 seconds
