[2025-04-02T15:49:43.247+0200] {processor.py:186} INFO - Started process (PID=15187) to work on /home/munyah/.local/lib/python3.10/site-packages/airflow/example_dags/example_datasets.py
[2025-04-02T15:49:43.248+0200] {processor.py:914} INFO - Processing file /home/munyah/.local/lib/python3.10/site-packages/airflow/example_dags/example_datasets.py for tasks to queue
[2025-04-02T15:49:43.252+0200] {logging_mixin.py:190} INFO - [2025-04-02T15:49:43.251+0200] {dagbag.py:588} INFO - Filling up the DagBag from /home/munyah/.local/lib/python3.10/site-packages/airflow/example_dags/example_datasets.py
[2025-04-02T15:49:43.281+0200] {processor.py:925} INFO - DAG(s) 'dataset_consumes_1', 'conditional_dataset_and_time_based_timetable', 'consume_1_or_both_2_and_3_with_dataset_expressions', 'consume_1_or_2_with_dataset_expressions', 'dataset_consumes_1_never_scheduled', 'dataset_consumes_1_and_2', 'dataset_consumes_unknown_never_scheduled', 'dataset_produces_2', 'dataset_produces_1', 'consume_1_and_2_with_dataset_expressions' retrieved from /home/munyah/.local/lib/python3.10/site-packages/airflow/example_dags/example_datasets.py
[2025-04-02T15:49:43.348+0200] {logging_mixin.py:190} INFO - [2025-04-02T15:49:43.347+0200] {dag.py:3239} INFO - Sync 10 DAGs
[2025-04-02T15:49:43.388+0200] {logging_mixin.py:190} INFO - [2025-04-02T15:49:43.388+0200] {dag.py:4180} INFO - Setting next_dagrun for conditional_dataset_and_time_based_timetable to 2025-04-02 01:00:00+00:00, run_after=2025-04-02 01:00:00+00:00
[2025-04-02T15:49:43.394+0200] {logging_mixin.py:190} INFO - [2025-04-02T15:49:43.394+0200] {dag.py:4180} INFO - Setting next_dagrun for consume_1_and_2_with_dataset_expressions to None, run_after=None
[2025-04-02T15:49:43.396+0200] {logging_mixin.py:190} INFO - [2025-04-02T15:49:43.395+0200] {dag.py:4180} INFO - Setting next_dagrun for consume_1_or_2_with_dataset_expressions to None, run_after=None
[2025-04-02T15:49:43.397+0200] {logging_mixin.py:190} INFO - [2025-04-02T15:49:43.397+0200] {dag.py:4180} INFO - Setting next_dagrun for consume_1_or_both_2_and_3_with_dataset_expressions to None, run_after=None
[2025-04-02T15:49:43.399+0200] {logging_mixin.py:190} INFO - [2025-04-02T15:49:43.399+0200] {dag.py:4180} INFO - Setting next_dagrun for dataset_consumes_1 to None, run_after=None
[2025-04-02T15:49:43.400+0200] {logging_mixin.py:190} INFO - [2025-04-02T15:49:43.400+0200] {dag.py:4180} INFO - Setting next_dagrun for dataset_consumes_1_and_2 to None, run_after=None
[2025-04-02T15:49:43.402+0200] {logging_mixin.py:190} INFO - [2025-04-02T15:49:43.402+0200] {dag.py:4180} INFO - Setting next_dagrun for dataset_consumes_1_never_scheduled to None, run_after=None
[2025-04-02T15:49:43.404+0200] {logging_mixin.py:190} INFO - [2025-04-02T15:49:43.403+0200] {dag.py:4180} INFO - Setting next_dagrun for dataset_consumes_unknown_never_scheduled to None, run_after=None
[2025-04-02T15:49:43.409+0200] {logging_mixin.py:190} INFO - [2025-04-02T15:49:43.408+0200] {dag.py:4180} INFO - Setting next_dagrun for dataset_produces_1 to 2025-04-01 00:00:00+00:00, run_after=2025-04-02 00:00:00+00:00
[2025-04-02T15:49:43.410+0200] {logging_mixin.py:190} INFO - [2025-04-02T15:49:43.410+0200] {dag.py:4180} INFO - Setting next_dagrun for dataset_produces_2 to None, run_after=None
[2025-04-02T15:49:43.465+0200] {processor.py:208} INFO - Processing /home/munyah/.local/lib/python3.10/site-packages/airflow/example_dags/example_datasets.py took 0.230 seconds
[2025-04-02T15:51:01.010+0200] {processor.py:186} INFO - Started process (PID=15621) to work on /home/munyah/.local/lib/python3.10/site-packages/airflow/example_dags/example_datasets.py
[2025-04-02T15:51:01.012+0200] {processor.py:914} INFO - Processing file /home/munyah/.local/lib/python3.10/site-packages/airflow/example_dags/example_datasets.py for tasks to queue
[2025-04-02T15:51:01.015+0200] {logging_mixin.py:190} INFO - [2025-04-02T15:51:01.015+0200] {dagbag.py:588} INFO - Filling up the DagBag from /home/munyah/.local/lib/python3.10/site-packages/airflow/example_dags/example_datasets.py
[2025-04-02T15:51:01.040+0200] {processor.py:925} INFO - DAG(s) 'dataset_produces_2', 'consume_1_or_both_2_and_3_with_dataset_expressions', 'consume_1_or_2_with_dataset_expressions', 'conditional_dataset_and_time_based_timetable', 'dataset_consumes_1', 'dataset_consumes_1_never_scheduled', 'consume_1_and_2_with_dataset_expressions', 'dataset_produces_1', 'dataset_consumes_1_and_2', 'dataset_consumes_unknown_never_scheduled' retrieved from /home/munyah/.local/lib/python3.10/site-packages/airflow/example_dags/example_datasets.py
[2025-04-02T15:51:01.091+0200] {logging_mixin.py:190} INFO - [2025-04-02T15:51:01.091+0200] {dag.py:3239} INFO - Sync 10 DAGs
[2025-04-02T15:51:01.129+0200] {logging_mixin.py:190} INFO - [2025-04-02T15:51:01.129+0200] {dag.py:4180} INFO - Setting next_dagrun for conditional_dataset_and_time_based_timetable to 2025-04-02 01:00:00+00:00, run_after=2025-04-02 01:00:00+00:00
[2025-04-02T15:51:01.134+0200] {logging_mixin.py:190} INFO - [2025-04-02T15:51:01.134+0200] {dag.py:4180} INFO - Setting next_dagrun for consume_1_and_2_with_dataset_expressions to None, run_after=None
[2025-04-02T15:51:01.136+0200] {logging_mixin.py:190} INFO - [2025-04-02T15:51:01.136+0200] {dag.py:4180} INFO - Setting next_dagrun for consume_1_or_2_with_dataset_expressions to None, run_after=None
[2025-04-02T15:51:01.137+0200] {logging_mixin.py:190} INFO - [2025-04-02T15:51:01.137+0200] {dag.py:4180} INFO - Setting next_dagrun for consume_1_or_both_2_and_3_with_dataset_expressions to None, run_after=None
[2025-04-02T15:51:01.138+0200] {logging_mixin.py:190} INFO - [2025-04-02T15:51:01.138+0200] {dag.py:4180} INFO - Setting next_dagrun for dataset_consumes_1 to None, run_after=None
[2025-04-02T15:51:01.140+0200] {logging_mixin.py:190} INFO - [2025-04-02T15:51:01.139+0200] {dag.py:4180} INFO - Setting next_dagrun for dataset_consumes_1_and_2 to None, run_after=None
[2025-04-02T15:51:01.141+0200] {logging_mixin.py:190} INFO - [2025-04-02T15:51:01.141+0200] {dag.py:4180} INFO - Setting next_dagrun for dataset_consumes_1_never_scheduled to None, run_after=None
[2025-04-02T15:51:01.143+0200] {logging_mixin.py:190} INFO - [2025-04-02T15:51:01.143+0200] {dag.py:4180} INFO - Setting next_dagrun for dataset_consumes_unknown_never_scheduled to None, run_after=None
[2025-04-02T15:51:01.146+0200] {logging_mixin.py:190} INFO - [2025-04-02T15:51:01.146+0200] {dag.py:4180} INFO - Setting next_dagrun for dataset_produces_1 to 2025-04-01 00:00:00+00:00, run_after=2025-04-02 00:00:00+00:00
[2025-04-02T15:51:01.148+0200] {logging_mixin.py:190} INFO - [2025-04-02T15:51:01.148+0200] {dag.py:4180} INFO - Setting next_dagrun for dataset_produces_2 to None, run_after=None
[2025-04-02T15:51:01.346+0200] {processor.py:208} INFO - Processing /home/munyah/.local/lib/python3.10/site-packages/airflow/example_dags/example_datasets.py took 0.343 seconds
[2025-04-02T15:52:16.199+0200] {processor.py:186} INFO - Started process (PID=16429) to work on /home/munyah/.local/lib/python3.10/site-packages/airflow/example_dags/example_datasets.py
[2025-04-02T15:52:16.200+0200] {processor.py:914} INFO - Processing file /home/munyah/.local/lib/python3.10/site-packages/airflow/example_dags/example_datasets.py for tasks to queue
[2025-04-02T15:52:16.203+0200] {logging_mixin.py:190} INFO - [2025-04-02T15:52:16.203+0200] {dagbag.py:588} INFO - Filling up the DagBag from /home/munyah/.local/lib/python3.10/site-packages/airflow/example_dags/example_datasets.py
[2025-04-02T15:52:16.227+0200] {processor.py:925} INFO - DAG(s) 'consume_1_or_both_2_and_3_with_dataset_expressions', 'consume_1_or_2_with_dataset_expressions', 'dataset_consumes_unknown_never_scheduled', 'dataset_produces_2', 'consume_1_and_2_with_dataset_expressions', 'dataset_produces_1', 'dataset_consumes_1', 'dataset_consumes_1_and_2', 'conditional_dataset_and_time_based_timetable', 'dataset_consumes_1_never_scheduled' retrieved from /home/munyah/.local/lib/python3.10/site-packages/airflow/example_dags/example_datasets.py
[2025-04-02T15:52:16.271+0200] {logging_mixin.py:190} INFO - [2025-04-02T15:52:16.271+0200] {dag.py:3239} INFO - Sync 10 DAGs
[2025-04-02T15:52:16.298+0200] {logging_mixin.py:190} INFO - [2025-04-02T15:52:16.298+0200] {dag.py:4180} INFO - Setting next_dagrun for conditional_dataset_and_time_based_timetable to 2025-04-02 01:00:00+00:00, run_after=2025-04-02 01:00:00+00:00
[2025-04-02T15:52:16.302+0200] {logging_mixin.py:190} INFO - [2025-04-02T15:52:16.302+0200] {dag.py:4180} INFO - Setting next_dagrun for consume_1_and_2_with_dataset_expressions to None, run_after=None
[2025-04-02T15:52:16.304+0200] {logging_mixin.py:190} INFO - [2025-04-02T15:52:16.304+0200] {dag.py:4180} INFO - Setting next_dagrun for consume_1_or_2_with_dataset_expressions to None, run_after=None
[2025-04-02T15:52:16.306+0200] {logging_mixin.py:190} INFO - [2025-04-02T15:52:16.305+0200] {dag.py:4180} INFO - Setting next_dagrun for consume_1_or_both_2_and_3_with_dataset_expressions to None, run_after=None
[2025-04-02T15:52:16.307+0200] {logging_mixin.py:190} INFO - [2025-04-02T15:52:16.307+0200] {dag.py:4180} INFO - Setting next_dagrun for dataset_consumes_1 to None, run_after=None
[2025-04-02T15:52:16.308+0200] {logging_mixin.py:190} INFO - [2025-04-02T15:52:16.308+0200] {dag.py:4180} INFO - Setting next_dagrun for dataset_consumes_1_and_2 to None, run_after=None
[2025-04-02T15:52:16.309+0200] {logging_mixin.py:190} INFO - [2025-04-02T15:52:16.309+0200] {dag.py:4180} INFO - Setting next_dagrun for dataset_consumes_1_never_scheduled to None, run_after=None
[2025-04-02T15:52:16.310+0200] {logging_mixin.py:190} INFO - [2025-04-02T15:52:16.310+0200] {dag.py:4180} INFO - Setting next_dagrun for dataset_consumes_unknown_never_scheduled to None, run_after=None
[2025-04-02T15:52:16.313+0200] {logging_mixin.py:190} INFO - [2025-04-02T15:52:16.312+0200] {dag.py:4180} INFO - Setting next_dagrun for dataset_produces_1 to 2025-04-01 00:00:00+00:00, run_after=2025-04-02 00:00:00+00:00
[2025-04-02T15:52:16.314+0200] {logging_mixin.py:190} INFO - [2025-04-02T15:52:16.313+0200] {dag.py:4180} INFO - Setting next_dagrun for dataset_produces_2 to None, run_after=None
[2025-04-02T15:52:16.491+0200] {processor.py:208} INFO - Processing /home/munyah/.local/lib/python3.10/site-packages/airflow/example_dags/example_datasets.py took 0.303 seconds
[2025-04-02T15:53:27.938+0200] {processor.py:186} INFO - Started process (PID=17701) to work on /home/munyah/.local/lib/python3.10/site-packages/airflow/example_dags/example_datasets.py
[2025-04-02T15:53:27.943+0200] {processor.py:914} INFO - Processing file /home/munyah/.local/lib/python3.10/site-packages/airflow/example_dags/example_datasets.py for tasks to queue
[2025-04-02T15:53:27.957+0200] {logging_mixin.py:190} INFO - [2025-04-02T15:53:27.954+0200] {dagbag.py:588} INFO - Filling up the DagBag from /home/munyah/.local/lib/python3.10/site-packages/airflow/example_dags/example_datasets.py
[2025-04-02T15:53:27.993+0200] {processor.py:925} INFO - DAG(s) 'dataset_produces_1', 'dataset_consumes_1', 'dataset_consumes_1_never_scheduled', 'consume_1_or_2_with_dataset_expressions', 'conditional_dataset_and_time_based_timetable', 'dataset_produces_2', 'consume_1_and_2_with_dataset_expressions', 'dataset_consumes_1_and_2', 'consume_1_or_both_2_and_3_with_dataset_expressions', 'dataset_consumes_unknown_never_scheduled' retrieved from /home/munyah/.local/lib/python3.10/site-packages/airflow/example_dags/example_datasets.py
[2025-04-02T15:53:28.037+0200] {logging_mixin.py:190} INFO - [2025-04-02T15:53:28.036+0200] {dag.py:3239} INFO - Sync 10 DAGs
[2025-04-02T15:53:28.064+0200] {logging_mixin.py:190} INFO - [2025-04-02T15:53:28.064+0200] {dag.py:4180} INFO - Setting next_dagrun for conditional_dataset_and_time_based_timetable to 2025-04-02 01:00:00+00:00, run_after=2025-04-02 01:00:00+00:00
[2025-04-02T15:53:28.068+0200] {logging_mixin.py:190} INFO - [2025-04-02T15:53:28.068+0200] {dag.py:4180} INFO - Setting next_dagrun for consume_1_and_2_with_dataset_expressions to None, run_after=None
[2025-04-02T15:53:28.070+0200] {logging_mixin.py:190} INFO - [2025-04-02T15:53:28.069+0200] {dag.py:4180} INFO - Setting next_dagrun for consume_1_or_2_with_dataset_expressions to None, run_after=None
[2025-04-02T15:53:28.071+0200] {logging_mixin.py:190} INFO - [2025-04-02T15:53:28.071+0200] {dag.py:4180} INFO - Setting next_dagrun for consume_1_or_both_2_and_3_with_dataset_expressions to None, run_after=None
[2025-04-02T15:53:28.072+0200] {logging_mixin.py:190} INFO - [2025-04-02T15:53:28.072+0200] {dag.py:4180} INFO - Setting next_dagrun for dataset_consumes_1 to None, run_after=None
[2025-04-02T15:53:28.073+0200] {logging_mixin.py:190} INFO - [2025-04-02T15:53:28.073+0200] {dag.py:4180} INFO - Setting next_dagrun for dataset_consumes_1_and_2 to None, run_after=None
[2025-04-02T15:53:28.074+0200] {logging_mixin.py:190} INFO - [2025-04-02T15:53:28.074+0200] {dag.py:4180} INFO - Setting next_dagrun for dataset_consumes_1_never_scheduled to None, run_after=None
[2025-04-02T15:53:28.075+0200] {logging_mixin.py:190} INFO - [2025-04-02T15:53:28.075+0200] {dag.py:4180} INFO - Setting next_dagrun for dataset_consumes_unknown_never_scheduled to None, run_after=None
[2025-04-02T15:53:28.079+0200] {logging_mixin.py:190} INFO - [2025-04-02T15:53:28.078+0200] {dag.py:4180} INFO - Setting next_dagrun for dataset_produces_1 to 2025-04-01 00:00:00+00:00, run_after=2025-04-02 00:00:00+00:00
[2025-04-02T15:53:28.080+0200] {logging_mixin.py:190} INFO - [2025-04-02T15:53:28.079+0200] {dag.py:4180} INFO - Setting next_dagrun for dataset_produces_2 to None, run_after=None
[2025-04-02T15:53:28.261+0200] {processor.py:208} INFO - Processing /home/munyah/.local/lib/python3.10/site-packages/airflow/example_dags/example_datasets.py took 0.360 seconds
[2025-04-02T15:54:43.080+0200] {processor.py:186} INFO - Started process (PID=18420) to work on /home/munyah/.local/lib/python3.10/site-packages/airflow/example_dags/example_datasets.py
[2025-04-02T15:54:43.082+0200] {processor.py:914} INFO - Processing file /home/munyah/.local/lib/python3.10/site-packages/airflow/example_dags/example_datasets.py for tasks to queue
[2025-04-02T15:54:43.084+0200] {logging_mixin.py:190} INFO - [2025-04-02T15:54:43.084+0200] {dagbag.py:588} INFO - Filling up the DagBag from /home/munyah/.local/lib/python3.10/site-packages/airflow/example_dags/example_datasets.py
[2025-04-02T15:54:43.106+0200] {processor.py:925} INFO - DAG(s) 'consume_1_or_both_2_and_3_with_dataset_expressions', 'dataset_consumes_unknown_never_scheduled', 'conditional_dataset_and_time_based_timetable', 'consume_1_and_2_with_dataset_expressions', 'consume_1_or_2_with_dataset_expressions', 'dataset_consumes_1_never_scheduled', 'dataset_consumes_1_and_2', 'dataset_consumes_1', 'dataset_produces_2', 'dataset_produces_1' retrieved from /home/munyah/.local/lib/python3.10/site-packages/airflow/example_dags/example_datasets.py
[2025-04-02T15:54:43.152+0200] {logging_mixin.py:190} INFO - [2025-04-02T15:54:43.152+0200] {dag.py:3239} INFO - Sync 10 DAGs
[2025-04-02T15:54:43.189+0200] {logging_mixin.py:190} INFO - [2025-04-02T15:54:43.188+0200] {dag.py:4180} INFO - Setting next_dagrun for conditional_dataset_and_time_based_timetable to 2025-04-02 01:00:00+00:00, run_after=2025-04-02 01:00:00+00:00
[2025-04-02T15:54:43.195+0200] {logging_mixin.py:190} INFO - [2025-04-02T15:54:43.195+0200] {dag.py:4180} INFO - Setting next_dagrun for consume_1_and_2_with_dataset_expressions to None, run_after=None
[2025-04-02T15:54:43.197+0200] {logging_mixin.py:190} INFO - [2025-04-02T15:54:43.197+0200] {dag.py:4180} INFO - Setting next_dagrun for consume_1_or_2_with_dataset_expressions to None, run_after=None
[2025-04-02T15:54:43.198+0200] {logging_mixin.py:190} INFO - [2025-04-02T15:54:43.198+0200] {dag.py:4180} INFO - Setting next_dagrun for consume_1_or_both_2_and_3_with_dataset_expressions to None, run_after=None
[2025-04-02T15:54:43.199+0200] {logging_mixin.py:190} INFO - [2025-04-02T15:54:43.199+0200] {dag.py:4180} INFO - Setting next_dagrun for dataset_consumes_1 to None, run_after=None
[2025-04-02T15:54:43.200+0200] {logging_mixin.py:190} INFO - [2025-04-02T15:54:43.200+0200] {dag.py:4180} INFO - Setting next_dagrun for dataset_consumes_1_and_2 to None, run_after=None
[2025-04-02T15:54:43.201+0200] {logging_mixin.py:190} INFO - [2025-04-02T15:54:43.201+0200] {dag.py:4180} INFO - Setting next_dagrun for dataset_consumes_1_never_scheduled to None, run_after=None
[2025-04-02T15:54:43.202+0200] {logging_mixin.py:190} INFO - [2025-04-02T15:54:43.202+0200] {dag.py:4180} INFO - Setting next_dagrun for dataset_consumes_unknown_never_scheduled to None, run_after=None
[2025-04-02T15:54:43.205+0200] {logging_mixin.py:190} INFO - [2025-04-02T15:54:43.205+0200] {dag.py:4180} INFO - Setting next_dagrun for dataset_produces_1 to 2025-04-01 00:00:00+00:00, run_after=2025-04-02 00:00:00+00:00
[2025-04-02T15:54:43.206+0200] {logging_mixin.py:190} INFO - [2025-04-02T15:54:43.206+0200] {dag.py:4180} INFO - Setting next_dagrun for dataset_produces_2 to None, run_after=None
[2025-04-02T15:54:43.379+0200] {processor.py:208} INFO - Processing /home/munyah/.local/lib/python3.10/site-packages/airflow/example_dags/example_datasets.py took 0.308 seconds
