[2025-04-02T15:49:30.264+0200] {processor.py:186} INFO - Started process (PID=15153) to work on /home/munyah/.local/lib/python3.10/site-packages/airflow/example_dags/example_outlet_event_extra.py
[2025-04-02T15:49:30.265+0200] {processor.py:914} INFO - Processing file /home/munyah/.local/lib/python3.10/site-packages/airflow/example_dags/example_outlet_event_extra.py for tasks to queue
[2025-04-02T15:49:30.268+0200] {logging_mixin.py:190} INFO - [2025-04-02T15:49:30.267+0200] {dagbag.py:588} INFO - Filling up the DagBag from /home/munyah/.local/lib/python3.10/site-packages/airflow/example_dags/example_outlet_event_extra.py
[2025-04-02T15:49:30.285+0200] {processor.py:925} INFO - DAG(s) 'dataset_with_extra_by_context', 'dataset_with_extra_by_yield', 'dataset_with_extra_from_classic_operator' retrieved from /home/munyah/.local/lib/python3.10/site-packages/airflow/example_dags/example_outlet_event_extra.py
[2025-04-02T15:49:30.309+0200] {logging_mixin.py:190} INFO - [2025-04-02T15:49:30.308+0200] {dag.py:3239} INFO - Sync 3 DAGs
[2025-04-02T15:49:30.332+0200] {logging_mixin.py:190} INFO - [2025-04-02T15:49:30.332+0200] {dag.py:4180} INFO - Setting next_dagrun for dataset_with_extra_by_context to 2025-04-01 00:00:00+00:00, run_after=2025-04-02 00:00:00+00:00
[2025-04-02T15:49:30.337+0200] {logging_mixin.py:190} INFO - [2025-04-02T15:49:30.337+0200] {dag.py:4180} INFO - Setting next_dagrun for dataset_with_extra_by_yield to 2025-04-01 00:00:00+00:00, run_after=2025-04-02 00:00:00+00:00
[2025-04-02T15:49:30.340+0200] {logging_mixin.py:190} INFO - [2025-04-02T15:49:30.340+0200] {dag.py:4180} INFO - Setting next_dagrun for dataset_with_extra_from_classic_operator to 2025-04-01 00:00:00+00:00, run_after=2025-04-02 00:00:00+00:00
[2025-04-02T15:49:30.364+0200] {processor.py:208} INFO - Processing /home/munyah/.local/lib/python3.10/site-packages/airflow/example_dags/example_outlet_event_extra.py took 0.109 seconds
[2025-04-02T15:50:48.461+0200] {processor.py:186} INFO - Started process (PID=15586) to work on /home/munyah/.local/lib/python3.10/site-packages/airflow/example_dags/example_outlet_event_extra.py
[2025-04-02T15:50:48.462+0200] {processor.py:914} INFO - Processing file /home/munyah/.local/lib/python3.10/site-packages/airflow/example_dags/example_outlet_event_extra.py for tasks to queue
[2025-04-02T15:50:48.466+0200] {logging_mixin.py:190} INFO - [2025-04-02T15:50:48.465+0200] {dagbag.py:588} INFO - Filling up the DagBag from /home/munyah/.local/lib/python3.10/site-packages/airflow/example_dags/example_outlet_event_extra.py
[2025-04-02T15:50:48.485+0200] {processor.py:925} INFO - DAG(s) 'dataset_with_extra_from_classic_operator', 'dataset_with_extra_by_context', 'dataset_with_extra_by_yield' retrieved from /home/munyah/.local/lib/python3.10/site-packages/airflow/example_dags/example_outlet_event_extra.py
[2025-04-02T15:50:48.510+0200] {logging_mixin.py:190} INFO - [2025-04-02T15:50:48.509+0200] {dag.py:3239} INFO - Sync 3 DAGs
[2025-04-02T15:50:48.537+0200] {logging_mixin.py:190} INFO - [2025-04-02T15:50:48.536+0200] {dag.py:4180} INFO - Setting next_dagrun for dataset_with_extra_by_context to 2025-04-01 00:00:00+00:00, run_after=2025-04-02 00:00:00+00:00
[2025-04-02T15:50:48.542+0200] {logging_mixin.py:190} INFO - [2025-04-02T15:50:48.541+0200] {dag.py:4180} INFO - Setting next_dagrun for dataset_with_extra_by_yield to 2025-04-01 00:00:00+00:00, run_after=2025-04-02 00:00:00+00:00
[2025-04-02T15:50:48.544+0200] {logging_mixin.py:190} INFO - [2025-04-02T15:50:48.544+0200] {dag.py:4180} INFO - Setting next_dagrun for dataset_with_extra_from_classic_operator to 2025-04-01 00:00:00+00:00, run_after=2025-04-02 00:00:00+00:00
[2025-04-02T15:50:48.570+0200] {processor.py:208} INFO - Processing /home/munyah/.local/lib/python3.10/site-packages/airflow/example_dags/example_outlet_event_extra.py took 0.117 seconds
[2025-04-02T15:52:03.137+0200] {processor.py:186} INFO - Started process (PID=16400) to work on /home/munyah/.local/lib/python3.10/site-packages/airflow/example_dags/example_outlet_event_extra.py
[2025-04-02T15:52:03.138+0200] {processor.py:914} INFO - Processing file /home/munyah/.local/lib/python3.10/site-packages/airflow/example_dags/example_outlet_event_extra.py for tasks to queue
[2025-04-02T15:52:03.141+0200] {logging_mixin.py:190} INFO - [2025-04-02T15:52:03.141+0200] {dagbag.py:588} INFO - Filling up the DagBag from /home/munyah/.local/lib/python3.10/site-packages/airflow/example_dags/example_outlet_event_extra.py
[2025-04-02T15:52:03.159+0200] {processor.py:925} INFO - DAG(s) 'dataset_with_extra_by_context', 'dataset_with_extra_by_yield', 'dataset_with_extra_from_classic_operator' retrieved from /home/munyah/.local/lib/python3.10/site-packages/airflow/example_dags/example_outlet_event_extra.py
[2025-04-02T15:52:03.184+0200] {logging_mixin.py:190} INFO - [2025-04-02T15:52:03.183+0200] {dag.py:3239} INFO - Sync 3 DAGs
[2025-04-02T15:52:03.210+0200] {logging_mixin.py:190} INFO - [2025-04-02T15:52:03.210+0200] {dag.py:4180} INFO - Setting next_dagrun for dataset_with_extra_by_context to 2025-04-01 00:00:00+00:00, run_after=2025-04-02 00:00:00+00:00
[2025-04-02T15:52:03.215+0200] {logging_mixin.py:190} INFO - [2025-04-02T15:52:03.215+0200] {dag.py:4180} INFO - Setting next_dagrun for dataset_with_extra_by_yield to 2025-04-01 00:00:00+00:00, run_after=2025-04-02 00:00:00+00:00
[2025-04-02T15:52:03.218+0200] {logging_mixin.py:190} INFO - [2025-04-02T15:52:03.218+0200] {dag.py:4180} INFO - Setting next_dagrun for dataset_with_extra_from_classic_operator to 2025-04-01 00:00:00+00:00, run_after=2025-04-02 00:00:00+00:00
[2025-04-02T15:52:03.243+0200] {processor.py:208} INFO - Processing /home/munyah/.local/lib/python3.10/site-packages/airflow/example_dags/example_outlet_event_extra.py took 0.114 seconds
[2025-04-02T15:53:16.080+0200] {processor.py:186} INFO - Started process (PID=17177) to work on /home/munyah/.local/lib/python3.10/site-packages/airflow/example_dags/example_outlet_event_extra.py
[2025-04-02T15:53:16.084+0200] {processor.py:914} INFO - Processing file /home/munyah/.local/lib/python3.10/site-packages/airflow/example_dags/example_outlet_event_extra.py for tasks to queue
[2025-04-02T15:53:16.089+0200] {logging_mixin.py:190} INFO - [2025-04-02T15:53:16.088+0200] {dagbag.py:588} INFO - Filling up the DagBag from /home/munyah/.local/lib/python3.10/site-packages/airflow/example_dags/example_outlet_event_extra.py
[2025-04-02T15:53:16.117+0200] {processor.py:925} INFO - DAG(s) 'dataset_with_extra_from_classic_operator', 'dataset_with_extra_by_context', 'dataset_with_extra_by_yield' retrieved from /home/munyah/.local/lib/python3.10/site-packages/airflow/example_dags/example_outlet_event_extra.py
[2025-04-02T15:53:16.143+0200] {logging_mixin.py:190} INFO - [2025-04-02T15:53:16.142+0200] {dag.py:3239} INFO - Sync 3 DAGs
[2025-04-02T15:53:16.168+0200] {logging_mixin.py:190} INFO - [2025-04-02T15:53:16.167+0200] {dag.py:4180} INFO - Setting next_dagrun for dataset_with_extra_by_context to 2025-04-01 00:00:00+00:00, run_after=2025-04-02 00:00:00+00:00
[2025-04-02T15:53:16.175+0200] {logging_mixin.py:190} INFO - [2025-04-02T15:53:16.174+0200] {dag.py:4180} INFO - Setting next_dagrun for dataset_with_extra_by_yield to 2025-04-01 00:00:00+00:00, run_after=2025-04-02 00:00:00+00:00
[2025-04-02T15:53:16.178+0200] {logging_mixin.py:190} INFO - [2025-04-02T15:53:16.177+0200] {dag.py:4180} INFO - Setting next_dagrun for dataset_with_extra_from_classic_operator to 2025-04-01 00:00:00+00:00, run_after=2025-04-02 00:00:00+00:00
[2025-04-02T15:53:16.201+0200] {processor.py:208} INFO - Processing /home/munyah/.local/lib/python3.10/site-packages/airflow/example_dags/example_outlet_event_extra.py took 0.143 seconds
[2025-04-02T15:54:32.323+0200] {processor.py:186} INFO - Started process (PID=18393) to work on /home/munyah/.local/lib/python3.10/site-packages/airflow/example_dags/example_outlet_event_extra.py
[2025-04-02T15:54:32.325+0200] {processor.py:914} INFO - Processing file /home/munyah/.local/lib/python3.10/site-packages/airflow/example_dags/example_outlet_event_extra.py for tasks to queue
[2025-04-02T15:54:32.330+0200] {logging_mixin.py:190} INFO - [2025-04-02T15:54:32.329+0200] {dagbag.py:588} INFO - Filling up the DagBag from /home/munyah/.local/lib/python3.10/site-packages/airflow/example_dags/example_outlet_event_extra.py
[2025-04-02T15:54:32.357+0200] {processor.py:925} INFO - DAG(s) 'dataset_with_extra_by_context', 'dataset_with_extra_by_yield', 'dataset_with_extra_from_classic_operator' retrieved from /home/munyah/.local/lib/python3.10/site-packages/airflow/example_dags/example_outlet_event_extra.py
[2025-04-02T15:54:32.391+0200] {logging_mixin.py:190} INFO - [2025-04-02T15:54:32.390+0200] {dag.py:3239} INFO - Sync 3 DAGs
[2025-04-02T15:54:32.424+0200] {logging_mixin.py:190} INFO - [2025-04-02T15:54:32.424+0200] {dag.py:4180} INFO - Setting next_dagrun for dataset_with_extra_by_context to 2025-04-01 00:00:00+00:00, run_after=2025-04-02 00:00:00+00:00
[2025-04-02T15:54:32.430+0200] {logging_mixin.py:190} INFO - [2025-04-02T15:54:32.430+0200] {dag.py:4180} INFO - Setting next_dagrun for dataset_with_extra_by_yield to 2025-04-01 00:00:00+00:00, run_after=2025-04-02 00:00:00+00:00
[2025-04-02T15:54:32.432+0200] {logging_mixin.py:190} INFO - [2025-04-02T15:54:32.432+0200] {dag.py:4180} INFO - Setting next_dagrun for dataset_with_extra_from_classic_operator to 2025-04-01 00:00:00+00:00, run_after=2025-04-02 00:00:00+00:00
[2025-04-02T15:54:32.461+0200] {processor.py:208} INFO - Processing /home/munyah/.local/lib/python3.10/site-packages/airflow/example_dags/example_outlet_event_extra.py took 0.153 seconds
