[2025-04-02T15:49:48.504+0200] {processor.py:186} INFO - Started process (PID=15199) to work on /home/munyah/.local/lib/python3.10/site-packages/airflow/example_dags/example_branch_operator_decorator.py
[2025-04-02T15:49:48.505+0200] {processor.py:914} INFO - Processing file /home/munyah/.local/lib/python3.10/site-packages/airflow/example_dags/example_branch_operator_decorator.py for tasks to queue
[2025-04-02T15:49:48.507+0200] {logging_mixin.py:190} INFO - [2025-04-02T15:49:48.506+0200] {dagbag.py:588} INFO - Filling up the DagBag from /home/munyah/.local/lib/python3.10/site-packages/airflow/example_dags/example_branch_operator_decorator.py
[2025-04-02T15:49:48.510+0200] {processor.py:927} WARNING - No viable dags retrieved from /home/munyah/.local/lib/python3.10/site-packages/airflow/example_dags/example_branch_operator_decorator.py
[2025-04-02T15:49:48.523+0200] {processor.py:208} INFO - Processing /home/munyah/.local/lib/python3.10/site-packages/airflow/example_dags/example_branch_operator_decorator.py took 0.026 seconds
[2025-04-02T15:51:05.805+0200] {processor.py:186} INFO - Started process (PID=15631) to work on /home/munyah/.local/lib/python3.10/site-packages/airflow/example_dags/example_branch_operator_decorator.py
[2025-04-02T15:51:05.807+0200] {processor.py:914} INFO - Processing file /home/munyah/.local/lib/python3.10/site-packages/airflow/example_dags/example_branch_operator_decorator.py for tasks to queue
[2025-04-02T15:51:05.811+0200] {logging_mixin.py:190} INFO - [2025-04-02T15:51:05.810+0200] {dagbag.py:588} INFO - Filling up the DagBag from /home/munyah/.local/lib/python3.10/site-packages/airflow/example_dags/example_branch_operator_decorator.py
[2025-04-02T15:51:05.816+0200] {processor.py:927} WARNING - No viable dags retrieved from /home/munyah/.local/lib/python3.10/site-packages/airflow/example_dags/example_branch_operator_decorator.py
[2025-04-02T15:51:05.830+0200] {processor.py:208} INFO - Processing /home/munyah/.local/lib/python3.10/site-packages/airflow/example_dags/example_branch_operator_decorator.py took 0.032 seconds
[2025-04-02T15:52:21.064+0200] {processor.py:186} INFO - Started process (PID=16443) to work on /home/munyah/.local/lib/python3.10/site-packages/airflow/example_dags/example_branch_operator_decorator.py
[2025-04-02T15:52:21.066+0200] {processor.py:914} INFO - Processing file /home/munyah/.local/lib/python3.10/site-packages/airflow/example_dags/example_branch_operator_decorator.py for tasks to queue
[2025-04-02T15:52:21.069+0200] {logging_mixin.py:190} INFO - [2025-04-02T15:52:21.068+0200] {dagbag.py:588} INFO - Filling up the DagBag from /home/munyah/.local/lib/python3.10/site-packages/airflow/example_dags/example_branch_operator_decorator.py
[2025-04-02T15:52:21.073+0200] {processor.py:927} WARNING - No viable dags retrieved from /home/munyah/.local/lib/python3.10/site-packages/airflow/example_dags/example_branch_operator_decorator.py
[2025-04-02T15:52:21.085+0200] {processor.py:208} INFO - Processing /home/munyah/.local/lib/python3.10/site-packages/airflow/example_dags/example_branch_operator_decorator.py took 0.028 seconds
[2025-04-02T15:53:33.239+0200] {processor.py:186} INFO - Started process (PID=17714) to work on /home/munyah/.local/lib/python3.10/site-packages/airflow/example_dags/example_branch_operator_decorator.py
[2025-04-02T15:53:33.241+0200] {processor.py:914} INFO - Processing file /home/munyah/.local/lib/python3.10/site-packages/airflow/example_dags/example_branch_operator_decorator.py for tasks to queue
[2025-04-02T15:53:33.245+0200] {logging_mixin.py:190} INFO - [2025-04-02T15:53:33.244+0200] {dagbag.py:588} INFO - Filling up the DagBag from /home/munyah/.local/lib/python3.10/site-packages/airflow/example_dags/example_branch_operator_decorator.py
[2025-04-02T15:53:33.252+0200] {processor.py:927} WARNING - No viable dags retrieved from /home/munyah/.local/lib/python3.10/site-packages/airflow/example_dags/example_branch_operator_decorator.py
[2025-04-02T15:53:33.272+0200] {processor.py:208} INFO - Processing /home/munyah/.local/lib/python3.10/site-packages/airflow/example_dags/example_branch_operator_decorator.py took 0.046 seconds
[2025-04-02T15:54:48.252+0200] {processor.py:186} INFO - Started process (PID=18451) to work on /home/munyah/.local/lib/python3.10/site-packages/airflow/example_dags/example_branch_operator_decorator.py
[2025-04-02T15:54:48.255+0200] {processor.py:914} INFO - Processing file /home/munyah/.local/lib/python3.10/site-packages/airflow/example_dags/example_branch_operator_decorator.py for tasks to queue
[2025-04-02T15:54:48.258+0200] {logging_mixin.py:190} INFO - [2025-04-02T15:54:48.258+0200] {dagbag.py:588} INFO - Filling up the DagBag from /home/munyah/.local/lib/python3.10/site-packages/airflow/example_dags/example_branch_operator_decorator.py
[2025-04-02T15:54:48.264+0200] {processor.py:927} WARNING - No viable dags retrieved from /home/munyah/.local/lib/python3.10/site-packages/airflow/example_dags/example_branch_operator_decorator.py
[2025-04-02T15:54:48.280+0200] {processor.py:208} INFO - Processing /home/munyah/.local/lib/python3.10/site-packages/airflow/example_dags/example_branch_operator_decorator.py took 0.040 seconds
