[2025-04-02T15:49:06.740+0200] {processor.py:186} INFO - Started process (PID=15061) to work on /home/munyah/.local/lib/python3.10/site-packages/airflow/example_dags/example_task_group.py
[2025-04-02T15:49:06.742+0200] {processor.py:914} INFO - Processing file /home/munyah/.local/lib/python3.10/site-packages/airflow/example_dags/example_task_group.py for tasks to queue
[2025-04-02T15:49:06.746+0200] {logging_mixin.py:190} INFO - [2025-04-02T15:49:06.745+0200] {dagbag.py:588} INFO - Filling up the DagBag from /home/munyah/.local/lib/python3.10/site-packages/airflow/example_dags/example_task_group.py
[2025-04-02T15:49:06.772+0200] {processor.py:925} INFO - DAG(s) 'example_task_group' retrieved from /home/munyah/.local/lib/python3.10/site-packages/airflow/example_dags/example_task_group.py
[2025-04-02T15:49:06.816+0200] {logging_mixin.py:190} INFO - [2025-04-02T15:49:06.816+0200] {dag.py:3239} INFO - Sync 1 DAGs
[2025-04-02T15:49:06.838+0200] {logging_mixin.py:190} INFO - [2025-04-02T15:49:06.838+0200] {dag.py:4180} INFO - Setting next_dagrun for example_task_group to None, run_after=None
[2025-04-02T15:49:06.865+0200] {processor.py:208} INFO - Processing /home/munyah/.local/lib/python3.10/site-packages/airflow/example_dags/example_task_group.py took 0.137 seconds
[2025-04-02T15:50:13.341+0200] {processor.py:186} INFO - Started process (PID=15410) to work on /home/munyah/.local/lib/python3.10/site-packages/airflow/example_dags/example_task_group.py
[2025-04-02T15:50:13.342+0200] {processor.py:914} INFO - Processing file /home/munyah/.local/lib/python3.10/site-packages/airflow/example_dags/example_task_group.py for tasks to queue
[2025-04-02T15:50:13.345+0200] {logging_mixin.py:190} INFO - [2025-04-02T15:50:13.345+0200] {dagbag.py:588} INFO - Filling up the DagBag from /home/munyah/.local/lib/python3.10/site-packages/airflow/example_dags/example_task_group.py
[2025-04-02T15:50:13.358+0200] {processor.py:925} INFO - DAG(s) 'example_task_group' retrieved from /home/munyah/.local/lib/python3.10/site-packages/airflow/example_dags/example_task_group.py
[2025-04-02T15:50:13.383+0200] {logging_mixin.py:190} INFO - [2025-04-02T15:50:13.382+0200] {dag.py:3239} INFO - Sync 1 DAGs
[2025-04-02T15:50:13.401+0200] {logging_mixin.py:190} INFO - [2025-04-02T15:50:13.400+0200] {dag.py:4180} INFO - Setting next_dagrun for example_task_group to None, run_after=None
[2025-04-02T15:50:13.431+0200] {processor.py:208} INFO - Processing /home/munyah/.local/lib/python3.10/site-packages/airflow/example_dags/example_task_group.py took 0.099 seconds
[2025-04-02T15:51:29.512+0200] {processor.py:186} INFO - Started process (PID=15745) to work on /home/munyah/.local/lib/python3.10/site-packages/airflow/example_dags/example_task_group.py
[2025-04-02T15:51:29.514+0200] {processor.py:914} INFO - Processing file /home/munyah/.local/lib/python3.10/site-packages/airflow/example_dags/example_task_group.py for tasks to queue
[2025-04-02T15:51:29.519+0200] {logging_mixin.py:190} INFO - [2025-04-02T15:51:29.518+0200] {dagbag.py:588} INFO - Filling up the DagBag from /home/munyah/.local/lib/python3.10/site-packages/airflow/example_dags/example_task_group.py
[2025-04-02T15:51:29.535+0200] {processor.py:925} INFO - DAG(s) 'example_task_group' retrieved from /home/munyah/.local/lib/python3.10/site-packages/airflow/example_dags/example_task_group.py
[2025-04-02T15:51:29.555+0200] {logging_mixin.py:190} INFO - [2025-04-02T15:51:29.555+0200] {dag.py:3239} INFO - Sync 1 DAGs
[2025-04-02T15:51:29.572+0200] {logging_mixin.py:190} INFO - [2025-04-02T15:51:29.571+0200] {dag.py:4180} INFO - Setting next_dagrun for example_task_group to None, run_after=None
[2025-04-02T15:51:29.594+0200] {processor.py:208} INFO - Processing /home/munyah/.local/lib/python3.10/site-packages/airflow/example_dags/example_task_group.py took 0.104 seconds
[2025-04-02T15:52:45.793+0200] {processor.py:186} INFO - Started process (PID=16572) to work on /home/munyah/.local/lib/python3.10/site-packages/airflow/example_dags/example_task_group.py
[2025-04-02T15:52:45.795+0200] {processor.py:914} INFO - Processing file /home/munyah/.local/lib/python3.10/site-packages/airflow/example_dags/example_task_group.py for tasks to queue
[2025-04-02T15:52:45.798+0200] {logging_mixin.py:190} INFO - [2025-04-02T15:52:45.798+0200] {dagbag.py:588} INFO - Filling up the DagBag from /home/munyah/.local/lib/python3.10/site-packages/airflow/example_dags/example_task_group.py
[2025-04-02T15:52:45.811+0200] {processor.py:925} INFO - DAG(s) 'example_task_group' retrieved from /home/munyah/.local/lib/python3.10/site-packages/airflow/example_dags/example_task_group.py
[2025-04-02T15:52:45.831+0200] {logging_mixin.py:190} INFO - [2025-04-02T15:52:45.831+0200] {dag.py:3239} INFO - Sync 1 DAGs
[2025-04-02T15:52:45.846+0200] {logging_mixin.py:190} INFO - [2025-04-02T15:52:45.846+0200] {dag.py:4180} INFO - Setting next_dagrun for example_task_group to None, run_after=None
[2025-04-02T15:52:46.004+0200] {processor.py:208} INFO - Processing /home/munyah/.local/lib/python3.10/site-packages/airflow/example_dags/example_task_group.py took 0.226 seconds
[2025-04-02T15:53:59.382+0200] {processor.py:186} INFO - Started process (PID=18309) to work on /home/munyah/.local/lib/python3.10/site-packages/airflow/example_dags/example_task_group.py
[2025-04-02T15:53:59.384+0200] {processor.py:914} INFO - Processing file /home/munyah/.local/lib/python3.10/site-packages/airflow/example_dags/example_task_group.py for tasks to queue
[2025-04-02T15:53:59.387+0200] {logging_mixin.py:190} INFO - [2025-04-02T15:53:59.386+0200] {dagbag.py:588} INFO - Filling up the DagBag from /home/munyah/.local/lib/python3.10/site-packages/airflow/example_dags/example_task_group.py
[2025-04-02T15:53:59.398+0200] {processor.py:925} INFO - DAG(s) 'example_task_group' retrieved from /home/munyah/.local/lib/python3.10/site-packages/airflow/example_dags/example_task_group.py
[2025-04-02T15:53:59.419+0200] {logging_mixin.py:190} INFO - [2025-04-02T15:53:59.419+0200] {dag.py:3239} INFO - Sync 1 DAGs
[2025-04-02T15:53:59.569+0200] {logging_mixin.py:190} INFO - [2025-04-02T15:53:59.569+0200] {dag.py:4180} INFO - Setting next_dagrun for example_task_group to None, run_after=None
[2025-04-02T15:53:59.598+0200] {processor.py:208} INFO - Processing /home/munyah/.local/lib/python3.10/site-packages/airflow/example_dags/example_task_group.py took 0.226 seconds
