[2025-04-02T15:48:58.785+0200] {processor.py:186} INFO - Started process (PID=15043) to work on /home/munyah/.local/lib/python3.10/site-packages/airflow/example_dags/tutorial_objectstorage.py
[2025-04-02T15:48:58.787+0200] {processor.py:914} INFO - Processing file /home/munyah/.local/lib/python3.10/site-packages/airflow/example_dags/tutorial_objectstorage.py for tasks to queue
[2025-04-02T15:48:58.790+0200] {logging_mixin.py:190} INFO - [2025-04-02T15:48:58.789+0200] {dagbag.py:588} INFO - Filling up the DagBag from /home/munyah/.local/lib/python3.10/site-packages/airflow/example_dags/tutorial_objectstorage.py
[2025-04-02T15:48:58.806+0200] {processor.py:925} INFO - DAG(s) 'tutorial_objectstorage' retrieved from /home/munyah/.local/lib/python3.10/site-packages/airflow/example_dags/tutorial_objectstorage.py
[2025-04-02T15:48:58.835+0200] {logging_mixin.py:190} INFO - [2025-04-02T15:48:58.835+0200] {dag.py:3239} INFO - Sync 1 DAGs
[2025-04-02T15:48:58.854+0200] {logging_mixin.py:190} INFO - [2025-04-02T15:48:58.853+0200] {dag.py:4180} INFO - Setting next_dagrun for tutorial_objectstorage to None, run_after=None
[2025-04-02T15:48:58.883+0200] {processor.py:208} INFO - Processing /home/munyah/.local/lib/python3.10/site-packages/airflow/example_dags/tutorial_objectstorage.py took 0.107 seconds
[2025-04-02T15:50:05.778+0200] {processor.py:186} INFO - Started process (PID=15359) to work on /home/munyah/.local/lib/python3.10/site-packages/airflow/example_dags/tutorial_objectstorage.py
[2025-04-02T15:50:05.779+0200] {processor.py:914} INFO - Processing file /home/munyah/.local/lib/python3.10/site-packages/airflow/example_dags/tutorial_objectstorage.py for tasks to queue
[2025-04-02T15:50:05.782+0200] {logging_mixin.py:190} INFO - [2025-04-02T15:50:05.781+0200] {dagbag.py:588} INFO - Filling up the DagBag from /home/munyah/.local/lib/python3.10/site-packages/airflow/example_dags/tutorial_objectstorage.py
[2025-04-02T15:50:05.792+0200] {processor.py:925} INFO - DAG(s) 'tutorial_objectstorage' retrieved from /home/munyah/.local/lib/python3.10/site-packages/airflow/example_dags/tutorial_objectstorage.py
[2025-04-02T15:50:05.808+0200] {logging_mixin.py:190} INFO - [2025-04-02T15:50:05.808+0200] {dag.py:3239} INFO - Sync 1 DAGs
[2025-04-02T15:50:05.822+0200] {logging_mixin.py:190} INFO - [2025-04-02T15:50:05.822+0200] {dag.py:4180} INFO - Setting next_dagrun for tutorial_objectstorage to None, run_after=None
[2025-04-02T15:50:05.846+0200] {processor.py:208} INFO - Processing /home/munyah/.local/lib/python3.10/site-packages/airflow/example_dags/tutorial_objectstorage.py took 0.076 seconds
[2025-04-02T15:51:21.267+0200] {processor.py:186} INFO - Started process (PID=15674) to work on /home/munyah/.local/lib/python3.10/site-packages/airflow/example_dags/tutorial_objectstorage.py
[2025-04-02T15:51:21.269+0200] {processor.py:914} INFO - Processing file /home/munyah/.local/lib/python3.10/site-packages/airflow/example_dags/tutorial_objectstorage.py for tasks to queue
[2025-04-02T15:51:21.272+0200] {logging_mixin.py:190} INFO - [2025-04-02T15:51:21.272+0200] {dagbag.py:588} INFO - Filling up the DagBag from /home/munyah/.local/lib/python3.10/site-packages/airflow/example_dags/tutorial_objectstorage.py
[2025-04-02T15:51:21.287+0200] {processor.py:925} INFO - DAG(s) 'tutorial_objectstorage' retrieved from /home/munyah/.local/lib/python3.10/site-packages/airflow/example_dags/tutorial_objectstorage.py
[2025-04-02T15:51:21.309+0200] {logging_mixin.py:190} INFO - [2025-04-02T15:51:21.308+0200] {dag.py:3239} INFO - Sync 1 DAGs
[2025-04-02T15:51:21.327+0200] {logging_mixin.py:190} INFO - [2025-04-02T15:51:21.327+0200] {dag.py:4180} INFO - Setting next_dagrun for tutorial_objectstorage to None, run_after=None
[2025-04-02T15:51:21.353+0200] {processor.py:208} INFO - Processing /home/munyah/.local/lib/python3.10/site-packages/airflow/example_dags/tutorial_objectstorage.py took 0.097 seconds
[2025-04-02T15:52:37.270+0200] {processor.py:186} INFO - Started process (PID=16540) to work on /home/munyah/.local/lib/python3.10/site-packages/airflow/example_dags/tutorial_objectstorage.py
[2025-04-02T15:52:37.272+0200] {processor.py:914} INFO - Processing file /home/munyah/.local/lib/python3.10/site-packages/airflow/example_dags/tutorial_objectstorage.py for tasks to queue
[2025-04-02T15:52:37.275+0200] {logging_mixin.py:190} INFO - [2025-04-02T15:52:37.274+0200] {dagbag.py:588} INFO - Filling up the DagBag from /home/munyah/.local/lib/python3.10/site-packages/airflow/example_dags/tutorial_objectstorage.py
[2025-04-02T15:52:37.290+0200] {processor.py:925} INFO - DAG(s) 'tutorial_objectstorage' retrieved from /home/munyah/.local/lib/python3.10/site-packages/airflow/example_dags/tutorial_objectstorage.py
[2025-04-02T15:52:37.314+0200] {logging_mixin.py:190} INFO - [2025-04-02T15:52:37.314+0200] {dag.py:3239} INFO - Sync 1 DAGs
[2025-04-02T15:52:37.338+0200] {logging_mixin.py:190} INFO - [2025-04-02T15:52:37.337+0200] {dag.py:4180} INFO - Setting next_dagrun for tutorial_objectstorage to None, run_after=None
[2025-04-02T15:52:37.554+0200] {processor.py:208} INFO - Processing /home/munyah/.local/lib/python3.10/site-packages/airflow/example_dags/tutorial_objectstorage.py took 0.295 seconds
[2025-04-02T15:53:49.774+0200] {processor.py:186} INFO - Started process (PID=18281) to work on /home/munyah/.local/lib/python3.10/site-packages/airflow/example_dags/tutorial_objectstorage.py
[2025-04-02T15:53:49.775+0200] {processor.py:914} INFO - Processing file /home/munyah/.local/lib/python3.10/site-packages/airflow/example_dags/tutorial_objectstorage.py for tasks to queue
[2025-04-02T15:53:49.778+0200] {logging_mixin.py:190} INFO - [2025-04-02T15:53:49.777+0200] {dagbag.py:588} INFO - Filling up the DagBag from /home/munyah/.local/lib/python3.10/site-packages/airflow/example_dags/tutorial_objectstorage.py
[2025-04-02T15:53:49.789+0200] {processor.py:925} INFO - DAG(s) 'tutorial_objectstorage' retrieved from /home/munyah/.local/lib/python3.10/site-packages/airflow/example_dags/tutorial_objectstorage.py
[2025-04-02T15:53:49.805+0200] {logging_mixin.py:190} INFO - [2025-04-02T15:53:49.805+0200] {dag.py:3239} INFO - Sync 1 DAGs
[2025-04-02T15:53:49.822+0200] {logging_mixin.py:190} INFO - [2025-04-02T15:53:49.821+0200] {dag.py:4180} INFO - Setting next_dagrun for tutorial_objectstorage to None, run_after=None
[2025-04-02T15:53:49.983+0200] {processor.py:208} INFO - Processing /home/munyah/.local/lib/python3.10/site-packages/airflow/example_dags/tutorial_objectstorage.py took 0.217 seconds
