[2024-11-24T15:31:07.733+0200] {local_task_job_runner.py:123} INFO - ::group::Pre task execution logs
[2024-11-24T15:31:07.750+0200] {taskinstance.py:2613} INFO - Dependencies all met for dep_context=non-requeueable deps ti=<TaskInstance: continuous_patient_data_generation.initialize_or_fetch_patients scheduled__2024-11-24T13:30:00+00:00 [queued]>
[2024-11-24T15:31:07.761+0200] {taskinstance.py:2613} INFO - Dependencies all met for dep_context=requeueable deps ti=<TaskInstance: continuous_patient_data_generation.initialize_or_fetch_patients scheduled__2024-11-24T13:30:00+00:00 [queued]>
[2024-11-24T15:31:07.761+0200] {taskinstance.py:2866} INFO - Starting attempt 1 of 2
[2024-11-24T15:31:07.781+0200] {taskinstance.py:2889} INFO - Executing <Task(PythonOperator): initialize_or_fetch_patients> on 2024-11-24 13:30:00+00:00
[2024-11-24T15:31:07.789+0200] {standard_task_runner.py:72} INFO - Started process 502560 to run task
[2024-11-24T15:31:07.796+0200] {standard_task_runner.py:104} INFO - Running: ['airflow', 'tasks', 'run', 'continuous_patient_data_generation', 'initialize_or_fetch_patients', 'scheduled__2024-11-24T13:30:00+00:00', '--job-id', '6', '--raw', '--subdir', 'DAGS_FOLDER/real_time_patient_data_update.py', '--cfg-path', '/tmp/tmpsynmx58t']
[2024-11-24T15:31:07.799+0200] {standard_task_runner.py:105} INFO - Job 6: Subtask initialize_or_fetch_patients
[2024-11-24T15:31:07.872+0200] {task_command.py:467} INFO - Running <TaskInstance: continuous_patient_data_generation.initialize_or_fetch_patients scheduled__2024-11-24T13:30:00+00:00 [running]> on host munyah-ThinkPad-X1-Yoga-1st
[2024-11-24T15:31:07.980+0200] {taskinstance.py:3132} INFO - Exporting env vars: AIRFLOW_CTX_DAG_OWNER='munyah' AIRFLOW_CTX_DAG_ID='continuous_patient_data_generation' AIRFLOW_CTX_TASK_ID='initialize_or_fetch_patients' AIRFLOW_CTX_EXECUTION_DATE='2024-11-24T13:30:00+00:00' AIRFLOW_CTX_TRY_NUMBER='1' AIRFLOW_CTX_DAG_RUN_ID='scheduled__2024-11-24T13:30:00+00:00'
[2024-11-24T15:31:07.982+0200] {logging_mixin.py:190} INFO - Task instance is in running state
[2024-11-24T15:31:07.983+0200] {logging_mixin.py:190} INFO -  Previous state of the Task instance: queued
[2024-11-24T15:31:07.983+0200] {logging_mixin.py:190} INFO - Current task name:initialize_or_fetch_patients state:running start_date:2024-11-24 13:31:07.751017+00:00
[2024-11-24T15:31:07.983+0200] {logging_mixin.py:190} INFO - Dag name:continuous_patient_data_generation and current dag run status:running
[2024-11-24T15:31:07.984+0200] {taskinstance.py:731} INFO - ::endgroup::
[2024-11-24T15:31:07.993+0200] {real_time_patient_data_update.py:37} INFO - Current Patients: []
[2024-11-24T15:31:07.993+0200] {python.py:240} INFO - Done. Returned value was: []
[2024-11-24T15:31:08.015+0200] {taskinstance.py:340} INFO - ::group::Post task execution logs
[2024-11-24T15:31:08.016+0200] {taskinstance.py:352} INFO - Marking task as SUCCESS. dag_id=continuous_patient_data_generation, task_id=initialize_or_fetch_patients, run_id=scheduled__2024-11-24T13:30:00+00:00, execution_date=20241124T133000, start_date=20241124T133107, end_date=20241124T133108
[2024-11-24T15:31:08.029+0200] {logging_mixin.py:190} INFO - Task instance in success state
[2024-11-24T15:31:08.030+0200] {logging_mixin.py:190} INFO -  Previous state of the Task instance: running
[2024-11-24T15:31:08.030+0200] {logging_mixin.py:190} INFO - Dag name:continuous_patient_data_generation queued_at:2024-11-24 13:31:03.858489+00:00
[2024-11-24T15:31:08.030+0200] {logging_mixin.py:190} INFO - Task hostname:munyah-ThinkPad-X1-Yoga-1st operator:PythonOperator
[2024-11-24T15:31:08.054+0200] {local_task_job_runner.py:266} INFO - Task exited with return code 0
[2024-11-24T15:31:08.077+0200] {taskinstance.py:3895} INFO - 1 downstream tasks scheduled from follow-on schedule check
[2024-11-24T15:31:08.083+0200] {local_task_job_runner.py:245} INFO - ::endgroup::
