[2024-11-26T00:55:04.204+0200] {local_task_job_runner.py:123} INFO - ::group::Pre task execution logs
[2024-11-26T00:55:04.214+0200] {taskinstance.py:2613} INFO - Dependencies all met for dep_context=non-requeueable deps ti=<TaskInstance: continuous_patient_data_generation.fetch_existing_patients scheduled__2024-11-25T22:54:00+00:00 [queued]>
[2024-11-26T00:55:04.220+0200] {taskinstance.py:2613} INFO - Dependencies all met for dep_context=requeueable deps ti=<TaskInstance: continuous_patient_data_generation.fetch_existing_patients scheduled__2024-11-25T22:54:00+00:00 [queued]>
[2024-11-26T00:55:04.220+0200] {taskinstance.py:2866} INFO - Starting attempt 1 of 2
[2024-11-26T00:55:04.234+0200] {taskinstance.py:2889} INFO - Executing <Task(PythonOperator): fetch_existing_patients> on 2024-11-25 22:54:00+00:00
[2024-11-26T00:55:04.239+0200] {standard_task_runner.py:72} INFO - Started process 675641 to run task
[2024-11-26T00:55:04.244+0200] {standard_task_runner.py:104} INFO - Running: ['airflow', 'tasks', 'run', 'continuous_patient_data_generation', 'fetch_existing_patients', 'scheduled__2024-11-25T22:54:00+00:00', '--job-id', '1454', '--raw', '--subdir', 'DAGS_FOLDER/real_time_patient_data_update.py', '--cfg-path', '/tmp/tmpln_x8hjl']
[2024-11-26T00:55:04.246+0200] {standard_task_runner.py:105} INFO - Job 1454: Subtask fetch_existing_patients
[2024-11-26T00:55:04.282+0200] {task_command.py:467} INFO - Running <TaskInstance: continuous_patient_data_generation.fetch_existing_patients scheduled__2024-11-25T22:54:00+00:00 [running]> on host munyah-ThinkPad-X1-Yoga-1st
[2024-11-26T00:55:04.354+0200] {taskinstance.py:3132} INFO - Exporting env vars: AIRFLOW_CTX_DAG_OWNER='munyah' AIRFLOW_CTX_DAG_ID='continuous_patient_data_generation' AIRFLOW_CTX_TASK_ID='fetch_existing_patients' AIRFLOW_CTX_EXECUTION_DATE='2024-11-25T22:54:00+00:00' AIRFLOW_CTX_TRY_NUMBER='1' AIRFLOW_CTX_DAG_RUN_ID='scheduled__2024-11-25T22:54:00+00:00'
[2024-11-26T00:55:04.355+0200] {logging_mixin.py:190} INFO - Task instance is in running state
[2024-11-26T00:55:04.355+0200] {logging_mixin.py:190} INFO -  Previous state of the Task instance: queued
[2024-11-26T00:55:04.355+0200] {logging_mixin.py:190} INFO - Current task name:fetch_existing_patients state:running start_date:2024-11-25 22:55:04.214828+00:00
[2024-11-26T00:55:04.355+0200] {logging_mixin.py:190} INFO - Dag name:continuous_patient_data_generation and current dag run status:running
[2024-11-26T00:55:04.356+0200] {taskinstance.py:731} INFO - ::endgroup::
[2024-11-26T00:55:04.362+0200] {base.py:84} INFO - Retrieving connection 'patients_data'
[2024-11-26T00:55:04.366+0200] {http.py:248} WARNING - HTTPConnectionPool(host='127.0.0.1', port=5000): Max retries exceeded with url: /api/patient-data (Caused by NewConnectionError('<urllib3.connection.HTTPConnection object at 0x7b0794c79f90>: Failed to establish a new connection: [Errno 111] Connection refused')) Tenacity will retry to execute the operation
[2024-11-26T00:55:04.366+0200] {real_time_patient_data_update.py:50} ERROR - Exception during API fetch: HTTPConnectionPool(host='127.0.0.1', port=5000): Max retries exceeded with url: /api/patient-data (Caused by NewConnectionError('<urllib3.connection.HTTPConnection object at 0x7b0794c79f90>: Failed to establish a new connection: [Errno 111] Connection refused'))
[2024-11-26T00:55:04.375+0200] {python.py:240} INFO - Done. Returned value was: None
[2024-11-26T00:55:04.379+0200] {taskinstance.py:340} INFO - ::group::Post task execution logs
[2024-11-26T00:55:04.379+0200] {taskinstance.py:352} INFO - Marking task as SUCCESS. dag_id=continuous_patient_data_generation, task_id=fetch_existing_patients, run_id=scheduled__2024-11-25T22:54:00+00:00, execution_date=20241125T225400, start_date=20241125T225504, end_date=20241125T225504
[2024-11-26T00:55:04.387+0200] {logging_mixin.py:190} INFO - Task instance in success state
[2024-11-26T00:55:04.387+0200] {logging_mixin.py:190} INFO -  Previous state of the Task instance: running
[2024-11-26T00:55:04.387+0200] {logging_mixin.py:190} INFO - Dag name:continuous_patient_data_generation queued_at:2024-11-25 22:55:01.962213+00:00
[2024-11-26T00:55:04.387+0200] {logging_mixin.py:190} INFO - Task hostname:munyah-ThinkPad-X1-Yoga-1st operator:PythonOperator
[2024-11-26T00:55:04.417+0200] {local_task_job_runner.py:266} INFO - Task exited with return code 0
[2024-11-26T00:55:04.434+0200] {taskinstance.py:3895} INFO - 1 downstream tasks scheduled from follow-on schedule check
[2024-11-26T00:55:04.437+0200] {local_task_job_runner.py:245} INFO - ::endgroup::
