[2025-03-18T14:13:02.803+0200] {processor.py:186} INFO - Started process (PID=31099) to work on /home/munyah/.local/lib/python3.10/site-packages/airflow/example_dags/plugins/decreasing_priority_weight_strategy.py
[2025-03-18T14:13:02.804+0200] {processor.py:914} INFO - Processing file /home/munyah/.local/lib/python3.10/site-packages/airflow/example_dags/plugins/decreasing_priority_weight_strategy.py for tasks to queue
[2025-03-18T14:13:02.807+0200] {logging_mixin.py:190} INFO - [2025-03-18T14:13:02.806+0200] {dagbag.py:588} INFO - Filling up the DagBag from /home/munyah/.local/lib/python3.10/site-packages/airflow/example_dags/plugins/decreasing_priority_weight_strategy.py
[2025-03-18T14:13:02.810+0200] {processor.py:927} WARNING - No viable dags retrieved from /home/munyah/.local/lib/python3.10/site-packages/airflow/example_dags/plugins/decreasing_priority_weight_strategy.py
[2025-03-18T14:13:02.821+0200] {processor.py:208} INFO - Processing /home/munyah/.local/lib/python3.10/site-packages/airflow/example_dags/plugins/decreasing_priority_weight_strategy.py took 0.029 seconds
[2025-03-18T14:14:01.843+0200] {processor.py:186} INFO - Started process (PID=31407) to work on /home/munyah/.local/lib/python3.10/site-packages/airflow/example_dags/plugins/decreasing_priority_weight_strategy.py
[2025-03-18T14:14:01.846+0200] {processor.py:914} INFO - Processing file /home/munyah/.local/lib/python3.10/site-packages/airflow/example_dags/plugins/decreasing_priority_weight_strategy.py for tasks to queue
[2025-03-18T14:14:01.856+0200] {logging_mixin.py:190} INFO - [2025-03-18T14:14:01.855+0200] {dagbag.py:588} INFO - Filling up the DagBag from /home/munyah/.local/lib/python3.10/site-packages/airflow/example_dags/plugins/decreasing_priority_weight_strategy.py
[2025-03-18T14:14:01.861+0200] {processor.py:927} WARNING - No viable dags retrieved from /home/munyah/.local/lib/python3.10/site-packages/airflow/example_dags/plugins/decreasing_priority_weight_strategy.py
[2025-03-18T14:14:01.878+0200] {processor.py:208} INFO - Processing /home/munyah/.local/lib/python3.10/site-packages/airflow/example_dags/plugins/decreasing_priority_weight_strategy.py took 0.057 seconds
[2025-03-18T14:15:06.361+0200] {processor.py:186} INFO - Started process (PID=31662) to work on /home/munyah/.local/lib/python3.10/site-packages/airflow/example_dags/plugins/decreasing_priority_weight_strategy.py
[2025-03-18T14:15:06.362+0200] {processor.py:914} INFO - Processing file /home/munyah/.local/lib/python3.10/site-packages/airflow/example_dags/plugins/decreasing_priority_weight_strategy.py for tasks to queue
[2025-03-18T14:15:06.365+0200] {logging_mixin.py:190} INFO - [2025-03-18T14:15:06.365+0200] {dagbag.py:588} INFO - Filling up the DagBag from /home/munyah/.local/lib/python3.10/site-packages/airflow/example_dags/plugins/decreasing_priority_weight_strategy.py
[2025-03-18T14:15:06.368+0200] {processor.py:927} WARNING - No viable dags retrieved from /home/munyah/.local/lib/python3.10/site-packages/airflow/example_dags/plugins/decreasing_priority_weight_strategy.py
[2025-03-18T14:15:06.379+0200] {processor.py:208} INFO - Processing /home/munyah/.local/lib/python3.10/site-packages/airflow/example_dags/plugins/decreasing_priority_weight_strategy.py took 0.024 seconds
[2025-03-18T14:16:13.472+0200] {processor.py:186} INFO - Started process (PID=31817) to work on /home/munyah/.local/lib/python3.10/site-packages/airflow/example_dags/plugins/decreasing_priority_weight_strategy.py
[2025-03-18T14:16:13.473+0200] {processor.py:914} INFO - Processing file /home/munyah/.local/lib/python3.10/site-packages/airflow/example_dags/plugins/decreasing_priority_weight_strategy.py for tasks to queue
[2025-03-18T14:16:13.476+0200] {logging_mixin.py:190} INFO - [2025-03-18T14:16:13.476+0200] {dagbag.py:588} INFO - Filling up the DagBag from /home/munyah/.local/lib/python3.10/site-packages/airflow/example_dags/plugins/decreasing_priority_weight_strategy.py
[2025-03-18T14:16:13.479+0200] {processor.py:927} WARNING - No viable dags retrieved from /home/munyah/.local/lib/python3.10/site-packages/airflow/example_dags/plugins/decreasing_priority_weight_strategy.py
[2025-03-18T14:16:13.491+0200] {processor.py:208} INFO - Processing /home/munyah/.local/lib/python3.10/site-packages/airflow/example_dags/plugins/decreasing_priority_weight_strategy.py took 0.026 seconds
[2025-03-18T14:17:23.444+0200] {processor.py:186} INFO - Started process (PID=32017) to work on /home/munyah/.local/lib/python3.10/site-packages/airflow/example_dags/plugins/decreasing_priority_weight_strategy.py
[2025-03-18T14:17:23.445+0200] {processor.py:914} INFO - Processing file /home/munyah/.local/lib/python3.10/site-packages/airflow/example_dags/plugins/decreasing_priority_weight_strategy.py for tasks to queue
[2025-03-18T14:17:23.448+0200] {logging_mixin.py:190} INFO - [2025-03-18T14:17:23.447+0200] {dagbag.py:588} INFO - Filling up the DagBag from /home/munyah/.local/lib/python3.10/site-packages/airflow/example_dags/plugins/decreasing_priority_weight_strategy.py
[2025-03-18T14:17:23.451+0200] {processor.py:927} WARNING - No viable dags retrieved from /home/munyah/.local/lib/python3.10/site-packages/airflow/example_dags/plugins/decreasing_priority_weight_strategy.py
[2025-03-18T14:17:23.466+0200] {processor.py:208} INFO - Processing /home/munyah/.local/lib/python3.10/site-packages/airflow/example_dags/plugins/decreasing_priority_weight_strategy.py took 0.030 seconds
[2025-03-18T14:18:34.330+0200] {processor.py:186} INFO - Started process (PID=32288) to work on /home/munyah/.local/lib/python3.10/site-packages/airflow/example_dags/plugins/decreasing_priority_weight_strategy.py
[2025-03-18T14:18:34.331+0200] {processor.py:914} INFO - Processing file /home/munyah/.local/lib/python3.10/site-packages/airflow/example_dags/plugins/decreasing_priority_weight_strategy.py for tasks to queue
[2025-03-18T14:18:34.335+0200] {logging_mixin.py:190} INFO - [2025-03-18T14:18:34.334+0200] {dagbag.py:588} INFO - Filling up the DagBag from /home/munyah/.local/lib/python3.10/site-packages/airflow/example_dags/plugins/decreasing_priority_weight_strategy.py
[2025-03-18T14:18:34.338+0200] {processor.py:927} WARNING - No viable dags retrieved from /home/munyah/.local/lib/python3.10/site-packages/airflow/example_dags/plugins/decreasing_priority_weight_strategy.py
[2025-03-18T14:18:34.349+0200] {processor.py:208} INFO - Processing /home/munyah/.local/lib/python3.10/site-packages/airflow/example_dags/plugins/decreasing_priority_weight_strategy.py took 0.026 seconds
[2025-03-18T14:19:46.043+0200] {processor.py:186} INFO - Started process (PID=32872) to work on /home/munyah/.local/lib/python3.10/site-packages/airflow/example_dags/plugins/decreasing_priority_weight_strategy.py
[2025-03-18T14:19:46.044+0200] {processor.py:914} INFO - Processing file /home/munyah/.local/lib/python3.10/site-packages/airflow/example_dags/plugins/decreasing_priority_weight_strategy.py for tasks to queue
[2025-03-18T14:19:46.046+0200] {logging_mixin.py:190} INFO - [2025-03-18T14:19:46.046+0200] {dagbag.py:588} INFO - Filling up the DagBag from /home/munyah/.local/lib/python3.10/site-packages/airflow/example_dags/plugins/decreasing_priority_weight_strategy.py
[2025-03-18T14:19:46.050+0200] {processor.py:927} WARNING - No viable dags retrieved from /home/munyah/.local/lib/python3.10/site-packages/airflow/example_dags/plugins/decreasing_priority_weight_strategy.py
[2025-03-18T14:19:46.061+0200] {processor.py:208} INFO - Processing /home/munyah/.local/lib/python3.10/site-packages/airflow/example_dags/plugins/decreasing_priority_weight_strategy.py took 0.025 seconds
[2025-03-18T14:20:57.819+0200] {processor.py:186} INFO - Started process (PID=35843) to work on /home/munyah/.local/lib/python3.10/site-packages/airflow/example_dags/plugins/decreasing_priority_weight_strategy.py
[2025-03-18T14:20:57.822+0200] {processor.py:914} INFO - Processing file /home/munyah/.local/lib/python3.10/site-packages/airflow/example_dags/plugins/decreasing_priority_weight_strategy.py for tasks to queue
[2025-03-18T14:20:57.830+0200] {logging_mixin.py:190} INFO - [2025-03-18T14:20:57.827+0200] {dagbag.py:588} INFO - Filling up the DagBag from /home/munyah/.local/lib/python3.10/site-packages/airflow/example_dags/plugins/decreasing_priority_weight_strategy.py
[2025-03-18T14:20:57.838+0200] {processor.py:927} WARNING - No viable dags retrieved from /home/munyah/.local/lib/python3.10/site-packages/airflow/example_dags/plugins/decreasing_priority_weight_strategy.py
[2025-03-18T14:20:57.867+0200] {processor.py:208} INFO - Processing /home/munyah/.local/lib/python3.10/site-packages/airflow/example_dags/plugins/decreasing_priority_weight_strategy.py took 0.071 seconds
[2025-03-18T14:21:59.914+0200] {processor.py:186} INFO - Started process (PID=36120) to work on /home/munyah/.local/lib/python3.10/site-packages/airflow/example_dags/plugins/decreasing_priority_weight_strategy.py
[2025-03-18T14:21:59.915+0200] {processor.py:914} INFO - Processing file /home/munyah/.local/lib/python3.10/site-packages/airflow/example_dags/plugins/decreasing_priority_weight_strategy.py for tasks to queue
[2025-03-18T14:21:59.918+0200] {logging_mixin.py:190} INFO - [2025-03-18T14:21:59.918+0200] {dagbag.py:588} INFO - Filling up the DagBag from /home/munyah/.local/lib/python3.10/site-packages/airflow/example_dags/plugins/decreasing_priority_weight_strategy.py
[2025-03-18T14:21:59.921+0200] {processor.py:927} WARNING - No viable dags retrieved from /home/munyah/.local/lib/python3.10/site-packages/airflow/example_dags/plugins/decreasing_priority_weight_strategy.py
[2025-03-18T14:21:59.934+0200] {processor.py:208} INFO - Processing /home/munyah/.local/lib/python3.10/site-packages/airflow/example_dags/plugins/decreasing_priority_weight_strategy.py took 0.028 seconds
[2025-03-18T14:23:04.015+0200] {processor.py:186} INFO - Started process (PID=36490) to work on /home/munyah/.local/lib/python3.10/site-packages/airflow/example_dags/plugins/decreasing_priority_weight_strategy.py
[2025-03-18T14:23:04.017+0200] {processor.py:914} INFO - Processing file /home/munyah/.local/lib/python3.10/site-packages/airflow/example_dags/plugins/decreasing_priority_weight_strategy.py for tasks to queue
[2025-03-18T14:23:04.021+0200] {logging_mixin.py:190} INFO - [2025-03-18T14:23:04.020+0200] {dagbag.py:588} INFO - Filling up the DagBag from /home/munyah/.local/lib/python3.10/site-packages/airflow/example_dags/plugins/decreasing_priority_weight_strategy.py
[2025-03-18T14:23:04.025+0200] {processor.py:927} WARNING - No viable dags retrieved from /home/munyah/.local/lib/python3.10/site-packages/airflow/example_dags/plugins/decreasing_priority_weight_strategy.py
[2025-03-18T14:23:04.039+0200] {processor.py:208} INFO - Processing /home/munyah/.local/lib/python3.10/site-packages/airflow/example_dags/plugins/decreasing_priority_weight_strategy.py took 0.035 seconds
[2025-03-18T14:24:03.935+0200] {processor.py:186} INFO - Started process (PID=36678) to work on /home/munyah/.local/lib/python3.10/site-packages/airflow/example_dags/plugins/decreasing_priority_weight_strategy.py
[2025-03-18T14:24:03.936+0200] {processor.py:914} INFO - Processing file /home/munyah/.local/lib/python3.10/site-packages/airflow/example_dags/plugins/decreasing_priority_weight_strategy.py for tasks to queue
[2025-03-18T14:24:03.939+0200] {logging_mixin.py:190} INFO - [2025-03-18T14:24:03.938+0200] {dagbag.py:588} INFO - Filling up the DagBag from /home/munyah/.local/lib/python3.10/site-packages/airflow/example_dags/plugins/decreasing_priority_weight_strategy.py
[2025-03-18T14:24:03.942+0200] {processor.py:927} WARNING - No viable dags retrieved from /home/munyah/.local/lib/python3.10/site-packages/airflow/example_dags/plugins/decreasing_priority_weight_strategy.py
[2025-03-18T14:24:03.954+0200] {processor.py:208} INFO - Processing /home/munyah/.local/lib/python3.10/site-packages/airflow/example_dags/plugins/decreasing_priority_weight_strategy.py took 0.027 seconds
[2025-03-18T14:25:29.810+0200] {processor.py:186} INFO - Started process (PID=37423) to work on /home/munyah/.local/lib/python3.10/site-packages/airflow/example_dags/plugins/decreasing_priority_weight_strategy.py
[2025-03-18T14:25:29.811+0200] {processor.py:914} INFO - Processing file /home/munyah/.local/lib/python3.10/site-packages/airflow/example_dags/plugins/decreasing_priority_weight_strategy.py for tasks to queue
[2025-03-18T14:25:29.814+0200] {logging_mixin.py:190} INFO - [2025-03-18T14:25:29.813+0200] {dagbag.py:588} INFO - Filling up the DagBag from /home/munyah/.local/lib/python3.10/site-packages/airflow/example_dags/plugins/decreasing_priority_weight_strategy.py
[2025-03-18T14:25:29.817+0200] {processor.py:927} WARNING - No viable dags retrieved from /home/munyah/.local/lib/python3.10/site-packages/airflow/example_dags/plugins/decreasing_priority_weight_strategy.py
[2025-03-18T14:25:29.831+0200] {processor.py:208} INFO - Processing /home/munyah/.local/lib/python3.10/site-packages/airflow/example_dags/plugins/decreasing_priority_weight_strategy.py took 0.030 seconds
[2025-03-18T14:26:14.194+0200] {processor.py:186} INFO - Started process (PID=37614) to work on /home/munyah/.local/lib/python3.10/site-packages/airflow/example_dags/plugins/decreasing_priority_weight_strategy.py
[2025-03-18T14:26:14.195+0200] {processor.py:914} INFO - Processing file /home/munyah/.local/lib/python3.10/site-packages/airflow/example_dags/plugins/decreasing_priority_weight_strategy.py for tasks to queue
[2025-03-18T14:26:14.198+0200] {logging_mixin.py:190} INFO - [2025-03-18T14:26:14.197+0200] {dagbag.py:588} INFO - Filling up the DagBag from /home/munyah/.local/lib/python3.10/site-packages/airflow/example_dags/plugins/decreasing_priority_weight_strategy.py
[2025-03-18T14:26:14.201+0200] {processor.py:927} WARNING - No viable dags retrieved from /home/munyah/.local/lib/python3.10/site-packages/airflow/example_dags/plugins/decreasing_priority_weight_strategy.py
[2025-03-18T14:26:14.216+0200] {processor.py:208} INFO - Processing /home/munyah/.local/lib/python3.10/site-packages/airflow/example_dags/plugins/decreasing_priority_weight_strategy.py took 0.029 seconds
[2025-03-18T14:27:18.360+0200] {processor.py:186} INFO - Started process (PID=38007) to work on /home/munyah/.local/lib/python3.10/site-packages/airflow/example_dags/plugins/decreasing_priority_weight_strategy.py
[2025-03-18T14:27:18.362+0200] {processor.py:914} INFO - Processing file /home/munyah/.local/lib/python3.10/site-packages/airflow/example_dags/plugins/decreasing_priority_weight_strategy.py for tasks to queue
[2025-03-18T14:27:18.365+0200] {logging_mixin.py:190} INFO - [2025-03-18T14:27:18.364+0200] {dagbag.py:588} INFO - Filling up the DagBag from /home/munyah/.local/lib/python3.10/site-packages/airflow/example_dags/plugins/decreasing_priority_weight_strategy.py
[2025-03-18T14:27:18.370+0200] {processor.py:927} WARNING - No viable dags retrieved from /home/munyah/.local/lib/python3.10/site-packages/airflow/example_dags/plugins/decreasing_priority_weight_strategy.py
[2025-03-18T14:27:18.383+0200] {processor.py:208} INFO - Processing /home/munyah/.local/lib/python3.10/site-packages/airflow/example_dags/plugins/decreasing_priority_weight_strategy.py took 0.041 seconds
[2025-03-18T14:28:36.229+0200] {processor.py:186} INFO - Started process (PID=38509) to work on /home/munyah/.local/lib/python3.10/site-packages/airflow/example_dags/plugins/decreasing_priority_weight_strategy.py
[2025-03-18T14:28:36.231+0200] {processor.py:914} INFO - Processing file /home/munyah/.local/lib/python3.10/site-packages/airflow/example_dags/plugins/decreasing_priority_weight_strategy.py for tasks to queue
[2025-03-18T14:28:36.233+0200] {logging_mixin.py:190} INFO - [2025-03-18T14:28:36.233+0200] {dagbag.py:588} INFO - Filling up the DagBag from /home/munyah/.local/lib/python3.10/site-packages/airflow/example_dags/plugins/decreasing_priority_weight_strategy.py
[2025-03-18T14:28:36.236+0200] {processor.py:927} WARNING - No viable dags retrieved from /home/munyah/.local/lib/python3.10/site-packages/airflow/example_dags/plugins/decreasing_priority_weight_strategy.py
[2025-03-18T14:28:36.248+0200] {processor.py:208} INFO - Processing /home/munyah/.local/lib/python3.10/site-packages/airflow/example_dags/plugins/decreasing_priority_weight_strategy.py took 0.027 seconds
[2025-03-18T14:29:18.374+0200] {processor.py:186} INFO - Started process (PID=38798) to work on /home/munyah/.local/lib/python3.10/site-packages/airflow/example_dags/plugins/decreasing_priority_weight_strategy.py
[2025-03-18T14:29:18.377+0200] {processor.py:914} INFO - Processing file /home/munyah/.local/lib/python3.10/site-packages/airflow/example_dags/plugins/decreasing_priority_weight_strategy.py for tasks to queue
[2025-03-18T14:29:18.382+0200] {logging_mixin.py:190} INFO - [2025-03-18T14:29:18.381+0200] {dagbag.py:588} INFO - Filling up the DagBag from /home/munyah/.local/lib/python3.10/site-packages/airflow/example_dags/plugins/decreasing_priority_weight_strategy.py
[2025-03-18T14:29:18.387+0200] {processor.py:927} WARNING - No viable dags retrieved from /home/munyah/.local/lib/python3.10/site-packages/airflow/example_dags/plugins/decreasing_priority_weight_strategy.py
[2025-03-18T14:29:18.408+0200] {processor.py:208} INFO - Processing /home/munyah/.local/lib/python3.10/site-packages/airflow/example_dags/plugins/decreasing_priority_weight_strategy.py took 0.061 seconds
[2025-03-18T14:30:31.928+0200] {processor.py:186} INFO - Started process (PID=39262) to work on /home/munyah/.local/lib/python3.10/site-packages/airflow/example_dags/plugins/decreasing_priority_weight_strategy.py
[2025-03-18T14:30:31.930+0200] {processor.py:914} INFO - Processing file /home/munyah/.local/lib/python3.10/site-packages/airflow/example_dags/plugins/decreasing_priority_weight_strategy.py for tasks to queue
[2025-03-18T14:30:31.933+0200] {logging_mixin.py:190} INFO - [2025-03-18T14:30:31.933+0200] {dagbag.py:588} INFO - Filling up the DagBag from /home/munyah/.local/lib/python3.10/site-packages/airflow/example_dags/plugins/decreasing_priority_weight_strategy.py
[2025-03-18T14:30:31.936+0200] {processor.py:927} WARNING - No viable dags retrieved from /home/munyah/.local/lib/python3.10/site-packages/airflow/example_dags/plugins/decreasing_priority_weight_strategy.py
[2025-03-18T14:30:31.950+0200] {processor.py:208} INFO - Processing /home/munyah/.local/lib/python3.10/site-packages/airflow/example_dags/plugins/decreasing_priority_weight_strategy.py took 0.038 seconds
[2025-03-18T14:31:16.066+0200] {processor.py:186} INFO - Started process (PID=39573) to work on /home/munyah/.local/lib/python3.10/site-packages/airflow/example_dags/plugins/decreasing_priority_weight_strategy.py
[2025-03-18T14:31:16.067+0200] {processor.py:914} INFO - Processing file /home/munyah/.local/lib/python3.10/site-packages/airflow/example_dags/plugins/decreasing_priority_weight_strategy.py for tasks to queue
[2025-03-18T14:31:16.070+0200] {logging_mixin.py:190} INFO - [2025-03-18T14:31:16.070+0200] {dagbag.py:588} INFO - Filling up the DagBag from /home/munyah/.local/lib/python3.10/site-packages/airflow/example_dags/plugins/decreasing_priority_weight_strategy.py
[2025-03-18T14:31:16.073+0200] {processor.py:927} WARNING - No viable dags retrieved from /home/munyah/.local/lib/python3.10/site-packages/airflow/example_dags/plugins/decreasing_priority_weight_strategy.py
[2025-03-18T14:31:16.087+0200] {processor.py:208} INFO - Processing /home/munyah/.local/lib/python3.10/site-packages/airflow/example_dags/plugins/decreasing_priority_weight_strategy.py took 0.030 seconds
[2025-03-18T14:32:29.360+0200] {processor.py:186} INFO - Started process (PID=40017) to work on /home/munyah/.local/lib/python3.10/site-packages/airflow/example_dags/plugins/decreasing_priority_weight_strategy.py
[2025-03-18T14:32:29.361+0200] {processor.py:914} INFO - Processing file /home/munyah/.local/lib/python3.10/site-packages/airflow/example_dags/plugins/decreasing_priority_weight_strategy.py for tasks to queue
[2025-03-18T14:32:29.365+0200] {logging_mixin.py:190} INFO - [2025-03-18T14:32:29.364+0200] {dagbag.py:588} INFO - Filling up the DagBag from /home/munyah/.local/lib/python3.10/site-packages/airflow/example_dags/plugins/decreasing_priority_weight_strategy.py
[2025-03-18T14:32:29.367+0200] {processor.py:927} WARNING - No viable dags retrieved from /home/munyah/.local/lib/python3.10/site-packages/airflow/example_dags/plugins/decreasing_priority_weight_strategy.py
[2025-03-18T14:32:29.379+0200] {processor.py:208} INFO - Processing /home/munyah/.local/lib/python3.10/site-packages/airflow/example_dags/plugins/decreasing_priority_weight_strategy.py took 0.027 seconds
[2025-03-18T14:33:39.370+0200] {processor.py:186} INFO - Started process (PID=40467) to work on /home/munyah/.local/lib/python3.10/site-packages/airflow/example_dags/plugins/decreasing_priority_weight_strategy.py
[2025-03-18T14:33:39.371+0200] {processor.py:914} INFO - Processing file /home/munyah/.local/lib/python3.10/site-packages/airflow/example_dags/plugins/decreasing_priority_weight_strategy.py for tasks to queue
[2025-03-18T14:33:39.373+0200] {logging_mixin.py:190} INFO - [2025-03-18T14:33:39.373+0200] {dagbag.py:588} INFO - Filling up the DagBag from /home/munyah/.local/lib/python3.10/site-packages/airflow/example_dags/plugins/decreasing_priority_weight_strategy.py
[2025-03-18T14:33:39.376+0200] {processor.py:927} WARNING - No viable dags retrieved from /home/munyah/.local/lib/python3.10/site-packages/airflow/example_dags/plugins/decreasing_priority_weight_strategy.py
[2025-03-18T14:33:39.388+0200] {processor.py:208} INFO - Processing /home/munyah/.local/lib/python3.10/site-packages/airflow/example_dags/plugins/decreasing_priority_weight_strategy.py took 0.025 seconds
[2025-03-18T14:34:22.761+0200] {processor.py:186} INFO - Started process (PID=40773) to work on /home/munyah/.local/lib/python3.10/site-packages/airflow/example_dags/plugins/decreasing_priority_weight_strategy.py
[2025-03-18T14:34:22.763+0200] {processor.py:914} INFO - Processing file /home/munyah/.local/lib/python3.10/site-packages/airflow/example_dags/plugins/decreasing_priority_weight_strategy.py for tasks to queue
[2025-03-18T14:34:22.766+0200] {logging_mixin.py:190} INFO - [2025-03-18T14:34:22.765+0200] {dagbag.py:588} INFO - Filling up the DagBag from /home/munyah/.local/lib/python3.10/site-packages/airflow/example_dags/plugins/decreasing_priority_weight_strategy.py
[2025-03-18T14:34:22.769+0200] {processor.py:927} WARNING - No viable dags retrieved from /home/munyah/.local/lib/python3.10/site-packages/airflow/example_dags/plugins/decreasing_priority_weight_strategy.py
[2025-03-18T14:34:22.783+0200] {processor.py:208} INFO - Processing /home/munyah/.local/lib/python3.10/site-packages/airflow/example_dags/plugins/decreasing_priority_weight_strategy.py took 0.032 seconds
[2025-03-18T14:35:29.186+0200] {processor.py:186} INFO - Started process (PID=41241) to work on /home/munyah/.local/lib/python3.10/site-packages/airflow/example_dags/plugins/decreasing_priority_weight_strategy.py
[2025-03-18T14:35:29.187+0200] {processor.py:914} INFO - Processing file /home/munyah/.local/lib/python3.10/site-packages/airflow/example_dags/plugins/decreasing_priority_weight_strategy.py for tasks to queue
[2025-03-18T14:35:29.190+0200] {logging_mixin.py:190} INFO - [2025-03-18T14:35:29.189+0200] {dagbag.py:588} INFO - Filling up the DagBag from /home/munyah/.local/lib/python3.10/site-packages/airflow/example_dags/plugins/decreasing_priority_weight_strategy.py
[2025-03-18T14:35:29.193+0200] {processor.py:927} WARNING - No viable dags retrieved from /home/munyah/.local/lib/python3.10/site-packages/airflow/example_dags/plugins/decreasing_priority_weight_strategy.py
[2025-03-18T14:35:29.205+0200] {processor.py:208} INFO - Processing /home/munyah/.local/lib/python3.10/site-packages/airflow/example_dags/plugins/decreasing_priority_weight_strategy.py took 0.026 seconds
[2025-03-18T14:36:33.547+0200] {processor.py:186} INFO - Started process (PID=41661) to work on /home/munyah/.local/lib/python3.10/site-packages/airflow/example_dags/plugins/decreasing_priority_weight_strategy.py
[2025-03-18T14:36:33.548+0200] {processor.py:914} INFO - Processing file /home/munyah/.local/lib/python3.10/site-packages/airflow/example_dags/plugins/decreasing_priority_weight_strategy.py for tasks to queue
[2025-03-18T14:36:33.550+0200] {logging_mixin.py:190} INFO - [2025-03-18T14:36:33.550+0200] {dagbag.py:588} INFO - Filling up the DagBag from /home/munyah/.local/lib/python3.10/site-packages/airflow/example_dags/plugins/decreasing_priority_weight_strategy.py
[2025-03-18T14:36:33.553+0200] {processor.py:927} WARNING - No viable dags retrieved from /home/munyah/.local/lib/python3.10/site-packages/airflow/example_dags/plugins/decreasing_priority_weight_strategy.py
[2025-03-18T14:36:33.565+0200] {processor.py:208} INFO - Processing /home/munyah/.local/lib/python3.10/site-packages/airflow/example_dags/plugins/decreasing_priority_weight_strategy.py took 0.026 seconds
[2025-03-18T14:37:15.107+0200] {processor.py:186} INFO - Started process (PID=41946) to work on /home/munyah/.local/lib/python3.10/site-packages/airflow/example_dags/plugins/decreasing_priority_weight_strategy.py
[2025-03-18T14:37:15.108+0200] {processor.py:914} INFO - Processing file /home/munyah/.local/lib/python3.10/site-packages/airflow/example_dags/plugins/decreasing_priority_weight_strategy.py for tasks to queue
[2025-03-18T14:37:15.110+0200] {logging_mixin.py:190} INFO - [2025-03-18T14:37:15.110+0200] {dagbag.py:588} INFO - Filling up the DagBag from /home/munyah/.local/lib/python3.10/site-packages/airflow/example_dags/plugins/decreasing_priority_weight_strategy.py
[2025-03-18T14:37:15.113+0200] {processor.py:927} WARNING - No viable dags retrieved from /home/munyah/.local/lib/python3.10/site-packages/airflow/example_dags/plugins/decreasing_priority_weight_strategy.py
[2025-03-18T14:37:15.125+0200] {processor.py:208} INFO - Processing /home/munyah/.local/lib/python3.10/site-packages/airflow/example_dags/plugins/decreasing_priority_weight_strategy.py took 0.026 seconds
[2025-03-18T14:38:22.751+0200] {processor.py:186} INFO - Started process (PID=42398) to work on /home/munyah/.local/lib/python3.10/site-packages/airflow/example_dags/plugins/decreasing_priority_weight_strategy.py
[2025-03-18T14:38:22.752+0200] {processor.py:914} INFO - Processing file /home/munyah/.local/lib/python3.10/site-packages/airflow/example_dags/plugins/decreasing_priority_weight_strategy.py for tasks to queue
[2025-03-18T14:38:22.755+0200] {logging_mixin.py:190} INFO - [2025-03-18T14:38:22.754+0200] {dagbag.py:588} INFO - Filling up the DagBag from /home/munyah/.local/lib/python3.10/site-packages/airflow/example_dags/plugins/decreasing_priority_weight_strategy.py
[2025-03-18T14:38:22.758+0200] {processor.py:927} WARNING - No viable dags retrieved from /home/munyah/.local/lib/python3.10/site-packages/airflow/example_dags/plugins/decreasing_priority_weight_strategy.py
[2025-03-18T14:38:22.770+0200] {processor.py:208} INFO - Processing /home/munyah/.local/lib/python3.10/site-packages/airflow/example_dags/plugins/decreasing_priority_weight_strategy.py took 0.026 seconds
[2025-03-18T14:39:19.399+0200] {processor.py:186} INFO - Started process (PID=42565) to work on /home/munyah/.local/lib/python3.10/site-packages/airflow/example_dags/plugins/decreasing_priority_weight_strategy.py
[2025-03-18T14:39:19.401+0200] {processor.py:914} INFO - Processing file /home/munyah/.local/lib/python3.10/site-packages/airflow/example_dags/plugins/decreasing_priority_weight_strategy.py for tasks to queue
[2025-03-18T14:39:19.403+0200] {logging_mixin.py:190} INFO - [2025-03-18T14:39:19.402+0200] {dagbag.py:588} INFO - Filling up the DagBag from /home/munyah/.local/lib/python3.10/site-packages/airflow/example_dags/plugins/decreasing_priority_weight_strategy.py
[2025-03-18T14:39:19.406+0200] {processor.py:927} WARNING - No viable dags retrieved from /home/munyah/.local/lib/python3.10/site-packages/airflow/example_dags/plugins/decreasing_priority_weight_strategy.py
[2025-03-18T14:39:19.418+0200] {processor.py:208} INFO - Processing /home/munyah/.local/lib/python3.10/site-packages/airflow/example_dags/plugins/decreasing_priority_weight_strategy.py took 0.026 seconds
[2025-03-18T14:40:21.929+0200] {processor.py:186} INFO - Started process (PID=42780) to work on /home/munyah/.local/lib/python3.10/site-packages/airflow/example_dags/plugins/decreasing_priority_weight_strategy.py
[2025-03-18T14:40:21.931+0200] {processor.py:914} INFO - Processing file /home/munyah/.local/lib/python3.10/site-packages/airflow/example_dags/plugins/decreasing_priority_weight_strategy.py for tasks to queue
[2025-03-18T14:40:21.933+0200] {logging_mixin.py:190} INFO - [2025-03-18T14:40:21.932+0200] {dagbag.py:588} INFO - Filling up the DagBag from /home/munyah/.local/lib/python3.10/site-packages/airflow/example_dags/plugins/decreasing_priority_weight_strategy.py
[2025-03-18T14:40:21.935+0200] {processor.py:927} WARNING - No viable dags retrieved from /home/munyah/.local/lib/python3.10/site-packages/airflow/example_dags/plugins/decreasing_priority_weight_strategy.py
[2025-03-18T14:40:21.948+0200] {processor.py:208} INFO - Processing /home/munyah/.local/lib/python3.10/site-packages/airflow/example_dags/plugins/decreasing_priority_weight_strategy.py took 0.028 seconds
[2025-03-18T14:41:22.534+0200] {processor.py:186} INFO - Started process (PID=42925) to work on /home/munyah/.local/lib/python3.10/site-packages/airflow/example_dags/plugins/decreasing_priority_weight_strategy.py
[2025-03-18T14:41:22.536+0200] {processor.py:914} INFO - Processing file /home/munyah/.local/lib/python3.10/site-packages/airflow/example_dags/plugins/decreasing_priority_weight_strategy.py for tasks to queue
[2025-03-18T14:41:22.539+0200] {logging_mixin.py:190} INFO - [2025-03-18T14:41:22.539+0200] {dagbag.py:588} INFO - Filling up the DagBag from /home/munyah/.local/lib/python3.10/site-packages/airflow/example_dags/plugins/decreasing_priority_weight_strategy.py
[2025-03-18T14:41:22.543+0200] {processor.py:927} WARNING - No viable dags retrieved from /home/munyah/.local/lib/python3.10/site-packages/airflow/example_dags/plugins/decreasing_priority_weight_strategy.py
[2025-03-18T14:41:22.559+0200] {processor.py:208} INFO - Processing /home/munyah/.local/lib/python3.10/site-packages/airflow/example_dags/plugins/decreasing_priority_weight_strategy.py took 0.036 seconds
[2025-03-18T14:42:22.290+0200] {processor.py:186} INFO - Started process (PID=43374) to work on /home/munyah/.local/lib/python3.10/site-packages/airflow/example_dags/plugins/decreasing_priority_weight_strategy.py
[2025-03-18T14:42:22.292+0200] {processor.py:914} INFO - Processing file /home/munyah/.local/lib/python3.10/site-packages/airflow/example_dags/plugins/decreasing_priority_weight_strategy.py for tasks to queue
[2025-03-18T14:42:22.296+0200] {logging_mixin.py:190} INFO - [2025-03-18T14:42:22.296+0200] {dagbag.py:588} INFO - Filling up the DagBag from /home/munyah/.local/lib/python3.10/site-packages/airflow/example_dags/plugins/decreasing_priority_weight_strategy.py
[2025-03-18T14:42:22.301+0200] {processor.py:927} WARNING - No viable dags retrieved from /home/munyah/.local/lib/python3.10/site-packages/airflow/example_dags/plugins/decreasing_priority_weight_strategy.py
[2025-03-18T14:42:22.314+0200] {processor.py:208} INFO - Processing /home/munyah/.local/lib/python3.10/site-packages/airflow/example_dags/plugins/decreasing_priority_weight_strategy.py took 0.045 seconds
[2025-03-18T14:43:30.767+0200] {processor.py:186} INFO - Started process (PID=43999) to work on /home/munyah/.local/lib/python3.10/site-packages/airflow/example_dags/plugins/decreasing_priority_weight_strategy.py
[2025-03-18T14:43:30.768+0200] {processor.py:914} INFO - Processing file /home/munyah/.local/lib/python3.10/site-packages/airflow/example_dags/plugins/decreasing_priority_weight_strategy.py for tasks to queue
[2025-03-18T14:43:30.772+0200] {logging_mixin.py:190} INFO - [2025-03-18T14:43:30.771+0200] {dagbag.py:588} INFO - Filling up the DagBag from /home/munyah/.local/lib/python3.10/site-packages/airflow/example_dags/plugins/decreasing_priority_weight_strategy.py
[2025-03-18T14:43:30.778+0200] {processor.py:927} WARNING - No viable dags retrieved from /home/munyah/.local/lib/python3.10/site-packages/airflow/example_dags/plugins/decreasing_priority_weight_strategy.py
[2025-03-18T14:43:30.797+0200] {processor.py:208} INFO - Processing /home/munyah/.local/lib/python3.10/site-packages/airflow/example_dags/plugins/decreasing_priority_weight_strategy.py took 0.041 seconds
[2025-03-18T14:44:44.502+0200] {processor.py:186} INFO - Started process (PID=44207) to work on /home/munyah/.local/lib/python3.10/site-packages/airflow/example_dags/plugins/decreasing_priority_weight_strategy.py
[2025-03-18T14:44:44.503+0200] {processor.py:914} INFO - Processing file /home/munyah/.local/lib/python3.10/site-packages/airflow/example_dags/plugins/decreasing_priority_weight_strategy.py for tasks to queue
[2025-03-18T14:44:44.506+0200] {logging_mixin.py:190} INFO - [2025-03-18T14:44:44.505+0200] {dagbag.py:588} INFO - Filling up the DagBag from /home/munyah/.local/lib/python3.10/site-packages/airflow/example_dags/plugins/decreasing_priority_weight_strategy.py
[2025-03-18T14:44:44.508+0200] {processor.py:927} WARNING - No viable dags retrieved from /home/munyah/.local/lib/python3.10/site-packages/airflow/example_dags/plugins/decreasing_priority_weight_strategy.py
[2025-03-18T14:44:44.520+0200] {processor.py:208} INFO - Processing /home/munyah/.local/lib/python3.10/site-packages/airflow/example_dags/plugins/decreasing_priority_weight_strategy.py took 0.026 seconds
[2025-03-18T14:45:43.252+0200] {processor.py:186} INFO - Started process (PID=44377) to work on /home/munyah/.local/lib/python3.10/site-packages/airflow/example_dags/plugins/decreasing_priority_weight_strategy.py
[2025-03-18T14:45:43.254+0200] {processor.py:914} INFO - Processing file /home/munyah/.local/lib/python3.10/site-packages/airflow/example_dags/plugins/decreasing_priority_weight_strategy.py for tasks to queue
[2025-03-18T14:45:43.258+0200] {logging_mixin.py:190} INFO - [2025-03-18T14:45:43.258+0200] {dagbag.py:588} INFO - Filling up the DagBag from /home/munyah/.local/lib/python3.10/site-packages/airflow/example_dags/plugins/decreasing_priority_weight_strategy.py
[2025-03-18T14:45:43.261+0200] {processor.py:927} WARNING - No viable dags retrieved from /home/munyah/.local/lib/python3.10/site-packages/airflow/example_dags/plugins/decreasing_priority_weight_strategy.py
[2025-03-18T14:45:43.277+0200] {processor.py:208} INFO - Processing /home/munyah/.local/lib/python3.10/site-packages/airflow/example_dags/plugins/decreasing_priority_weight_strategy.py took 0.032 seconds
[2025-03-18T14:46:45.752+0200] {processor.py:186} INFO - Started process (PID=44539) to work on /home/munyah/.local/lib/python3.10/site-packages/airflow/example_dags/plugins/decreasing_priority_weight_strategy.py
[2025-03-18T14:46:45.753+0200] {processor.py:914} INFO - Processing file /home/munyah/.local/lib/python3.10/site-packages/airflow/example_dags/plugins/decreasing_priority_weight_strategy.py for tasks to queue
[2025-03-18T14:46:45.756+0200] {logging_mixin.py:190} INFO - [2025-03-18T14:46:45.755+0200] {dagbag.py:588} INFO - Filling up the DagBag from /home/munyah/.local/lib/python3.10/site-packages/airflow/example_dags/plugins/decreasing_priority_weight_strategy.py
[2025-03-18T14:46:45.759+0200] {processor.py:927} WARNING - No viable dags retrieved from /home/munyah/.local/lib/python3.10/site-packages/airflow/example_dags/plugins/decreasing_priority_weight_strategy.py
[2025-03-18T14:46:45.772+0200] {processor.py:208} INFO - Processing /home/munyah/.local/lib/python3.10/site-packages/airflow/example_dags/plugins/decreasing_priority_weight_strategy.py took 0.028 seconds
[2025-03-18T14:47:50.424+0200] {processor.py:186} INFO - Started process (PID=44891) to work on /home/munyah/.local/lib/python3.10/site-packages/airflow/example_dags/plugins/decreasing_priority_weight_strategy.py
[2025-03-18T14:47:50.425+0200] {processor.py:914} INFO - Processing file /home/munyah/.local/lib/python3.10/site-packages/airflow/example_dags/plugins/decreasing_priority_weight_strategy.py for tasks to queue
[2025-03-18T14:47:50.429+0200] {logging_mixin.py:190} INFO - [2025-03-18T14:47:50.429+0200] {dagbag.py:588} INFO - Filling up the DagBag from /home/munyah/.local/lib/python3.10/site-packages/airflow/example_dags/plugins/decreasing_priority_weight_strategy.py
[2025-03-18T14:47:50.433+0200] {processor.py:927} WARNING - No viable dags retrieved from /home/munyah/.local/lib/python3.10/site-packages/airflow/example_dags/plugins/decreasing_priority_weight_strategy.py
[2025-03-18T14:47:50.450+0200] {processor.py:208} INFO - Processing /home/munyah/.local/lib/python3.10/site-packages/airflow/example_dags/plugins/decreasing_priority_weight_strategy.py took 0.036 seconds
[2025-03-18T14:48:53.819+0200] {processor.py:186} INFO - Started process (PID=45086) to work on /home/munyah/.local/lib/python3.10/site-packages/airflow/example_dags/plugins/decreasing_priority_weight_strategy.py
[2025-03-18T14:48:53.821+0200] {processor.py:914} INFO - Processing file /home/munyah/.local/lib/python3.10/site-packages/airflow/example_dags/plugins/decreasing_priority_weight_strategy.py for tasks to queue
[2025-03-18T14:48:53.827+0200] {logging_mixin.py:190} INFO - [2025-03-18T14:48:53.826+0200] {dagbag.py:588} INFO - Filling up the DagBag from /home/munyah/.local/lib/python3.10/site-packages/airflow/example_dags/plugins/decreasing_priority_weight_strategy.py
[2025-03-18T14:48:53.832+0200] {processor.py:927} WARNING - No viable dags retrieved from /home/munyah/.local/lib/python3.10/site-packages/airflow/example_dags/plugins/decreasing_priority_weight_strategy.py
[2025-03-18T14:48:53.849+0200] {processor.py:208} INFO - Processing /home/munyah/.local/lib/python3.10/site-packages/airflow/example_dags/plugins/decreasing_priority_weight_strategy.py took 0.043 seconds
[2025-03-18T14:49:53.365+0200] {processor.py:186} INFO - Started process (PID=45279) to work on /home/munyah/.local/lib/python3.10/site-packages/airflow/example_dags/plugins/decreasing_priority_weight_strategy.py
[2025-03-18T14:49:53.366+0200] {processor.py:914} INFO - Processing file /home/munyah/.local/lib/python3.10/site-packages/airflow/example_dags/plugins/decreasing_priority_weight_strategy.py for tasks to queue
[2025-03-18T14:49:53.369+0200] {logging_mixin.py:190} INFO - [2025-03-18T14:49:53.368+0200] {dagbag.py:588} INFO - Filling up the DagBag from /home/munyah/.local/lib/python3.10/site-packages/airflow/example_dags/plugins/decreasing_priority_weight_strategy.py
[2025-03-18T14:49:53.372+0200] {processor.py:927} WARNING - No viable dags retrieved from /home/munyah/.local/lib/python3.10/site-packages/airflow/example_dags/plugins/decreasing_priority_weight_strategy.py
[2025-03-18T14:49:53.385+0200] {processor.py:208} INFO - Processing /home/munyah/.local/lib/python3.10/site-packages/airflow/example_dags/plugins/decreasing_priority_weight_strategy.py took 0.027 seconds
[2025-03-18T14:50:55.573+0200] {processor.py:186} INFO - Started process (PID=45474) to work on /home/munyah/.local/lib/python3.10/site-packages/airflow/example_dags/plugins/decreasing_priority_weight_strategy.py
[2025-03-18T14:50:55.575+0200] {processor.py:914} INFO - Processing file /home/munyah/.local/lib/python3.10/site-packages/airflow/example_dags/plugins/decreasing_priority_weight_strategy.py for tasks to queue
[2025-03-18T14:50:55.577+0200] {logging_mixin.py:190} INFO - [2025-03-18T14:50:55.577+0200] {dagbag.py:588} INFO - Filling up the DagBag from /home/munyah/.local/lib/python3.10/site-packages/airflow/example_dags/plugins/decreasing_priority_weight_strategy.py
[2025-03-18T14:50:55.580+0200] {processor.py:927} WARNING - No viable dags retrieved from /home/munyah/.local/lib/python3.10/site-packages/airflow/example_dags/plugins/decreasing_priority_weight_strategy.py
[2025-03-18T14:50:55.591+0200] {processor.py:208} INFO - Processing /home/munyah/.local/lib/python3.10/site-packages/airflow/example_dags/plugins/decreasing_priority_weight_strategy.py took 0.025 seconds
[2025-03-18T14:51:53.662+0200] {processor.py:186} INFO - Started process (PID=45689) to work on /home/munyah/.local/lib/python3.10/site-packages/airflow/example_dags/plugins/decreasing_priority_weight_strategy.py
[2025-03-18T14:51:53.665+0200] {processor.py:914} INFO - Processing file /home/munyah/.local/lib/python3.10/site-packages/airflow/example_dags/plugins/decreasing_priority_weight_strategy.py for tasks to queue
[2025-03-18T14:51:53.669+0200] {logging_mixin.py:190} INFO - [2025-03-18T14:51:53.668+0200] {dagbag.py:588} INFO - Filling up the DagBag from /home/munyah/.local/lib/python3.10/site-packages/airflow/example_dags/plugins/decreasing_priority_weight_strategy.py
[2025-03-18T14:51:53.673+0200] {processor.py:927} WARNING - No viable dags retrieved from /home/munyah/.local/lib/python3.10/site-packages/airflow/example_dags/plugins/decreasing_priority_weight_strategy.py
[2025-03-18T14:51:53.688+0200] {processor.py:208} INFO - Processing /home/munyah/.local/lib/python3.10/site-packages/airflow/example_dags/plugins/decreasing_priority_weight_strategy.py took 0.038 seconds
[2025-03-18T14:52:55.703+0200] {processor.py:186} INFO - Started process (PID=45853) to work on /home/munyah/.local/lib/python3.10/site-packages/airflow/example_dags/plugins/decreasing_priority_weight_strategy.py
[2025-03-18T14:52:55.704+0200] {processor.py:914} INFO - Processing file /home/munyah/.local/lib/python3.10/site-packages/airflow/example_dags/plugins/decreasing_priority_weight_strategy.py for tasks to queue
[2025-03-18T14:52:55.706+0200] {logging_mixin.py:190} INFO - [2025-03-18T14:52:55.706+0200] {dagbag.py:588} INFO - Filling up the DagBag from /home/munyah/.local/lib/python3.10/site-packages/airflow/example_dags/plugins/decreasing_priority_weight_strategy.py
[2025-03-18T14:52:55.709+0200] {processor.py:927} WARNING - No viable dags retrieved from /home/munyah/.local/lib/python3.10/site-packages/airflow/example_dags/plugins/decreasing_priority_weight_strategy.py
[2025-03-18T14:52:55.722+0200] {processor.py:208} INFO - Processing /home/munyah/.local/lib/python3.10/site-packages/airflow/example_dags/plugins/decreasing_priority_weight_strategy.py took 0.027 seconds
[2025-03-18T14:54:02.252+0200] {processor.py:186} INFO - Started process (PID=46063) to work on /home/munyah/.local/lib/python3.10/site-packages/airflow/example_dags/plugins/decreasing_priority_weight_strategy.py
[2025-03-18T14:54:02.253+0200] {processor.py:914} INFO - Processing file /home/munyah/.local/lib/python3.10/site-packages/airflow/example_dags/plugins/decreasing_priority_weight_strategy.py for tasks to queue
[2025-03-18T14:54:02.256+0200] {logging_mixin.py:190} INFO - [2025-03-18T14:54:02.255+0200] {dagbag.py:588} INFO - Filling up the DagBag from /home/munyah/.local/lib/python3.10/site-packages/airflow/example_dags/plugins/decreasing_priority_weight_strategy.py
[2025-03-18T14:54:02.258+0200] {processor.py:927} WARNING - No viable dags retrieved from /home/munyah/.local/lib/python3.10/site-packages/airflow/example_dags/plugins/decreasing_priority_weight_strategy.py
[2025-03-18T14:54:02.271+0200] {processor.py:208} INFO - Processing /home/munyah/.local/lib/python3.10/site-packages/airflow/example_dags/plugins/decreasing_priority_weight_strategy.py took 0.027 seconds
[2025-03-18T14:55:06.282+0200] {processor.py:186} INFO - Started process (PID=46231) to work on /home/munyah/.local/lib/python3.10/site-packages/airflow/example_dags/plugins/decreasing_priority_weight_strategy.py
[2025-03-18T14:55:06.284+0200] {processor.py:914} INFO - Processing file /home/munyah/.local/lib/python3.10/site-packages/airflow/example_dags/plugins/decreasing_priority_weight_strategy.py for tasks to queue
[2025-03-18T14:55:06.290+0200] {logging_mixin.py:190} INFO - [2025-03-18T14:55:06.290+0200] {dagbag.py:588} INFO - Filling up the DagBag from /home/munyah/.local/lib/python3.10/site-packages/airflow/example_dags/plugins/decreasing_priority_weight_strategy.py
[2025-03-18T14:55:06.295+0200] {processor.py:927} WARNING - No viable dags retrieved from /home/munyah/.local/lib/python3.10/site-packages/airflow/example_dags/plugins/decreasing_priority_weight_strategy.py
[2025-03-18T14:55:06.319+0200] {processor.py:208} INFO - Processing /home/munyah/.local/lib/python3.10/site-packages/airflow/example_dags/plugins/decreasing_priority_weight_strategy.py took 0.055 seconds
[2025-03-18T14:56:09.105+0200] {processor.py:186} INFO - Started process (PID=46371) to work on /home/munyah/.local/lib/python3.10/site-packages/airflow/example_dags/plugins/decreasing_priority_weight_strategy.py
[2025-03-18T14:56:09.107+0200] {processor.py:914} INFO - Processing file /home/munyah/.local/lib/python3.10/site-packages/airflow/example_dags/plugins/decreasing_priority_weight_strategy.py for tasks to queue
[2025-03-18T14:56:09.113+0200] {logging_mixin.py:190} INFO - [2025-03-18T14:56:09.113+0200] {dagbag.py:588} INFO - Filling up the DagBag from /home/munyah/.local/lib/python3.10/site-packages/airflow/example_dags/plugins/decreasing_priority_weight_strategy.py
[2025-03-18T14:56:09.123+0200] {processor.py:927} WARNING - No viable dags retrieved from /home/munyah/.local/lib/python3.10/site-packages/airflow/example_dags/plugins/decreasing_priority_weight_strategy.py
[2025-03-18T14:56:09.142+0200] {processor.py:208} INFO - Processing /home/munyah/.local/lib/python3.10/site-packages/airflow/example_dags/plugins/decreasing_priority_weight_strategy.py took 0.048 seconds
[2025-03-18T14:57:13.364+0200] {processor.py:186} INFO - Started process (PID=46524) to work on /home/munyah/.local/lib/python3.10/site-packages/airflow/example_dags/plugins/decreasing_priority_weight_strategy.py
[2025-03-18T14:57:13.366+0200] {processor.py:914} INFO - Processing file /home/munyah/.local/lib/python3.10/site-packages/airflow/example_dags/plugins/decreasing_priority_weight_strategy.py for tasks to queue
[2025-03-18T14:57:13.369+0200] {logging_mixin.py:190} INFO - [2025-03-18T14:57:13.369+0200] {dagbag.py:588} INFO - Filling up the DagBag from /home/munyah/.local/lib/python3.10/site-packages/airflow/example_dags/plugins/decreasing_priority_weight_strategy.py
[2025-03-18T14:57:13.373+0200] {processor.py:927} WARNING - No viable dags retrieved from /home/munyah/.local/lib/python3.10/site-packages/airflow/example_dags/plugins/decreasing_priority_weight_strategy.py
[2025-03-18T14:57:13.390+0200] {processor.py:208} INFO - Processing /home/munyah/.local/lib/python3.10/site-packages/airflow/example_dags/plugins/decreasing_priority_weight_strategy.py took 0.035 seconds
[2025-03-18T14:58:14.769+0200] {processor.py:186} INFO - Started process (PID=46685) to work on /home/munyah/.local/lib/python3.10/site-packages/airflow/example_dags/plugins/decreasing_priority_weight_strategy.py
[2025-03-18T14:58:14.771+0200] {processor.py:914} INFO - Processing file /home/munyah/.local/lib/python3.10/site-packages/airflow/example_dags/plugins/decreasing_priority_weight_strategy.py for tasks to queue
[2025-03-18T14:58:14.773+0200] {logging_mixin.py:190} INFO - [2025-03-18T14:58:14.772+0200] {dagbag.py:588} INFO - Filling up the DagBag from /home/munyah/.local/lib/python3.10/site-packages/airflow/example_dags/plugins/decreasing_priority_weight_strategy.py
[2025-03-18T14:58:14.777+0200] {processor.py:927} WARNING - No viable dags retrieved from /home/munyah/.local/lib/python3.10/site-packages/airflow/example_dags/plugins/decreasing_priority_weight_strategy.py
[2025-03-18T14:58:14.790+0200] {processor.py:208} INFO - Processing /home/munyah/.local/lib/python3.10/site-packages/airflow/example_dags/plugins/decreasing_priority_weight_strategy.py took 0.028 seconds
[2025-03-18T14:59:17.730+0200] {processor.py:186} INFO - Started process (PID=47065) to work on /home/munyah/.local/lib/python3.10/site-packages/airflow/example_dags/plugins/decreasing_priority_weight_strategy.py
[2025-03-18T14:59:17.731+0200] {processor.py:914} INFO - Processing file /home/munyah/.local/lib/python3.10/site-packages/airflow/example_dags/plugins/decreasing_priority_weight_strategy.py for tasks to queue
[2025-03-18T14:59:17.734+0200] {logging_mixin.py:190} INFO - [2025-03-18T14:59:17.733+0200] {dagbag.py:588} INFO - Filling up the DagBag from /home/munyah/.local/lib/python3.10/site-packages/airflow/example_dags/plugins/decreasing_priority_weight_strategy.py
[2025-03-18T14:59:17.736+0200] {processor.py:927} WARNING - No viable dags retrieved from /home/munyah/.local/lib/python3.10/site-packages/airflow/example_dags/plugins/decreasing_priority_weight_strategy.py
[2025-03-18T14:59:17.749+0200] {processor.py:208} INFO - Processing /home/munyah/.local/lib/python3.10/site-packages/airflow/example_dags/plugins/decreasing_priority_weight_strategy.py took 0.027 seconds
[2025-03-18T15:00:19.696+0200] {processor.py:186} INFO - Started process (PID=47264) to work on /home/munyah/.local/lib/python3.10/site-packages/airflow/example_dags/plugins/decreasing_priority_weight_strategy.py
[2025-03-18T15:00:19.697+0200] {processor.py:914} INFO - Processing file /home/munyah/.local/lib/python3.10/site-packages/airflow/example_dags/plugins/decreasing_priority_weight_strategy.py for tasks to queue
[2025-03-18T15:00:19.700+0200] {logging_mixin.py:190} INFO - [2025-03-18T15:00:19.699+0200] {dagbag.py:588} INFO - Filling up the DagBag from /home/munyah/.local/lib/python3.10/site-packages/airflow/example_dags/plugins/decreasing_priority_weight_strategy.py
[2025-03-18T15:00:19.702+0200] {processor.py:927} WARNING - No viable dags retrieved from /home/munyah/.local/lib/python3.10/site-packages/airflow/example_dags/plugins/decreasing_priority_weight_strategy.py
[2025-03-18T15:00:19.716+0200] {processor.py:208} INFO - Processing /home/munyah/.local/lib/python3.10/site-packages/airflow/example_dags/plugins/decreasing_priority_weight_strategy.py took 0.027 seconds
[2025-03-18T15:01:18.911+0200] {processor.py:186} INFO - Started process (PID=47430) to work on /home/munyah/.local/lib/python3.10/site-packages/airflow/example_dags/plugins/decreasing_priority_weight_strategy.py
[2025-03-18T15:01:18.912+0200] {processor.py:914} INFO - Processing file /home/munyah/.local/lib/python3.10/site-packages/airflow/example_dags/plugins/decreasing_priority_weight_strategy.py for tasks to queue
[2025-03-18T15:01:18.915+0200] {logging_mixin.py:190} INFO - [2025-03-18T15:01:18.914+0200] {dagbag.py:588} INFO - Filling up the DagBag from /home/munyah/.local/lib/python3.10/site-packages/airflow/example_dags/plugins/decreasing_priority_weight_strategy.py
[2025-03-18T15:01:18.917+0200] {processor.py:927} WARNING - No viable dags retrieved from /home/munyah/.local/lib/python3.10/site-packages/airflow/example_dags/plugins/decreasing_priority_weight_strategy.py
[2025-03-18T15:01:18.929+0200] {processor.py:208} INFO - Processing /home/munyah/.local/lib/python3.10/site-packages/airflow/example_dags/plugins/decreasing_priority_weight_strategy.py took 0.025 seconds
[2025-03-18T15:02:14.035+0200] {processor.py:186} INFO - Started process (PID=47553) to work on /home/munyah/.local/lib/python3.10/site-packages/airflow/example_dags/plugins/decreasing_priority_weight_strategy.py
[2025-03-18T15:02:14.036+0200] {processor.py:914} INFO - Processing file /home/munyah/.local/lib/python3.10/site-packages/airflow/example_dags/plugins/decreasing_priority_weight_strategy.py for tasks to queue
[2025-03-18T15:02:14.039+0200] {logging_mixin.py:190} INFO - [2025-03-18T15:02:14.038+0200] {dagbag.py:588} INFO - Filling up the DagBag from /home/munyah/.local/lib/python3.10/site-packages/airflow/example_dags/plugins/decreasing_priority_weight_strategy.py
[2025-03-18T15:02:14.041+0200] {processor.py:927} WARNING - No viable dags retrieved from /home/munyah/.local/lib/python3.10/site-packages/airflow/example_dags/plugins/decreasing_priority_weight_strategy.py
[2025-03-18T15:02:14.053+0200] {processor.py:208} INFO - Processing /home/munyah/.local/lib/python3.10/site-packages/airflow/example_dags/plugins/decreasing_priority_weight_strategy.py took 0.026 seconds
[2025-03-18T15:03:10.861+0200] {processor.py:186} INFO - Started process (PID=47713) to work on /home/munyah/.local/lib/python3.10/site-packages/airflow/example_dags/plugins/decreasing_priority_weight_strategy.py
[2025-03-18T15:03:10.862+0200] {processor.py:914} INFO - Processing file /home/munyah/.local/lib/python3.10/site-packages/airflow/example_dags/plugins/decreasing_priority_weight_strategy.py for tasks to queue
[2025-03-18T15:03:10.865+0200] {logging_mixin.py:190} INFO - [2025-03-18T15:03:10.864+0200] {dagbag.py:588} INFO - Filling up the DagBag from /home/munyah/.local/lib/python3.10/site-packages/airflow/example_dags/plugins/decreasing_priority_weight_strategy.py
[2025-03-18T15:03:10.868+0200] {processor.py:927} WARNING - No viable dags retrieved from /home/munyah/.local/lib/python3.10/site-packages/airflow/example_dags/plugins/decreasing_priority_weight_strategy.py
[2025-03-18T15:03:10.879+0200] {processor.py:208} INFO - Processing /home/munyah/.local/lib/python3.10/site-packages/airflow/example_dags/plugins/decreasing_priority_weight_strategy.py took 0.025 seconds
[2025-03-18T15:04:08.052+0200] {processor.py:186} INFO - Started process (PID=47883) to work on /home/munyah/.local/lib/python3.10/site-packages/airflow/example_dags/plugins/decreasing_priority_weight_strategy.py
[2025-03-18T15:04:08.054+0200] {processor.py:914} INFO - Processing file /home/munyah/.local/lib/python3.10/site-packages/airflow/example_dags/plugins/decreasing_priority_weight_strategy.py for tasks to queue
[2025-03-18T15:04:08.056+0200] {logging_mixin.py:190} INFO - [2025-03-18T15:04:08.055+0200] {dagbag.py:588} INFO - Filling up the DagBag from /home/munyah/.local/lib/python3.10/site-packages/airflow/example_dags/plugins/decreasing_priority_weight_strategy.py
[2025-03-18T15:04:08.059+0200] {processor.py:927} WARNING - No viable dags retrieved from /home/munyah/.local/lib/python3.10/site-packages/airflow/example_dags/plugins/decreasing_priority_weight_strategy.py
[2025-03-18T15:04:08.071+0200] {processor.py:208} INFO - Processing /home/munyah/.local/lib/python3.10/site-packages/airflow/example_dags/plugins/decreasing_priority_weight_strategy.py took 0.026 seconds
[2025-03-18T15:05:04.745+0200] {processor.py:186} INFO - Started process (PID=48112) to work on /home/munyah/.local/lib/python3.10/site-packages/airflow/example_dags/plugins/decreasing_priority_weight_strategy.py
[2025-03-18T15:05:04.747+0200] {processor.py:914} INFO - Processing file /home/munyah/.local/lib/python3.10/site-packages/airflow/example_dags/plugins/decreasing_priority_weight_strategy.py for tasks to queue
[2025-03-18T15:05:04.750+0200] {logging_mixin.py:190} INFO - [2025-03-18T15:05:04.749+0200] {dagbag.py:588} INFO - Filling up the DagBag from /home/munyah/.local/lib/python3.10/site-packages/airflow/example_dags/plugins/decreasing_priority_weight_strategy.py
[2025-03-18T15:05:04.753+0200] {processor.py:927} WARNING - No viable dags retrieved from /home/munyah/.local/lib/python3.10/site-packages/airflow/example_dags/plugins/decreasing_priority_weight_strategy.py
[2025-03-18T15:05:04.764+0200] {processor.py:208} INFO - Processing /home/munyah/.local/lib/python3.10/site-packages/airflow/example_dags/plugins/decreasing_priority_weight_strategy.py took 0.032 seconds
[2025-03-18T15:06:06.114+0200] {processor.py:186} INFO - Started process (PID=48251) to work on /home/munyah/.local/lib/python3.10/site-packages/airflow/example_dags/plugins/decreasing_priority_weight_strategy.py
[2025-03-18T15:06:06.115+0200] {processor.py:914} INFO - Processing file /home/munyah/.local/lib/python3.10/site-packages/airflow/example_dags/plugins/decreasing_priority_weight_strategy.py for tasks to queue
[2025-03-18T15:06:06.118+0200] {logging_mixin.py:190} INFO - [2025-03-18T15:06:06.117+0200] {dagbag.py:588} INFO - Filling up the DagBag from /home/munyah/.local/lib/python3.10/site-packages/airflow/example_dags/plugins/decreasing_priority_weight_strategy.py
[2025-03-18T15:06:06.120+0200] {processor.py:927} WARNING - No viable dags retrieved from /home/munyah/.local/lib/python3.10/site-packages/airflow/example_dags/plugins/decreasing_priority_weight_strategy.py
[2025-03-18T15:06:06.133+0200] {processor.py:208} INFO - Processing /home/munyah/.local/lib/python3.10/site-packages/airflow/example_dags/plugins/decreasing_priority_weight_strategy.py took 0.026 seconds
[2025-03-18T15:07:06.272+0200] {processor.py:186} INFO - Started process (PID=48414) to work on /home/munyah/.local/lib/python3.10/site-packages/airflow/example_dags/plugins/decreasing_priority_weight_strategy.py
[2025-03-18T15:07:06.273+0200] {processor.py:914} INFO - Processing file /home/munyah/.local/lib/python3.10/site-packages/airflow/example_dags/plugins/decreasing_priority_weight_strategy.py for tasks to queue
[2025-03-18T15:07:06.275+0200] {logging_mixin.py:190} INFO - [2025-03-18T15:07:06.275+0200] {dagbag.py:588} INFO - Filling up the DagBag from /home/munyah/.local/lib/python3.10/site-packages/airflow/example_dags/plugins/decreasing_priority_weight_strategy.py
[2025-03-18T15:07:06.278+0200] {processor.py:927} WARNING - No viable dags retrieved from /home/munyah/.local/lib/python3.10/site-packages/airflow/example_dags/plugins/decreasing_priority_weight_strategy.py
[2025-03-18T15:07:06.290+0200] {processor.py:208} INFO - Processing /home/munyah/.local/lib/python3.10/site-packages/airflow/example_dags/plugins/decreasing_priority_weight_strategy.py took 0.025 seconds
[2025-03-18T15:08:02.813+0200] {processor.py:186} INFO - Started process (PID=48559) to work on /home/munyah/.local/lib/python3.10/site-packages/airflow/example_dags/plugins/decreasing_priority_weight_strategy.py
[2025-03-18T15:08:02.814+0200] {processor.py:914} INFO - Processing file /home/munyah/.local/lib/python3.10/site-packages/airflow/example_dags/plugins/decreasing_priority_weight_strategy.py for tasks to queue
[2025-03-18T15:08:02.817+0200] {logging_mixin.py:190} INFO - [2025-03-18T15:08:02.817+0200] {dagbag.py:588} INFO - Filling up the DagBag from /home/munyah/.local/lib/python3.10/site-packages/airflow/example_dags/plugins/decreasing_priority_weight_strategy.py
[2025-03-18T15:08:02.820+0200] {processor.py:927} WARNING - No viable dags retrieved from /home/munyah/.local/lib/python3.10/site-packages/airflow/example_dags/plugins/decreasing_priority_weight_strategy.py
[2025-03-18T15:08:02.832+0200] {processor.py:208} INFO - Processing /home/munyah/.local/lib/python3.10/site-packages/airflow/example_dags/plugins/decreasing_priority_weight_strategy.py took 0.028 seconds
[2025-03-18T15:09:02.058+0200] {processor.py:186} INFO - Started process (PID=48722) to work on /home/munyah/.local/lib/python3.10/site-packages/airflow/example_dags/plugins/decreasing_priority_weight_strategy.py
[2025-03-18T15:09:02.060+0200] {processor.py:914} INFO - Processing file /home/munyah/.local/lib/python3.10/site-packages/airflow/example_dags/plugins/decreasing_priority_weight_strategy.py for tasks to queue
[2025-03-18T15:09:02.062+0200] {logging_mixin.py:190} INFO - [2025-03-18T15:09:02.062+0200] {dagbag.py:588} INFO - Filling up the DagBag from /home/munyah/.local/lib/python3.10/site-packages/airflow/example_dags/plugins/decreasing_priority_weight_strategy.py
[2025-03-18T15:09:02.065+0200] {processor.py:927} WARNING - No viable dags retrieved from /home/munyah/.local/lib/python3.10/site-packages/airflow/example_dags/plugins/decreasing_priority_weight_strategy.py
[2025-03-18T15:09:02.076+0200] {processor.py:208} INFO - Processing /home/munyah/.local/lib/python3.10/site-packages/airflow/example_dags/plugins/decreasing_priority_weight_strategy.py took 0.024 seconds
[2025-03-18T15:09:59.691+0200] {processor.py:186} INFO - Started process (PID=48801) to work on /home/munyah/.local/lib/python3.10/site-packages/airflow/example_dags/plugins/decreasing_priority_weight_strategy.py
[2025-03-18T15:09:59.692+0200] {processor.py:914} INFO - Processing file /home/munyah/.local/lib/python3.10/site-packages/airflow/example_dags/plugins/decreasing_priority_weight_strategy.py for tasks to queue
[2025-03-18T15:09:59.695+0200] {logging_mixin.py:190} INFO - [2025-03-18T15:09:59.695+0200] {dagbag.py:588} INFO - Filling up the DagBag from /home/munyah/.local/lib/python3.10/site-packages/airflow/example_dags/plugins/decreasing_priority_weight_strategy.py
[2025-03-18T15:09:59.698+0200] {processor.py:927} WARNING - No viable dags retrieved from /home/munyah/.local/lib/python3.10/site-packages/airflow/example_dags/plugins/decreasing_priority_weight_strategy.py
[2025-03-18T15:09:59.709+0200] {processor.py:208} INFO - Processing /home/munyah/.local/lib/python3.10/site-packages/airflow/example_dags/plugins/decreasing_priority_weight_strategy.py took 0.027 seconds
[2025-03-18T15:10:58.228+0200] {processor.py:186} INFO - Started process (PID=49026) to work on /home/munyah/.local/lib/python3.10/site-packages/airflow/example_dags/plugins/decreasing_priority_weight_strategy.py
[2025-03-18T15:10:58.229+0200] {processor.py:914} INFO - Processing file /home/munyah/.local/lib/python3.10/site-packages/airflow/example_dags/plugins/decreasing_priority_weight_strategy.py for tasks to queue
[2025-03-18T15:10:58.232+0200] {logging_mixin.py:190} INFO - [2025-03-18T15:10:58.231+0200] {dagbag.py:588} INFO - Filling up the DagBag from /home/munyah/.local/lib/python3.10/site-packages/airflow/example_dags/plugins/decreasing_priority_weight_strategy.py
[2025-03-18T15:10:58.234+0200] {processor.py:927} WARNING - No viable dags retrieved from /home/munyah/.local/lib/python3.10/site-packages/airflow/example_dags/plugins/decreasing_priority_weight_strategy.py
[2025-03-18T15:10:58.246+0200] {processor.py:208} INFO - Processing /home/munyah/.local/lib/python3.10/site-packages/airflow/example_dags/plugins/decreasing_priority_weight_strategy.py took 0.025 seconds
[2025-03-18T15:11:56.236+0200] {processor.py:186} INFO - Started process (PID=49199) to work on /home/munyah/.local/lib/python3.10/site-packages/airflow/example_dags/plugins/decreasing_priority_weight_strategy.py
[2025-03-18T15:11:56.238+0200] {processor.py:914} INFO - Processing file /home/munyah/.local/lib/python3.10/site-packages/airflow/example_dags/plugins/decreasing_priority_weight_strategy.py for tasks to queue
[2025-03-18T15:11:56.240+0200] {logging_mixin.py:190} INFO - [2025-03-18T15:11:56.240+0200] {dagbag.py:588} INFO - Filling up the DagBag from /home/munyah/.local/lib/python3.10/site-packages/airflow/example_dags/plugins/decreasing_priority_weight_strategy.py
[2025-03-18T15:11:56.244+0200] {processor.py:927} WARNING - No viable dags retrieved from /home/munyah/.local/lib/python3.10/site-packages/airflow/example_dags/plugins/decreasing_priority_weight_strategy.py
[2025-03-18T15:11:56.256+0200] {processor.py:208} INFO - Processing /home/munyah/.local/lib/python3.10/site-packages/airflow/example_dags/plugins/decreasing_priority_weight_strategy.py took 0.027 seconds
[2025-03-18T15:12:54.393+0200] {processor.py:186} INFO - Started process (PID=49337) to work on /home/munyah/.local/lib/python3.10/site-packages/airflow/example_dags/plugins/decreasing_priority_weight_strategy.py
[2025-03-18T15:12:54.394+0200] {processor.py:914} INFO - Processing file /home/munyah/.local/lib/python3.10/site-packages/airflow/example_dags/plugins/decreasing_priority_weight_strategy.py for tasks to queue
[2025-03-18T15:12:54.397+0200] {logging_mixin.py:190} INFO - [2025-03-18T15:12:54.396+0200] {dagbag.py:588} INFO - Filling up the DagBag from /home/munyah/.local/lib/python3.10/site-packages/airflow/example_dags/plugins/decreasing_priority_weight_strategy.py
[2025-03-18T15:12:54.399+0200] {processor.py:927} WARNING - No viable dags retrieved from /home/munyah/.local/lib/python3.10/site-packages/airflow/example_dags/plugins/decreasing_priority_weight_strategy.py
[2025-03-18T15:12:54.412+0200] {processor.py:208} INFO - Processing /home/munyah/.local/lib/python3.10/site-packages/airflow/example_dags/plugins/decreasing_priority_weight_strategy.py took 0.026 seconds
[2025-03-18T15:13:50.536+0200] {processor.py:186} INFO - Started process (PID=49475) to work on /home/munyah/.local/lib/python3.10/site-packages/airflow/example_dags/plugins/decreasing_priority_weight_strategy.py
[2025-03-18T15:13:50.537+0200] {processor.py:914} INFO - Processing file /home/munyah/.local/lib/python3.10/site-packages/airflow/example_dags/plugins/decreasing_priority_weight_strategy.py for tasks to queue
[2025-03-18T15:13:50.540+0200] {logging_mixin.py:190} INFO - [2025-03-18T15:13:50.540+0200] {dagbag.py:588} INFO - Filling up the DagBag from /home/munyah/.local/lib/python3.10/site-packages/airflow/example_dags/plugins/decreasing_priority_weight_strategy.py
[2025-03-18T15:13:50.543+0200] {processor.py:927} WARNING - No viable dags retrieved from /home/munyah/.local/lib/python3.10/site-packages/airflow/example_dags/plugins/decreasing_priority_weight_strategy.py
[2025-03-18T15:13:50.555+0200] {processor.py:208} INFO - Processing /home/munyah/.local/lib/python3.10/site-packages/airflow/example_dags/plugins/decreasing_priority_weight_strategy.py took 0.028 seconds
[2025-03-18T15:14:50.465+0200] {processor.py:186} INFO - Started process (PID=49605) to work on /home/munyah/.local/lib/python3.10/site-packages/airflow/example_dags/plugins/decreasing_priority_weight_strategy.py
[2025-03-18T15:14:50.467+0200] {processor.py:914} INFO - Processing file /home/munyah/.local/lib/python3.10/site-packages/airflow/example_dags/plugins/decreasing_priority_weight_strategy.py for tasks to queue
[2025-03-18T15:14:50.469+0200] {logging_mixin.py:190} INFO - [2025-03-18T15:14:50.469+0200] {dagbag.py:588} INFO - Filling up the DagBag from /home/munyah/.local/lib/python3.10/site-packages/airflow/example_dags/plugins/decreasing_priority_weight_strategy.py
[2025-03-18T15:14:50.472+0200] {processor.py:927} WARNING - No viable dags retrieved from /home/munyah/.local/lib/python3.10/site-packages/airflow/example_dags/plugins/decreasing_priority_weight_strategy.py
[2025-03-18T15:14:50.484+0200] {processor.py:208} INFO - Processing /home/munyah/.local/lib/python3.10/site-packages/airflow/example_dags/plugins/decreasing_priority_weight_strategy.py took 0.027 seconds
[2025-03-18T15:15:27.277+0200] {processor.py:186} INFO - Started process (PID=49700) to work on /home/munyah/.local/lib/python3.10/site-packages/airflow/example_dags/plugins/decreasing_priority_weight_strategy.py
[2025-03-18T15:15:27.278+0200] {processor.py:914} INFO - Processing file /home/munyah/.local/lib/python3.10/site-packages/airflow/example_dags/plugins/decreasing_priority_weight_strategy.py for tasks to queue
[2025-03-18T15:15:27.281+0200] {logging_mixin.py:190} INFO - [2025-03-18T15:15:27.280+0200] {dagbag.py:588} INFO - Filling up the DagBag from /home/munyah/.local/lib/python3.10/site-packages/airflow/example_dags/plugins/decreasing_priority_weight_strategy.py
[2025-03-18T15:15:27.284+0200] {processor.py:927} WARNING - No viable dags retrieved from /home/munyah/.local/lib/python3.10/site-packages/airflow/example_dags/plugins/decreasing_priority_weight_strategy.py
[2025-03-18T15:15:27.300+0200] {processor.py:208} INFO - Processing /home/munyah/.local/lib/python3.10/site-packages/airflow/example_dags/plugins/decreasing_priority_weight_strategy.py took 0.030 seconds
[2025-03-18T15:16:25.883+0200] {processor.py:186} INFO - Started process (PID=49832) to work on /home/munyah/.local/lib/python3.10/site-packages/airflow/example_dags/plugins/decreasing_priority_weight_strategy.py
[2025-03-18T15:16:25.884+0200] {processor.py:914} INFO - Processing file /home/munyah/.local/lib/python3.10/site-packages/airflow/example_dags/plugins/decreasing_priority_weight_strategy.py for tasks to queue
[2025-03-18T15:16:25.886+0200] {logging_mixin.py:190} INFO - [2025-03-18T15:16:25.886+0200] {dagbag.py:588} INFO - Filling up the DagBag from /home/munyah/.local/lib/python3.10/site-packages/airflow/example_dags/plugins/decreasing_priority_weight_strategy.py
[2025-03-18T15:16:25.889+0200] {processor.py:927} WARNING - No viable dags retrieved from /home/munyah/.local/lib/python3.10/site-packages/airflow/example_dags/plugins/decreasing_priority_weight_strategy.py
[2025-03-18T15:16:25.901+0200] {processor.py:208} INFO - Processing /home/munyah/.local/lib/python3.10/site-packages/airflow/example_dags/plugins/decreasing_priority_weight_strategy.py took 0.027 seconds
[2025-03-18T15:17:22.033+0200] {processor.py:186} INFO - Started process (PID=50006) to work on /home/munyah/.local/lib/python3.10/site-packages/airflow/example_dags/plugins/decreasing_priority_weight_strategy.py
[2025-03-18T15:17:22.034+0200] {processor.py:914} INFO - Processing file /home/munyah/.local/lib/python3.10/site-packages/airflow/example_dags/plugins/decreasing_priority_weight_strategy.py for tasks to queue
[2025-03-18T15:17:22.037+0200] {logging_mixin.py:190} INFO - [2025-03-18T15:17:22.037+0200] {dagbag.py:588} INFO - Filling up the DagBag from /home/munyah/.local/lib/python3.10/site-packages/airflow/example_dags/plugins/decreasing_priority_weight_strategy.py
[2025-03-18T15:17:22.041+0200] {processor.py:927} WARNING - No viable dags retrieved from /home/munyah/.local/lib/python3.10/site-packages/airflow/example_dags/plugins/decreasing_priority_weight_strategy.py
[2025-03-18T15:17:22.053+0200] {processor.py:208} INFO - Processing /home/munyah/.local/lib/python3.10/site-packages/airflow/example_dags/plugins/decreasing_priority_weight_strategy.py took 0.030 seconds
[2025-03-18T15:18:19.130+0200] {processor.py:186} INFO - Started process (PID=50134) to work on /home/munyah/.local/lib/python3.10/site-packages/airflow/example_dags/plugins/decreasing_priority_weight_strategy.py
[2025-03-18T15:18:19.132+0200] {processor.py:914} INFO - Processing file /home/munyah/.local/lib/python3.10/site-packages/airflow/example_dags/plugins/decreasing_priority_weight_strategy.py for tasks to queue
[2025-03-18T15:18:19.134+0200] {logging_mixin.py:190} INFO - [2025-03-18T15:18:19.133+0200] {dagbag.py:588} INFO - Filling up the DagBag from /home/munyah/.local/lib/python3.10/site-packages/airflow/example_dags/plugins/decreasing_priority_weight_strategy.py
[2025-03-18T15:18:19.137+0200] {processor.py:927} WARNING - No viable dags retrieved from /home/munyah/.local/lib/python3.10/site-packages/airflow/example_dags/plugins/decreasing_priority_weight_strategy.py
[2025-03-18T15:18:19.149+0200] {processor.py:208} INFO - Processing /home/munyah/.local/lib/python3.10/site-packages/airflow/example_dags/plugins/decreasing_priority_weight_strategy.py took 0.026 seconds
[2025-03-18T15:19:15.351+0200] {processor.py:186} INFO - Started process (PID=50321) to work on /home/munyah/.local/lib/python3.10/site-packages/airflow/example_dags/plugins/decreasing_priority_weight_strategy.py
[2025-03-18T15:19:15.352+0200] {processor.py:914} INFO - Processing file /home/munyah/.local/lib/python3.10/site-packages/airflow/example_dags/plugins/decreasing_priority_weight_strategy.py for tasks to queue
[2025-03-18T15:19:15.354+0200] {logging_mixin.py:190} INFO - [2025-03-18T15:19:15.354+0200] {dagbag.py:588} INFO - Filling up the DagBag from /home/munyah/.local/lib/python3.10/site-packages/airflow/example_dags/plugins/decreasing_priority_weight_strategy.py
[2025-03-18T15:19:15.357+0200] {processor.py:927} WARNING - No viable dags retrieved from /home/munyah/.local/lib/python3.10/site-packages/airflow/example_dags/plugins/decreasing_priority_weight_strategy.py
[2025-03-18T15:19:15.370+0200] {processor.py:208} INFO - Processing /home/munyah/.local/lib/python3.10/site-packages/airflow/example_dags/plugins/decreasing_priority_weight_strategy.py took 0.027 seconds
[2025-03-18T15:20:13.191+0200] {processor.py:186} INFO - Started process (PID=50466) to work on /home/munyah/.local/lib/python3.10/site-packages/airflow/example_dags/plugins/decreasing_priority_weight_strategy.py
[2025-03-18T15:20:13.192+0200] {processor.py:914} INFO - Processing file /home/munyah/.local/lib/python3.10/site-packages/airflow/example_dags/plugins/decreasing_priority_weight_strategy.py for tasks to queue
[2025-03-18T15:20:13.195+0200] {logging_mixin.py:190} INFO - [2025-03-18T15:20:13.194+0200] {dagbag.py:588} INFO - Filling up the DagBag from /home/munyah/.local/lib/python3.10/site-packages/airflow/example_dags/plugins/decreasing_priority_weight_strategy.py
[2025-03-18T15:20:13.197+0200] {processor.py:927} WARNING - No viable dags retrieved from /home/munyah/.local/lib/python3.10/site-packages/airflow/example_dags/plugins/decreasing_priority_weight_strategy.py
[2025-03-18T15:20:13.210+0200] {processor.py:208} INFO - Processing /home/munyah/.local/lib/python3.10/site-packages/airflow/example_dags/plugins/decreasing_priority_weight_strategy.py took 0.026 seconds
[2025-03-18T15:21:13.642+0200] {processor.py:186} INFO - Started process (PID=50620) to work on /home/munyah/.local/lib/python3.10/site-packages/airflow/example_dags/plugins/decreasing_priority_weight_strategy.py
[2025-03-18T15:21:13.643+0200] {processor.py:914} INFO - Processing file /home/munyah/.local/lib/python3.10/site-packages/airflow/example_dags/plugins/decreasing_priority_weight_strategy.py for tasks to queue
[2025-03-18T15:21:13.645+0200] {logging_mixin.py:190} INFO - [2025-03-18T15:21:13.645+0200] {dagbag.py:588} INFO - Filling up the DagBag from /home/munyah/.local/lib/python3.10/site-packages/airflow/example_dags/plugins/decreasing_priority_weight_strategy.py
[2025-03-18T15:21:13.648+0200] {processor.py:927} WARNING - No viable dags retrieved from /home/munyah/.local/lib/python3.10/site-packages/airflow/example_dags/plugins/decreasing_priority_weight_strategy.py
[2025-03-18T15:21:13.660+0200] {processor.py:208} INFO - Processing /home/munyah/.local/lib/python3.10/site-packages/airflow/example_dags/plugins/decreasing_priority_weight_strategy.py took 0.026 seconds
[2025-03-18T15:22:11.918+0200] {processor.py:186} INFO - Started process (PID=50768) to work on /home/munyah/.local/lib/python3.10/site-packages/airflow/example_dags/plugins/decreasing_priority_weight_strategy.py
[2025-03-18T15:22:11.919+0200] {processor.py:914} INFO - Processing file /home/munyah/.local/lib/python3.10/site-packages/airflow/example_dags/plugins/decreasing_priority_weight_strategy.py for tasks to queue
[2025-03-18T15:22:11.921+0200] {logging_mixin.py:190} INFO - [2025-03-18T15:22:11.921+0200] {dagbag.py:588} INFO - Filling up the DagBag from /home/munyah/.local/lib/python3.10/site-packages/airflow/example_dags/plugins/decreasing_priority_weight_strategy.py
[2025-03-18T15:22:11.924+0200] {processor.py:927} WARNING - No viable dags retrieved from /home/munyah/.local/lib/python3.10/site-packages/airflow/example_dags/plugins/decreasing_priority_weight_strategy.py
[2025-03-18T15:22:11.936+0200] {processor.py:208} INFO - Processing /home/munyah/.local/lib/python3.10/site-packages/airflow/example_dags/plugins/decreasing_priority_weight_strategy.py took 0.025 seconds
[2025-03-18T15:23:10.335+0200] {processor.py:186} INFO - Started process (PID=50918) to work on /home/munyah/.local/lib/python3.10/site-packages/airflow/example_dags/plugins/decreasing_priority_weight_strategy.py
[2025-03-18T15:23:10.337+0200] {processor.py:914} INFO - Processing file /home/munyah/.local/lib/python3.10/site-packages/airflow/example_dags/plugins/decreasing_priority_weight_strategy.py for tasks to queue
[2025-03-18T15:23:10.341+0200] {logging_mixin.py:190} INFO - [2025-03-18T15:23:10.340+0200] {dagbag.py:588} INFO - Filling up the DagBag from /home/munyah/.local/lib/python3.10/site-packages/airflow/example_dags/plugins/decreasing_priority_weight_strategy.py
[2025-03-18T15:23:10.345+0200] {processor.py:927} WARNING - No viable dags retrieved from /home/munyah/.local/lib/python3.10/site-packages/airflow/example_dags/plugins/decreasing_priority_weight_strategy.py
[2025-03-18T15:23:10.363+0200] {processor.py:208} INFO - Processing /home/munyah/.local/lib/python3.10/site-packages/airflow/example_dags/plugins/decreasing_priority_weight_strategy.py took 0.039 seconds
[2025-03-18T15:24:10.197+0200] {processor.py:186} INFO - Started process (PID=51056) to work on /home/munyah/.local/lib/python3.10/site-packages/airflow/example_dags/plugins/decreasing_priority_weight_strategy.py
[2025-03-18T15:24:10.198+0200] {processor.py:914} INFO - Processing file /home/munyah/.local/lib/python3.10/site-packages/airflow/example_dags/plugins/decreasing_priority_weight_strategy.py for tasks to queue
[2025-03-18T15:24:10.200+0200] {logging_mixin.py:190} INFO - [2025-03-18T15:24:10.200+0200] {dagbag.py:588} INFO - Filling up the DagBag from /home/munyah/.local/lib/python3.10/site-packages/airflow/example_dags/plugins/decreasing_priority_weight_strategy.py
[2025-03-18T15:24:10.203+0200] {processor.py:927} WARNING - No viable dags retrieved from /home/munyah/.local/lib/python3.10/site-packages/airflow/example_dags/plugins/decreasing_priority_weight_strategy.py
[2025-03-18T15:24:10.214+0200] {processor.py:208} INFO - Processing /home/munyah/.local/lib/python3.10/site-packages/airflow/example_dags/plugins/decreasing_priority_weight_strategy.py took 0.024 seconds
[2025-03-18T15:25:07.749+0200] {processor.py:186} INFO - Started process (PID=51193) to work on /home/munyah/.local/lib/python3.10/site-packages/airflow/example_dags/plugins/decreasing_priority_weight_strategy.py
[2025-03-18T15:25:07.750+0200] {processor.py:914} INFO - Processing file /home/munyah/.local/lib/python3.10/site-packages/airflow/example_dags/plugins/decreasing_priority_weight_strategy.py for tasks to queue
[2025-03-18T15:25:07.752+0200] {logging_mixin.py:190} INFO - [2025-03-18T15:25:07.752+0200] {dagbag.py:588} INFO - Filling up the DagBag from /home/munyah/.local/lib/python3.10/site-packages/airflow/example_dags/plugins/decreasing_priority_weight_strategy.py
[2025-03-18T15:25:07.755+0200] {processor.py:927} WARNING - No viable dags retrieved from /home/munyah/.local/lib/python3.10/site-packages/airflow/example_dags/plugins/decreasing_priority_weight_strategy.py
[2025-03-18T15:25:07.767+0200] {processor.py:208} INFO - Processing /home/munyah/.local/lib/python3.10/site-packages/airflow/example_dags/plugins/decreasing_priority_weight_strategy.py took 0.025 seconds
[2025-03-18T21:03:40.145+0200] {processor.py:186} INFO - Started process (PID=51490) to work on /home/munyah/.local/lib/python3.10/site-packages/airflow/example_dags/plugins/decreasing_priority_weight_strategy.py
[2025-03-18T21:03:40.146+0200] {processor.py:914} INFO - Processing file /home/munyah/.local/lib/python3.10/site-packages/airflow/example_dags/plugins/decreasing_priority_weight_strategy.py for tasks to queue
[2025-03-18T21:03:40.148+0200] {logging_mixin.py:190} INFO - [2025-03-18T21:03:40.148+0200] {dagbag.py:588} INFO - Filling up the DagBag from /home/munyah/.local/lib/python3.10/site-packages/airflow/example_dags/plugins/decreasing_priority_weight_strategy.py
[2025-03-18T21:03:40.151+0200] {processor.py:927} WARNING - No viable dags retrieved from /home/munyah/.local/lib/python3.10/site-packages/airflow/example_dags/plugins/decreasing_priority_weight_strategy.py
[2025-03-18T21:03:40.162+0200] {processor.py:208} INFO - Processing /home/munyah/.local/lib/python3.10/site-packages/airflow/example_dags/plugins/decreasing_priority_weight_strategy.py took 0.023 seconds
[2025-03-18T21:04:25.301+0200] {processor.py:186} INFO - Started process (PID=51685) to work on /home/munyah/.local/lib/python3.10/site-packages/airflow/example_dags/plugins/decreasing_priority_weight_strategy.py
[2025-03-18T21:04:25.303+0200] {processor.py:914} INFO - Processing file /home/munyah/.local/lib/python3.10/site-packages/airflow/example_dags/plugins/decreasing_priority_weight_strategy.py for tasks to queue
[2025-03-18T21:04:25.307+0200] {logging_mixin.py:190} INFO - [2025-03-18T21:04:25.306+0200] {dagbag.py:588} INFO - Filling up the DagBag from /home/munyah/.local/lib/python3.10/site-packages/airflow/example_dags/plugins/decreasing_priority_weight_strategy.py
[2025-03-18T21:04:25.311+0200] {processor.py:927} WARNING - No viable dags retrieved from /home/munyah/.local/lib/python3.10/site-packages/airflow/example_dags/plugins/decreasing_priority_weight_strategy.py
[2025-03-18T21:04:25.325+0200] {processor.py:208} INFO - Processing /home/munyah/.local/lib/python3.10/site-packages/airflow/example_dags/plugins/decreasing_priority_weight_strategy.py took 0.041 seconds
[2025-03-18T21:05:23.728+0200] {processor.py:186} INFO - Started process (PID=51870) to work on /home/munyah/.local/lib/python3.10/site-packages/airflow/example_dags/plugins/decreasing_priority_weight_strategy.py
[2025-03-18T21:05:23.729+0200] {processor.py:914} INFO - Processing file /home/munyah/.local/lib/python3.10/site-packages/airflow/example_dags/plugins/decreasing_priority_weight_strategy.py for tasks to queue
[2025-03-18T21:05:23.731+0200] {logging_mixin.py:190} INFO - [2025-03-18T21:05:23.731+0200] {dagbag.py:588} INFO - Filling up the DagBag from /home/munyah/.local/lib/python3.10/site-packages/airflow/example_dags/plugins/decreasing_priority_weight_strategy.py
[2025-03-18T21:05:23.734+0200] {processor.py:927} WARNING - No viable dags retrieved from /home/munyah/.local/lib/python3.10/site-packages/airflow/example_dags/plugins/decreasing_priority_weight_strategy.py
[2025-03-18T21:05:23.745+0200] {processor.py:208} INFO - Processing /home/munyah/.local/lib/python3.10/site-packages/airflow/example_dags/plugins/decreasing_priority_weight_strategy.py took 0.024 seconds
[2025-03-18T21:06:18.352+0200] {processor.py:186} INFO - Started process (PID=52047) to work on /home/munyah/.local/lib/python3.10/site-packages/airflow/example_dags/plugins/decreasing_priority_weight_strategy.py
[2025-03-18T21:06:18.353+0200] {processor.py:914} INFO - Processing file /home/munyah/.local/lib/python3.10/site-packages/airflow/example_dags/plugins/decreasing_priority_weight_strategy.py for tasks to queue
[2025-03-18T21:06:18.356+0200] {logging_mixin.py:190} INFO - [2025-03-18T21:06:18.355+0200] {dagbag.py:588} INFO - Filling up the DagBag from /home/munyah/.local/lib/python3.10/site-packages/airflow/example_dags/plugins/decreasing_priority_weight_strategy.py
[2025-03-18T21:06:18.359+0200] {processor.py:927} WARNING - No viable dags retrieved from /home/munyah/.local/lib/python3.10/site-packages/airflow/example_dags/plugins/decreasing_priority_weight_strategy.py
[2025-03-18T21:06:18.371+0200] {processor.py:208} INFO - Processing /home/munyah/.local/lib/python3.10/site-packages/airflow/example_dags/plugins/decreasing_priority_weight_strategy.py took 0.027 seconds
[2025-03-18T21:07:14.035+0200] {processor.py:186} INFO - Started process (PID=52238) to work on /home/munyah/.local/lib/python3.10/site-packages/airflow/example_dags/plugins/decreasing_priority_weight_strategy.py
[2025-03-18T21:07:14.036+0200] {processor.py:914} INFO - Processing file /home/munyah/.local/lib/python3.10/site-packages/airflow/example_dags/plugins/decreasing_priority_weight_strategy.py for tasks to queue
[2025-03-18T21:07:14.038+0200] {logging_mixin.py:190} INFO - [2025-03-18T21:07:14.038+0200] {dagbag.py:588} INFO - Filling up the DagBag from /home/munyah/.local/lib/python3.10/site-packages/airflow/example_dags/plugins/decreasing_priority_weight_strategy.py
[2025-03-18T21:07:14.041+0200] {processor.py:927} WARNING - No viable dags retrieved from /home/munyah/.local/lib/python3.10/site-packages/airflow/example_dags/plugins/decreasing_priority_weight_strategy.py
[2025-03-18T21:07:14.052+0200] {processor.py:208} INFO - Processing /home/munyah/.local/lib/python3.10/site-packages/airflow/example_dags/plugins/decreasing_priority_weight_strategy.py took 0.025 seconds
[2025-03-18T21:08:13.469+0200] {processor.py:186} INFO - Started process (PID=52445) to work on /home/munyah/.local/lib/python3.10/site-packages/airflow/example_dags/plugins/decreasing_priority_weight_strategy.py
[2025-03-18T21:08:13.470+0200] {processor.py:914} INFO - Processing file /home/munyah/.local/lib/python3.10/site-packages/airflow/example_dags/plugins/decreasing_priority_weight_strategy.py for tasks to queue
[2025-03-18T21:08:13.473+0200] {logging_mixin.py:190} INFO - [2025-03-18T21:08:13.472+0200] {dagbag.py:588} INFO - Filling up the DagBag from /home/munyah/.local/lib/python3.10/site-packages/airflow/example_dags/plugins/decreasing_priority_weight_strategy.py
[2025-03-18T21:08:13.476+0200] {processor.py:927} WARNING - No viable dags retrieved from /home/munyah/.local/lib/python3.10/site-packages/airflow/example_dags/plugins/decreasing_priority_weight_strategy.py
[2025-03-18T21:08:13.489+0200] {processor.py:208} INFO - Processing /home/munyah/.local/lib/python3.10/site-packages/airflow/example_dags/plugins/decreasing_priority_weight_strategy.py took 0.027 seconds
[2025-03-18T21:09:12.434+0200] {processor.py:186} INFO - Started process (PID=52664) to work on /home/munyah/.local/lib/python3.10/site-packages/airflow/example_dags/plugins/decreasing_priority_weight_strategy.py
[2025-03-18T21:09:12.435+0200] {processor.py:914} INFO - Processing file /home/munyah/.local/lib/python3.10/site-packages/airflow/example_dags/plugins/decreasing_priority_weight_strategy.py for tasks to queue
[2025-03-18T21:09:12.439+0200] {logging_mixin.py:190} INFO - [2025-03-18T21:09:12.438+0200] {dagbag.py:588} INFO - Filling up the DagBag from /home/munyah/.local/lib/python3.10/site-packages/airflow/example_dags/plugins/decreasing_priority_weight_strategy.py
[2025-03-18T21:09:12.442+0200] {processor.py:927} WARNING - No viable dags retrieved from /home/munyah/.local/lib/python3.10/site-packages/airflow/example_dags/plugins/decreasing_priority_weight_strategy.py
[2025-03-18T21:09:12.453+0200] {processor.py:208} INFO - Processing /home/munyah/.local/lib/python3.10/site-packages/airflow/example_dags/plugins/decreasing_priority_weight_strategy.py took 0.028 seconds
[2025-03-18T21:10:11.599+0200] {processor.py:186} INFO - Started process (PID=52871) to work on /home/munyah/.local/lib/python3.10/site-packages/airflow/example_dags/plugins/decreasing_priority_weight_strategy.py
[2025-03-18T21:10:11.601+0200] {processor.py:914} INFO - Processing file /home/munyah/.local/lib/python3.10/site-packages/airflow/example_dags/plugins/decreasing_priority_weight_strategy.py for tasks to queue
[2025-03-18T21:10:11.603+0200] {logging_mixin.py:190} INFO - [2025-03-18T21:10:11.603+0200] {dagbag.py:588} INFO - Filling up the DagBag from /home/munyah/.local/lib/python3.10/site-packages/airflow/example_dags/plugins/decreasing_priority_weight_strategy.py
[2025-03-18T21:10:11.606+0200] {processor.py:927} WARNING - No viable dags retrieved from /home/munyah/.local/lib/python3.10/site-packages/airflow/example_dags/plugins/decreasing_priority_weight_strategy.py
[2025-03-18T21:10:11.617+0200] {processor.py:208} INFO - Processing /home/munyah/.local/lib/python3.10/site-packages/airflow/example_dags/plugins/decreasing_priority_weight_strategy.py took 0.025 seconds
[2025-03-18T21:11:10.137+0200] {processor.py:186} INFO - Started process (PID=53084) to work on /home/munyah/.local/lib/python3.10/site-packages/airflow/example_dags/plugins/decreasing_priority_weight_strategy.py
[2025-03-18T21:11:10.138+0200] {processor.py:914} INFO - Processing file /home/munyah/.local/lib/python3.10/site-packages/airflow/example_dags/plugins/decreasing_priority_weight_strategy.py for tasks to queue
[2025-03-18T21:11:10.141+0200] {logging_mixin.py:190} INFO - [2025-03-18T21:11:10.140+0200] {dagbag.py:588} INFO - Filling up the DagBag from /home/munyah/.local/lib/python3.10/site-packages/airflow/example_dags/plugins/decreasing_priority_weight_strategy.py
[2025-03-18T21:11:10.144+0200] {processor.py:927} WARNING - No viable dags retrieved from /home/munyah/.local/lib/python3.10/site-packages/airflow/example_dags/plugins/decreasing_priority_weight_strategy.py
[2025-03-18T21:11:10.155+0200] {processor.py:208} INFO - Processing /home/munyah/.local/lib/python3.10/site-packages/airflow/example_dags/plugins/decreasing_priority_weight_strategy.py took 0.026 seconds
[2025-03-18T21:12:11.843+0200] {processor.py:186} INFO - Started process (PID=53302) to work on /home/munyah/.local/lib/python3.10/site-packages/airflow/example_dags/plugins/decreasing_priority_weight_strategy.py
[2025-03-18T21:12:11.845+0200] {processor.py:914} INFO - Processing file /home/munyah/.local/lib/python3.10/site-packages/airflow/example_dags/plugins/decreasing_priority_weight_strategy.py for tasks to queue
[2025-03-18T21:12:11.847+0200] {logging_mixin.py:190} INFO - [2025-03-18T21:12:11.847+0200] {dagbag.py:588} INFO - Filling up the DagBag from /home/munyah/.local/lib/python3.10/site-packages/airflow/example_dags/plugins/decreasing_priority_weight_strategy.py
[2025-03-18T21:12:11.850+0200] {processor.py:927} WARNING - No viable dags retrieved from /home/munyah/.local/lib/python3.10/site-packages/airflow/example_dags/plugins/decreasing_priority_weight_strategy.py
[2025-03-18T21:12:11.864+0200] {processor.py:208} INFO - Processing /home/munyah/.local/lib/python3.10/site-packages/airflow/example_dags/plugins/decreasing_priority_weight_strategy.py took 0.028 seconds
[2025-03-18T21:13:08.866+0200] {processor.py:186} INFO - Started process (PID=53539) to work on /home/munyah/.local/lib/python3.10/site-packages/airflow/example_dags/plugins/decreasing_priority_weight_strategy.py
[2025-03-18T21:13:08.868+0200] {processor.py:914} INFO - Processing file /home/munyah/.local/lib/python3.10/site-packages/airflow/example_dags/plugins/decreasing_priority_weight_strategy.py for tasks to queue
[2025-03-18T21:13:08.870+0200] {logging_mixin.py:190} INFO - [2025-03-18T21:13:08.870+0200] {dagbag.py:588} INFO - Filling up the DagBag from /home/munyah/.local/lib/python3.10/site-packages/airflow/example_dags/plugins/decreasing_priority_weight_strategy.py
[2025-03-18T21:13:08.873+0200] {processor.py:927} WARNING - No viable dags retrieved from /home/munyah/.local/lib/python3.10/site-packages/airflow/example_dags/plugins/decreasing_priority_weight_strategy.py
[2025-03-18T21:13:08.884+0200] {processor.py:208} INFO - Processing /home/munyah/.local/lib/python3.10/site-packages/airflow/example_dags/plugins/decreasing_priority_weight_strategy.py took 0.026 seconds
[2025-03-18T21:14:04.050+0200] {processor.py:186} INFO - Started process (PID=53714) to work on /home/munyah/.local/lib/python3.10/site-packages/airflow/example_dags/plugins/decreasing_priority_weight_strategy.py
[2025-03-18T21:14:04.051+0200] {processor.py:914} INFO - Processing file /home/munyah/.local/lib/python3.10/site-packages/airflow/example_dags/plugins/decreasing_priority_weight_strategy.py for tasks to queue
[2025-03-18T21:14:04.053+0200] {logging_mixin.py:190} INFO - [2025-03-18T21:14:04.053+0200] {dagbag.py:588} INFO - Filling up the DagBag from /home/munyah/.local/lib/python3.10/site-packages/airflow/example_dags/plugins/decreasing_priority_weight_strategy.py
[2025-03-18T21:14:04.056+0200] {processor.py:927} WARNING - No viable dags retrieved from /home/munyah/.local/lib/python3.10/site-packages/airflow/example_dags/plugins/decreasing_priority_weight_strategy.py
[2025-03-18T21:14:04.068+0200] {processor.py:208} INFO - Processing /home/munyah/.local/lib/python3.10/site-packages/airflow/example_dags/plugins/decreasing_priority_weight_strategy.py took 0.026 seconds
[2025-03-18T21:15:04.998+0200] {processor.py:186} INFO - Started process (PID=54052) to work on /home/munyah/.local/lib/python3.10/site-packages/airflow/example_dags/plugins/decreasing_priority_weight_strategy.py
[2025-03-18T21:15:04.999+0200] {processor.py:914} INFO - Processing file /home/munyah/.local/lib/python3.10/site-packages/airflow/example_dags/plugins/decreasing_priority_weight_strategy.py for tasks to queue
[2025-03-18T21:15:05.004+0200] {logging_mixin.py:190} INFO - [2025-03-18T21:15:05.003+0200] {dagbag.py:588} INFO - Filling up the DagBag from /home/munyah/.local/lib/python3.10/site-packages/airflow/example_dags/plugins/decreasing_priority_weight_strategy.py
[2025-03-18T21:15:05.007+0200] {processor.py:927} WARNING - No viable dags retrieved from /home/munyah/.local/lib/python3.10/site-packages/airflow/example_dags/plugins/decreasing_priority_weight_strategy.py
[2025-03-18T21:15:05.022+0200] {processor.py:208} INFO - Processing /home/munyah/.local/lib/python3.10/site-packages/airflow/example_dags/plugins/decreasing_priority_weight_strategy.py took 0.035 seconds
[2025-03-18T21:16:07.244+0200] {processor.py:186} INFO - Started process (PID=54249) to work on /home/munyah/.local/lib/python3.10/site-packages/airflow/example_dags/plugins/decreasing_priority_weight_strategy.py
[2025-03-18T21:16:07.245+0200] {processor.py:914} INFO - Processing file /home/munyah/.local/lib/python3.10/site-packages/airflow/example_dags/plugins/decreasing_priority_weight_strategy.py for tasks to queue
[2025-03-18T21:16:07.249+0200] {logging_mixin.py:190} INFO - [2025-03-18T21:16:07.248+0200] {dagbag.py:588} INFO - Filling up the DagBag from /home/munyah/.local/lib/python3.10/site-packages/airflow/example_dags/plugins/decreasing_priority_weight_strategy.py
[2025-03-18T21:16:07.253+0200] {processor.py:927} WARNING - No viable dags retrieved from /home/munyah/.local/lib/python3.10/site-packages/airflow/example_dags/plugins/decreasing_priority_weight_strategy.py
[2025-03-18T21:16:07.271+0200] {processor.py:208} INFO - Processing /home/munyah/.local/lib/python3.10/site-packages/airflow/example_dags/plugins/decreasing_priority_weight_strategy.py took 0.035 seconds
[2025-03-18T21:17:13.974+0200] {processor.py:186} INFO - Started process (PID=54500) to work on /home/munyah/.local/lib/python3.10/site-packages/airflow/example_dags/plugins/decreasing_priority_weight_strategy.py
[2025-03-18T21:17:13.977+0200] {processor.py:914} INFO - Processing file /home/munyah/.local/lib/python3.10/site-packages/airflow/example_dags/plugins/decreasing_priority_weight_strategy.py for tasks to queue
[2025-03-18T21:17:13.983+0200] {logging_mixin.py:190} INFO - [2025-03-18T21:17:13.982+0200] {dagbag.py:588} INFO - Filling up the DagBag from /home/munyah/.local/lib/python3.10/site-packages/airflow/example_dags/plugins/decreasing_priority_weight_strategy.py
[2025-03-18T21:17:13.988+0200] {processor.py:927} WARNING - No viable dags retrieved from /home/munyah/.local/lib/python3.10/site-packages/airflow/example_dags/plugins/decreasing_priority_weight_strategy.py
[2025-03-18T21:17:14.008+0200] {processor.py:208} INFO - Processing /home/munyah/.local/lib/python3.10/site-packages/airflow/example_dags/plugins/decreasing_priority_weight_strategy.py took 0.068 seconds
[2025-03-18T21:18:17.185+0200] {processor.py:186} INFO - Started process (PID=54700) to work on /home/munyah/.local/lib/python3.10/site-packages/airflow/example_dags/plugins/decreasing_priority_weight_strategy.py
[2025-03-18T21:18:17.186+0200] {processor.py:914} INFO - Processing file /home/munyah/.local/lib/python3.10/site-packages/airflow/example_dags/plugins/decreasing_priority_weight_strategy.py for tasks to queue
[2025-03-18T21:18:17.190+0200] {logging_mixin.py:190} INFO - [2025-03-18T21:18:17.189+0200] {dagbag.py:588} INFO - Filling up the DagBag from /home/munyah/.local/lib/python3.10/site-packages/airflow/example_dags/plugins/decreasing_priority_weight_strategy.py
[2025-03-18T21:18:17.193+0200] {processor.py:927} WARNING - No viable dags retrieved from /home/munyah/.local/lib/python3.10/site-packages/airflow/example_dags/plugins/decreasing_priority_weight_strategy.py
[2025-03-18T21:18:17.205+0200] {processor.py:208} INFO - Processing /home/munyah/.local/lib/python3.10/site-packages/airflow/example_dags/plugins/decreasing_priority_weight_strategy.py took 0.027 seconds
