[2025-03-18T14:12:58.166+0200] {processor.py:186} INFO - Started process (PID=31072) to work on /home/munyah/.local/lib/python3.10/site-packages/airflow/example_dags/plugins/workday.py
[2025-03-18T14:12:58.167+0200] {processor.py:914} INFO - Processing file /home/munyah/.local/lib/python3.10/site-packages/airflow/example_dags/plugins/workday.py for tasks to queue
[2025-03-18T14:12:58.170+0200] {logging_mixin.py:190} INFO - [2025-03-18T14:12:58.169+0200] {dagbag.py:588} INFO - Filling up the DagBag from /home/munyah/.local/lib/python3.10/site-packages/airflow/example_dags/plugins/workday.py
[2025-03-18T14:12:58.173+0200] {processor.py:927} WARNING - No viable dags retrieved from /home/munyah/.local/lib/python3.10/site-packages/airflow/example_dags/plugins/workday.py
[2025-03-18T14:12:58.184+0200] {processor.py:208} INFO - Processing /home/munyah/.local/lib/python3.10/site-packages/airflow/example_dags/plugins/workday.py took 0.027 seconds
[2025-03-18T14:13:57.807+0200] {processor.py:186} INFO - Started process (PID=31361) to work on /home/munyah/.local/lib/python3.10/site-packages/airflow/example_dags/plugins/workday.py
[2025-03-18T14:13:57.808+0200] {processor.py:914} INFO - Processing file /home/munyah/.local/lib/python3.10/site-packages/airflow/example_dags/plugins/workday.py for tasks to queue
[2025-03-18T14:13:57.812+0200] {logging_mixin.py:190} INFO - [2025-03-18T14:13:57.811+0200] {dagbag.py:588} INFO - Filling up the DagBag from /home/munyah/.local/lib/python3.10/site-packages/airflow/example_dags/plugins/workday.py
[2025-03-18T14:13:57.816+0200] {processor.py:927} WARNING - No viable dags retrieved from /home/munyah/.local/lib/python3.10/site-packages/airflow/example_dags/plugins/workday.py
[2025-03-18T14:13:57.832+0200] {processor.py:208} INFO - Processing /home/munyah/.local/lib/python3.10/site-packages/airflow/example_dags/plugins/workday.py took 0.036 seconds
[2025-03-18T14:15:02.078+0200] {processor.py:186} INFO - Started process (PID=31643) to work on /home/munyah/.local/lib/python3.10/site-packages/airflow/example_dags/plugins/workday.py
[2025-03-18T14:15:02.080+0200] {processor.py:914} INFO - Processing file /home/munyah/.local/lib/python3.10/site-packages/airflow/example_dags/plugins/workday.py for tasks to queue
[2025-03-18T14:15:02.082+0200] {logging_mixin.py:190} INFO - [2025-03-18T14:15:02.081+0200] {dagbag.py:588} INFO - Filling up the DagBag from /home/munyah/.local/lib/python3.10/site-packages/airflow/example_dags/plugins/workday.py
[2025-03-18T14:15:02.085+0200] {processor.py:927} WARNING - No viable dags retrieved from /home/munyah/.local/lib/python3.10/site-packages/airflow/example_dags/plugins/workday.py
[2025-03-18T14:15:02.096+0200] {processor.py:208} INFO - Processing /home/munyah/.local/lib/python3.10/site-packages/airflow/example_dags/plugins/workday.py took 0.025 seconds
[2025-03-18T14:15:36.546+0200] {processor.py:186} INFO - Started process (PID=31732) to work on /home/munyah/.local/lib/python3.10/site-packages/airflow/example_dags/plugins/workday.py
[2025-03-18T14:15:36.547+0200] {processor.py:914} INFO - Processing file /home/munyah/.local/lib/python3.10/site-packages/airflow/example_dags/plugins/workday.py for tasks to queue
[2025-03-18T14:15:36.550+0200] {logging_mixin.py:190} INFO - [2025-03-18T14:15:36.549+0200] {dagbag.py:588} INFO - Filling up the DagBag from /home/munyah/.local/lib/python3.10/site-packages/airflow/example_dags/plugins/workday.py
[2025-03-18T14:15:36.553+0200] {processor.py:927} WARNING - No viable dags retrieved from /home/munyah/.local/lib/python3.10/site-packages/airflow/example_dags/plugins/workday.py
[2025-03-18T14:15:36.565+0200] {processor.py:208} INFO - Processing /home/munyah/.local/lib/python3.10/site-packages/airflow/example_dags/plugins/workday.py took 0.027 seconds
[2025-03-18T14:16:08.537+0200] {processor.py:186} INFO - Started process (PID=31807) to work on /home/munyah/.local/lib/python3.10/site-packages/airflow/example_dags/plugins/workday.py
[2025-03-18T14:16:08.538+0200] {processor.py:914} INFO - Processing file /home/munyah/.local/lib/python3.10/site-packages/airflow/example_dags/plugins/workday.py for tasks to queue
[2025-03-18T14:16:08.540+0200] {logging_mixin.py:190} INFO - [2025-03-18T14:16:08.540+0200] {dagbag.py:588} INFO - Filling up the DagBag from /home/munyah/.local/lib/python3.10/site-packages/airflow/example_dags/plugins/workday.py
[2025-03-18T14:16:08.543+0200] {processor.py:927} WARNING - No viable dags retrieved from /home/munyah/.local/lib/python3.10/site-packages/airflow/example_dags/plugins/workday.py
[2025-03-18T14:16:08.554+0200] {processor.py:208} INFO - Processing /home/munyah/.local/lib/python3.10/site-packages/airflow/example_dags/plugins/workday.py took 0.025 seconds
[2025-03-18T14:16:45.151+0200] {processor.py:186} INFO - Started process (PID=31925) to work on /home/munyah/.local/lib/python3.10/site-packages/airflow/example_dags/plugins/workday.py
[2025-03-18T14:16:45.152+0200] {processor.py:914} INFO - Processing file /home/munyah/.local/lib/python3.10/site-packages/airflow/example_dags/plugins/workday.py for tasks to queue
[2025-03-18T14:16:45.154+0200] {logging_mixin.py:190} INFO - [2025-03-18T14:16:45.154+0200] {dagbag.py:588} INFO - Filling up the DagBag from /home/munyah/.local/lib/python3.10/site-packages/airflow/example_dags/plugins/workday.py
[2025-03-18T14:16:45.158+0200] {processor.py:927} WARNING - No viable dags retrieved from /home/munyah/.local/lib/python3.10/site-packages/airflow/example_dags/plugins/workday.py
[2025-03-18T14:16:45.173+0200] {processor.py:208} INFO - Processing /home/munyah/.local/lib/python3.10/site-packages/airflow/example_dags/plugins/workday.py took 0.031 seconds
[2025-03-18T14:17:19.761+0200] {processor.py:186} INFO - Started process (PID=32011) to work on /home/munyah/.local/lib/python3.10/site-packages/airflow/example_dags/plugins/workday.py
[2025-03-18T14:17:19.762+0200] {processor.py:914} INFO - Processing file /home/munyah/.local/lib/python3.10/site-packages/airflow/example_dags/plugins/workday.py for tasks to queue
[2025-03-18T14:17:19.764+0200] {logging_mixin.py:190} INFO - [2025-03-18T14:17:19.764+0200] {dagbag.py:588} INFO - Filling up the DagBag from /home/munyah/.local/lib/python3.10/site-packages/airflow/example_dags/plugins/workday.py
[2025-03-18T14:17:19.769+0200] {processor.py:927} WARNING - No viable dags retrieved from /home/munyah/.local/lib/python3.10/site-packages/airflow/example_dags/plugins/workday.py
[2025-03-18T14:17:19.782+0200] {processor.py:208} INFO - Processing /home/munyah/.local/lib/python3.10/site-packages/airflow/example_dags/plugins/workday.py took 0.029 seconds
[2025-03-18T14:17:54.337+0200] {processor.py:186} INFO - Started process (PID=32112) to work on /home/munyah/.local/lib/python3.10/site-packages/airflow/example_dags/plugins/workday.py
[2025-03-18T14:17:54.338+0200] {processor.py:914} INFO - Processing file /home/munyah/.local/lib/python3.10/site-packages/airflow/example_dags/plugins/workday.py for tasks to queue
[2025-03-18T14:17:54.340+0200] {logging_mixin.py:190} INFO - [2025-03-18T14:17:54.340+0200] {dagbag.py:588} INFO - Filling up the DagBag from /home/munyah/.local/lib/python3.10/site-packages/airflow/example_dags/plugins/workday.py
[2025-03-18T14:17:54.343+0200] {processor.py:927} WARNING - No viable dags retrieved from /home/munyah/.local/lib/python3.10/site-packages/airflow/example_dags/plugins/workday.py
[2025-03-18T14:17:54.354+0200] {processor.py:208} INFO - Processing /home/munyah/.local/lib/python3.10/site-packages/airflow/example_dags/plugins/workday.py took 0.024 seconds
[2025-03-18T14:18:29.850+0200] {processor.py:186} INFO - Started process (PID=32258) to work on /home/munyah/.local/lib/python3.10/site-packages/airflow/example_dags/plugins/workday.py
[2025-03-18T14:18:29.852+0200] {processor.py:914} INFO - Processing file /home/munyah/.local/lib/python3.10/site-packages/airflow/example_dags/plugins/workday.py for tasks to queue
[2025-03-18T14:18:29.854+0200] {logging_mixin.py:190} INFO - [2025-03-18T14:18:29.853+0200] {dagbag.py:588} INFO - Filling up the DagBag from /home/munyah/.local/lib/python3.10/site-packages/airflow/example_dags/plugins/workday.py
[2025-03-18T14:18:29.857+0200] {processor.py:927} WARNING - No viable dags retrieved from /home/munyah/.local/lib/python3.10/site-packages/airflow/example_dags/plugins/workday.py
[2025-03-18T14:18:29.868+0200] {processor.py:208} INFO - Processing /home/munyah/.local/lib/python3.10/site-packages/airflow/example_dags/plugins/workday.py took 0.024 seconds
[2025-03-18T14:19:05.064+0200] {processor.py:186} INFO - Started process (PID=32728) to work on /home/munyah/.local/lib/python3.10/site-packages/airflow/example_dags/plugins/workday.py
[2025-03-18T14:19:05.066+0200] {processor.py:914} INFO - Processing file /home/munyah/.local/lib/python3.10/site-packages/airflow/example_dags/plugins/workday.py for tasks to queue
[2025-03-18T14:19:05.072+0200] {logging_mixin.py:190} INFO - [2025-03-18T14:19:05.071+0200] {dagbag.py:588} INFO - Filling up the DagBag from /home/munyah/.local/lib/python3.10/site-packages/airflow/example_dags/plugins/workday.py
[2025-03-18T14:19:05.078+0200] {processor.py:927} WARNING - No viable dags retrieved from /home/munyah/.local/lib/python3.10/site-packages/airflow/example_dags/plugins/workday.py
[2025-03-18T14:19:05.098+0200] {processor.py:208} INFO - Processing /home/munyah/.local/lib/python3.10/site-packages/airflow/example_dags/plugins/workday.py took 0.043 seconds
[2025-03-18T14:19:42.745+0200] {processor.py:186} INFO - Started process (PID=32864) to work on /home/munyah/.local/lib/python3.10/site-packages/airflow/example_dags/plugins/workday.py
[2025-03-18T14:19:42.746+0200] {processor.py:914} INFO - Processing file /home/munyah/.local/lib/python3.10/site-packages/airflow/example_dags/plugins/workday.py for tasks to queue
[2025-03-18T14:19:42.750+0200] {logging_mixin.py:190} INFO - [2025-03-18T14:19:42.749+0200] {dagbag.py:588} INFO - Filling up the DagBag from /home/munyah/.local/lib/python3.10/site-packages/airflow/example_dags/plugins/workday.py
[2025-03-18T14:19:42.754+0200] {processor.py:927} WARNING - No viable dags retrieved from /home/munyah/.local/lib/python3.10/site-packages/airflow/example_dags/plugins/workday.py
[2025-03-18T14:19:42.770+0200] {processor.py:208} INFO - Processing /home/munyah/.local/lib/python3.10/site-packages/airflow/example_dags/plugins/workday.py took 0.033 seconds
[2025-03-18T14:20:19.384+0200] {processor.py:186} INFO - Started process (PID=34223) to work on /home/munyah/.local/lib/python3.10/site-packages/airflow/example_dags/plugins/workday.py
[2025-03-18T14:20:19.388+0200] {processor.py:914} INFO - Processing file /home/munyah/.local/lib/python3.10/site-packages/airflow/example_dags/plugins/workday.py for tasks to queue
[2025-03-18T14:20:19.391+0200] {logging_mixin.py:190} INFO - [2025-03-18T14:20:19.391+0200] {dagbag.py:588} INFO - Filling up the DagBag from /home/munyah/.local/lib/python3.10/site-packages/airflow/example_dags/plugins/workday.py
[2025-03-18T14:20:19.395+0200] {processor.py:927} WARNING - No viable dags retrieved from /home/munyah/.local/lib/python3.10/site-packages/airflow/example_dags/plugins/workday.py
[2025-03-18T14:20:19.413+0200] {processor.py:208} INFO - Processing /home/munyah/.local/lib/python3.10/site-packages/airflow/example_dags/plugins/workday.py took 0.041 seconds
[2025-03-18T14:20:54.971+0200] {processor.py:186} INFO - Started process (PID=35823) to work on /home/munyah/.local/lib/python3.10/site-packages/airflow/example_dags/plugins/workday.py
[2025-03-18T14:20:54.972+0200] {processor.py:914} INFO - Processing file /home/munyah/.local/lib/python3.10/site-packages/airflow/example_dags/plugins/workday.py for tasks to queue
[2025-03-18T14:20:54.974+0200] {logging_mixin.py:190} INFO - [2025-03-18T14:20:54.974+0200] {dagbag.py:588} INFO - Filling up the DagBag from /home/munyah/.local/lib/python3.10/site-packages/airflow/example_dags/plugins/workday.py
[2025-03-18T14:20:54.977+0200] {processor.py:927} WARNING - No viable dags retrieved from /home/munyah/.local/lib/python3.10/site-packages/airflow/example_dags/plugins/workday.py
[2025-03-18T14:20:54.988+0200] {processor.py:208} INFO - Processing /home/munyah/.local/lib/python3.10/site-packages/airflow/example_dags/plugins/workday.py took 0.025 seconds
[2025-03-18T14:21:56.204+0200] {processor.py:186} INFO - Started process (PID=36093) to work on /home/munyah/.local/lib/python3.10/site-packages/airflow/example_dags/plugins/workday.py
[2025-03-18T14:21:56.205+0200] {processor.py:914} INFO - Processing file /home/munyah/.local/lib/python3.10/site-packages/airflow/example_dags/plugins/workday.py for tasks to queue
[2025-03-18T14:21:56.208+0200] {logging_mixin.py:190} INFO - [2025-03-18T14:21:56.208+0200] {dagbag.py:588} INFO - Filling up the DagBag from /home/munyah/.local/lib/python3.10/site-packages/airflow/example_dags/plugins/workday.py
[2025-03-18T14:21:56.212+0200] {processor.py:927} WARNING - No viable dags retrieved from /home/munyah/.local/lib/python3.10/site-packages/airflow/example_dags/plugins/workday.py
[2025-03-18T14:21:56.224+0200] {processor.py:208} INFO - Processing /home/munyah/.local/lib/python3.10/site-packages/airflow/example_dags/plugins/workday.py took 0.030 seconds
[2025-03-18T14:23:00.070+0200] {processor.py:186} INFO - Started process (PID=36374) to work on /home/munyah/.local/lib/python3.10/site-packages/airflow/example_dags/plugins/workday.py
[2025-03-18T14:23:00.072+0200] {processor.py:914} INFO - Processing file /home/munyah/.local/lib/python3.10/site-packages/airflow/example_dags/plugins/workday.py for tasks to queue
[2025-03-18T14:23:00.074+0200] {logging_mixin.py:190} INFO - [2025-03-18T14:23:00.074+0200] {dagbag.py:588} INFO - Filling up the DagBag from /home/munyah/.local/lib/python3.10/site-packages/airflow/example_dags/plugins/workday.py
[2025-03-18T14:23:00.077+0200] {processor.py:927} WARNING - No viable dags retrieved from /home/munyah/.local/lib/python3.10/site-packages/airflow/example_dags/plugins/workday.py
[2025-03-18T14:23:00.089+0200] {processor.py:208} INFO - Processing /home/munyah/.local/lib/python3.10/site-packages/airflow/example_dags/plugins/workday.py took 0.026 seconds
[2025-03-18T14:24:00.058+0200] {processor.py:186} INFO - Started process (PID=36668) to work on /home/munyah/.local/lib/python3.10/site-packages/airflow/example_dags/plugins/workday.py
[2025-03-18T14:24:00.060+0200] {processor.py:914} INFO - Processing file /home/munyah/.local/lib/python3.10/site-packages/airflow/example_dags/plugins/workday.py for tasks to queue
[2025-03-18T14:24:00.062+0200] {logging_mixin.py:190} INFO - [2025-03-18T14:24:00.062+0200] {dagbag.py:588} INFO - Filling up the DagBag from /home/munyah/.local/lib/python3.10/site-packages/airflow/example_dags/plugins/workday.py
[2025-03-18T14:24:00.065+0200] {processor.py:927} WARNING - No viable dags retrieved from /home/munyah/.local/lib/python3.10/site-packages/airflow/example_dags/plugins/workday.py
[2025-03-18T14:24:00.077+0200] {processor.py:208} INFO - Processing /home/munyah/.local/lib/python3.10/site-packages/airflow/example_dags/plugins/workday.py took 0.026 seconds
[2025-03-18T14:25:25.277+0200] {processor.py:186} INFO - Started process (PID=37399) to work on /home/munyah/.local/lib/python3.10/site-packages/airflow/example_dags/plugins/workday.py
[2025-03-18T14:25:25.279+0200] {processor.py:914} INFO - Processing file /home/munyah/.local/lib/python3.10/site-packages/airflow/example_dags/plugins/workday.py for tasks to queue
[2025-03-18T14:25:25.283+0200] {logging_mixin.py:190} INFO - [2025-03-18T14:25:25.282+0200] {dagbag.py:588} INFO - Filling up the DagBag from /home/munyah/.local/lib/python3.10/site-packages/airflow/example_dags/plugins/workday.py
[2025-03-18T14:25:25.288+0200] {processor.py:927} WARNING - No viable dags retrieved from /home/munyah/.local/lib/python3.10/site-packages/airflow/example_dags/plugins/workday.py
[2025-03-18T14:25:25.302+0200] {processor.py:208} INFO - Processing /home/munyah/.local/lib/python3.10/site-packages/airflow/example_dags/plugins/workday.py took 0.032 seconds
[2025-03-18T14:26:09.521+0200] {processor.py:186} INFO - Started process (PID=37585) to work on /home/munyah/.local/lib/python3.10/site-packages/airflow/example_dags/plugins/workday.py
[2025-03-18T14:26:09.522+0200] {processor.py:914} INFO - Processing file /home/munyah/.local/lib/python3.10/site-packages/airflow/example_dags/plugins/workday.py for tasks to queue
[2025-03-18T14:26:09.525+0200] {logging_mixin.py:190} INFO - [2025-03-18T14:26:09.524+0200] {dagbag.py:588} INFO - Filling up the DagBag from /home/munyah/.local/lib/python3.10/site-packages/airflow/example_dags/plugins/workday.py
[2025-03-18T14:26:09.527+0200] {processor.py:927} WARNING - No viable dags retrieved from /home/munyah/.local/lib/python3.10/site-packages/airflow/example_dags/plugins/workday.py
[2025-03-18T14:26:09.540+0200] {processor.py:208} INFO - Processing /home/munyah/.local/lib/python3.10/site-packages/airflow/example_dags/plugins/workday.py took 0.026 seconds
[2025-03-18T14:27:13.908+0200] {processor.py:186} INFO - Started process (PID=37982) to work on /home/munyah/.local/lib/python3.10/site-packages/airflow/example_dags/plugins/workday.py
[2025-03-18T14:27:13.909+0200] {processor.py:914} INFO - Processing file /home/munyah/.local/lib/python3.10/site-packages/airflow/example_dags/plugins/workday.py for tasks to queue
[2025-03-18T14:27:13.911+0200] {logging_mixin.py:190} INFO - [2025-03-18T14:27:13.911+0200] {dagbag.py:588} INFO - Filling up the DagBag from /home/munyah/.local/lib/python3.10/site-packages/airflow/example_dags/plugins/workday.py
[2025-03-18T14:27:13.915+0200] {processor.py:927} WARNING - No viable dags retrieved from /home/munyah/.local/lib/python3.10/site-packages/airflow/example_dags/plugins/workday.py
[2025-03-18T14:27:13.926+0200] {processor.py:208} INFO - Processing /home/munyah/.local/lib/python3.10/site-packages/airflow/example_dags/plugins/workday.py took 0.025 seconds
[2025-03-18T14:27:51.051+0200] {processor.py:186} INFO - Started process (PID=38194) to work on /home/munyah/.local/lib/python3.10/site-packages/airflow/example_dags/plugins/workday.py
[2025-03-18T14:27:51.052+0200] {processor.py:914} INFO - Processing file /home/munyah/.local/lib/python3.10/site-packages/airflow/example_dags/plugins/workday.py for tasks to queue
[2025-03-18T14:27:51.056+0200] {logging_mixin.py:190} INFO - [2025-03-18T14:27:51.055+0200] {dagbag.py:588} INFO - Filling up the DagBag from /home/munyah/.local/lib/python3.10/site-packages/airflow/example_dags/plugins/workday.py
[2025-03-18T14:27:51.060+0200] {processor.py:927} WARNING - No viable dags retrieved from /home/munyah/.local/lib/python3.10/site-packages/airflow/example_dags/plugins/workday.py
[2025-03-18T14:27:51.074+0200] {processor.py:208} INFO - Processing /home/munyah/.local/lib/python3.10/site-packages/airflow/example_dags/plugins/workday.py took 0.034 seconds
[2025-03-18T14:28:31.417+0200] {processor.py:186} INFO - Started process (PID=38488) to work on /home/munyah/.local/lib/python3.10/site-packages/airflow/example_dags/plugins/workday.py
[2025-03-18T14:28:31.419+0200] {processor.py:914} INFO - Processing file /home/munyah/.local/lib/python3.10/site-packages/airflow/example_dags/plugins/workday.py for tasks to queue
[2025-03-18T14:28:31.421+0200] {logging_mixin.py:190} INFO - [2025-03-18T14:28:31.421+0200] {dagbag.py:588} INFO - Filling up the DagBag from /home/munyah/.local/lib/python3.10/site-packages/airflow/example_dags/plugins/workday.py
[2025-03-18T14:28:31.425+0200] {processor.py:927} WARNING - No viable dags retrieved from /home/munyah/.local/lib/python3.10/site-packages/airflow/example_dags/plugins/workday.py
[2025-03-18T14:28:31.437+0200] {processor.py:208} INFO - Processing /home/munyah/.local/lib/python3.10/site-packages/airflow/example_dags/plugins/workday.py took 0.026 seconds
[2025-03-18T14:29:14.380+0200] {processor.py:186} INFO - Started process (PID=38774) to work on /home/munyah/.local/lib/python3.10/site-packages/airflow/example_dags/plugins/workday.py
[2025-03-18T14:29:14.381+0200] {processor.py:914} INFO - Processing file /home/munyah/.local/lib/python3.10/site-packages/airflow/example_dags/plugins/workday.py for tasks to queue
[2025-03-18T14:29:14.385+0200] {logging_mixin.py:190} INFO - [2025-03-18T14:29:14.384+0200] {dagbag.py:588} INFO - Filling up the DagBag from /home/munyah/.local/lib/python3.10/site-packages/airflow/example_dags/plugins/workday.py
[2025-03-18T14:29:14.388+0200] {processor.py:927} WARNING - No viable dags retrieved from /home/munyah/.local/lib/python3.10/site-packages/airflow/example_dags/plugins/workday.py
[2025-03-18T14:29:14.401+0200] {processor.py:208} INFO - Processing /home/munyah/.local/lib/python3.10/site-packages/airflow/example_dags/plugins/workday.py took 0.028 seconds
[2025-03-18T14:29:50.501+0200] {processor.py:186} INFO - Started process (PID=38978) to work on /home/munyah/.local/lib/python3.10/site-packages/airflow/example_dags/plugins/workday.py
[2025-03-18T14:29:50.503+0200] {processor.py:914} INFO - Processing file /home/munyah/.local/lib/python3.10/site-packages/airflow/example_dags/plugins/workday.py for tasks to queue
[2025-03-18T14:29:50.507+0200] {logging_mixin.py:190} INFO - [2025-03-18T14:29:50.506+0200] {dagbag.py:588} INFO - Filling up the DagBag from /home/munyah/.local/lib/python3.10/site-packages/airflow/example_dags/plugins/workday.py
[2025-03-18T14:29:50.510+0200] {processor.py:927} WARNING - No viable dags retrieved from /home/munyah/.local/lib/python3.10/site-packages/airflow/example_dags/plugins/workday.py
[2025-03-18T14:29:50.524+0200] {processor.py:208} INFO - Processing /home/munyah/.local/lib/python3.10/site-packages/airflow/example_dags/plugins/workday.py took 0.038 seconds
[2025-03-18T14:30:27.911+0200] {processor.py:186} INFO - Started process (PID=39240) to work on /home/munyah/.local/lib/python3.10/site-packages/airflow/example_dags/plugins/workday.py
[2025-03-18T14:30:27.914+0200] {processor.py:914} INFO - Processing file /home/munyah/.local/lib/python3.10/site-packages/airflow/example_dags/plugins/workday.py for tasks to queue
[2025-03-18T14:30:27.918+0200] {logging_mixin.py:190} INFO - [2025-03-18T14:30:27.917+0200] {dagbag.py:588} INFO - Filling up the DagBag from /home/munyah/.local/lib/python3.10/site-packages/airflow/example_dags/plugins/workday.py
[2025-03-18T14:30:27.923+0200] {processor.py:927} WARNING - No viable dags retrieved from /home/munyah/.local/lib/python3.10/site-packages/airflow/example_dags/plugins/workday.py
[2025-03-18T14:30:27.940+0200] {processor.py:208} INFO - Processing /home/munyah/.local/lib/python3.10/site-packages/airflow/example_dags/plugins/workday.py took 0.051 seconds
[2025-03-18T14:31:12.065+0200] {processor.py:186} INFO - Started process (PID=39546) to work on /home/munyah/.local/lib/python3.10/site-packages/airflow/example_dags/plugins/workday.py
[2025-03-18T14:31:12.067+0200] {processor.py:914} INFO - Processing file /home/munyah/.local/lib/python3.10/site-packages/airflow/example_dags/plugins/workday.py for tasks to queue
[2025-03-18T14:31:12.070+0200] {logging_mixin.py:190} INFO - [2025-03-18T14:31:12.070+0200] {dagbag.py:588} INFO - Filling up the DagBag from /home/munyah/.local/lib/python3.10/site-packages/airflow/example_dags/plugins/workday.py
[2025-03-18T14:31:12.074+0200] {processor.py:927} WARNING - No viable dags retrieved from /home/munyah/.local/lib/python3.10/site-packages/airflow/example_dags/plugins/workday.py
[2025-03-18T14:31:12.091+0200] {processor.py:208} INFO - Processing /home/munyah/.local/lib/python3.10/site-packages/airflow/example_dags/plugins/workday.py took 0.037 seconds
[2025-03-18T14:31:48.508+0200] {processor.py:186} INFO - Started process (PID=39742) to work on /home/munyah/.local/lib/python3.10/site-packages/airflow/example_dags/plugins/workday.py
[2025-03-18T14:31:48.510+0200] {processor.py:914} INFO - Processing file /home/munyah/.local/lib/python3.10/site-packages/airflow/example_dags/plugins/workday.py for tasks to queue
[2025-03-18T14:31:48.512+0200] {logging_mixin.py:190} INFO - [2025-03-18T14:31:48.512+0200] {dagbag.py:588} INFO - Filling up the DagBag from /home/munyah/.local/lib/python3.10/site-packages/airflow/example_dags/plugins/workday.py
[2025-03-18T14:31:48.516+0200] {processor.py:927} WARNING - No viable dags retrieved from /home/munyah/.local/lib/python3.10/site-packages/airflow/example_dags/plugins/workday.py
[2025-03-18T14:31:48.528+0200] {processor.py:208} INFO - Processing /home/munyah/.local/lib/python3.10/site-packages/airflow/example_dags/plugins/workday.py took 0.032 seconds
[2025-03-18T14:32:25.375+0200] {processor.py:186} INFO - Started process (PID=40002) to work on /home/munyah/.local/lib/python3.10/site-packages/airflow/example_dags/plugins/workday.py
[2025-03-18T14:32:25.376+0200] {processor.py:914} INFO - Processing file /home/munyah/.local/lib/python3.10/site-packages/airflow/example_dags/plugins/workday.py for tasks to queue
[2025-03-18T14:32:25.380+0200] {logging_mixin.py:190} INFO - [2025-03-18T14:32:25.379+0200] {dagbag.py:588} INFO - Filling up the DagBag from /home/munyah/.local/lib/python3.10/site-packages/airflow/example_dags/plugins/workday.py
[2025-03-18T14:32:25.384+0200] {processor.py:927} WARNING - No viable dags retrieved from /home/munyah/.local/lib/python3.10/site-packages/airflow/example_dags/plugins/workday.py
[2025-03-18T14:32:25.397+0200] {processor.py:208} INFO - Processing /home/munyah/.local/lib/python3.10/site-packages/airflow/example_dags/plugins/workday.py took 0.032 seconds
[2025-03-18T14:32:58.339+0200] {processor.py:186} INFO - Started process (PID=40179) to work on /home/munyah/.local/lib/python3.10/site-packages/airflow/example_dags/plugins/workday.py
[2025-03-18T14:32:58.340+0200] {processor.py:914} INFO - Processing file /home/munyah/.local/lib/python3.10/site-packages/airflow/example_dags/plugins/workday.py for tasks to queue
[2025-03-18T14:32:58.343+0200] {logging_mixin.py:190} INFO - [2025-03-18T14:32:58.342+0200] {dagbag.py:588} INFO - Filling up the DagBag from /home/munyah/.local/lib/python3.10/site-packages/airflow/example_dags/plugins/workday.py
[2025-03-18T14:32:58.346+0200] {processor.py:927} WARNING - No viable dags retrieved from /home/munyah/.local/lib/python3.10/site-packages/airflow/example_dags/plugins/workday.py
[2025-03-18T14:32:58.360+0200] {processor.py:208} INFO - Processing /home/munyah/.local/lib/python3.10/site-packages/airflow/example_dags/plugins/workday.py took 0.029 seconds
[2025-03-18T14:33:35.124+0200] {processor.py:186} INFO - Started process (PID=40440) to work on /home/munyah/.local/lib/python3.10/site-packages/airflow/example_dags/plugins/workday.py
[2025-03-18T14:33:35.126+0200] {processor.py:914} INFO - Processing file /home/munyah/.local/lib/python3.10/site-packages/airflow/example_dags/plugins/workday.py for tasks to queue
[2025-03-18T14:33:35.128+0200] {logging_mixin.py:190} INFO - [2025-03-18T14:33:35.128+0200] {dagbag.py:588} INFO - Filling up the DagBag from /home/munyah/.local/lib/python3.10/site-packages/airflow/example_dags/plugins/workday.py
[2025-03-18T14:33:35.131+0200] {processor.py:927} WARNING - No viable dags retrieved from /home/munyah/.local/lib/python3.10/site-packages/airflow/example_dags/plugins/workday.py
[2025-03-18T14:33:35.143+0200] {processor.py:208} INFO - Processing /home/munyah/.local/lib/python3.10/site-packages/airflow/example_dags/plugins/workday.py took 0.027 seconds
[2025-03-18T14:34:18.527+0200] {processor.py:186} INFO - Started process (PID=40747) to work on /home/munyah/.local/lib/python3.10/site-packages/airflow/example_dags/plugins/workday.py
[2025-03-18T14:34:18.528+0200] {processor.py:914} INFO - Processing file /home/munyah/.local/lib/python3.10/site-packages/airflow/example_dags/plugins/workday.py for tasks to queue
[2025-03-18T14:34:18.531+0200] {logging_mixin.py:190} INFO - [2025-03-18T14:34:18.530+0200] {dagbag.py:588} INFO - Filling up the DagBag from /home/munyah/.local/lib/python3.10/site-packages/airflow/example_dags/plugins/workday.py
[2025-03-18T14:34:18.534+0200] {processor.py:927} WARNING - No viable dags retrieved from /home/munyah/.local/lib/python3.10/site-packages/airflow/example_dags/plugins/workday.py
[2025-03-18T14:34:18.547+0200] {processor.py:208} INFO - Processing /home/munyah/.local/lib/python3.10/site-packages/airflow/example_dags/plugins/workday.py took 0.027 seconds
[2025-03-18T14:34:53.805+0200] {processor.py:186} INFO - Started process (PID=40974) to work on /home/munyah/.local/lib/python3.10/site-packages/airflow/example_dags/plugins/workday.py
[2025-03-18T14:34:53.806+0200] {processor.py:914} INFO - Processing file /home/munyah/.local/lib/python3.10/site-packages/airflow/example_dags/plugins/workday.py for tasks to queue
[2025-03-18T14:34:53.809+0200] {logging_mixin.py:190} INFO - [2025-03-18T14:34:53.808+0200] {dagbag.py:588} INFO - Filling up the DagBag from /home/munyah/.local/lib/python3.10/site-packages/airflow/example_dags/plugins/workday.py
[2025-03-18T14:34:53.812+0200] {processor.py:927} WARNING - No viable dags retrieved from /home/munyah/.local/lib/python3.10/site-packages/airflow/example_dags/plugins/workday.py
[2025-03-18T14:34:53.824+0200] {processor.py:208} INFO - Processing /home/munyah/.local/lib/python3.10/site-packages/airflow/example_dags/plugins/workday.py took 0.027 seconds
[2025-03-18T14:35:27.452+0200] {processor.py:186} INFO - Started process (PID=41237) to work on /home/munyah/.local/lib/python3.10/site-packages/airflow/example_dags/plugins/workday.py
[2025-03-18T14:35:27.453+0200] {processor.py:914} INFO - Processing file /home/munyah/.local/lib/python3.10/site-packages/airflow/example_dags/plugins/workday.py for tasks to queue
[2025-03-18T14:35:27.456+0200] {logging_mixin.py:190} INFO - [2025-03-18T14:35:27.456+0200] {dagbag.py:588} INFO - Filling up the DagBag from /home/munyah/.local/lib/python3.10/site-packages/airflow/example_dags/plugins/workday.py
[2025-03-18T14:35:27.459+0200] {processor.py:927} WARNING - No viable dags retrieved from /home/munyah/.local/lib/python3.10/site-packages/airflow/example_dags/plugins/workday.py
[2025-03-18T14:35:27.472+0200] {processor.py:208} INFO - Processing /home/munyah/.local/lib/python3.10/site-packages/airflow/example_dags/plugins/workday.py took 0.030 seconds
[2025-03-18T14:36:00.127+0200] {processor.py:186} INFO - Started process (PID=41410) to work on /home/munyah/.local/lib/python3.10/site-packages/airflow/example_dags/plugins/workday.py
[2025-03-18T14:36:00.129+0200] {processor.py:914} INFO - Processing file /home/munyah/.local/lib/python3.10/site-packages/airflow/example_dags/plugins/workday.py for tasks to queue
[2025-03-18T14:36:00.135+0200] {logging_mixin.py:190} INFO - [2025-03-18T14:36:00.133+0200] {dagbag.py:588} INFO - Filling up the DagBag from /home/munyah/.local/lib/python3.10/site-packages/airflow/example_dags/plugins/workday.py
[2025-03-18T14:36:00.140+0200] {processor.py:927} WARNING - No viable dags retrieved from /home/munyah/.local/lib/python3.10/site-packages/airflow/example_dags/plugins/workday.py
[2025-03-18T14:36:00.155+0200] {processor.py:208} INFO - Processing /home/munyah/.local/lib/python3.10/site-packages/airflow/example_dags/plugins/workday.py took 0.042 seconds
[2025-03-18T14:37:11.273+0200] {processor.py:186} INFO - Started process (PID=41929) to work on /home/munyah/.local/lib/python3.10/site-packages/airflow/example_dags/plugins/workday.py
[2025-03-18T14:37:11.275+0200] {processor.py:914} INFO - Processing file /home/munyah/.local/lib/python3.10/site-packages/airflow/example_dags/plugins/workday.py for tasks to queue
[2025-03-18T14:37:11.278+0200] {logging_mixin.py:190} INFO - [2025-03-18T14:37:11.277+0200] {dagbag.py:588} INFO - Filling up the DagBag from /home/munyah/.local/lib/python3.10/site-packages/airflow/example_dags/plugins/workday.py
[2025-03-18T14:37:11.281+0200] {processor.py:927} WARNING - No viable dags retrieved from /home/munyah/.local/lib/python3.10/site-packages/airflow/example_dags/plugins/workday.py
[2025-03-18T14:37:11.294+0200] {processor.py:208} INFO - Processing /home/munyah/.local/lib/python3.10/site-packages/airflow/example_dags/plugins/workday.py took 0.032 seconds
[2025-03-18T14:38:18.129+0200] {processor.py:186} INFO - Started process (PID=42369) to work on /home/munyah/.local/lib/python3.10/site-packages/airflow/example_dags/plugins/workday.py
[2025-03-18T14:38:18.132+0200] {processor.py:914} INFO - Processing file /home/munyah/.local/lib/python3.10/site-packages/airflow/example_dags/plugins/workday.py for tasks to queue
[2025-03-18T14:38:18.136+0200] {logging_mixin.py:190} INFO - [2025-03-18T14:38:18.135+0200] {dagbag.py:588} INFO - Filling up the DagBag from /home/munyah/.local/lib/python3.10/site-packages/airflow/example_dags/plugins/workday.py
[2025-03-18T14:38:18.141+0200] {processor.py:927} WARNING - No viable dags retrieved from /home/munyah/.local/lib/python3.10/site-packages/airflow/example_dags/plugins/workday.py
[2025-03-18T14:38:18.158+0200] {processor.py:208} INFO - Processing /home/munyah/.local/lib/python3.10/site-packages/airflow/example_dags/plugins/workday.py took 0.045 seconds
[2025-03-18T14:38:52.935+0200] {processor.py:186} INFO - Started process (PID=42491) to work on /home/munyah/.local/lib/python3.10/site-packages/airflow/example_dags/plugins/workday.py
[2025-03-18T14:38:52.937+0200] {processor.py:914} INFO - Processing file /home/munyah/.local/lib/python3.10/site-packages/airflow/example_dags/plugins/workday.py for tasks to queue
[2025-03-18T14:38:52.939+0200] {logging_mixin.py:190} INFO - [2025-03-18T14:38:52.939+0200] {dagbag.py:588} INFO - Filling up the DagBag from /home/munyah/.local/lib/python3.10/site-packages/airflow/example_dags/plugins/workday.py
[2025-03-18T14:38:52.942+0200] {processor.py:927} WARNING - No viable dags retrieved from /home/munyah/.local/lib/python3.10/site-packages/airflow/example_dags/plugins/workday.py
[2025-03-18T14:38:52.955+0200] {processor.py:208} INFO - Processing /home/munyah/.local/lib/python3.10/site-packages/airflow/example_dags/plugins/workday.py took 0.028 seconds
[2025-03-18T14:39:48.954+0200] {processor.py:186} INFO - Started process (PID=42657) to work on /home/munyah/.local/lib/python3.10/site-packages/airflow/example_dags/plugins/workday.py
[2025-03-18T14:39:48.956+0200] {processor.py:914} INFO - Processing file /home/munyah/.local/lib/python3.10/site-packages/airflow/example_dags/plugins/workday.py for tasks to queue
[2025-03-18T14:39:48.959+0200] {logging_mixin.py:190} INFO - [2025-03-18T14:39:48.959+0200] {dagbag.py:588} INFO - Filling up the DagBag from /home/munyah/.local/lib/python3.10/site-packages/airflow/example_dags/plugins/workday.py
[2025-03-18T14:39:48.964+0200] {processor.py:927} WARNING - No viable dags retrieved from /home/munyah/.local/lib/python3.10/site-packages/airflow/example_dags/plugins/workday.py
[2025-03-18T14:39:48.976+0200] {processor.py:208} INFO - Processing /home/munyah/.local/lib/python3.10/site-packages/airflow/example_dags/plugins/workday.py took 0.031 seconds
[2025-03-18T14:40:52.491+0200] {processor.py:186} INFO - Started process (PID=42857) to work on /home/munyah/.local/lib/python3.10/site-packages/airflow/example_dags/plugins/workday.py
[2025-03-18T14:40:52.492+0200] {processor.py:914} INFO - Processing file /home/munyah/.local/lib/python3.10/site-packages/airflow/example_dags/plugins/workday.py for tasks to queue
[2025-03-18T14:40:52.494+0200] {logging_mixin.py:190} INFO - [2025-03-18T14:40:52.494+0200] {dagbag.py:588} INFO - Filling up the DagBag from /home/munyah/.local/lib/python3.10/site-packages/airflow/example_dags/plugins/workday.py
[2025-03-18T14:40:52.498+0200] {processor.py:927} WARNING - No viable dags retrieved from /home/munyah/.local/lib/python3.10/site-packages/airflow/example_dags/plugins/workday.py
[2025-03-18T14:40:52.510+0200] {processor.py:208} INFO - Processing /home/munyah/.local/lib/python3.10/site-packages/airflow/example_dags/plugins/workday.py took 0.028 seconds
[2025-03-18T14:41:52.142+0200] {processor.py:186} INFO - Started process (PID=43201) to work on /home/munyah/.local/lib/python3.10/site-packages/airflow/example_dags/plugins/workday.py
[2025-03-18T14:41:52.144+0200] {processor.py:914} INFO - Processing file /home/munyah/.local/lib/python3.10/site-packages/airflow/example_dags/plugins/workday.py for tasks to queue
[2025-03-18T14:41:52.148+0200] {logging_mixin.py:190} INFO - [2025-03-18T14:41:52.147+0200] {dagbag.py:588} INFO - Filling up the DagBag from /home/munyah/.local/lib/python3.10/site-packages/airflow/example_dags/plugins/workday.py
[2025-03-18T14:41:52.152+0200] {processor.py:927} WARNING - No viable dags retrieved from /home/munyah/.local/lib/python3.10/site-packages/airflow/example_dags/plugins/workday.py
[2025-03-18T14:41:52.168+0200] {processor.py:208} INFO - Processing /home/munyah/.local/lib/python3.10/site-packages/airflow/example_dags/plugins/workday.py took 0.040 seconds
[2025-03-18T14:42:53.574+0200] {processor.py:186} INFO - Started process (PID=43696) to work on /home/munyah/.local/lib/python3.10/site-packages/airflow/example_dags/plugins/workday.py
[2025-03-18T14:42:53.576+0200] {processor.py:914} INFO - Processing file /home/munyah/.local/lib/python3.10/site-packages/airflow/example_dags/plugins/workday.py for tasks to queue
[2025-03-18T14:42:53.579+0200] {logging_mixin.py:190} INFO - [2025-03-18T14:42:53.578+0200] {dagbag.py:588} INFO - Filling up the DagBag from /home/munyah/.local/lib/python3.10/site-packages/airflow/example_dags/plugins/workday.py
[2025-03-18T14:42:53.583+0200] {processor.py:927} WARNING - No viable dags retrieved from /home/munyah/.local/lib/python3.10/site-packages/airflow/example_dags/plugins/workday.py
[2025-03-18T14:42:53.599+0200] {processor.py:208} INFO - Processing /home/munyah/.local/lib/python3.10/site-packages/airflow/example_dags/plugins/workday.py took 0.037 seconds
[2025-03-18T14:43:27.002+0200] {processor.py:186} INFO - Started process (PID=43981) to work on /home/munyah/.local/lib/python3.10/site-packages/airflow/example_dags/plugins/workday.py
[2025-03-18T14:43:27.005+0200] {processor.py:914} INFO - Processing file /home/munyah/.local/lib/python3.10/site-packages/airflow/example_dags/plugins/workday.py for tasks to queue
[2025-03-18T14:43:27.011+0200] {logging_mixin.py:190} INFO - [2025-03-18T14:43:27.010+0200] {dagbag.py:588} INFO - Filling up the DagBag from /home/munyah/.local/lib/python3.10/site-packages/airflow/example_dags/plugins/workday.py
[2025-03-18T14:43:27.018+0200] {processor.py:927} WARNING - No viable dags retrieved from /home/munyah/.local/lib/python3.10/site-packages/airflow/example_dags/plugins/workday.py
[2025-03-18T14:43:27.042+0200] {processor.py:208} INFO - Processing /home/munyah/.local/lib/python3.10/site-packages/airflow/example_dags/plugins/workday.py took 0.055 seconds
[2025-03-18T14:44:04.011+0200] {processor.py:186} INFO - Started process (PID=44111) to work on /home/munyah/.local/lib/python3.10/site-packages/airflow/example_dags/plugins/workday.py
[2025-03-18T14:44:04.012+0200] {processor.py:914} INFO - Processing file /home/munyah/.local/lib/python3.10/site-packages/airflow/example_dags/plugins/workday.py for tasks to queue
[2025-03-18T14:44:04.015+0200] {logging_mixin.py:190} INFO - [2025-03-18T14:44:04.015+0200] {dagbag.py:588} INFO - Filling up the DagBag from /home/munyah/.local/lib/python3.10/site-packages/airflow/example_dags/plugins/workday.py
[2025-03-18T14:44:04.019+0200] {processor.py:927} WARNING - No viable dags retrieved from /home/munyah/.local/lib/python3.10/site-packages/airflow/example_dags/plugins/workday.py
[2025-03-18T14:44:04.031+0200] {processor.py:208} INFO - Processing /home/munyah/.local/lib/python3.10/site-packages/airflow/example_dags/plugins/workday.py took 0.033 seconds
[2025-03-18T14:44:40.379+0200] {processor.py:186} INFO - Started process (PID=44197) to work on /home/munyah/.local/lib/python3.10/site-packages/airflow/example_dags/plugins/workday.py
[2025-03-18T14:44:40.380+0200] {processor.py:914} INFO - Processing file /home/munyah/.local/lib/python3.10/site-packages/airflow/example_dags/plugins/workday.py for tasks to queue
[2025-03-18T14:44:40.383+0200] {logging_mixin.py:190} INFO - [2025-03-18T14:44:40.383+0200] {dagbag.py:588} INFO - Filling up the DagBag from /home/munyah/.local/lib/python3.10/site-packages/airflow/example_dags/plugins/workday.py
[2025-03-18T14:44:40.387+0200] {processor.py:927} WARNING - No viable dags retrieved from /home/munyah/.local/lib/python3.10/site-packages/airflow/example_dags/plugins/workday.py
[2025-03-18T14:44:40.400+0200] {processor.py:208} INFO - Processing /home/munyah/.local/lib/python3.10/site-packages/airflow/example_dags/plugins/workday.py took 0.030 seconds
[2025-03-18T14:45:13.655+0200] {processor.py:186} INFO - Started process (PID=44288) to work on /home/munyah/.local/lib/python3.10/site-packages/airflow/example_dags/plugins/workday.py
[2025-03-18T14:45:13.656+0200] {processor.py:914} INFO - Processing file /home/munyah/.local/lib/python3.10/site-packages/airflow/example_dags/plugins/workday.py for tasks to queue
[2025-03-18T14:45:13.660+0200] {logging_mixin.py:190} INFO - [2025-03-18T14:45:13.660+0200] {dagbag.py:588} INFO - Filling up the DagBag from /home/munyah/.local/lib/python3.10/site-packages/airflow/example_dags/plugins/workday.py
[2025-03-18T14:45:13.665+0200] {processor.py:927} WARNING - No viable dags retrieved from /home/munyah/.local/lib/python3.10/site-packages/airflow/example_dags/plugins/workday.py
[2025-03-18T14:45:13.679+0200] {processor.py:208} INFO - Processing /home/munyah/.local/lib/python3.10/site-packages/airflow/example_dags/plugins/workday.py took 0.035 seconds
[2025-03-18T14:46:12.080+0200] {processor.py:186} INFO - Started process (PID=44460) to work on /home/munyah/.local/lib/python3.10/site-packages/airflow/example_dags/plugins/workday.py
[2025-03-18T14:46:12.082+0200] {processor.py:914} INFO - Processing file /home/munyah/.local/lib/python3.10/site-packages/airflow/example_dags/plugins/workday.py for tasks to queue
[2025-03-18T14:46:12.084+0200] {logging_mixin.py:190} INFO - [2025-03-18T14:46:12.084+0200] {dagbag.py:588} INFO - Filling up the DagBag from /home/munyah/.local/lib/python3.10/site-packages/airflow/example_dags/plugins/workday.py
[2025-03-18T14:46:12.088+0200] {processor.py:927} WARNING - No viable dags retrieved from /home/munyah/.local/lib/python3.10/site-packages/airflow/example_dags/plugins/workday.py
[2025-03-18T14:46:12.100+0200] {processor.py:208} INFO - Processing /home/munyah/.local/lib/python3.10/site-packages/airflow/example_dags/plugins/workday.py took 0.029 seconds
[2025-03-18T14:47:16.134+0200] {processor.py:186} INFO - Started process (PID=44635) to work on /home/munyah/.local/lib/python3.10/site-packages/airflow/example_dags/plugins/workday.py
[2025-03-18T14:47:16.135+0200] {processor.py:914} INFO - Processing file /home/munyah/.local/lib/python3.10/site-packages/airflow/example_dags/plugins/workday.py for tasks to queue
[2025-03-18T14:47:16.140+0200] {logging_mixin.py:190} INFO - [2025-03-18T14:47:16.139+0200] {dagbag.py:588} INFO - Filling up the DagBag from /home/munyah/.local/lib/python3.10/site-packages/airflow/example_dags/plugins/workday.py
[2025-03-18T14:47:16.145+0200] {processor.py:927} WARNING - No viable dags retrieved from /home/munyah/.local/lib/python3.10/site-packages/airflow/example_dags/plugins/workday.py
[2025-03-18T14:47:16.163+0200] {processor.py:208} INFO - Processing /home/munyah/.local/lib/python3.10/site-packages/airflow/example_dags/plugins/workday.py took 0.046 seconds
[2025-03-18T14:48:19.044+0200] {processor.py:186} INFO - Started process (PID=44989) to work on /home/munyah/.local/lib/python3.10/site-packages/airflow/example_dags/plugins/workday.py
[2025-03-18T14:48:19.046+0200] {processor.py:914} INFO - Processing file /home/munyah/.local/lib/python3.10/site-packages/airflow/example_dags/plugins/workday.py for tasks to queue
[2025-03-18T14:48:19.048+0200] {logging_mixin.py:190} INFO - [2025-03-18T14:48:19.048+0200] {dagbag.py:588} INFO - Filling up the DagBag from /home/munyah/.local/lib/python3.10/site-packages/airflow/example_dags/plugins/workday.py
[2025-03-18T14:48:19.052+0200] {processor.py:927} WARNING - No viable dags retrieved from /home/munyah/.local/lib/python3.10/site-packages/airflow/example_dags/plugins/workday.py
[2025-03-18T14:48:19.065+0200] {processor.py:208} INFO - Processing /home/munyah/.local/lib/python3.10/site-packages/airflow/example_dags/plugins/workday.py took 0.029 seconds
[2025-03-18T14:49:19.031+0200] {processor.py:186} INFO - Started process (PID=45152) to work on /home/munyah/.local/lib/python3.10/site-packages/airflow/example_dags/plugins/workday.py
[2025-03-18T14:49:19.033+0200] {processor.py:914} INFO - Processing file /home/munyah/.local/lib/python3.10/site-packages/airflow/example_dags/plugins/workday.py for tasks to queue
[2025-03-18T14:49:19.035+0200] {logging_mixin.py:190} INFO - [2025-03-18T14:49:19.035+0200] {dagbag.py:588} INFO - Filling up the DagBag from /home/munyah/.local/lib/python3.10/site-packages/airflow/example_dags/plugins/workday.py
[2025-03-18T14:49:19.039+0200] {processor.py:927} WARNING - No viable dags retrieved from /home/munyah/.local/lib/python3.10/site-packages/airflow/example_dags/plugins/workday.py
[2025-03-18T14:49:19.050+0200] {processor.py:208} INFO - Processing /home/munyah/.local/lib/python3.10/site-packages/airflow/example_dags/plugins/workday.py took 0.027 seconds
[2025-03-18T14:50:18.420+0200] {processor.py:186} INFO - Started process (PID=45351) to work on /home/munyah/.local/lib/python3.10/site-packages/airflow/example_dags/plugins/workday.py
[2025-03-18T14:50:18.422+0200] {processor.py:914} INFO - Processing file /home/munyah/.local/lib/python3.10/site-packages/airflow/example_dags/plugins/workday.py for tasks to queue
[2025-03-18T14:50:18.424+0200] {logging_mixin.py:190} INFO - [2025-03-18T14:50:18.424+0200] {dagbag.py:588} INFO - Filling up the DagBag from /home/munyah/.local/lib/python3.10/site-packages/airflow/example_dags/plugins/workday.py
[2025-03-18T14:50:18.427+0200] {processor.py:927} WARNING - No viable dags retrieved from /home/munyah/.local/lib/python3.10/site-packages/airflow/example_dags/plugins/workday.py
[2025-03-18T14:50:18.439+0200] {processor.py:208} INFO - Processing /home/munyah/.local/lib/python3.10/site-packages/airflow/example_dags/plugins/workday.py took 0.026 seconds
[2025-03-18T14:50:52.144+0200] {processor.py:186} INFO - Started process (PID=45458) to work on /home/munyah/.local/lib/python3.10/site-packages/airflow/example_dags/plugins/workday.py
[2025-03-18T14:50:52.145+0200] {processor.py:914} INFO - Processing file /home/munyah/.local/lib/python3.10/site-packages/airflow/example_dags/plugins/workday.py for tasks to queue
[2025-03-18T14:50:52.148+0200] {logging_mixin.py:190} INFO - [2025-03-18T14:50:52.147+0200] {dagbag.py:588} INFO - Filling up the DagBag from /home/munyah/.local/lib/python3.10/site-packages/airflow/example_dags/plugins/workday.py
[2025-03-18T14:50:52.151+0200] {processor.py:927} WARNING - No viable dags retrieved from /home/munyah/.local/lib/python3.10/site-packages/airflow/example_dags/plugins/workday.py
[2025-03-18T14:50:52.163+0200] {processor.py:208} INFO - Processing /home/munyah/.local/lib/python3.10/site-packages/airflow/example_dags/plugins/workday.py took 0.026 seconds
[2025-03-18T14:51:51.954+0200] {processor.py:186} INFO - Started process (PID=45684) to work on /home/munyah/.local/lib/python3.10/site-packages/airflow/example_dags/plugins/workday.py
[2025-03-18T14:51:51.955+0200] {processor.py:914} INFO - Processing file /home/munyah/.local/lib/python3.10/site-packages/airflow/example_dags/plugins/workday.py for tasks to queue
[2025-03-18T14:51:51.958+0200] {logging_mixin.py:190} INFO - [2025-03-18T14:51:51.958+0200] {dagbag.py:588} INFO - Filling up the DagBag from /home/munyah/.local/lib/python3.10/site-packages/airflow/example_dags/plugins/workday.py
[2025-03-18T14:51:51.961+0200] {processor.py:927} WARNING - No viable dags retrieved from /home/munyah/.local/lib/python3.10/site-packages/airflow/example_dags/plugins/workday.py
[2025-03-18T14:51:51.973+0200] {processor.py:208} INFO - Processing /home/munyah/.local/lib/python3.10/site-packages/airflow/example_dags/plugins/workday.py took 0.026 seconds
[2025-03-18T14:52:52.459+0200] {processor.py:186} INFO - Started process (PID=45845) to work on /home/munyah/.local/lib/python3.10/site-packages/airflow/example_dags/plugins/workday.py
[2025-03-18T14:52:52.460+0200] {processor.py:914} INFO - Processing file /home/munyah/.local/lib/python3.10/site-packages/airflow/example_dags/plugins/workday.py for tasks to queue
[2025-03-18T14:52:52.463+0200] {logging_mixin.py:190} INFO - [2025-03-18T14:52:52.463+0200] {dagbag.py:588} INFO - Filling up the DagBag from /home/munyah/.local/lib/python3.10/site-packages/airflow/example_dags/plugins/workday.py
[2025-03-18T14:52:52.466+0200] {processor.py:927} WARNING - No viable dags retrieved from /home/munyah/.local/lib/python3.10/site-packages/airflow/example_dags/plugins/workday.py
[2025-03-18T14:52:52.478+0200] {processor.py:208} INFO - Processing /home/munyah/.local/lib/python3.10/site-packages/airflow/example_dags/plugins/workday.py took 0.026 seconds
[2025-03-18T14:53:58.365+0200] {processor.py:186} INFO - Started process (PID=46052) to work on /home/munyah/.local/lib/python3.10/site-packages/airflow/example_dags/plugins/workday.py
[2025-03-18T14:53:58.368+0200] {processor.py:914} INFO - Processing file /home/munyah/.local/lib/python3.10/site-packages/airflow/example_dags/plugins/workday.py for tasks to queue
[2025-03-18T14:53:58.373+0200] {logging_mixin.py:190} INFO - [2025-03-18T14:53:58.372+0200] {dagbag.py:588} INFO - Filling up the DagBag from /home/munyah/.local/lib/python3.10/site-packages/airflow/example_dags/plugins/workday.py
[2025-03-18T14:53:58.377+0200] {processor.py:927} WARNING - No viable dags retrieved from /home/munyah/.local/lib/python3.10/site-packages/airflow/example_dags/plugins/workday.py
[2025-03-18T14:53:58.395+0200] {processor.py:208} INFO - Processing /home/munyah/.local/lib/python3.10/site-packages/airflow/example_dags/plugins/workday.py took 0.040 seconds
[2025-03-18T14:54:33.539+0200] {processor.py:186} INFO - Started process (PID=46158) to work on /home/munyah/.local/lib/python3.10/site-packages/airflow/example_dags/plugins/workday.py
[2025-03-18T14:54:33.542+0200] {processor.py:914} INFO - Processing file /home/munyah/.local/lib/python3.10/site-packages/airflow/example_dags/plugins/workday.py for tasks to queue
[2025-03-18T14:54:33.546+0200] {logging_mixin.py:190} INFO - [2025-03-18T14:54:33.545+0200] {dagbag.py:588} INFO - Filling up the DagBag from /home/munyah/.local/lib/python3.10/site-packages/airflow/example_dags/plugins/workday.py
[2025-03-18T14:54:33.549+0200] {processor.py:927} WARNING - No viable dags retrieved from /home/munyah/.local/lib/python3.10/site-packages/airflow/example_dags/plugins/workday.py
[2025-03-18T14:54:33.562+0200] {processor.py:208} INFO - Processing /home/munyah/.local/lib/python3.10/site-packages/airflow/example_dags/plugins/workday.py took 0.031 seconds
[2025-03-18T14:55:37.266+0200] {processor.py:186} INFO - Started process (PID=46305) to work on /home/munyah/.local/lib/python3.10/site-packages/airflow/example_dags/plugins/workday.py
[2025-03-18T14:55:37.267+0200] {processor.py:914} INFO - Processing file /home/munyah/.local/lib/python3.10/site-packages/airflow/example_dags/plugins/workday.py for tasks to queue
[2025-03-18T14:55:37.270+0200] {logging_mixin.py:190} INFO - [2025-03-18T14:55:37.269+0200] {dagbag.py:588} INFO - Filling up the DagBag from /home/munyah/.local/lib/python3.10/site-packages/airflow/example_dags/plugins/workday.py
[2025-03-18T14:55:37.273+0200] {processor.py:927} WARNING - No viable dags retrieved from /home/munyah/.local/lib/python3.10/site-packages/airflow/example_dags/plugins/workday.py
[2025-03-18T14:55:37.287+0200] {processor.py:208} INFO - Processing /home/munyah/.local/lib/python3.10/site-packages/airflow/example_dags/plugins/workday.py took 0.028 seconds
[2025-03-18T14:56:40.636+0200] {processor.py:186} INFO - Started process (PID=46432) to work on /home/munyah/.local/lib/python3.10/site-packages/airflow/example_dags/plugins/workday.py
[2025-03-18T14:56:40.638+0200] {processor.py:914} INFO - Processing file /home/munyah/.local/lib/python3.10/site-packages/airflow/example_dags/plugins/workday.py for tasks to queue
[2025-03-18T14:56:40.642+0200] {logging_mixin.py:190} INFO - [2025-03-18T14:56:40.641+0200] {dagbag.py:588} INFO - Filling up the DagBag from /home/munyah/.local/lib/python3.10/site-packages/airflow/example_dags/plugins/workday.py
[2025-03-18T14:56:40.648+0200] {processor.py:927} WARNING - No viable dags retrieved from /home/munyah/.local/lib/python3.10/site-packages/airflow/example_dags/plugins/workday.py
[2025-03-18T14:56:40.666+0200] {processor.py:208} INFO - Processing /home/munyah/.local/lib/python3.10/site-packages/airflow/example_dags/plugins/workday.py took 0.042 seconds
[2025-03-18T14:57:44.617+0200] {processor.py:186} INFO - Started process (PID=46616) to work on /home/munyah/.local/lib/python3.10/site-packages/airflow/example_dags/plugins/workday.py
[2025-03-18T14:57:44.618+0200] {processor.py:914} INFO - Processing file /home/munyah/.local/lib/python3.10/site-packages/airflow/example_dags/plugins/workday.py for tasks to queue
[2025-03-18T14:57:44.622+0200] {logging_mixin.py:190} INFO - [2025-03-18T14:57:44.621+0200] {dagbag.py:588} INFO - Filling up the DagBag from /home/munyah/.local/lib/python3.10/site-packages/airflow/example_dags/plugins/workday.py
[2025-03-18T14:57:44.625+0200] {processor.py:927} WARNING - No viable dags retrieved from /home/munyah/.local/lib/python3.10/site-packages/airflow/example_dags/plugins/workday.py
[2025-03-18T14:57:44.640+0200] {processor.py:208} INFO - Processing /home/munyah/.local/lib/python3.10/site-packages/airflow/example_dags/plugins/workday.py took 0.032 seconds
[2025-03-18T14:58:44.302+0200] {processor.py:186} INFO - Started process (PID=46824) to work on /home/munyah/.local/lib/python3.10/site-packages/airflow/example_dags/plugins/workday.py
[2025-03-18T14:58:44.303+0200] {processor.py:914} INFO - Processing file /home/munyah/.local/lib/python3.10/site-packages/airflow/example_dags/plugins/workday.py for tasks to queue
[2025-03-18T14:58:44.306+0200] {logging_mixin.py:190} INFO - [2025-03-18T14:58:44.306+0200] {dagbag.py:588} INFO - Filling up the DagBag from /home/munyah/.local/lib/python3.10/site-packages/airflow/example_dags/plugins/workday.py
[2025-03-18T14:58:44.310+0200] {processor.py:927} WARNING - No viable dags retrieved from /home/munyah/.local/lib/python3.10/site-packages/airflow/example_dags/plugins/workday.py
[2025-03-18T14:58:44.322+0200] {processor.py:208} INFO - Processing /home/munyah/.local/lib/python3.10/site-packages/airflow/example_dags/plugins/workday.py took 0.027 seconds
[2025-03-18T14:59:48.059+0200] {processor.py:186} INFO - Started process (PID=47162) to work on /home/munyah/.local/lib/python3.10/site-packages/airflow/example_dags/plugins/workday.py
[2025-03-18T14:59:48.061+0200] {processor.py:914} INFO - Processing file /home/munyah/.local/lib/python3.10/site-packages/airflow/example_dags/plugins/workday.py for tasks to queue
[2025-03-18T14:59:48.064+0200] {logging_mixin.py:190} INFO - [2025-03-18T14:59:48.063+0200] {dagbag.py:588} INFO - Filling up the DagBag from /home/munyah/.local/lib/python3.10/site-packages/airflow/example_dags/plugins/workday.py
[2025-03-18T14:59:48.067+0200] {processor.py:927} WARNING - No viable dags retrieved from /home/munyah/.local/lib/python3.10/site-packages/airflow/example_dags/plugins/workday.py
[2025-03-18T14:59:48.079+0200] {processor.py:208} INFO - Processing /home/munyah/.local/lib/python3.10/site-packages/airflow/example_dags/plugins/workday.py took 0.029 seconds
[2025-03-18T15:00:49.770+0200] {processor.py:186} INFO - Started process (PID=47369) to work on /home/munyah/.local/lib/python3.10/site-packages/airflow/example_dags/plugins/workday.py
[2025-03-18T15:00:49.771+0200] {processor.py:914} INFO - Processing file /home/munyah/.local/lib/python3.10/site-packages/airflow/example_dags/plugins/workday.py for tasks to queue
[2025-03-18T15:00:49.774+0200] {logging_mixin.py:190} INFO - [2025-03-18T15:00:49.773+0200] {dagbag.py:588} INFO - Filling up the DagBag from /home/munyah/.local/lib/python3.10/site-packages/airflow/example_dags/plugins/workday.py
[2025-03-18T15:00:49.777+0200] {processor.py:927} WARNING - No viable dags retrieved from /home/munyah/.local/lib/python3.10/site-packages/airflow/example_dags/plugins/workday.py
[2025-03-18T15:00:49.788+0200] {processor.py:208} INFO - Processing /home/munyah/.local/lib/python3.10/site-packages/airflow/example_dags/plugins/workday.py took 0.025 seconds
[2025-03-18T15:01:45.813+0200] {processor.py:186} INFO - Started process (PID=47489) to work on /home/munyah/.local/lib/python3.10/site-packages/airflow/example_dags/plugins/workday.py
[2025-03-18T15:01:45.814+0200] {processor.py:914} INFO - Processing file /home/munyah/.local/lib/python3.10/site-packages/airflow/example_dags/plugins/workday.py for tasks to queue
[2025-03-18T15:01:45.818+0200] {logging_mixin.py:190} INFO - [2025-03-18T15:01:45.817+0200] {dagbag.py:588} INFO - Filling up the DagBag from /home/munyah/.local/lib/python3.10/site-packages/airflow/example_dags/plugins/workday.py
[2025-03-18T15:01:45.822+0200] {processor.py:927} WARNING - No viable dags retrieved from /home/munyah/.local/lib/python3.10/site-packages/airflow/example_dags/plugins/workday.py
[2025-03-18T15:01:45.834+0200] {processor.py:208} INFO - Processing /home/munyah/.local/lib/python3.10/site-packages/airflow/example_dags/plugins/workday.py took 0.029 seconds
[2025-03-18T15:02:42.307+0200] {processor.py:186} INFO - Started process (PID=47614) to work on /home/munyah/.local/lib/python3.10/site-packages/airflow/example_dags/plugins/workday.py
[2025-03-18T15:02:42.309+0200] {processor.py:914} INFO - Processing file /home/munyah/.local/lib/python3.10/site-packages/airflow/example_dags/plugins/workday.py for tasks to queue
[2025-03-18T15:02:42.312+0200] {logging_mixin.py:190} INFO - [2025-03-18T15:02:42.311+0200] {dagbag.py:588} INFO - Filling up the DagBag from /home/munyah/.local/lib/python3.10/site-packages/airflow/example_dags/plugins/workday.py
[2025-03-18T15:02:42.315+0200] {processor.py:927} WARNING - No viable dags retrieved from /home/munyah/.local/lib/python3.10/site-packages/airflow/example_dags/plugins/workday.py
[2025-03-18T15:02:42.327+0200] {processor.py:208} INFO - Processing /home/munyah/.local/lib/python3.10/site-packages/airflow/example_dags/plugins/workday.py took 0.030 seconds
[2025-03-18T15:03:39.046+0200] {processor.py:186} INFO - Started process (PID=47780) to work on /home/munyah/.local/lib/python3.10/site-packages/airflow/example_dags/plugins/workday.py
[2025-03-18T15:03:39.047+0200] {processor.py:914} INFO - Processing file /home/munyah/.local/lib/python3.10/site-packages/airflow/example_dags/plugins/workday.py for tasks to queue
[2025-03-18T15:03:39.050+0200] {logging_mixin.py:190} INFO - [2025-03-18T15:03:39.049+0200] {dagbag.py:588} INFO - Filling up the DagBag from /home/munyah/.local/lib/python3.10/site-packages/airflow/example_dags/plugins/workday.py
[2025-03-18T15:03:39.053+0200] {processor.py:927} WARNING - No viable dags retrieved from /home/munyah/.local/lib/python3.10/site-packages/airflow/example_dags/plugins/workday.py
[2025-03-18T15:03:39.065+0200] {processor.py:208} INFO - Processing /home/munyah/.local/lib/python3.10/site-packages/airflow/example_dags/plugins/workday.py took 0.025 seconds
[2025-03-18T15:04:35.361+0200] {processor.py:186} INFO - Started process (PID=47963) to work on /home/munyah/.local/lib/python3.10/site-packages/airflow/example_dags/plugins/workday.py
[2025-03-18T15:04:35.363+0200] {processor.py:914} INFO - Processing file /home/munyah/.local/lib/python3.10/site-packages/airflow/example_dags/plugins/workday.py for tasks to queue
[2025-03-18T15:04:35.365+0200] {logging_mixin.py:190} INFO - [2025-03-18T15:04:35.365+0200] {dagbag.py:588} INFO - Filling up the DagBag from /home/munyah/.local/lib/python3.10/site-packages/airflow/example_dags/plugins/workday.py
[2025-03-18T15:04:35.368+0200] {processor.py:927} WARNING - No viable dags retrieved from /home/munyah/.local/lib/python3.10/site-packages/airflow/example_dags/plugins/workday.py
[2025-03-18T15:04:35.380+0200] {processor.py:208} INFO - Processing /home/munyah/.local/lib/python3.10/site-packages/airflow/example_dags/plugins/workday.py took 0.025 seconds
[2025-03-18T15:05:34.523+0200] {processor.py:186} INFO - Started process (PID=48176) to work on /home/munyah/.local/lib/python3.10/site-packages/airflow/example_dags/plugins/workday.py
[2025-03-18T15:05:34.524+0200] {processor.py:914} INFO - Processing file /home/munyah/.local/lib/python3.10/site-packages/airflow/example_dags/plugins/workday.py for tasks to queue
[2025-03-18T15:05:34.527+0200] {logging_mixin.py:190} INFO - [2025-03-18T15:05:34.526+0200] {dagbag.py:588} INFO - Filling up the DagBag from /home/munyah/.local/lib/python3.10/site-packages/airflow/example_dags/plugins/workday.py
[2025-03-18T15:05:34.530+0200] {processor.py:927} WARNING - No viable dags retrieved from /home/munyah/.local/lib/python3.10/site-packages/airflow/example_dags/plugins/workday.py
[2025-03-18T15:05:34.541+0200] {processor.py:208} INFO - Processing /home/munyah/.local/lib/python3.10/site-packages/airflow/example_dags/plugins/workday.py took 0.024 seconds
[2025-03-18T15:06:36.586+0200] {processor.py:186} INFO - Started process (PID=48310) to work on /home/munyah/.local/lib/python3.10/site-packages/airflow/example_dags/plugins/workday.py
[2025-03-18T15:06:36.587+0200] {processor.py:914} INFO - Processing file /home/munyah/.local/lib/python3.10/site-packages/airflow/example_dags/plugins/workday.py for tasks to queue
[2025-03-18T15:06:36.590+0200] {logging_mixin.py:190} INFO - [2025-03-18T15:06:36.589+0200] {dagbag.py:588} INFO - Filling up the DagBag from /home/munyah/.local/lib/python3.10/site-packages/airflow/example_dags/plugins/workday.py
[2025-03-18T15:06:36.593+0200] {processor.py:927} WARNING - No viable dags retrieved from /home/munyah/.local/lib/python3.10/site-packages/airflow/example_dags/plugins/workday.py
[2025-03-18T15:06:36.604+0200] {processor.py:208} INFO - Processing /home/munyah/.local/lib/python3.10/site-packages/airflow/example_dags/plugins/workday.py took 0.028 seconds
[2025-03-18T15:07:34.849+0200] {processor.py:186} INFO - Started process (PID=48479) to work on /home/munyah/.local/lib/python3.10/site-packages/airflow/example_dags/plugins/workday.py
[2025-03-18T15:07:34.851+0200] {processor.py:914} INFO - Processing file /home/munyah/.local/lib/python3.10/site-packages/airflow/example_dags/plugins/workday.py for tasks to queue
[2025-03-18T15:07:34.853+0200] {logging_mixin.py:190} INFO - [2025-03-18T15:07:34.853+0200] {dagbag.py:588} INFO - Filling up the DagBag from /home/munyah/.local/lib/python3.10/site-packages/airflow/example_dags/plugins/workday.py
[2025-03-18T15:07:34.856+0200] {processor.py:927} WARNING - No viable dags retrieved from /home/munyah/.local/lib/python3.10/site-packages/airflow/example_dags/plugins/workday.py
[2025-03-18T15:07:34.868+0200] {processor.py:208} INFO - Processing /home/munyah/.local/lib/python3.10/site-packages/airflow/example_dags/plugins/workday.py took 0.027 seconds
[2025-03-18T15:08:32.500+0200] {processor.py:186} INFO - Started process (PID=48639) to work on /home/munyah/.local/lib/python3.10/site-packages/airflow/example_dags/plugins/workday.py
[2025-03-18T15:08:32.502+0200] {processor.py:914} INFO - Processing file /home/munyah/.local/lib/python3.10/site-packages/airflow/example_dags/plugins/workday.py for tasks to queue
[2025-03-18T15:08:32.505+0200] {logging_mixin.py:190} INFO - [2025-03-18T15:08:32.504+0200] {dagbag.py:588} INFO - Filling up the DagBag from /home/munyah/.local/lib/python3.10/site-packages/airflow/example_dags/plugins/workday.py
[2025-03-18T15:08:32.507+0200] {processor.py:927} WARNING - No viable dags retrieved from /home/munyah/.local/lib/python3.10/site-packages/airflow/example_dags/plugins/workday.py
[2025-03-18T15:08:32.520+0200] {processor.py:208} INFO - Processing /home/munyah/.local/lib/python3.10/site-packages/airflow/example_dags/plugins/workday.py took 0.027 seconds
[2025-03-18T15:09:30.259+0200] {processor.py:186} INFO - Started process (PID=48767) to work on /home/munyah/.local/lib/python3.10/site-packages/airflow/example_dags/plugins/workday.py
[2025-03-18T15:09:30.261+0200] {processor.py:914} INFO - Processing file /home/munyah/.local/lib/python3.10/site-packages/airflow/example_dags/plugins/workday.py for tasks to queue
[2025-03-18T15:09:30.263+0200] {logging_mixin.py:190} INFO - [2025-03-18T15:09:30.263+0200] {dagbag.py:588} INFO - Filling up the DagBag from /home/munyah/.local/lib/python3.10/site-packages/airflow/example_dags/plugins/workday.py
[2025-03-18T15:09:30.266+0200] {processor.py:927} WARNING - No viable dags retrieved from /home/munyah/.local/lib/python3.10/site-packages/airflow/example_dags/plugins/workday.py
[2025-03-18T15:09:30.278+0200] {processor.py:208} INFO - Processing /home/munyah/.local/lib/python3.10/site-packages/airflow/example_dags/plugins/workday.py took 0.026 seconds
[2025-03-18T15:10:29.740+0200] {processor.py:186} INFO - Started process (PID=48954) to work on /home/munyah/.local/lib/python3.10/site-packages/airflow/example_dags/plugins/workday.py
[2025-03-18T15:10:29.742+0200] {processor.py:914} INFO - Processing file /home/munyah/.local/lib/python3.10/site-packages/airflow/example_dags/plugins/workday.py for tasks to queue
[2025-03-18T15:10:29.745+0200] {logging_mixin.py:190} INFO - [2025-03-18T15:10:29.744+0200] {dagbag.py:588} INFO - Filling up the DagBag from /home/munyah/.local/lib/python3.10/site-packages/airflow/example_dags/plugins/workday.py
[2025-03-18T15:10:29.748+0200] {processor.py:927} WARNING - No viable dags retrieved from /home/munyah/.local/lib/python3.10/site-packages/airflow/example_dags/plugins/workday.py
[2025-03-18T15:10:29.760+0200] {processor.py:208} INFO - Processing /home/munyah/.local/lib/python3.10/site-packages/airflow/example_dags/plugins/workday.py took 0.026 seconds
[2025-03-18T15:11:26.523+0200] {processor.py:186} INFO - Started process (PID=49108) to work on /home/munyah/.local/lib/python3.10/site-packages/airflow/example_dags/plugins/workday.py
[2025-03-18T15:11:26.525+0200] {processor.py:914} INFO - Processing file /home/munyah/.local/lib/python3.10/site-packages/airflow/example_dags/plugins/workday.py for tasks to queue
[2025-03-18T15:11:26.527+0200] {logging_mixin.py:190} INFO - [2025-03-18T15:11:26.527+0200] {dagbag.py:588} INFO - Filling up the DagBag from /home/munyah/.local/lib/python3.10/site-packages/airflow/example_dags/plugins/workday.py
[2025-03-18T15:11:26.531+0200] {processor.py:927} WARNING - No viable dags retrieved from /home/munyah/.local/lib/python3.10/site-packages/airflow/example_dags/plugins/workday.py
[2025-03-18T15:11:26.543+0200] {processor.py:208} INFO - Processing /home/munyah/.local/lib/python3.10/site-packages/airflow/example_dags/plugins/workday.py took 0.027 seconds
[2025-03-18T15:12:25.768+0200] {processor.py:186} INFO - Started process (PID=49271) to work on /home/munyah/.local/lib/python3.10/site-packages/airflow/example_dags/plugins/workday.py
[2025-03-18T15:12:25.769+0200] {processor.py:914} INFO - Processing file /home/munyah/.local/lib/python3.10/site-packages/airflow/example_dags/plugins/workday.py for tasks to queue
[2025-03-18T15:12:25.771+0200] {logging_mixin.py:190} INFO - [2025-03-18T15:12:25.771+0200] {dagbag.py:588} INFO - Filling up the DagBag from /home/munyah/.local/lib/python3.10/site-packages/airflow/example_dags/plugins/workday.py
[2025-03-18T15:12:25.774+0200] {processor.py:927} WARNING - No viable dags retrieved from /home/munyah/.local/lib/python3.10/site-packages/airflow/example_dags/plugins/workday.py
[2025-03-18T15:12:25.787+0200] {processor.py:208} INFO - Processing /home/munyah/.local/lib/python3.10/site-packages/airflow/example_dags/plugins/workday.py took 0.026 seconds
[2025-03-18T15:13:22.326+0200] {processor.py:186} INFO - Started process (PID=49422) to work on /home/munyah/.local/lib/python3.10/site-packages/airflow/example_dags/plugins/workday.py
[2025-03-18T15:13:22.327+0200] {processor.py:914} INFO - Processing file /home/munyah/.local/lib/python3.10/site-packages/airflow/example_dags/plugins/workday.py for tasks to queue
[2025-03-18T15:13:22.329+0200] {logging_mixin.py:190} INFO - [2025-03-18T15:13:22.329+0200] {dagbag.py:588} INFO - Filling up the DagBag from /home/munyah/.local/lib/python3.10/site-packages/airflow/example_dags/plugins/workday.py
[2025-03-18T15:13:22.333+0200] {processor.py:927} WARNING - No viable dags retrieved from /home/munyah/.local/lib/python3.10/site-packages/airflow/example_dags/plugins/workday.py
[2025-03-18T15:13:22.345+0200] {processor.py:208} INFO - Processing /home/munyah/.local/lib/python3.10/site-packages/airflow/example_dags/plugins/workday.py took 0.026 seconds
[2025-03-18T15:14:22.982+0200] {processor.py:186} INFO - Started process (PID=49551) to work on /home/munyah/.local/lib/python3.10/site-packages/airflow/example_dags/plugins/workday.py
[2025-03-18T15:14:22.983+0200] {processor.py:914} INFO - Processing file /home/munyah/.local/lib/python3.10/site-packages/airflow/example_dags/plugins/workday.py for tasks to queue
[2025-03-18T15:14:22.985+0200] {logging_mixin.py:190} INFO - [2025-03-18T15:14:22.985+0200] {dagbag.py:588} INFO - Filling up the DagBag from /home/munyah/.local/lib/python3.10/site-packages/airflow/example_dags/plugins/workday.py
[2025-03-18T15:14:22.988+0200] {processor.py:927} WARNING - No viable dags retrieved from /home/munyah/.local/lib/python3.10/site-packages/airflow/example_dags/plugins/workday.py
[2025-03-18T15:14:23.000+0200] {processor.py:208} INFO - Processing /home/munyah/.local/lib/python3.10/site-packages/airflow/example_dags/plugins/workday.py took 0.025 seconds
[2025-03-18T15:15:22.521+0200] {processor.py:186} INFO - Started process (PID=49691) to work on /home/munyah/.local/lib/python3.10/site-packages/airflow/example_dags/plugins/workday.py
[2025-03-18T15:15:22.523+0200] {processor.py:914} INFO - Processing file /home/munyah/.local/lib/python3.10/site-packages/airflow/example_dags/plugins/workday.py for tasks to queue
[2025-03-18T15:15:22.525+0200] {logging_mixin.py:190} INFO - [2025-03-18T15:15:22.525+0200] {dagbag.py:588} INFO - Filling up the DagBag from /home/munyah/.local/lib/python3.10/site-packages/airflow/example_dags/plugins/workday.py
[2025-03-18T15:15:22.528+0200] {processor.py:927} WARNING - No viable dags retrieved from /home/munyah/.local/lib/python3.10/site-packages/airflow/example_dags/plugins/workday.py
[2025-03-18T15:15:22.540+0200] {processor.py:208} INFO - Processing /home/munyah/.local/lib/python3.10/site-packages/airflow/example_dags/plugins/workday.py took 0.025 seconds
[2025-03-18T15:16:22.009+0200] {processor.py:186} INFO - Started process (PID=49823) to work on /home/munyah/.local/lib/python3.10/site-packages/airflow/example_dags/plugins/workday.py
[2025-03-18T15:16:22.010+0200] {processor.py:914} INFO - Processing file /home/munyah/.local/lib/python3.10/site-packages/airflow/example_dags/plugins/workday.py for tasks to queue
[2025-03-18T15:16:22.013+0200] {logging_mixin.py:190} INFO - [2025-03-18T15:16:22.012+0200] {dagbag.py:588} INFO - Filling up the DagBag from /home/munyah/.local/lib/python3.10/site-packages/airflow/example_dags/plugins/workday.py
[2025-03-18T15:16:22.016+0200] {processor.py:927} WARNING - No viable dags retrieved from /home/munyah/.local/lib/python3.10/site-packages/airflow/example_dags/plugins/workday.py
[2025-03-18T15:16:22.028+0200] {processor.py:208} INFO - Processing /home/munyah/.local/lib/python3.10/site-packages/airflow/example_dags/plugins/workday.py took 0.027 seconds
[2025-03-18T15:17:18.030+0200] {processor.py:186} INFO - Started process (PID=49992) to work on /home/munyah/.local/lib/python3.10/site-packages/airflow/example_dags/plugins/workday.py
[2025-03-18T15:17:18.031+0200] {processor.py:914} INFO - Processing file /home/munyah/.local/lib/python3.10/site-packages/airflow/example_dags/plugins/workday.py for tasks to queue
[2025-03-18T15:17:18.034+0200] {logging_mixin.py:190} INFO - [2025-03-18T15:17:18.033+0200] {dagbag.py:588} INFO - Filling up the DagBag from /home/munyah/.local/lib/python3.10/site-packages/airflow/example_dags/plugins/workday.py
[2025-03-18T15:17:18.037+0200] {processor.py:927} WARNING - No viable dags retrieved from /home/munyah/.local/lib/python3.10/site-packages/airflow/example_dags/plugins/workday.py
[2025-03-18T15:17:18.049+0200] {processor.py:208} INFO - Processing /home/munyah/.local/lib/python3.10/site-packages/airflow/example_dags/plugins/workday.py took 0.028 seconds
[2025-03-18T15:18:14.454+0200] {processor.py:186} INFO - Started process (PID=50122) to work on /home/munyah/.local/lib/python3.10/site-packages/airflow/example_dags/plugins/workday.py
[2025-03-18T15:18:14.455+0200] {processor.py:914} INFO - Processing file /home/munyah/.local/lib/python3.10/site-packages/airflow/example_dags/plugins/workday.py for tasks to queue
[2025-03-18T15:18:14.458+0200] {logging_mixin.py:190} INFO - [2025-03-18T15:18:14.457+0200] {dagbag.py:588} INFO - Filling up the DagBag from /home/munyah/.local/lib/python3.10/site-packages/airflow/example_dags/plugins/workday.py
[2025-03-18T15:18:14.460+0200] {processor.py:927} WARNING - No viable dags retrieved from /home/munyah/.local/lib/python3.10/site-packages/airflow/example_dags/plugins/workday.py
[2025-03-18T15:18:14.472+0200] {processor.py:208} INFO - Processing /home/munyah/.local/lib/python3.10/site-packages/airflow/example_dags/plugins/workday.py took 0.026 seconds
[2025-03-18T15:19:11.004+0200] {processor.py:186} INFO - Started process (PID=50303) to work on /home/munyah/.local/lib/python3.10/site-packages/airflow/example_dags/plugins/workday.py
[2025-03-18T15:19:11.006+0200] {processor.py:914} INFO - Processing file /home/munyah/.local/lib/python3.10/site-packages/airflow/example_dags/plugins/workday.py for tasks to queue
[2025-03-18T15:19:11.009+0200] {logging_mixin.py:190} INFO - [2025-03-18T15:19:11.008+0200] {dagbag.py:588} INFO - Filling up the DagBag from /home/munyah/.local/lib/python3.10/site-packages/airflow/example_dags/plugins/workday.py
[2025-03-18T15:19:11.014+0200] {processor.py:927} WARNING - No viable dags retrieved from /home/munyah/.local/lib/python3.10/site-packages/airflow/example_dags/plugins/workday.py
[2025-03-18T15:19:11.030+0200] {processor.py:208} INFO - Processing /home/munyah/.local/lib/python3.10/site-packages/airflow/example_dags/plugins/workday.py took 0.037 seconds
[2025-03-18T15:20:09.218+0200] {processor.py:186} INFO - Started process (PID=50455) to work on /home/munyah/.local/lib/python3.10/site-packages/airflow/example_dags/plugins/workday.py
[2025-03-18T15:20:09.220+0200] {processor.py:914} INFO - Processing file /home/munyah/.local/lib/python3.10/site-packages/airflow/example_dags/plugins/workday.py for tasks to queue
[2025-03-18T15:20:09.222+0200] {logging_mixin.py:190} INFO - [2025-03-18T15:20:09.222+0200] {dagbag.py:588} INFO - Filling up the DagBag from /home/munyah/.local/lib/python3.10/site-packages/airflow/example_dags/plugins/workday.py
[2025-03-18T15:20:09.225+0200] {processor.py:927} WARNING - No viable dags retrieved from /home/munyah/.local/lib/python3.10/site-packages/airflow/example_dags/plugins/workday.py
[2025-03-18T15:20:09.237+0200] {processor.py:208} INFO - Processing /home/munyah/.local/lib/python3.10/site-packages/airflow/example_dags/plugins/workday.py took 0.027 seconds
[2025-03-18T15:21:09.508+0200] {processor.py:186} INFO - Started process (PID=50610) to work on /home/munyah/.local/lib/python3.10/site-packages/airflow/example_dags/plugins/workday.py
[2025-03-18T15:21:09.509+0200] {processor.py:914} INFO - Processing file /home/munyah/.local/lib/python3.10/site-packages/airflow/example_dags/plugins/workday.py for tasks to queue
[2025-03-18T15:21:09.512+0200] {logging_mixin.py:190} INFO - [2025-03-18T15:21:09.511+0200] {dagbag.py:588} INFO - Filling up the DagBag from /home/munyah/.local/lib/python3.10/site-packages/airflow/example_dags/plugins/workday.py
[2025-03-18T15:21:09.515+0200] {processor.py:927} WARNING - No viable dags retrieved from /home/munyah/.local/lib/python3.10/site-packages/airflow/example_dags/plugins/workday.py
[2025-03-18T15:21:09.528+0200] {processor.py:208} INFO - Processing /home/munyah/.local/lib/python3.10/site-packages/airflow/example_dags/plugins/workday.py took 0.029 seconds
[2025-03-18T15:22:07.318+0200] {processor.py:186} INFO - Started process (PID=50755) to work on /home/munyah/.local/lib/python3.10/site-packages/airflow/example_dags/plugins/workday.py
[2025-03-18T15:22:07.320+0200] {processor.py:914} INFO - Processing file /home/munyah/.local/lib/python3.10/site-packages/airflow/example_dags/plugins/workday.py for tasks to queue
[2025-03-18T15:22:07.323+0200] {logging_mixin.py:190} INFO - [2025-03-18T15:22:07.322+0200] {dagbag.py:588} INFO - Filling up the DagBag from /home/munyah/.local/lib/python3.10/site-packages/airflow/example_dags/plugins/workday.py
[2025-03-18T15:22:07.327+0200] {processor.py:927} WARNING - No viable dags retrieved from /home/munyah/.local/lib/python3.10/site-packages/airflow/example_dags/plugins/workday.py
[2025-03-18T15:22:07.340+0200] {processor.py:208} INFO - Processing /home/munyah/.local/lib/python3.10/site-packages/airflow/example_dags/plugins/workday.py took 0.029 seconds
[2025-03-18T15:23:06.361+0200] {processor.py:186} INFO - Started process (PID=50899) to work on /home/munyah/.local/lib/python3.10/site-packages/airflow/example_dags/plugins/workday.py
[2025-03-18T15:23:06.362+0200] {processor.py:914} INFO - Processing file /home/munyah/.local/lib/python3.10/site-packages/airflow/example_dags/plugins/workday.py for tasks to queue
[2025-03-18T15:23:06.364+0200] {logging_mixin.py:190} INFO - [2025-03-18T15:23:06.364+0200] {dagbag.py:588} INFO - Filling up the DagBag from /home/munyah/.local/lib/python3.10/site-packages/airflow/example_dags/plugins/workday.py
[2025-03-18T15:23:06.367+0200] {processor.py:927} WARNING - No viable dags retrieved from /home/munyah/.local/lib/python3.10/site-packages/airflow/example_dags/plugins/workday.py
[2025-03-18T15:23:06.378+0200] {processor.py:208} INFO - Processing /home/munyah/.local/lib/python3.10/site-packages/airflow/example_dags/plugins/workday.py took 0.027 seconds
[2025-03-18T15:24:06.485+0200] {processor.py:186} INFO - Started process (PID=51047) to work on /home/munyah/.local/lib/python3.10/site-packages/airflow/example_dags/plugins/workday.py
[2025-03-18T15:24:06.486+0200] {processor.py:914} INFO - Processing file /home/munyah/.local/lib/python3.10/site-packages/airflow/example_dags/plugins/workday.py for tasks to queue
[2025-03-18T15:24:06.489+0200] {logging_mixin.py:190} INFO - [2025-03-18T15:24:06.488+0200] {dagbag.py:588} INFO - Filling up the DagBag from /home/munyah/.local/lib/python3.10/site-packages/airflow/example_dags/plugins/workday.py
[2025-03-18T15:24:06.492+0200] {processor.py:927} WARNING - No viable dags retrieved from /home/munyah/.local/lib/python3.10/site-packages/airflow/example_dags/plugins/workday.py
[2025-03-18T15:24:06.503+0200] {processor.py:208} INFO - Processing /home/munyah/.local/lib/python3.10/site-packages/airflow/example_dags/plugins/workday.py took 0.025 seconds
[2025-03-18T15:25:03.460+0200] {processor.py:186} INFO - Started process (PID=51188) to work on /home/munyah/.local/lib/python3.10/site-packages/airflow/example_dags/plugins/workday.py
[2025-03-18T15:25:03.461+0200] {processor.py:914} INFO - Processing file /home/munyah/.local/lib/python3.10/site-packages/airflow/example_dags/plugins/workday.py for tasks to queue
[2025-03-18T15:25:03.463+0200] {logging_mixin.py:190} INFO - [2025-03-18T15:25:03.463+0200] {dagbag.py:588} INFO - Filling up the DagBag from /home/munyah/.local/lib/python3.10/site-packages/airflow/example_dags/plugins/workday.py
[2025-03-18T15:25:03.466+0200] {processor.py:927} WARNING - No viable dags retrieved from /home/munyah/.local/lib/python3.10/site-packages/airflow/example_dags/plugins/workday.py
[2025-03-18T15:25:03.477+0200] {processor.py:208} INFO - Processing /home/munyah/.local/lib/python3.10/site-packages/airflow/example_dags/plugins/workday.py took 0.024 seconds
[2025-03-18T21:03:36.686+0200] {processor.py:186} INFO - Started process (PID=51483) to work on /home/munyah/.local/lib/python3.10/site-packages/airflow/example_dags/plugins/workday.py
[2025-03-18T21:03:36.688+0200] {processor.py:914} INFO - Processing file /home/munyah/.local/lib/python3.10/site-packages/airflow/example_dags/plugins/workday.py for tasks to queue
[2025-03-18T21:03:36.690+0200] {logging_mixin.py:190} INFO - [2025-03-18T21:03:36.690+0200] {dagbag.py:588} INFO - Filling up the DagBag from /home/munyah/.local/lib/python3.10/site-packages/airflow/example_dags/plugins/workday.py
[2025-03-18T21:03:36.693+0200] {processor.py:927} WARNING - No viable dags retrieved from /home/munyah/.local/lib/python3.10/site-packages/airflow/example_dags/plugins/workday.py
[2025-03-18T21:03:36.705+0200] {processor.py:208} INFO - Processing /home/munyah/.local/lib/python3.10/site-packages/airflow/example_dags/plugins/workday.py took 0.026 seconds
[2025-03-18T21:04:21.259+0200] {processor.py:186} INFO - Started process (PID=51661) to work on /home/munyah/.local/lib/python3.10/site-packages/airflow/example_dags/plugins/workday.py
[2025-03-18T21:04:21.260+0200] {processor.py:914} INFO - Processing file /home/munyah/.local/lib/python3.10/site-packages/airflow/example_dags/plugins/workday.py for tasks to queue
[2025-03-18T21:04:21.263+0200] {logging_mixin.py:190} INFO - [2025-03-18T21:04:21.262+0200] {dagbag.py:588} INFO - Filling up the DagBag from /home/munyah/.local/lib/python3.10/site-packages/airflow/example_dags/plugins/workday.py
[2025-03-18T21:04:21.265+0200] {processor.py:927} WARNING - No viable dags retrieved from /home/munyah/.local/lib/python3.10/site-packages/airflow/example_dags/plugins/workday.py
[2025-03-18T21:04:21.276+0200] {processor.py:208} INFO - Processing /home/munyah/.local/lib/python3.10/site-packages/airflow/example_dags/plugins/workday.py took 0.024 seconds
[2025-03-18T21:05:19.728+0200] {processor.py:186} INFO - Started process (PID=51858) to work on /home/munyah/.local/lib/python3.10/site-packages/airflow/example_dags/plugins/workday.py
[2025-03-18T21:05:19.729+0200] {processor.py:914} INFO - Processing file /home/munyah/.local/lib/python3.10/site-packages/airflow/example_dags/plugins/workday.py for tasks to queue
[2025-03-18T21:05:19.731+0200] {logging_mixin.py:190} INFO - [2025-03-18T21:05:19.731+0200] {dagbag.py:588} INFO - Filling up the DagBag from /home/munyah/.local/lib/python3.10/site-packages/airflow/example_dags/plugins/workday.py
[2025-03-18T21:05:19.734+0200] {processor.py:927} WARNING - No viable dags retrieved from /home/munyah/.local/lib/python3.10/site-packages/airflow/example_dags/plugins/workday.py
[2025-03-18T21:05:19.745+0200] {processor.py:208} INFO - Processing /home/munyah/.local/lib/python3.10/site-packages/airflow/example_dags/plugins/workday.py took 0.024 seconds
[2025-03-18T21:06:14.487+0200] {processor.py:186} INFO - Started process (PID=52030) to work on /home/munyah/.local/lib/python3.10/site-packages/airflow/example_dags/plugins/workday.py
[2025-03-18T21:06:14.488+0200] {processor.py:914} INFO - Processing file /home/munyah/.local/lib/python3.10/site-packages/airflow/example_dags/plugins/workday.py for tasks to queue
[2025-03-18T21:06:14.490+0200] {logging_mixin.py:190} INFO - [2025-03-18T21:06:14.490+0200] {dagbag.py:588} INFO - Filling up the DagBag from /home/munyah/.local/lib/python3.10/site-packages/airflow/example_dags/plugins/workday.py
[2025-03-18T21:06:14.493+0200] {processor.py:927} WARNING - No viable dags retrieved from /home/munyah/.local/lib/python3.10/site-packages/airflow/example_dags/plugins/workday.py
[2025-03-18T21:06:14.504+0200] {processor.py:208} INFO - Processing /home/munyah/.local/lib/python3.10/site-packages/airflow/example_dags/plugins/workday.py took 0.024 seconds
[2025-03-18T21:07:10.331+0200] {processor.py:186} INFO - Started process (PID=52221) to work on /home/munyah/.local/lib/python3.10/site-packages/airflow/example_dags/plugins/workday.py
[2025-03-18T21:07:10.333+0200] {processor.py:914} INFO - Processing file /home/munyah/.local/lib/python3.10/site-packages/airflow/example_dags/plugins/workday.py for tasks to queue
[2025-03-18T21:07:10.338+0200] {logging_mixin.py:190} INFO - [2025-03-18T21:07:10.337+0200] {dagbag.py:588} INFO - Filling up the DagBag from /home/munyah/.local/lib/python3.10/site-packages/airflow/example_dags/plugins/workday.py
[2025-03-18T21:07:10.343+0200] {processor.py:927} WARNING - No viable dags retrieved from /home/munyah/.local/lib/python3.10/site-packages/airflow/example_dags/plugins/workday.py
[2025-03-18T21:07:10.358+0200] {processor.py:208} INFO - Processing /home/munyah/.local/lib/python3.10/site-packages/airflow/example_dags/plugins/workday.py took 0.041 seconds
[2025-03-18T21:08:09.457+0200] {processor.py:186} INFO - Started process (PID=52439) to work on /home/munyah/.local/lib/python3.10/site-packages/airflow/example_dags/plugins/workday.py
[2025-03-18T21:08:09.458+0200] {processor.py:914} INFO - Processing file /home/munyah/.local/lib/python3.10/site-packages/airflow/example_dags/plugins/workday.py for tasks to queue
[2025-03-18T21:08:09.462+0200] {logging_mixin.py:190} INFO - [2025-03-18T21:08:09.461+0200] {dagbag.py:588} INFO - Filling up the DagBag from /home/munyah/.local/lib/python3.10/site-packages/airflow/example_dags/plugins/workday.py
[2025-03-18T21:08:09.466+0200] {processor.py:927} WARNING - No viable dags retrieved from /home/munyah/.local/lib/python3.10/site-packages/airflow/example_dags/plugins/workday.py
[2025-03-18T21:08:09.478+0200] {processor.py:208} INFO - Processing /home/munyah/.local/lib/python3.10/site-packages/airflow/example_dags/plugins/workday.py took 0.028 seconds
[2025-03-18T21:09:08.842+0200] {processor.py:186} INFO - Started process (PID=52647) to work on /home/munyah/.local/lib/python3.10/site-packages/airflow/example_dags/plugins/workday.py
[2025-03-18T21:09:08.844+0200] {processor.py:914} INFO - Processing file /home/munyah/.local/lib/python3.10/site-packages/airflow/example_dags/plugins/workday.py for tasks to queue
[2025-03-18T21:09:08.846+0200] {logging_mixin.py:190} INFO - [2025-03-18T21:09:08.845+0200] {dagbag.py:588} INFO - Filling up the DagBag from /home/munyah/.local/lib/python3.10/site-packages/airflow/example_dags/plugins/workday.py
[2025-03-18T21:09:08.849+0200] {processor.py:927} WARNING - No viable dags retrieved from /home/munyah/.local/lib/python3.10/site-packages/airflow/example_dags/plugins/workday.py
[2025-03-18T21:09:08.859+0200] {processor.py:208} INFO - Processing /home/munyah/.local/lib/python3.10/site-packages/airflow/example_dags/plugins/workday.py took 0.024 seconds
[2025-03-18T21:10:07.574+0200] {processor.py:186} INFO - Started process (PID=52863) to work on /home/munyah/.local/lib/python3.10/site-packages/airflow/example_dags/plugins/workday.py
[2025-03-18T21:10:07.575+0200] {processor.py:914} INFO - Processing file /home/munyah/.local/lib/python3.10/site-packages/airflow/example_dags/plugins/workday.py for tasks to queue
[2025-03-18T21:10:07.577+0200] {logging_mixin.py:190} INFO - [2025-03-18T21:10:07.577+0200] {dagbag.py:588} INFO - Filling up the DagBag from /home/munyah/.local/lib/python3.10/site-packages/airflow/example_dags/plugins/workday.py
[2025-03-18T21:10:07.580+0200] {processor.py:927} WARNING - No viable dags retrieved from /home/munyah/.local/lib/python3.10/site-packages/airflow/example_dags/plugins/workday.py
[2025-03-18T21:10:07.591+0200] {processor.py:208} INFO - Processing /home/munyah/.local/lib/python3.10/site-packages/airflow/example_dags/plugins/workday.py took 0.025 seconds
[2025-03-18T21:11:06.105+0200] {processor.py:186} INFO - Started process (PID=53078) to work on /home/munyah/.local/lib/python3.10/site-packages/airflow/example_dags/plugins/workday.py
[2025-03-18T21:11:06.106+0200] {processor.py:914} INFO - Processing file /home/munyah/.local/lib/python3.10/site-packages/airflow/example_dags/plugins/workday.py for tasks to queue
[2025-03-18T21:11:06.108+0200] {logging_mixin.py:190} INFO - [2025-03-18T21:11:06.108+0200] {dagbag.py:588} INFO - Filling up the DagBag from /home/munyah/.local/lib/python3.10/site-packages/airflow/example_dags/plugins/workday.py
[2025-03-18T21:11:06.111+0200] {processor.py:927} WARNING - No viable dags retrieved from /home/munyah/.local/lib/python3.10/site-packages/airflow/example_dags/plugins/workday.py
[2025-03-18T21:11:06.122+0200] {processor.py:208} INFO - Processing /home/munyah/.local/lib/python3.10/site-packages/airflow/example_dags/plugins/workday.py took 0.024 seconds
[2025-03-18T21:12:07.104+0200] {processor.py:186} INFO - Started process (PID=53294) to work on /home/munyah/.local/lib/python3.10/site-packages/airflow/example_dags/plugins/workday.py
[2025-03-18T21:12:07.105+0200] {processor.py:914} INFO - Processing file /home/munyah/.local/lib/python3.10/site-packages/airflow/example_dags/plugins/workday.py for tasks to queue
[2025-03-18T21:12:07.107+0200] {logging_mixin.py:190} INFO - [2025-03-18T21:12:07.107+0200] {dagbag.py:588} INFO - Filling up the DagBag from /home/munyah/.local/lib/python3.10/site-packages/airflow/example_dags/plugins/workday.py
[2025-03-18T21:12:07.110+0200] {processor.py:927} WARNING - No viable dags retrieved from /home/munyah/.local/lib/python3.10/site-packages/airflow/example_dags/plugins/workday.py
[2025-03-18T21:12:07.121+0200] {processor.py:208} INFO - Processing /home/munyah/.local/lib/python3.10/site-packages/airflow/example_dags/plugins/workday.py took 0.024 seconds
[2025-03-18T21:13:04.040+0200] {processor.py:186} INFO - Started process (PID=53529) to work on /home/munyah/.local/lib/python3.10/site-packages/airflow/example_dags/plugins/workday.py
[2025-03-18T21:13:04.041+0200] {processor.py:914} INFO - Processing file /home/munyah/.local/lib/python3.10/site-packages/airflow/example_dags/plugins/workday.py for tasks to queue
[2025-03-18T21:13:04.043+0200] {logging_mixin.py:190} INFO - [2025-03-18T21:13:04.043+0200] {dagbag.py:588} INFO - Filling up the DagBag from /home/munyah/.local/lib/python3.10/site-packages/airflow/example_dags/plugins/workday.py
[2025-03-18T21:13:04.046+0200] {processor.py:927} WARNING - No viable dags retrieved from /home/munyah/.local/lib/python3.10/site-packages/airflow/example_dags/plugins/workday.py
[2025-03-18T21:13:04.057+0200] {processor.py:208} INFO - Processing /home/munyah/.local/lib/python3.10/site-packages/airflow/example_dags/plugins/workday.py took 0.024 seconds
[2025-03-18T21:14:00.053+0200] {processor.py:186} INFO - Started process (PID=53705) to work on /home/munyah/.local/lib/python3.10/site-packages/airflow/example_dags/plugins/workday.py
[2025-03-18T21:14:00.054+0200] {processor.py:914} INFO - Processing file /home/munyah/.local/lib/python3.10/site-packages/airflow/example_dags/plugins/workday.py for tasks to queue
[2025-03-18T21:14:00.057+0200] {logging_mixin.py:190} INFO - [2025-03-18T21:14:00.056+0200] {dagbag.py:588} INFO - Filling up the DagBag from /home/munyah/.local/lib/python3.10/site-packages/airflow/example_dags/plugins/workday.py
[2025-03-18T21:14:00.060+0200] {processor.py:927} WARNING - No viable dags retrieved from /home/munyah/.local/lib/python3.10/site-packages/airflow/example_dags/plugins/workday.py
[2025-03-18T21:14:00.071+0200] {processor.py:208} INFO - Processing /home/munyah/.local/lib/python3.10/site-packages/airflow/example_dags/plugins/workday.py took 0.025 seconds
[2025-03-18T21:15:00.900+0200] {processor.py:186} INFO - Started process (PID=54028) to work on /home/munyah/.local/lib/python3.10/site-packages/airflow/example_dags/plugins/workday.py
[2025-03-18T21:15:00.902+0200] {processor.py:914} INFO - Processing file /home/munyah/.local/lib/python3.10/site-packages/airflow/example_dags/plugins/workday.py for tasks to queue
[2025-03-18T21:15:00.905+0200] {logging_mixin.py:190} INFO - [2025-03-18T21:15:00.905+0200] {dagbag.py:588} INFO - Filling up the DagBag from /home/munyah/.local/lib/python3.10/site-packages/airflow/example_dags/plugins/workday.py
[2025-03-18T21:15:00.909+0200] {processor.py:927} WARNING - No viable dags retrieved from /home/munyah/.local/lib/python3.10/site-packages/airflow/example_dags/plugins/workday.py
[2025-03-18T21:15:00.923+0200] {processor.py:208} INFO - Processing /home/munyah/.local/lib/python3.10/site-packages/airflow/example_dags/plugins/workday.py took 0.033 seconds
[2025-03-18T21:16:03.252+0200] {processor.py:186} INFO - Started process (PID=54232) to work on /home/munyah/.local/lib/python3.10/site-packages/airflow/example_dags/plugins/workday.py
[2025-03-18T21:16:03.254+0200] {processor.py:914} INFO - Processing file /home/munyah/.local/lib/python3.10/site-packages/airflow/example_dags/plugins/workday.py for tasks to queue
[2025-03-18T21:16:03.257+0200] {logging_mixin.py:190} INFO - [2025-03-18T21:16:03.257+0200] {dagbag.py:588} INFO - Filling up the DagBag from /home/munyah/.local/lib/python3.10/site-packages/airflow/example_dags/plugins/workday.py
[2025-03-18T21:16:03.262+0200] {processor.py:927} WARNING - No viable dags retrieved from /home/munyah/.local/lib/python3.10/site-packages/airflow/example_dags/plugins/workday.py
[2025-03-18T21:16:03.280+0200] {processor.py:208} INFO - Processing /home/munyah/.local/lib/python3.10/site-packages/airflow/example_dags/plugins/workday.py took 0.039 seconds
[2025-03-18T21:17:09.782+0200] {processor.py:186} INFO - Started process (PID=54461) to work on /home/munyah/.local/lib/python3.10/site-packages/airflow/example_dags/plugins/workday.py
[2025-03-18T21:17:09.784+0200] {processor.py:914} INFO - Processing file /home/munyah/.local/lib/python3.10/site-packages/airflow/example_dags/plugins/workday.py for tasks to queue
[2025-03-18T21:17:09.786+0200] {logging_mixin.py:190} INFO - [2025-03-18T21:17:09.786+0200] {dagbag.py:588} INFO - Filling up the DagBag from /home/munyah/.local/lib/python3.10/site-packages/airflow/example_dags/plugins/workday.py
[2025-03-18T21:17:09.790+0200] {processor.py:927} WARNING - No viable dags retrieved from /home/munyah/.local/lib/python3.10/site-packages/airflow/example_dags/plugins/workday.py
[2025-03-18T21:17:09.803+0200] {processor.py:208} INFO - Processing /home/munyah/.local/lib/python3.10/site-packages/airflow/example_dags/plugins/workday.py took 0.030 seconds
[2025-03-18T21:18:12.878+0200] {processor.py:186} INFO - Started process (PID=54680) to work on /home/munyah/.local/lib/python3.10/site-packages/airflow/example_dags/plugins/workday.py
[2025-03-18T21:18:12.879+0200] {processor.py:914} INFO - Processing file /home/munyah/.local/lib/python3.10/site-packages/airflow/example_dags/plugins/workday.py for tasks to queue
[2025-03-18T21:18:12.883+0200] {logging_mixin.py:190} INFO - [2025-03-18T21:18:12.882+0200] {dagbag.py:588} INFO - Filling up the DagBag from /home/munyah/.local/lib/python3.10/site-packages/airflow/example_dags/plugins/workday.py
[2025-03-18T21:18:12.886+0200] {processor.py:927} WARNING - No viable dags retrieved from /home/munyah/.local/lib/python3.10/site-packages/airflow/example_dags/plugins/workday.py
[2025-03-18T21:18:12.898+0200] {processor.py:208} INFO - Processing /home/munyah/.local/lib/python3.10/site-packages/airflow/example_dags/plugins/workday.py took 0.030 seconds
