[2025-03-10T21:18:08.711+0200] {local_task_job_runner.py:123} INFO - ::group::Pre task execution logs
[2025-03-10T21:18:08.722+0200] {taskinstance.py:2613} INFO - Dependencies all met for dep_context=non-requeueable deps ti=<TaskInstance: patient-monitoring.add_new_patient scheduled__2025-03-10T19:17:00+00:00 [queued]>
[2025-03-10T21:18:08.728+0200] {taskinstance.py:2613} INFO - Dependencies all met for dep_context=requeueable deps ti=<TaskInstance: patient-monitoring.add_new_patient scheduled__2025-03-10T19:17:00+00:00 [queued]>
[2025-03-10T21:18:08.729+0200] {taskinstance.py:2866} INFO - Starting attempt 1 of 2
[2025-03-10T21:18:08.743+0200] {taskinstance.py:2889} INFO - Executing <Task(PythonOperator): add_new_patient> on 2025-03-10 19:17:00+00:00
[2025-03-10T21:18:08.748+0200] {standard_task_runner.py:72} INFO - Started process 29801 to run task
[2025-03-10T21:18:08.752+0200] {standard_task_runner.py:104} INFO - Running: ['airflow', 'tasks', 'run', 'patient-monitoring', 'add_new_patient', 'scheduled__2025-03-10T19:17:00+00:00', '--job-id', '106', '--raw', '--subdir', 'DAGS_FOLDER/real_time_patient_data_update.py', '--cfg-path', '/tmp/tmpeln23tf7']
[2025-03-10T21:18:08.754+0200] {standard_task_runner.py:105} INFO - Job 106: Subtask add_new_patient
[2025-03-10T21:18:08.795+0200] {task_command.py:467} INFO - Running <TaskInstance: patient-monitoring.add_new_patient scheduled__2025-03-10T19:17:00+00:00 [running]> on host munyah-ThinkPad-X1-Yoga-1st
[2025-03-10T21:18:08.861+0200] {taskinstance.py:3132} INFO - Exporting env vars: AIRFLOW_CTX_DAG_OWNER='munyah' AIRFLOW_CTX_DAG_ID='patient-monitoring' AIRFLOW_CTX_TASK_ID='add_new_patient' AIRFLOW_CTX_EXECUTION_DATE='2025-03-10T19:17:00+00:00' AIRFLOW_CTX_TRY_NUMBER='1' AIRFLOW_CTX_DAG_RUN_ID='scheduled__2025-03-10T19:17:00+00:00'
[2025-03-10T21:18:08.862+0200] {logging_mixin.py:190} INFO - Task instance is in running state
[2025-03-10T21:18:08.863+0200] {logging_mixin.py:190} INFO -  Previous state of the Task instance: queued
[2025-03-10T21:18:08.863+0200] {logging_mixin.py:190} INFO - Current task name:add_new_patient state:running start_date:2025-03-10 19:18:08.723154+00:00
[2025-03-10T21:18:08.863+0200] {logging_mixin.py:190} INFO - Dag name:patient-monitoring and current dag run status:running
[2025-03-10T21:18:08.863+0200] {taskinstance.py:731} INFO - ::endgroup::
[2025-03-10T21:18:08.885+0200] {real_time_patient_data_update.py:80} INFO - New Patient Added: {
  "Patient_ID": "PAT-00069",
  "Age": 8,
  "Gender": "Male",
  "Height": 118.79,
  "Weight": 166.06,
  "Temperature": 37.3,
  "Blood_Pressure": "138/69",
  "Cholesterol_Level": "High",
  "Blood_Sugar_Level": 260,
  "Heart_Rate": 121,
  "BMI": 27.2,
  "Previous_Medical_History": "No significant history",
  "Comorbidities": "None",
  "Smoking_Status": "Yes",
  "Alcohol_Consumption": "No",
  "Physical_Activity": "Low",
  "Last_Visit_Date": "2024-03-21",
  "Genomic_Info": "Mutated",
  "Diagnosis": "No specific diagnosis",
  "Hospitalization": "Yes"
}
[2025-03-10T21:18:08.885+0200] {real_time_patient_data_update.py:81} INFO - Total Patients After Addition: 73
[2025-03-10T21:18:08.891+0200] {base.py:84} INFO - Retrieving connection 'patients_data'
[2025-03-10T21:18:08.901+0200] {real_time_patient_data_update.py:92} INFO - New patient PAT-00069 added to the database successfully.
[2025-03-10T21:18:08.902+0200] {python.py:240} INFO - Done. Returned value was: None
[2025-03-10T21:18:08.908+0200] {taskinstance.py:340} INFO - ::group::Post task execution logs
[2025-03-10T21:18:08.908+0200] {taskinstance.py:352} INFO - Marking task as SUCCESS. dag_id=patient-monitoring, task_id=add_new_patient, run_id=scheduled__2025-03-10T19:17:00+00:00, execution_date=20250310T191700, start_date=20250310T191808, end_date=20250310T191808
[2025-03-10T21:18:08.919+0200] {logging_mixin.py:190} INFO - Task instance in success state
[2025-03-10T21:18:08.919+0200] {logging_mixin.py:190} INFO -  Previous state of the Task instance: running
[2025-03-10T21:18:08.919+0200] {logging_mixin.py:190} INFO - Dag name:patient-monitoring queued_at:2025-03-10 19:18:01.413985+00:00
[2025-03-10T21:18:08.920+0200] {logging_mixin.py:190} INFO - Task hostname:munyah-ThinkPad-X1-Yoga-1st operator:PythonOperator
[2025-03-10T21:18:08.965+0200] {local_task_job_runner.py:266} INFO - Task exited with return code 0
[2025-03-10T21:18:08.979+0200] {taskinstance.py:3895} INFO - 0 downstream tasks scheduled from follow-on schedule check
[2025-03-10T21:18:08.980+0200] {local_task_job_runner.py:245} INFO - ::endgroup::
