[2025-03-10T21:33:38.646+0200] {local_task_job_runner.py:123} INFO - ::group::Pre task execution logs
[2025-03-10T21:33:38.677+0200] {taskinstance.py:2613} INFO - Dependencies all met for dep_context=non-requeueable deps ti=<TaskInstance: patient-monitoring.fetch_existing_patients scheduled__2025-03-10T19:31:00+00:00 [queued]>
[2025-03-10T21:33:38.699+0200] {taskinstance.py:2613} INFO - Dependencies all met for dep_context=requeueable deps ti=<TaskInstance: patient-monitoring.fetch_existing_patients scheduled__2025-03-10T19:31:00+00:00 [queued]>
[2025-03-10T21:33:38.700+0200] {taskinstance.py:2866} INFO - Starting attempt 1 of 2
[2025-03-10T21:33:38.741+0200] {taskinstance.py:2889} INFO - Executing <Task(PythonOperator): fetch_existing_patients> on 2025-03-10 19:31:00+00:00
[2025-03-10T21:33:38.758+0200] {standard_task_runner.py:72} INFO - Started process 33047 to run task
[2025-03-10T21:33:38.785+0200] {standard_task_runner.py:104} INFO - Running: ['airflow', 'tasks', 'run', 'patient-monitoring', 'fetch_existing_patients', 'scheduled__2025-03-10T19:31:00+00:00', '--job-id', '113', '--raw', '--subdir', 'DAGS_FOLDER/real_time_patient_data_update.py', '--cfg-path', '/tmp/tmpr3kpgb8j']
[2025-03-10T21:33:38.791+0200] {standard_task_runner.py:105} INFO - Job 113: Subtask fetch_existing_patients
[2025-03-10T21:33:38.941+0200] {task_command.py:467} INFO - Running <TaskInstance: patient-monitoring.fetch_existing_patients scheduled__2025-03-10T19:31:00+00:00 [running]> on host munyah-ThinkPad-X1-Yoga-1st
[2025-03-10T21:33:39.185+0200] {taskinstance.py:3132} INFO - Exporting env vars: AIRFLOW_CTX_DAG_OWNER='munyah' AIRFLOW_CTX_DAG_ID='patient-monitoring' AIRFLOW_CTX_TASK_ID='fetch_existing_patients' AIRFLOW_CTX_EXECUTION_DATE='2025-03-10T19:31:00+00:00' AIRFLOW_CTX_TRY_NUMBER='1' AIRFLOW_CTX_DAG_RUN_ID='scheduled__2025-03-10T19:31:00+00:00'
[2025-03-10T21:33:39.189+0200] {logging_mixin.py:190} INFO - Task instance is in running state
[2025-03-10T21:33:39.190+0200] {logging_mixin.py:190} INFO -  Previous state of the Task instance: queued
[2025-03-10T21:33:39.191+0200] {logging_mixin.py:190} INFO - Current task name:fetch_existing_patients state:running start_date:2025-03-10 19:33:38.678372+00:00
[2025-03-10T21:33:39.192+0200] {logging_mixin.py:190} INFO - Dag name:patient-monitoring and current dag run status:running
[2025-03-10T21:33:39.193+0200] {taskinstance.py:731} INFO - ::endgroup::
[2025-03-10T21:33:39.218+0200] {base.py:84} INFO - Retrieving connection 'patients_data'
[2025-03-10T21:33:39.262+0200] {real_time_patient_data_update.py:19} INFO - Total existing patients: 76
[2025-03-10T21:33:39.294+0200] {python.py:240} INFO - Done. Returned value was: None
[2025-03-10T21:33:39.325+0200] {taskinstance.py:340} INFO - ::group::Post task execution logs
[2025-03-10T21:33:39.326+0200] {taskinstance.py:352} INFO - Marking task as SUCCESS. dag_id=patient-monitoring, task_id=fetch_existing_patients, run_id=scheduled__2025-03-10T19:31:00+00:00, execution_date=20250310T193100, start_date=20250310T193338, end_date=20250310T193339
[2025-03-10T21:33:39.359+0200] {logging_mixin.py:190} INFO - Task instance in success state
[2025-03-10T21:33:39.360+0200] {logging_mixin.py:190} INFO -  Previous state of the Task instance: running
[2025-03-10T21:33:39.362+0200] {logging_mixin.py:190} INFO - Dag name:patient-monitoring queued_at:2025-03-10 19:33:28.374473+00:00
[2025-03-10T21:33:39.363+0200] {logging_mixin.py:190} INFO - Task hostname:munyah-ThinkPad-X1-Yoga-1st operator:PythonOperator
[2025-03-10T21:33:39.393+0200] {local_task_job_runner.py:266} INFO - Task exited with return code 0
[2025-03-10T21:33:39.491+0200] {taskinstance.py:3895} INFO - 1 downstream tasks scheduled from follow-on schedule check
[2025-03-10T21:33:39.504+0200] {local_task_job_runner.py:245} INFO - ::endgroup::
