[2024-11-23T18:30:03.778+0200] {local_task_job_runner.py:123} INFO - ::group::Pre task execution logs
[2024-11-23T18:30:03.791+0200] {taskinstance.py:2613} INFO - Dependencies all met for dep_context=non-requeueable deps ti=<TaskInstance: real_time_patient_data_update.fetch_all_patient_data scheduled__2024-11-23T16:25:00+00:00 [queued]>
[2024-11-23T18:30:03.799+0200] {taskinstance.py:2613} INFO - Dependencies all met for dep_context=requeueable deps ti=<TaskInstance: real_time_patient_data_update.fetch_all_patient_data scheduled__2024-11-23T16:25:00+00:00 [queued]>
[2024-11-23T18:30:03.799+0200] {taskinstance.py:2866} INFO - Starting attempt 1 of 2
[2024-11-23T18:30:03.811+0200] {taskinstance.py:2889} INFO - Executing <Task(PythonOperator): fetch_all_patient_data> on 2024-11-23 16:25:00+00:00
[2024-11-23T18:30:03.817+0200] {standard_task_runner.py:72} INFO - Started process 395973 to run task
[2024-11-23T18:30:03.821+0200] {standard_task_runner.py:104} INFO - Running: ['airflow', 'tasks', 'run', 'real_time_patient_data_update', 'fetch_all_patient_data', 'scheduled__2024-11-23T16:25:00+00:00', '--job-id', '8', '--raw', '--subdir', 'DAGS_FOLDER/real_time_patient_data_update.py', '--cfg-path', '/tmp/tmpw_oce3al']
[2024-11-23T18:30:03.822+0200] {standard_task_runner.py:105} INFO - Job 8: Subtask fetch_all_patient_data
[2024-11-23T18:30:03.856+0200] {task_command.py:467} INFO - Running <TaskInstance: real_time_patient_data_update.fetch_all_patient_data scheduled__2024-11-23T16:25:00+00:00 [running]> on host munyah-ThinkPad-X1-Yoga-1st
[2024-11-23T18:30:03.915+0200] {taskinstance.py:3132} INFO - Exporting env vars: AIRFLOW_CTX_DAG_OWNER='airflow' AIRFLOW_CTX_DAG_ID='real_time_patient_data_update' AIRFLOW_CTX_TASK_ID='fetch_all_patient_data' AIRFLOW_CTX_EXECUTION_DATE='2024-11-23T16:25:00+00:00' AIRFLOW_CTX_TRY_NUMBER='1' AIRFLOW_CTX_DAG_RUN_ID='scheduled__2024-11-23T16:25:00+00:00'
[2024-11-23T18:30:03.916+0200] {logging_mixin.py:190} INFO - Task instance is in running state
[2024-11-23T18:30:03.916+0200] {logging_mixin.py:190} INFO -  Previous state of the Task instance: queued
[2024-11-23T18:30:03.916+0200] {logging_mixin.py:190} INFO - Current task name:fetch_all_patient_data state:running start_date:2024-11-23 16:30:03.791597+00:00
[2024-11-23T18:30:03.916+0200] {logging_mixin.py:190} INFO - Dag name:real_time_patient_data_update and current dag run status:running
[2024-11-23T18:30:03.917+0200] {taskinstance.py:731} INFO - ::endgroup::
[2024-11-23T18:30:03.922+0200] {base.py:84} INFO - Retrieving connection 'patients_data'
[2024-11-23T18:30:03.941+0200] {python.py:240} INFO - Done. Returned value was: None
[2024-11-23T18:30:03.948+0200] {taskinstance.py:340} INFO - ::group::Post task execution logs
[2024-11-23T18:30:03.949+0200] {taskinstance.py:352} INFO - Marking task as SUCCESS. dag_id=real_time_patient_data_update, task_id=fetch_all_patient_data, run_id=scheduled__2024-11-23T16:25:00+00:00, execution_date=20241123T162500, start_date=20241123T163003, end_date=20241123T163003
[2024-11-23T18:30:03.959+0200] {logging_mixin.py:190} INFO - Task instance in success state
[2024-11-23T18:30:03.959+0200] {logging_mixin.py:190} INFO -  Previous state of the Task instance: running
[2024-11-23T18:30:03.960+0200] {logging_mixin.py:190} INFO - Dag name:real_time_patient_data_update queued_at:2024-11-23 16:30:01.278843+00:00
[2024-11-23T18:30:03.960+0200] {logging_mixin.py:190} INFO - Task hostname:munyah-ThinkPad-X1-Yoga-1st operator:PythonOperator
[2024-11-23T18:30:03.993+0200] {local_task_job_runner.py:266} INFO - Task exited with return code 0
[2024-11-23T18:30:04.011+0200] {taskinstance.py:3895} INFO - 1 downstream tasks scheduled from follow-on schedule check
[2024-11-23T18:30:04.014+0200] {local_task_job_runner.py:245} INFO - ::endgroup::
[2024-11-23T18:33:27.940+0200] {local_task_job_runner.py:123} INFO - ::group::Pre task execution logs
[2024-11-23T18:33:27.957+0200] {taskinstance.py:2613} INFO - Dependencies all met for dep_context=non-requeueable deps ti=<TaskInstance: real_time_patient_data_update.fetch_all_patient_data scheduled__2024-11-23T16:25:00+00:00 [queued]>
[2024-11-23T18:33:27.971+0200] {taskinstance.py:2613} INFO - Dependencies all met for dep_context=requeueable deps ti=<TaskInstance: real_time_patient_data_update.fetch_all_patient_data scheduled__2024-11-23T16:25:00+00:00 [queued]>
[2024-11-23T18:33:27.972+0200] {taskinstance.py:2866} INFO - Starting attempt 1 of 2
[2024-11-23T18:33:27.996+0200] {taskinstance.py:2889} INFO - Executing <Task(PythonOperator): fetch_all_patient_data> on 2024-11-23 16:25:00+00:00
[2024-11-23T18:33:28.003+0200] {standard_task_runner.py:72} INFO - Started process 396751 to run task
[2024-11-23T18:33:28.016+0200] {standard_task_runner.py:104} INFO - Running: ['airflow', 'tasks', 'run', 'real_time_patient_data_update', 'fetch_all_patient_data', 'scheduled__2024-11-23T16:25:00+00:00', '--job-id', '2', '--raw', '--subdir', 'DAGS_FOLDER/real_time_patient_data_update.py', '--cfg-path', '/tmp/tmp_j7o71ar']
[2024-11-23T18:33:28.017+0200] {standard_task_runner.py:105} INFO - Job 2: Subtask fetch_all_patient_data
[2024-11-23T18:33:28.075+0200] {task_command.py:467} INFO - Running <TaskInstance: real_time_patient_data_update.fetch_all_patient_data scheduled__2024-11-23T16:25:00+00:00 [running]> on host munyah-ThinkPad-X1-Yoga-1st
[2024-11-23T18:33:28.192+0200] {taskinstance.py:3132} INFO - Exporting env vars: AIRFLOW_CTX_DAG_OWNER='airflow' AIRFLOW_CTX_DAG_ID='real_time_patient_data_update' AIRFLOW_CTX_TASK_ID='fetch_all_patient_data' AIRFLOW_CTX_EXECUTION_DATE='2024-11-23T16:25:00+00:00' AIRFLOW_CTX_TRY_NUMBER='1' AIRFLOW_CTX_DAG_RUN_ID='scheduled__2024-11-23T16:25:00+00:00'
[2024-11-23T18:33:28.193+0200] {logging_mixin.py:190} INFO - Task instance is in running state
[2024-11-23T18:33:28.194+0200] {logging_mixin.py:190} INFO -  Previous state of the Task instance: queued
[2024-11-23T18:33:28.194+0200] {logging_mixin.py:190} INFO - Current task name:fetch_all_patient_data state:running start_date:2024-11-23 16:33:27.958395+00:00
[2024-11-23T18:33:28.194+0200] {logging_mixin.py:190} INFO - Dag name:real_time_patient_data_update and current dag run status:running
[2024-11-23T18:33:28.194+0200] {taskinstance.py:731} INFO - ::endgroup::
[2024-11-23T18:33:28.202+0200] {base.py:84} INFO - Retrieving connection 'patients_data'
[2024-11-23T18:33:28.234+0200] {python.py:240} INFO - Done. Returned value was: None
[2024-11-23T18:33:28.244+0200] {taskinstance.py:340} INFO - ::group::Post task execution logs
[2024-11-23T18:33:28.244+0200] {taskinstance.py:352} INFO - Marking task as SUCCESS. dag_id=real_time_patient_data_update, task_id=fetch_all_patient_data, run_id=scheduled__2024-11-23T16:25:00+00:00, execution_date=20241123T162500, start_date=20241123T163327, end_date=20241123T163328
[2024-11-23T18:33:28.258+0200] {logging_mixin.py:190} INFO - Task instance in success state
[2024-11-23T18:33:28.259+0200] {logging_mixin.py:190} INFO -  Previous state of the Task instance: running
[2024-11-23T18:33:28.260+0200] {logging_mixin.py:190} INFO - Dag name:real_time_patient_data_update queued_at:2024-11-23 16:33:24.940675+00:00
[2024-11-23T18:33:28.261+0200] {logging_mixin.py:190} INFO - Task hostname:munyah-ThinkPad-X1-Yoga-1st operator:PythonOperator
[2024-11-23T18:33:28.310+0200] {local_task_job_runner.py:266} INFO - Task exited with return code 0
[2024-11-23T18:33:28.351+0200] {taskinstance.py:3895} INFO - 1 downstream tasks scheduled from follow-on schedule check
[2024-11-23T18:33:28.355+0200] {local_task_job_runner.py:245} INFO - ::endgroup::
