[2024-11-23T18:45:05.069+0200] {local_task_job_runner.py:123} INFO - ::group::Pre task execution logs
[2024-11-23T18:45:05.086+0200] {taskinstance.py:2613} INFO - Dependencies all met for dep_context=non-requeueable deps ti=<TaskInstance: real_time_patient_data_update.fetch_all_patient_data scheduled__2024-11-23T16:40:00+00:00 [queued]>
[2024-11-23T18:45:05.093+0200] {taskinstance.py:2613} INFO - Dependencies all met for dep_context=requeueable deps ti=<TaskInstance: real_time_patient_data_update.fetch_all_patient_data scheduled__2024-11-23T16:40:00+00:00 [queued]>
[2024-11-23T18:45:05.094+0200] {taskinstance.py:2866} INFO - Starting attempt 1 of 2
[2024-11-23T18:45:05.111+0200] {taskinstance.py:2889} INFO - Executing <Task(PythonOperator): fetch_all_patient_data> on 2024-11-23 16:40:00+00:00
[2024-11-23T18:45:05.118+0200] {standard_task_runner.py:72} INFO - Started process 399485 to run task
[2024-11-23T18:45:05.123+0200] {standard_task_runner.py:104} INFO - Running: ['airflow', 'tasks', 'run', 'real_time_patient_data_update', 'fetch_all_patient_data', 'scheduled__2024-11-23T16:40:00+00:00', '--job-id', '6', '--raw', '--subdir', 'DAGS_FOLDER/real_time_patient_data_update.py', '--cfg-path', '/tmp/tmpsydpzjrg']
[2024-11-23T18:45:05.124+0200] {standard_task_runner.py:105} INFO - Job 6: Subtask fetch_all_patient_data
[2024-11-23T18:45:05.197+0200] {task_command.py:467} INFO - Running <TaskInstance: real_time_patient_data_update.fetch_all_patient_data scheduled__2024-11-23T16:40:00+00:00 [running]> on host munyah-ThinkPad-X1-Yoga-1st
[2024-11-23T18:45:05.274+0200] {taskinstance.py:3132} INFO - Exporting env vars: AIRFLOW_CTX_DAG_OWNER='airflow' AIRFLOW_CTX_DAG_ID='real_time_patient_data_update' AIRFLOW_CTX_TASK_ID='fetch_all_patient_data' AIRFLOW_CTX_EXECUTION_DATE='2024-11-23T16:40:00+00:00' AIRFLOW_CTX_TRY_NUMBER='1' AIRFLOW_CTX_DAG_RUN_ID='scheduled__2024-11-23T16:40:00+00:00'
[2024-11-23T18:45:05.276+0200] {logging_mixin.py:190} INFO - Task instance is in running state
[2024-11-23T18:45:05.277+0200] {logging_mixin.py:190} INFO -  Previous state of the Task instance: queued
[2024-11-23T18:45:05.277+0200] {logging_mixin.py:190} INFO - Current task name:fetch_all_patient_data state:running start_date:2024-11-23 16:45:05.086638+00:00
[2024-11-23T18:45:05.278+0200] {logging_mixin.py:190} INFO - Dag name:real_time_patient_data_update and current dag run status:running
[2024-11-23T18:45:05.278+0200] {taskinstance.py:731} INFO - ::endgroup::
[2024-11-23T18:45:05.287+0200] {base.py:84} INFO - Retrieving connection 'patients_data'
[2024-11-23T18:45:05.327+0200] {python.py:240} INFO - Done. Returned value was: None
[2024-11-23T18:45:05.339+0200] {taskinstance.py:340} INFO - ::group::Post task execution logs
[2024-11-23T18:45:05.339+0200] {taskinstance.py:352} INFO - Marking task as SUCCESS. dag_id=real_time_patient_data_update, task_id=fetch_all_patient_data, run_id=scheduled__2024-11-23T16:40:00+00:00, execution_date=20241123T164000, start_date=20241123T164505, end_date=20241123T164505
[2024-11-23T18:45:05.352+0200] {logging_mixin.py:190} INFO - Task instance in success state
[2024-11-23T18:45:05.352+0200] {logging_mixin.py:190} INFO -  Previous state of the Task instance: running
[2024-11-23T18:45:05.353+0200] {logging_mixin.py:190} INFO - Dag name:real_time_patient_data_update queued_at:2024-11-23 16:45:02.014351+00:00
[2024-11-23T18:45:05.353+0200] {logging_mixin.py:190} INFO - Task hostname:munyah-ThinkPad-X1-Yoga-1st operator:PythonOperator
[2024-11-23T18:45:05.377+0200] {local_task_job_runner.py:266} INFO - Task exited with return code 0
[2024-11-23T18:45:05.401+0200] {taskinstance.py:3895} INFO - 1 downstream tasks scheduled from follow-on schedule check
[2024-11-23T18:45:05.404+0200] {local_task_job_runner.py:245} INFO - ::endgroup::
[2024-11-23T18:46:38.351+0200] {local_task_job_runner.py:123} INFO - ::group::Pre task execution logs
[2024-11-23T18:46:38.367+0200] {taskinstance.py:2613} INFO - Dependencies all met for dep_context=non-requeueable deps ti=<TaskInstance: real_time_patient_data_update.fetch_all_patient_data scheduled__2024-11-23T16:40:00+00:00 [queued]>
[2024-11-23T18:46:38.378+0200] {taskinstance.py:2613} INFO - Dependencies all met for dep_context=requeueable deps ti=<TaskInstance: real_time_patient_data_update.fetch_all_patient_data scheduled__2024-11-23T16:40:00+00:00 [queued]>
[2024-11-23T18:46:38.379+0200] {taskinstance.py:2866} INFO - Starting attempt 1 of 2
[2024-11-23T18:46:38.393+0200] {taskinstance.py:2889} INFO - Executing <Task(PythonOperator): fetch_all_patient_data> on 2024-11-23 16:40:00+00:00
[2024-11-23T18:46:38.401+0200] {standard_task_runner.py:72} INFO - Started process 399835 to run task
[2024-11-23T18:46:38.407+0200] {standard_task_runner.py:104} INFO - Running: ['airflow', 'tasks', 'run', 'real_time_patient_data_update', 'fetch_all_patient_data', 'scheduled__2024-11-23T16:40:00+00:00', '--job-id', '2', '--raw', '--subdir', 'DAGS_FOLDER/real_time_patient_data_update.py', '--cfg-path', '/tmp/tmp979rr9ul']
[2024-11-23T18:46:38.408+0200] {standard_task_runner.py:105} INFO - Job 2: Subtask fetch_all_patient_data
[2024-11-23T18:46:38.456+0200] {task_command.py:467} INFO - Running <TaskInstance: real_time_patient_data_update.fetch_all_patient_data scheduled__2024-11-23T16:40:00+00:00 [running]> on host munyah-ThinkPad-X1-Yoga-1st
[2024-11-23T18:46:38.533+0200] {taskinstance.py:3132} INFO - Exporting env vars: AIRFLOW_CTX_DAG_OWNER='airflow' AIRFLOW_CTX_DAG_ID='real_time_patient_data_update' AIRFLOW_CTX_TASK_ID='fetch_all_patient_data' AIRFLOW_CTX_EXECUTION_DATE='2024-11-23T16:40:00+00:00' AIRFLOW_CTX_TRY_NUMBER='1' AIRFLOW_CTX_DAG_RUN_ID='scheduled__2024-11-23T16:40:00+00:00'
[2024-11-23T18:46:38.535+0200] {logging_mixin.py:190} INFO - Task instance is in running state
[2024-11-23T18:46:38.535+0200] {logging_mixin.py:190} INFO -  Previous state of the Task instance: queued
[2024-11-23T18:46:38.535+0200] {logging_mixin.py:190} INFO - Current task name:fetch_all_patient_data state:running start_date:2024-11-23 16:46:38.367444+00:00
[2024-11-23T18:46:38.536+0200] {logging_mixin.py:190} INFO - Dag name:real_time_patient_data_update and current dag run status:running
[2024-11-23T18:46:38.536+0200] {taskinstance.py:731} INFO - ::endgroup::
[2024-11-23T18:46:38.543+0200] {base.py:84} INFO - Retrieving connection 'patients_data'
[2024-11-23T18:46:38.579+0200] {python.py:240} INFO - Done. Returned value was: None
[2024-11-23T18:46:38.588+0200] {taskinstance.py:340} INFO - ::group::Post task execution logs
[2024-11-23T18:46:38.589+0200] {taskinstance.py:352} INFO - Marking task as SUCCESS. dag_id=real_time_patient_data_update, task_id=fetch_all_patient_data, run_id=scheduled__2024-11-23T16:40:00+00:00, execution_date=20241123T164000, start_date=20241123T164638, end_date=20241123T164638
[2024-11-23T18:46:38.602+0200] {logging_mixin.py:190} INFO - Task instance in success state
[2024-11-23T18:46:38.602+0200] {logging_mixin.py:190} INFO -  Previous state of the Task instance: running
[2024-11-23T18:46:38.602+0200] {logging_mixin.py:190} INFO - Dag name:real_time_patient_data_update queued_at:2024-11-23 16:46:35.437715+00:00
[2024-11-23T18:46:38.603+0200] {logging_mixin.py:190} INFO - Task hostname:munyah-ThinkPad-X1-Yoga-1st operator:PythonOperator
[2024-11-23T18:46:38.620+0200] {local_task_job_runner.py:266} INFO - Task exited with return code 0
[2024-11-23T18:46:38.642+0200] {taskinstance.py:3895} INFO - 1 downstream tasks scheduled from follow-on schedule check
[2024-11-23T18:46:38.646+0200] {local_task_job_runner.py:245} INFO - ::endgroup::
