[2025-03-18T14:13:51.139+0200] {processor.py:186} INFO - Started process (PID=31326) to work on /home/munyah/.local/lib/python3.10/site-packages/airflow/example_dags/example_branch_operator.py
[2025-03-18T14:13:51.140+0200] {processor.py:914} INFO - Processing file /home/munyah/.local/lib/python3.10/site-packages/airflow/example_dags/example_branch_operator.py for tasks to queue
[2025-03-18T14:13:51.142+0200] {logging_mixin.py:190} INFO - [2025-03-18T14:13:51.142+0200] {dagbag.py:588} INFO - Filling up the DagBag from /home/munyah/.local/lib/python3.10/site-packages/airflow/example_dags/example_branch_operator.py
[2025-03-18T14:13:51.145+0200] {processor.py:927} WARNING - No viable dags retrieved from /home/munyah/.local/lib/python3.10/site-packages/airflow/example_dags/example_branch_operator.py
[2025-03-18T14:13:51.157+0200] {processor.py:208} INFO - Processing /home/munyah/.local/lib/python3.10/site-packages/airflow/example_dags/example_branch_operator.py took 0.024 seconds
[2025-03-18T14:14:55.541+0200] {processor.py:186} INFO - Started process (PID=31616) to work on /home/munyah/.local/lib/python3.10/site-packages/airflow/example_dags/example_branch_operator.py
[2025-03-18T14:14:55.542+0200] {processor.py:914} INFO - Processing file /home/munyah/.local/lib/python3.10/site-packages/airflow/example_dags/example_branch_operator.py for tasks to queue
[2025-03-18T14:14:55.544+0200] {logging_mixin.py:190} INFO - [2025-03-18T14:14:55.543+0200] {dagbag.py:588} INFO - Filling up the DagBag from /home/munyah/.local/lib/python3.10/site-packages/airflow/example_dags/example_branch_operator.py
[2025-03-18T14:14:55.547+0200] {processor.py:927} WARNING - No viable dags retrieved from /home/munyah/.local/lib/python3.10/site-packages/airflow/example_dags/example_branch_operator.py
[2025-03-18T14:14:55.558+0200] {processor.py:208} INFO - Processing /home/munyah/.local/lib/python3.10/site-packages/airflow/example_dags/example_branch_operator.py took 0.024 seconds
[2025-03-18T14:16:01.975+0200] {processor.py:186} INFO - Started process (PID=31790) to work on /home/munyah/.local/lib/python3.10/site-packages/airflow/example_dags/example_branch_operator.py
[2025-03-18T14:16:01.976+0200] {processor.py:914} INFO - Processing file /home/munyah/.local/lib/python3.10/site-packages/airflow/example_dags/example_branch_operator.py for tasks to queue
[2025-03-18T14:16:01.979+0200] {logging_mixin.py:190} INFO - [2025-03-18T14:16:01.978+0200] {dagbag.py:588} INFO - Filling up the DagBag from /home/munyah/.local/lib/python3.10/site-packages/airflow/example_dags/example_branch_operator.py
[2025-03-18T14:16:01.983+0200] {processor.py:927} WARNING - No viable dags retrieved from /home/munyah/.local/lib/python3.10/site-packages/airflow/example_dags/example_branch_operator.py
[2025-03-18T14:16:01.997+0200] {processor.py:208} INFO - Processing /home/munyah/.local/lib/python3.10/site-packages/airflow/example_dags/example_branch_operator.py took 0.029 seconds
[2025-03-18T14:17:12.743+0200] {processor.py:186} INFO - Started process (PID=31998) to work on /home/munyah/.local/lib/python3.10/site-packages/airflow/example_dags/example_branch_operator.py
[2025-03-18T14:17:12.744+0200] {processor.py:914} INFO - Processing file /home/munyah/.local/lib/python3.10/site-packages/airflow/example_dags/example_branch_operator.py for tasks to queue
[2025-03-18T14:17:12.747+0200] {logging_mixin.py:190} INFO - [2025-03-18T14:17:12.747+0200] {dagbag.py:588} INFO - Filling up the DagBag from /home/munyah/.local/lib/python3.10/site-packages/airflow/example_dags/example_branch_operator.py
[2025-03-18T14:17:12.751+0200] {processor.py:927} WARNING - No viable dags retrieved from /home/munyah/.local/lib/python3.10/site-packages/airflow/example_dags/example_branch_operator.py
[2025-03-18T14:17:12.763+0200] {processor.py:208} INFO - Processing /home/munyah/.local/lib/python3.10/site-packages/airflow/example_dags/example_branch_operator.py took 0.030 seconds
[2025-03-18T14:18:21.706+0200] {processor.py:186} INFO - Started process (PID=32233) to work on /home/munyah/.local/lib/python3.10/site-packages/airflow/example_dags/example_branch_operator.py
[2025-03-18T14:18:21.707+0200] {processor.py:914} INFO - Processing file /home/munyah/.local/lib/python3.10/site-packages/airflow/example_dags/example_branch_operator.py for tasks to queue
[2025-03-18T14:18:21.710+0200] {logging_mixin.py:190} INFO - [2025-03-18T14:18:21.710+0200] {dagbag.py:588} INFO - Filling up the DagBag from /home/munyah/.local/lib/python3.10/site-packages/airflow/example_dags/example_branch_operator.py
[2025-03-18T14:18:21.714+0200] {processor.py:927} WARNING - No viable dags retrieved from /home/munyah/.local/lib/python3.10/site-packages/airflow/example_dags/example_branch_operator.py
[2025-03-18T14:18:21.727+0200] {processor.py:208} INFO - Processing /home/munyah/.local/lib/python3.10/site-packages/airflow/example_dags/example_branch_operator.py took 0.030 seconds
[2025-03-18T14:19:33.831+0200] {processor.py:186} INFO - Started process (PID=32843) to work on /home/munyah/.local/lib/python3.10/site-packages/airflow/example_dags/example_branch_operator.py
[2025-03-18T14:19:33.832+0200] {processor.py:914} INFO - Processing file /home/munyah/.local/lib/python3.10/site-packages/airflow/example_dags/example_branch_operator.py for tasks to queue
[2025-03-18T14:19:33.835+0200] {logging_mixin.py:190} INFO - [2025-03-18T14:19:33.834+0200] {dagbag.py:588} INFO - Filling up the DagBag from /home/munyah/.local/lib/python3.10/site-packages/airflow/example_dags/example_branch_operator.py
[2025-03-18T14:19:33.838+0200] {processor.py:927} WARNING - No viable dags retrieved from /home/munyah/.local/lib/python3.10/site-packages/airflow/example_dags/example_branch_operator.py
[2025-03-18T14:19:33.851+0200] {processor.py:208} INFO - Processing /home/munyah/.local/lib/python3.10/site-packages/airflow/example_dags/example_branch_operator.py took 0.029 seconds
[2025-03-18T14:20:46.335+0200] {processor.py:186} INFO - Started process (PID=35651) to work on /home/munyah/.local/lib/python3.10/site-packages/airflow/example_dags/example_branch_operator.py
[2025-03-18T14:20:46.339+0200] {processor.py:914} INFO - Processing file /home/munyah/.local/lib/python3.10/site-packages/airflow/example_dags/example_branch_operator.py for tasks to queue
[2025-03-18T14:20:46.343+0200] {logging_mixin.py:190} INFO - [2025-03-18T14:20:46.342+0200] {dagbag.py:588} INFO - Filling up the DagBag from /home/munyah/.local/lib/python3.10/site-packages/airflow/example_dags/example_branch_operator.py
[2025-03-18T14:20:46.349+0200] {processor.py:927} WARNING - No viable dags retrieved from /home/munyah/.local/lib/python3.10/site-packages/airflow/example_dags/example_branch_operator.py
[2025-03-18T14:20:46.379+0200] {processor.py:208} INFO - Processing /home/munyah/.local/lib/python3.10/site-packages/airflow/example_dags/example_branch_operator.py took 0.059 seconds
[2025-03-18T14:21:49.869+0200] {processor.py:186} INFO - Started process (PID=36061) to work on /home/munyah/.local/lib/python3.10/site-packages/airflow/example_dags/example_branch_operator.py
[2025-03-18T14:21:49.870+0200] {processor.py:914} INFO - Processing file /home/munyah/.local/lib/python3.10/site-packages/airflow/example_dags/example_branch_operator.py for tasks to queue
[2025-03-18T14:21:49.873+0200] {logging_mixin.py:190} INFO - [2025-03-18T14:21:49.872+0200] {dagbag.py:588} INFO - Filling up the DagBag from /home/munyah/.local/lib/python3.10/site-packages/airflow/example_dags/example_branch_operator.py
[2025-03-18T14:21:49.877+0200] {processor.py:927} WARNING - No viable dags retrieved from /home/munyah/.local/lib/python3.10/site-packages/airflow/example_dags/example_branch_operator.py
[2025-03-18T14:21:49.893+0200] {processor.py:208} INFO - Processing /home/munyah/.local/lib/python3.10/site-packages/airflow/example_dags/example_branch_operator.py took 0.033 seconds
[2025-03-18T14:22:53.757+0200] {processor.py:186} INFO - Started process (PID=36277) to work on /home/munyah/.local/lib/python3.10/site-packages/airflow/example_dags/example_branch_operator.py
[2025-03-18T14:22:53.758+0200] {processor.py:914} INFO - Processing file /home/munyah/.local/lib/python3.10/site-packages/airflow/example_dags/example_branch_operator.py for tasks to queue
[2025-03-18T14:22:53.760+0200] {logging_mixin.py:190} INFO - [2025-03-18T14:22:53.760+0200] {dagbag.py:588} INFO - Filling up the DagBag from /home/munyah/.local/lib/python3.10/site-packages/airflow/example_dags/example_branch_operator.py
[2025-03-18T14:22:53.764+0200] {processor.py:927} WARNING - No viable dags retrieved from /home/munyah/.local/lib/python3.10/site-packages/airflow/example_dags/example_branch_operator.py
[2025-03-18T14:22:53.777+0200] {processor.py:208} INFO - Processing /home/munyah/.local/lib/python3.10/site-packages/airflow/example_dags/example_branch_operator.py took 0.028 seconds
[2025-03-18T14:23:54.875+0200] {processor.py:186} INFO - Started process (PID=36646) to work on /home/munyah/.local/lib/python3.10/site-packages/airflow/example_dags/example_branch_operator.py
[2025-03-18T14:23:54.877+0200] {processor.py:914} INFO - Processing file /home/munyah/.local/lib/python3.10/site-packages/airflow/example_dags/example_branch_operator.py for tasks to queue
[2025-03-18T14:23:54.880+0200] {logging_mixin.py:190} INFO - [2025-03-18T14:23:54.879+0200] {dagbag.py:588} INFO - Filling up the DagBag from /home/munyah/.local/lib/python3.10/site-packages/airflow/example_dags/example_branch_operator.py
[2025-03-18T14:23:54.884+0200] {processor.py:927} WARNING - No viable dags retrieved from /home/munyah/.local/lib/python3.10/site-packages/airflow/example_dags/example_branch_operator.py
[2025-03-18T14:23:54.896+0200] {processor.py:208} INFO - Processing /home/munyah/.local/lib/python3.10/site-packages/airflow/example_dags/example_branch_operator.py took 0.032 seconds
[2025-03-18T14:24:56.588+0200] {processor.py:186} INFO - Started process (PID=37158) to work on /home/munyah/.local/lib/python3.10/site-packages/airflow/example_dags/example_branch_operator.py
[2025-03-18T14:24:56.590+0200] {processor.py:914} INFO - Processing file /home/munyah/.local/lib/python3.10/site-packages/airflow/example_dags/example_branch_operator.py for tasks to queue
[2025-03-18T14:24:56.593+0200] {logging_mixin.py:190} INFO - [2025-03-18T14:24:56.593+0200] {dagbag.py:588} INFO - Filling up the DagBag from /home/munyah/.local/lib/python3.10/site-packages/airflow/example_dags/example_branch_operator.py
[2025-03-18T14:24:56.597+0200] {processor.py:927} WARNING - No viable dags retrieved from /home/munyah/.local/lib/python3.10/site-packages/airflow/example_dags/example_branch_operator.py
[2025-03-18T14:24:56.613+0200] {processor.py:208} INFO - Processing /home/munyah/.local/lib/python3.10/site-packages/airflow/example_dags/example_branch_operator.py took 0.033 seconds
[2025-03-18T14:26:33.856+0200] {processor.py:186} INFO - Started process (PID=37700) to work on /home/munyah/.local/lib/python3.10/site-packages/airflow/example_dags/example_branch_operator.py
[2025-03-18T14:26:33.858+0200] {processor.py:914} INFO - Processing file /home/munyah/.local/lib/python3.10/site-packages/airflow/example_dags/example_branch_operator.py for tasks to queue
[2025-03-18T14:26:33.861+0200] {logging_mixin.py:190} INFO - [2025-03-18T14:26:33.861+0200] {dagbag.py:588} INFO - Filling up the DagBag from /home/munyah/.local/lib/python3.10/site-packages/airflow/example_dags/example_branch_operator.py
[2025-03-18T14:26:33.866+0200] {processor.py:927} WARNING - No viable dags retrieved from /home/munyah/.local/lib/python3.10/site-packages/airflow/example_dags/example_branch_operator.py
[2025-03-18T14:26:33.880+0200] {processor.py:208} INFO - Processing /home/munyah/.local/lib/python3.10/site-packages/airflow/example_dags/example_branch_operator.py took 0.034 seconds
[2025-03-18T14:27:43.214+0200] {processor.py:186} INFO - Started process (PID=38151) to work on /home/munyah/.local/lib/python3.10/site-packages/airflow/example_dags/example_branch_operator.py
[2025-03-18T14:27:43.216+0200] {processor.py:914} INFO - Processing file /home/munyah/.local/lib/python3.10/site-packages/airflow/example_dags/example_branch_operator.py for tasks to queue
[2025-03-18T14:27:43.222+0200] {logging_mixin.py:190} INFO - [2025-03-18T14:27:43.220+0200] {dagbag.py:588} INFO - Filling up the DagBag from /home/munyah/.local/lib/python3.10/site-packages/airflow/example_dags/example_branch_operator.py
[2025-03-18T14:27:43.227+0200] {processor.py:927} WARNING - No viable dags retrieved from /home/munyah/.local/lib/python3.10/site-packages/airflow/example_dags/example_branch_operator.py
[2025-03-18T14:27:43.248+0200] {processor.py:208} INFO - Processing /home/munyah/.local/lib/python3.10/site-packages/airflow/example_dags/example_branch_operator.py took 0.047 seconds
[2025-03-18T14:29:01.902+0200] {processor.py:186} INFO - Started process (PID=38654) to work on /home/munyah/.local/lib/python3.10/site-packages/airflow/example_dags/example_branch_operator.py
[2025-03-18T14:29:01.903+0200] {processor.py:914} INFO - Processing file /home/munyah/.local/lib/python3.10/site-packages/airflow/example_dags/example_branch_operator.py for tasks to queue
[2025-03-18T14:29:01.906+0200] {logging_mixin.py:190} INFO - [2025-03-18T14:29:01.905+0200] {dagbag.py:588} INFO - Filling up the DagBag from /home/munyah/.local/lib/python3.10/site-packages/airflow/example_dags/example_branch_operator.py
[2025-03-18T14:29:01.910+0200] {processor.py:927} WARNING - No viable dags retrieved from /home/munyah/.local/lib/python3.10/site-packages/airflow/example_dags/example_branch_operator.py
[2025-03-18T14:29:01.922+0200] {processor.py:208} INFO - Processing /home/munyah/.local/lib/python3.10/site-packages/airflow/example_dags/example_branch_operator.py took 0.028 seconds
[2025-03-18T14:30:20.582+0200] {processor.py:186} INFO - Started process (PID=39202) to work on /home/munyah/.local/lib/python3.10/site-packages/airflow/example_dags/example_branch_operator.py
[2025-03-18T14:30:20.584+0200] {processor.py:914} INFO - Processing file /home/munyah/.local/lib/python3.10/site-packages/airflow/example_dags/example_branch_operator.py for tasks to queue
[2025-03-18T14:30:20.588+0200] {logging_mixin.py:190} INFO - [2025-03-18T14:30:20.588+0200] {dagbag.py:588} INFO - Filling up the DagBag from /home/munyah/.local/lib/python3.10/site-packages/airflow/example_dags/example_branch_operator.py
[2025-03-18T14:30:20.593+0200] {processor.py:927} WARNING - No viable dags retrieved from /home/munyah/.local/lib/python3.10/site-packages/airflow/example_dags/example_branch_operator.py
[2025-03-18T14:30:20.607+0200] {processor.py:208} INFO - Processing /home/munyah/.local/lib/python3.10/site-packages/airflow/example_dags/example_branch_operator.py took 0.041 seconds
[2025-03-18T14:31:41.217+0200] {processor.py:186} INFO - Started process (PID=39704) to work on /home/munyah/.local/lib/python3.10/site-packages/airflow/example_dags/example_branch_operator.py
[2025-03-18T14:31:41.219+0200] {processor.py:914} INFO - Processing file /home/munyah/.local/lib/python3.10/site-packages/airflow/example_dags/example_branch_operator.py for tasks to queue
[2025-03-18T14:31:41.224+0200] {logging_mixin.py:190} INFO - [2025-03-18T14:31:41.223+0200] {dagbag.py:588} INFO - Filling up the DagBag from /home/munyah/.local/lib/python3.10/site-packages/airflow/example_dags/example_branch_operator.py
[2025-03-18T14:31:41.229+0200] {processor.py:927} WARNING - No viable dags retrieved from /home/munyah/.local/lib/python3.10/site-packages/airflow/example_dags/example_branch_operator.py
[2025-03-18T14:31:41.243+0200] {processor.py:208} INFO - Processing /home/munyah/.local/lib/python3.10/site-packages/airflow/example_dags/example_branch_operator.py took 0.044 seconds
[2025-03-18T14:32:53.022+0200] {processor.py:186} INFO - Started process (PID=40146) to work on /home/munyah/.local/lib/python3.10/site-packages/airflow/example_dags/example_branch_operator.py
[2025-03-18T14:32:53.023+0200] {processor.py:914} INFO - Processing file /home/munyah/.local/lib/python3.10/site-packages/airflow/example_dags/example_branch_operator.py for tasks to queue
[2025-03-18T14:32:53.026+0200] {logging_mixin.py:190} INFO - [2025-03-18T14:32:53.025+0200] {dagbag.py:588} INFO - Filling up the DagBag from /home/munyah/.local/lib/python3.10/site-packages/airflow/example_dags/example_branch_operator.py
[2025-03-18T14:32:53.030+0200] {processor.py:927} WARNING - No viable dags retrieved from /home/munyah/.local/lib/python3.10/site-packages/airflow/example_dags/example_branch_operator.py
[2025-03-18T14:32:53.043+0200] {processor.py:208} INFO - Processing /home/munyah/.local/lib/python3.10/site-packages/airflow/example_dags/example_branch_operator.py took 0.029 seconds
[2025-03-18T14:34:11.042+0200] {processor.py:186} INFO - Started process (PID=40703) to work on /home/munyah/.local/lib/python3.10/site-packages/airflow/example_dags/example_branch_operator.py
[2025-03-18T14:34:11.044+0200] {processor.py:914} INFO - Processing file /home/munyah/.local/lib/python3.10/site-packages/airflow/example_dags/example_branch_operator.py for tasks to queue
[2025-03-18T14:34:11.047+0200] {logging_mixin.py:190} INFO - [2025-03-18T14:34:11.046+0200] {dagbag.py:588} INFO - Filling up the DagBag from /home/munyah/.local/lib/python3.10/site-packages/airflow/example_dags/example_branch_operator.py
[2025-03-18T14:34:11.050+0200] {processor.py:927} WARNING - No viable dags retrieved from /home/munyah/.local/lib/python3.10/site-packages/airflow/example_dags/example_branch_operator.py
[2025-03-18T14:34:11.063+0200] {processor.py:208} INFO - Processing /home/munyah/.local/lib/python3.10/site-packages/airflow/example_dags/example_branch_operator.py took 0.033 seconds
[2025-03-18T14:35:19.811+0200] {processor.py:186} INFO - Started process (PID=41184) to work on /home/munyah/.local/lib/python3.10/site-packages/airflow/example_dags/example_branch_operator.py
[2025-03-18T14:35:19.812+0200] {processor.py:914} INFO - Processing file /home/munyah/.local/lib/python3.10/site-packages/airflow/example_dags/example_branch_operator.py for tasks to queue
[2025-03-18T14:35:19.815+0200] {logging_mixin.py:190} INFO - [2025-03-18T14:35:19.814+0200] {dagbag.py:588} INFO - Filling up the DagBag from /home/munyah/.local/lib/python3.10/site-packages/airflow/example_dags/example_branch_operator.py
[2025-03-18T14:35:19.819+0200] {processor.py:927} WARNING - No viable dags retrieved from /home/munyah/.local/lib/python3.10/site-packages/airflow/example_dags/example_branch_operator.py
[2025-03-18T14:35:19.830+0200] {processor.py:208} INFO - Processing /home/munyah/.local/lib/python3.10/site-packages/airflow/example_dags/example_branch_operator.py took 0.026 seconds
[2025-03-18T14:36:25.744+0200] {processor.py:186} INFO - Started process (PID=41622) to work on /home/munyah/.local/lib/python3.10/site-packages/airflow/example_dags/example_branch_operator.py
[2025-03-18T14:36:25.746+0200] {processor.py:914} INFO - Processing file /home/munyah/.local/lib/python3.10/site-packages/airflow/example_dags/example_branch_operator.py for tasks to queue
[2025-03-18T14:36:25.749+0200] {logging_mixin.py:190} INFO - [2025-03-18T14:36:25.748+0200] {dagbag.py:588} INFO - Filling up the DagBag from /home/munyah/.local/lib/python3.10/site-packages/airflow/example_dags/example_branch_operator.py
[2025-03-18T14:36:25.752+0200] {processor.py:927} WARNING - No viable dags retrieved from /home/munyah/.local/lib/python3.10/site-packages/airflow/example_dags/example_branch_operator.py
[2025-03-18T14:36:25.764+0200] {processor.py:208} INFO - Processing /home/munyah/.local/lib/python3.10/site-packages/airflow/example_dags/example_branch_operator.py took 0.031 seconds
[2025-03-18T14:37:35.894+0200] {processor.py:186} INFO - Started process (PID=42071) to work on /home/munyah/.local/lib/python3.10/site-packages/airflow/example_dags/example_branch_operator.py
[2025-03-18T14:37:35.895+0200] {processor.py:914} INFO - Processing file /home/munyah/.local/lib/python3.10/site-packages/airflow/example_dags/example_branch_operator.py for tasks to queue
[2025-03-18T14:37:35.899+0200] {logging_mixin.py:190} INFO - [2025-03-18T14:37:35.898+0200] {dagbag.py:588} INFO - Filling up the DagBag from /home/munyah/.local/lib/python3.10/site-packages/airflow/example_dags/example_branch_operator.py
[2025-03-18T14:37:35.906+0200] {processor.py:927} WARNING - No viable dags retrieved from /home/munyah/.local/lib/python3.10/site-packages/airflow/example_dags/example_branch_operator.py
[2025-03-18T14:37:35.922+0200] {processor.py:208} INFO - Processing /home/munyah/.local/lib/python3.10/site-packages/airflow/example_dags/example_branch_operator.py took 0.040 seconds
[2025-03-18T14:38:45.563+0200] {processor.py:186} INFO - Started process (PID=42471) to work on /home/munyah/.local/lib/python3.10/site-packages/airflow/example_dags/example_branch_operator.py
[2025-03-18T14:38:45.564+0200] {processor.py:914} INFO - Processing file /home/munyah/.local/lib/python3.10/site-packages/airflow/example_dags/example_branch_operator.py for tasks to queue
[2025-03-18T14:38:45.567+0200] {logging_mixin.py:190} INFO - [2025-03-18T14:38:45.567+0200] {dagbag.py:588} INFO - Filling up the DagBag from /home/munyah/.local/lib/python3.10/site-packages/airflow/example_dags/example_branch_operator.py
[2025-03-18T14:38:45.572+0200] {processor.py:927} WARNING - No viable dags retrieved from /home/munyah/.local/lib/python3.10/site-packages/airflow/example_dags/example_branch_operator.py
[2025-03-18T14:38:45.585+0200] {processor.py:208} INFO - Processing /home/munyah/.local/lib/python3.10/site-packages/airflow/example_dags/example_branch_operator.py took 0.032 seconds
[2025-03-18T14:39:43.746+0200] {processor.py:186} INFO - Started process (PID=42642) to work on /home/munyah/.local/lib/python3.10/site-packages/airflow/example_dags/example_branch_operator.py
[2025-03-18T14:39:43.747+0200] {processor.py:914} INFO - Processing file /home/munyah/.local/lib/python3.10/site-packages/airflow/example_dags/example_branch_operator.py for tasks to queue
[2025-03-18T14:39:43.749+0200] {logging_mixin.py:190} INFO - [2025-03-18T14:39:43.749+0200] {dagbag.py:588} INFO - Filling up the DagBag from /home/munyah/.local/lib/python3.10/site-packages/airflow/example_dags/example_branch_operator.py
[2025-03-18T14:39:43.754+0200] {processor.py:927} WARNING - No viable dags retrieved from /home/munyah/.local/lib/python3.10/site-packages/airflow/example_dags/example_branch_operator.py
[2025-03-18T14:39:43.766+0200] {processor.py:208} INFO - Processing /home/munyah/.local/lib/python3.10/site-packages/airflow/example_dags/example_branch_operator.py took 0.027 seconds
[2025-03-18T14:40:47.048+0200] {processor.py:186} INFO - Started process (PID=42843) to work on /home/munyah/.local/lib/python3.10/site-packages/airflow/example_dags/example_branch_operator.py
[2025-03-18T14:40:47.049+0200] {processor.py:914} INFO - Processing file /home/munyah/.local/lib/python3.10/site-packages/airflow/example_dags/example_branch_operator.py for tasks to queue
[2025-03-18T14:40:47.052+0200] {logging_mixin.py:190} INFO - [2025-03-18T14:40:47.051+0200] {dagbag.py:588} INFO - Filling up the DagBag from /home/munyah/.local/lib/python3.10/site-packages/airflow/example_dags/example_branch_operator.py
[2025-03-18T14:40:47.055+0200] {processor.py:927} WARNING - No viable dags retrieved from /home/munyah/.local/lib/python3.10/site-packages/airflow/example_dags/example_branch_operator.py
[2025-03-18T14:40:47.066+0200] {processor.py:208} INFO - Processing /home/munyah/.local/lib/python3.10/site-packages/airflow/example_dags/example_branch_operator.py took 0.026 seconds
[2025-03-18T14:41:47.852+0200] {processor.py:186} INFO - Started process (PID=43170) to work on /home/munyah/.local/lib/python3.10/site-packages/airflow/example_dags/example_branch_operator.py
[2025-03-18T14:41:47.856+0200] {processor.py:914} INFO - Processing file /home/munyah/.local/lib/python3.10/site-packages/airflow/example_dags/example_branch_operator.py for tasks to queue
[2025-03-18T14:41:47.860+0200] {logging_mixin.py:190} INFO - [2025-03-18T14:41:47.859+0200] {dagbag.py:588} INFO - Filling up the DagBag from /home/munyah/.local/lib/python3.10/site-packages/airflow/example_dags/example_branch_operator.py
[2025-03-18T14:41:47.868+0200] {processor.py:927} WARNING - No viable dags retrieved from /home/munyah/.local/lib/python3.10/site-packages/airflow/example_dags/example_branch_operator.py
[2025-03-18T14:41:47.892+0200] {processor.py:208} INFO - Processing /home/munyah/.local/lib/python3.10/site-packages/airflow/example_dags/example_branch_operator.py took 0.058 seconds
[2025-03-18T14:42:48.584+0200] {processor.py:186} INFO - Started process (PID=43683) to work on /home/munyah/.local/lib/python3.10/site-packages/airflow/example_dags/example_branch_operator.py
[2025-03-18T14:42:48.586+0200] {processor.py:914} INFO - Processing file /home/munyah/.local/lib/python3.10/site-packages/airflow/example_dags/example_branch_operator.py for tasks to queue
[2025-03-18T14:42:48.589+0200] {logging_mixin.py:190} INFO - [2025-03-18T14:42:48.588+0200] {dagbag.py:588} INFO - Filling up the DagBag from /home/munyah/.local/lib/python3.10/site-packages/airflow/example_dags/example_branch_operator.py
[2025-03-18T14:42:48.593+0200] {processor.py:927} WARNING - No viable dags retrieved from /home/munyah/.local/lib/python3.10/site-packages/airflow/example_dags/example_branch_operator.py
[2025-03-18T14:42:48.605+0200] {processor.py:208} INFO - Processing /home/munyah/.local/lib/python3.10/site-packages/airflow/example_dags/example_branch_operator.py took 0.032 seconds
[2025-03-18T14:43:58.706+0200] {processor.py:186} INFO - Started process (PID=44087) to work on /home/munyah/.local/lib/python3.10/site-packages/airflow/example_dags/example_branch_operator.py
[2025-03-18T14:43:58.708+0200] {processor.py:914} INFO - Processing file /home/munyah/.local/lib/python3.10/site-packages/airflow/example_dags/example_branch_operator.py for tasks to queue
[2025-03-18T14:43:58.710+0200] {logging_mixin.py:190} INFO - [2025-03-18T14:43:58.710+0200] {dagbag.py:588} INFO - Filling up the DagBag from /home/munyah/.local/lib/python3.10/site-packages/airflow/example_dags/example_branch_operator.py
[2025-03-18T14:43:58.714+0200] {processor.py:927} WARNING - No viable dags retrieved from /home/munyah/.local/lib/python3.10/site-packages/airflow/example_dags/example_branch_operator.py
[2025-03-18T14:43:58.725+0200] {processor.py:208} INFO - Processing /home/munyah/.local/lib/python3.10/site-packages/airflow/example_dags/example_branch_operator.py took 0.029 seconds
[2025-03-18T14:45:08.470+0200] {processor.py:186} INFO - Started process (PID=44275) to work on /home/munyah/.local/lib/python3.10/site-packages/airflow/example_dags/example_branch_operator.py
[2025-03-18T14:45:08.472+0200] {processor.py:914} INFO - Processing file /home/munyah/.local/lib/python3.10/site-packages/airflow/example_dags/example_branch_operator.py for tasks to queue
[2025-03-18T14:45:08.476+0200] {logging_mixin.py:190} INFO - [2025-03-18T14:45:08.475+0200] {dagbag.py:588} INFO - Filling up the DagBag from /home/munyah/.local/lib/python3.10/site-packages/airflow/example_dags/example_branch_operator.py
[2025-03-18T14:45:08.482+0200] {processor.py:927} WARNING - No viable dags retrieved from /home/munyah/.local/lib/python3.10/site-packages/airflow/example_dags/example_branch_operator.py
[2025-03-18T14:45:08.506+0200] {processor.py:208} INFO - Processing /home/munyah/.local/lib/python3.10/site-packages/airflow/example_dags/example_branch_operator.py took 0.047 seconds
[2025-03-18T14:46:07.520+0200] {processor.py:186} INFO - Started process (PID=44450) to work on /home/munyah/.local/lib/python3.10/site-packages/airflow/example_dags/example_branch_operator.py
[2025-03-18T14:46:07.521+0200] {processor.py:914} INFO - Processing file /home/munyah/.local/lib/python3.10/site-packages/airflow/example_dags/example_branch_operator.py for tasks to queue
[2025-03-18T14:46:07.524+0200] {logging_mixin.py:190} INFO - [2025-03-18T14:46:07.523+0200] {dagbag.py:588} INFO - Filling up the DagBag from /home/munyah/.local/lib/python3.10/site-packages/airflow/example_dags/example_branch_operator.py
[2025-03-18T14:46:07.527+0200] {processor.py:927} WARNING - No viable dags retrieved from /home/munyah/.local/lib/python3.10/site-packages/airflow/example_dags/example_branch_operator.py
[2025-03-18T14:46:07.542+0200] {processor.py:208} INFO - Processing /home/munyah/.local/lib/python3.10/site-packages/airflow/example_dags/example_branch_operator.py took 0.031 seconds
[2025-03-18T14:47:12.209+0200] {processor.py:186} INFO - Started process (PID=44615) to work on /home/munyah/.local/lib/python3.10/site-packages/airflow/example_dags/example_branch_operator.py
[2025-03-18T14:47:12.210+0200] {processor.py:914} INFO - Processing file /home/munyah/.local/lib/python3.10/site-packages/airflow/example_dags/example_branch_operator.py for tasks to queue
[2025-03-18T14:47:12.212+0200] {logging_mixin.py:190} INFO - [2025-03-18T14:47:12.212+0200] {dagbag.py:588} INFO - Filling up the DagBag from /home/munyah/.local/lib/python3.10/site-packages/airflow/example_dags/example_branch_operator.py
[2025-03-18T14:47:12.217+0200] {processor.py:927} WARNING - No viable dags retrieved from /home/munyah/.local/lib/python3.10/site-packages/airflow/example_dags/example_branch_operator.py
[2025-03-18T14:47:12.231+0200] {processor.py:208} INFO - Processing /home/munyah/.local/lib/python3.10/site-packages/airflow/example_dags/example_branch_operator.py took 0.032 seconds
[2025-03-18T14:48:15.397+0200] {processor.py:186} INFO - Started process (PID=44962) to work on /home/munyah/.local/lib/python3.10/site-packages/airflow/example_dags/example_branch_operator.py
[2025-03-18T14:48:15.399+0200] {processor.py:914} INFO - Processing file /home/munyah/.local/lib/python3.10/site-packages/airflow/example_dags/example_branch_operator.py for tasks to queue
[2025-03-18T14:48:15.402+0200] {logging_mixin.py:190} INFO - [2025-03-18T14:48:15.402+0200] {dagbag.py:588} INFO - Filling up the DagBag from /home/munyah/.local/lib/python3.10/site-packages/airflow/example_dags/example_branch_operator.py
[2025-03-18T14:48:15.407+0200] {processor.py:927} WARNING - No viable dags retrieved from /home/munyah/.local/lib/python3.10/site-packages/airflow/example_dags/example_branch_operator.py
[2025-03-18T14:48:15.420+0200] {processor.py:208} INFO - Processing /home/munyah/.local/lib/python3.10/site-packages/airflow/example_dags/example_branch_operator.py took 0.039 seconds
[2025-03-18T14:49:17.834+0200] {processor.py:186} INFO - Started process (PID=45149) to work on /home/munyah/.local/lib/python3.10/site-packages/airflow/example_dags/example_branch_operator.py
[2025-03-18T14:49:17.836+0200] {processor.py:914} INFO - Processing file /home/munyah/.local/lib/python3.10/site-packages/airflow/example_dags/example_branch_operator.py for tasks to queue
[2025-03-18T14:49:17.838+0200] {logging_mixin.py:190} INFO - [2025-03-18T14:49:17.838+0200] {dagbag.py:588} INFO - Filling up the DagBag from /home/munyah/.local/lib/python3.10/site-packages/airflow/example_dags/example_branch_operator.py
[2025-03-18T14:49:17.841+0200] {processor.py:927} WARNING - No viable dags retrieved from /home/munyah/.local/lib/python3.10/site-packages/airflow/example_dags/example_branch_operator.py
[2025-03-18T14:49:17.853+0200] {processor.py:208} INFO - Processing /home/munyah/.local/lib/python3.10/site-packages/airflow/example_dags/example_branch_operator.py took 0.026 seconds
[2025-03-18T14:50:17.262+0200] {processor.py:186} INFO - Started process (PID=45348) to work on /home/munyah/.local/lib/python3.10/site-packages/airflow/example_dags/example_branch_operator.py
[2025-03-18T14:50:17.264+0200] {processor.py:914} INFO - Processing file /home/munyah/.local/lib/python3.10/site-packages/airflow/example_dags/example_branch_operator.py for tasks to queue
[2025-03-18T14:50:17.267+0200] {logging_mixin.py:190} INFO - [2025-03-18T14:50:17.267+0200] {dagbag.py:588} INFO - Filling up the DagBag from /home/munyah/.local/lib/python3.10/site-packages/airflow/example_dags/example_branch_operator.py
[2025-03-18T14:50:17.272+0200] {processor.py:927} WARNING - No viable dags retrieved from /home/munyah/.local/lib/python3.10/site-packages/airflow/example_dags/example_branch_operator.py
[2025-03-18T14:50:17.284+0200] {processor.py:208} INFO - Processing /home/munyah/.local/lib/python3.10/site-packages/airflow/example_dags/example_branch_operator.py took 0.031 seconds
[2025-03-18T14:51:19.759+0200] {processor.py:186} INFO - Started process (PID=45582) to work on /home/munyah/.local/lib/python3.10/site-packages/airflow/example_dags/example_branch_operator.py
[2025-03-18T14:51:19.761+0200] {processor.py:914} INFO - Processing file /home/munyah/.local/lib/python3.10/site-packages/airflow/example_dags/example_branch_operator.py for tasks to queue
[2025-03-18T14:51:19.764+0200] {logging_mixin.py:190} INFO - [2025-03-18T14:51:19.764+0200] {dagbag.py:588} INFO - Filling up the DagBag from /home/munyah/.local/lib/python3.10/site-packages/airflow/example_dags/example_branch_operator.py
[2025-03-18T14:51:19.768+0200] {processor.py:927} WARNING - No viable dags retrieved from /home/munyah/.local/lib/python3.10/site-packages/airflow/example_dags/example_branch_operator.py
[2025-03-18T14:51:19.781+0200] {processor.py:208} INFO - Processing /home/munyah/.local/lib/python3.10/site-packages/airflow/example_dags/example_branch_operator.py took 0.035 seconds
[2025-03-18T14:52:19.573+0200] {processor.py:186} INFO - Started process (PID=45759) to work on /home/munyah/.local/lib/python3.10/site-packages/airflow/example_dags/example_branch_operator.py
[2025-03-18T14:52:19.574+0200] {processor.py:914} INFO - Processing file /home/munyah/.local/lib/python3.10/site-packages/airflow/example_dags/example_branch_operator.py for tasks to queue
[2025-03-18T14:52:19.576+0200] {logging_mixin.py:190} INFO - [2025-03-18T14:52:19.576+0200] {dagbag.py:588} INFO - Filling up the DagBag from /home/munyah/.local/lib/python3.10/site-packages/airflow/example_dags/example_branch_operator.py
[2025-03-18T14:52:19.580+0200] {processor.py:927} WARNING - No viable dags retrieved from /home/munyah/.local/lib/python3.10/site-packages/airflow/example_dags/example_branch_operator.py
[2025-03-18T14:52:19.592+0200] {processor.py:208} INFO - Processing /home/munyah/.local/lib/python3.10/site-packages/airflow/example_dags/example_branch_operator.py took 0.027 seconds
[2025-03-18T14:53:21.021+0200] {processor.py:186} INFO - Started process (PID=45947) to work on /home/munyah/.local/lib/python3.10/site-packages/airflow/example_dags/example_branch_operator.py
[2025-03-18T14:53:21.022+0200] {processor.py:914} INFO - Processing file /home/munyah/.local/lib/python3.10/site-packages/airflow/example_dags/example_branch_operator.py for tasks to queue
[2025-03-18T14:53:21.025+0200] {logging_mixin.py:190} INFO - [2025-03-18T14:53:21.024+0200] {dagbag.py:588} INFO - Filling up the DagBag from /home/munyah/.local/lib/python3.10/site-packages/airflow/example_dags/example_branch_operator.py
[2025-03-18T14:53:21.028+0200] {processor.py:927} WARNING - No viable dags retrieved from /home/munyah/.local/lib/python3.10/site-packages/airflow/example_dags/example_branch_operator.py
[2025-03-18T14:53:21.039+0200] {processor.py:208} INFO - Processing /home/munyah/.local/lib/python3.10/site-packages/airflow/example_dags/example_branch_operator.py took 0.025 seconds
[2025-03-18T14:54:28.810+0200] {processor.py:186} INFO - Started process (PID=46147) to work on /home/munyah/.local/lib/python3.10/site-packages/airflow/example_dags/example_branch_operator.py
[2025-03-18T14:54:28.812+0200] {processor.py:914} INFO - Processing file /home/munyah/.local/lib/python3.10/site-packages/airflow/example_dags/example_branch_operator.py for tasks to queue
[2025-03-18T14:54:28.815+0200] {logging_mixin.py:190} INFO - [2025-03-18T14:54:28.814+0200] {dagbag.py:588} INFO - Filling up the DagBag from /home/munyah/.local/lib/python3.10/site-packages/airflow/example_dags/example_branch_operator.py
[2025-03-18T14:54:28.819+0200] {processor.py:927} WARNING - No viable dags retrieved from /home/munyah/.local/lib/python3.10/site-packages/airflow/example_dags/example_branch_operator.py
[2025-03-18T14:54:28.833+0200] {processor.py:208} INFO - Processing /home/munyah/.local/lib/python3.10/site-packages/airflow/example_dags/example_branch_operator.py took 0.032 seconds
[2025-03-18T14:55:32.511+0200] {processor.py:186} INFO - Started process (PID=46297) to work on /home/munyah/.local/lib/python3.10/site-packages/airflow/example_dags/example_branch_operator.py
[2025-03-18T14:55:32.513+0200] {processor.py:914} INFO - Processing file /home/munyah/.local/lib/python3.10/site-packages/airflow/example_dags/example_branch_operator.py for tasks to queue
[2025-03-18T14:55:32.518+0200] {logging_mixin.py:190} INFO - [2025-03-18T14:55:32.516+0200] {dagbag.py:588} INFO - Filling up the DagBag from /home/munyah/.local/lib/python3.10/site-packages/airflow/example_dags/example_branch_operator.py
[2025-03-18T14:55:32.523+0200] {processor.py:927} WARNING - No viable dags retrieved from /home/munyah/.local/lib/python3.10/site-packages/airflow/example_dags/example_branch_operator.py
[2025-03-18T14:55:32.537+0200] {processor.py:208} INFO - Processing /home/munyah/.local/lib/python3.10/site-packages/airflow/example_dags/example_branch_operator.py took 0.038 seconds
[2025-03-18T14:56:36.623+0200] {processor.py:186} INFO - Started process (PID=46421) to work on /home/munyah/.local/lib/python3.10/site-packages/airflow/example_dags/example_branch_operator.py
[2025-03-18T14:56:36.624+0200] {processor.py:914} INFO - Processing file /home/munyah/.local/lib/python3.10/site-packages/airflow/example_dags/example_branch_operator.py for tasks to queue
[2025-03-18T14:56:36.628+0200] {logging_mixin.py:190} INFO - [2025-03-18T14:56:36.627+0200] {dagbag.py:588} INFO - Filling up the DagBag from /home/munyah/.local/lib/python3.10/site-packages/airflow/example_dags/example_branch_operator.py
[2025-03-18T14:56:36.632+0200] {processor.py:927} WARNING - No viable dags retrieved from /home/munyah/.local/lib/python3.10/site-packages/airflow/example_dags/example_branch_operator.py
[2025-03-18T14:56:36.647+0200] {processor.py:208} INFO - Processing /home/munyah/.local/lib/python3.10/site-packages/airflow/example_dags/example_branch_operator.py took 0.031 seconds
[2025-03-18T14:57:40.448+0200] {processor.py:186} INFO - Started process (PID=46607) to work on /home/munyah/.local/lib/python3.10/site-packages/airflow/example_dags/example_branch_operator.py
[2025-03-18T14:57:40.449+0200] {processor.py:914} INFO - Processing file /home/munyah/.local/lib/python3.10/site-packages/airflow/example_dags/example_branch_operator.py for tasks to queue
[2025-03-18T14:57:40.452+0200] {logging_mixin.py:190} INFO - [2025-03-18T14:57:40.451+0200] {dagbag.py:588} INFO - Filling up the DagBag from /home/munyah/.local/lib/python3.10/site-packages/airflow/example_dags/example_branch_operator.py
[2025-03-18T14:57:40.456+0200] {processor.py:927} WARNING - No viable dags retrieved from /home/munyah/.local/lib/python3.10/site-packages/airflow/example_dags/example_branch_operator.py
[2025-03-18T14:57:40.468+0200] {processor.py:208} INFO - Processing /home/munyah/.local/lib/python3.10/site-packages/airflow/example_dags/example_branch_operator.py took 0.029 seconds
[2025-03-18T14:58:40.844+0200] {processor.py:186} INFO - Started process (PID=46814) to work on /home/munyah/.local/lib/python3.10/site-packages/airflow/example_dags/example_branch_operator.py
[2025-03-18T14:58:40.845+0200] {processor.py:914} INFO - Processing file /home/munyah/.local/lib/python3.10/site-packages/airflow/example_dags/example_branch_operator.py for tasks to queue
[2025-03-18T14:58:40.848+0200] {logging_mixin.py:190} INFO - [2025-03-18T14:58:40.847+0200] {dagbag.py:588} INFO - Filling up the DagBag from /home/munyah/.local/lib/python3.10/site-packages/airflow/example_dags/example_branch_operator.py
[2025-03-18T14:58:40.851+0200] {processor.py:927} WARNING - No viable dags retrieved from /home/munyah/.local/lib/python3.10/site-packages/airflow/example_dags/example_branch_operator.py
[2025-03-18T14:58:40.863+0200] {processor.py:208} INFO - Processing /home/munyah/.local/lib/python3.10/site-packages/airflow/example_dags/example_branch_operator.py took 0.027 seconds
[2025-03-18T14:59:44.580+0200] {processor.py:186} INFO - Started process (PID=47154) to work on /home/munyah/.local/lib/python3.10/site-packages/airflow/example_dags/example_branch_operator.py
[2025-03-18T14:59:44.582+0200] {processor.py:914} INFO - Processing file /home/munyah/.local/lib/python3.10/site-packages/airflow/example_dags/example_branch_operator.py for tasks to queue
[2025-03-18T14:59:44.584+0200] {logging_mixin.py:190} INFO - [2025-03-18T14:59:44.583+0200] {dagbag.py:588} INFO - Filling up the DagBag from /home/munyah/.local/lib/python3.10/site-packages/airflow/example_dags/example_branch_operator.py
[2025-03-18T14:59:44.588+0200] {processor.py:927} WARNING - No viable dags retrieved from /home/munyah/.local/lib/python3.10/site-packages/airflow/example_dags/example_branch_operator.py
[2025-03-18T14:59:44.601+0200] {processor.py:208} INFO - Processing /home/munyah/.local/lib/python3.10/site-packages/airflow/example_dags/example_branch_operator.py took 0.028 seconds
[2025-03-18T15:00:46.818+0200] {processor.py:186} INFO - Started process (PID=47359) to work on /home/munyah/.local/lib/python3.10/site-packages/airflow/example_dags/example_branch_operator.py
[2025-03-18T15:00:46.820+0200] {processor.py:914} INFO - Processing file /home/munyah/.local/lib/python3.10/site-packages/airflow/example_dags/example_branch_operator.py for tasks to queue
[2025-03-18T15:00:46.823+0200] {logging_mixin.py:190} INFO - [2025-03-18T15:00:46.822+0200] {dagbag.py:588} INFO - Filling up the DagBag from /home/munyah/.local/lib/python3.10/site-packages/airflow/example_dags/example_branch_operator.py
[2025-03-18T15:00:46.827+0200] {processor.py:927} WARNING - No viable dags retrieved from /home/munyah/.local/lib/python3.10/site-packages/airflow/example_dags/example_branch_operator.py
[2025-03-18T15:00:46.842+0200] {processor.py:208} INFO - Processing /home/munyah/.local/lib/python3.10/site-packages/airflow/example_dags/example_branch_operator.py took 0.035 seconds
[2025-03-18T15:02:10.046+0200] {processor.py:186} INFO - Started process (PID=47545) to work on /home/munyah/.local/lib/python3.10/site-packages/airflow/example_dags/example_branch_operator.py
[2025-03-18T15:02:10.047+0200] {processor.py:914} INFO - Processing file /home/munyah/.local/lib/python3.10/site-packages/airflow/example_dags/example_branch_operator.py for tasks to queue
[2025-03-18T15:02:10.050+0200] {logging_mixin.py:190} INFO - [2025-03-18T15:02:10.050+0200] {dagbag.py:588} INFO - Filling up the DagBag from /home/munyah/.local/lib/python3.10/site-packages/airflow/example_dags/example_branch_operator.py
[2025-03-18T15:02:10.054+0200] {processor.py:927} WARNING - No viable dags retrieved from /home/munyah/.local/lib/python3.10/site-packages/airflow/example_dags/example_branch_operator.py
[2025-03-18T15:02:10.066+0200] {processor.py:208} INFO - Processing /home/munyah/.local/lib/python3.10/site-packages/airflow/example_dags/example_branch_operator.py took 0.027 seconds
[2025-03-18T15:03:34.250+0200] {processor.py:186} INFO - Started process (PID=47768) to work on /home/munyah/.local/lib/python3.10/site-packages/airflow/example_dags/example_branch_operator.py
[2025-03-18T15:03:34.251+0200] {processor.py:914} INFO - Processing file /home/munyah/.local/lib/python3.10/site-packages/airflow/example_dags/example_branch_operator.py for tasks to queue
[2025-03-18T15:03:34.253+0200] {logging_mixin.py:190} INFO - [2025-03-18T15:03:34.253+0200] {dagbag.py:588} INFO - Filling up the DagBag from /home/munyah/.local/lib/python3.10/site-packages/airflow/example_dags/example_branch_operator.py
[2025-03-18T15:03:34.256+0200] {processor.py:927} WARNING - No viable dags retrieved from /home/munyah/.local/lib/python3.10/site-packages/airflow/example_dags/example_branch_operator.py
[2025-03-18T15:03:34.269+0200] {processor.py:208} INFO - Processing /home/munyah/.local/lib/python3.10/site-packages/airflow/example_dags/example_branch_operator.py took 0.027 seconds
[2025-03-18T15:04:31.451+0200] {processor.py:186} INFO - Started process (PID=47954) to work on /home/munyah/.local/lib/python3.10/site-packages/airflow/example_dags/example_branch_operator.py
[2025-03-18T15:04:31.452+0200] {processor.py:914} INFO - Processing file /home/munyah/.local/lib/python3.10/site-packages/airflow/example_dags/example_branch_operator.py for tasks to queue
[2025-03-18T15:04:31.455+0200] {logging_mixin.py:190} INFO - [2025-03-18T15:04:31.455+0200] {dagbag.py:588} INFO - Filling up the DagBag from /home/munyah/.local/lib/python3.10/site-packages/airflow/example_dags/example_branch_operator.py
[2025-03-18T15:04:31.459+0200] {processor.py:927} WARNING - No viable dags retrieved from /home/munyah/.local/lib/python3.10/site-packages/airflow/example_dags/example_branch_operator.py
[2025-03-18T15:04:31.474+0200] {processor.py:208} INFO - Processing /home/munyah/.local/lib/python3.10/site-packages/airflow/example_dags/example_branch_operator.py took 0.031 seconds
[2025-03-18T15:05:29.901+0200] {processor.py:186} INFO - Started process (PID=48169) to work on /home/munyah/.local/lib/python3.10/site-packages/airflow/example_dags/example_branch_operator.py
[2025-03-18T15:05:29.904+0200] {processor.py:914} INFO - Processing file /home/munyah/.local/lib/python3.10/site-packages/airflow/example_dags/example_branch_operator.py for tasks to queue
[2025-03-18T15:05:29.908+0200] {logging_mixin.py:190} INFO - [2025-03-18T15:05:29.907+0200] {dagbag.py:588} INFO - Filling up the DagBag from /home/munyah/.local/lib/python3.10/site-packages/airflow/example_dags/example_branch_operator.py
[2025-03-18T15:05:29.913+0200] {processor.py:927} WARNING - No viable dags retrieved from /home/munyah/.local/lib/python3.10/site-packages/airflow/example_dags/example_branch_operator.py
[2025-03-18T15:05:29.927+0200] {processor.py:208} INFO - Processing /home/munyah/.local/lib/python3.10/site-packages/airflow/example_dags/example_branch_operator.py took 0.040 seconds
[2025-03-18T15:06:32.365+0200] {processor.py:186} INFO - Started process (PID=48300) to work on /home/munyah/.local/lib/python3.10/site-packages/airflow/example_dags/example_branch_operator.py
[2025-03-18T15:06:32.366+0200] {processor.py:914} INFO - Processing file /home/munyah/.local/lib/python3.10/site-packages/airflow/example_dags/example_branch_operator.py for tasks to queue
[2025-03-18T15:06:32.368+0200] {logging_mixin.py:190} INFO - [2025-03-18T15:06:32.368+0200] {dagbag.py:588} INFO - Filling up the DagBag from /home/munyah/.local/lib/python3.10/site-packages/airflow/example_dags/example_branch_operator.py
[2025-03-18T15:06:32.372+0200] {processor.py:927} WARNING - No viable dags retrieved from /home/munyah/.local/lib/python3.10/site-packages/airflow/example_dags/example_branch_operator.py
[2025-03-18T15:06:32.384+0200] {processor.py:208} INFO - Processing /home/munyah/.local/lib/python3.10/site-packages/airflow/example_dags/example_branch_operator.py took 0.026 seconds
[2025-03-18T15:07:30.242+0200] {processor.py:186} INFO - Started process (PID=48470) to work on /home/munyah/.local/lib/python3.10/site-packages/airflow/example_dags/example_branch_operator.py
[2025-03-18T15:07:30.243+0200] {processor.py:914} INFO - Processing file /home/munyah/.local/lib/python3.10/site-packages/airflow/example_dags/example_branch_operator.py for tasks to queue
[2025-03-18T15:07:30.245+0200] {logging_mixin.py:190} INFO - [2025-03-18T15:07:30.245+0200] {dagbag.py:588} INFO - Filling up the DagBag from /home/munyah/.local/lib/python3.10/site-packages/airflow/example_dags/example_branch_operator.py
[2025-03-18T15:07:30.248+0200] {processor.py:927} WARNING - No viable dags retrieved from /home/munyah/.local/lib/python3.10/site-packages/airflow/example_dags/example_branch_operator.py
[2025-03-18T15:07:30.260+0200] {processor.py:208} INFO - Processing /home/munyah/.local/lib/python3.10/site-packages/airflow/example_dags/example_branch_operator.py took 0.025 seconds
[2025-03-18T15:08:27.690+0200] {processor.py:186} INFO - Started process (PID=48627) to work on /home/munyah/.local/lib/python3.10/site-packages/airflow/example_dags/example_branch_operator.py
[2025-03-18T15:08:27.691+0200] {processor.py:914} INFO - Processing file /home/munyah/.local/lib/python3.10/site-packages/airflow/example_dags/example_branch_operator.py for tasks to queue
[2025-03-18T15:08:27.694+0200] {logging_mixin.py:190} INFO - [2025-03-18T15:08:27.693+0200] {dagbag.py:588} INFO - Filling up the DagBag from /home/munyah/.local/lib/python3.10/site-packages/airflow/example_dags/example_branch_operator.py
[2025-03-18T15:08:27.697+0200] {processor.py:927} WARNING - No viable dags retrieved from /home/munyah/.local/lib/python3.10/site-packages/airflow/example_dags/example_branch_operator.py
[2025-03-18T15:08:27.708+0200] {processor.py:208} INFO - Processing /home/munyah/.local/lib/python3.10/site-packages/airflow/example_dags/example_branch_operator.py took 0.026 seconds
[2025-03-18T15:09:26.257+0200] {processor.py:186} INFO - Started process (PID=48763) to work on /home/munyah/.local/lib/python3.10/site-packages/airflow/example_dags/example_branch_operator.py
[2025-03-18T15:09:26.258+0200] {processor.py:914} INFO - Processing file /home/munyah/.local/lib/python3.10/site-packages/airflow/example_dags/example_branch_operator.py for tasks to queue
[2025-03-18T15:09:26.260+0200] {logging_mixin.py:190} INFO - [2025-03-18T15:09:26.260+0200] {dagbag.py:588} INFO - Filling up the DagBag from /home/munyah/.local/lib/python3.10/site-packages/airflow/example_dags/example_branch_operator.py
[2025-03-18T15:09:26.264+0200] {processor.py:927} WARNING - No viable dags retrieved from /home/munyah/.local/lib/python3.10/site-packages/airflow/example_dags/example_branch_operator.py
[2025-03-18T15:09:26.276+0200] {processor.py:208} INFO - Processing /home/munyah/.local/lib/python3.10/site-packages/airflow/example_dags/example_branch_operator.py took 0.027 seconds
[2025-03-18T15:10:25.144+0200] {processor.py:186} INFO - Started process (PID=48943) to work on /home/munyah/.local/lib/python3.10/site-packages/airflow/example_dags/example_branch_operator.py
[2025-03-18T15:10:25.145+0200] {processor.py:914} INFO - Processing file /home/munyah/.local/lib/python3.10/site-packages/airflow/example_dags/example_branch_operator.py for tasks to queue
[2025-03-18T15:10:25.148+0200] {logging_mixin.py:190} INFO - [2025-03-18T15:10:25.148+0200] {dagbag.py:588} INFO - Filling up the DagBag from /home/munyah/.local/lib/python3.10/site-packages/airflow/example_dags/example_branch_operator.py
[2025-03-18T15:10:25.152+0200] {processor.py:927} WARNING - No viable dags retrieved from /home/munyah/.local/lib/python3.10/site-packages/airflow/example_dags/example_branch_operator.py
[2025-03-18T15:10:25.164+0200] {processor.py:208} INFO - Processing /home/munyah/.local/lib/python3.10/site-packages/airflow/example_dags/example_branch_operator.py took 0.027 seconds
[2025-03-18T15:11:24.049+0200] {processor.py:186} INFO - Started process (PID=49103) to work on /home/munyah/.local/lib/python3.10/site-packages/airflow/example_dags/example_branch_operator.py
[2025-03-18T15:11:24.050+0200] {processor.py:914} INFO - Processing file /home/munyah/.local/lib/python3.10/site-packages/airflow/example_dags/example_branch_operator.py for tasks to queue
[2025-03-18T15:11:24.053+0200] {logging_mixin.py:190} INFO - [2025-03-18T15:11:24.052+0200] {dagbag.py:588} INFO - Filling up the DagBag from /home/munyah/.local/lib/python3.10/site-packages/airflow/example_dags/example_branch_operator.py
[2025-03-18T15:11:24.056+0200] {processor.py:927} WARNING - No viable dags retrieved from /home/munyah/.local/lib/python3.10/site-packages/airflow/example_dags/example_branch_operator.py
[2025-03-18T15:11:24.068+0200] {processor.py:208} INFO - Processing /home/munyah/.local/lib/python3.10/site-packages/airflow/example_dags/example_branch_operator.py took 0.028 seconds
[2025-03-18T15:12:21.032+0200] {processor.py:186} INFO - Started process (PID=49263) to work on /home/munyah/.local/lib/python3.10/site-packages/airflow/example_dags/example_branch_operator.py
[2025-03-18T15:12:21.033+0200] {processor.py:914} INFO - Processing file /home/munyah/.local/lib/python3.10/site-packages/airflow/example_dags/example_branch_operator.py for tasks to queue
[2025-03-18T15:12:21.036+0200] {logging_mixin.py:190} INFO - [2025-03-18T15:12:21.035+0200] {dagbag.py:588} INFO - Filling up the DagBag from /home/munyah/.local/lib/python3.10/site-packages/airflow/example_dags/example_branch_operator.py
[2025-03-18T15:12:21.039+0200] {processor.py:927} WARNING - No viable dags retrieved from /home/munyah/.local/lib/python3.10/site-packages/airflow/example_dags/example_branch_operator.py
[2025-03-18T15:12:21.050+0200] {processor.py:208} INFO - Processing /home/munyah/.local/lib/python3.10/site-packages/airflow/example_dags/example_branch_operator.py took 0.026 seconds
[2025-03-18T15:13:18.287+0200] {processor.py:186} INFO - Started process (PID=49412) to work on /home/munyah/.local/lib/python3.10/site-packages/airflow/example_dags/example_branch_operator.py
[2025-03-18T15:13:18.288+0200] {processor.py:914} INFO - Processing file /home/munyah/.local/lib/python3.10/site-packages/airflow/example_dags/example_branch_operator.py for tasks to queue
[2025-03-18T15:13:18.291+0200] {logging_mixin.py:190} INFO - [2025-03-18T15:13:18.290+0200] {dagbag.py:588} INFO - Filling up the DagBag from /home/munyah/.local/lib/python3.10/site-packages/airflow/example_dags/example_branch_operator.py
[2025-03-18T15:13:18.295+0200] {processor.py:927} WARNING - No viable dags retrieved from /home/munyah/.local/lib/python3.10/site-packages/airflow/example_dags/example_branch_operator.py
[2025-03-18T15:13:18.306+0200] {processor.py:208} INFO - Processing /home/munyah/.local/lib/python3.10/site-packages/airflow/example_dags/example_branch_operator.py took 0.026 seconds
[2025-03-18T15:14:16.623+0200] {processor.py:186} INFO - Started process (PID=49540) to work on /home/munyah/.local/lib/python3.10/site-packages/airflow/example_dags/example_branch_operator.py
[2025-03-18T15:14:16.624+0200] {processor.py:914} INFO - Processing file /home/munyah/.local/lib/python3.10/site-packages/airflow/example_dags/example_branch_operator.py for tasks to queue
[2025-03-18T15:14:16.626+0200] {logging_mixin.py:190} INFO - [2025-03-18T15:14:16.626+0200] {dagbag.py:588} INFO - Filling up the DagBag from /home/munyah/.local/lib/python3.10/site-packages/airflow/example_dags/example_branch_operator.py
[2025-03-18T15:14:16.630+0200] {processor.py:927} WARNING - No viable dags retrieved from /home/munyah/.local/lib/python3.10/site-packages/airflow/example_dags/example_branch_operator.py
[2025-03-18T15:14:16.642+0200] {processor.py:208} INFO - Processing /home/munyah/.local/lib/python3.10/site-packages/airflow/example_dags/example_branch_operator.py took 0.026 seconds
[2025-03-18T15:15:17.328+0200] {processor.py:186} INFO - Started process (PID=49678) to work on /home/munyah/.local/lib/python3.10/site-packages/airflow/example_dags/example_branch_operator.py
[2025-03-18T15:15:17.329+0200] {processor.py:914} INFO - Processing file /home/munyah/.local/lib/python3.10/site-packages/airflow/example_dags/example_branch_operator.py for tasks to queue
[2025-03-18T15:15:17.331+0200] {logging_mixin.py:190} INFO - [2025-03-18T15:15:17.331+0200] {dagbag.py:588} INFO - Filling up the DagBag from /home/munyah/.local/lib/python3.10/site-packages/airflow/example_dags/example_branch_operator.py
[2025-03-18T15:15:17.335+0200] {processor.py:927} WARNING - No viable dags retrieved from /home/munyah/.local/lib/python3.10/site-packages/airflow/example_dags/example_branch_operator.py
[2025-03-18T15:15:17.347+0200] {processor.py:208} INFO - Processing /home/munyah/.local/lib/python3.10/site-packages/airflow/example_dags/example_branch_operator.py took 0.026 seconds
[2025-03-18T15:16:15.654+0200] {processor.py:186} INFO - Started process (PID=49811) to work on /home/munyah/.local/lib/python3.10/site-packages/airflow/example_dags/example_branch_operator.py
[2025-03-18T15:16:15.656+0200] {processor.py:914} INFO - Processing file /home/munyah/.local/lib/python3.10/site-packages/airflow/example_dags/example_branch_operator.py for tasks to queue
[2025-03-18T15:16:15.658+0200] {logging_mixin.py:190} INFO - [2025-03-18T15:16:15.657+0200] {dagbag.py:588} INFO - Filling up the DagBag from /home/munyah/.local/lib/python3.10/site-packages/airflow/example_dags/example_branch_operator.py
[2025-03-18T15:16:15.662+0200] {processor.py:927} WARNING - No viable dags retrieved from /home/munyah/.local/lib/python3.10/site-packages/airflow/example_dags/example_branch_operator.py
[2025-03-18T15:16:15.673+0200] {processor.py:208} INFO - Processing /home/munyah/.local/lib/python3.10/site-packages/airflow/example_dags/example_branch_operator.py took 0.027 seconds
[2025-03-18T15:17:12.863+0200] {processor.py:186} INFO - Started process (PID=49956) to work on /home/munyah/.local/lib/python3.10/site-packages/airflow/example_dags/example_branch_operator.py
[2025-03-18T15:17:12.864+0200] {processor.py:914} INFO - Processing file /home/munyah/.local/lib/python3.10/site-packages/airflow/example_dags/example_branch_operator.py for tasks to queue
[2025-03-18T15:17:12.867+0200] {logging_mixin.py:190} INFO - [2025-03-18T15:17:12.867+0200] {dagbag.py:588} INFO - Filling up the DagBag from /home/munyah/.local/lib/python3.10/site-packages/airflow/example_dags/example_branch_operator.py
[2025-03-18T15:17:12.872+0200] {processor.py:927} WARNING - No viable dags retrieved from /home/munyah/.local/lib/python3.10/site-packages/airflow/example_dags/example_branch_operator.py
[2025-03-18T15:17:12.884+0200] {processor.py:208} INFO - Processing /home/munyah/.local/lib/python3.10/site-packages/airflow/example_dags/example_branch_operator.py took 0.031 seconds
[2025-03-18T15:18:10.047+0200] {processor.py:186} INFO - Started process (PID=50113) to work on /home/munyah/.local/lib/python3.10/site-packages/airflow/example_dags/example_branch_operator.py
[2025-03-18T15:18:10.048+0200] {processor.py:914} INFO - Processing file /home/munyah/.local/lib/python3.10/site-packages/airflow/example_dags/example_branch_operator.py for tasks to queue
[2025-03-18T15:18:10.051+0200] {logging_mixin.py:190} INFO - [2025-03-18T15:18:10.050+0200] {dagbag.py:588} INFO - Filling up the DagBag from /home/munyah/.local/lib/python3.10/site-packages/airflow/example_dags/example_branch_operator.py
[2025-03-18T15:18:10.054+0200] {processor.py:927} WARNING - No viable dags retrieved from /home/munyah/.local/lib/python3.10/site-packages/airflow/example_dags/example_branch_operator.py
[2025-03-18T15:18:10.065+0200] {processor.py:208} INFO - Processing /home/munyah/.local/lib/python3.10/site-packages/airflow/example_dags/example_branch_operator.py took 0.025 seconds
[2025-03-18T15:19:35.465+0200] {processor.py:186} INFO - Started process (PID=50370) to work on /home/munyah/.local/lib/python3.10/site-packages/airflow/example_dags/example_branch_operator.py
[2025-03-18T15:19:35.466+0200] {processor.py:914} INFO - Processing file /home/munyah/.local/lib/python3.10/site-packages/airflow/example_dags/example_branch_operator.py for tasks to queue
[2025-03-18T15:19:35.469+0200] {logging_mixin.py:190} INFO - [2025-03-18T15:19:35.468+0200] {dagbag.py:588} INFO - Filling up the DagBag from /home/munyah/.local/lib/python3.10/site-packages/airflow/example_dags/example_branch_operator.py
[2025-03-18T15:19:35.472+0200] {processor.py:927} WARNING - No viable dags retrieved from /home/munyah/.local/lib/python3.10/site-packages/airflow/example_dags/example_branch_operator.py
[2025-03-18T15:19:35.483+0200] {processor.py:208} INFO - Processing /home/munyah/.local/lib/python3.10/site-packages/airflow/example_dags/example_branch_operator.py took 0.026 seconds
[2025-03-18T15:20:33.393+0200] {processor.py:186} INFO - Started process (PID=50516) to work on /home/munyah/.local/lib/python3.10/site-packages/airflow/example_dags/example_branch_operator.py
[2025-03-18T15:20:33.394+0200] {processor.py:914} INFO - Processing file /home/munyah/.local/lib/python3.10/site-packages/airflow/example_dags/example_branch_operator.py for tasks to queue
[2025-03-18T15:20:33.397+0200] {logging_mixin.py:190} INFO - [2025-03-18T15:20:33.397+0200] {dagbag.py:588} INFO - Filling up the DagBag from /home/munyah/.local/lib/python3.10/site-packages/airflow/example_dags/example_branch_operator.py
[2025-03-18T15:20:33.402+0200] {processor.py:927} WARNING - No viable dags retrieved from /home/munyah/.local/lib/python3.10/site-packages/airflow/example_dags/example_branch_operator.py
[2025-03-18T15:20:33.413+0200] {processor.py:208} INFO - Processing /home/munyah/.local/lib/python3.10/site-packages/airflow/example_dags/example_branch_operator.py took 0.029 seconds
[2025-03-18T15:21:32.202+0200] {processor.py:186} INFO - Started process (PID=50666) to work on /home/munyah/.local/lib/python3.10/site-packages/airflow/example_dags/example_branch_operator.py
[2025-03-18T15:21:32.204+0200] {processor.py:914} INFO - Processing file /home/munyah/.local/lib/python3.10/site-packages/airflow/example_dags/example_branch_operator.py for tasks to queue
[2025-03-18T15:21:32.206+0200] {logging_mixin.py:190} INFO - [2025-03-18T15:21:32.206+0200] {dagbag.py:588} INFO - Filling up the DagBag from /home/munyah/.local/lib/python3.10/site-packages/airflow/example_dags/example_branch_operator.py
[2025-03-18T15:21:32.209+0200] {processor.py:927} WARNING - No viable dags retrieved from /home/munyah/.local/lib/python3.10/site-packages/airflow/example_dags/example_branch_operator.py
[2025-03-18T15:21:32.222+0200] {processor.py:208} INFO - Processing /home/munyah/.local/lib/python3.10/site-packages/airflow/example_dags/example_branch_operator.py took 0.027 seconds
[2025-03-18T15:22:31.132+0200] {processor.py:186} INFO - Started process (PID=50812) to work on /home/munyah/.local/lib/python3.10/site-packages/airflow/example_dags/example_branch_operator.py
[2025-03-18T15:22:31.133+0200] {processor.py:914} INFO - Processing file /home/munyah/.local/lib/python3.10/site-packages/airflow/example_dags/example_branch_operator.py for tasks to queue
[2025-03-18T15:22:31.136+0200] {logging_mixin.py:190} INFO - [2025-03-18T15:22:31.135+0200] {dagbag.py:588} INFO - Filling up the DagBag from /home/munyah/.local/lib/python3.10/site-packages/airflow/example_dags/example_branch_operator.py
[2025-03-18T15:22:31.139+0200] {processor.py:927} WARNING - No viable dags retrieved from /home/munyah/.local/lib/python3.10/site-packages/airflow/example_dags/example_branch_operator.py
[2025-03-18T15:22:31.150+0200] {processor.py:208} INFO - Processing /home/munyah/.local/lib/python3.10/site-packages/airflow/example_dags/example_branch_operator.py took 0.026 seconds
[2025-03-18T15:23:30.101+0200] {processor.py:186} INFO - Started process (PID=50967) to work on /home/munyah/.local/lib/python3.10/site-packages/airflow/example_dags/example_branch_operator.py
[2025-03-18T15:23:30.102+0200] {processor.py:914} INFO - Processing file /home/munyah/.local/lib/python3.10/site-packages/airflow/example_dags/example_branch_operator.py for tasks to queue
[2025-03-18T15:23:30.106+0200] {logging_mixin.py:190} INFO - [2025-03-18T15:23:30.105+0200] {dagbag.py:588} INFO - Filling up the DagBag from /home/munyah/.local/lib/python3.10/site-packages/airflow/example_dags/example_branch_operator.py
[2025-03-18T15:23:30.110+0200] {processor.py:927} WARNING - No viable dags retrieved from /home/munyah/.local/lib/python3.10/site-packages/airflow/example_dags/example_branch_operator.py
[2025-03-18T15:23:30.122+0200] {processor.py:208} INFO - Processing /home/munyah/.local/lib/python3.10/site-packages/airflow/example_dags/example_branch_operator.py took 0.036 seconds
[2025-03-18T15:24:28.376+0200] {processor.py:186} INFO - Started process (PID=51101) to work on /home/munyah/.local/lib/python3.10/site-packages/airflow/example_dags/example_branch_operator.py
[2025-03-18T15:24:28.378+0200] {processor.py:914} INFO - Processing file /home/munyah/.local/lib/python3.10/site-packages/airflow/example_dags/example_branch_operator.py for tasks to queue
[2025-03-18T15:24:28.382+0200] {logging_mixin.py:190} INFO - [2025-03-18T15:24:28.381+0200] {dagbag.py:588} INFO - Filling up the DagBag from /home/munyah/.local/lib/python3.10/site-packages/airflow/example_dags/example_branch_operator.py
[2025-03-18T15:24:28.386+0200] {processor.py:927} WARNING - No viable dags retrieved from /home/munyah/.local/lib/python3.10/site-packages/airflow/example_dags/example_branch_operator.py
[2025-03-18T15:24:28.402+0200] {processor.py:208} INFO - Processing /home/munyah/.local/lib/python3.10/site-packages/airflow/example_dags/example_branch_operator.py took 0.036 seconds
[2025-03-18T15:25:27.866+0200] {processor.py:186} INFO - Started process (PID=51224) to work on /home/munyah/.local/lib/python3.10/site-packages/airflow/example_dags/example_branch_operator.py
[2025-03-18T15:25:27.867+0200] {processor.py:914} INFO - Processing file /home/munyah/.local/lib/python3.10/site-packages/airflow/example_dags/example_branch_operator.py for tasks to queue
[2025-03-18T15:25:27.870+0200] {logging_mixin.py:190} INFO - [2025-03-18T15:25:27.869+0200] {dagbag.py:588} INFO - Filling up the DagBag from /home/munyah/.local/lib/python3.10/site-packages/airflow/example_dags/example_branch_operator.py
[2025-03-18T15:25:27.873+0200] {processor.py:927} WARNING - No viable dags retrieved from /home/munyah/.local/lib/python3.10/site-packages/airflow/example_dags/example_branch_operator.py
[2025-03-18T15:25:27.884+0200] {processor.py:208} INFO - Processing /home/munyah/.local/lib/python3.10/site-packages/airflow/example_dags/example_branch_operator.py took 0.026 seconds
[2025-03-18T21:04:14.823+0200] {processor.py:186} INFO - Started process (PID=51641) to work on /home/munyah/.local/lib/python3.10/site-packages/airflow/example_dags/example_branch_operator.py
[2025-03-18T21:04:14.824+0200] {processor.py:914} INFO - Processing file /home/munyah/.local/lib/python3.10/site-packages/airflow/example_dags/example_branch_operator.py for tasks to queue
[2025-03-18T21:04:14.826+0200] {logging_mixin.py:190} INFO - [2025-03-18T21:04:14.826+0200] {dagbag.py:588} INFO - Filling up the DagBag from /home/munyah/.local/lib/python3.10/site-packages/airflow/example_dags/example_branch_operator.py
[2025-03-18T21:04:14.830+0200] {processor.py:927} WARNING - No viable dags retrieved from /home/munyah/.local/lib/python3.10/site-packages/airflow/example_dags/example_branch_operator.py
[2025-03-18T21:04:14.840+0200] {processor.py:208} INFO - Processing /home/munyah/.local/lib/python3.10/site-packages/airflow/example_dags/example_branch_operator.py took 0.024 seconds
[2025-03-18T21:05:14.486+0200] {processor.py:186} INFO - Started process (PID=51841) to work on /home/munyah/.local/lib/python3.10/site-packages/airflow/example_dags/example_branch_operator.py
[2025-03-18T21:05:14.488+0200] {processor.py:914} INFO - Processing file /home/munyah/.local/lib/python3.10/site-packages/airflow/example_dags/example_branch_operator.py for tasks to queue
[2025-03-18T21:05:14.490+0200] {logging_mixin.py:190} INFO - [2025-03-18T21:05:14.489+0200] {dagbag.py:588} INFO - Filling up the DagBag from /home/munyah/.local/lib/python3.10/site-packages/airflow/example_dags/example_branch_operator.py
[2025-03-18T21:05:14.493+0200] {processor.py:927} WARNING - No viable dags retrieved from /home/munyah/.local/lib/python3.10/site-packages/airflow/example_dags/example_branch_operator.py
[2025-03-18T21:05:14.503+0200] {processor.py:208} INFO - Processing /home/munyah/.local/lib/python3.10/site-packages/airflow/example_dags/example_branch_operator.py took 0.024 seconds
[2025-03-18T21:06:37.319+0200] {processor.py:186} INFO - Started process (PID=52104) to work on /home/munyah/.local/lib/python3.10/site-packages/airflow/example_dags/example_branch_operator.py
[2025-03-18T21:06:37.320+0200] {processor.py:914} INFO - Processing file /home/munyah/.local/lib/python3.10/site-packages/airflow/example_dags/example_branch_operator.py for tasks to queue
[2025-03-18T21:06:37.323+0200] {logging_mixin.py:190} INFO - [2025-03-18T21:06:37.322+0200] {dagbag.py:588} INFO - Filling up the DagBag from /home/munyah/.local/lib/python3.10/site-packages/airflow/example_dags/example_branch_operator.py
[2025-03-18T21:06:37.326+0200] {processor.py:927} WARNING - No viable dags retrieved from /home/munyah/.local/lib/python3.10/site-packages/airflow/example_dags/example_branch_operator.py
[2025-03-18T21:06:37.337+0200] {processor.py:208} INFO - Processing /home/munyah/.local/lib/python3.10/site-packages/airflow/example_dags/example_branch_operator.py took 0.024 seconds
[2025-03-18T21:08:03.038+0200] {processor.py:186} INFO - Started process (PID=52418) to work on /home/munyah/.local/lib/python3.10/site-packages/airflow/example_dags/example_branch_operator.py
[2025-03-18T21:08:03.039+0200] {processor.py:914} INFO - Processing file /home/munyah/.local/lib/python3.10/site-packages/airflow/example_dags/example_branch_operator.py for tasks to queue
[2025-03-18T21:08:03.041+0200] {logging_mixin.py:190} INFO - [2025-03-18T21:08:03.040+0200] {dagbag.py:588} INFO - Filling up the DagBag from /home/munyah/.local/lib/python3.10/site-packages/airflow/example_dags/example_branch_operator.py
[2025-03-18T21:08:03.044+0200] {processor.py:927} WARNING - No viable dags retrieved from /home/munyah/.local/lib/python3.10/site-packages/airflow/example_dags/example_branch_operator.py
[2025-03-18T21:08:03.055+0200] {processor.py:208} INFO - Processing /home/munyah/.local/lib/python3.10/site-packages/airflow/example_dags/example_branch_operator.py took 0.025 seconds
[2025-03-18T21:09:02.260+0200] {processor.py:186} INFO - Started process (PID=52605) to work on /home/munyah/.local/lib/python3.10/site-packages/airflow/example_dags/example_branch_operator.py
[2025-03-18T21:09:02.261+0200] {processor.py:914} INFO - Processing file /home/munyah/.local/lib/python3.10/site-packages/airflow/example_dags/example_branch_operator.py for tasks to queue
[2025-03-18T21:09:02.263+0200] {logging_mixin.py:190} INFO - [2025-03-18T21:09:02.263+0200] {dagbag.py:588} INFO - Filling up the DagBag from /home/munyah/.local/lib/python3.10/site-packages/airflow/example_dags/example_branch_operator.py
[2025-03-18T21:09:02.267+0200] {processor.py:927} WARNING - No viable dags retrieved from /home/munyah/.local/lib/python3.10/site-packages/airflow/example_dags/example_branch_operator.py
[2025-03-18T21:09:02.279+0200] {processor.py:208} INFO - Processing /home/munyah/.local/lib/python3.10/site-packages/airflow/example_dags/example_branch_operator.py took 0.027 seconds
[2025-03-18T21:10:00.907+0200] {processor.py:186} INFO - Started process (PID=52842) to work on /home/munyah/.local/lib/python3.10/site-packages/airflow/example_dags/example_branch_operator.py
[2025-03-18T21:10:00.909+0200] {processor.py:914} INFO - Processing file /home/munyah/.local/lib/python3.10/site-packages/airflow/example_dags/example_branch_operator.py for tasks to queue
[2025-03-18T21:10:00.912+0200] {logging_mixin.py:190} INFO - [2025-03-18T21:10:00.912+0200] {dagbag.py:588} INFO - Filling up the DagBag from /home/munyah/.local/lib/python3.10/site-packages/airflow/example_dags/example_branch_operator.py
[2025-03-18T21:10:00.918+0200] {processor.py:927} WARNING - No viable dags retrieved from /home/munyah/.local/lib/python3.10/site-packages/airflow/example_dags/example_branch_operator.py
[2025-03-18T21:10:00.931+0200] {processor.py:208} INFO - Processing /home/munyah/.local/lib/python3.10/site-packages/airflow/example_dags/example_branch_operator.py took 0.033 seconds
[2025-03-18T21:10:59.726+0200] {processor.py:186} INFO - Started process (PID=53055) to work on /home/munyah/.local/lib/python3.10/site-packages/airflow/example_dags/example_branch_operator.py
[2025-03-18T21:10:59.727+0200] {processor.py:914} INFO - Processing file /home/munyah/.local/lib/python3.10/site-packages/airflow/example_dags/example_branch_operator.py for tasks to queue
[2025-03-18T21:10:59.729+0200] {logging_mixin.py:190} INFO - [2025-03-18T21:10:59.729+0200] {dagbag.py:588} INFO - Filling up the DagBag from /home/munyah/.local/lib/python3.10/site-packages/airflow/example_dags/example_branch_operator.py
[2025-03-18T21:10:59.733+0200] {processor.py:927} WARNING - No viable dags retrieved from /home/munyah/.local/lib/python3.10/site-packages/airflow/example_dags/example_branch_operator.py
[2025-03-18T21:10:59.744+0200] {processor.py:208} INFO - Processing /home/munyah/.local/lib/python3.10/site-packages/airflow/example_dags/example_branch_operator.py took 0.026 seconds
[2025-03-18T21:12:01.256+0200] {processor.py:186} INFO - Started process (PID=53274) to work on /home/munyah/.local/lib/python3.10/site-packages/airflow/example_dags/example_branch_operator.py
[2025-03-18T21:12:01.257+0200] {processor.py:914} INFO - Processing file /home/munyah/.local/lib/python3.10/site-packages/airflow/example_dags/example_branch_operator.py for tasks to queue
[2025-03-18T21:12:01.260+0200] {logging_mixin.py:190} INFO - [2025-03-18T21:12:01.259+0200] {dagbag.py:588} INFO - Filling up the DagBag from /home/munyah/.local/lib/python3.10/site-packages/airflow/example_dags/example_branch_operator.py
[2025-03-18T21:12:01.263+0200] {processor.py:927} WARNING - No viable dags retrieved from /home/munyah/.local/lib/python3.10/site-packages/airflow/example_dags/example_branch_operator.py
[2025-03-18T21:12:01.276+0200] {processor.py:208} INFO - Processing /home/munyah/.local/lib/python3.10/site-packages/airflow/example_dags/example_branch_operator.py took 0.028 seconds
[2025-03-18T21:12:58.545+0200] {processor.py:186} INFO - Started process (PID=53486) to work on /home/munyah/.local/lib/python3.10/site-packages/airflow/example_dags/example_branch_operator.py
[2025-03-18T21:12:58.547+0200] {processor.py:914} INFO - Processing file /home/munyah/.local/lib/python3.10/site-packages/airflow/example_dags/example_branch_operator.py for tasks to queue
[2025-03-18T21:12:58.550+0200] {logging_mixin.py:190} INFO - [2025-03-18T21:12:58.550+0200] {dagbag.py:588} INFO - Filling up the DagBag from /home/munyah/.local/lib/python3.10/site-packages/airflow/example_dags/example_branch_operator.py
[2025-03-18T21:12:58.556+0200] {processor.py:927} WARNING - No viable dags retrieved from /home/munyah/.local/lib/python3.10/site-packages/airflow/example_dags/example_branch_operator.py
[2025-03-18T21:12:58.571+0200] {processor.py:208} INFO - Processing /home/munyah/.local/lib/python3.10/site-packages/airflow/example_dags/example_branch_operator.py took 0.033 seconds
[2025-03-18T21:14:23.240+0200] {processor.py:186} INFO - Started process (PID=53802) to work on /home/munyah/.local/lib/python3.10/site-packages/airflow/example_dags/example_branch_operator.py
[2025-03-18T21:14:23.241+0200] {processor.py:914} INFO - Processing file /home/munyah/.local/lib/python3.10/site-packages/airflow/example_dags/example_branch_operator.py for tasks to queue
[2025-03-18T21:14:23.244+0200] {logging_mixin.py:190} INFO - [2025-03-18T21:14:23.244+0200] {dagbag.py:588} INFO - Filling up the DagBag from /home/munyah/.local/lib/python3.10/site-packages/airflow/example_dags/example_branch_operator.py
[2025-03-18T21:14:23.249+0200] {processor.py:927} WARNING - No viable dags retrieved from /home/munyah/.local/lib/python3.10/site-packages/airflow/example_dags/example_branch_operator.py
[2025-03-18T21:14:23.264+0200] {processor.py:208} INFO - Processing /home/munyah/.local/lib/python3.10/site-packages/airflow/example_dags/example_branch_operator.py took 0.033 seconds
[2025-03-18T21:15:24.982+0200] {processor.py:186} INFO - Started process (PID=54106) to work on /home/munyah/.local/lib/python3.10/site-packages/airflow/example_dags/example_branch_operator.py
[2025-03-18T21:15:24.983+0200] {processor.py:914} INFO - Processing file /home/munyah/.local/lib/python3.10/site-packages/airflow/example_dags/example_branch_operator.py for tasks to queue
[2025-03-18T21:15:24.985+0200] {logging_mixin.py:190} INFO - [2025-03-18T21:15:24.985+0200] {dagbag.py:588} INFO - Filling up the DagBag from /home/munyah/.local/lib/python3.10/site-packages/airflow/example_dags/example_branch_operator.py
[2025-03-18T21:15:24.990+0200] {processor.py:927} WARNING - No viable dags retrieved from /home/munyah/.local/lib/python3.10/site-packages/airflow/example_dags/example_branch_operator.py
[2025-03-18T21:15:25.003+0200] {processor.py:208} INFO - Processing /home/munyah/.local/lib/python3.10/site-packages/airflow/example_dags/example_branch_operator.py took 0.030 seconds
[2025-03-18T21:16:29.467+0200] {processor.py:186} INFO - Started process (PID=54305) to work on /home/munyah/.local/lib/python3.10/site-packages/airflow/example_dags/example_branch_operator.py
[2025-03-18T21:16:29.468+0200] {processor.py:914} INFO - Processing file /home/munyah/.local/lib/python3.10/site-packages/airflow/example_dags/example_branch_operator.py for tasks to queue
[2025-03-18T21:16:29.473+0200] {logging_mixin.py:190} INFO - [2025-03-18T21:16:29.472+0200] {dagbag.py:588} INFO - Filling up the DagBag from /home/munyah/.local/lib/python3.10/site-packages/airflow/example_dags/example_branch_operator.py
[2025-03-18T21:16:29.478+0200] {processor.py:927} WARNING - No viable dags retrieved from /home/munyah/.local/lib/python3.10/site-packages/airflow/example_dags/example_branch_operator.py
[2025-03-18T21:16:29.494+0200] {processor.py:208} INFO - Processing /home/munyah/.local/lib/python3.10/site-packages/airflow/example_dags/example_branch_operator.py took 0.036 seconds
[2025-03-18T21:17:34.436+0200] {processor.py:186} INFO - Started process (PID=54563) to work on /home/munyah/.local/lib/python3.10/site-packages/airflow/example_dags/example_branch_operator.py
[2025-03-18T21:17:34.438+0200] {processor.py:914} INFO - Processing file /home/munyah/.local/lib/python3.10/site-packages/airflow/example_dags/example_branch_operator.py for tasks to queue
[2025-03-18T21:17:34.441+0200] {logging_mixin.py:190} INFO - [2025-03-18T21:17:34.440+0200] {dagbag.py:588} INFO - Filling up the DagBag from /home/munyah/.local/lib/python3.10/site-packages/airflow/example_dags/example_branch_operator.py
[2025-03-18T21:17:34.446+0200] {processor.py:927} WARNING - No viable dags retrieved from /home/munyah/.local/lib/python3.10/site-packages/airflow/example_dags/example_branch_operator.py
[2025-03-18T21:17:34.457+0200] {processor.py:208} INFO - Processing /home/munyah/.local/lib/python3.10/site-packages/airflow/example_dags/example_branch_operator.py took 0.034 seconds
[2025-03-18T21:18:36.801+0200] {processor.py:186} INFO - Started process (PID=54814) to work on /home/munyah/.local/lib/python3.10/site-packages/airflow/example_dags/example_branch_operator.py
[2025-03-18T21:18:36.802+0200] {processor.py:914} INFO - Processing file /home/munyah/.local/lib/python3.10/site-packages/airflow/example_dags/example_branch_operator.py for tasks to queue
[2025-03-18T21:18:36.805+0200] {logging_mixin.py:190} INFO - [2025-03-18T21:18:36.804+0200] {dagbag.py:588} INFO - Filling up the DagBag from /home/munyah/.local/lib/python3.10/site-packages/airflow/example_dags/example_branch_operator.py
[2025-03-18T21:18:36.808+0200] {processor.py:927} WARNING - No viable dags retrieved from /home/munyah/.local/lib/python3.10/site-packages/airflow/example_dags/example_branch_operator.py
[2025-03-18T21:18:36.820+0200] {processor.py:208} INFO - Processing /home/munyah/.local/lib/python3.10/site-packages/airflow/example_dags/example_branch_operator.py took 0.027 seconds
