[2025-03-18T14:13:47.455+0200] {processor.py:186} INFO - Started process (PID=31317) to work on /home/munyah/.local/lib/python3.10/site-packages/airflow/example_dags/example_branch_operator_decorator.py
[2025-03-18T14:13:47.456+0200] {processor.py:914} INFO - Processing file /home/munyah/.local/lib/python3.10/site-packages/airflow/example_dags/example_branch_operator_decorator.py for tasks to queue
[2025-03-18T14:13:47.458+0200] {logging_mixin.py:190} INFO - [2025-03-18T14:13:47.458+0200] {dagbag.py:588} INFO - Filling up the DagBag from /home/munyah/.local/lib/python3.10/site-packages/airflow/example_dags/example_branch_operator_decorator.py
[2025-03-18T14:13:47.462+0200] {processor.py:927} WARNING - No viable dags retrieved from /home/munyah/.local/lib/python3.10/site-packages/airflow/example_dags/example_branch_operator_decorator.py
[2025-03-18T14:13:47.474+0200] {processor.py:208} INFO - Processing /home/munyah/.local/lib/python3.10/site-packages/airflow/example_dags/example_branch_operator_decorator.py took 0.025 seconds
[2025-03-18T14:14:52.798+0200] {processor.py:186} INFO - Started process (PID=31598) to work on /home/munyah/.local/lib/python3.10/site-packages/airflow/example_dags/example_branch_operator_decorator.py
[2025-03-18T14:14:52.799+0200] {processor.py:914} INFO - Processing file /home/munyah/.local/lib/python3.10/site-packages/airflow/example_dags/example_branch_operator_decorator.py for tasks to queue
[2025-03-18T14:14:52.802+0200] {logging_mixin.py:190} INFO - [2025-03-18T14:14:52.801+0200] {dagbag.py:588} INFO - Filling up the DagBag from /home/munyah/.local/lib/python3.10/site-packages/airflow/example_dags/example_branch_operator_decorator.py
[2025-03-18T14:14:52.806+0200] {processor.py:927} WARNING - No viable dags retrieved from /home/munyah/.local/lib/python3.10/site-packages/airflow/example_dags/example_branch_operator_decorator.py
[2025-03-18T14:14:52.819+0200] {processor.py:208} INFO - Processing /home/munyah/.local/lib/python3.10/site-packages/airflow/example_dags/example_branch_operator_decorator.py took 0.027 seconds
[2025-03-18T14:15:58.334+0200] {processor.py:186} INFO - Started process (PID=31783) to work on /home/munyah/.local/lib/python3.10/site-packages/airflow/example_dags/example_branch_operator_decorator.py
[2025-03-18T14:15:58.335+0200] {processor.py:914} INFO - Processing file /home/munyah/.local/lib/python3.10/site-packages/airflow/example_dags/example_branch_operator_decorator.py for tasks to queue
[2025-03-18T14:15:58.338+0200] {logging_mixin.py:190} INFO - [2025-03-18T14:15:58.337+0200] {dagbag.py:588} INFO - Filling up the DagBag from /home/munyah/.local/lib/python3.10/site-packages/airflow/example_dags/example_branch_operator_decorator.py
[2025-03-18T14:15:58.343+0200] {processor.py:927} WARNING - No viable dags retrieved from /home/munyah/.local/lib/python3.10/site-packages/airflow/example_dags/example_branch_operator_decorator.py
[2025-03-18T14:15:58.355+0200] {processor.py:208} INFO - Processing /home/munyah/.local/lib/python3.10/site-packages/airflow/example_dags/example_branch_operator_decorator.py took 0.030 seconds
[2025-03-18T14:17:09.597+0200] {processor.py:186} INFO - Started process (PID=31992) to work on /home/munyah/.local/lib/python3.10/site-packages/airflow/example_dags/example_branch_operator_decorator.py
[2025-03-18T14:17:09.598+0200] {processor.py:914} INFO - Processing file /home/munyah/.local/lib/python3.10/site-packages/airflow/example_dags/example_branch_operator_decorator.py for tasks to queue
[2025-03-18T14:17:09.600+0200] {logging_mixin.py:190} INFO - [2025-03-18T14:17:09.600+0200] {dagbag.py:588} INFO - Filling up the DagBag from /home/munyah/.local/lib/python3.10/site-packages/airflow/example_dags/example_branch_operator_decorator.py
[2025-03-18T14:17:09.604+0200] {processor.py:927} WARNING - No viable dags retrieved from /home/munyah/.local/lib/python3.10/site-packages/airflow/example_dags/example_branch_operator_decorator.py
[2025-03-18T14:17:09.618+0200] {processor.py:208} INFO - Processing /home/munyah/.local/lib/python3.10/site-packages/airflow/example_dags/example_branch_operator_decorator.py took 0.030 seconds
[2025-03-18T14:18:18.529+0200] {processor.py:186} INFO - Started process (PID=32225) to work on /home/munyah/.local/lib/python3.10/site-packages/airflow/example_dags/example_branch_operator_decorator.py
[2025-03-18T14:18:18.531+0200] {processor.py:914} INFO - Processing file /home/munyah/.local/lib/python3.10/site-packages/airflow/example_dags/example_branch_operator_decorator.py for tasks to queue
[2025-03-18T14:18:18.534+0200] {logging_mixin.py:190} INFO - [2025-03-18T14:18:18.534+0200] {dagbag.py:588} INFO - Filling up the DagBag from /home/munyah/.local/lib/python3.10/site-packages/airflow/example_dags/example_branch_operator_decorator.py
[2025-03-18T14:18:18.538+0200] {processor.py:927} WARNING - No viable dags retrieved from /home/munyah/.local/lib/python3.10/site-packages/airflow/example_dags/example_branch_operator_decorator.py
[2025-03-18T14:18:18.552+0200] {processor.py:208} INFO - Processing /home/munyah/.local/lib/python3.10/site-packages/airflow/example_dags/example_branch_operator_decorator.py took 0.031 seconds
[2025-03-18T14:19:30.913+0200] {processor.py:186} INFO - Started process (PID=32837) to work on /home/munyah/.local/lib/python3.10/site-packages/airflow/example_dags/example_branch_operator_decorator.py
[2025-03-18T14:19:30.916+0200] {processor.py:914} INFO - Processing file /home/munyah/.local/lib/python3.10/site-packages/airflow/example_dags/example_branch_operator_decorator.py for tasks to queue
[2025-03-18T14:19:30.921+0200] {logging_mixin.py:190} INFO - [2025-03-18T14:19:30.920+0200] {dagbag.py:588} INFO - Filling up the DagBag from /home/munyah/.local/lib/python3.10/site-packages/airflow/example_dags/example_branch_operator_decorator.py
[2025-03-18T14:19:30.927+0200] {processor.py:927} WARNING - No viable dags retrieved from /home/munyah/.local/lib/python3.10/site-packages/airflow/example_dags/example_branch_operator_decorator.py
[2025-03-18T14:19:30.942+0200] {processor.py:208} INFO - Processing /home/munyah/.local/lib/python3.10/site-packages/airflow/example_dags/example_branch_operator_decorator.py took 0.068 seconds
[2025-03-18T14:20:43.416+0200] {processor.py:186} INFO - Started process (PID=35610) to work on /home/munyah/.local/lib/python3.10/site-packages/airflow/example_dags/example_branch_operator_decorator.py
[2025-03-18T14:20:43.418+0200] {processor.py:914} INFO - Processing file /home/munyah/.local/lib/python3.10/site-packages/airflow/example_dags/example_branch_operator_decorator.py for tasks to queue
[2025-03-18T14:20:43.428+0200] {logging_mixin.py:190} INFO - [2025-03-18T14:20:43.423+0200] {dagbag.py:588} INFO - Filling up the DagBag from /home/munyah/.local/lib/python3.10/site-packages/airflow/example_dags/example_branch_operator_decorator.py
[2025-03-18T14:20:43.433+0200] {processor.py:927} WARNING - No viable dags retrieved from /home/munyah/.local/lib/python3.10/site-packages/airflow/example_dags/example_branch_operator_decorator.py
[2025-03-18T14:20:43.455+0200] {processor.py:208} INFO - Processing /home/munyah/.local/lib/python3.10/site-packages/airflow/example_dags/example_branch_operator_decorator.py took 0.061 seconds
[2025-03-18T14:21:47.390+0200] {processor.py:186} INFO - Started process (PID=36039) to work on /home/munyah/.local/lib/python3.10/site-packages/airflow/example_dags/example_branch_operator_decorator.py
[2025-03-18T14:21:47.391+0200] {processor.py:914} INFO - Processing file /home/munyah/.local/lib/python3.10/site-packages/airflow/example_dags/example_branch_operator_decorator.py for tasks to queue
[2025-03-18T14:21:47.394+0200] {logging_mixin.py:190} INFO - [2025-03-18T14:21:47.393+0200] {dagbag.py:588} INFO - Filling up the DagBag from /home/munyah/.local/lib/python3.10/site-packages/airflow/example_dags/example_branch_operator_decorator.py
[2025-03-18T14:21:47.397+0200] {processor.py:927} WARNING - No viable dags retrieved from /home/munyah/.local/lib/python3.10/site-packages/airflow/example_dags/example_branch_operator_decorator.py
[2025-03-18T14:21:47.409+0200] {processor.py:208} INFO - Processing /home/munyah/.local/lib/python3.10/site-packages/airflow/example_dags/example_branch_operator_decorator.py took 0.027 seconds
[2025-03-18T14:22:50.090+0200] {processor.py:186} INFO - Started process (PID=36269) to work on /home/munyah/.local/lib/python3.10/site-packages/airflow/example_dags/example_branch_operator_decorator.py
[2025-03-18T14:22:50.092+0200] {processor.py:914} INFO - Processing file /home/munyah/.local/lib/python3.10/site-packages/airflow/example_dags/example_branch_operator_decorator.py for tasks to queue
[2025-03-18T14:22:50.096+0200] {logging_mixin.py:190} INFO - [2025-03-18T14:22:50.095+0200] {dagbag.py:588} INFO - Filling up the DagBag from /home/munyah/.local/lib/python3.10/site-packages/airflow/example_dags/example_branch_operator_decorator.py
[2025-03-18T14:22:50.100+0200] {processor.py:927} WARNING - No viable dags retrieved from /home/munyah/.local/lib/python3.10/site-packages/airflow/example_dags/example_branch_operator_decorator.py
[2025-03-18T14:22:50.114+0200] {processor.py:208} INFO - Processing /home/munyah/.local/lib/python3.10/site-packages/airflow/example_dags/example_branch_operator_decorator.py took 0.041 seconds
[2025-03-18T14:23:51.167+0200] {processor.py:186} INFO - Started process (PID=36638) to work on /home/munyah/.local/lib/python3.10/site-packages/airflow/example_dags/example_branch_operator_decorator.py
[2025-03-18T14:23:51.168+0200] {processor.py:914} INFO - Processing file /home/munyah/.local/lib/python3.10/site-packages/airflow/example_dags/example_branch_operator_decorator.py for tasks to queue
[2025-03-18T14:23:51.171+0200] {logging_mixin.py:190} INFO - [2025-03-18T14:23:51.170+0200] {dagbag.py:588} INFO - Filling up the DagBag from /home/munyah/.local/lib/python3.10/site-packages/airflow/example_dags/example_branch_operator_decorator.py
[2025-03-18T14:23:51.174+0200] {processor.py:927} WARNING - No viable dags retrieved from /home/munyah/.local/lib/python3.10/site-packages/airflow/example_dags/example_branch_operator_decorator.py
[2025-03-18T14:23:51.187+0200] {processor.py:208} INFO - Processing /home/munyah/.local/lib/python3.10/site-packages/airflow/example_dags/example_branch_operator_decorator.py took 0.030 seconds
[2025-03-18T14:24:53.599+0200] {processor.py:186} INFO - Started process (PID=37131) to work on /home/munyah/.local/lib/python3.10/site-packages/airflow/example_dags/example_branch_operator_decorator.py
[2025-03-18T14:24:53.600+0200] {processor.py:914} INFO - Processing file /home/munyah/.local/lib/python3.10/site-packages/airflow/example_dags/example_branch_operator_decorator.py for tasks to queue
[2025-03-18T14:24:53.603+0200] {logging_mixin.py:190} INFO - [2025-03-18T14:24:53.603+0200] {dagbag.py:588} INFO - Filling up the DagBag from /home/munyah/.local/lib/python3.10/site-packages/airflow/example_dags/example_branch_operator_decorator.py
[2025-03-18T14:24:53.607+0200] {processor.py:927} WARNING - No viable dags retrieved from /home/munyah/.local/lib/python3.10/site-packages/airflow/example_dags/example_branch_operator_decorator.py
[2025-03-18T14:24:53.619+0200] {processor.py:208} INFO - Processing /home/munyah/.local/lib/python3.10/site-packages/airflow/example_dags/example_branch_operator_decorator.py took 0.029 seconds
[2025-03-18T14:26:30.229+0200] {processor.py:186} INFO - Started process (PID=37686) to work on /home/munyah/.local/lib/python3.10/site-packages/airflow/example_dags/example_branch_operator_decorator.py
[2025-03-18T14:26:30.230+0200] {processor.py:914} INFO - Processing file /home/munyah/.local/lib/python3.10/site-packages/airflow/example_dags/example_branch_operator_decorator.py for tasks to queue
[2025-03-18T14:26:30.233+0200] {logging_mixin.py:190} INFO - [2025-03-18T14:26:30.233+0200] {dagbag.py:588} INFO - Filling up the DagBag from /home/munyah/.local/lib/python3.10/site-packages/airflow/example_dags/example_branch_operator_decorator.py
[2025-03-18T14:26:30.237+0200] {processor.py:927} WARNING - No viable dags retrieved from /home/munyah/.local/lib/python3.10/site-packages/airflow/example_dags/example_branch_operator_decorator.py
[2025-03-18T14:26:30.250+0200] {processor.py:208} INFO - Processing /home/munyah/.local/lib/python3.10/site-packages/airflow/example_dags/example_branch_operator_decorator.py took 0.027 seconds
[2025-03-18T14:27:39.966+0200] {processor.py:186} INFO - Started process (PID=38128) to work on /home/munyah/.local/lib/python3.10/site-packages/airflow/example_dags/example_branch_operator_decorator.py
[2025-03-18T14:27:39.970+0200] {processor.py:914} INFO - Processing file /home/munyah/.local/lib/python3.10/site-packages/airflow/example_dags/example_branch_operator_decorator.py for tasks to queue
[2025-03-18T14:27:39.975+0200] {logging_mixin.py:190} INFO - [2025-03-18T14:27:39.974+0200] {dagbag.py:588} INFO - Filling up the DagBag from /home/munyah/.local/lib/python3.10/site-packages/airflow/example_dags/example_branch_operator_decorator.py
[2025-03-18T14:27:39.980+0200] {processor.py:927} WARNING - No viable dags retrieved from /home/munyah/.local/lib/python3.10/site-packages/airflow/example_dags/example_branch_operator_decorator.py
[2025-03-18T14:27:39.997+0200] {processor.py:208} INFO - Processing /home/munyah/.local/lib/python3.10/site-packages/airflow/example_dags/example_branch_operator_decorator.py took 0.042 seconds
[2025-03-18T14:28:58.610+0200] {processor.py:186} INFO - Started process (PID=38629) to work on /home/munyah/.local/lib/python3.10/site-packages/airflow/example_dags/example_branch_operator_decorator.py
[2025-03-18T14:28:58.613+0200] {processor.py:914} INFO - Processing file /home/munyah/.local/lib/python3.10/site-packages/airflow/example_dags/example_branch_operator_decorator.py for tasks to queue
[2025-03-18T14:28:58.618+0200] {logging_mixin.py:190} INFO - [2025-03-18T14:28:58.618+0200] {dagbag.py:588} INFO - Filling up the DagBag from /home/munyah/.local/lib/python3.10/site-packages/airflow/example_dags/example_branch_operator_decorator.py
[2025-03-18T14:28:58.625+0200] {processor.py:927} WARNING - No viable dags retrieved from /home/munyah/.local/lib/python3.10/site-packages/airflow/example_dags/example_branch_operator_decorator.py
[2025-03-18T14:28:58.647+0200] {processor.py:208} INFO - Processing /home/munyah/.local/lib/python3.10/site-packages/airflow/example_dags/example_branch_operator_decorator.py took 0.052 seconds
[2025-03-18T14:30:17.374+0200] {processor.py:186} INFO - Started process (PID=39185) to work on /home/munyah/.local/lib/python3.10/site-packages/airflow/example_dags/example_branch_operator_decorator.py
[2025-03-18T14:30:17.377+0200] {processor.py:914} INFO - Processing file /home/munyah/.local/lib/python3.10/site-packages/airflow/example_dags/example_branch_operator_decorator.py for tasks to queue
[2025-03-18T14:30:17.383+0200] {logging_mixin.py:190} INFO - [2025-03-18T14:30:17.382+0200] {dagbag.py:588} INFO - Filling up the DagBag from /home/munyah/.local/lib/python3.10/site-packages/airflow/example_dags/example_branch_operator_decorator.py
[2025-03-18T14:30:17.394+0200] {processor.py:927} WARNING - No viable dags retrieved from /home/munyah/.local/lib/python3.10/site-packages/airflow/example_dags/example_branch_operator_decorator.py
[2025-03-18T14:30:17.416+0200] {processor.py:208} INFO - Processing /home/munyah/.local/lib/python3.10/site-packages/airflow/example_dags/example_branch_operator_decorator.py took 0.060 seconds
[2025-03-18T14:31:37.943+0200] {processor.py:186} INFO - Started process (PID=39686) to work on /home/munyah/.local/lib/python3.10/site-packages/airflow/example_dags/example_branch_operator_decorator.py
[2025-03-18T14:31:37.944+0200] {processor.py:914} INFO - Processing file /home/munyah/.local/lib/python3.10/site-packages/airflow/example_dags/example_branch_operator_decorator.py for tasks to queue
[2025-03-18T14:31:37.948+0200] {logging_mixin.py:190} INFO - [2025-03-18T14:31:37.947+0200] {dagbag.py:588} INFO - Filling up the DagBag from /home/munyah/.local/lib/python3.10/site-packages/airflow/example_dags/example_branch_operator_decorator.py
[2025-03-18T14:31:37.952+0200] {processor.py:927} WARNING - No viable dags retrieved from /home/munyah/.local/lib/python3.10/site-packages/airflow/example_dags/example_branch_operator_decorator.py
[2025-03-18T14:31:37.964+0200] {processor.py:208} INFO - Processing /home/munyah/.local/lib/python3.10/site-packages/airflow/example_dags/example_branch_operator_decorator.py took 0.028 seconds
[2025-03-18T14:32:50.170+0200] {processor.py:186} INFO - Started process (PID=40125) to work on /home/munyah/.local/lib/python3.10/site-packages/airflow/example_dags/example_branch_operator_decorator.py
[2025-03-18T14:32:50.172+0200] {processor.py:914} INFO - Processing file /home/munyah/.local/lib/python3.10/site-packages/airflow/example_dags/example_branch_operator_decorator.py for tasks to queue
[2025-03-18T14:32:50.176+0200] {logging_mixin.py:190} INFO - [2025-03-18T14:32:50.175+0200] {dagbag.py:588} INFO - Filling up the DagBag from /home/munyah/.local/lib/python3.10/site-packages/airflow/example_dags/example_branch_operator_decorator.py
[2025-03-18T14:32:50.181+0200] {processor.py:927} WARNING - No viable dags retrieved from /home/munyah/.local/lib/python3.10/site-packages/airflow/example_dags/example_branch_operator_decorator.py
[2025-03-18T14:32:50.196+0200] {processor.py:208} INFO - Processing /home/munyah/.local/lib/python3.10/site-packages/airflow/example_dags/example_branch_operator_decorator.py took 0.035 seconds
[2025-03-18T14:34:04.839+0200] {processor.py:186} INFO - Started process (PID=40621) to work on /home/munyah/.local/lib/python3.10/site-packages/airflow/example_dags/example_branch_operator_decorator.py
[2025-03-18T14:34:04.840+0200] {processor.py:914} INFO - Processing file /home/munyah/.local/lib/python3.10/site-packages/airflow/example_dags/example_branch_operator_decorator.py for tasks to queue
[2025-03-18T14:34:04.843+0200] {logging_mixin.py:190} INFO - [2025-03-18T14:34:04.842+0200] {dagbag.py:588} INFO - Filling up the DagBag from /home/munyah/.local/lib/python3.10/site-packages/airflow/example_dags/example_branch_operator_decorator.py
[2025-03-18T14:34:04.847+0200] {processor.py:927} WARNING - No viable dags retrieved from /home/munyah/.local/lib/python3.10/site-packages/airflow/example_dags/example_branch_operator_decorator.py
[2025-03-18T14:34:04.860+0200] {processor.py:208} INFO - Processing /home/munyah/.local/lib/python3.10/site-packages/airflow/example_dags/example_branch_operator_decorator.py took 0.030 seconds
[2025-03-18T14:35:17.105+0200] {processor.py:186} INFO - Started process (PID=41177) to work on /home/munyah/.local/lib/python3.10/site-packages/airflow/example_dags/example_branch_operator_decorator.py
[2025-03-18T14:35:17.106+0200] {processor.py:914} INFO - Processing file /home/munyah/.local/lib/python3.10/site-packages/airflow/example_dags/example_branch_operator_decorator.py for tasks to queue
[2025-03-18T14:35:17.108+0200] {logging_mixin.py:190} INFO - [2025-03-18T14:35:17.108+0200] {dagbag.py:588} INFO - Filling up the DagBag from /home/munyah/.local/lib/python3.10/site-packages/airflow/example_dags/example_branch_operator_decorator.py
[2025-03-18T14:35:17.112+0200] {processor.py:927} WARNING - No viable dags retrieved from /home/munyah/.local/lib/python3.10/site-packages/airflow/example_dags/example_branch_operator_decorator.py
[2025-03-18T14:35:17.123+0200] {processor.py:208} INFO - Processing /home/munyah/.local/lib/python3.10/site-packages/airflow/example_dags/example_branch_operator_decorator.py took 0.026 seconds
[2025-03-18T14:36:22.222+0200] {processor.py:186} INFO - Started process (PID=41602) to work on /home/munyah/.local/lib/python3.10/site-packages/airflow/example_dags/example_branch_operator_decorator.py
[2025-03-18T14:36:22.224+0200] {processor.py:914} INFO - Processing file /home/munyah/.local/lib/python3.10/site-packages/airflow/example_dags/example_branch_operator_decorator.py for tasks to queue
[2025-03-18T14:36:22.226+0200] {logging_mixin.py:190} INFO - [2025-03-18T14:36:22.225+0200] {dagbag.py:588} INFO - Filling up the DagBag from /home/munyah/.local/lib/python3.10/site-packages/airflow/example_dags/example_branch_operator_decorator.py
[2025-03-18T14:36:22.230+0200] {processor.py:927} WARNING - No viable dags retrieved from /home/munyah/.local/lib/python3.10/site-packages/airflow/example_dags/example_branch_operator_decorator.py
[2025-03-18T14:36:22.241+0200] {processor.py:208} INFO - Processing /home/munyah/.local/lib/python3.10/site-packages/airflow/example_dags/example_branch_operator_decorator.py took 0.026 seconds
[2025-03-18T14:37:33.053+0200] {processor.py:186} INFO - Started process (PID=42050) to work on /home/munyah/.local/lib/python3.10/site-packages/airflow/example_dags/example_branch_operator_decorator.py
[2025-03-18T14:37:33.055+0200] {processor.py:914} INFO - Processing file /home/munyah/.local/lib/python3.10/site-packages/airflow/example_dags/example_branch_operator_decorator.py for tasks to queue
[2025-03-18T14:37:33.058+0200] {logging_mixin.py:190} INFO - [2025-03-18T14:37:33.057+0200] {dagbag.py:588} INFO - Filling up the DagBag from /home/munyah/.local/lib/python3.10/site-packages/airflow/example_dags/example_branch_operator_decorator.py
[2025-03-18T14:37:33.061+0200] {processor.py:927} WARNING - No viable dags retrieved from /home/munyah/.local/lib/python3.10/site-packages/airflow/example_dags/example_branch_operator_decorator.py
[2025-03-18T14:37:33.074+0200] {processor.py:208} INFO - Processing /home/munyah/.local/lib/python3.10/site-packages/airflow/example_dags/example_branch_operator_decorator.py took 0.031 seconds
[2025-03-18T14:38:42.533+0200] {processor.py:186} INFO - Started process (PID=42464) to work on /home/munyah/.local/lib/python3.10/site-packages/airflow/example_dags/example_branch_operator_decorator.py
[2025-03-18T14:38:42.535+0200] {processor.py:914} INFO - Processing file /home/munyah/.local/lib/python3.10/site-packages/airflow/example_dags/example_branch_operator_decorator.py for tasks to queue
[2025-03-18T14:38:42.537+0200] {logging_mixin.py:190} INFO - [2025-03-18T14:38:42.537+0200] {dagbag.py:588} INFO - Filling up the DagBag from /home/munyah/.local/lib/python3.10/site-packages/airflow/example_dags/example_branch_operator_decorator.py
[2025-03-18T14:38:42.541+0200] {processor.py:927} WARNING - No viable dags retrieved from /home/munyah/.local/lib/python3.10/site-packages/airflow/example_dags/example_branch_operator_decorator.py
[2025-03-18T14:38:42.554+0200] {processor.py:208} INFO - Processing /home/munyah/.local/lib/python3.10/site-packages/airflow/example_dags/example_branch_operator_decorator.py took 0.029 seconds
[2025-03-18T14:39:41.066+0200] {processor.py:186} INFO - Started process (PID=42634) to work on /home/munyah/.local/lib/python3.10/site-packages/airflow/example_dags/example_branch_operator_decorator.py
[2025-03-18T14:39:41.067+0200] {processor.py:914} INFO - Processing file /home/munyah/.local/lib/python3.10/site-packages/airflow/example_dags/example_branch_operator_decorator.py for tasks to queue
[2025-03-18T14:39:41.071+0200] {logging_mixin.py:190} INFO - [2025-03-18T14:39:41.070+0200] {dagbag.py:588} INFO - Filling up the DagBag from /home/munyah/.local/lib/python3.10/site-packages/airflow/example_dags/example_branch_operator_decorator.py
[2025-03-18T14:39:41.074+0200] {processor.py:927} WARNING - No viable dags retrieved from /home/munyah/.local/lib/python3.10/site-packages/airflow/example_dags/example_branch_operator_decorator.py
[2025-03-18T14:39:41.087+0200] {processor.py:208} INFO - Processing /home/munyah/.local/lib/python3.10/site-packages/airflow/example_dags/example_branch_operator_decorator.py took 0.028 seconds
[2025-03-18T14:40:43.697+0200] {processor.py:186} INFO - Started process (PID=42834) to work on /home/munyah/.local/lib/python3.10/site-packages/airflow/example_dags/example_branch_operator_decorator.py
[2025-03-18T14:40:43.699+0200] {processor.py:914} INFO - Processing file /home/munyah/.local/lib/python3.10/site-packages/airflow/example_dags/example_branch_operator_decorator.py for tasks to queue
[2025-03-18T14:40:43.703+0200] {logging_mixin.py:190} INFO - [2025-03-18T14:40:43.702+0200] {dagbag.py:588} INFO - Filling up the DagBag from /home/munyah/.local/lib/python3.10/site-packages/airflow/example_dags/example_branch_operator_decorator.py
[2025-03-18T14:40:43.710+0200] {processor.py:927} WARNING - No viable dags retrieved from /home/munyah/.local/lib/python3.10/site-packages/airflow/example_dags/example_branch_operator_decorator.py
[2025-03-18T14:40:43.729+0200] {processor.py:208} INFO - Processing /home/munyah/.local/lib/python3.10/site-packages/airflow/example_dags/example_branch_operator_decorator.py took 0.043 seconds
[2025-03-18T14:41:44.503+0200] {processor.py:186} INFO - Started process (PID=43153) to work on /home/munyah/.local/lib/python3.10/site-packages/airflow/example_dags/example_branch_operator_decorator.py
[2025-03-18T14:41:44.505+0200] {processor.py:914} INFO - Processing file /home/munyah/.local/lib/python3.10/site-packages/airflow/example_dags/example_branch_operator_decorator.py for tasks to queue
[2025-03-18T14:41:44.507+0200] {logging_mixin.py:190} INFO - [2025-03-18T14:41:44.507+0200] {dagbag.py:588} INFO - Filling up the DagBag from /home/munyah/.local/lib/python3.10/site-packages/airflow/example_dags/example_branch_operator_decorator.py
[2025-03-18T14:41:44.511+0200] {processor.py:927} WARNING - No viable dags retrieved from /home/munyah/.local/lib/python3.10/site-packages/airflow/example_dags/example_branch_operator_decorator.py
[2025-03-18T14:41:44.523+0200] {processor.py:208} INFO - Processing /home/munyah/.local/lib/python3.10/site-packages/airflow/example_dags/example_branch_operator_decorator.py took 0.028 seconds
[2025-03-18T14:42:45.074+0200] {processor.py:186} INFO - Started process (PID=43663) to work on /home/munyah/.local/lib/python3.10/site-packages/airflow/example_dags/example_branch_operator_decorator.py
[2025-03-18T14:42:45.075+0200] {processor.py:914} INFO - Processing file /home/munyah/.local/lib/python3.10/site-packages/airflow/example_dags/example_branch_operator_decorator.py for tasks to queue
[2025-03-18T14:42:45.079+0200] {logging_mixin.py:190} INFO - [2025-03-18T14:42:45.078+0200] {dagbag.py:588} INFO - Filling up the DagBag from /home/munyah/.local/lib/python3.10/site-packages/airflow/example_dags/example_branch_operator_decorator.py
[2025-03-18T14:42:45.084+0200] {processor.py:927} WARNING - No viable dags retrieved from /home/munyah/.local/lib/python3.10/site-packages/airflow/example_dags/example_branch_operator_decorator.py
[2025-03-18T14:42:45.102+0200] {processor.py:208} INFO - Processing /home/munyah/.local/lib/python3.10/site-packages/airflow/example_dags/example_branch_operator_decorator.py took 0.039 seconds
[2025-03-18T14:43:55.033+0200] {processor.py:186} INFO - Started process (PID=44078) to work on /home/munyah/.local/lib/python3.10/site-packages/airflow/example_dags/example_branch_operator_decorator.py
[2025-03-18T14:43:55.034+0200] {processor.py:914} INFO - Processing file /home/munyah/.local/lib/python3.10/site-packages/airflow/example_dags/example_branch_operator_decorator.py for tasks to queue
[2025-03-18T14:43:55.036+0200] {logging_mixin.py:190} INFO - [2025-03-18T14:43:55.036+0200] {dagbag.py:588} INFO - Filling up the DagBag from /home/munyah/.local/lib/python3.10/site-packages/airflow/example_dags/example_branch_operator_decorator.py
[2025-03-18T14:43:55.039+0200] {processor.py:927} WARNING - No viable dags retrieved from /home/munyah/.local/lib/python3.10/site-packages/airflow/example_dags/example_branch_operator_decorator.py
[2025-03-18T14:43:55.050+0200] {processor.py:208} INFO - Processing /home/munyah/.local/lib/python3.10/site-packages/airflow/example_dags/example_branch_operator_decorator.py took 0.025 seconds
[2025-03-18T14:45:05.724+0200] {processor.py:186} INFO - Started process (PID=44267) to work on /home/munyah/.local/lib/python3.10/site-packages/airflow/example_dags/example_branch_operator_decorator.py
[2025-03-18T14:45:05.726+0200] {processor.py:914} INFO - Processing file /home/munyah/.local/lib/python3.10/site-packages/airflow/example_dags/example_branch_operator_decorator.py for tasks to queue
[2025-03-18T14:45:05.730+0200] {logging_mixin.py:190} INFO - [2025-03-18T14:45:05.729+0200] {dagbag.py:588} INFO - Filling up the DagBag from /home/munyah/.local/lib/python3.10/site-packages/airflow/example_dags/example_branch_operator_decorator.py
[2025-03-18T14:45:05.736+0200] {processor.py:927} WARNING - No viable dags retrieved from /home/munyah/.local/lib/python3.10/site-packages/airflow/example_dags/example_branch_operator_decorator.py
[2025-03-18T14:45:05.753+0200] {processor.py:208} INFO - Processing /home/munyah/.local/lib/python3.10/site-packages/airflow/example_dags/example_branch_operator_decorator.py took 0.042 seconds
[2025-03-18T14:46:04.557+0200] {processor.py:186} INFO - Started process (PID=44443) to work on /home/munyah/.local/lib/python3.10/site-packages/airflow/example_dags/example_branch_operator_decorator.py
[2025-03-18T14:46:04.558+0200] {processor.py:914} INFO - Processing file /home/munyah/.local/lib/python3.10/site-packages/airflow/example_dags/example_branch_operator_decorator.py for tasks to queue
[2025-03-18T14:46:04.562+0200] {logging_mixin.py:190} INFO - [2025-03-18T14:46:04.561+0200] {dagbag.py:588} INFO - Filling up the DagBag from /home/munyah/.local/lib/python3.10/site-packages/airflow/example_dags/example_branch_operator_decorator.py
[2025-03-18T14:46:04.566+0200] {processor.py:927} WARNING - No viable dags retrieved from /home/munyah/.local/lib/python3.10/site-packages/airflow/example_dags/example_branch_operator_decorator.py
[2025-03-18T14:46:04.579+0200] {processor.py:208} INFO - Processing /home/munyah/.local/lib/python3.10/site-packages/airflow/example_dags/example_branch_operator_decorator.py took 0.029 seconds
[2025-03-18T14:47:08.534+0200] {processor.py:186} INFO - Started process (PID=44608) to work on /home/munyah/.local/lib/python3.10/site-packages/airflow/example_dags/example_branch_operator_decorator.py
[2025-03-18T14:47:08.535+0200] {processor.py:914} INFO - Processing file /home/munyah/.local/lib/python3.10/site-packages/airflow/example_dags/example_branch_operator_decorator.py for tasks to queue
[2025-03-18T14:47:08.539+0200] {logging_mixin.py:190} INFO - [2025-03-18T14:47:08.538+0200] {dagbag.py:588} INFO - Filling up the DagBag from /home/munyah/.local/lib/python3.10/site-packages/airflow/example_dags/example_branch_operator_decorator.py
[2025-03-18T14:47:08.545+0200] {processor.py:927} WARNING - No viable dags retrieved from /home/munyah/.local/lib/python3.10/site-packages/airflow/example_dags/example_branch_operator_decorator.py
[2025-03-18T14:47:08.560+0200] {processor.py:208} INFO - Processing /home/munyah/.local/lib/python3.10/site-packages/airflow/example_dags/example_branch_operator_decorator.py took 0.040 seconds
[2025-03-18T14:48:12.505+0200] {processor.py:186} INFO - Started process (PID=44943) to work on /home/munyah/.local/lib/python3.10/site-packages/airflow/example_dags/example_branch_operator_decorator.py
[2025-03-18T14:48:12.506+0200] {processor.py:914} INFO - Processing file /home/munyah/.local/lib/python3.10/site-packages/airflow/example_dags/example_branch_operator_decorator.py for tasks to queue
[2025-03-18T14:48:12.508+0200] {logging_mixin.py:190} INFO - [2025-03-18T14:48:12.508+0200] {dagbag.py:588} INFO - Filling up the DagBag from /home/munyah/.local/lib/python3.10/site-packages/airflow/example_dags/example_branch_operator_decorator.py
[2025-03-18T14:48:12.512+0200] {processor.py:927} WARNING - No viable dags retrieved from /home/munyah/.local/lib/python3.10/site-packages/airflow/example_dags/example_branch_operator_decorator.py
[2025-03-18T14:48:12.525+0200] {processor.py:208} INFO - Processing /home/munyah/.local/lib/python3.10/site-packages/airflow/example_dags/example_branch_operator_decorator.py took 0.027 seconds
[2025-03-18T14:49:15.069+0200] {processor.py:186} INFO - Started process (PID=45142) to work on /home/munyah/.local/lib/python3.10/site-packages/airflow/example_dags/example_branch_operator_decorator.py
[2025-03-18T14:49:15.070+0200] {processor.py:914} INFO - Processing file /home/munyah/.local/lib/python3.10/site-packages/airflow/example_dags/example_branch_operator_decorator.py for tasks to queue
[2025-03-18T14:49:15.073+0200] {logging_mixin.py:190} INFO - [2025-03-18T14:49:15.073+0200] {dagbag.py:588} INFO - Filling up the DagBag from /home/munyah/.local/lib/python3.10/site-packages/airflow/example_dags/example_branch_operator_decorator.py
[2025-03-18T14:49:15.077+0200] {processor.py:927} WARNING - No viable dags retrieved from /home/munyah/.local/lib/python3.10/site-packages/airflow/example_dags/example_branch_operator_decorator.py
[2025-03-18T14:49:15.089+0200] {processor.py:208} INFO - Processing /home/munyah/.local/lib/python3.10/site-packages/airflow/example_dags/example_branch_operator_decorator.py took 0.029 seconds
[2025-03-18T14:50:13.838+0200] {processor.py:186} INFO - Started process (PID=45337) to work on /home/munyah/.local/lib/python3.10/site-packages/airflow/example_dags/example_branch_operator_decorator.py
[2025-03-18T14:50:13.839+0200] {processor.py:914} INFO - Processing file /home/munyah/.local/lib/python3.10/site-packages/airflow/example_dags/example_branch_operator_decorator.py for tasks to queue
[2025-03-18T14:50:13.841+0200] {logging_mixin.py:190} INFO - [2025-03-18T14:50:13.841+0200] {dagbag.py:588} INFO - Filling up the DagBag from /home/munyah/.local/lib/python3.10/site-packages/airflow/example_dags/example_branch_operator_decorator.py
[2025-03-18T14:50:13.845+0200] {processor.py:927} WARNING - No viable dags retrieved from /home/munyah/.local/lib/python3.10/site-packages/airflow/example_dags/example_branch_operator_decorator.py
[2025-03-18T14:50:13.856+0200] {processor.py:208} INFO - Processing /home/munyah/.local/lib/python3.10/site-packages/airflow/example_dags/example_branch_operator_decorator.py took 0.025 seconds
[2025-03-18T14:51:16.346+0200] {processor.py:186} INFO - Started process (PID=45574) to work on /home/munyah/.local/lib/python3.10/site-packages/airflow/example_dags/example_branch_operator_decorator.py
[2025-03-18T14:51:16.347+0200] {processor.py:914} INFO - Processing file /home/munyah/.local/lib/python3.10/site-packages/airflow/example_dags/example_branch_operator_decorator.py for tasks to queue
[2025-03-18T14:51:16.350+0200] {logging_mixin.py:190} INFO - [2025-03-18T14:51:16.349+0200] {dagbag.py:588} INFO - Filling up the DagBag from /home/munyah/.local/lib/python3.10/site-packages/airflow/example_dags/example_branch_operator_decorator.py
[2025-03-18T14:51:16.353+0200] {processor.py:927} WARNING - No viable dags retrieved from /home/munyah/.local/lib/python3.10/site-packages/airflow/example_dags/example_branch_operator_decorator.py
[2025-03-18T14:51:16.365+0200] {processor.py:208} INFO - Processing /home/munyah/.local/lib/python3.10/site-packages/airflow/example_dags/example_branch_operator_decorator.py took 0.026 seconds
[2025-03-18T14:52:15.829+0200] {processor.py:186} INFO - Started process (PID=45750) to work on /home/munyah/.local/lib/python3.10/site-packages/airflow/example_dags/example_branch_operator_decorator.py
[2025-03-18T14:52:15.831+0200] {processor.py:914} INFO - Processing file /home/munyah/.local/lib/python3.10/site-packages/airflow/example_dags/example_branch_operator_decorator.py for tasks to queue
[2025-03-18T14:52:15.835+0200] {logging_mixin.py:190} INFO - [2025-03-18T14:52:15.834+0200] {dagbag.py:588} INFO - Filling up the DagBag from /home/munyah/.local/lib/python3.10/site-packages/airflow/example_dags/example_branch_operator_decorator.py
[2025-03-18T14:52:15.839+0200] {processor.py:927} WARNING - No viable dags retrieved from /home/munyah/.local/lib/python3.10/site-packages/airflow/example_dags/example_branch_operator_decorator.py
[2025-03-18T14:52:15.853+0200] {processor.py:208} INFO - Processing /home/munyah/.local/lib/python3.10/site-packages/airflow/example_dags/example_branch_operator_decorator.py took 0.035 seconds
[2025-03-18T14:53:17.388+0200] {processor.py:186} INFO - Started process (PID=45941) to work on /home/munyah/.local/lib/python3.10/site-packages/airflow/example_dags/example_branch_operator_decorator.py
[2025-03-18T14:53:17.389+0200] {processor.py:914} INFO - Processing file /home/munyah/.local/lib/python3.10/site-packages/airflow/example_dags/example_branch_operator_decorator.py for tasks to queue
[2025-03-18T14:53:17.392+0200] {logging_mixin.py:190} INFO - [2025-03-18T14:53:17.391+0200] {dagbag.py:588} INFO - Filling up the DagBag from /home/munyah/.local/lib/python3.10/site-packages/airflow/example_dags/example_branch_operator_decorator.py
[2025-03-18T14:53:17.396+0200] {processor.py:927} WARNING - No viable dags retrieved from /home/munyah/.local/lib/python3.10/site-packages/airflow/example_dags/example_branch_operator_decorator.py
[2025-03-18T14:53:17.407+0200] {processor.py:208} INFO - Processing /home/munyah/.local/lib/python3.10/site-packages/airflow/example_dags/example_branch_operator_decorator.py took 0.027 seconds
[2025-03-18T14:54:25.939+0200] {processor.py:186} INFO - Started process (PID=46140) to work on /home/munyah/.local/lib/python3.10/site-packages/airflow/example_dags/example_branch_operator_decorator.py
[2025-03-18T14:54:25.940+0200] {processor.py:914} INFO - Processing file /home/munyah/.local/lib/python3.10/site-packages/airflow/example_dags/example_branch_operator_decorator.py for tasks to queue
[2025-03-18T14:54:25.943+0200] {logging_mixin.py:190} INFO - [2025-03-18T14:54:25.942+0200] {dagbag.py:588} INFO - Filling up the DagBag from /home/munyah/.local/lib/python3.10/site-packages/airflow/example_dags/example_branch_operator_decorator.py
[2025-03-18T14:54:25.946+0200] {processor.py:927} WARNING - No viable dags retrieved from /home/munyah/.local/lib/python3.10/site-packages/airflow/example_dags/example_branch_operator_decorator.py
[2025-03-18T14:54:25.959+0200] {processor.py:208} INFO - Processing /home/munyah/.local/lib/python3.10/site-packages/airflow/example_dags/example_branch_operator_decorator.py took 0.029 seconds
[2025-03-18T14:55:29.471+0200] {processor.py:186} INFO - Started process (PID=46290) to work on /home/munyah/.local/lib/python3.10/site-packages/airflow/example_dags/example_branch_operator_decorator.py
[2025-03-18T14:55:29.473+0200] {processor.py:914} INFO - Processing file /home/munyah/.local/lib/python3.10/site-packages/airflow/example_dags/example_branch_operator_decorator.py for tasks to queue
[2025-03-18T14:55:29.475+0200] {logging_mixin.py:190} INFO - [2025-03-18T14:55:29.475+0200] {dagbag.py:588} INFO - Filling up the DagBag from /home/munyah/.local/lib/python3.10/site-packages/airflow/example_dags/example_branch_operator_decorator.py
[2025-03-18T14:55:29.479+0200] {processor.py:927} WARNING - No viable dags retrieved from /home/munyah/.local/lib/python3.10/site-packages/airflow/example_dags/example_branch_operator_decorator.py
[2025-03-18T14:55:29.493+0200] {processor.py:208} INFO - Processing /home/munyah/.local/lib/python3.10/site-packages/airflow/example_dags/example_branch_operator_decorator.py took 0.031 seconds
[2025-03-18T14:56:33.882+0200] {processor.py:186} INFO - Started process (PID=46414) to work on /home/munyah/.local/lib/python3.10/site-packages/airflow/example_dags/example_branch_operator_decorator.py
[2025-03-18T14:56:33.884+0200] {processor.py:914} INFO - Processing file /home/munyah/.local/lib/python3.10/site-packages/airflow/example_dags/example_branch_operator_decorator.py for tasks to queue
[2025-03-18T14:56:33.887+0200] {logging_mixin.py:190} INFO - [2025-03-18T14:56:33.887+0200] {dagbag.py:588} INFO - Filling up the DagBag from /home/munyah/.local/lib/python3.10/site-packages/airflow/example_dags/example_branch_operator_decorator.py
[2025-03-18T14:56:33.891+0200] {processor.py:927} WARNING - No viable dags retrieved from /home/munyah/.local/lib/python3.10/site-packages/airflow/example_dags/example_branch_operator_decorator.py
[2025-03-18T14:56:33.911+0200] {processor.py:208} INFO - Processing /home/munyah/.local/lib/python3.10/site-packages/airflow/example_dags/example_branch_operator_decorator.py took 0.037 seconds
[2025-03-18T14:57:36.972+0200] {processor.py:186} INFO - Started process (PID=46594) to work on /home/munyah/.local/lib/python3.10/site-packages/airflow/example_dags/example_branch_operator_decorator.py
[2025-03-18T14:57:36.973+0200] {processor.py:914} INFO - Processing file /home/munyah/.local/lib/python3.10/site-packages/airflow/example_dags/example_branch_operator_decorator.py for tasks to queue
[2025-03-18T14:57:36.977+0200] {logging_mixin.py:190} INFO - [2025-03-18T14:57:36.976+0200] {dagbag.py:588} INFO - Filling up the DagBag from /home/munyah/.local/lib/python3.10/site-packages/airflow/example_dags/example_branch_operator_decorator.py
[2025-03-18T14:57:36.982+0200] {processor.py:927} WARNING - No viable dags retrieved from /home/munyah/.local/lib/python3.10/site-packages/airflow/example_dags/example_branch_operator_decorator.py
[2025-03-18T14:57:36.999+0200] {processor.py:208} INFO - Processing /home/munyah/.local/lib/python3.10/site-packages/airflow/example_dags/example_branch_operator_decorator.py took 0.038 seconds
[2025-03-18T14:58:38.128+0200] {processor.py:186} INFO - Started process (PID=46807) to work on /home/munyah/.local/lib/python3.10/site-packages/airflow/example_dags/example_branch_operator_decorator.py
[2025-03-18T14:58:38.130+0200] {processor.py:914} INFO - Processing file /home/munyah/.local/lib/python3.10/site-packages/airflow/example_dags/example_branch_operator_decorator.py for tasks to queue
[2025-03-18T14:58:38.132+0200] {logging_mixin.py:190} INFO - [2025-03-18T14:58:38.132+0200] {dagbag.py:588} INFO - Filling up the DagBag from /home/munyah/.local/lib/python3.10/site-packages/airflow/example_dags/example_branch_operator_decorator.py
[2025-03-18T14:58:38.136+0200] {processor.py:927} WARNING - No viable dags retrieved from /home/munyah/.local/lib/python3.10/site-packages/airflow/example_dags/example_branch_operator_decorator.py
[2025-03-18T14:58:38.148+0200] {processor.py:208} INFO - Processing /home/munyah/.local/lib/python3.10/site-packages/airflow/example_dags/example_branch_operator_decorator.py took 0.027 seconds
[2025-03-18T14:59:41.899+0200] {processor.py:186} INFO - Started process (PID=47125) to work on /home/munyah/.local/lib/python3.10/site-packages/airflow/example_dags/example_branch_operator_decorator.py
[2025-03-18T14:59:41.900+0200] {processor.py:914} INFO - Processing file /home/munyah/.local/lib/python3.10/site-packages/airflow/example_dags/example_branch_operator_decorator.py for tasks to queue
[2025-03-18T14:59:41.903+0200] {logging_mixin.py:190} INFO - [2025-03-18T14:59:41.903+0200] {dagbag.py:588} INFO - Filling up the DagBag from /home/munyah/.local/lib/python3.10/site-packages/airflow/example_dags/example_branch_operator_decorator.py
[2025-03-18T14:59:41.908+0200] {processor.py:927} WARNING - No viable dags retrieved from /home/munyah/.local/lib/python3.10/site-packages/airflow/example_dags/example_branch_operator_decorator.py
[2025-03-18T14:59:41.920+0200] {processor.py:208} INFO - Processing /home/munyah/.local/lib/python3.10/site-packages/airflow/example_dags/example_branch_operator_decorator.py took 0.034 seconds
[2025-03-18T15:00:44.015+0200] {processor.py:186} INFO - Started process (PID=47317) to work on /home/munyah/.local/lib/python3.10/site-packages/airflow/example_dags/example_branch_operator_decorator.py
[2025-03-18T15:00:44.017+0200] {processor.py:914} INFO - Processing file /home/munyah/.local/lib/python3.10/site-packages/airflow/example_dags/example_branch_operator_decorator.py for tasks to queue
[2025-03-18T15:00:44.019+0200] {logging_mixin.py:190} INFO - [2025-03-18T15:00:44.019+0200] {dagbag.py:588} INFO - Filling up the DagBag from /home/munyah/.local/lib/python3.10/site-packages/airflow/example_dags/example_branch_operator_decorator.py
[2025-03-18T15:00:44.022+0200] {processor.py:927} WARNING - No viable dags retrieved from /home/munyah/.local/lib/python3.10/site-packages/airflow/example_dags/example_branch_operator_decorator.py
[2025-03-18T15:00:44.034+0200] {processor.py:208} INFO - Processing /home/munyah/.local/lib/python3.10/site-packages/airflow/example_dags/example_branch_operator_decorator.py took 0.026 seconds
[2025-03-18T15:01:41.450+0200] {processor.py:186} INFO - Started process (PID=47475) to work on /home/munyah/.local/lib/python3.10/site-packages/airflow/example_dags/example_branch_operator_decorator.py
[2025-03-18T15:01:41.451+0200] {processor.py:914} INFO - Processing file /home/munyah/.local/lib/python3.10/site-packages/airflow/example_dags/example_branch_operator_decorator.py for tasks to queue
[2025-03-18T15:01:41.454+0200] {logging_mixin.py:190} INFO - [2025-03-18T15:01:41.454+0200] {dagbag.py:588} INFO - Filling up the DagBag from /home/munyah/.local/lib/python3.10/site-packages/airflow/example_dags/example_branch_operator_decorator.py
[2025-03-18T15:01:41.458+0200] {processor.py:927} WARNING - No viable dags retrieved from /home/munyah/.local/lib/python3.10/site-packages/airflow/example_dags/example_branch_operator_decorator.py
[2025-03-18T15:01:41.470+0200] {processor.py:208} INFO - Processing /home/munyah/.local/lib/python3.10/site-packages/airflow/example_dags/example_branch_operator_decorator.py took 0.028 seconds
[2025-03-18T15:02:36.668+0200] {processor.py:186} INFO - Started process (PID=47602) to work on /home/munyah/.local/lib/python3.10/site-packages/airflow/example_dags/example_branch_operator_decorator.py
[2025-03-18T15:02:36.669+0200] {processor.py:914} INFO - Processing file /home/munyah/.local/lib/python3.10/site-packages/airflow/example_dags/example_branch_operator_decorator.py for tasks to queue
[2025-03-18T15:02:36.672+0200] {logging_mixin.py:190} INFO - [2025-03-18T15:02:36.672+0200] {dagbag.py:588} INFO - Filling up the DagBag from /home/munyah/.local/lib/python3.10/site-packages/airflow/example_dags/example_branch_operator_decorator.py
[2025-03-18T15:02:36.676+0200] {processor.py:927} WARNING - No viable dags retrieved from /home/munyah/.local/lib/python3.10/site-packages/airflow/example_dags/example_branch_operator_decorator.py
[2025-03-18T15:02:36.687+0200] {processor.py:208} INFO - Processing /home/munyah/.local/lib/python3.10/site-packages/airflow/example_dags/example_branch_operator_decorator.py took 0.030 seconds
[2025-03-18T15:03:33.095+0200] {processor.py:186} INFO - Started process (PID=47766) to work on /home/munyah/.local/lib/python3.10/site-packages/airflow/example_dags/example_branch_operator_decorator.py
[2025-03-18T15:03:33.096+0200] {processor.py:914} INFO - Processing file /home/munyah/.local/lib/python3.10/site-packages/airflow/example_dags/example_branch_operator_decorator.py for tasks to queue
[2025-03-18T15:03:33.098+0200] {logging_mixin.py:190} INFO - [2025-03-18T15:03:33.097+0200] {dagbag.py:588} INFO - Filling up the DagBag from /home/munyah/.local/lib/python3.10/site-packages/airflow/example_dags/example_branch_operator_decorator.py
[2025-03-18T15:03:33.102+0200] {processor.py:927} WARNING - No viable dags retrieved from /home/munyah/.local/lib/python3.10/site-packages/airflow/example_dags/example_branch_operator_decorator.py
[2025-03-18T15:03:33.113+0200] {processor.py:208} INFO - Processing /home/munyah/.local/lib/python3.10/site-packages/airflow/example_dags/example_branch_operator_decorator.py took 0.025 seconds
[2025-03-18T15:04:29.017+0200] {processor.py:186} INFO - Started process (PID=47948) to work on /home/munyah/.local/lib/python3.10/site-packages/airflow/example_dags/example_branch_operator_decorator.py
[2025-03-18T15:04:29.018+0200] {processor.py:914} INFO - Processing file /home/munyah/.local/lib/python3.10/site-packages/airflow/example_dags/example_branch_operator_decorator.py for tasks to queue
[2025-03-18T15:04:29.021+0200] {logging_mixin.py:190} INFO - [2025-03-18T15:04:29.020+0200] {dagbag.py:588} INFO - Filling up the DagBag from /home/munyah/.local/lib/python3.10/site-packages/airflow/example_dags/example_branch_operator_decorator.py
[2025-03-18T15:04:29.025+0200] {processor.py:927} WARNING - No viable dags retrieved from /home/munyah/.local/lib/python3.10/site-packages/airflow/example_dags/example_branch_operator_decorator.py
[2025-03-18T15:04:29.036+0200] {processor.py:208} INFO - Processing /home/munyah/.local/lib/python3.10/site-packages/airflow/example_dags/example_branch_operator_decorator.py took 0.026 seconds
[2025-03-18T15:05:27.169+0200] {processor.py:186} INFO - Started process (PID=48163) to work on /home/munyah/.local/lib/python3.10/site-packages/airflow/example_dags/example_branch_operator_decorator.py
[2025-03-18T15:05:27.170+0200] {processor.py:914} INFO - Processing file /home/munyah/.local/lib/python3.10/site-packages/airflow/example_dags/example_branch_operator_decorator.py for tasks to queue
[2025-03-18T15:05:27.173+0200] {logging_mixin.py:190} INFO - [2025-03-18T15:05:27.172+0200] {dagbag.py:588} INFO - Filling up the DagBag from /home/munyah/.local/lib/python3.10/site-packages/airflow/example_dags/example_branch_operator_decorator.py
[2025-03-18T15:05:27.176+0200] {processor.py:927} WARNING - No viable dags retrieved from /home/munyah/.local/lib/python3.10/site-packages/airflow/example_dags/example_branch_operator_decorator.py
[2025-03-18T15:05:27.187+0200] {processor.py:208} INFO - Processing /home/munyah/.local/lib/python3.10/site-packages/airflow/example_dags/example_branch_operator_decorator.py took 0.026 seconds
[2025-03-18T15:06:29.003+0200] {processor.py:186} INFO - Started process (PID=48293) to work on /home/munyah/.local/lib/python3.10/site-packages/airflow/example_dags/example_branch_operator_decorator.py
[2025-03-18T15:06:29.004+0200] {processor.py:914} INFO - Processing file /home/munyah/.local/lib/python3.10/site-packages/airflow/example_dags/example_branch_operator_decorator.py for tasks to queue
[2025-03-18T15:06:29.008+0200] {logging_mixin.py:190} INFO - [2025-03-18T15:06:29.007+0200] {dagbag.py:588} INFO - Filling up the DagBag from /home/munyah/.local/lib/python3.10/site-packages/airflow/example_dags/example_branch_operator_decorator.py
[2025-03-18T15:06:29.011+0200] {processor.py:927} WARNING - No viable dags retrieved from /home/munyah/.local/lib/python3.10/site-packages/airflow/example_dags/example_branch_operator_decorator.py
[2025-03-18T15:06:29.023+0200] {processor.py:208} INFO - Processing /home/munyah/.local/lib/python3.10/site-packages/airflow/example_dags/example_branch_operator_decorator.py took 0.028 seconds
[2025-03-18T15:07:27.529+0200] {processor.py:186} INFO - Started process (PID=48463) to work on /home/munyah/.local/lib/python3.10/site-packages/airflow/example_dags/example_branch_operator_decorator.py
[2025-03-18T15:07:27.531+0200] {processor.py:914} INFO - Processing file /home/munyah/.local/lib/python3.10/site-packages/airflow/example_dags/example_branch_operator_decorator.py for tasks to queue
[2025-03-18T15:07:27.533+0200] {logging_mixin.py:190} INFO - [2025-03-18T15:07:27.533+0200] {dagbag.py:588} INFO - Filling up the DagBag from /home/munyah/.local/lib/python3.10/site-packages/airflow/example_dags/example_branch_operator_decorator.py
[2025-03-18T15:07:27.538+0200] {processor.py:927} WARNING - No viable dags retrieved from /home/munyah/.local/lib/python3.10/site-packages/airflow/example_dags/example_branch_operator_decorator.py
[2025-03-18T15:07:27.551+0200] {processor.py:208} INFO - Processing /home/munyah/.local/lib/python3.10/site-packages/airflow/example_dags/example_branch_operator_decorator.py took 0.031 seconds
[2025-03-18T15:08:25.062+0200] {processor.py:186} INFO - Started process (PID=48620) to work on /home/munyah/.local/lib/python3.10/site-packages/airflow/example_dags/example_branch_operator_decorator.py
[2025-03-18T15:08:25.064+0200] {processor.py:914} INFO - Processing file /home/munyah/.local/lib/python3.10/site-packages/airflow/example_dags/example_branch_operator_decorator.py for tasks to queue
[2025-03-18T15:08:25.066+0200] {logging_mixin.py:190} INFO - [2025-03-18T15:08:25.066+0200] {dagbag.py:588} INFO - Filling up the DagBag from /home/munyah/.local/lib/python3.10/site-packages/airflow/example_dags/example_branch_operator_decorator.py
[2025-03-18T15:08:25.069+0200] {processor.py:927} WARNING - No viable dags retrieved from /home/munyah/.local/lib/python3.10/site-packages/airflow/example_dags/example_branch_operator_decorator.py
[2025-03-18T15:08:25.081+0200] {processor.py:208} INFO - Processing /home/munyah/.local/lib/python3.10/site-packages/airflow/example_dags/example_branch_operator_decorator.py took 0.026 seconds
[2025-03-18T15:09:24.171+0200] {processor.py:186} INFO - Started process (PID=48760) to work on /home/munyah/.local/lib/python3.10/site-packages/airflow/example_dags/example_branch_operator_decorator.py
[2025-03-18T15:09:24.173+0200] {processor.py:914} INFO - Processing file /home/munyah/.local/lib/python3.10/site-packages/airflow/example_dags/example_branch_operator_decorator.py for tasks to queue
[2025-03-18T15:09:24.176+0200] {logging_mixin.py:190} INFO - [2025-03-18T15:09:24.176+0200] {dagbag.py:588} INFO - Filling up the DagBag from /home/munyah/.local/lib/python3.10/site-packages/airflow/example_dags/example_branch_operator_decorator.py
[2025-03-18T15:09:24.181+0200] {processor.py:927} WARNING - No viable dags retrieved from /home/munyah/.local/lib/python3.10/site-packages/airflow/example_dags/example_branch_operator_decorator.py
[2025-03-18T15:09:24.193+0200] {processor.py:208} INFO - Processing /home/munyah/.local/lib/python3.10/site-packages/airflow/example_dags/example_branch_operator_decorator.py took 0.034 seconds
[2025-03-18T15:10:22.205+0200] {processor.py:186} INFO - Started process (PID=48936) to work on /home/munyah/.local/lib/python3.10/site-packages/airflow/example_dags/example_branch_operator_decorator.py
[2025-03-18T15:10:22.206+0200] {processor.py:914} INFO - Processing file /home/munyah/.local/lib/python3.10/site-packages/airflow/example_dags/example_branch_operator_decorator.py for tasks to queue
[2025-03-18T15:10:22.208+0200] {logging_mixin.py:190} INFO - [2025-03-18T15:10:22.208+0200] {dagbag.py:588} INFO - Filling up the DagBag from /home/munyah/.local/lib/python3.10/site-packages/airflow/example_dags/example_branch_operator_decorator.py
[2025-03-18T15:10:22.212+0200] {processor.py:927} WARNING - No viable dags retrieved from /home/munyah/.local/lib/python3.10/site-packages/airflow/example_dags/example_branch_operator_decorator.py
[2025-03-18T15:10:22.223+0200] {processor.py:208} INFO - Processing /home/munyah/.local/lib/python3.10/site-packages/airflow/example_dags/example_branch_operator_decorator.py took 0.026 seconds
[2025-03-18T15:11:21.218+0200] {processor.py:186} INFO - Started process (PID=49086) to work on /home/munyah/.local/lib/python3.10/site-packages/airflow/example_dags/example_branch_operator_decorator.py
[2025-03-18T15:11:21.219+0200] {processor.py:914} INFO - Processing file /home/munyah/.local/lib/python3.10/site-packages/airflow/example_dags/example_branch_operator_decorator.py for tasks to queue
[2025-03-18T15:11:21.221+0200] {logging_mixin.py:190} INFO - [2025-03-18T15:11:21.221+0200] {dagbag.py:588} INFO - Filling up the DagBag from /home/munyah/.local/lib/python3.10/site-packages/airflow/example_dags/example_branch_operator_decorator.py
[2025-03-18T15:11:21.225+0200] {processor.py:927} WARNING - No viable dags retrieved from /home/munyah/.local/lib/python3.10/site-packages/airflow/example_dags/example_branch_operator_decorator.py
[2025-03-18T15:11:21.236+0200] {processor.py:208} INFO - Processing /home/munyah/.local/lib/python3.10/site-packages/airflow/example_dags/example_branch_operator_decorator.py took 0.026 seconds
[2025-03-18T15:12:17.476+0200] {processor.py:186} INFO - Started process (PID=49257) to work on /home/munyah/.local/lib/python3.10/site-packages/airflow/example_dags/example_branch_operator_decorator.py
[2025-03-18T15:12:17.477+0200] {processor.py:914} INFO - Processing file /home/munyah/.local/lib/python3.10/site-packages/airflow/example_dags/example_branch_operator_decorator.py for tasks to queue
[2025-03-18T15:12:17.479+0200] {logging_mixin.py:190} INFO - [2025-03-18T15:12:17.479+0200] {dagbag.py:588} INFO - Filling up the DagBag from /home/munyah/.local/lib/python3.10/site-packages/airflow/example_dags/example_branch_operator_decorator.py
[2025-03-18T15:12:17.482+0200] {processor.py:927} WARNING - No viable dags retrieved from /home/munyah/.local/lib/python3.10/site-packages/airflow/example_dags/example_branch_operator_decorator.py
[2025-03-18T15:12:17.495+0200] {processor.py:208} INFO - Processing /home/munyah/.local/lib/python3.10/site-packages/airflow/example_dags/example_branch_operator_decorator.py took 0.028 seconds
[2025-03-18T15:13:15.467+0200] {processor.py:186} INFO - Started process (PID=49406) to work on /home/munyah/.local/lib/python3.10/site-packages/airflow/example_dags/example_branch_operator_decorator.py
[2025-03-18T15:13:15.469+0200] {processor.py:914} INFO - Processing file /home/munyah/.local/lib/python3.10/site-packages/airflow/example_dags/example_branch_operator_decorator.py for tasks to queue
[2025-03-18T15:13:15.471+0200] {logging_mixin.py:190} INFO - [2025-03-18T15:13:15.471+0200] {dagbag.py:588} INFO - Filling up the DagBag from /home/munyah/.local/lib/python3.10/site-packages/airflow/example_dags/example_branch_operator_decorator.py
[2025-03-18T15:13:15.475+0200] {processor.py:927} WARNING - No viable dags retrieved from /home/munyah/.local/lib/python3.10/site-packages/airflow/example_dags/example_branch_operator_decorator.py
[2025-03-18T15:13:15.487+0200] {processor.py:208} INFO - Processing /home/munyah/.local/lib/python3.10/site-packages/airflow/example_dags/example_branch_operator_decorator.py took 0.027 seconds
[2025-03-18T15:14:12.964+0200] {processor.py:186} INFO - Started process (PID=49534) to work on /home/munyah/.local/lib/python3.10/site-packages/airflow/example_dags/example_branch_operator_decorator.py
[2025-03-18T15:14:12.965+0200] {processor.py:914} INFO - Processing file /home/munyah/.local/lib/python3.10/site-packages/airflow/example_dags/example_branch_operator_decorator.py for tasks to queue
[2025-03-18T15:14:12.969+0200] {logging_mixin.py:190} INFO - [2025-03-18T15:14:12.968+0200] {dagbag.py:588} INFO - Filling up the DagBag from /home/munyah/.local/lib/python3.10/site-packages/airflow/example_dags/example_branch_operator_decorator.py
[2025-03-18T15:14:12.973+0200] {processor.py:927} WARNING - No viable dags retrieved from /home/munyah/.local/lib/python3.10/site-packages/airflow/example_dags/example_branch_operator_decorator.py
[2025-03-18T15:14:12.985+0200] {processor.py:208} INFO - Processing /home/munyah/.local/lib/python3.10/site-packages/airflow/example_dags/example_branch_operator_decorator.py took 0.032 seconds
[2025-03-18T15:15:13.732+0200] {processor.py:186} INFO - Started process (PID=49672) to work on /home/munyah/.local/lib/python3.10/site-packages/airflow/example_dags/example_branch_operator_decorator.py
[2025-03-18T15:15:13.734+0200] {processor.py:914} INFO - Processing file /home/munyah/.local/lib/python3.10/site-packages/airflow/example_dags/example_branch_operator_decorator.py for tasks to queue
[2025-03-18T15:15:13.736+0200] {logging_mixin.py:190} INFO - [2025-03-18T15:15:13.736+0200] {dagbag.py:588} INFO - Filling up the DagBag from /home/munyah/.local/lib/python3.10/site-packages/airflow/example_dags/example_branch_operator_decorator.py
[2025-03-18T15:15:13.739+0200] {processor.py:927} WARNING - No viable dags retrieved from /home/munyah/.local/lib/python3.10/site-packages/airflow/example_dags/example_branch_operator_decorator.py
[2025-03-18T15:15:13.751+0200] {processor.py:208} INFO - Processing /home/munyah/.local/lib/python3.10/site-packages/airflow/example_dags/example_branch_operator_decorator.py took 0.026 seconds
[2025-03-18T15:16:12.163+0200] {processor.py:186} INFO - Started process (PID=49806) to work on /home/munyah/.local/lib/python3.10/site-packages/airflow/example_dags/example_branch_operator_decorator.py
[2025-03-18T15:16:12.164+0200] {processor.py:914} INFO - Processing file /home/munyah/.local/lib/python3.10/site-packages/airflow/example_dags/example_branch_operator_decorator.py for tasks to queue
[2025-03-18T15:16:12.166+0200] {logging_mixin.py:190} INFO - [2025-03-18T15:16:12.166+0200] {dagbag.py:588} INFO - Filling up the DagBag from /home/munyah/.local/lib/python3.10/site-packages/airflow/example_dags/example_branch_operator_decorator.py
[2025-03-18T15:16:12.170+0200] {processor.py:927} WARNING - No viable dags retrieved from /home/munyah/.local/lib/python3.10/site-packages/airflow/example_dags/example_branch_operator_decorator.py
[2025-03-18T15:16:12.181+0200] {processor.py:208} INFO - Processing /home/munyah/.local/lib/python3.10/site-packages/airflow/example_dags/example_branch_operator_decorator.py took 0.026 seconds
[2025-03-18T15:17:10.075+0200] {processor.py:186} INFO - Started process (PID=49950) to work on /home/munyah/.local/lib/python3.10/site-packages/airflow/example_dags/example_branch_operator_decorator.py
[2025-03-18T15:17:10.076+0200] {processor.py:914} INFO - Processing file /home/munyah/.local/lib/python3.10/site-packages/airflow/example_dags/example_branch_operator_decorator.py for tasks to queue
[2025-03-18T15:17:10.079+0200] {logging_mixin.py:190} INFO - [2025-03-18T15:17:10.079+0200] {dagbag.py:588} INFO - Filling up the DagBag from /home/munyah/.local/lib/python3.10/site-packages/airflow/example_dags/example_branch_operator_decorator.py
[2025-03-18T15:17:10.083+0200] {processor.py:927} WARNING - No viable dags retrieved from /home/munyah/.local/lib/python3.10/site-packages/airflow/example_dags/example_branch_operator_decorator.py
[2025-03-18T15:17:10.095+0200] {processor.py:208} INFO - Processing /home/munyah/.local/lib/python3.10/site-packages/airflow/example_dags/example_branch_operator_decorator.py took 0.031 seconds
[2025-03-18T15:18:06.627+0200] {processor.py:186} INFO - Started process (PID=50105) to work on /home/munyah/.local/lib/python3.10/site-packages/airflow/example_dags/example_branch_operator_decorator.py
[2025-03-18T15:18:06.628+0200] {processor.py:914} INFO - Processing file /home/munyah/.local/lib/python3.10/site-packages/airflow/example_dags/example_branch_operator_decorator.py for tasks to queue
[2025-03-18T15:18:06.631+0200] {logging_mixin.py:190} INFO - [2025-03-18T15:18:06.630+0200] {dagbag.py:588} INFO - Filling up the DagBag from /home/munyah/.local/lib/python3.10/site-packages/airflow/example_dags/example_branch_operator_decorator.py
[2025-03-18T15:18:06.634+0200] {processor.py:927} WARNING - No viable dags retrieved from /home/munyah/.local/lib/python3.10/site-packages/airflow/example_dags/example_branch_operator_decorator.py
[2025-03-18T15:18:06.646+0200] {processor.py:208} INFO - Processing /home/munyah/.local/lib/python3.10/site-packages/airflow/example_dags/example_branch_operator_decorator.py took 0.028 seconds
[2025-03-18T15:19:04.760+0200] {processor.py:186} INFO - Started process (PID=50284) to work on /home/munyah/.local/lib/python3.10/site-packages/airflow/example_dags/example_branch_operator_decorator.py
[2025-03-18T15:19:04.762+0200] {processor.py:914} INFO - Processing file /home/munyah/.local/lib/python3.10/site-packages/airflow/example_dags/example_branch_operator_decorator.py for tasks to queue
[2025-03-18T15:19:04.764+0200] {logging_mixin.py:190} INFO - [2025-03-18T15:19:04.763+0200] {dagbag.py:588} INFO - Filling up the DagBag from /home/munyah/.local/lib/python3.10/site-packages/airflow/example_dags/example_branch_operator_decorator.py
[2025-03-18T15:19:04.767+0200] {processor.py:927} WARNING - No viable dags retrieved from /home/munyah/.local/lib/python3.10/site-packages/airflow/example_dags/example_branch_operator_decorator.py
[2025-03-18T15:19:04.780+0200] {processor.py:208} INFO - Processing /home/munyah/.local/lib/python3.10/site-packages/airflow/example_dags/example_branch_operator_decorator.py took 0.027 seconds
[2025-03-18T15:20:01.797+0200] {processor.py:186} INFO - Started process (PID=50435) to work on /home/munyah/.local/lib/python3.10/site-packages/airflow/example_dags/example_branch_operator_decorator.py
[2025-03-18T15:20:01.798+0200] {processor.py:914} INFO - Processing file /home/munyah/.local/lib/python3.10/site-packages/airflow/example_dags/example_branch_operator_decorator.py for tasks to queue
[2025-03-18T15:20:01.801+0200] {logging_mixin.py:190} INFO - [2025-03-18T15:20:01.800+0200] {dagbag.py:588} INFO - Filling up the DagBag from /home/munyah/.local/lib/python3.10/site-packages/airflow/example_dags/example_branch_operator_decorator.py
[2025-03-18T15:20:01.804+0200] {processor.py:927} WARNING - No viable dags retrieved from /home/munyah/.local/lib/python3.10/site-packages/airflow/example_dags/example_branch_operator_decorator.py
[2025-03-18T15:20:01.817+0200] {processor.py:208} INFO - Processing /home/munyah/.local/lib/python3.10/site-packages/airflow/example_dags/example_branch_operator_decorator.py took 0.027 seconds
[2025-03-18T15:21:01.887+0200] {processor.py:186} INFO - Started process (PID=50590) to work on /home/munyah/.local/lib/python3.10/site-packages/airflow/example_dags/example_branch_operator_decorator.py
[2025-03-18T15:21:01.889+0200] {processor.py:914} INFO - Processing file /home/munyah/.local/lib/python3.10/site-packages/airflow/example_dags/example_branch_operator_decorator.py for tasks to queue
[2025-03-18T15:21:01.891+0200] {logging_mixin.py:190} INFO - [2025-03-18T15:21:01.891+0200] {dagbag.py:588} INFO - Filling up the DagBag from /home/munyah/.local/lib/python3.10/site-packages/airflow/example_dags/example_branch_operator_decorator.py
[2025-03-18T15:21:01.895+0200] {processor.py:927} WARNING - No viable dags retrieved from /home/munyah/.local/lib/python3.10/site-packages/airflow/example_dags/example_branch_operator_decorator.py
[2025-03-18T15:21:01.906+0200] {processor.py:208} INFO - Processing /home/munyah/.local/lib/python3.10/site-packages/airflow/example_dags/example_branch_operator_decorator.py took 0.026 seconds
[2025-03-18T15:22:00.533+0200] {processor.py:186} INFO - Started process (PID=50729) to work on /home/munyah/.local/lib/python3.10/site-packages/airflow/example_dags/example_branch_operator_decorator.py
[2025-03-18T15:22:00.535+0200] {processor.py:914} INFO - Processing file /home/munyah/.local/lib/python3.10/site-packages/airflow/example_dags/example_branch_operator_decorator.py for tasks to queue
[2025-03-18T15:22:00.537+0200] {logging_mixin.py:190} INFO - [2025-03-18T15:22:00.537+0200] {dagbag.py:588} INFO - Filling up the DagBag from /home/munyah/.local/lib/python3.10/site-packages/airflow/example_dags/example_branch_operator_decorator.py
[2025-03-18T15:22:00.540+0200] {processor.py:927} WARNING - No viable dags retrieved from /home/munyah/.local/lib/python3.10/site-packages/airflow/example_dags/example_branch_operator_decorator.py
[2025-03-18T15:22:00.552+0200] {processor.py:208} INFO - Processing /home/munyah/.local/lib/python3.10/site-packages/airflow/example_dags/example_branch_operator_decorator.py took 0.025 seconds
[2025-03-18T15:22:58.970+0200] {processor.py:186} INFO - Started process (PID=50880) to work on /home/munyah/.local/lib/python3.10/site-packages/airflow/example_dags/example_branch_operator_decorator.py
[2025-03-18T15:22:58.972+0200] {processor.py:914} INFO - Processing file /home/munyah/.local/lib/python3.10/site-packages/airflow/example_dags/example_branch_operator_decorator.py for tasks to queue
[2025-03-18T15:22:58.974+0200] {logging_mixin.py:190} INFO - [2025-03-18T15:22:58.974+0200] {dagbag.py:588} INFO - Filling up the DagBag from /home/munyah/.local/lib/python3.10/site-packages/airflow/example_dags/example_branch_operator_decorator.py
[2025-03-18T15:22:58.977+0200] {processor.py:927} WARNING - No viable dags retrieved from /home/munyah/.local/lib/python3.10/site-packages/airflow/example_dags/example_branch_operator_decorator.py
[2025-03-18T15:22:58.989+0200] {processor.py:208} INFO - Processing /home/munyah/.local/lib/python3.10/site-packages/airflow/example_dags/example_branch_operator_decorator.py took 0.026 seconds
[2025-03-18T15:23:59.706+0200] {processor.py:186} INFO - Started process (PID=51030) to work on /home/munyah/.local/lib/python3.10/site-packages/airflow/example_dags/example_branch_operator_decorator.py
[2025-03-18T15:23:59.707+0200] {processor.py:914} INFO - Processing file /home/munyah/.local/lib/python3.10/site-packages/airflow/example_dags/example_branch_operator_decorator.py for tasks to queue
[2025-03-18T15:23:59.711+0200] {logging_mixin.py:190} INFO - [2025-03-18T15:23:59.710+0200] {dagbag.py:588} INFO - Filling up the DagBag from /home/munyah/.local/lib/python3.10/site-packages/airflow/example_dags/example_branch_operator_decorator.py
[2025-03-18T15:23:59.715+0200] {processor.py:927} WARNING - No viable dags retrieved from /home/munyah/.local/lib/python3.10/site-packages/airflow/example_dags/example_branch_operator_decorator.py
[2025-03-18T15:23:59.726+0200] {processor.py:208} INFO - Processing /home/munyah/.local/lib/python3.10/site-packages/airflow/example_dags/example_branch_operator_decorator.py took 0.029 seconds
[2025-03-18T15:24:57.931+0200] {processor.py:186} INFO - Started process (PID=51180) to work on /home/munyah/.local/lib/python3.10/site-packages/airflow/example_dags/example_branch_operator_decorator.py
[2025-03-18T15:24:57.932+0200] {processor.py:914} INFO - Processing file /home/munyah/.local/lib/python3.10/site-packages/airflow/example_dags/example_branch_operator_decorator.py for tasks to queue
[2025-03-18T15:24:57.935+0200] {logging_mixin.py:190} INFO - [2025-03-18T15:24:57.934+0200] {dagbag.py:588} INFO - Filling up the DagBag from /home/munyah/.local/lib/python3.10/site-packages/airflow/example_dags/example_branch_operator_decorator.py
[2025-03-18T15:24:57.938+0200] {processor.py:927} WARNING - No viable dags retrieved from /home/munyah/.local/lib/python3.10/site-packages/airflow/example_dags/example_branch_operator_decorator.py
[2025-03-18T15:24:57.948+0200] {processor.py:208} INFO - Processing /home/munyah/.local/lib/python3.10/site-packages/airflow/example_dags/example_branch_operator_decorator.py took 0.024 seconds
[2025-03-18T21:03:29.421+0200] {processor.py:186} INFO - Started process (PID=51458) to work on /home/munyah/.local/lib/python3.10/site-packages/airflow/example_dags/example_branch_operator_decorator.py
[2025-03-18T21:03:29.422+0200] {processor.py:914} INFO - Processing file /home/munyah/.local/lib/python3.10/site-packages/airflow/example_dags/example_branch_operator_decorator.py for tasks to queue
[2025-03-18T21:03:29.424+0200] {logging_mixin.py:190} INFO - [2025-03-18T21:03:29.424+0200] {dagbag.py:588} INFO - Filling up the DagBag from /home/munyah/.local/lib/python3.10/site-packages/airflow/example_dags/example_branch_operator_decorator.py
[2025-03-18T21:03:29.427+0200] {processor.py:927} WARNING - No viable dags retrieved from /home/munyah/.local/lib/python3.10/site-packages/airflow/example_dags/example_branch_operator_decorator.py
[2025-03-18T21:03:29.438+0200] {processor.py:208} INFO - Processing /home/munyah/.local/lib/python3.10/site-packages/airflow/example_dags/example_branch_operator_decorator.py took 0.026 seconds
[2025-03-18T21:04:44.735+0200] {processor.py:186} INFO - Started process (PID=51744) to work on /home/munyah/.local/lib/python3.10/site-packages/airflow/example_dags/example_branch_operator_decorator.py
[2025-03-18T21:04:44.736+0200] {processor.py:914} INFO - Processing file /home/munyah/.local/lib/python3.10/site-packages/airflow/example_dags/example_branch_operator_decorator.py for tasks to queue
[2025-03-18T21:04:44.738+0200] {logging_mixin.py:190} INFO - [2025-03-18T21:04:44.738+0200] {dagbag.py:588} INFO - Filling up the DagBag from /home/munyah/.local/lib/python3.10/site-packages/airflow/example_dags/example_branch_operator_decorator.py
[2025-03-18T21:04:44.742+0200] {processor.py:927} WARNING - No viable dags retrieved from /home/munyah/.local/lib/python3.10/site-packages/airflow/example_dags/example_branch_operator_decorator.py
[2025-03-18T21:04:44.752+0200] {processor.py:208} INFO - Processing /home/munyah/.local/lib/python3.10/site-packages/airflow/example_dags/example_branch_operator_decorator.py took 0.024 seconds
[2025-03-18T21:05:40.498+0200] {processor.py:186} INFO - Started process (PID=51924) to work on /home/munyah/.local/lib/python3.10/site-packages/airflow/example_dags/example_branch_operator_decorator.py
[2025-03-18T21:05:40.499+0200] {processor.py:914} INFO - Processing file /home/munyah/.local/lib/python3.10/site-packages/airflow/example_dags/example_branch_operator_decorator.py for tasks to queue
[2025-03-18T21:05:40.502+0200] {logging_mixin.py:190} INFO - [2025-03-18T21:05:40.501+0200] {dagbag.py:588} INFO - Filling up the DagBag from /home/munyah/.local/lib/python3.10/site-packages/airflow/example_dags/example_branch_operator_decorator.py
[2025-03-18T21:05:40.505+0200] {processor.py:927} WARNING - No viable dags retrieved from /home/munyah/.local/lib/python3.10/site-packages/airflow/example_dags/example_branch_operator_decorator.py
[2025-03-18T21:05:40.515+0200] {processor.py:208} INFO - Processing /home/munyah/.local/lib/python3.10/site-packages/airflow/example_dags/example_branch_operator_decorator.py took 0.025 seconds
[2025-03-18T21:06:36.135+0200] {processor.py:186} INFO - Started process (PID=52103) to work on /home/munyah/.local/lib/python3.10/site-packages/airflow/example_dags/example_branch_operator_decorator.py
[2025-03-18T21:06:36.136+0200] {processor.py:914} INFO - Processing file /home/munyah/.local/lib/python3.10/site-packages/airflow/example_dags/example_branch_operator_decorator.py for tasks to queue
[2025-03-18T21:06:36.138+0200] {logging_mixin.py:190} INFO - [2025-03-18T21:06:36.138+0200] {dagbag.py:588} INFO - Filling up the DagBag from /home/munyah/.local/lib/python3.10/site-packages/airflow/example_dags/example_branch_operator_decorator.py
[2025-03-18T21:06:36.142+0200] {processor.py:927} WARNING - No viable dags retrieved from /home/munyah/.local/lib/python3.10/site-packages/airflow/example_dags/example_branch_operator_decorator.py
[2025-03-18T21:06:36.152+0200] {processor.py:208} INFO - Processing /home/munyah/.local/lib/python3.10/site-packages/airflow/example_dags/example_branch_operator_decorator.py took 0.025 seconds
[2025-03-18T21:07:34.418+0200] {processor.py:186} INFO - Started process (PID=52322) to work on /home/munyah/.local/lib/python3.10/site-packages/airflow/example_dags/example_branch_operator_decorator.py
[2025-03-18T21:07:34.420+0200] {processor.py:914} INFO - Processing file /home/munyah/.local/lib/python3.10/site-packages/airflow/example_dags/example_branch_operator_decorator.py for tasks to queue
[2025-03-18T21:07:34.422+0200] {logging_mixin.py:190} INFO - [2025-03-18T21:07:34.422+0200] {dagbag.py:588} INFO - Filling up the DagBag from /home/munyah/.local/lib/python3.10/site-packages/airflow/example_dags/example_branch_operator_decorator.py
[2025-03-18T21:07:34.426+0200] {processor.py:927} WARNING - No viable dags retrieved from /home/munyah/.local/lib/python3.10/site-packages/airflow/example_dags/example_branch_operator_decorator.py
[2025-03-18T21:07:34.443+0200] {processor.py:208} INFO - Processing /home/munyah/.local/lib/python3.10/site-packages/airflow/example_dags/example_branch_operator_decorator.py took 0.032 seconds
[2025-03-18T21:08:34.241+0200] {processor.py:186} INFO - Started process (PID=52515) to work on /home/munyah/.local/lib/python3.10/site-packages/airflow/example_dags/example_branch_operator_decorator.py
[2025-03-18T21:08:34.243+0200] {processor.py:914} INFO - Processing file /home/munyah/.local/lib/python3.10/site-packages/airflow/example_dags/example_branch_operator_decorator.py for tasks to queue
[2025-03-18T21:08:34.245+0200] {logging_mixin.py:190} INFO - [2025-03-18T21:08:34.245+0200] {dagbag.py:588} INFO - Filling up the DagBag from /home/munyah/.local/lib/python3.10/site-packages/airflow/example_dags/example_branch_operator_decorator.py
[2025-03-18T21:08:34.249+0200] {processor.py:927} WARNING - No viable dags retrieved from /home/munyah/.local/lib/python3.10/site-packages/airflow/example_dags/example_branch_operator_decorator.py
[2025-03-18T21:08:34.260+0200] {processor.py:208} INFO - Processing /home/munyah/.local/lib/python3.10/site-packages/airflow/example_dags/example_branch_operator_decorator.py took 0.027 seconds
[2025-03-18T21:09:32.642+0200] {processor.py:186} INFO - Started process (PID=52721) to work on /home/munyah/.local/lib/python3.10/site-packages/airflow/example_dags/example_branch_operator_decorator.py
[2025-03-18T21:09:32.643+0200] {processor.py:914} INFO - Processing file /home/munyah/.local/lib/python3.10/site-packages/airflow/example_dags/example_branch_operator_decorator.py for tasks to queue
[2025-03-18T21:09:32.646+0200] {logging_mixin.py:190} INFO - [2025-03-18T21:09:32.645+0200] {dagbag.py:588} INFO - Filling up the DagBag from /home/munyah/.local/lib/python3.10/site-packages/airflow/example_dags/example_branch_operator_decorator.py
[2025-03-18T21:09:32.649+0200] {processor.py:927} WARNING - No viable dags retrieved from /home/munyah/.local/lib/python3.10/site-packages/airflow/example_dags/example_branch_operator_decorator.py
[2025-03-18T21:09:32.661+0200] {processor.py:208} INFO - Processing /home/munyah/.local/lib/python3.10/site-packages/airflow/example_dags/example_branch_operator_decorator.py took 0.026 seconds
[2025-03-18T21:10:31.535+0200] {processor.py:186} INFO - Started process (PID=52935) to work on /home/munyah/.local/lib/python3.10/site-packages/airflow/example_dags/example_branch_operator_decorator.py
[2025-03-18T21:10:31.536+0200] {processor.py:914} INFO - Processing file /home/munyah/.local/lib/python3.10/site-packages/airflow/example_dags/example_branch_operator_decorator.py for tasks to queue
[2025-03-18T21:10:31.538+0200] {logging_mixin.py:190} INFO - [2025-03-18T21:10:31.538+0200] {dagbag.py:588} INFO - Filling up the DagBag from /home/munyah/.local/lib/python3.10/site-packages/airflow/example_dags/example_branch_operator_decorator.py
[2025-03-18T21:10:31.542+0200] {processor.py:927} WARNING - No viable dags retrieved from /home/munyah/.local/lib/python3.10/site-packages/airflow/example_dags/example_branch_operator_decorator.py
[2025-03-18T21:10:31.553+0200] {processor.py:208} INFO - Processing /home/munyah/.local/lib/python3.10/site-packages/airflow/example_dags/example_branch_operator_decorator.py took 0.024 seconds
[2025-03-18T21:11:31.977+0200] {processor.py:186} INFO - Started process (PID=53176) to work on /home/munyah/.local/lib/python3.10/site-packages/airflow/example_dags/example_branch_operator_decorator.py
[2025-03-18T21:11:31.978+0200] {processor.py:914} INFO - Processing file /home/munyah/.local/lib/python3.10/site-packages/airflow/example_dags/example_branch_operator_decorator.py for tasks to queue
[2025-03-18T21:11:31.980+0200] {logging_mixin.py:190} INFO - [2025-03-18T21:11:31.980+0200] {dagbag.py:588} INFO - Filling up the DagBag from /home/munyah/.local/lib/python3.10/site-packages/airflow/example_dags/example_branch_operator_decorator.py
[2025-03-18T21:11:31.984+0200] {processor.py:927} WARNING - No viable dags retrieved from /home/munyah/.local/lib/python3.10/site-packages/airflow/example_dags/example_branch_operator_decorator.py
[2025-03-18T21:11:31.996+0200] {processor.py:208} INFO - Processing /home/munyah/.local/lib/python3.10/site-packages/airflow/example_dags/example_branch_operator_decorator.py took 0.027 seconds
[2025-03-18T21:12:32.713+0200] {processor.py:186} INFO - Started process (PID=53392) to work on /home/munyah/.local/lib/python3.10/site-packages/airflow/example_dags/example_branch_operator_decorator.py
[2025-03-18T21:12:32.714+0200] {processor.py:914} INFO - Processing file /home/munyah/.local/lib/python3.10/site-packages/airflow/example_dags/example_branch_operator_decorator.py for tasks to queue
[2025-03-18T21:12:32.716+0200] {logging_mixin.py:190} INFO - [2025-03-18T21:12:32.716+0200] {dagbag.py:588} INFO - Filling up the DagBag from /home/munyah/.local/lib/python3.10/site-packages/airflow/example_dags/example_branch_operator_decorator.py
[2025-03-18T21:12:32.719+0200] {processor.py:927} WARNING - No viable dags retrieved from /home/munyah/.local/lib/python3.10/site-packages/airflow/example_dags/example_branch_operator_decorator.py
[2025-03-18T21:12:32.732+0200] {processor.py:208} INFO - Processing /home/munyah/.local/lib/python3.10/site-packages/airflow/example_dags/example_branch_operator_decorator.py took 0.026 seconds
[2025-03-18T21:13:53.190+0200] {processor.py:186} INFO - Started process (PID=53681) to work on /home/munyah/.local/lib/python3.10/site-packages/airflow/example_dags/example_branch_operator_decorator.py
[2025-03-18T21:13:53.191+0200] {processor.py:914} INFO - Processing file /home/munyah/.local/lib/python3.10/site-packages/airflow/example_dags/example_branch_operator_decorator.py for tasks to queue
[2025-03-18T21:13:53.193+0200] {logging_mixin.py:190} INFO - [2025-03-18T21:13:53.193+0200] {dagbag.py:588} INFO - Filling up the DagBag from /home/munyah/.local/lib/python3.10/site-packages/airflow/example_dags/example_branch_operator_decorator.py
[2025-03-18T21:13:53.196+0200] {processor.py:927} WARNING - No viable dags retrieved from /home/munyah/.local/lib/python3.10/site-packages/airflow/example_dags/example_branch_operator_decorator.py
[2025-03-18T21:13:53.207+0200] {processor.py:208} INFO - Processing /home/munyah/.local/lib/python3.10/site-packages/airflow/example_dags/example_branch_operator_decorator.py took 0.024 seconds
[2025-03-18T21:14:53.230+0200] {processor.py:186} INFO - Started process (PID=54003) to work on /home/munyah/.local/lib/python3.10/site-packages/airflow/example_dags/example_branch_operator_decorator.py
[2025-03-18T21:14:53.231+0200] {processor.py:914} INFO - Processing file /home/munyah/.local/lib/python3.10/site-packages/airflow/example_dags/example_branch_operator_decorator.py for tasks to queue
[2025-03-18T21:14:53.234+0200] {logging_mixin.py:190} INFO - [2025-03-18T21:14:53.234+0200] {dagbag.py:588} INFO - Filling up the DagBag from /home/munyah/.local/lib/python3.10/site-packages/airflow/example_dags/example_branch_operator_decorator.py
[2025-03-18T21:14:53.238+0200] {processor.py:927} WARNING - No viable dags retrieved from /home/munyah/.local/lib/python3.10/site-packages/airflow/example_dags/example_branch_operator_decorator.py
[2025-03-18T21:14:53.250+0200] {processor.py:208} INFO - Processing /home/munyah/.local/lib/python3.10/site-packages/airflow/example_dags/example_branch_operator_decorator.py took 0.029 seconds
[2025-03-18T21:15:56.408+0200] {processor.py:186} INFO - Started process (PID=54207) to work on /home/munyah/.local/lib/python3.10/site-packages/airflow/example_dags/example_branch_operator_decorator.py
[2025-03-18T21:15:56.409+0200] {processor.py:914} INFO - Processing file /home/munyah/.local/lib/python3.10/site-packages/airflow/example_dags/example_branch_operator_decorator.py for tasks to queue
[2025-03-18T21:15:56.411+0200] {logging_mixin.py:190} INFO - [2025-03-18T21:15:56.411+0200] {dagbag.py:588} INFO - Filling up the DagBag from /home/munyah/.local/lib/python3.10/site-packages/airflow/example_dags/example_branch_operator_decorator.py
[2025-03-18T21:15:56.415+0200] {processor.py:927} WARNING - No viable dags retrieved from /home/munyah/.local/lib/python3.10/site-packages/airflow/example_dags/example_branch_operator_decorator.py
[2025-03-18T21:15:56.427+0200] {processor.py:208} INFO - Processing /home/munyah/.local/lib/python3.10/site-packages/airflow/example_dags/example_branch_operator_decorator.py took 0.027 seconds
[2025-03-18T21:17:01.445+0200] {processor.py:186} INFO - Started process (PID=54430) to work on /home/munyah/.local/lib/python3.10/site-packages/airflow/example_dags/example_branch_operator_decorator.py
[2025-03-18T21:17:01.447+0200] {processor.py:914} INFO - Processing file /home/munyah/.local/lib/python3.10/site-packages/airflow/example_dags/example_branch_operator_decorator.py for tasks to queue
[2025-03-18T21:17:01.449+0200] {logging_mixin.py:190} INFO - [2025-03-18T21:17:01.449+0200] {dagbag.py:588} INFO - Filling up the DagBag from /home/munyah/.local/lib/python3.10/site-packages/airflow/example_dags/example_branch_operator_decorator.py
[2025-03-18T21:17:01.453+0200] {processor.py:927} WARNING - No viable dags retrieved from /home/munyah/.local/lib/python3.10/site-packages/airflow/example_dags/example_branch_operator_decorator.py
[2025-03-18T21:17:01.464+0200] {processor.py:208} INFO - Processing /home/munyah/.local/lib/python3.10/site-packages/airflow/example_dags/example_branch_operator_decorator.py took 0.026 seconds
[2025-03-18T21:18:05.012+0200] {processor.py:186} INFO - Started process (PID=54657) to work on /home/munyah/.local/lib/python3.10/site-packages/airflow/example_dags/example_branch_operator_decorator.py
[2025-03-18T21:18:05.013+0200] {processor.py:914} INFO - Processing file /home/munyah/.local/lib/python3.10/site-packages/airflow/example_dags/example_branch_operator_decorator.py for tasks to queue
[2025-03-18T21:18:05.017+0200] {logging_mixin.py:190} INFO - [2025-03-18T21:18:05.016+0200] {dagbag.py:588} INFO - Filling up the DagBag from /home/munyah/.local/lib/python3.10/site-packages/airflow/example_dags/example_branch_operator_decorator.py
[2025-03-18T21:18:05.021+0200] {processor.py:927} WARNING - No viable dags retrieved from /home/munyah/.local/lib/python3.10/site-packages/airflow/example_dags/example_branch_operator_decorator.py
[2025-03-18T21:18:05.033+0200] {processor.py:208} INFO - Processing /home/munyah/.local/lib/python3.10/site-packages/airflow/example_dags/example_branch_operator_decorator.py took 0.028 seconds
