[2025-02-18T01:19:37.341+0200] {local_task_job_runner.py:123} INFO - ::group::Pre task execution logs
[2025-02-18T01:19:37.352+0200] {taskinstance.py:2613} INFO - Dependencies all met for dep_context=non-requeueable deps ti=<TaskInstance: example_xcom.push_by_returning scheduled__2021-01-01T00:00:00+00:00 [queued]>
[2025-02-18T01:19:37.359+0200] {taskinstance.py:2613} INFO - Dependencies all met for dep_context=requeueable deps ti=<TaskInstance: example_xcom.push_by_returning scheduled__2021-01-01T00:00:00+00:00 [queued]>
[2025-02-18T01:19:37.359+0200] {taskinstance.py:2866} INFO - Starting attempt 1 of 1
[2025-02-18T01:19:37.374+0200] {taskinstance.py:2889} INFO - Executing <Task(_PythonDecoratedOperator): push_by_returning> on 2021-01-01 00:00:00+00:00
[2025-02-18T01:19:37.380+0200] {standard_task_runner.py:72} INFO - Started process 350777 to run task
[2025-02-18T01:19:37.386+0200] {standard_task_runner.py:104} INFO - Running: ['airflow', 'tasks', 'run', 'example_xcom', 'push_by_returning', 'scheduled__2021-01-01T00:00:00+00:00', '--job-id', '54', '--raw', '--subdir', '/home/munyah/.local/lib/python3.10/site-packages/airflow/example_dags/example_xcom.py', '--cfg-path', '/tmp/tmp0pfqz9r0']
[2025-02-18T01:19:37.387+0200] {standard_task_runner.py:105} INFO - Job 54: Subtask push_by_returning
[2025-02-18T01:19:37.425+0200] {task_command.py:467} INFO - Running <TaskInstance: example_xcom.push_by_returning scheduled__2021-01-01T00:00:00+00:00 [running]> on host munyah-ThinkPad-X1-Yoga-1st
[2025-02-18T01:19:37.481+0200] {taskinstance.py:3132} INFO - Exporting env vars: AIRFLOW_CTX_DAG_OWNER='airflow' AIRFLOW_CTX_DAG_ID='example_xcom' AIRFLOW_CTX_TASK_ID='push_by_returning' AIRFLOW_CTX_EXECUTION_DATE='2021-01-01T00:00:00+00:00' AIRFLOW_CTX_TRY_NUMBER='1' AIRFLOW_CTX_DAG_RUN_ID='scheduled__2021-01-01T00:00:00+00:00'
[2025-02-18T01:19:37.482+0200] {logging_mixin.py:190} INFO - Task instance is in running state
[2025-02-18T01:19:37.483+0200] {logging_mixin.py:190} INFO -  Previous state of the Task instance: queued
[2025-02-18T01:19:37.483+0200] {logging_mixin.py:190} INFO - Current task name:push_by_returning state:running start_date:2025-02-17 23:19:37.352995+00:00
[2025-02-18T01:19:37.483+0200] {logging_mixin.py:190} INFO - Dag name:example_xcom and current dag run status:running
[2025-02-18T01:19:37.483+0200] {taskinstance.py:731} INFO - ::endgroup::
[2025-02-18T01:19:37.484+0200] {python.py:240} INFO - Done. Returned value was: {'a': 'b'}
[2025-02-18T01:19:37.500+0200] {taskinstance.py:340} INFO - ::group::Post task execution logs
[2025-02-18T01:19:37.500+0200] {taskinstance.py:352} INFO - Marking task as SUCCESS. dag_id=example_xcom, task_id=push_by_returning, run_id=scheduled__2021-01-01T00:00:00+00:00, execution_date=20210101T000000, start_date=20250217T231937, end_date=20250217T231937
[2025-02-18T01:19:37.508+0200] {logging_mixin.py:190} INFO - Task instance in success state
[2025-02-18T01:19:37.509+0200] {logging_mixin.py:190} INFO -  Previous state of the Task instance: running
[2025-02-18T01:19:37.509+0200] {logging_mixin.py:190} INFO - Dag name:example_xcom queued_at:2025-02-17 23:19:27.143218+00:00
[2025-02-18T01:19:37.509+0200] {logging_mixin.py:190} INFO - Task hostname:munyah-ThinkPad-X1-Yoga-1st operator:_PythonDecoratedOperator
[2025-02-18T01:19:37.518+0200] {local_task_job_runner.py:266} INFO - Task exited with return code 0
[2025-02-18T01:19:37.537+0200] {taskinstance.py:3895} INFO - 0 downstream tasks scheduled from follow-on schedule check
[2025-02-18T01:19:37.538+0200] {local_task_job_runner.py:245} INFO - ::endgroup::
