[2025-02-08T14:04:11.991+0200] {processor.py:186} INFO - Started process (PID=50487) to work on /home/munyah/.local/lib/python3.10/site-packages/airflow/example_dags/example_branch_operator_decorator.py
[2025-02-08T14:04:11.992+0200] {processor.py:914} INFO - Processing file /home/munyah/.local/lib/python3.10/site-packages/airflow/example_dags/example_branch_operator_decorator.py for tasks to queue
[2025-02-08T14:04:11.995+0200] {logging_mixin.py:190} INFO - [2025-02-08T14:04:11.995+0200] {dagbag.py:588} INFO - Filling up the DagBag from /home/munyah/.local/lib/python3.10/site-packages/airflow/example_dags/example_branch_operator_decorator.py
[2025-02-08T14:04:11.999+0200] {processor.py:927} WARNING - No viable dags retrieved from /home/munyah/.local/lib/python3.10/site-packages/airflow/example_dags/example_branch_operator_decorator.py
[2025-02-08T14:04:12.016+0200] {processor.py:208} INFO - Processing /home/munyah/.local/lib/python3.10/site-packages/airflow/example_dags/example_branch_operator_decorator.py took 0.033 seconds
[2025-02-08T14:05:53.587+0200] {processor.py:186} INFO - Started process (PID=50748) to work on /home/munyah/.local/lib/python3.10/site-packages/airflow/example_dags/example_branch_operator_decorator.py
[2025-02-08T14:05:53.588+0200] {processor.py:914} INFO - Processing file /home/munyah/.local/lib/python3.10/site-packages/airflow/example_dags/example_branch_operator_decorator.py for tasks to queue
[2025-02-08T14:05:53.590+0200] {logging_mixin.py:190} INFO - [2025-02-08T14:05:53.590+0200] {dagbag.py:588} INFO - Filling up the DagBag from /home/munyah/.local/lib/python3.10/site-packages/airflow/example_dags/example_branch_operator_decorator.py
[2025-02-08T14:05:53.594+0200] {processor.py:927} WARNING - No viable dags retrieved from /home/munyah/.local/lib/python3.10/site-packages/airflow/example_dags/example_branch_operator_decorator.py
[2025-02-08T14:05:53.605+0200] {processor.py:208} INFO - Processing /home/munyah/.local/lib/python3.10/site-packages/airflow/example_dags/example_branch_operator_decorator.py took 0.025 seconds
[2025-02-08T14:07:13.202+0200] {processor.py:186} INFO - Started process (PID=50926) to work on /home/munyah/.local/lib/python3.10/site-packages/airflow/example_dags/example_branch_operator_decorator.py
[2025-02-08T14:07:13.204+0200] {processor.py:914} INFO - Processing file /home/munyah/.local/lib/python3.10/site-packages/airflow/example_dags/example_branch_operator_decorator.py for tasks to queue
[2025-02-08T14:07:13.206+0200] {logging_mixin.py:190} INFO - [2025-02-08T14:07:13.206+0200] {dagbag.py:588} INFO - Filling up the DagBag from /home/munyah/.local/lib/python3.10/site-packages/airflow/example_dags/example_branch_operator_decorator.py
[2025-02-08T14:07:13.210+0200] {processor.py:927} WARNING - No viable dags retrieved from /home/munyah/.local/lib/python3.10/site-packages/airflow/example_dags/example_branch_operator_decorator.py
[2025-02-08T14:07:13.222+0200] {processor.py:208} INFO - Processing /home/munyah/.local/lib/python3.10/site-packages/airflow/example_dags/example_branch_operator_decorator.py took 0.027 seconds
[2025-02-08T14:08:38.307+0200] {processor.py:186} INFO - Started process (PID=51208) to work on /home/munyah/.local/lib/python3.10/site-packages/airflow/example_dags/example_branch_operator_decorator.py
[2025-02-08T14:08:38.308+0200] {processor.py:914} INFO - Processing file /home/munyah/.local/lib/python3.10/site-packages/airflow/example_dags/example_branch_operator_decorator.py for tasks to queue
[2025-02-08T14:08:38.311+0200] {logging_mixin.py:190} INFO - [2025-02-08T14:08:38.310+0200] {dagbag.py:588} INFO - Filling up the DagBag from /home/munyah/.local/lib/python3.10/site-packages/airflow/example_dags/example_branch_operator_decorator.py
[2025-02-08T14:08:38.316+0200] {processor.py:927} WARNING - No viable dags retrieved from /home/munyah/.local/lib/python3.10/site-packages/airflow/example_dags/example_branch_operator_decorator.py
[2025-02-08T14:08:38.329+0200] {processor.py:208} INFO - Processing /home/munyah/.local/lib/python3.10/site-packages/airflow/example_dags/example_branch_operator_decorator.py took 0.032 seconds
[2025-02-08T14:10:15.560+0200] {processor.py:186} INFO - Started process (PID=51820) to work on /home/munyah/.local/lib/python3.10/site-packages/airflow/example_dags/example_branch_operator_decorator.py
[2025-02-08T14:10:15.562+0200] {processor.py:914} INFO - Processing file /home/munyah/.local/lib/python3.10/site-packages/airflow/example_dags/example_branch_operator_decorator.py for tasks to queue
[2025-02-08T14:10:15.564+0200] {logging_mixin.py:190} INFO - [2025-02-08T14:10:15.564+0200] {dagbag.py:588} INFO - Filling up the DagBag from /home/munyah/.local/lib/python3.10/site-packages/airflow/example_dags/example_branch_operator_decorator.py
[2025-02-08T14:10:15.570+0200] {processor.py:927} WARNING - No viable dags retrieved from /home/munyah/.local/lib/python3.10/site-packages/airflow/example_dags/example_branch_operator_decorator.py
[2025-02-08T14:10:15.582+0200] {processor.py:208} INFO - Processing /home/munyah/.local/lib/python3.10/site-packages/airflow/example_dags/example_branch_operator_decorator.py took 0.029 seconds
[2025-02-08T14:11:59.644+0200] {processor.py:186} INFO - Started process (PID=52266) to work on /home/munyah/.local/lib/python3.10/site-packages/airflow/example_dags/example_branch_operator_decorator.py
[2025-02-08T14:11:59.645+0200] {processor.py:914} INFO - Processing file /home/munyah/.local/lib/python3.10/site-packages/airflow/example_dags/example_branch_operator_decorator.py for tasks to queue
[2025-02-08T14:11:59.649+0200] {logging_mixin.py:190} INFO - [2025-02-08T14:11:59.648+0200] {dagbag.py:588} INFO - Filling up the DagBag from /home/munyah/.local/lib/python3.10/site-packages/airflow/example_dags/example_branch_operator_decorator.py
[2025-02-08T14:11:59.654+0200] {processor.py:927} WARNING - No viable dags retrieved from /home/munyah/.local/lib/python3.10/site-packages/airflow/example_dags/example_branch_operator_decorator.py
[2025-02-08T14:11:59.669+0200] {processor.py:208} INFO - Processing /home/munyah/.local/lib/python3.10/site-packages/airflow/example_dags/example_branch_operator_decorator.py took 0.034 seconds
[2025-02-08T14:13:24.496+0200] {processor.py:186} INFO - Started process (PID=52545) to work on /home/munyah/.local/lib/python3.10/site-packages/airflow/example_dags/example_branch_operator_decorator.py
[2025-02-08T14:13:24.497+0200] {processor.py:914} INFO - Processing file /home/munyah/.local/lib/python3.10/site-packages/airflow/example_dags/example_branch_operator_decorator.py for tasks to queue
[2025-02-08T14:13:24.501+0200] {logging_mixin.py:190} INFO - [2025-02-08T14:13:24.500+0200] {dagbag.py:588} INFO - Filling up the DagBag from /home/munyah/.local/lib/python3.10/site-packages/airflow/example_dags/example_branch_operator_decorator.py
[2025-02-08T14:13:24.506+0200] {processor.py:927} WARNING - No viable dags retrieved from /home/munyah/.local/lib/python3.10/site-packages/airflow/example_dags/example_branch_operator_decorator.py
[2025-02-08T14:13:24.521+0200] {processor.py:208} INFO - Processing /home/munyah/.local/lib/python3.10/site-packages/airflow/example_dags/example_branch_operator_decorator.py took 0.040 seconds
[2025-02-08T14:14:52.223+0200] {processor.py:186} INFO - Started process (PID=52758) to work on /home/munyah/.local/lib/python3.10/site-packages/airflow/example_dags/example_branch_operator_decorator.py
[2025-02-08T14:14:52.225+0200] {processor.py:914} INFO - Processing file /home/munyah/.local/lib/python3.10/site-packages/airflow/example_dags/example_branch_operator_decorator.py for tasks to queue
[2025-02-08T14:14:52.228+0200] {logging_mixin.py:190} INFO - [2025-02-08T14:14:52.227+0200] {dagbag.py:588} INFO - Filling up the DagBag from /home/munyah/.local/lib/python3.10/site-packages/airflow/example_dags/example_branch_operator_decorator.py
[2025-02-08T14:14:52.231+0200] {processor.py:927} WARNING - No viable dags retrieved from /home/munyah/.local/lib/python3.10/site-packages/airflow/example_dags/example_branch_operator_decorator.py
[2025-02-08T14:14:52.378+0200] {processor.py:208} INFO - Processing /home/munyah/.local/lib/python3.10/site-packages/airflow/example_dags/example_branch_operator_decorator.py took 0.164 seconds
[2025-02-08T14:17:38.065+0200] {processor.py:186} INFO - Started process (PID=53359) to work on /home/munyah/.local/lib/python3.10/site-packages/airflow/example_dags/example_branch_operator_decorator.py
[2025-02-08T14:17:38.066+0200] {processor.py:914} INFO - Processing file /home/munyah/.local/lib/python3.10/site-packages/airflow/example_dags/example_branch_operator_decorator.py for tasks to queue
[2025-02-08T14:17:38.069+0200] {logging_mixin.py:190} INFO - [2025-02-08T14:17:38.069+0200] {dagbag.py:588} INFO - Filling up the DagBag from /home/munyah/.local/lib/python3.10/site-packages/airflow/example_dags/example_branch_operator_decorator.py
[2025-02-08T14:17:38.073+0200] {processor.py:927} WARNING - No viable dags retrieved from /home/munyah/.local/lib/python3.10/site-packages/airflow/example_dags/example_branch_operator_decorator.py
[2025-02-08T14:17:38.087+0200] {processor.py:208} INFO - Processing /home/munyah/.local/lib/python3.10/site-packages/airflow/example_dags/example_branch_operator_decorator.py took 0.033 seconds
[2025-02-08T14:18:58.908+0200] {processor.py:186} INFO - Started process (PID=53619) to work on /home/munyah/.local/lib/python3.10/site-packages/airflow/example_dags/example_branch_operator_decorator.py
[2025-02-08T14:18:58.909+0200] {processor.py:914} INFO - Processing file /home/munyah/.local/lib/python3.10/site-packages/airflow/example_dags/example_branch_operator_decorator.py for tasks to queue
[2025-02-08T14:18:58.911+0200] {logging_mixin.py:190} INFO - [2025-02-08T14:18:58.911+0200] {dagbag.py:588} INFO - Filling up the DagBag from /home/munyah/.local/lib/python3.10/site-packages/airflow/example_dags/example_branch_operator_decorator.py
[2025-02-08T14:18:58.915+0200] {processor.py:927} WARNING - No viable dags retrieved from /home/munyah/.local/lib/python3.10/site-packages/airflow/example_dags/example_branch_operator_decorator.py
[2025-02-08T14:18:58.927+0200] {processor.py:208} INFO - Processing /home/munyah/.local/lib/python3.10/site-packages/airflow/example_dags/example_branch_operator_decorator.py took 0.026 seconds
[2025-02-08T14:20:17.834+0200] {processor.py:186} INFO - Started process (PID=53853) to work on /home/munyah/.local/lib/python3.10/site-packages/airflow/example_dags/example_branch_operator_decorator.py
[2025-02-08T14:20:17.836+0200] {processor.py:914} INFO - Processing file /home/munyah/.local/lib/python3.10/site-packages/airflow/example_dags/example_branch_operator_decorator.py for tasks to queue
[2025-02-08T14:20:17.838+0200] {logging_mixin.py:190} INFO - [2025-02-08T14:20:17.838+0200] {dagbag.py:588} INFO - Filling up the DagBag from /home/munyah/.local/lib/python3.10/site-packages/airflow/example_dags/example_branch_operator_decorator.py
[2025-02-08T14:20:17.841+0200] {processor.py:927} WARNING - No viable dags retrieved from /home/munyah/.local/lib/python3.10/site-packages/airflow/example_dags/example_branch_operator_decorator.py
[2025-02-08T14:20:17.853+0200] {processor.py:208} INFO - Processing /home/munyah/.local/lib/python3.10/site-packages/airflow/example_dags/example_branch_operator_decorator.py took 0.025 seconds
[2025-02-08T14:21:21.566+0200] {processor.py:186} INFO - Started process (PID=53994) to work on /home/munyah/.local/lib/python3.10/site-packages/airflow/example_dags/example_branch_operator_decorator.py
[2025-02-08T14:21:21.567+0200] {processor.py:914} INFO - Processing file /home/munyah/.local/lib/python3.10/site-packages/airflow/example_dags/example_branch_operator_decorator.py for tasks to queue
[2025-02-08T14:21:21.570+0200] {logging_mixin.py:190} INFO - [2025-02-08T14:21:21.570+0200] {dagbag.py:588} INFO - Filling up the DagBag from /home/munyah/.local/lib/python3.10/site-packages/airflow/example_dags/example_branch_operator_decorator.py
[2025-02-08T14:21:21.574+0200] {processor.py:927} WARNING - No viable dags retrieved from /home/munyah/.local/lib/python3.10/site-packages/airflow/example_dags/example_branch_operator_decorator.py
[2025-02-08T14:21:21.589+0200] {processor.py:208} INFO - Processing /home/munyah/.local/lib/python3.10/site-packages/airflow/example_dags/example_branch_operator_decorator.py took 0.033 seconds
[2025-02-08T14:22:26.653+0200] {processor.py:186} INFO - Started process (PID=54219) to work on /home/munyah/.local/lib/python3.10/site-packages/airflow/example_dags/example_branch_operator_decorator.py
[2025-02-08T14:22:26.654+0200] {processor.py:914} INFO - Processing file /home/munyah/.local/lib/python3.10/site-packages/airflow/example_dags/example_branch_operator_decorator.py for tasks to queue
[2025-02-08T14:22:26.656+0200] {logging_mixin.py:190} INFO - [2025-02-08T14:22:26.656+0200] {dagbag.py:588} INFO - Filling up the DagBag from /home/munyah/.local/lib/python3.10/site-packages/airflow/example_dags/example_branch_operator_decorator.py
[2025-02-08T14:22:26.660+0200] {processor.py:927} WARNING - No viable dags retrieved from /home/munyah/.local/lib/python3.10/site-packages/airflow/example_dags/example_branch_operator_decorator.py
[2025-02-08T14:22:26.671+0200] {processor.py:208} INFO - Processing /home/munyah/.local/lib/python3.10/site-packages/airflow/example_dags/example_branch_operator_decorator.py took 0.025 seconds
[2025-02-08T14:23:38.529+0200] {processor.py:186} INFO - Started process (PID=54457) to work on /home/munyah/.local/lib/python3.10/site-packages/airflow/example_dags/example_branch_operator_decorator.py
[2025-02-08T14:23:38.530+0200] {processor.py:914} INFO - Processing file /home/munyah/.local/lib/python3.10/site-packages/airflow/example_dags/example_branch_operator_decorator.py for tasks to queue
[2025-02-08T14:23:38.532+0200] {logging_mixin.py:190} INFO - [2025-02-08T14:23:38.532+0200] {dagbag.py:588} INFO - Filling up the DagBag from /home/munyah/.local/lib/python3.10/site-packages/airflow/example_dags/example_branch_operator_decorator.py
[2025-02-08T14:23:38.536+0200] {processor.py:927} WARNING - No viable dags retrieved from /home/munyah/.local/lib/python3.10/site-packages/airflow/example_dags/example_branch_operator_decorator.py
[2025-02-08T14:23:38.547+0200] {processor.py:208} INFO - Processing /home/munyah/.local/lib/python3.10/site-packages/airflow/example_dags/example_branch_operator_decorator.py took 0.026 seconds
[2025-02-08T14:24:50.054+0200] {processor.py:186} INFO - Started process (PID=54671) to work on /home/munyah/.local/lib/python3.10/site-packages/airflow/example_dags/example_branch_operator_decorator.py
[2025-02-08T14:24:50.057+0200] {processor.py:914} INFO - Processing file /home/munyah/.local/lib/python3.10/site-packages/airflow/example_dags/example_branch_operator_decorator.py for tasks to queue
[2025-02-08T14:24:50.062+0200] {logging_mixin.py:190} INFO - [2025-02-08T14:24:50.061+0200] {dagbag.py:588} INFO - Filling up the DagBag from /home/munyah/.local/lib/python3.10/site-packages/airflow/example_dags/example_branch_operator_decorator.py
[2025-02-08T14:24:50.068+0200] {processor.py:927} WARNING - No viable dags retrieved from /home/munyah/.local/lib/python3.10/site-packages/airflow/example_dags/example_branch_operator_decorator.py
[2025-02-08T14:24:50.085+0200] {processor.py:208} INFO - Processing /home/munyah/.local/lib/python3.10/site-packages/airflow/example_dags/example_branch_operator_decorator.py took 0.049 seconds
[2025-02-08T14:26:02.347+0200] {processor.py:186} INFO - Started process (PID=54805) to work on /home/munyah/.local/lib/python3.10/site-packages/airflow/example_dags/example_branch_operator_decorator.py
[2025-02-08T14:26:02.349+0200] {processor.py:914} INFO - Processing file /home/munyah/.local/lib/python3.10/site-packages/airflow/example_dags/example_branch_operator_decorator.py for tasks to queue
[2025-02-08T14:26:02.351+0200] {logging_mixin.py:190} INFO - [2025-02-08T14:26:02.351+0200] {dagbag.py:588} INFO - Filling up the DagBag from /home/munyah/.local/lib/python3.10/site-packages/airflow/example_dags/example_branch_operator_decorator.py
[2025-02-08T14:26:02.355+0200] {processor.py:927} WARNING - No viable dags retrieved from /home/munyah/.local/lib/python3.10/site-packages/airflow/example_dags/example_branch_operator_decorator.py
[2025-02-08T14:26:02.367+0200] {processor.py:208} INFO - Processing /home/munyah/.local/lib/python3.10/site-packages/airflow/example_dags/example_branch_operator_decorator.py took 0.029 seconds
[2025-02-08T14:27:12.262+0200] {processor.py:186} INFO - Started process (PID=54964) to work on /home/munyah/.local/lib/python3.10/site-packages/airflow/example_dags/example_branch_operator_decorator.py
[2025-02-08T14:27:12.263+0200] {processor.py:914} INFO - Processing file /home/munyah/.local/lib/python3.10/site-packages/airflow/example_dags/example_branch_operator_decorator.py for tasks to queue
[2025-02-08T14:27:12.266+0200] {logging_mixin.py:190} INFO - [2025-02-08T14:27:12.265+0200] {dagbag.py:588} INFO - Filling up the DagBag from /home/munyah/.local/lib/python3.10/site-packages/airflow/example_dags/example_branch_operator_decorator.py
[2025-02-08T14:27:12.270+0200] {processor.py:927} WARNING - No viable dags retrieved from /home/munyah/.local/lib/python3.10/site-packages/airflow/example_dags/example_branch_operator_decorator.py
[2025-02-08T14:27:12.282+0200] {processor.py:208} INFO - Processing /home/munyah/.local/lib/python3.10/site-packages/airflow/example_dags/example_branch_operator_decorator.py took 0.028 seconds
[2025-02-08T14:28:10.953+0200] {processor.py:186} INFO - Started process (PID=55319) to work on /home/munyah/.local/lib/python3.10/site-packages/airflow/example_dags/example_branch_operator_decorator.py
[2025-02-08T14:28:10.955+0200] {processor.py:914} INFO - Processing file /home/munyah/.local/lib/python3.10/site-packages/airflow/example_dags/example_branch_operator_decorator.py for tasks to queue
[2025-02-08T14:28:10.958+0200] {logging_mixin.py:190} INFO - [2025-02-08T14:28:10.957+0200] {dagbag.py:588} INFO - Filling up the DagBag from /home/munyah/.local/lib/python3.10/site-packages/airflow/example_dags/example_branch_operator_decorator.py
[2025-02-08T14:28:10.962+0200] {processor.py:927} WARNING - No viable dags retrieved from /home/munyah/.local/lib/python3.10/site-packages/airflow/example_dags/example_branch_operator_decorator.py
[2025-02-08T14:28:10.976+0200] {processor.py:208} INFO - Processing /home/munyah/.local/lib/python3.10/site-packages/airflow/example_dags/example_branch_operator_decorator.py took 0.031 seconds
[2025-02-08T14:29:10.708+0200] {processor.py:186} INFO - Started process (PID=55605) to work on /home/munyah/.local/lib/python3.10/site-packages/airflow/example_dags/example_branch_operator_decorator.py
[2025-02-08T14:29:10.710+0200] {processor.py:914} INFO - Processing file /home/munyah/.local/lib/python3.10/site-packages/airflow/example_dags/example_branch_operator_decorator.py for tasks to queue
[2025-02-08T14:29:10.712+0200] {logging_mixin.py:190} INFO - [2025-02-08T14:29:10.712+0200] {dagbag.py:588} INFO - Filling up the DagBag from /home/munyah/.local/lib/python3.10/site-packages/airflow/example_dags/example_branch_operator_decorator.py
[2025-02-08T14:29:10.716+0200] {processor.py:927} WARNING - No viable dags retrieved from /home/munyah/.local/lib/python3.10/site-packages/airflow/example_dags/example_branch_operator_decorator.py
[2025-02-08T14:29:10.727+0200] {processor.py:208} INFO - Processing /home/munyah/.local/lib/python3.10/site-packages/airflow/example_dags/example_branch_operator_decorator.py took 0.027 seconds
[2025-02-08T14:30:16.432+0200] {processor.py:186} INFO - Started process (PID=55767) to work on /home/munyah/.local/lib/python3.10/site-packages/airflow/example_dags/example_branch_operator_decorator.py
[2025-02-08T14:30:16.433+0200] {processor.py:914} INFO - Processing file /home/munyah/.local/lib/python3.10/site-packages/airflow/example_dags/example_branch_operator_decorator.py for tasks to queue
[2025-02-08T14:30:16.435+0200] {logging_mixin.py:190} INFO - [2025-02-08T14:30:16.435+0200] {dagbag.py:588} INFO - Filling up the DagBag from /home/munyah/.local/lib/python3.10/site-packages/airflow/example_dags/example_branch_operator_decorator.py
[2025-02-08T14:30:16.439+0200] {processor.py:927} WARNING - No viable dags retrieved from /home/munyah/.local/lib/python3.10/site-packages/airflow/example_dags/example_branch_operator_decorator.py
[2025-02-08T14:30:16.450+0200] {processor.py:208} INFO - Processing /home/munyah/.local/lib/python3.10/site-packages/airflow/example_dags/example_branch_operator_decorator.py took 0.025 seconds
[2025-02-08T14:31:14.938+0200] {processor.py:186} INFO - Started process (PID=55898) to work on /home/munyah/.local/lib/python3.10/site-packages/airflow/example_dags/example_branch_operator_decorator.py
[2025-02-08T14:31:14.940+0200] {processor.py:914} INFO - Processing file /home/munyah/.local/lib/python3.10/site-packages/airflow/example_dags/example_branch_operator_decorator.py for tasks to queue
[2025-02-08T14:31:14.942+0200] {logging_mixin.py:190} INFO - [2025-02-08T14:31:14.941+0200] {dagbag.py:588} INFO - Filling up the DagBag from /home/munyah/.local/lib/python3.10/site-packages/airflow/example_dags/example_branch_operator_decorator.py
[2025-02-08T14:31:14.945+0200] {processor.py:927} WARNING - No viable dags retrieved from /home/munyah/.local/lib/python3.10/site-packages/airflow/example_dags/example_branch_operator_decorator.py
[2025-02-08T14:31:14.956+0200] {processor.py:208} INFO - Processing /home/munyah/.local/lib/python3.10/site-packages/airflow/example_dags/example_branch_operator_decorator.py took 0.025 seconds
[2025-02-08T14:32:12.668+0200] {processor.py:186} INFO - Started process (PID=56042) to work on /home/munyah/.local/lib/python3.10/site-packages/airflow/example_dags/example_branch_operator_decorator.py
[2025-02-08T14:32:12.670+0200] {processor.py:914} INFO - Processing file /home/munyah/.local/lib/python3.10/site-packages/airflow/example_dags/example_branch_operator_decorator.py for tasks to queue
[2025-02-08T14:32:12.673+0200] {logging_mixin.py:190} INFO - [2025-02-08T14:32:12.672+0200] {dagbag.py:588} INFO - Filling up the DagBag from /home/munyah/.local/lib/python3.10/site-packages/airflow/example_dags/example_branch_operator_decorator.py
[2025-02-08T14:32:12.677+0200] {processor.py:927} WARNING - No viable dags retrieved from /home/munyah/.local/lib/python3.10/site-packages/airflow/example_dags/example_branch_operator_decorator.py
[2025-02-08T14:32:12.689+0200] {processor.py:208} INFO - Processing /home/munyah/.local/lib/python3.10/site-packages/airflow/example_dags/example_branch_operator_decorator.py took 0.031 seconds
[2025-02-08T14:33:15.681+0200] {processor.py:186} INFO - Started process (PID=56205) to work on /home/munyah/.local/lib/python3.10/site-packages/airflow/example_dags/example_branch_operator_decorator.py
[2025-02-08T14:33:15.683+0200] {processor.py:914} INFO - Processing file /home/munyah/.local/lib/python3.10/site-packages/airflow/example_dags/example_branch_operator_decorator.py for tasks to queue
[2025-02-08T14:33:15.687+0200] {logging_mixin.py:190} INFO - [2025-02-08T14:33:15.686+0200] {dagbag.py:588} INFO - Filling up the DagBag from /home/munyah/.local/lib/python3.10/site-packages/airflow/example_dags/example_branch_operator_decorator.py
[2025-02-08T14:33:15.692+0200] {processor.py:927} WARNING - No viable dags retrieved from /home/munyah/.local/lib/python3.10/site-packages/airflow/example_dags/example_branch_operator_decorator.py
[2025-02-08T14:33:15.706+0200] {processor.py:208} INFO - Processing /home/munyah/.local/lib/python3.10/site-packages/airflow/example_dags/example_branch_operator_decorator.py took 0.034 seconds
[2025-02-08T14:34:20.822+0200] {processor.py:186} INFO - Started process (PID=56363) to work on /home/munyah/.local/lib/python3.10/site-packages/airflow/example_dags/example_branch_operator_decorator.py
[2025-02-08T14:34:20.824+0200] {processor.py:914} INFO - Processing file /home/munyah/.local/lib/python3.10/site-packages/airflow/example_dags/example_branch_operator_decorator.py for tasks to queue
[2025-02-08T14:34:20.827+0200] {logging_mixin.py:190} INFO - [2025-02-08T14:34:20.827+0200] {dagbag.py:588} INFO - Filling up the DagBag from /home/munyah/.local/lib/python3.10/site-packages/airflow/example_dags/example_branch_operator_decorator.py
[2025-02-08T14:34:20.833+0200] {processor.py:927} WARNING - No viable dags retrieved from /home/munyah/.local/lib/python3.10/site-packages/airflow/example_dags/example_branch_operator_decorator.py
[2025-02-08T14:34:20.845+0200] {processor.py:208} INFO - Processing /home/munyah/.local/lib/python3.10/site-packages/airflow/example_dags/example_branch_operator_decorator.py took 0.034 seconds
[2025-02-08T14:35:24.820+0200] {processor.py:186} INFO - Started process (PID=56513) to work on /home/munyah/.local/lib/python3.10/site-packages/airflow/example_dags/example_branch_operator_decorator.py
[2025-02-08T14:35:24.821+0200] {processor.py:914} INFO - Processing file /home/munyah/.local/lib/python3.10/site-packages/airflow/example_dags/example_branch_operator_decorator.py for tasks to queue
[2025-02-08T14:35:24.825+0200] {logging_mixin.py:190} INFO - [2025-02-08T14:35:24.825+0200] {dagbag.py:588} INFO - Filling up the DagBag from /home/munyah/.local/lib/python3.10/site-packages/airflow/example_dags/example_branch_operator_decorator.py
[2025-02-08T14:35:24.830+0200] {processor.py:927} WARNING - No viable dags retrieved from /home/munyah/.local/lib/python3.10/site-packages/airflow/example_dags/example_branch_operator_decorator.py
[2025-02-08T14:35:24.843+0200] {processor.py:208} INFO - Processing /home/munyah/.local/lib/python3.10/site-packages/airflow/example_dags/example_branch_operator_decorator.py took 0.035 seconds
[2025-02-08T14:36:29.776+0200] {processor.py:186} INFO - Started process (PID=56661) to work on /home/munyah/.local/lib/python3.10/site-packages/airflow/example_dags/example_branch_operator_decorator.py
[2025-02-08T14:36:29.778+0200] {processor.py:914} INFO - Processing file /home/munyah/.local/lib/python3.10/site-packages/airflow/example_dags/example_branch_operator_decorator.py for tasks to queue
[2025-02-08T14:36:29.782+0200] {logging_mixin.py:190} INFO - [2025-02-08T14:36:29.781+0200] {dagbag.py:588} INFO - Filling up the DagBag from /home/munyah/.local/lib/python3.10/site-packages/airflow/example_dags/example_branch_operator_decorator.py
[2025-02-08T14:36:29.786+0200] {processor.py:927} WARNING - No viable dags retrieved from /home/munyah/.local/lib/python3.10/site-packages/airflow/example_dags/example_branch_operator_decorator.py
[2025-02-08T14:36:29.800+0200] {processor.py:208} INFO - Processing /home/munyah/.local/lib/python3.10/site-packages/airflow/example_dags/example_branch_operator_decorator.py took 0.034 seconds
[2025-02-08T14:37:30.346+0200] {processor.py:186} INFO - Started process (PID=56888) to work on /home/munyah/.local/lib/python3.10/site-packages/airflow/example_dags/example_branch_operator_decorator.py
[2025-02-08T14:37:30.347+0200] {processor.py:914} INFO - Processing file /home/munyah/.local/lib/python3.10/site-packages/airflow/example_dags/example_branch_operator_decorator.py for tasks to queue
[2025-02-08T14:37:30.350+0200] {logging_mixin.py:190} INFO - [2025-02-08T14:37:30.349+0200] {dagbag.py:588} INFO - Filling up the DagBag from /home/munyah/.local/lib/python3.10/site-packages/airflow/example_dags/example_branch_operator_decorator.py
[2025-02-08T14:37:30.353+0200] {processor.py:927} WARNING - No viable dags retrieved from /home/munyah/.local/lib/python3.10/site-packages/airflow/example_dags/example_branch_operator_decorator.py
[2025-02-08T14:37:30.364+0200] {processor.py:208} INFO - Processing /home/munyah/.local/lib/python3.10/site-packages/airflow/example_dags/example_branch_operator_decorator.py took 0.025 seconds
[2025-02-08T14:38:38.560+0200] {processor.py:186} INFO - Started process (PID=57173) to work on /home/munyah/.local/lib/python3.10/site-packages/airflow/example_dags/example_branch_operator_decorator.py
[2025-02-08T14:38:38.561+0200] {processor.py:914} INFO - Processing file /home/munyah/.local/lib/python3.10/site-packages/airflow/example_dags/example_branch_operator_decorator.py for tasks to queue
[2025-02-08T14:38:38.563+0200] {logging_mixin.py:190} INFO - [2025-02-08T14:38:38.563+0200] {dagbag.py:588} INFO - Filling up the DagBag from /home/munyah/.local/lib/python3.10/site-packages/airflow/example_dags/example_branch_operator_decorator.py
[2025-02-08T14:38:38.567+0200] {processor.py:927} WARNING - No viable dags retrieved from /home/munyah/.local/lib/python3.10/site-packages/airflow/example_dags/example_branch_operator_decorator.py
[2025-02-08T14:38:38.579+0200] {processor.py:208} INFO - Processing /home/munyah/.local/lib/python3.10/site-packages/airflow/example_dags/example_branch_operator_decorator.py took 0.026 seconds
[2025-02-08T14:39:45.042+0200] {processor.py:186} INFO - Started process (PID=57493) to work on /home/munyah/.local/lib/python3.10/site-packages/airflow/example_dags/example_branch_operator_decorator.py
[2025-02-08T14:39:45.043+0200] {processor.py:914} INFO - Processing file /home/munyah/.local/lib/python3.10/site-packages/airflow/example_dags/example_branch_operator_decorator.py for tasks to queue
[2025-02-08T14:39:45.046+0200] {logging_mixin.py:190} INFO - [2025-02-08T14:39:45.045+0200] {dagbag.py:588} INFO - Filling up the DagBag from /home/munyah/.local/lib/python3.10/site-packages/airflow/example_dags/example_branch_operator_decorator.py
[2025-02-08T14:39:45.049+0200] {processor.py:927} WARNING - No viable dags retrieved from /home/munyah/.local/lib/python3.10/site-packages/airflow/example_dags/example_branch_operator_decorator.py
[2025-02-08T14:39:45.060+0200] {processor.py:208} INFO - Processing /home/munyah/.local/lib/python3.10/site-packages/airflow/example_dags/example_branch_operator_decorator.py took 0.026 seconds
[2025-02-08T14:40:47.133+0200] {processor.py:186} INFO - Started process (PID=57623) to work on /home/munyah/.local/lib/python3.10/site-packages/airflow/example_dags/example_branch_operator_decorator.py
[2025-02-08T14:40:47.136+0200] {processor.py:914} INFO - Processing file /home/munyah/.local/lib/python3.10/site-packages/airflow/example_dags/example_branch_operator_decorator.py for tasks to queue
[2025-02-08T14:40:47.138+0200] {logging_mixin.py:190} INFO - [2025-02-08T14:40:47.138+0200] {dagbag.py:588} INFO - Filling up the DagBag from /home/munyah/.local/lib/python3.10/site-packages/airflow/example_dags/example_branch_operator_decorator.py
[2025-02-08T14:40:47.142+0200] {processor.py:927} WARNING - No viable dags retrieved from /home/munyah/.local/lib/python3.10/site-packages/airflow/example_dags/example_branch_operator_decorator.py
[2025-02-08T14:40:47.157+0200] {processor.py:208} INFO - Processing /home/munyah/.local/lib/python3.10/site-packages/airflow/example_dags/example_branch_operator_decorator.py took 0.034 seconds
[2025-02-08T14:41:53.228+0200] {processor.py:186} INFO - Started process (PID=57780) to work on /home/munyah/.local/lib/python3.10/site-packages/airflow/example_dags/example_branch_operator_decorator.py
[2025-02-08T14:41:53.230+0200] {processor.py:914} INFO - Processing file /home/munyah/.local/lib/python3.10/site-packages/airflow/example_dags/example_branch_operator_decorator.py for tasks to queue
[2025-02-08T14:41:53.233+0200] {logging_mixin.py:190} INFO - [2025-02-08T14:41:53.233+0200] {dagbag.py:588} INFO - Filling up the DagBag from /home/munyah/.local/lib/python3.10/site-packages/airflow/example_dags/example_branch_operator_decorator.py
[2025-02-08T14:41:53.237+0200] {processor.py:927} WARNING - No viable dags retrieved from /home/munyah/.local/lib/python3.10/site-packages/airflow/example_dags/example_branch_operator_decorator.py
[2025-02-08T14:41:53.251+0200] {processor.py:208} INFO - Processing /home/munyah/.local/lib/python3.10/site-packages/airflow/example_dags/example_branch_operator_decorator.py took 0.031 seconds
[2025-02-08T14:42:54.608+0200] {processor.py:186} INFO - Started process (PID=57932) to work on /home/munyah/.local/lib/python3.10/site-packages/airflow/example_dags/example_branch_operator_decorator.py
[2025-02-08T14:42:54.609+0200] {processor.py:914} INFO - Processing file /home/munyah/.local/lib/python3.10/site-packages/airflow/example_dags/example_branch_operator_decorator.py for tasks to queue
[2025-02-08T14:42:54.612+0200] {logging_mixin.py:190} INFO - [2025-02-08T14:42:54.611+0200] {dagbag.py:588} INFO - Filling up the DagBag from /home/munyah/.local/lib/python3.10/site-packages/airflow/example_dags/example_branch_operator_decorator.py
[2025-02-08T14:42:54.616+0200] {processor.py:927} WARNING - No viable dags retrieved from /home/munyah/.local/lib/python3.10/site-packages/airflow/example_dags/example_branch_operator_decorator.py
[2025-02-08T14:42:54.630+0200] {processor.py:208} INFO - Processing /home/munyah/.local/lib/python3.10/site-packages/airflow/example_dags/example_branch_operator_decorator.py took 0.029 seconds
[2025-02-08T14:43:55.753+0200] {processor.py:186} INFO - Started process (PID=58084) to work on /home/munyah/.local/lib/python3.10/site-packages/airflow/example_dags/example_branch_operator_decorator.py
[2025-02-08T14:43:55.755+0200] {processor.py:914} INFO - Processing file /home/munyah/.local/lib/python3.10/site-packages/airflow/example_dags/example_branch_operator_decorator.py for tasks to queue
[2025-02-08T14:43:55.757+0200] {logging_mixin.py:190} INFO - [2025-02-08T14:43:55.756+0200] {dagbag.py:588} INFO - Filling up the DagBag from /home/munyah/.local/lib/python3.10/site-packages/airflow/example_dags/example_branch_operator_decorator.py
[2025-02-08T14:43:55.760+0200] {processor.py:927} WARNING - No viable dags retrieved from /home/munyah/.local/lib/python3.10/site-packages/airflow/example_dags/example_branch_operator_decorator.py
[2025-02-08T14:43:55.772+0200] {processor.py:208} INFO - Processing /home/munyah/.local/lib/python3.10/site-packages/airflow/example_dags/example_branch_operator_decorator.py took 0.026 seconds
[2025-02-08T14:44:57.330+0200] {processor.py:186} INFO - Started process (PID=58241) to work on /home/munyah/.local/lib/python3.10/site-packages/airflow/example_dags/example_branch_operator_decorator.py
[2025-02-08T14:44:57.332+0200] {processor.py:914} INFO - Processing file /home/munyah/.local/lib/python3.10/site-packages/airflow/example_dags/example_branch_operator_decorator.py for tasks to queue
[2025-02-08T14:44:57.335+0200] {logging_mixin.py:190} INFO - [2025-02-08T14:44:57.335+0200] {dagbag.py:588} INFO - Filling up the DagBag from /home/munyah/.local/lib/python3.10/site-packages/airflow/example_dags/example_branch_operator_decorator.py
[2025-02-08T14:44:57.341+0200] {processor.py:927} WARNING - No viable dags retrieved from /home/munyah/.local/lib/python3.10/site-packages/airflow/example_dags/example_branch_operator_decorator.py
[2025-02-08T14:44:57.359+0200] {processor.py:208} INFO - Processing /home/munyah/.local/lib/python3.10/site-packages/airflow/example_dags/example_branch_operator_decorator.py took 0.041 seconds
[2025-02-08T14:45:58.447+0200] {processor.py:186} INFO - Started process (PID=58511) to work on /home/munyah/.local/lib/python3.10/site-packages/airflow/example_dags/example_branch_operator_decorator.py
[2025-02-08T14:45:58.448+0200] {processor.py:914} INFO - Processing file /home/munyah/.local/lib/python3.10/site-packages/airflow/example_dags/example_branch_operator_decorator.py for tasks to queue
[2025-02-08T14:45:58.451+0200] {logging_mixin.py:190} INFO - [2025-02-08T14:45:58.451+0200] {dagbag.py:588} INFO - Filling up the DagBag from /home/munyah/.local/lib/python3.10/site-packages/airflow/example_dags/example_branch_operator_decorator.py
[2025-02-08T14:45:58.455+0200] {processor.py:927} WARNING - No viable dags retrieved from /home/munyah/.local/lib/python3.10/site-packages/airflow/example_dags/example_branch_operator_decorator.py
[2025-02-08T14:45:58.467+0200] {processor.py:208} INFO - Processing /home/munyah/.local/lib/python3.10/site-packages/airflow/example_dags/example_branch_operator_decorator.py took 0.027 seconds
[2025-02-08T14:46:57.087+0200] {processor.py:186} INFO - Started process (PID=58770) to work on /home/munyah/.local/lib/python3.10/site-packages/airflow/example_dags/example_branch_operator_decorator.py
[2025-02-08T14:46:57.088+0200] {processor.py:914} INFO - Processing file /home/munyah/.local/lib/python3.10/site-packages/airflow/example_dags/example_branch_operator_decorator.py for tasks to queue
[2025-02-08T14:46:57.090+0200] {logging_mixin.py:190} INFO - [2025-02-08T14:46:57.090+0200] {dagbag.py:588} INFO - Filling up the DagBag from /home/munyah/.local/lib/python3.10/site-packages/airflow/example_dags/example_branch_operator_decorator.py
[2025-02-08T14:46:57.094+0200] {processor.py:927} WARNING - No viable dags retrieved from /home/munyah/.local/lib/python3.10/site-packages/airflow/example_dags/example_branch_operator_decorator.py
[2025-02-08T14:46:57.105+0200] {processor.py:208} INFO - Processing /home/munyah/.local/lib/python3.10/site-packages/airflow/example_dags/example_branch_operator_decorator.py took 0.026 seconds
[2025-02-08T14:48:27.831+0200] {processor.py:186} INFO - Started process (PID=59126) to work on /home/munyah/.local/lib/python3.10/site-packages/airflow/example_dags/example_branch_operator_decorator.py
[2025-02-08T14:48:27.832+0200] {processor.py:914} INFO - Processing file /home/munyah/.local/lib/python3.10/site-packages/airflow/example_dags/example_branch_operator_decorator.py for tasks to queue
[2025-02-08T14:48:27.836+0200] {logging_mixin.py:190} INFO - [2025-02-08T14:48:27.835+0200] {dagbag.py:588} INFO - Filling up the DagBag from /home/munyah/.local/lib/python3.10/site-packages/airflow/example_dags/example_branch_operator_decorator.py
[2025-02-08T14:48:27.840+0200] {processor.py:927} WARNING - No viable dags retrieved from /home/munyah/.local/lib/python3.10/site-packages/airflow/example_dags/example_branch_operator_decorator.py
[2025-02-08T14:48:27.858+0200] {processor.py:208} INFO - Processing /home/munyah/.local/lib/python3.10/site-packages/airflow/example_dags/example_branch_operator_decorator.py took 0.036 seconds
[2025-02-08T14:49:57.668+0200] {processor.py:186} INFO - Started process (PID=59347) to work on /home/munyah/.local/lib/python3.10/site-packages/airflow/example_dags/example_branch_operator_decorator.py
[2025-02-08T14:49:57.669+0200] {processor.py:914} INFO - Processing file /home/munyah/.local/lib/python3.10/site-packages/airflow/example_dags/example_branch_operator_decorator.py for tasks to queue
[2025-02-08T14:49:57.673+0200] {logging_mixin.py:190} INFO - [2025-02-08T14:49:57.673+0200] {dagbag.py:588} INFO - Filling up the DagBag from /home/munyah/.local/lib/python3.10/site-packages/airflow/example_dags/example_branch_operator_decorator.py
[2025-02-08T14:49:57.678+0200] {processor.py:927} WARNING - No viable dags retrieved from /home/munyah/.local/lib/python3.10/site-packages/airflow/example_dags/example_branch_operator_decorator.py
[2025-02-08T14:49:57.695+0200] {processor.py:208} INFO - Processing /home/munyah/.local/lib/python3.10/site-packages/airflow/example_dags/example_branch_operator_decorator.py took 0.038 seconds
[2025-02-08T14:51:22.286+0200] {processor.py:186} INFO - Started process (PID=59609) to work on /home/munyah/.local/lib/python3.10/site-packages/airflow/example_dags/example_branch_operator_decorator.py
[2025-02-08T14:51:22.288+0200] {processor.py:914} INFO - Processing file /home/munyah/.local/lib/python3.10/site-packages/airflow/example_dags/example_branch_operator_decorator.py for tasks to queue
[2025-02-08T14:51:22.292+0200] {logging_mixin.py:190} INFO - [2025-02-08T14:51:22.291+0200] {dagbag.py:588} INFO - Filling up the DagBag from /home/munyah/.local/lib/python3.10/site-packages/airflow/example_dags/example_branch_operator_decorator.py
[2025-02-08T14:51:22.301+0200] {processor.py:927} WARNING - No viable dags retrieved from /home/munyah/.local/lib/python3.10/site-packages/airflow/example_dags/example_branch_operator_decorator.py
[2025-02-08T14:51:22.320+0200] {processor.py:208} INFO - Processing /home/munyah/.local/lib/python3.10/site-packages/airflow/example_dags/example_branch_operator_decorator.py took 0.044 seconds
[2025-02-08T14:52:55.655+0200] {processor.py:186} INFO - Started process (PID=60040) to work on /home/munyah/.local/lib/python3.10/site-packages/airflow/example_dags/example_branch_operator_decorator.py
[2025-02-08T14:52:55.656+0200] {processor.py:914} INFO - Processing file /home/munyah/.local/lib/python3.10/site-packages/airflow/example_dags/example_branch_operator_decorator.py for tasks to queue
[2025-02-08T14:52:55.659+0200] {logging_mixin.py:190} INFO - [2025-02-08T14:52:55.659+0200] {dagbag.py:588} INFO - Filling up the DagBag from /home/munyah/.local/lib/python3.10/site-packages/airflow/example_dags/example_branch_operator_decorator.py
[2025-02-08T14:52:55.664+0200] {processor.py:927} WARNING - No viable dags retrieved from /home/munyah/.local/lib/python3.10/site-packages/airflow/example_dags/example_branch_operator_decorator.py
[2025-02-08T14:52:55.679+0200] {processor.py:208} INFO - Processing /home/munyah/.local/lib/python3.10/site-packages/airflow/example_dags/example_branch_operator_decorator.py took 0.034 seconds
[2025-02-08T14:54:25.497+0200] {processor.py:186} INFO - Started process (PID=60294) to work on /home/munyah/.local/lib/python3.10/site-packages/airflow/example_dags/example_branch_operator_decorator.py
[2025-02-08T14:54:25.499+0200] {processor.py:914} INFO - Processing file /home/munyah/.local/lib/python3.10/site-packages/airflow/example_dags/example_branch_operator_decorator.py for tasks to queue
[2025-02-08T14:54:25.501+0200] {logging_mixin.py:190} INFO - [2025-02-08T14:54:25.501+0200] {dagbag.py:588} INFO - Filling up the DagBag from /home/munyah/.local/lib/python3.10/site-packages/airflow/example_dags/example_branch_operator_decorator.py
[2025-02-08T14:54:25.505+0200] {processor.py:927} WARNING - No viable dags retrieved from /home/munyah/.local/lib/python3.10/site-packages/airflow/example_dags/example_branch_operator_decorator.py
[2025-02-08T14:54:25.518+0200] {processor.py:208} INFO - Processing /home/munyah/.local/lib/python3.10/site-packages/airflow/example_dags/example_branch_operator_decorator.py took 0.031 seconds
[2025-02-08T14:55:46.193+0200] {processor.py:186} INFO - Started process (PID=60502) to work on /home/munyah/.local/lib/python3.10/site-packages/airflow/example_dags/example_branch_operator_decorator.py
[2025-02-08T14:55:46.194+0200] {processor.py:914} INFO - Processing file /home/munyah/.local/lib/python3.10/site-packages/airflow/example_dags/example_branch_operator_decorator.py for tasks to queue
[2025-02-08T14:55:46.198+0200] {logging_mixin.py:190} INFO - [2025-02-08T14:55:46.198+0200] {dagbag.py:588} INFO - Filling up the DagBag from /home/munyah/.local/lib/python3.10/site-packages/airflow/example_dags/example_branch_operator_decorator.py
[2025-02-08T14:55:46.203+0200] {processor.py:927} WARNING - No viable dags retrieved from /home/munyah/.local/lib/python3.10/site-packages/airflow/example_dags/example_branch_operator_decorator.py
[2025-02-08T14:55:46.218+0200] {processor.py:208} INFO - Processing /home/munyah/.local/lib/python3.10/site-packages/airflow/example_dags/example_branch_operator_decorator.py took 0.033 seconds
[2025-02-08T14:57:12.757+0200] {processor.py:186} INFO - Started process (PID=60819) to work on /home/munyah/.local/lib/python3.10/site-packages/airflow/example_dags/example_branch_operator_decorator.py
[2025-02-08T14:57:12.758+0200] {processor.py:914} INFO - Processing file /home/munyah/.local/lib/python3.10/site-packages/airflow/example_dags/example_branch_operator_decorator.py for tasks to queue
[2025-02-08T14:57:12.762+0200] {logging_mixin.py:190} INFO - [2025-02-08T14:57:12.761+0200] {dagbag.py:588} INFO - Filling up the DagBag from /home/munyah/.local/lib/python3.10/site-packages/airflow/example_dags/example_branch_operator_decorator.py
[2025-02-08T14:57:12.766+0200] {processor.py:927} WARNING - No viable dags retrieved from /home/munyah/.local/lib/python3.10/site-packages/airflow/example_dags/example_branch_operator_decorator.py
[2025-02-08T14:57:12.781+0200] {processor.py:208} INFO - Processing /home/munyah/.local/lib/python3.10/site-packages/airflow/example_dags/example_branch_operator_decorator.py took 0.034 seconds
[2025-02-08T14:58:30.387+0200] {processor.py:186} INFO - Started process (PID=61043) to work on /home/munyah/.local/lib/python3.10/site-packages/airflow/example_dags/example_branch_operator_decorator.py
[2025-02-08T14:58:30.388+0200] {processor.py:914} INFO - Processing file /home/munyah/.local/lib/python3.10/site-packages/airflow/example_dags/example_branch_operator_decorator.py for tasks to queue
[2025-02-08T14:58:30.392+0200] {logging_mixin.py:190} INFO - [2025-02-08T14:58:30.391+0200] {dagbag.py:588} INFO - Filling up the DagBag from /home/munyah/.local/lib/python3.10/site-packages/airflow/example_dags/example_branch_operator_decorator.py
[2025-02-08T14:58:30.397+0200] {processor.py:927} WARNING - No viable dags retrieved from /home/munyah/.local/lib/python3.10/site-packages/airflow/example_dags/example_branch_operator_decorator.py
[2025-02-08T14:58:30.412+0200] {processor.py:208} INFO - Processing /home/munyah/.local/lib/python3.10/site-packages/airflow/example_dags/example_branch_operator_decorator.py took 0.042 seconds
[2025-02-08T14:59:50.806+0200] {processor.py:186} INFO - Started process (PID=61260) to work on /home/munyah/.local/lib/python3.10/site-packages/airflow/example_dags/example_branch_operator_decorator.py
[2025-02-08T14:59:50.807+0200] {processor.py:914} INFO - Processing file /home/munyah/.local/lib/python3.10/site-packages/airflow/example_dags/example_branch_operator_decorator.py for tasks to queue
[2025-02-08T14:59:50.810+0200] {logging_mixin.py:190} INFO - [2025-02-08T14:59:50.810+0200] {dagbag.py:588} INFO - Filling up the DagBag from /home/munyah/.local/lib/python3.10/site-packages/airflow/example_dags/example_branch_operator_decorator.py
[2025-02-08T14:59:50.814+0200] {processor.py:927} WARNING - No viable dags retrieved from /home/munyah/.local/lib/python3.10/site-packages/airflow/example_dags/example_branch_operator_decorator.py
[2025-02-08T14:59:50.826+0200] {processor.py:208} INFO - Processing /home/munyah/.local/lib/python3.10/site-packages/airflow/example_dags/example_branch_operator_decorator.py took 0.031 seconds
[2025-02-08T15:01:14.812+0200] {processor.py:186} INFO - Started process (PID=61496) to work on /home/munyah/.local/lib/python3.10/site-packages/airflow/example_dags/example_branch_operator_decorator.py
[2025-02-08T15:01:14.814+0200] {processor.py:914} INFO - Processing file /home/munyah/.local/lib/python3.10/site-packages/airflow/example_dags/example_branch_operator_decorator.py for tasks to queue
[2025-02-08T15:01:14.819+0200] {logging_mixin.py:190} INFO - [2025-02-08T15:01:14.818+0200] {dagbag.py:588} INFO - Filling up the DagBag from /home/munyah/.local/lib/python3.10/site-packages/airflow/example_dags/example_branch_operator_decorator.py
[2025-02-08T15:01:14.825+0200] {processor.py:927} WARNING - No viable dags retrieved from /home/munyah/.local/lib/python3.10/site-packages/airflow/example_dags/example_branch_operator_decorator.py
[2025-02-08T15:01:14.843+0200] {processor.py:208} INFO - Processing /home/munyah/.local/lib/python3.10/site-packages/airflow/example_dags/example_branch_operator_decorator.py took 0.050 seconds
[2025-02-08T15:02:27.494+0200] {processor.py:186} INFO - Started process (PID=61737) to work on /home/munyah/.local/lib/python3.10/site-packages/airflow/example_dags/example_branch_operator_decorator.py
[2025-02-08T15:02:27.496+0200] {processor.py:914} INFO - Processing file /home/munyah/.local/lib/python3.10/site-packages/airflow/example_dags/example_branch_operator_decorator.py for tasks to queue
[2025-02-08T15:02:27.500+0200] {logging_mixin.py:190} INFO - [2025-02-08T15:02:27.499+0200] {dagbag.py:588} INFO - Filling up the DagBag from /home/munyah/.local/lib/python3.10/site-packages/airflow/example_dags/example_branch_operator_decorator.py
[2025-02-08T15:02:27.505+0200] {processor.py:927} WARNING - No viable dags retrieved from /home/munyah/.local/lib/python3.10/site-packages/airflow/example_dags/example_branch_operator_decorator.py
[2025-02-08T15:02:27.522+0200] {processor.py:208} INFO - Processing /home/munyah/.local/lib/python3.10/site-packages/airflow/example_dags/example_branch_operator_decorator.py took 0.045 seconds
[2025-02-08T15:03:51.749+0200] {processor.py:186} INFO - Started process (PID=62104) to work on /home/munyah/.local/lib/python3.10/site-packages/airflow/example_dags/example_branch_operator_decorator.py
[2025-02-08T15:03:51.750+0200] {processor.py:914} INFO - Processing file /home/munyah/.local/lib/python3.10/site-packages/airflow/example_dags/example_branch_operator_decorator.py for tasks to queue
[2025-02-08T15:03:51.753+0200] {logging_mixin.py:190} INFO - [2025-02-08T15:03:51.753+0200] {dagbag.py:588} INFO - Filling up the DagBag from /home/munyah/.local/lib/python3.10/site-packages/airflow/example_dags/example_branch_operator_decorator.py
[2025-02-08T15:03:51.759+0200] {processor.py:927} WARNING - No viable dags retrieved from /home/munyah/.local/lib/python3.10/site-packages/airflow/example_dags/example_branch_operator_decorator.py
[2025-02-08T15:03:51.771+0200] {processor.py:208} INFO - Processing /home/munyah/.local/lib/python3.10/site-packages/airflow/example_dags/example_branch_operator_decorator.py took 0.032 seconds
[2025-02-08T15:05:13.947+0200] {processor.py:186} INFO - Started process (PID=62426) to work on /home/munyah/.local/lib/python3.10/site-packages/airflow/example_dags/example_branch_operator_decorator.py
[2025-02-08T15:05:13.948+0200] {processor.py:914} INFO - Processing file /home/munyah/.local/lib/python3.10/site-packages/airflow/example_dags/example_branch_operator_decorator.py for tasks to queue
[2025-02-08T15:05:13.951+0200] {logging_mixin.py:190} INFO - [2025-02-08T15:05:13.950+0200] {dagbag.py:588} INFO - Filling up the DagBag from /home/munyah/.local/lib/python3.10/site-packages/airflow/example_dags/example_branch_operator_decorator.py
[2025-02-08T15:05:13.955+0200] {processor.py:927} WARNING - No viable dags retrieved from /home/munyah/.local/lib/python3.10/site-packages/airflow/example_dags/example_branch_operator_decorator.py
[2025-02-08T15:05:13.966+0200] {processor.py:208} INFO - Processing /home/munyah/.local/lib/python3.10/site-packages/airflow/example_dags/example_branch_operator_decorator.py took 0.028 seconds
[2025-02-08T15:07:00.981+0200] {processor.py:186} INFO - Started process (PID=62827) to work on /home/munyah/.local/lib/python3.10/site-packages/airflow/example_dags/example_branch_operator_decorator.py
[2025-02-08T15:07:00.983+0200] {processor.py:914} INFO - Processing file /home/munyah/.local/lib/python3.10/site-packages/airflow/example_dags/example_branch_operator_decorator.py for tasks to queue
[2025-02-08T15:07:00.987+0200] {logging_mixin.py:190} INFO - [2025-02-08T15:07:00.986+0200] {dagbag.py:588} INFO - Filling up the DagBag from /home/munyah/.local/lib/python3.10/site-packages/airflow/example_dags/example_branch_operator_decorator.py
[2025-02-08T15:07:00.991+0200] {processor.py:927} WARNING - No viable dags retrieved from /home/munyah/.local/lib/python3.10/site-packages/airflow/example_dags/example_branch_operator_decorator.py
[2025-02-08T15:07:01.009+0200] {processor.py:208} INFO - Processing /home/munyah/.local/lib/python3.10/site-packages/airflow/example_dags/example_branch_operator_decorator.py took 0.038 seconds
[2025-02-08T15:08:52.739+0200] {processor.py:186} INFO - Started process (PID=63232) to work on /home/munyah/.local/lib/python3.10/site-packages/airflow/example_dags/example_branch_operator_decorator.py
[2025-02-08T15:08:52.741+0200] {processor.py:914} INFO - Processing file /home/munyah/.local/lib/python3.10/site-packages/airflow/example_dags/example_branch_operator_decorator.py for tasks to queue
[2025-02-08T15:08:52.745+0200] {logging_mixin.py:190} INFO - [2025-02-08T15:08:52.744+0200] {dagbag.py:588} INFO - Filling up the DagBag from /home/munyah/.local/lib/python3.10/site-packages/airflow/example_dags/example_branch_operator_decorator.py
[2025-02-08T15:08:52.749+0200] {processor.py:927} WARNING - No viable dags retrieved from /home/munyah/.local/lib/python3.10/site-packages/airflow/example_dags/example_branch_operator_decorator.py
[2025-02-08T15:08:52.767+0200] {processor.py:208} INFO - Processing /home/munyah/.local/lib/python3.10/site-packages/airflow/example_dags/example_branch_operator_decorator.py took 0.038 seconds
[2025-02-08T15:10:18.035+0200] {processor.py:186} INFO - Started process (PID=63542) to work on /home/munyah/.local/lib/python3.10/site-packages/airflow/example_dags/example_branch_operator_decorator.py
[2025-02-08T15:10:18.036+0200] {processor.py:914} INFO - Processing file /home/munyah/.local/lib/python3.10/site-packages/airflow/example_dags/example_branch_operator_decorator.py for tasks to queue
[2025-02-08T15:10:18.039+0200] {logging_mixin.py:190} INFO - [2025-02-08T15:10:18.038+0200] {dagbag.py:588} INFO - Filling up the DagBag from /home/munyah/.local/lib/python3.10/site-packages/airflow/example_dags/example_branch_operator_decorator.py
[2025-02-08T15:10:18.042+0200] {processor.py:927} WARNING - No viable dags retrieved from /home/munyah/.local/lib/python3.10/site-packages/airflow/example_dags/example_branch_operator_decorator.py
[2025-02-08T15:10:18.054+0200] {processor.py:208} INFO - Processing /home/munyah/.local/lib/python3.10/site-packages/airflow/example_dags/example_branch_operator_decorator.py took 0.027 seconds
[2025-02-08T15:11:45.693+0200] {processor.py:186} INFO - Started process (PID=63866) to work on /home/munyah/.local/lib/python3.10/site-packages/airflow/example_dags/example_branch_operator_decorator.py
[2025-02-08T15:11:45.695+0200] {processor.py:914} INFO - Processing file /home/munyah/.local/lib/python3.10/site-packages/airflow/example_dags/example_branch_operator_decorator.py for tasks to queue
[2025-02-08T15:11:45.699+0200] {logging_mixin.py:190} INFO - [2025-02-08T15:11:45.699+0200] {dagbag.py:588} INFO - Filling up the DagBag from /home/munyah/.local/lib/python3.10/site-packages/airflow/example_dags/example_branch_operator_decorator.py
[2025-02-08T15:11:45.705+0200] {processor.py:927} WARNING - No viable dags retrieved from /home/munyah/.local/lib/python3.10/site-packages/airflow/example_dags/example_branch_operator_decorator.py
[2025-02-08T15:11:45.725+0200] {processor.py:208} INFO - Processing /home/munyah/.local/lib/python3.10/site-packages/airflow/example_dags/example_branch_operator_decorator.py took 0.045 seconds
[2025-02-08T15:13:50.761+0200] {processor.py:186} INFO - Started process (PID=64388) to work on /home/munyah/.local/lib/python3.10/site-packages/airflow/example_dags/example_branch_operator_decorator.py
[2025-02-08T15:13:50.762+0200] {processor.py:914} INFO - Processing file /home/munyah/.local/lib/python3.10/site-packages/airflow/example_dags/example_branch_operator_decorator.py for tasks to queue
[2025-02-08T15:13:50.765+0200] {logging_mixin.py:190} INFO - [2025-02-08T15:13:50.764+0200] {dagbag.py:588} INFO - Filling up the DagBag from /home/munyah/.local/lib/python3.10/site-packages/airflow/example_dags/example_branch_operator_decorator.py
[2025-02-08T15:13:50.769+0200] {processor.py:927} WARNING - No viable dags retrieved from /home/munyah/.local/lib/python3.10/site-packages/airflow/example_dags/example_branch_operator_decorator.py
[2025-02-08T15:13:50.783+0200] {processor.py:208} INFO - Processing /home/munyah/.local/lib/python3.10/site-packages/airflow/example_dags/example_branch_operator_decorator.py took 0.032 seconds
[2025-02-08T15:15:18.852+0200] {processor.py:186} INFO - Started process (PID=64784) to work on /home/munyah/.local/lib/python3.10/site-packages/airflow/example_dags/example_branch_operator_decorator.py
[2025-02-08T15:15:18.854+0200] {processor.py:914} INFO - Processing file /home/munyah/.local/lib/python3.10/site-packages/airflow/example_dags/example_branch_operator_decorator.py for tasks to queue
[2025-02-08T15:15:18.856+0200] {logging_mixin.py:190} INFO - [2025-02-08T15:15:18.856+0200] {dagbag.py:588} INFO - Filling up the DagBag from /home/munyah/.local/lib/python3.10/site-packages/airflow/example_dags/example_branch_operator_decorator.py
[2025-02-08T15:15:18.860+0200] {processor.py:927} WARNING - No viable dags retrieved from /home/munyah/.local/lib/python3.10/site-packages/airflow/example_dags/example_branch_operator_decorator.py
[2025-02-08T15:15:18.874+0200] {processor.py:208} INFO - Processing /home/munyah/.local/lib/python3.10/site-packages/airflow/example_dags/example_branch_operator_decorator.py took 0.032 seconds
[2025-02-08T15:16:50.067+0200] {processor.py:186} INFO - Started process (PID=65235) to work on /home/munyah/.local/lib/python3.10/site-packages/airflow/example_dags/example_branch_operator_decorator.py
[2025-02-08T15:16:50.068+0200] {processor.py:914} INFO - Processing file /home/munyah/.local/lib/python3.10/site-packages/airflow/example_dags/example_branch_operator_decorator.py for tasks to queue
[2025-02-08T15:16:50.070+0200] {logging_mixin.py:190} INFO - [2025-02-08T15:16:50.070+0200] {dagbag.py:588} INFO - Filling up the DagBag from /home/munyah/.local/lib/python3.10/site-packages/airflow/example_dags/example_branch_operator_decorator.py
[2025-02-08T15:16:50.074+0200] {processor.py:927} WARNING - No viable dags retrieved from /home/munyah/.local/lib/python3.10/site-packages/airflow/example_dags/example_branch_operator_decorator.py
[2025-02-08T15:16:50.086+0200] {processor.py:208} INFO - Processing /home/munyah/.local/lib/python3.10/site-packages/airflow/example_dags/example_branch_operator_decorator.py took 0.026 seconds
[2025-02-08T15:18:12.296+0200] {processor.py:186} INFO - Started process (PID=65526) to work on /home/munyah/.local/lib/python3.10/site-packages/airflow/example_dags/example_branch_operator_decorator.py
[2025-02-08T15:18:12.299+0200] {processor.py:914} INFO - Processing file /home/munyah/.local/lib/python3.10/site-packages/airflow/example_dags/example_branch_operator_decorator.py for tasks to queue
[2025-02-08T15:18:12.306+0200] {logging_mixin.py:190} INFO - [2025-02-08T15:18:12.305+0200] {dagbag.py:588} INFO - Filling up the DagBag from /home/munyah/.local/lib/python3.10/site-packages/airflow/example_dags/example_branch_operator_decorator.py
[2025-02-08T15:18:12.312+0200] {processor.py:927} WARNING - No viable dags retrieved from /home/munyah/.local/lib/python3.10/site-packages/airflow/example_dags/example_branch_operator_decorator.py
[2025-02-08T15:18:12.336+0200] {processor.py:208} INFO - Processing /home/munyah/.local/lib/python3.10/site-packages/airflow/example_dags/example_branch_operator_decorator.py took 0.060 seconds
[2025-02-08T15:19:31.632+0200] {processor.py:186} INFO - Started process (PID=65794) to work on /home/munyah/.local/lib/python3.10/site-packages/airflow/example_dags/example_branch_operator_decorator.py
[2025-02-08T15:19:31.634+0200] {processor.py:914} INFO - Processing file /home/munyah/.local/lib/python3.10/site-packages/airflow/example_dags/example_branch_operator_decorator.py for tasks to queue
[2025-02-08T15:19:31.639+0200] {logging_mixin.py:190} INFO - [2025-02-08T15:19:31.638+0200] {dagbag.py:588} INFO - Filling up the DagBag from /home/munyah/.local/lib/python3.10/site-packages/airflow/example_dags/example_branch_operator_decorator.py
[2025-02-08T15:19:31.645+0200] {processor.py:927} WARNING - No viable dags retrieved from /home/munyah/.local/lib/python3.10/site-packages/airflow/example_dags/example_branch_operator_decorator.py
[2025-02-08T15:19:31.666+0200] {processor.py:208} INFO - Processing /home/munyah/.local/lib/python3.10/site-packages/airflow/example_dags/example_branch_operator_decorator.py took 0.047 seconds
[2025-02-08T15:20:57.962+0200] {processor.py:186} INFO - Started process (PID=66114) to work on /home/munyah/.local/lib/python3.10/site-packages/airflow/example_dags/example_branch_operator_decorator.py
[2025-02-08T15:20:57.965+0200] {processor.py:914} INFO - Processing file /home/munyah/.local/lib/python3.10/site-packages/airflow/example_dags/example_branch_operator_decorator.py for tasks to queue
[2025-02-08T15:20:57.970+0200] {logging_mixin.py:190} INFO - [2025-02-08T15:20:57.970+0200] {dagbag.py:588} INFO - Filling up the DagBag from /home/munyah/.local/lib/python3.10/site-packages/airflow/example_dags/example_branch_operator_decorator.py
[2025-02-08T15:20:57.978+0200] {processor.py:927} WARNING - No viable dags retrieved from /home/munyah/.local/lib/python3.10/site-packages/airflow/example_dags/example_branch_operator_decorator.py
[2025-02-08T15:20:58.002+0200] {processor.py:208} INFO - Processing /home/munyah/.local/lib/python3.10/site-packages/airflow/example_dags/example_branch_operator_decorator.py took 0.053 seconds
[2025-02-08T15:22:45.512+0200] {processor.py:186} INFO - Started process (PID=66592) to work on /home/munyah/.local/lib/python3.10/site-packages/airflow/example_dags/example_branch_operator_decorator.py
[2025-02-08T15:22:45.513+0200] {processor.py:914} INFO - Processing file /home/munyah/.local/lib/python3.10/site-packages/airflow/example_dags/example_branch_operator_decorator.py for tasks to queue
[2025-02-08T15:22:45.516+0200] {logging_mixin.py:190} INFO - [2025-02-08T15:22:45.515+0200] {dagbag.py:588} INFO - Filling up the DagBag from /home/munyah/.local/lib/python3.10/site-packages/airflow/example_dags/example_branch_operator_decorator.py
[2025-02-08T15:22:45.520+0200] {processor.py:927} WARNING - No viable dags retrieved from /home/munyah/.local/lib/python3.10/site-packages/airflow/example_dags/example_branch_operator_decorator.py
[2025-02-08T15:22:45.532+0200] {processor.py:208} INFO - Processing /home/munyah/.local/lib/python3.10/site-packages/airflow/example_dags/example_branch_operator_decorator.py took 0.028 seconds
[2025-02-08T15:23:58.528+0200] {processor.py:186} INFO - Started process (PID=66812) to work on /home/munyah/.local/lib/python3.10/site-packages/airflow/example_dags/example_branch_operator_decorator.py
[2025-02-08T15:23:58.530+0200] {processor.py:914} INFO - Processing file /home/munyah/.local/lib/python3.10/site-packages/airflow/example_dags/example_branch_operator_decorator.py for tasks to queue
[2025-02-08T15:23:58.532+0200] {logging_mixin.py:190} INFO - [2025-02-08T15:23:58.532+0200] {dagbag.py:588} INFO - Filling up the DagBag from /home/munyah/.local/lib/python3.10/site-packages/airflow/example_dags/example_branch_operator_decorator.py
[2025-02-08T15:23:58.536+0200] {processor.py:927} WARNING - No viable dags retrieved from /home/munyah/.local/lib/python3.10/site-packages/airflow/example_dags/example_branch_operator_decorator.py
[2025-02-08T15:23:58.547+0200] {processor.py:208} INFO - Processing /home/munyah/.local/lib/python3.10/site-packages/airflow/example_dags/example_branch_operator_decorator.py took 0.027 seconds
[2025-02-08T15:25:12.533+0200] {processor.py:186} INFO - Started process (PID=67106) to work on /home/munyah/.local/lib/python3.10/site-packages/airflow/example_dags/example_branch_operator_decorator.py
[2025-02-08T15:25:12.535+0200] {processor.py:914} INFO - Processing file /home/munyah/.local/lib/python3.10/site-packages/airflow/example_dags/example_branch_operator_decorator.py for tasks to queue
[2025-02-08T15:25:12.537+0200] {logging_mixin.py:190} INFO - [2025-02-08T15:25:12.537+0200] {dagbag.py:588} INFO - Filling up the DagBag from /home/munyah/.local/lib/python3.10/site-packages/airflow/example_dags/example_branch_operator_decorator.py
[2025-02-08T15:25:12.542+0200] {processor.py:927} WARNING - No viable dags retrieved from /home/munyah/.local/lib/python3.10/site-packages/airflow/example_dags/example_branch_operator_decorator.py
[2025-02-08T15:25:12.556+0200] {processor.py:208} INFO - Processing /home/munyah/.local/lib/python3.10/site-packages/airflow/example_dags/example_branch_operator_decorator.py took 0.031 seconds
[2025-02-08T15:26:28.416+0200] {processor.py:186} INFO - Started process (PID=67367) to work on /home/munyah/.local/lib/python3.10/site-packages/airflow/example_dags/example_branch_operator_decorator.py
[2025-02-08T15:26:28.423+0200] {processor.py:914} INFO - Processing file /home/munyah/.local/lib/python3.10/site-packages/airflow/example_dags/example_branch_operator_decorator.py for tasks to queue
[2025-02-08T15:26:28.427+0200] {logging_mixin.py:190} INFO - [2025-02-08T15:26:28.426+0200] {dagbag.py:588} INFO - Filling up the DagBag from /home/munyah/.local/lib/python3.10/site-packages/airflow/example_dags/example_branch_operator_decorator.py
[2025-02-08T15:26:28.433+0200] {processor.py:927} WARNING - No viable dags retrieved from /home/munyah/.local/lib/python3.10/site-packages/airflow/example_dags/example_branch_operator_decorator.py
[2025-02-08T15:26:28.451+0200] {processor.py:208} INFO - Processing /home/munyah/.local/lib/python3.10/site-packages/airflow/example_dags/example_branch_operator_decorator.py took 0.047 seconds
[2025-02-08T15:27:48.708+0200] {processor.py:186} INFO - Started process (PID=67643) to work on /home/munyah/.local/lib/python3.10/site-packages/airflow/example_dags/example_branch_operator_decorator.py
[2025-02-08T15:27:48.712+0200] {processor.py:914} INFO - Processing file /home/munyah/.local/lib/python3.10/site-packages/airflow/example_dags/example_branch_operator_decorator.py for tasks to queue
[2025-02-08T15:27:48.718+0200] {logging_mixin.py:190} INFO - [2025-02-08T15:27:48.717+0200] {dagbag.py:588} INFO - Filling up the DagBag from /home/munyah/.local/lib/python3.10/site-packages/airflow/example_dags/example_branch_operator_decorator.py
[2025-02-08T15:27:48.726+0200] {processor.py:927} WARNING - No viable dags retrieved from /home/munyah/.local/lib/python3.10/site-packages/airflow/example_dags/example_branch_operator_decorator.py
[2025-02-08T15:27:48.754+0200] {processor.py:208} INFO - Processing /home/munyah/.local/lib/python3.10/site-packages/airflow/example_dags/example_branch_operator_decorator.py took 0.057 seconds
[2025-02-08T15:28:52.640+0200] {processor.py:186} INFO - Started process (PID=67798) to work on /home/munyah/.local/lib/python3.10/site-packages/airflow/example_dags/example_branch_operator_decorator.py
[2025-02-08T15:28:52.641+0200] {processor.py:914} INFO - Processing file /home/munyah/.local/lib/python3.10/site-packages/airflow/example_dags/example_branch_operator_decorator.py for tasks to queue
[2025-02-08T15:28:52.644+0200] {logging_mixin.py:190} INFO - [2025-02-08T15:28:52.643+0200] {dagbag.py:588} INFO - Filling up the DagBag from /home/munyah/.local/lib/python3.10/site-packages/airflow/example_dags/example_branch_operator_decorator.py
[2025-02-08T15:28:52.647+0200] {processor.py:927} WARNING - No viable dags retrieved from /home/munyah/.local/lib/python3.10/site-packages/airflow/example_dags/example_branch_operator_decorator.py
[2025-02-08T15:28:52.659+0200] {processor.py:208} INFO - Processing /home/munyah/.local/lib/python3.10/site-packages/airflow/example_dags/example_branch_operator_decorator.py took 0.027 seconds
[2025-02-08T15:29:52.262+0200] {processor.py:186} INFO - Started process (PID=67950) to work on /home/munyah/.local/lib/python3.10/site-packages/airflow/example_dags/example_branch_operator_decorator.py
[2025-02-08T15:29:52.264+0200] {processor.py:914} INFO - Processing file /home/munyah/.local/lib/python3.10/site-packages/airflow/example_dags/example_branch_operator_decorator.py for tasks to queue
[2025-02-08T15:29:52.267+0200] {logging_mixin.py:190} INFO - [2025-02-08T15:29:52.267+0200] {dagbag.py:588} INFO - Filling up the DagBag from /home/munyah/.local/lib/python3.10/site-packages/airflow/example_dags/example_branch_operator_decorator.py
[2025-02-08T15:29:52.273+0200] {processor.py:927} WARNING - No viable dags retrieved from /home/munyah/.local/lib/python3.10/site-packages/airflow/example_dags/example_branch_operator_decorator.py
[2025-02-08T15:29:52.290+0200] {processor.py:208} INFO - Processing /home/munyah/.local/lib/python3.10/site-packages/airflow/example_dags/example_branch_operator_decorator.py took 0.038 seconds
[2025-02-08T15:30:50.550+0200] {processor.py:186} INFO - Started process (PID=68104) to work on /home/munyah/.local/lib/python3.10/site-packages/airflow/example_dags/example_branch_operator_decorator.py
[2025-02-08T15:30:50.551+0200] {processor.py:914} INFO - Processing file /home/munyah/.local/lib/python3.10/site-packages/airflow/example_dags/example_branch_operator_decorator.py for tasks to queue
[2025-02-08T15:30:50.554+0200] {logging_mixin.py:190} INFO - [2025-02-08T15:30:50.554+0200] {dagbag.py:588} INFO - Filling up the DagBag from /home/munyah/.local/lib/python3.10/site-packages/airflow/example_dags/example_branch_operator_decorator.py
[2025-02-08T15:30:50.558+0200] {processor.py:927} WARNING - No viable dags retrieved from /home/munyah/.local/lib/python3.10/site-packages/airflow/example_dags/example_branch_operator_decorator.py
[2025-02-08T15:30:50.572+0200] {processor.py:208} INFO - Processing /home/munyah/.local/lib/python3.10/site-packages/airflow/example_dags/example_branch_operator_decorator.py took 0.031 seconds
[2025-02-08T15:31:46.074+0200] {processor.py:186} INFO - Started process (PID=68225) to work on /home/munyah/.local/lib/python3.10/site-packages/airflow/example_dags/example_branch_operator_decorator.py
[2025-02-08T15:31:46.076+0200] {processor.py:914} INFO - Processing file /home/munyah/.local/lib/python3.10/site-packages/airflow/example_dags/example_branch_operator_decorator.py for tasks to queue
[2025-02-08T15:31:46.080+0200] {logging_mixin.py:190} INFO - [2025-02-08T15:31:46.079+0200] {dagbag.py:588} INFO - Filling up the DagBag from /home/munyah/.local/lib/python3.10/site-packages/airflow/example_dags/example_branch_operator_decorator.py
[2025-02-08T15:31:46.086+0200] {processor.py:927} WARNING - No viable dags retrieved from /home/munyah/.local/lib/python3.10/site-packages/airflow/example_dags/example_branch_operator_decorator.py
[2025-02-08T15:31:46.105+0200] {processor.py:208} INFO - Processing /home/munyah/.local/lib/python3.10/site-packages/airflow/example_dags/example_branch_operator_decorator.py took 0.043 seconds
[2025-02-08T15:32:43.286+0200] {processor.py:186} INFO - Started process (PID=68361) to work on /home/munyah/.local/lib/python3.10/site-packages/airflow/example_dags/example_branch_operator_decorator.py
[2025-02-08T15:32:43.287+0200] {processor.py:914} INFO - Processing file /home/munyah/.local/lib/python3.10/site-packages/airflow/example_dags/example_branch_operator_decorator.py for tasks to queue
[2025-02-08T15:32:43.290+0200] {logging_mixin.py:190} INFO - [2025-02-08T15:32:43.289+0200] {dagbag.py:588} INFO - Filling up the DagBag from /home/munyah/.local/lib/python3.10/site-packages/airflow/example_dags/example_branch_operator_decorator.py
[2025-02-08T15:32:43.293+0200] {processor.py:927} WARNING - No viable dags retrieved from /home/munyah/.local/lib/python3.10/site-packages/airflow/example_dags/example_branch_operator_decorator.py
[2025-02-08T15:32:43.306+0200] {processor.py:208} INFO - Processing /home/munyah/.local/lib/python3.10/site-packages/airflow/example_dags/example_branch_operator_decorator.py took 0.027 seconds
[2025-02-08T15:34:04.056+0200] {processor.py:186} INFO - Started process (PID=68558) to work on /home/munyah/.local/lib/python3.10/site-packages/airflow/example_dags/example_branch_operator_decorator.py
[2025-02-08T15:34:04.057+0200] {processor.py:914} INFO - Processing file /home/munyah/.local/lib/python3.10/site-packages/airflow/example_dags/example_branch_operator_decorator.py for tasks to queue
[2025-02-08T15:34:04.060+0200] {logging_mixin.py:190} INFO - [2025-02-08T15:34:04.060+0200] {dagbag.py:588} INFO - Filling up the DagBag from /home/munyah/.local/lib/python3.10/site-packages/airflow/example_dags/example_branch_operator_decorator.py
[2025-02-08T15:34:04.065+0200] {processor.py:927} WARNING - No viable dags retrieved from /home/munyah/.local/lib/python3.10/site-packages/airflow/example_dags/example_branch_operator_decorator.py
[2025-02-08T15:34:04.080+0200] {processor.py:208} INFO - Processing /home/munyah/.local/lib/python3.10/site-packages/airflow/example_dags/example_branch_operator_decorator.py took 0.033 seconds
[2025-02-08T16:52:30.771+0200] {processor.py:186} INFO - Started process (PID=69126) to work on /home/munyah/.local/lib/python3.10/site-packages/airflow/example_dags/example_branch_operator_decorator.py
[2025-02-08T16:52:30.773+0200] {processor.py:914} INFO - Processing file /home/munyah/.local/lib/python3.10/site-packages/airflow/example_dags/example_branch_operator_decorator.py for tasks to queue
[2025-02-08T16:52:30.777+0200] {logging_mixin.py:190} INFO - [2025-02-08T16:52:30.776+0200] {dagbag.py:588} INFO - Filling up the DagBag from /home/munyah/.local/lib/python3.10/site-packages/airflow/example_dags/example_branch_operator_decorator.py
[2025-02-08T16:52:30.781+0200] {processor.py:927} WARNING - No viable dags retrieved from /home/munyah/.local/lib/python3.10/site-packages/airflow/example_dags/example_branch_operator_decorator.py
[2025-02-08T16:52:30.795+0200] {processor.py:208} INFO - Processing /home/munyah/.local/lib/python3.10/site-packages/airflow/example_dags/example_branch_operator_decorator.py took 0.033 seconds
[2025-02-08T16:53:33.363+0200] {processor.py:186} INFO - Started process (PID=69616) to work on /home/munyah/.local/lib/python3.10/site-packages/airflow/example_dags/example_branch_operator_decorator.py
[2025-02-08T16:53:33.364+0200] {processor.py:914} INFO - Processing file /home/munyah/.local/lib/python3.10/site-packages/airflow/example_dags/example_branch_operator_decorator.py for tasks to queue
[2025-02-08T16:53:33.366+0200] {logging_mixin.py:190} INFO - [2025-02-08T16:53:33.366+0200] {dagbag.py:588} INFO - Filling up the DagBag from /home/munyah/.local/lib/python3.10/site-packages/airflow/example_dags/example_branch_operator_decorator.py
[2025-02-08T16:53:33.371+0200] {processor.py:927} WARNING - No viable dags retrieved from /home/munyah/.local/lib/python3.10/site-packages/airflow/example_dags/example_branch_operator_decorator.py
[2025-02-08T16:53:33.389+0200] {processor.py:208} INFO - Processing /home/munyah/.local/lib/python3.10/site-packages/airflow/example_dags/example_branch_operator_decorator.py took 0.034 seconds
[2025-02-08T16:54:33.236+0200] {processor.py:186} INFO - Started process (PID=69933) to work on /home/munyah/.local/lib/python3.10/site-packages/airflow/example_dags/example_branch_operator_decorator.py
[2025-02-08T16:54:33.237+0200] {processor.py:914} INFO - Processing file /home/munyah/.local/lib/python3.10/site-packages/airflow/example_dags/example_branch_operator_decorator.py for tasks to queue
[2025-02-08T16:54:33.239+0200] {logging_mixin.py:190} INFO - [2025-02-08T16:54:33.239+0200] {dagbag.py:588} INFO - Filling up the DagBag from /home/munyah/.local/lib/python3.10/site-packages/airflow/example_dags/example_branch_operator_decorator.py
[2025-02-08T16:54:33.242+0200] {processor.py:927} WARNING - No viable dags retrieved from /home/munyah/.local/lib/python3.10/site-packages/airflow/example_dags/example_branch_operator_decorator.py
[2025-02-08T16:54:33.254+0200] {processor.py:208} INFO - Processing /home/munyah/.local/lib/python3.10/site-packages/airflow/example_dags/example_branch_operator_decorator.py took 0.028 seconds
[2025-02-08T16:55:34.291+0200] {processor.py:186} INFO - Started process (PID=70411) to work on /home/munyah/.local/lib/python3.10/site-packages/airflow/example_dags/example_branch_operator_decorator.py
[2025-02-08T16:55:34.293+0200] {processor.py:914} INFO - Processing file /home/munyah/.local/lib/python3.10/site-packages/airflow/example_dags/example_branch_operator_decorator.py for tasks to queue
[2025-02-08T16:55:34.297+0200] {logging_mixin.py:190} INFO - [2025-02-08T16:55:34.296+0200] {dagbag.py:588} INFO - Filling up the DagBag from /home/munyah/.local/lib/python3.10/site-packages/airflow/example_dags/example_branch_operator_decorator.py
[2025-02-08T16:55:34.302+0200] {processor.py:927} WARNING - No viable dags retrieved from /home/munyah/.local/lib/python3.10/site-packages/airflow/example_dags/example_branch_operator_decorator.py
[2025-02-08T16:55:34.317+0200] {processor.py:208} INFO - Processing /home/munyah/.local/lib/python3.10/site-packages/airflow/example_dags/example_branch_operator_decorator.py took 0.039 seconds
[2025-02-08T16:56:36.716+0200] {processor.py:186} INFO - Started process (PID=70714) to work on /home/munyah/.local/lib/python3.10/site-packages/airflow/example_dags/example_branch_operator_decorator.py
[2025-02-08T16:56:36.721+0200] {processor.py:914} INFO - Processing file /home/munyah/.local/lib/python3.10/site-packages/airflow/example_dags/example_branch_operator_decorator.py for tasks to queue
[2025-02-08T16:56:36.724+0200] {logging_mixin.py:190} INFO - [2025-02-08T16:56:36.723+0200] {dagbag.py:588} INFO - Filling up the DagBag from /home/munyah/.local/lib/python3.10/site-packages/airflow/example_dags/example_branch_operator_decorator.py
[2025-02-08T16:56:36.728+0200] {processor.py:927} WARNING - No viable dags retrieved from /home/munyah/.local/lib/python3.10/site-packages/airflow/example_dags/example_branch_operator_decorator.py
[2025-02-08T16:56:36.743+0200] {processor.py:208} INFO - Processing /home/munyah/.local/lib/python3.10/site-packages/airflow/example_dags/example_branch_operator_decorator.py took 0.036 seconds
[2025-02-08T16:57:42.036+0200] {processor.py:186} INFO - Started process (PID=71017) to work on /home/munyah/.local/lib/python3.10/site-packages/airflow/example_dags/example_branch_operator_decorator.py
[2025-02-08T16:57:42.037+0200] {processor.py:914} INFO - Processing file /home/munyah/.local/lib/python3.10/site-packages/airflow/example_dags/example_branch_operator_decorator.py for tasks to queue
[2025-02-08T16:57:42.040+0200] {logging_mixin.py:190} INFO - [2025-02-08T16:57:42.039+0200] {dagbag.py:588} INFO - Filling up the DagBag from /home/munyah/.local/lib/python3.10/site-packages/airflow/example_dags/example_branch_operator_decorator.py
[2025-02-08T16:57:42.043+0200] {processor.py:927} WARNING - No viable dags retrieved from /home/munyah/.local/lib/python3.10/site-packages/airflow/example_dags/example_branch_operator_decorator.py
[2025-02-08T16:57:42.054+0200] {processor.py:208} INFO - Processing /home/munyah/.local/lib/python3.10/site-packages/airflow/example_dags/example_branch_operator_decorator.py took 0.025 seconds
[2025-02-08T16:58:41.490+0200] {processor.py:186} INFO - Started process (PID=71274) to work on /home/munyah/.local/lib/python3.10/site-packages/airflow/example_dags/example_branch_operator_decorator.py
[2025-02-08T16:58:41.491+0200] {processor.py:914} INFO - Processing file /home/munyah/.local/lib/python3.10/site-packages/airflow/example_dags/example_branch_operator_decorator.py for tasks to queue
[2025-02-08T16:58:41.493+0200] {logging_mixin.py:190} INFO - [2025-02-08T16:58:41.493+0200] {dagbag.py:588} INFO - Filling up the DagBag from /home/munyah/.local/lib/python3.10/site-packages/airflow/example_dags/example_branch_operator_decorator.py
[2025-02-08T16:58:41.497+0200] {processor.py:927} WARNING - No viable dags retrieved from /home/munyah/.local/lib/python3.10/site-packages/airflow/example_dags/example_branch_operator_decorator.py
[2025-02-08T16:58:41.508+0200] {processor.py:208} INFO - Processing /home/munyah/.local/lib/python3.10/site-packages/airflow/example_dags/example_branch_operator_decorator.py took 0.025 seconds
[2025-02-08T16:59:38.781+0200] {processor.py:186} INFO - Started process (PID=71573) to work on /home/munyah/.local/lib/python3.10/site-packages/airflow/example_dags/example_branch_operator_decorator.py
[2025-02-08T16:59:38.782+0200] {processor.py:914} INFO - Processing file /home/munyah/.local/lib/python3.10/site-packages/airflow/example_dags/example_branch_operator_decorator.py for tasks to queue
[2025-02-08T16:59:38.784+0200] {logging_mixin.py:190} INFO - [2025-02-08T16:59:38.784+0200] {dagbag.py:588} INFO - Filling up the DagBag from /home/munyah/.local/lib/python3.10/site-packages/airflow/example_dags/example_branch_operator_decorator.py
[2025-02-08T16:59:38.787+0200] {processor.py:927} WARNING - No viable dags retrieved from /home/munyah/.local/lib/python3.10/site-packages/airflow/example_dags/example_branch_operator_decorator.py
[2025-02-08T16:59:38.798+0200] {processor.py:208} INFO - Processing /home/munyah/.local/lib/python3.10/site-packages/airflow/example_dags/example_branch_operator_decorator.py took 0.024 seconds
[2025-02-08T17:00:40.992+0200] {processor.py:186} INFO - Started process (PID=71875) to work on /home/munyah/.local/lib/python3.10/site-packages/airflow/example_dags/example_branch_operator_decorator.py
[2025-02-08T17:00:40.993+0200] {processor.py:914} INFO - Processing file /home/munyah/.local/lib/python3.10/site-packages/airflow/example_dags/example_branch_operator_decorator.py for tasks to queue
[2025-02-08T17:00:40.995+0200] {logging_mixin.py:190} INFO - [2025-02-08T17:00:40.995+0200] {dagbag.py:588} INFO - Filling up the DagBag from /home/munyah/.local/lib/python3.10/site-packages/airflow/example_dags/example_branch_operator_decorator.py
[2025-02-08T17:00:40.998+0200] {processor.py:927} WARNING - No viable dags retrieved from /home/munyah/.local/lib/python3.10/site-packages/airflow/example_dags/example_branch_operator_decorator.py
[2025-02-08T17:00:41.010+0200] {processor.py:208} INFO - Processing /home/munyah/.local/lib/python3.10/site-packages/airflow/example_dags/example_branch_operator_decorator.py took 0.025 seconds
[2025-02-08T17:01:39.562+0200] {processor.py:186} INFO - Started process (PID=72165) to work on /home/munyah/.local/lib/python3.10/site-packages/airflow/example_dags/example_branch_operator_decorator.py
[2025-02-08T17:01:39.564+0200] {processor.py:914} INFO - Processing file /home/munyah/.local/lib/python3.10/site-packages/airflow/example_dags/example_branch_operator_decorator.py for tasks to queue
[2025-02-08T17:01:39.566+0200] {logging_mixin.py:190} INFO - [2025-02-08T17:01:39.565+0200] {dagbag.py:588} INFO - Filling up the DagBag from /home/munyah/.local/lib/python3.10/site-packages/airflow/example_dags/example_branch_operator_decorator.py
[2025-02-08T17:01:39.569+0200] {processor.py:927} WARNING - No viable dags retrieved from /home/munyah/.local/lib/python3.10/site-packages/airflow/example_dags/example_branch_operator_decorator.py
[2025-02-08T17:01:39.581+0200] {processor.py:208} INFO - Processing /home/munyah/.local/lib/python3.10/site-packages/airflow/example_dags/example_branch_operator_decorator.py took 0.026 seconds
[2025-02-08T17:02:36.676+0200] {processor.py:186} INFO - Started process (PID=72415) to work on /home/munyah/.local/lib/python3.10/site-packages/airflow/example_dags/example_branch_operator_decorator.py
[2025-02-08T17:02:36.677+0200] {processor.py:914} INFO - Processing file /home/munyah/.local/lib/python3.10/site-packages/airflow/example_dags/example_branch_operator_decorator.py for tasks to queue
[2025-02-08T17:02:36.680+0200] {logging_mixin.py:190} INFO - [2025-02-08T17:02:36.679+0200] {dagbag.py:588} INFO - Filling up the DagBag from /home/munyah/.local/lib/python3.10/site-packages/airflow/example_dags/example_branch_operator_decorator.py
[2025-02-08T17:02:36.683+0200] {processor.py:927} WARNING - No viable dags retrieved from /home/munyah/.local/lib/python3.10/site-packages/airflow/example_dags/example_branch_operator_decorator.py
[2025-02-08T17:02:36.694+0200] {processor.py:208} INFO - Processing /home/munyah/.local/lib/python3.10/site-packages/airflow/example_dags/example_branch_operator_decorator.py took 0.025 seconds
[2025-02-08T17:03:33.668+0200] {processor.py:186} INFO - Started process (PID=72704) to work on /home/munyah/.local/lib/python3.10/site-packages/airflow/example_dags/example_branch_operator_decorator.py
[2025-02-08T17:03:33.669+0200] {processor.py:914} INFO - Processing file /home/munyah/.local/lib/python3.10/site-packages/airflow/example_dags/example_branch_operator_decorator.py for tasks to queue
[2025-02-08T17:03:33.673+0200] {logging_mixin.py:190} INFO - [2025-02-08T17:03:33.672+0200] {dagbag.py:588} INFO - Filling up the DagBag from /home/munyah/.local/lib/python3.10/site-packages/airflow/example_dags/example_branch_operator_decorator.py
[2025-02-08T17:03:33.676+0200] {processor.py:927} WARNING - No viable dags retrieved from /home/munyah/.local/lib/python3.10/site-packages/airflow/example_dags/example_branch_operator_decorator.py
[2025-02-08T17:03:33.687+0200] {processor.py:208} INFO - Processing /home/munyah/.local/lib/python3.10/site-packages/airflow/example_dags/example_branch_operator_decorator.py took 0.028 seconds
[2025-02-08T17:04:33.052+0200] {processor.py:186} INFO - Started process (PID=73015) to work on /home/munyah/.local/lib/python3.10/site-packages/airflow/example_dags/example_branch_operator_decorator.py
[2025-02-08T17:04:33.054+0200] {processor.py:914} INFO - Processing file /home/munyah/.local/lib/python3.10/site-packages/airflow/example_dags/example_branch_operator_decorator.py for tasks to queue
[2025-02-08T17:04:33.056+0200] {logging_mixin.py:190} INFO - [2025-02-08T17:04:33.056+0200] {dagbag.py:588} INFO - Filling up the DagBag from /home/munyah/.local/lib/python3.10/site-packages/airflow/example_dags/example_branch_operator_decorator.py
[2025-02-08T17:04:33.060+0200] {processor.py:927} WARNING - No viable dags retrieved from /home/munyah/.local/lib/python3.10/site-packages/airflow/example_dags/example_branch_operator_decorator.py
[2025-02-08T17:04:33.072+0200] {processor.py:208} INFO - Processing /home/munyah/.local/lib/python3.10/site-packages/airflow/example_dags/example_branch_operator_decorator.py took 0.027 seconds
