[2024-11-24T15:30:58.302+0200] {local_task_job_runner.py:123} INFO - ::group::Pre task execution logs
[2024-11-24T15:30:58.315+0200] {taskinstance.py:2613} INFO - Dependencies all met for dep_context=non-requeueable deps ti=<TaskInstance: continuous_patient_data_generation.add_new_patient scheduled__2024-11-24T13:29:00+00:00 [queued]>
[2024-11-24T15:30:58.321+0200] {taskinstance.py:2613} INFO - Dependencies all met for dep_context=requeueable deps ti=<TaskInstance: continuous_patient_data_generation.add_new_patient scheduled__2024-11-24T13:29:00+00:00 [queued]>
[2024-11-24T15:30:58.322+0200] {taskinstance.py:2866} INFO - Starting attempt 1 of 2
[2024-11-24T15:30:58.337+0200] {taskinstance.py:2889} INFO - Executing <Task(PythonOperator): add_new_patient> on 2024-11-24 13:29:00+00:00
[2024-11-24T15:30:58.343+0200] {standard_task_runner.py:72} INFO - Started process 502517 to run task
[2024-11-24T15:30:58.349+0200] {standard_task_runner.py:104} INFO - Running: ['airflow', 'tasks', 'run', 'continuous_patient_data_generation', 'add_new_patient', 'scheduled__2024-11-24T13:29:00+00:00', '--job-id', '4', '--raw', '--subdir', 'DAGS_FOLDER/real_time_patient_data_update.py', '--cfg-path', '/tmp/tmpyvinp2a3']
[2024-11-24T15:30:58.350+0200] {standard_task_runner.py:105} INFO - Job 4: Subtask add_new_patient
[2024-11-24T15:30:58.394+0200] {task_command.py:467} INFO - Running <TaskInstance: continuous_patient_data_generation.add_new_patient scheduled__2024-11-24T13:29:00+00:00 [running]> on host munyah-ThinkPad-X1-Yoga-1st
[2024-11-24T15:30:58.455+0200] {taskinstance.py:3132} INFO - Exporting env vars: AIRFLOW_CTX_DAG_OWNER='munyah' AIRFLOW_CTX_DAG_ID='continuous_patient_data_generation' AIRFLOW_CTX_TASK_ID='add_new_patient' AIRFLOW_CTX_EXECUTION_DATE='2024-11-24T13:29:00+00:00' AIRFLOW_CTX_TRY_NUMBER='1' AIRFLOW_CTX_DAG_RUN_ID='scheduled__2024-11-24T13:29:00+00:00'
[2024-11-24T15:30:58.457+0200] {logging_mixin.py:190} INFO - Task instance is in running state
[2024-11-24T15:30:58.457+0200] {logging_mixin.py:190} INFO -  Previous state of the Task instance: queued
[2024-11-24T15:30:58.457+0200] {logging_mixin.py:190} INFO - Current task name:add_new_patient state:running start_date:2024-11-24 13:30:58.315832+00:00
[2024-11-24T15:30:58.457+0200] {logging_mixin.py:190} INFO - Dag name:continuous_patient_data_generation and current dag run status:running
[2024-11-24T15:30:58.458+0200] {taskinstance.py:731} INFO - ::endgroup::
[2024-11-24T15:30:58.465+0200] {real_time_patient_data_update.py:46} INFO - Existing patients before adding new: []
[2024-11-24T15:30:58.478+0200] {real_time_patient_data_update.py:65} INFO - New Patient Added: {'Patient_ID': 'PAT-00001', 'Age': 52, 'Gender': 'Male', 'Height': 146.02, 'Weight': 172.14, 'Temperature': 37.1, 'Blood_Pressure': '102/70', 'Cholesterol_Level': 'Borderline', 'Blood_Sugar_Level': 139, 'Heart_Rate': 133, 'BMI': 37.58, 'Previous_Medical_History': 'No significant history', 'Comorbidities': 'None', 'Smoking_Status': 'Yes', 'Alcohol_Consumption': 'No', 'Physical_Activity': 'High', 'Last_Visit_Date': '2024-01-02', 'Genomic_Info': 'Normal', 'Diagnosis': 'No specific diagnosis', 'Hospitalization': 'Yes'}
[2024-11-24T15:30:58.479+0200] {real_time_patient_data_update.py:66} INFO - Updated Patients List: [{'Patient_ID': 'PAT-00001', 'Age': 52, 'Gender': 'Male', 'Height': 146.02, 'Weight': 172.14, 'Temperature': 37.1, 'Blood_Pressure': '102/70', 'Cholesterol_Level': 'Borderline', 'Blood_Sugar_Level': 139, 'Heart_Rate': 133, 'BMI': 37.58, 'Previous_Medical_History': 'No significant history', 'Comorbidities': 'None', 'Smoking_Status': 'Yes', 'Alcohol_Consumption': 'No', 'Physical_Activity': 'High', 'Last_Visit_Date': '2024-01-02', 'Genomic_Info': 'Normal', 'Diagnosis': 'No specific diagnosis', 'Hospitalization': 'Yes'}]
[2024-11-24T15:30:58.479+0200] {python.py:240} INFO - Done. Returned value was: None
[2024-11-24T15:30:58.485+0200] {taskinstance.py:340} INFO - ::group::Post task execution logs
[2024-11-24T15:30:58.486+0200] {taskinstance.py:352} INFO - Marking task as SUCCESS. dag_id=continuous_patient_data_generation, task_id=add_new_patient, run_id=scheduled__2024-11-24T13:29:00+00:00, execution_date=20241124T132900, start_date=20241124T133058, end_date=20241124T133058
[2024-11-24T15:30:58.497+0200] {logging_mixin.py:190} INFO - Task instance in success state
[2024-11-24T15:30:58.497+0200] {logging_mixin.py:190} INFO -  Previous state of the Task instance: running
[2024-11-24T15:30:58.497+0200] {logging_mixin.py:190} INFO - Dag name:continuous_patient_data_generation queued_at:2024-11-24 13:30:46.834972+00:00
[2024-11-24T15:30:58.498+0200] {logging_mixin.py:190} INFO - Task hostname:munyah-ThinkPad-X1-Yoga-1st operator:PythonOperator
[2024-11-24T15:30:58.521+0200] {local_task_job_runner.py:266} INFO - Task exited with return code 0
[2024-11-24T15:30:58.537+0200] {taskinstance.py:3895} INFO - 0 downstream tasks scheduled from follow-on schedule check
[2024-11-24T15:30:58.538+0200] {local_task_job_runner.py:245} INFO - ::endgroup::
