[2024-11-24T11:26:08.782+0200] {local_task_job_runner.py:123} INFO - ::group::Pre task execution logs
[2024-11-24T11:26:08.804+0200] {taskinstance.py:2613} INFO - Dependencies all met for dep_context=non-requeueable deps ti=<TaskInstance: real_time_patient_data.add_new_patient scheduled__2024-11-24T09:24:00+00:00 [queued]>
[2024-11-24T11:26:08.816+0200] {taskinstance.py:2613} INFO - Dependencies all met for dep_context=requeueable deps ti=<TaskInstance: real_time_patient_data.add_new_patient scheduled__2024-11-24T09:24:00+00:00 [queued]>
[2024-11-24T11:26:08.816+0200] {taskinstance.py:2866} INFO - Starting attempt 1 of 2
[2024-11-24T11:26:08.840+0200] {taskinstance.py:2889} INFO - Executing <Task(PythonOperator): add_new_patient> on 2024-11-24 09:24:00+00:00
[2024-11-24T11:26:08.849+0200] {standard_task_runner.py:72} INFO - Started process 448543 to run task
[2024-11-24T11:26:08.853+0200] {standard_task_runner.py:104} INFO - Running: ['airflow', 'tasks', 'run', 'real_time_patient_data', 'add_new_patient', 'scheduled__2024-11-24T09:24:00+00:00', '--job-id', '32', '--raw', '--subdir', 'DAGS_FOLDER/real_time_patient_data_update.py', '--cfg-path', '/tmp/tmphsg95xpi']
[2024-11-24T11:26:08.855+0200] {standard_task_runner.py:105} INFO - Job 32: Subtask add_new_patient
[2024-11-24T11:26:08.902+0200] {task_command.py:467} INFO - Running <TaskInstance: real_time_patient_data.add_new_patient scheduled__2024-11-24T09:24:00+00:00 [running]> on host munyah-ThinkPad-X1-Yoga-1st
[2024-11-24T11:26:08.984+0200] {taskinstance.py:3132} INFO - Exporting env vars: AIRFLOW_CTX_DAG_OWNER='airflow' AIRFLOW_CTX_DAG_ID='real_time_patient_data' AIRFLOW_CTX_TASK_ID='add_new_patient' AIRFLOW_CTX_EXECUTION_DATE='2024-11-24T09:24:00+00:00' AIRFLOW_CTX_TRY_NUMBER='1' AIRFLOW_CTX_DAG_RUN_ID='scheduled__2024-11-24T09:24:00+00:00'
[2024-11-24T11:26:08.985+0200] {logging_mixin.py:190} INFO - Task instance is in running state
[2024-11-24T11:26:08.985+0200] {logging_mixin.py:190} INFO -  Previous state of the Task instance: queued
[2024-11-24T11:26:08.986+0200] {logging_mixin.py:190} INFO - Current task name:add_new_patient state:running start_date:2024-11-24 09:26:08.804908+00:00
[2024-11-24T11:26:08.986+0200] {logging_mixin.py:190} INFO - Dag name:real_time_patient_data and current dag run status:running
[2024-11-24T11:26:08.986+0200] {taskinstance.py:731} INFO - ::endgroup::
[2024-11-24T11:26:09.005+0200] {logging_mixin.py:190} INFO - New Patient Added: {'Patient_ID': 'PAT-00001', 'Age': 80, 'Gender': 'Male', 'Height': 121.23, 'Weight': 95.45, 'Temperature': 36.6, 'Blood_Pressure': '136/72', 'Cholesterol_Level': 'High', 'Blood_Sugar_Level': 222, 'Heart_Rate': 144, 'BMI': 49.77, 'Previous_Medical_History': 'No significant history', 'Comorbidities': 'None', 'Smoking_Status': 'No', 'Alcohol_Consumption': 'Yes', 'Physical_Activity': 'High', 'Last_Visit_Date': '2024-07-29', 'Genomic_Info': 'Normal', 'Diagnosis': 'No specific diagnosis', 'Hospitalization': 'Yes'}
[2024-11-24T11:26:09.005+0200] {logging_mixin.py:190} INFO - Updated Patients: [{'Patient_ID': 'PAT-00001', 'Age': 80, 'Gender': 'Male', 'Height': 121.23, 'Weight': 95.45, 'Temperature': 36.6, 'Blood_Pressure': '136/72', 'Cholesterol_Level': 'High', 'Blood_Sugar_Level': 222, 'Heart_Rate': 144, 'BMI': 49.77, 'Previous_Medical_History': 'No significant history', 'Comorbidities': 'None', 'Smoking_Status': 'No', 'Alcohol_Consumption': 'Yes', 'Physical_Activity': 'High', 'Last_Visit_Date': '2024-07-29', 'Genomic_Info': 'Normal', 'Diagnosis': 'No specific diagnosis', 'Hospitalization': 'Yes'}]
[2024-11-24T11:26:09.006+0200] {python.py:240} INFO - Done. Returned value was: None
[2024-11-24T11:26:09.011+0200] {taskinstance.py:340} INFO - ::group::Post task execution logs
[2024-11-24T11:26:09.012+0200] {taskinstance.py:352} INFO - Marking task as SUCCESS. dag_id=real_time_patient_data, task_id=add_new_patient, run_id=scheduled__2024-11-24T09:24:00+00:00, execution_date=20241124T092400, start_date=20241124T092608, end_date=20241124T092609
[2024-11-24T11:26:09.022+0200] {logging_mixin.py:190} INFO - Task instance in success state
[2024-11-24T11:26:09.022+0200] {logging_mixin.py:190} INFO -  Previous state of the Task instance: running
[2024-11-24T11:26:09.023+0200] {logging_mixin.py:190} INFO - Dag name:real_time_patient_data queued_at:2024-11-24 09:26:01.125022+00:00
[2024-11-24T11:26:09.023+0200] {logging_mixin.py:190} INFO - Task hostname:munyah-ThinkPad-X1-Yoga-1st operator:PythonOperator
[2024-11-24T11:26:09.067+0200] {local_task_job_runner.py:266} INFO - Task exited with return code 0
[2024-11-24T11:26:09.135+0200] {taskinstance.py:3895} INFO - 1 downstream tasks scheduled from follow-on schedule check
[2024-11-24T11:26:09.139+0200] {local_task_job_runner.py:245} INFO - ::endgroup::
