[2024-11-24T13:26:38.336+0200] {local_task_job_runner.py:123} INFO - ::group::Pre task execution logs
[2024-11-24T13:26:38.349+0200] {taskinstance.py:2613} INFO - Dependencies all met for dep_context=non-requeueable deps ti=<TaskInstance: continuous_patient_data_generation.trigger_dag_run scheduled__2024-11-24T11:24:00+00:00 [queued]>
[2024-11-24T13:26:38.357+0200] {taskinstance.py:2613} INFO - Dependencies all met for dep_context=requeueable deps ti=<TaskInstance: continuous_patient_data_generation.trigger_dag_run scheduled__2024-11-24T11:24:00+00:00 [queued]>
[2024-11-24T13:26:38.358+0200] {taskinstance.py:2866} INFO - Starting attempt 1 of 2
[2024-11-24T13:26:38.371+0200] {taskinstance.py:2889} INFO - Executing <Task(TriggerDagRunOperator): trigger_dag_run> on 2024-11-24 11:24:00+00:00
[2024-11-24T13:26:38.378+0200] {standard_task_runner.py:72} INFO - Started process 473865 to run task
[2024-11-24T13:26:38.383+0200] {standard_task_runner.py:104} INFO - Running: ['airflow', 'tasks', 'run', 'continuous_patient_data_generation', 'trigger_dag_run', 'scheduled__2024-11-24T11:24:00+00:00', '--job-id', '26', '--raw', '--subdir', 'DAGS_FOLDER/real_time_patient_data_update.py', '--cfg-path', '/tmp/tmpg4pkawzw']
[2024-11-24T13:26:38.385+0200] {standard_task_runner.py:105} INFO - Job 26: Subtask trigger_dag_run
[2024-11-24T13:26:38.429+0200] {task_command.py:467} INFO - Running <TaskInstance: continuous_patient_data_generation.trigger_dag_run scheduled__2024-11-24T11:24:00+00:00 [running]> on host munyah-ThinkPad-X1-Yoga-1st
[2024-11-24T13:26:38.499+0200] {taskinstance.py:3132} INFO - Exporting env vars: AIRFLOW_CTX_DAG_OWNER='airflow' AIRFLOW_CTX_DAG_ID='continuous_patient_data_generation' AIRFLOW_CTX_TASK_ID='trigger_dag_run' AIRFLOW_CTX_EXECUTION_DATE='2024-11-24T11:24:00+00:00' AIRFLOW_CTX_TRY_NUMBER='1' AIRFLOW_CTX_DAG_RUN_ID='scheduled__2024-11-24T11:24:00+00:00'
[2024-11-24T13:26:38.500+0200] {logging_mixin.py:190} INFO - Task instance is in running state
[2024-11-24T13:26:38.501+0200] {logging_mixin.py:190} INFO -  Previous state of the Task instance: queued
[2024-11-24T13:26:38.501+0200] {logging_mixin.py:190} INFO - Current task name:trigger_dag_run state:running start_date:2024-11-24 11:26:38.350222+00:00
[2024-11-24T13:26:38.501+0200] {logging_mixin.py:190} INFO - Dag name:continuous_patient_data_generation and current dag run status:running
[2024-11-24T13:26:38.501+0200] {taskinstance.py:731} INFO - ::endgroup::
[2024-11-24T13:26:38.557+0200] {taskinstance.py:340} INFO - ::group::Post task execution logs
[2024-11-24T13:26:38.558+0200] {taskinstance.py:352} INFO - Marking task as SUCCESS. dag_id=continuous_patient_data_generation, task_id=trigger_dag_run, run_id=scheduled__2024-11-24T11:24:00+00:00, execution_date=20241124T112400, start_date=20241124T112638, end_date=20241124T112638
[2024-11-24T13:26:38.566+0200] {logging_mixin.py:190} INFO - Task instance in success state
[2024-11-24T13:26:38.567+0200] {logging_mixin.py:190} INFO -  Previous state of the Task instance: running
[2024-11-24T13:26:38.567+0200] {logging_mixin.py:190} INFO - Dag name:continuous_patient_data_generation queued_at:2024-11-24 11:26:03.141013+00:00
[2024-11-24T13:26:38.567+0200] {logging_mixin.py:190} INFO - Task hostname:munyah-ThinkPad-X1-Yoga-1st operator:TriggerDagRunOperator
[2024-11-24T13:26:38.596+0200] {local_task_job_runner.py:266} INFO - Task exited with return code 0
[2024-11-24T13:26:38.611+0200] {taskinstance.py:3895} INFO - 0 downstream tasks scheduled from follow-on schedule check
[2024-11-24T13:26:38.611+0200] {local_task_job_runner.py:245} INFO - ::endgroup::
