[2025-03-18T14:33:07.480+0200] {local_task_job_runner.py:123} INFO - ::group::Pre task execution logs
[2025-03-18T14:33:07.493+0200] {taskinstance.py:2613} INFO - Dependencies all met for dep_context=non-requeueable deps ti=<TaskInstance: patient-monitoring.add_new_patient scheduled__2025-03-18T12:32:00+00:00 [queued]>
[2025-03-18T14:33:07.498+0200] {taskinstance.py:2613} INFO - Dependencies all met for dep_context=requeueable deps ti=<TaskInstance: patient-monitoring.add_new_patient scheduled__2025-03-18T12:32:00+00:00 [queued]>
[2025-03-18T14:33:07.499+0200] {taskinstance.py:2866} INFO - Starting attempt 1 of 2
[2025-03-18T14:33:07.513+0200] {taskinstance.py:2889} INFO - Executing <Task(PythonOperator): add_new_patient> on 2025-03-18 12:32:00+00:00
[2025-03-18T14:33:07.518+0200] {standard_task_runner.py:72} INFO - Started process 40271 to run task
[2025-03-18T14:33:07.522+0200] {standard_task_runner.py:104} INFO - Running: ['airflow', 'tasks', 'run', 'patient-monitoring', 'add_new_patient', 'scheduled__2025-03-18T12:32:00+00:00', '--job-id', '160', '--raw', '--subdir', 'DAGS_FOLDER/real_time_patient_data_update.py', '--cfg-path', '/tmp/tmp2lzn6hu8']
[2025-03-18T14:33:07.524+0200] {standard_task_runner.py:105} INFO - Job 160: Subtask add_new_patient
[2025-03-18T14:33:07.565+0200] {task_command.py:467} INFO - Running <TaskInstance: patient-monitoring.add_new_patient scheduled__2025-03-18T12:32:00+00:00 [running]> on host munyah-ThinkPad-X1-Yoga-1st
[2025-03-18T14:33:07.633+0200] {taskinstance.py:3132} INFO - Exporting env vars: AIRFLOW_CTX_DAG_OWNER='munyah' AIRFLOW_CTX_DAG_ID='patient-monitoring' AIRFLOW_CTX_TASK_ID='add_new_patient' AIRFLOW_CTX_EXECUTION_DATE='2025-03-18T12:32:00+00:00' AIRFLOW_CTX_TRY_NUMBER='1' AIRFLOW_CTX_DAG_RUN_ID='scheduled__2025-03-18T12:32:00+00:00'
[2025-03-18T14:33:07.634+0200] {logging_mixin.py:190} INFO - Task instance is in running state
[2025-03-18T14:33:07.635+0200] {logging_mixin.py:190} INFO -  Previous state of the Task instance: queued
[2025-03-18T14:33:07.635+0200] {logging_mixin.py:190} INFO - Current task name:add_new_patient state:running start_date:2025-03-18 12:33:07.493408+00:00
[2025-03-18T14:33:07.635+0200] {logging_mixin.py:190} INFO - Dag name:patient-monitoring and current dag run status:running
[2025-03-18T14:33:07.635+0200] {taskinstance.py:731} INFO - ::endgroup::
[2025-03-18T14:33:07.660+0200] {real_time_patient_data_update.py:80} INFO - New Patient Added: {
  "Patient_ID": "PAT-00093",
  "Age": 20,
  "Gender": "Female",
  "Height": 203.63,
  "Weight": 160.15,
  "Temperature": 36.4,
  "Blood_Pressure": "129/64",
  "Cholesterol_Level": "Borderline",
  "Blood_Sugar_Level": 216,
  "Heart_Rate": 126,
  "BMI": 17.07,
  "Previous_Medical_History": "No significant history",
  "Comorbidities": "None",
  "Smoking_Status": "No",
  "Alcohol_Consumption": "Yes",
  "Physical_Activity": "Low",
  "Last_Visit_Date": "2024-04-10",
  "Genomic_Info": "High Risk",
  "Diagnosis": "No specific diagnosis",
  "Hospitalization": "No"
}
[2025-03-18T14:33:07.661+0200] {real_time_patient_data_update.py:81} INFO - Total Patients After Addition: 101
[2025-03-18T14:33:07.666+0200] {base.py:84} INFO - Retrieving connection 'patients_data'
[2025-03-18T14:33:07.677+0200] {real_time_patient_data_update.py:92} INFO - New patient PAT-00093 added to the database successfully.
[2025-03-18T14:33:07.678+0200] {python.py:240} INFO - Done. Returned value was: None
[2025-03-18T14:33:07.684+0200] {taskinstance.py:340} INFO - ::group::Post task execution logs
[2025-03-18T14:33:07.685+0200] {taskinstance.py:352} INFO - Marking task as SUCCESS. dag_id=patient-monitoring, task_id=add_new_patient, run_id=scheduled__2025-03-18T12:32:00+00:00, execution_date=20250318T123200, start_date=20250318T123307, end_date=20250318T123307
[2025-03-18T14:33:07.697+0200] {logging_mixin.py:190} INFO - Task instance in success state
[2025-03-18T14:33:07.698+0200] {logging_mixin.py:190} INFO -  Previous state of the Task instance: running
[2025-03-18T14:33:07.698+0200] {logging_mixin.py:190} INFO - Dag name:patient-monitoring queued_at:2025-03-18 12:33:01.454343+00:00
[2025-03-18T14:33:07.698+0200] {logging_mixin.py:190} INFO - Task hostname:munyah-ThinkPad-X1-Yoga-1st operator:PythonOperator
[2025-03-18T14:33:07.735+0200] {local_task_job_runner.py:266} INFO - Task exited with return code 0
[2025-03-18T14:33:07.752+0200] {taskinstance.py:3895} INFO - 0 downstream tasks scheduled from follow-on schedule check
[2025-03-18T14:33:07.752+0200] {local_task_job_runner.py:245} INFO - ::endgroup::
