[2024-11-24T11:22:12.513+0200] {local_task_job_runner.py:123} INFO - ::group::Pre task execution logs
[2024-11-24T11:22:12.534+0200] {taskinstance.py:2613} INFO - Dependencies all met for dep_context=non-requeueable deps ti=<TaskInstance: real_time_patient_data.debug_xcom_data scheduled__2024-11-24T09:20:00+00:00 [queued]>
[2024-11-24T11:22:12.540+0200] {taskinstance.py:2613} INFO - Dependencies all met for dep_context=requeueable deps ti=<TaskInstance: real_time_patient_data.debug_xcom_data scheduled__2024-11-24T09:20:00+00:00 [queued]>
[2024-11-24T11:22:12.541+0200] {taskinstance.py:2866} INFO - Starting attempt 1 of 2
[2024-11-24T11:22:12.555+0200] {taskinstance.py:2889} INFO - Executing <Task(PythonOperator): debug_xcom_data> on 2024-11-24 09:20:00+00:00
[2024-11-24T11:22:12.561+0200] {standard_task_runner.py:72} INFO - Started process 447672 to run task
[2024-11-24T11:22:12.567+0200] {standard_task_runner.py:104} INFO - Running: ['airflow', 'tasks', 'run', 'real_time_patient_data', 'debug_xcom_data', 'scheduled__2024-11-24T09:20:00+00:00', '--job-id', '27', '--raw', '--subdir', 'DAGS_FOLDER/real_time_patient_data_update.py', '--cfg-path', '/tmp/tmptys45mdx']
[2024-11-24T11:22:12.568+0200] {standard_task_runner.py:105} INFO - Job 27: Subtask debug_xcom_data
[2024-11-24T11:22:12.613+0200] {task_command.py:467} INFO - Running <TaskInstance: real_time_patient_data.debug_xcom_data scheduled__2024-11-24T09:20:00+00:00 [running]> on host munyah-ThinkPad-X1-Yoga-1st
[2024-11-24T11:22:12.682+0200] {taskinstance.py:3132} INFO - Exporting env vars: AIRFLOW_CTX_DAG_OWNER='airflow' AIRFLOW_CTX_DAG_ID='real_time_patient_data' AIRFLOW_CTX_TASK_ID='debug_xcom_data' AIRFLOW_CTX_EXECUTION_DATE='2024-11-24T09:20:00+00:00' AIRFLOW_CTX_TRY_NUMBER='1' AIRFLOW_CTX_DAG_RUN_ID='scheduled__2024-11-24T09:20:00+00:00'
[2024-11-24T11:22:12.683+0200] {logging_mixin.py:190} INFO - Task instance is in running state
[2024-11-24T11:22:12.684+0200] {logging_mixin.py:190} INFO -  Previous state of the Task instance: queued
[2024-11-24T11:22:12.684+0200] {logging_mixin.py:190} INFO - Current task name:debug_xcom_data state:running start_date:2024-11-24 09:22:12.534457+00:00
[2024-11-24T11:22:12.684+0200] {logging_mixin.py:190} INFO - Dag name:real_time_patient_data and current dag run status:running
[2024-11-24T11:22:12.684+0200] {taskinstance.py:731} INFO - ::endgroup::
[2024-11-24T11:22:12.690+0200] {logging_mixin.py:190} INFO - ===== Debugging XCom Data =====
[2024-11-24T11:22:12.690+0200] {logging_mixin.py:190} INFO - Updated Patients: [{'Patient_ID': 'PAT-00001', 'Age': 100, 'Gender': 'Male', 'Height': 244.98, 'Weight': 178.1, 'Temperature': 37.3, 'Blood_Pressure': '122/74', 'Cholesterol_Level': 'High', 'Blood_Sugar_Level': 150, 'Heart_Rate': 99, 'BMI': 34.04, 'Previous_Medical_History': 'No significant history', 'Comorbidities': 'None', 'Smoking_Status': 'Yes', 'Alcohol_Consumption': 'Yes', 'Physical_Activity': 'Moderate', 'Last_Visit_Date': '2023-12-30', 'Genomic_Info': 'High Risk', 'Diagnosis': 'No specific diagnosis', 'Hospitalization': 'Yes'}]
[2024-11-24T11:22:12.691+0200] {logging_mixin.py:190} INFO - ===== End Debugging =====
[2024-11-24T11:22:12.691+0200] {python.py:240} INFO - Done. Returned value was: None
[2024-11-24T11:22:12.696+0200] {taskinstance.py:340} INFO - ::group::Post task execution logs
[2024-11-24T11:22:12.697+0200] {taskinstance.py:352} INFO - Marking task as SUCCESS. dag_id=real_time_patient_data, task_id=debug_xcom_data, run_id=scheduled__2024-11-24T09:20:00+00:00, execution_date=20241124T092000, start_date=20241124T092212, end_date=20241124T092212
[2024-11-24T11:22:12.707+0200] {logging_mixin.py:190} INFO - Task instance in success state
[2024-11-24T11:22:12.707+0200] {logging_mixin.py:190} INFO -  Previous state of the Task instance: running
[2024-11-24T11:22:12.707+0200] {logging_mixin.py:190} INFO - Dag name:real_time_patient_data queued_at:2024-11-24 09:22:01.732236+00:00
[2024-11-24T11:22:12.707+0200] {logging_mixin.py:190} INFO - Task hostname:munyah-ThinkPad-X1-Yoga-1st operator:PythonOperator
[2024-11-24T11:22:12.739+0200] {local_task_job_runner.py:266} INFO - Task exited with return code 0
[2024-11-24T11:22:12.786+0200] {taskinstance.py:3895} INFO - 0 downstream tasks scheduled from follow-on schedule check
[2024-11-24T11:22:12.789+0200] {local_task_job_runner.py:245} INFO - ::endgroup::
