[2024-11-24T11:24:07.668+0200] {local_task_job_runner.py:123} INFO - ::group::Pre task execution logs
[2024-11-24T11:24:07.685+0200] {taskinstance.py:2613} INFO - Dependencies all met for dep_context=non-requeueable deps ti=<TaskInstance: real_time_patient_data.add_new_patient scheduled__2024-11-24T09:22:00+00:00 [queued]>
[2024-11-24T11:24:07.694+0200] {taskinstance.py:2613} INFO - Dependencies all met for dep_context=requeueable deps ti=<TaskInstance: real_time_patient_data.add_new_patient scheduled__2024-11-24T09:22:00+00:00 [queued]>
[2024-11-24T11:24:07.694+0200] {taskinstance.py:2866} INFO - Starting attempt 1 of 2
[2024-11-24T11:24:07.709+0200] {taskinstance.py:2889} INFO - Executing <Task(PythonOperator): add_new_patient> on 2024-11-24 09:22:00+00:00
[2024-11-24T11:24:07.715+0200] {standard_task_runner.py:72} INFO - Started process 448068 to run task
[2024-11-24T11:24:07.721+0200] {standard_task_runner.py:104} INFO - Running: ['airflow', 'tasks', 'run', 'real_time_patient_data', 'add_new_patient', 'scheduled__2024-11-24T09:22:00+00:00', '--job-id', '29', '--raw', '--subdir', 'DAGS_FOLDER/real_time_patient_data_update.py', '--cfg-path', '/tmp/tmptdn7rz3y']
[2024-11-24T11:24:07.724+0200] {standard_task_runner.py:105} INFO - Job 29: Subtask add_new_patient
[2024-11-24T11:24:07.789+0200] {task_command.py:467} INFO - Running <TaskInstance: real_time_patient_data.add_new_patient scheduled__2024-11-24T09:22:00+00:00 [running]> on host munyah-ThinkPad-X1-Yoga-1st
[2024-11-24T11:24:07.861+0200] {taskinstance.py:3132} INFO - Exporting env vars: AIRFLOW_CTX_DAG_OWNER='airflow' AIRFLOW_CTX_DAG_ID='real_time_patient_data' AIRFLOW_CTX_TASK_ID='add_new_patient' AIRFLOW_CTX_EXECUTION_DATE='2024-11-24T09:22:00+00:00' AIRFLOW_CTX_TRY_NUMBER='1' AIRFLOW_CTX_DAG_RUN_ID='scheduled__2024-11-24T09:22:00+00:00'
[2024-11-24T11:24:07.862+0200] {logging_mixin.py:190} INFO - Task instance is in running state
[2024-11-24T11:24:07.863+0200] {logging_mixin.py:190} INFO -  Previous state of the Task instance: queued
[2024-11-24T11:24:07.863+0200] {logging_mixin.py:190} INFO - Current task name:add_new_patient state:running start_date:2024-11-24 09:24:07.686128+00:00
[2024-11-24T11:24:07.863+0200] {logging_mixin.py:190} INFO - Dag name:real_time_patient_data and current dag run status:running
[2024-11-24T11:24:07.864+0200] {taskinstance.py:731} INFO - ::endgroup::
[2024-11-24T11:24:07.878+0200] {logging_mixin.py:190} INFO - New Patient Added: {'Patient_ID': 'PAT-00001', 'Age': 112, 'Gender': 'Female', 'Height': 141.79, 'Weight': 60.21, 'Temperature': 36.6, 'Blood_Pressure': '107/66', 'Cholesterol_Level': 'High', 'Blood_Sugar_Level': 288, 'Heart_Rate': 199, 'BMI': 15.33, 'Previous_Medical_History': 'No significant history', 'Comorbidities': 'None', 'Smoking_Status': 'No', 'Alcohol_Consumption': 'No', 'Physical_Activity': 'High', 'Last_Visit_Date': '2024-11-22', 'Genomic_Info': 'High Risk', 'Diagnosis': 'No specific diagnosis', 'Hospitalization': 'Yes'}
[2024-11-24T11:24:07.879+0200] {logging_mixin.py:190} INFO - Updated Patients: [{'Patient_ID': 'PAT-00001', 'Age': 112, 'Gender': 'Female', 'Height': 141.79, 'Weight': 60.21, 'Temperature': 36.6, 'Blood_Pressure': '107/66', 'Cholesterol_Level': 'High', 'Blood_Sugar_Level': 288, 'Heart_Rate': 199, 'BMI': 15.33, 'Previous_Medical_History': 'No significant history', 'Comorbidities': 'None', 'Smoking_Status': 'No', 'Alcohol_Consumption': 'No', 'Physical_Activity': 'High', 'Last_Visit_Date': '2024-11-22', 'Genomic_Info': 'High Risk', 'Diagnosis': 'No specific diagnosis', 'Hospitalization': 'Yes'}]
[2024-11-24T11:24:07.879+0200] {python.py:240} INFO - Done. Returned value was: None
[2024-11-24T11:24:07.884+0200] {taskinstance.py:340} INFO - ::group::Post task execution logs
[2024-11-24T11:24:07.885+0200] {taskinstance.py:352} INFO - Marking task as SUCCESS. dag_id=real_time_patient_data, task_id=add_new_patient, run_id=scheduled__2024-11-24T09:22:00+00:00, execution_date=20241124T092200, start_date=20241124T092407, end_date=20241124T092407
[2024-11-24T11:24:07.895+0200] {logging_mixin.py:190} INFO - Task instance in success state
[2024-11-24T11:24:07.895+0200] {logging_mixin.py:190} INFO -  Previous state of the Task instance: running
[2024-11-24T11:24:07.895+0200] {logging_mixin.py:190} INFO - Dag name:real_time_patient_data queued_at:2024-11-24 09:24:01.116058+00:00
[2024-11-24T11:24:07.896+0200] {logging_mixin.py:190} INFO - Task hostname:munyah-ThinkPad-X1-Yoga-1st operator:PythonOperator
[2024-11-24T11:24:07.935+0200] {local_task_job_runner.py:266} INFO - Task exited with return code 0
[2024-11-24T11:24:07.956+0200] {taskinstance.py:3895} INFO - 1 downstream tasks scheduled from follow-on schedule check
[2024-11-24T11:24:07.959+0200] {local_task_job_runner.py:245} INFO - ::endgroup::
