[2025-02-18T01:20:00.819+0200] {local_task_job_runner.py:123} INFO - ::group::Pre task execution logs
[2025-02-18T01:20:00.829+0200] {taskinstance.py:2613} INFO - Dependencies all met for dep_context=non-requeueable deps ti=<TaskInstance: example_xcom.bash_pull manual__2025-02-17T23:19:26.692512+00:00 [queued]>
[2025-02-18T01:20:00.837+0200] {taskinstance.py:2613} INFO - Dependencies all met for dep_context=requeueable deps ti=<TaskInstance: example_xcom.bash_pull manual__2025-02-17T23:19:26.692512+00:00 [queued]>
[2025-02-18T01:20:00.837+0200] {taskinstance.py:2866} INFO - Starting attempt 1 of 1
[2025-02-18T01:20:00.850+0200] {taskinstance.py:2889} INFO - Executing <Task(BashOperator): bash_pull> on 2025-02-17 23:19:26.692512+00:00
[2025-02-18T01:20:00.856+0200] {standard_task_runner.py:72} INFO - Started process 350878 to run task
[2025-02-18T01:20:00.860+0200] {standard_task_runner.py:104} INFO - Running: ['airflow', 'tasks', 'run', 'example_xcom', 'bash_pull', 'manual__2025-02-17T23:19:26.692512+00:00', '--job-id', '61', '--raw', '--subdir', '/home/munyah/.local/lib/python3.10/site-packages/airflow/example_dags/example_xcom.py', '--cfg-path', '/tmp/tmpo8ba4ih6']
[2025-02-18T01:20:00.862+0200] {standard_task_runner.py:105} INFO - Job 61: Subtask bash_pull
[2025-02-18T01:20:00.899+0200] {task_command.py:467} INFO - Running <TaskInstance: example_xcom.bash_pull manual__2025-02-17T23:19:26.692512+00:00 [running]> on host munyah-ThinkPad-X1-Yoga-1st
[2025-02-18T01:20:00.967+0200] {taskinstance.py:3132} INFO - Exporting env vars: AIRFLOW_CTX_DAG_OWNER='airflow' AIRFLOW_CTX_DAG_ID='example_xcom' AIRFLOW_CTX_TASK_ID='bash_pull' AIRFLOW_CTX_EXECUTION_DATE='2025-02-17T23:19:26.692512+00:00' AIRFLOW_CTX_TRY_NUMBER='1' AIRFLOW_CTX_DAG_RUN_ID='manual__2025-02-17T23:19:26.692512+00:00'
[2025-02-18T01:20:00.969+0200] {logging_mixin.py:190} INFO - Task instance is in running state
[2025-02-18T01:20:00.970+0200] {logging_mixin.py:190} INFO -  Previous state of the Task instance: queued
[2025-02-18T01:20:00.970+0200] {logging_mixin.py:190} INFO - Current task name:bash_pull state:running start_date:2025-02-17 23:20:00.830323+00:00
[2025-02-18T01:20:00.970+0200] {logging_mixin.py:190} INFO - Dag name:example_xcom and current dag run status:running
[2025-02-18T01:20:00.970+0200] {taskinstance.py:731} INFO - ::endgroup::
[2025-02-18T01:20:00.971+0200] {subprocess.py:78} INFO - Tmp dir root location: /tmp
[2025-02-18T01:20:00.972+0200] {subprocess.py:88} INFO - Running command: ['/usr/bin/bash', '-c', 'echo "bash pull demo" && echo "The xcom pushed manually is manually_pushed_value" && echo "The returned_value xcom is value_by_return" && echo "finished"']
[2025-02-18T01:20:00.982+0200] {subprocess.py:99} INFO - Output:
[2025-02-18T01:20:00.983+0200] {subprocess.py:106} INFO - bash pull demo
[2025-02-18T01:20:00.983+0200] {subprocess.py:106} INFO - The xcom pushed manually is manually_pushed_value
[2025-02-18T01:20:00.984+0200] {subprocess.py:106} INFO - The returned_value xcom is value_by_return
[2025-02-18T01:20:00.984+0200] {subprocess.py:106} INFO - finished
[2025-02-18T01:20:00.984+0200] {subprocess.py:110} INFO - Command exited with return code 0
[2025-02-18T01:20:00.994+0200] {taskinstance.py:340} INFO - ::group::Post task execution logs
[2025-02-18T01:20:00.995+0200] {taskinstance.py:352} INFO - Marking task as SUCCESS. dag_id=example_xcom, task_id=bash_pull, run_id=manual__2025-02-17T23:19:26.692512+00:00, execution_date=20250217T231926, start_date=20250217T232000, end_date=20250217T232000
[2025-02-18T01:20:01.005+0200] {logging_mixin.py:190} INFO - Task instance in success state
[2025-02-18T01:20:01.006+0200] {logging_mixin.py:190} INFO -  Previous state of the Task instance: running
[2025-02-18T01:20:01.006+0200] {logging_mixin.py:190} INFO - Dag name:example_xcom queued_at:2025-02-17 23:19:26.718327+00:00
[2025-02-18T01:20:01.006+0200] {logging_mixin.py:190} INFO - Task hostname:munyah-ThinkPad-X1-Yoga-1st operator:BashOperator
[2025-02-18T01:20:01.033+0200] {local_task_job_runner.py:266} INFO - Task exited with return code 0
[2025-02-18T01:20:01.047+0200] {taskinstance.py:3895} INFO - 0 downstream tasks scheduled from follow-on schedule check
[2025-02-18T01:20:01.048+0200] {local_task_job_runner.py:245} INFO - ::endgroup::
