[2024-11-26T11:48:08.140+0200] {local_task_job_runner.py:123} INFO - ::group::Pre task execution logs
[2024-11-26T11:48:08.152+0200] {taskinstance.py:2613} INFO - Dependencies all met for dep_context=non-requeueable deps ti=<TaskInstance: continuous_patient_data_generation.add_new_patient scheduled__2024-11-26T09:47:00+00:00 [queued]>
[2024-11-26T11:48:08.159+0200] {taskinstance.py:2613} INFO - Dependencies all met for dep_context=requeueable deps ti=<TaskInstance: continuous_patient_data_generation.add_new_patient scheduled__2024-11-26T09:47:00+00:00 [queued]>
[2024-11-26T11:48:08.160+0200] {taskinstance.py:2866} INFO - Starting attempt 1 of 2
[2024-11-26T11:48:08.175+0200] {taskinstance.py:2889} INFO - Executing <Task(PythonOperator): add_new_patient> on 2024-11-26 09:47:00+00:00
[2024-11-26T11:48:08.182+0200] {standard_task_runner.py:72} INFO - Started process 700321 to run task
[2024-11-26T11:48:08.187+0200] {standard_task_runner.py:104} INFO - Running: ['airflow', 'tasks', 'run', 'continuous_patient_data_generation', 'add_new_patient', 'scheduled__2024-11-26T09:47:00+00:00', '--job-id', '1575', '--raw', '--subdir', 'DAGS_FOLDER/real_time_patient_data_update.py', '--cfg-path', '/tmp/tmpd8c862lg']
[2024-11-26T11:48:08.189+0200] {standard_task_runner.py:105} INFO - Job 1575: Subtask add_new_patient
[2024-11-26T11:48:08.238+0200] {task_command.py:467} INFO - Running <TaskInstance: continuous_patient_data_generation.add_new_patient scheduled__2024-11-26T09:47:00+00:00 [running]> on host munyah-ThinkPad-X1-Yoga-1st
[2024-11-26T11:48:08.327+0200] {taskinstance.py:3132} INFO - Exporting env vars: AIRFLOW_CTX_DAG_OWNER='munyah' AIRFLOW_CTX_DAG_ID='continuous_patient_data_generation' AIRFLOW_CTX_TASK_ID='add_new_patient' AIRFLOW_CTX_EXECUTION_DATE='2024-11-26T09:47:00+00:00' AIRFLOW_CTX_TRY_NUMBER='1' AIRFLOW_CTX_DAG_RUN_ID='scheduled__2024-11-26T09:47:00+00:00'
[2024-11-26T11:48:08.329+0200] {logging_mixin.py:190} INFO - Task instance is in running state
[2024-11-26T11:48:08.329+0200] {logging_mixin.py:190} INFO -  Previous state of the Task instance: queued
[2024-11-26T11:48:08.329+0200] {logging_mixin.py:190} INFO - Current task name:add_new_patient state:running start_date:2024-11-26 09:48:08.153119+00:00
[2024-11-26T11:48:08.330+0200] {logging_mixin.py:190} INFO - Dag name:continuous_patient_data_generation and current dag run status:running
[2024-11-26T11:48:08.330+0200] {taskinstance.py:731} INFO - ::endgroup::
[2024-11-26T11:48:08.337+0200] {real_time_patient_data_update.py:59} INFO - Existing patients before adding new: []
[2024-11-26T11:48:08.348+0200] {real_time_patient_data_update.py:78} INFO - New Patient Added: {'Patient_ID': 'PAT-00001', 'Age': 5, 'Gender': 'Female', 'Height': 100.8, 'Weight': 140.45, 'Temperature': 36.3, 'Blood_Pressure': '91/71', 'Cholesterol_Level': 'Borderline', 'Blood_Sugar_Level': 133, 'Heart_Rate': 131, 'BMI': 15.12, 'Previous_Medical_History': 'No significant history', 'Comorbidities': 'None', 'Smoking_Status': 'Yes', 'Alcohol_Consumption': 'No', 'Physical_Activity': 'Moderate', 'Last_Visit_Date': '2024-02-16', 'Genomic_Info': 'Normal', 'Diagnosis': 'No specific diagnosis', 'Hospitalization': 'No'}
[2024-11-26T11:48:08.349+0200] {real_time_patient_data_update.py:79} INFO - Updated Patients List: [{'Patient_ID': 'PAT-00001', 'Age': 5, 'Gender': 'Female', 'Height': 100.8, 'Weight': 140.45, 'Temperature': 36.3, 'Blood_Pressure': '91/71', 'Cholesterol_Level': 'Borderline', 'Blood_Sugar_Level': 133, 'Heart_Rate': 131, 'BMI': 15.12, 'Previous_Medical_History': 'No significant history', 'Comorbidities': 'None', 'Smoking_Status': 'Yes', 'Alcohol_Consumption': 'No', 'Physical_Activity': 'Moderate', 'Last_Visit_Date': '2024-02-16', 'Genomic_Info': 'Normal', 'Diagnosis': 'No specific diagnosis', 'Hospitalization': 'No'}]
[2024-11-26T11:48:08.349+0200] {python.py:240} INFO - Done. Returned value was: None
[2024-11-26T11:48:08.356+0200] {taskinstance.py:340} INFO - ::group::Post task execution logs
[2024-11-26T11:48:08.357+0200] {taskinstance.py:352} INFO - Marking task as SUCCESS. dag_id=continuous_patient_data_generation, task_id=add_new_patient, run_id=scheduled__2024-11-26T09:47:00+00:00, execution_date=20241126T094700, start_date=20241126T094808, end_date=20241126T094808
[2024-11-26T11:48:08.368+0200] {logging_mixin.py:190} INFO - Task instance in success state
[2024-11-26T11:48:08.368+0200] {logging_mixin.py:190} INFO -  Previous state of the Task instance: running
[2024-11-26T11:48:08.369+0200] {logging_mixin.py:190} INFO - Dag name:continuous_patient_data_generation queued_at:2024-11-26 09:48:01.557757+00:00
[2024-11-26T11:48:08.369+0200] {logging_mixin.py:190} INFO - Task hostname:munyah-ThinkPad-X1-Yoga-1st operator:PythonOperator
[2024-11-26T11:48:08.400+0200] {local_task_job_runner.py:266} INFO - Task exited with return code 0
[2024-11-26T11:48:08.416+0200] {taskinstance.py:3895} INFO - 0 downstream tasks scheduled from follow-on schedule check
[2024-11-26T11:48:08.417+0200] {local_task_job_runner.py:245} INFO - ::endgroup::
