[2025-03-10T21:34:43.782+0200] {local_task_job_runner.py:123} INFO - ::group::Pre task execution logs
[2025-03-10T21:34:43.815+0200] {taskinstance.py:2613} INFO - Dependencies all met for dep_context=non-requeueable deps ti=<TaskInstance: patient-monitoring.add_new_patient scheduled__2025-03-10T19:32:00+00:00 [queued]>
[2025-03-10T21:34:43.838+0200] {taskinstance.py:2613} INFO - Dependencies all met for dep_context=requeueable deps ti=<TaskInstance: patient-monitoring.add_new_patient scheduled__2025-03-10T19:32:00+00:00 [queued]>
[2025-03-10T21:34:43.839+0200] {taskinstance.py:2866} INFO - Starting attempt 1 of 2
[2025-03-10T21:34:43.874+0200] {taskinstance.py:2889} INFO - Executing <Task(PythonOperator): add_new_patient> on 2025-03-10 19:32:00+00:00
[2025-03-10T21:34:43.887+0200] {standard_task_runner.py:72} INFO - Started process 33563 to run task
[2025-03-10T21:34:43.901+0200] {standard_task_runner.py:104} INFO - Running: ['airflow', 'tasks', 'run', 'patient-monitoring', 'add_new_patient', 'scheduled__2025-03-10T19:32:00+00:00', '--job-id', '119', '--raw', '--subdir', 'DAGS_FOLDER/real_time_patient_data_update.py', '--cfg-path', '/tmp/tmpppp3wpch']
[2025-03-10T21:34:43.905+0200] {standard_task_runner.py:105} INFO - Job 119: Subtask add_new_patient
[2025-03-10T21:34:44.035+0200] {task_command.py:467} INFO - Running <TaskInstance: patient-monitoring.add_new_patient scheduled__2025-03-10T19:32:00+00:00 [running]> on host munyah-ThinkPad-X1-Yoga-1st
[2025-03-10T21:34:44.218+0200] {taskinstance.py:3132} INFO - Exporting env vars: AIRFLOW_CTX_DAG_OWNER='munyah' AIRFLOW_CTX_DAG_ID='patient-monitoring' AIRFLOW_CTX_TASK_ID='add_new_patient' AIRFLOW_CTX_EXECUTION_DATE='2025-03-10T19:32:00+00:00' AIRFLOW_CTX_TRY_NUMBER='1' AIRFLOW_CTX_DAG_RUN_ID='scheduled__2025-03-10T19:32:00+00:00'
[2025-03-10T21:34:44.221+0200] {logging_mixin.py:190} INFO - Task instance is in running state
[2025-03-10T21:34:44.222+0200] {logging_mixin.py:190} INFO -  Previous state of the Task instance: queued
[2025-03-10T21:34:44.223+0200] {logging_mixin.py:190} INFO - Current task name:add_new_patient state:running start_date:2025-03-10 19:34:43.816341+00:00
[2025-03-10T21:34:44.223+0200] {logging_mixin.py:190} INFO - Dag name:patient-monitoring and current dag run status:running
[2025-03-10T21:34:44.224+0200] {taskinstance.py:731} INFO - ::endgroup::
[2025-03-10T21:34:44.279+0200] {real_time_patient_data_update.py:80} INFO - New Patient Added: {
  "Patient_ID": "PAT-00073",
  "Age": 49,
  "Gender": "Female",
  "Height": 104.72,
  "Weight": 125.62,
  "Temperature": 36.7,
  "Blood_Pressure": "132/80",
  "Cholesterol_Level": "Normal",
  "Blood_Sugar_Level": 230,
  "Heart_Rate": 164,
  "BMI": 39.07,
  "Previous_Medical_History": "No significant history",
  "Comorbidities": "None",
  "Smoking_Status": "No",
  "Alcohol_Consumption": "No",
  "Physical_Activity": "High",
  "Last_Visit_Date": "2025-01-08",
  "Genomic_Info": "Mutated",
  "Diagnosis": "No specific diagnosis",
  "Hospitalization": "No"
}
[2025-03-10T21:34:44.280+0200] {real_time_patient_data_update.py:81} INFO - Total Patients After Addition: 77
[2025-03-10T21:34:44.296+0200] {base.py:84} INFO - Retrieving connection 'patients_data'
[2025-03-10T21:34:44.324+0200] {real_time_patient_data_update.py:92} INFO - New patient PAT-00073 added to the database successfully.
[2025-03-10T21:34:44.326+0200] {python.py:240} INFO - Done. Returned value was: None
[2025-03-10T21:34:44.348+0200] {taskinstance.py:340} INFO - ::group::Post task execution logs
[2025-03-10T21:34:44.350+0200] {taskinstance.py:352} INFO - Marking task as SUCCESS. dag_id=patient-monitoring, task_id=add_new_patient, run_id=scheduled__2025-03-10T19:32:00+00:00, execution_date=20250310T193200, start_date=20250310T193443, end_date=20250310T193444
[2025-03-10T21:34:44.385+0200] {logging_mixin.py:190} INFO - Task instance in success state
[2025-03-10T21:34:44.387+0200] {logging_mixin.py:190} INFO -  Previous state of the Task instance: running
[2025-03-10T21:34:44.388+0200] {logging_mixin.py:190} INFO - Dag name:patient-monitoring queued_at:2025-03-10 19:33:51.509663+00:00
[2025-03-10T21:34:44.390+0200] {logging_mixin.py:190} INFO - Task hostname:munyah-ThinkPad-X1-Yoga-1st operator:PythonOperator
[2025-03-10T21:34:44.435+0200] {local_task_job_runner.py:266} INFO - Task exited with return code 0
[2025-03-10T21:34:44.506+0200] {taskinstance.py:3895} INFO - 0 downstream tasks scheduled from follow-on schedule check
[2025-03-10T21:34:44.509+0200] {local_task_job_runner.py:245} INFO - ::endgroup::
