[2024-11-24T11:18:08.456+0200] {local_task_job_runner.py:123} INFO - ::group::Pre task execution logs
[2024-11-24T11:18:08.468+0200] {taskinstance.py:2613} INFO - Dependencies all met for dep_context=non-requeueable deps ti=<TaskInstance: real_time_patient_data.add_new_patient scheduled__2024-11-24T09:16:00+00:00 [queued]>
[2024-11-24T11:18:08.474+0200] {taskinstance.py:2613} INFO - Dependencies all met for dep_context=requeueable deps ti=<TaskInstance: real_time_patient_data.add_new_patient scheduled__2024-11-24T09:16:00+00:00 [queued]>
[2024-11-24T11:18:08.475+0200] {taskinstance.py:2866} INFO - Starting attempt 1 of 2
[2024-11-24T11:18:08.488+0200] {taskinstance.py:2889} INFO - Executing <Task(PythonOperator): add_new_patient> on 2024-11-24 09:16:00+00:00
[2024-11-24T11:18:08.494+0200] {standard_task_runner.py:72} INFO - Started process 446899 to run task
[2024-11-24T11:18:08.499+0200] {standard_task_runner.py:104} INFO - Running: ['airflow', 'tasks', 'run', 'real_time_patient_data', 'add_new_patient', 'scheduled__2024-11-24T09:16:00+00:00', '--job-id', '19', '--raw', '--subdir', 'DAGS_FOLDER/real_time_patient_data_update.py', '--cfg-path', '/tmp/tmp8hksjeat']
[2024-11-24T11:18:08.500+0200] {standard_task_runner.py:105} INFO - Job 19: Subtask add_new_patient
[2024-11-24T11:18:08.543+0200] {task_command.py:467} INFO - Running <TaskInstance: real_time_patient_data.add_new_patient scheduled__2024-11-24T09:16:00+00:00 [running]> on host munyah-ThinkPad-X1-Yoga-1st
[2024-11-24T11:18:08.607+0200] {taskinstance.py:3132} INFO - Exporting env vars: AIRFLOW_CTX_DAG_OWNER='airflow' AIRFLOW_CTX_DAG_ID='real_time_patient_data' AIRFLOW_CTX_TASK_ID='add_new_patient' AIRFLOW_CTX_EXECUTION_DATE='2024-11-24T09:16:00+00:00' AIRFLOW_CTX_TRY_NUMBER='1' AIRFLOW_CTX_DAG_RUN_ID='scheduled__2024-11-24T09:16:00+00:00'
[2024-11-24T11:18:08.608+0200] {logging_mixin.py:190} INFO - Task instance is in running state
[2024-11-24T11:18:08.609+0200] {logging_mixin.py:190} INFO -  Previous state of the Task instance: queued
[2024-11-24T11:18:08.609+0200] {logging_mixin.py:190} INFO - Current task name:add_new_patient state:running start_date:2024-11-24 09:18:08.468752+00:00
[2024-11-24T11:18:08.609+0200] {logging_mixin.py:190} INFO - Dag name:real_time_patient_data and current dag run status:running
[2024-11-24T11:18:08.609+0200] {taskinstance.py:731} INFO - ::endgroup::
[2024-11-24T11:18:08.627+0200] {logging_mixin.py:190} INFO - New Patient Added: {'Patient_ID': 'PAT-00051', 'Age': 8, 'Gender': 'Female', 'Height': 229.63, 'Weight': 168.56, 'Temperature': 36.7, 'Blood_Pressure': '112/82', 'Cholesterol_Level': 'Borderline', 'Blood_Sugar_Level': 285, 'Heart_Rate': 165, 'BMI': 26.16, 'Previous_Medical_History': 'No significant history', 'Comorbidities': 'None', 'Smoking_Status': 'Yes', 'Alcohol_Consumption': 'No', 'Physical_Activity': 'High', 'Last_Visit_Date': '2023-12-26', 'Genomic_Info': 'Mutated', 'Diagnosis': 'No specific diagnosis', 'Hospitalization': 'Yes'}
[2024-11-24T11:18:08.627+0200] {python.py:240} INFO - Done. Returned value was: None
[2024-11-24T11:18:08.633+0200] {taskinstance.py:340} INFO - ::group::Post task execution logs
[2024-11-24T11:18:08.633+0200] {taskinstance.py:352} INFO - Marking task as SUCCESS. dag_id=real_time_patient_data, task_id=add_new_patient, run_id=scheduled__2024-11-24T09:16:00+00:00, execution_date=20241124T091600, start_date=20241124T091808, end_date=20241124T091808
[2024-11-24T11:18:08.641+0200] {logging_mixin.py:190} INFO - Task instance in success state
[2024-11-24T11:18:08.641+0200] {logging_mixin.py:190} INFO -  Previous state of the Task instance: running
[2024-11-24T11:18:08.642+0200] {logging_mixin.py:190} INFO - Dag name:real_time_patient_data queued_at:2024-11-24 09:18:02.183294+00:00
[2024-11-24T11:18:08.642+0200] {logging_mixin.py:190} INFO - Task hostname:munyah-ThinkPad-X1-Yoga-1st operator:PythonOperator
[2024-11-24T11:18:08.671+0200] {local_task_job_runner.py:266} INFO - Task exited with return code 0
[2024-11-24T11:18:08.693+0200] {taskinstance.py:3895} INFO - 1 downstream tasks scheduled from follow-on schedule check
[2024-11-24T11:18:08.695+0200] {local_task_job_runner.py:245} INFO - ::endgroup::
