[2024-11-23T19:40:03.956+0200] {local_task_job_runner.py:123} INFO - ::group::Pre task execution logs
[2024-11-23T19:40:03.967+0200] {taskinstance.py:2613} INFO - Dependencies all met for dep_context=non-requeueable deps ti=<TaskInstance: real_time_patient_data.fetch_all_patient_data scheduled__2024-11-23T17:35:00+00:00 [queued]>
[2024-11-23T19:40:03.973+0200] {taskinstance.py:2613} INFO - Dependencies all met for dep_context=requeueable deps ti=<TaskInstance: real_time_patient_data.fetch_all_patient_data scheduled__2024-11-23T17:35:00+00:00 [queued]>
[2024-11-23T19:40:03.974+0200] {taskinstance.py:2866} INFO - Starting attempt 1 of 2
[2024-11-23T19:40:03.990+0200] {taskinstance.py:2889} INFO - Executing <Task(PythonOperator): fetch_all_patient_data> on 2024-11-23 17:35:00+00:00
[2024-11-23T19:40:03.999+0200] {standard_task_runner.py:72} INFO - Started process 411726 to run task
[2024-11-23T19:40:04.003+0200] {standard_task_runner.py:104} INFO - Running: ['airflow', 'tasks', 'run', 'real_time_patient_data', 'fetch_all_patient_data', 'scheduled__2024-11-23T17:35:00+00:00', '--job-id', '8', '--raw', '--subdir', 'DAGS_FOLDER/real_time_patient_data_update.py', '--cfg-path', '/tmp/tmpspjv6pbb']
[2024-11-23T19:40:04.004+0200] {standard_task_runner.py:105} INFO - Job 8: Subtask fetch_all_patient_data
[2024-11-23T19:40:04.062+0200] {task_command.py:467} INFO - Running <TaskInstance: real_time_patient_data.fetch_all_patient_data scheduled__2024-11-23T17:35:00+00:00 [running]> on host munyah-ThinkPad-X1-Yoga-1st
[2024-11-23T19:40:04.131+0200] {taskinstance.py:3132} INFO - Exporting env vars: AIRFLOW_CTX_DAG_OWNER='airflow' AIRFLOW_CTX_DAG_ID='real_time_patient_data' AIRFLOW_CTX_TASK_ID='fetch_all_patient_data' AIRFLOW_CTX_EXECUTION_DATE='2024-11-23T17:35:00+00:00' AIRFLOW_CTX_TRY_NUMBER='1' AIRFLOW_CTX_DAG_RUN_ID='scheduled__2024-11-23T17:35:00+00:00'
[2024-11-23T19:40:04.132+0200] {logging_mixin.py:190} INFO - Task instance is in running state
[2024-11-23T19:40:04.132+0200] {logging_mixin.py:190} INFO -  Previous state of the Task instance: queued
[2024-11-23T19:40:04.132+0200] {logging_mixin.py:190} INFO - Current task name:fetch_all_patient_data state:running start_date:2024-11-23 17:40:03.968273+00:00
[2024-11-23T19:40:04.132+0200] {logging_mixin.py:190} INFO - Dag name:real_time_patient_data and current dag run status:running
[2024-11-23T19:40:04.132+0200] {taskinstance.py:731} INFO - ::endgroup::
[2024-11-23T19:40:04.138+0200] {base.py:84} INFO - Retrieving connection 'patients_data'
[2024-11-23T19:40:04.161+0200] {python.py:240} INFO - Done. Returned value was: None
[2024-11-23T19:40:04.170+0200] {taskinstance.py:340} INFO - ::group::Post task execution logs
[2024-11-23T19:40:04.171+0200] {taskinstance.py:352} INFO - Marking task as SUCCESS. dag_id=real_time_patient_data, task_id=fetch_all_patient_data, run_id=scheduled__2024-11-23T17:35:00+00:00, execution_date=20241123T173500, start_date=20241123T174003, end_date=20241123T174004
[2024-11-23T19:40:04.182+0200] {logging_mixin.py:190} INFO - Task instance in success state
[2024-11-23T19:40:04.183+0200] {logging_mixin.py:190} INFO -  Previous state of the Task instance: running
[2024-11-23T19:40:04.183+0200] {logging_mixin.py:190} INFO - Dag name:real_time_patient_data queued_at:2024-11-23 17:40:01.515886+00:00
[2024-11-23T19:40:04.183+0200] {logging_mixin.py:190} INFO - Task hostname:munyah-ThinkPad-X1-Yoga-1st operator:PythonOperator
[2024-11-23T19:40:04.216+0200] {local_task_job_runner.py:266} INFO - Task exited with return code 0
[2024-11-23T19:40:04.236+0200] {taskinstance.py:3895} INFO - 1 downstream tasks scheduled from follow-on schedule check
[2024-11-23T19:40:04.239+0200] {local_task_job_runner.py:245} INFO - ::endgroup::
