[2024-11-26T19:14:07.011+0200] {local_task_job_runner.py:123} INFO - ::group::Pre task execution logs
[2024-11-26T19:14:07.022+0200] {taskinstance.py:2613} INFO - Dependencies all met for dep_context=non-requeueable deps ti=<TaskInstance: continuous_patient_data_generation.add_new_patient scheduled__2024-11-26T17:13:00+00:00 [queued]>
[2024-11-26T19:14:07.029+0200] {taskinstance.py:2613} INFO - Dependencies all met for dep_context=requeueable deps ti=<TaskInstance: continuous_patient_data_generation.add_new_patient scheduled__2024-11-26T17:13:00+00:00 [queued]>
[2024-11-26T19:14:07.029+0200] {taskinstance.py:2866} INFO - Starting attempt 1 of 2
[2024-11-26T19:14:07.041+0200] {taskinstance.py:2889} INFO - Executing <Task(PythonOperator): add_new_patient> on 2024-11-26 17:13:00+00:00
[2024-11-26T19:14:07.047+0200] {standard_task_runner.py:72} INFO - Started process 769610 to run task
[2024-11-26T19:14:07.051+0200] {standard_task_runner.py:104} INFO - Running: ['airflow', 'tasks', 'run', 'continuous_patient_data_generation', 'add_new_patient', 'scheduled__2024-11-26T17:13:00+00:00', '--job-id', '2265', '--raw', '--subdir', 'DAGS_FOLDER/real_time_patient_data_update.py', '--cfg-path', '/tmp/tmp61gixljb']
[2024-11-26T19:14:07.053+0200] {standard_task_runner.py:105} INFO - Job 2265: Subtask add_new_patient
[2024-11-26T19:14:07.092+0200] {task_command.py:467} INFO - Running <TaskInstance: continuous_patient_data_generation.add_new_patient scheduled__2024-11-26T17:13:00+00:00 [running]> on host munyah-ThinkPad-X1-Yoga-1st
[2024-11-26T19:14:07.167+0200] {taskinstance.py:3132} INFO - Exporting env vars: AIRFLOW_CTX_DAG_OWNER='munyah' AIRFLOW_CTX_DAG_ID='continuous_patient_data_generation' AIRFLOW_CTX_TASK_ID='add_new_patient' AIRFLOW_CTX_EXECUTION_DATE='2024-11-26T17:13:00+00:00' AIRFLOW_CTX_TRY_NUMBER='1' AIRFLOW_CTX_DAG_RUN_ID='scheduled__2024-11-26T17:13:00+00:00'
[2024-11-26T19:14:07.168+0200] {logging_mixin.py:190} INFO - Task instance is in running state
[2024-11-26T19:14:07.168+0200] {logging_mixin.py:190} INFO -  Previous state of the Task instance: queued
[2024-11-26T19:14:07.168+0200] {logging_mixin.py:190} INFO - Current task name:add_new_patient state:running start_date:2024-11-26 17:14:07.022706+00:00
[2024-11-26T19:14:07.169+0200] {logging_mixin.py:190} INFO - Dag name:continuous_patient_data_generation and current dag run status:running
[2024-11-26T19:14:07.169+0200] {taskinstance.py:731} INFO - ::endgroup::
[2024-11-26T19:14:07.174+0200] {real_time_patient_data_update.py:59} INFO - Existing patients before adding new: []
[2024-11-26T19:14:07.182+0200] {real_time_patient_data_update.py:78} INFO - New Patient Added: {'Patient_ID': 'PAT-00001', 'Age': 46, 'Gender': 'Female', 'Height': 145.72, 'Weight': 141.89, 'Temperature': 36.9, 'Blood_Pressure': '116/70', 'Cholesterol_Level': 'Borderline', 'Blood_Sugar_Level': 80, 'Heart_Rate': 111, 'BMI': 43.7, 'Previous_Medical_History': 'No significant history', 'Comorbidities': 'None', 'Smoking_Status': 'Yes', 'Alcohol_Consumption': 'No', 'Physical_Activity': 'Moderate', 'Last_Visit_Date': '2023-12-12', 'Genomic_Info': 'Normal', 'Diagnosis': 'No specific diagnosis', 'Hospitalization': 'No'}
[2024-11-26T19:14:07.183+0200] {real_time_patient_data_update.py:79} INFO - Updated Patients List: [{'Patient_ID': 'PAT-00001', 'Age': 46, 'Gender': 'Female', 'Height': 145.72, 'Weight': 141.89, 'Temperature': 36.9, 'Blood_Pressure': '116/70', 'Cholesterol_Level': 'Borderline', 'Blood_Sugar_Level': 80, 'Heart_Rate': 111, 'BMI': 43.7, 'Previous_Medical_History': 'No significant history', 'Comorbidities': 'None', 'Smoking_Status': 'Yes', 'Alcohol_Consumption': 'No', 'Physical_Activity': 'Moderate', 'Last_Visit_Date': '2023-12-12', 'Genomic_Info': 'Normal', 'Diagnosis': 'No specific diagnosis', 'Hospitalization': 'No'}]
[2024-11-26T19:14:07.183+0200] {python.py:240} INFO - Done. Returned value was: None
[2024-11-26T19:14:07.188+0200] {taskinstance.py:340} INFO - ::group::Post task execution logs
[2024-11-26T19:14:07.188+0200] {taskinstance.py:352} INFO - Marking task as SUCCESS. dag_id=continuous_patient_data_generation, task_id=add_new_patient, run_id=scheduled__2024-11-26T17:13:00+00:00, execution_date=20241126T171300, start_date=20241126T171407, end_date=20241126T171407
[2024-11-26T19:14:07.196+0200] {logging_mixin.py:190} INFO - Task instance in success state
[2024-11-26T19:14:07.197+0200] {logging_mixin.py:190} INFO -  Previous state of the Task instance: running
[2024-11-26T19:14:07.197+0200] {logging_mixin.py:190} INFO - Dag name:continuous_patient_data_generation queued_at:2024-11-26 17:14:01.312297+00:00
[2024-11-26T19:14:07.197+0200] {logging_mixin.py:190} INFO - Task hostname:munyah-ThinkPad-X1-Yoga-1st operator:PythonOperator
[2024-11-26T19:14:07.224+0200] {local_task_job_runner.py:266} INFO - Task exited with return code 0
[2024-11-26T19:14:07.238+0200] {taskinstance.py:3895} INFO - 0 downstream tasks scheduled from follow-on schedule check
[2024-11-26T19:14:07.239+0200] {local_task_job_runner.py:245} INFO - ::endgroup::
