[2024-11-24T13:35:25.712+0200] {local_task_job_runner.py:123} INFO - ::group::Pre task execution logs
[2024-11-24T13:35:25.725+0200] {taskinstance.py:2613} INFO - Dependencies all met for dep_context=non-requeueable deps ti=<TaskInstance: continuous_patient_data_generation.trigger_dag_run scheduled__2024-11-24T11:32:00+00:00 [queued]>
[2024-11-24T13:35:25.734+0200] {taskinstance.py:2613} INFO - Dependencies all met for dep_context=requeueable deps ti=<TaskInstance: continuous_patient_data_generation.trigger_dag_run scheduled__2024-11-24T11:32:00+00:00 [queued]>
[2024-11-24T13:35:25.734+0200] {taskinstance.py:2866} INFO - Starting attempt 1 of 2
[2024-11-24T13:35:25.749+0200] {taskinstance.py:2889} INFO - Executing <Task(TriggerDagRunOperator): trigger_dag_run> on 2024-11-24 11:32:00+00:00
[2024-11-24T13:35:25.755+0200] {standard_task_runner.py:72} INFO - Started process 476846 to run task
[2024-11-24T13:35:25.759+0200] {standard_task_runner.py:104} INFO - Running: ['airflow', 'tasks', 'run', 'continuous_patient_data_generation', 'trigger_dag_run', 'scheduled__2024-11-24T11:32:00+00:00', '--job-id', '160', '--raw', '--subdir', 'DAGS_FOLDER/real_time_patient_data_update.py', '--cfg-path', '/tmp/tmplaed7voy']
[2024-11-24T13:35:25.760+0200] {standard_task_runner.py:105} INFO - Job 160: Subtask trigger_dag_run
[2024-11-24T13:35:25.804+0200] {task_command.py:467} INFO - Running <TaskInstance: continuous_patient_data_generation.trigger_dag_run scheduled__2024-11-24T11:32:00+00:00 [running]> on host munyah-ThinkPad-X1-Yoga-1st
[2024-11-24T13:35:25.875+0200] {taskinstance.py:3132} INFO - Exporting env vars: AIRFLOW_CTX_DAG_OWNER='airflow' AIRFLOW_CTX_DAG_ID='continuous_patient_data_generation' AIRFLOW_CTX_TASK_ID='trigger_dag_run' AIRFLOW_CTX_EXECUTION_DATE='2024-11-24T11:32:00+00:00' AIRFLOW_CTX_TRY_NUMBER='1' AIRFLOW_CTX_DAG_RUN_ID='scheduled__2024-11-24T11:32:00+00:00'
[2024-11-24T13:35:25.876+0200] {logging_mixin.py:190} INFO - Task instance is in running state
[2024-11-24T13:35:25.877+0200] {logging_mixin.py:190} INFO -  Previous state of the Task instance: queued
[2024-11-24T13:35:25.877+0200] {logging_mixin.py:190} INFO - Current task name:trigger_dag_run state:running start_date:2024-11-24 11:35:25.725811+00:00
[2024-11-24T13:35:25.877+0200] {logging_mixin.py:190} INFO - Dag name:continuous_patient_data_generation and current dag run status:running
[2024-11-24T13:35:25.877+0200] {taskinstance.py:731} INFO - ::endgroup::
[2024-11-24T13:35:25.930+0200] {taskinstance.py:340} INFO - ::group::Post task execution logs
[2024-11-24T13:35:25.930+0200] {taskinstance.py:352} INFO - Marking task as SUCCESS. dag_id=continuous_patient_data_generation, task_id=trigger_dag_run, run_id=scheduled__2024-11-24T11:32:00+00:00, execution_date=20241124T113200, start_date=20241124T113525, end_date=20241124T113525
[2024-11-24T13:35:25.939+0200] {logging_mixin.py:190} INFO - Task instance in success state
[2024-11-24T13:35:25.940+0200] {logging_mixin.py:190} INFO -  Previous state of the Task instance: running
[2024-11-24T13:35:25.940+0200] {logging_mixin.py:190} INFO - Dag name:continuous_patient_data_generation queued_at:2024-11-24 11:34:09.552254+00:00
[2024-11-24T13:35:25.940+0200] {logging_mixin.py:190} INFO - Task hostname:munyah-ThinkPad-X1-Yoga-1st operator:TriggerDagRunOperator
[2024-11-24T13:35:25.971+0200] {local_task_job_runner.py:266} INFO - Task exited with return code 0
[2024-11-24T13:35:25.988+0200] {taskinstance.py:3895} INFO - 0 downstream tasks scheduled from follow-on schedule check
[2024-11-24T13:35:25.989+0200] {local_task_job_runner.py:245} INFO - ::endgroup::
