[2024-11-23T20:36:56.669+0200] {local_task_job_runner.py:123} INFO - ::group::Pre task execution logs
[2024-11-23T20:36:56.716+0200] {taskinstance.py:2613} INFO - Dependencies all met for dep_context=non-requeueable deps ti=<TaskInstance: real_time_patient_data.fetch_all_patient_data scheduled__2024-11-23T17:45:00+00:00 [queued]>
[2024-11-23T20:36:56.738+0200] {taskinstance.py:2613} INFO - Dependencies all met for dep_context=requeueable deps ti=<TaskInstance: real_time_patient_data.fetch_all_patient_data scheduled__2024-11-23T17:45:00+00:00 [queued]>
[2024-11-23T20:36:56.739+0200] {taskinstance.py:2866} INFO - Starting attempt 1 of 2
[2024-11-23T20:36:56.784+0200] {taskinstance.py:2889} INFO - Executing <Task(PythonOperator): fetch_all_patient_data> on 2024-11-23 17:45:00+00:00
[2024-11-23T20:36:56.814+0200] {standard_task_runner.py:72} INFO - Started process 413086 to run task
[2024-11-23T20:36:56.841+0200] {standard_task_runner.py:104} INFO - Running: ['airflow', 'tasks', 'run', 'real_time_patient_data', 'fetch_all_patient_data', 'scheduled__2024-11-23T17:45:00+00:00', '--job-id', '12', '--raw', '--subdir', 'DAGS_FOLDER/real_time_patient_data_update.py', '--cfg-path', '/tmp/tmp34n_73or']
[2024-11-23T20:36:56.845+0200] {standard_task_runner.py:105} INFO - Job 12: Subtask fetch_all_patient_data
[2024-11-23T20:36:56.962+0200] {task_command.py:467} INFO - Running <TaskInstance: real_time_patient_data.fetch_all_patient_data scheduled__2024-11-23T17:45:00+00:00 [running]> on host munyah-ThinkPad-X1-Yoga-1st
[2024-11-23T20:36:57.122+0200] {taskinstance.py:3132} INFO - Exporting env vars: AIRFLOW_CTX_DAG_OWNER='airflow' AIRFLOW_CTX_DAG_ID='real_time_patient_data' AIRFLOW_CTX_TASK_ID='fetch_all_patient_data' AIRFLOW_CTX_EXECUTION_DATE='2024-11-23T17:45:00+00:00' AIRFLOW_CTX_TRY_NUMBER='1' AIRFLOW_CTX_DAG_RUN_ID='scheduled__2024-11-23T17:45:00+00:00'
[2024-11-23T20:36:57.124+0200] {logging_mixin.py:190} INFO - Task instance is in running state
[2024-11-23T20:36:57.124+0200] {logging_mixin.py:190} INFO -  Previous state of the Task instance: queued
[2024-11-23T20:36:57.125+0200] {logging_mixin.py:190} INFO - Current task name:fetch_all_patient_data state:running start_date:2024-11-23 18:36:56.717344+00:00
[2024-11-23T20:36:57.125+0200] {logging_mixin.py:190} INFO - Dag name:real_time_patient_data and current dag run status:running
[2024-11-23T20:36:57.125+0200] {taskinstance.py:731} INFO - ::endgroup::
[2024-11-23T20:36:57.140+0200] {base.py:84} INFO - Retrieving connection 'patients_data'
[2024-11-23T20:36:57.171+0200] {python.py:240} INFO - Done. Returned value was: None
[2024-11-23T20:36:57.180+0200] {taskinstance.py:340} INFO - ::group::Post task execution logs
[2024-11-23T20:36:57.181+0200] {taskinstance.py:352} INFO - Marking task as SUCCESS. dag_id=real_time_patient_data, task_id=fetch_all_patient_data, run_id=scheduled__2024-11-23T17:45:00+00:00, execution_date=20241123T174500, start_date=20241123T183656, end_date=20241123T183657
[2024-11-23T20:36:57.195+0200] {logging_mixin.py:190} INFO - Task instance in success state
[2024-11-23T20:36:57.196+0200] {logging_mixin.py:190} INFO -  Previous state of the Task instance: running
[2024-11-23T20:36:57.196+0200] {logging_mixin.py:190} INFO - Dag name:real_time_patient_data queued_at:2024-11-23 17:50:01.564033+00:00
[2024-11-23T20:36:57.197+0200] {logging_mixin.py:190} INFO - Task hostname:munyah-ThinkPad-X1-Yoga-1st operator:PythonOperator
[2024-11-23T20:36:57.233+0200] {local_task_job_runner.py:266} INFO - Task exited with return code 0
[2024-11-23T20:36:57.257+0200] {taskinstance.py:3895} INFO - 1 downstream tasks scheduled from follow-on schedule check
[2024-11-23T20:36:57.262+0200] {local_task_job_runner.py:245} INFO - ::endgroup::
