[2025-03-05T18:29:09.396+0200] {local_task_job_runner.py:123} INFO - ::group::Pre task execution logs
[2025-03-05T18:29:09.411+0200] {taskinstance.py:2613} INFO - Dependencies all met for dep_context=non-requeueable deps ti=<TaskInstance: patient-monitoring.add_new_patient scheduled__2025-03-05T16:28:00+00:00 [queued]>
[2025-03-05T18:29:09.421+0200] {taskinstance.py:2613} INFO - Dependencies all met for dep_context=requeueable deps ti=<TaskInstance: patient-monitoring.add_new_patient scheduled__2025-03-05T16:28:00+00:00 [queued]>
[2025-03-05T18:29:09.422+0200] {taskinstance.py:2866} INFO - Starting attempt 1 of 2
[2025-03-05T18:29:09.439+0200] {taskinstance.py:2889} INFO - Executing <Task(PythonOperator): add_new_patient> on 2025-03-05 16:28:00+00:00
[2025-03-05T18:29:09.450+0200] {standard_task_runner.py:72} INFO - Started process 29366 to run task
[2025-03-05T18:29:09.461+0200] {standard_task_runner.py:104} INFO - Running: ['airflow', 'tasks', 'run', 'patient-monitoring', 'add_new_patient', 'scheduled__2025-03-05T16:28:00+00:00', '--job-id', '70', '--raw', '--subdir', 'DAGS_FOLDER/real_time_patient_data_update.py', '--cfg-path', '/tmp/tmp9d1rneti']
[2025-03-05T18:29:09.463+0200] {standard_task_runner.py:105} INFO - Job 70: Subtask add_new_patient
[2025-03-05T18:29:09.520+0200] {task_command.py:467} INFO - Running <TaskInstance: patient-monitoring.add_new_patient scheduled__2025-03-05T16:28:00+00:00 [running]> on host munyah-ThinkPad-X1-Yoga-1st
[2025-03-05T18:29:09.624+0200] {taskinstance.py:3132} INFO - Exporting env vars: AIRFLOW_CTX_DAG_OWNER='munyah' AIRFLOW_CTX_DAG_ID='patient-monitoring' AIRFLOW_CTX_TASK_ID='add_new_patient' AIRFLOW_CTX_EXECUTION_DATE='2025-03-05T16:28:00+00:00' AIRFLOW_CTX_TRY_NUMBER='1' AIRFLOW_CTX_DAG_RUN_ID='scheduled__2025-03-05T16:28:00+00:00'
[2025-03-05T18:29:09.625+0200] {logging_mixin.py:190} INFO - Task instance is in running state
[2025-03-05T18:29:09.626+0200] {logging_mixin.py:190} INFO -  Previous state of the Task instance: queued
[2025-03-05T18:29:09.626+0200] {logging_mixin.py:190} INFO - Current task name:add_new_patient state:running start_date:2025-03-05 16:29:09.412078+00:00
[2025-03-05T18:29:09.626+0200] {logging_mixin.py:190} INFO - Dag name:patient-monitoring and current dag run status:running
[2025-03-05T18:29:09.626+0200] {taskinstance.py:731} INFO - ::endgroup::
[2025-03-05T18:29:09.658+0200] {real_time_patient_data_update.py:80} INFO - New Patient Added: {
  "Patient_ID": "PAT-00060",
  "Age": 45,
  "Gender": "Male",
  "Height": 116.69,
  "Weight": 182.3,
  "Temperature": 37.0,
  "Blood_Pressure": "99/64",
  "Cholesterol_Level": "Normal",
  "Blood_Sugar_Level": 102,
  "Heart_Rate": 182,
  "BMI": 28.83,
  "Previous_Medical_History": "No significant history",
  "Comorbidities": "None",
  "Smoking_Status": "No",
  "Alcohol_Consumption": "No",
  "Physical_Activity": "High",
  "Last_Visit_Date": "2025-02-20",
  "Genomic_Info": "High Risk",
  "Diagnosis": "No specific diagnosis",
  "Hospitalization": "No"
}
[2025-03-05T18:29:09.658+0200] {real_time_patient_data_update.py:81} INFO - Total Patients After Addition: 62
[2025-03-05T18:29:09.665+0200] {base.py:84} INFO - Retrieving connection 'patients_data'
[2025-03-05T18:29:09.678+0200] {real_time_patient_data_update.py:92} INFO - New patient PAT-00060 added to the database successfully.
[2025-03-05T18:29:09.679+0200] {python.py:240} INFO - Done. Returned value was: None
[2025-03-05T18:29:09.687+0200] {taskinstance.py:340} INFO - ::group::Post task execution logs
[2025-03-05T18:29:09.688+0200] {taskinstance.py:352} INFO - Marking task as SUCCESS. dag_id=patient-monitoring, task_id=add_new_patient, run_id=scheduled__2025-03-05T16:28:00+00:00, execution_date=20250305T162800, start_date=20250305T162909, end_date=20250305T162909
[2025-03-05T18:29:09.702+0200] {logging_mixin.py:190} INFO - Task instance in success state
[2025-03-05T18:29:09.703+0200] {logging_mixin.py:190} INFO -  Previous state of the Task instance: running
[2025-03-05T18:29:09.704+0200] {logging_mixin.py:190} INFO - Dag name:patient-monitoring queued_at:2025-03-05 16:29:02.175002+00:00
[2025-03-05T18:29:09.704+0200] {logging_mixin.py:190} INFO - Task hostname:munyah-ThinkPad-X1-Yoga-1st operator:PythonOperator
[2025-03-05T18:29:09.753+0200] {local_task_job_runner.py:266} INFO - Task exited with return code 0
[2025-03-05T18:29:09.773+0200] {taskinstance.py:3895} INFO - 0 downstream tasks scheduled from follow-on schedule check
[2025-03-05T18:29:09.774+0200] {local_task_job_runner.py:245} INFO - ::endgroup::
