[2025-03-10T21:16:07.787+0200] {local_task_job_runner.py:123} INFO - ::group::Pre task execution logs
[2025-03-10T21:16:07.801+0200] {taskinstance.py:2613} INFO - Dependencies all met for dep_context=non-requeueable deps ti=<TaskInstance: patient-monitoring.add_new_patient scheduled__2025-03-10T19:15:00+00:00 [queued]>
[2025-03-10T21:16:07.810+0200] {taskinstance.py:2613} INFO - Dependencies all met for dep_context=requeueable deps ti=<TaskInstance: patient-monitoring.add_new_patient scheduled__2025-03-10T19:15:00+00:00 [queued]>
[2025-03-10T21:16:07.810+0200] {taskinstance.py:2866} INFO - Starting attempt 1 of 2
[2025-03-10T21:16:07.823+0200] {taskinstance.py:2889} INFO - Executing <Task(PythonOperator): add_new_patient> on 2025-03-10 19:15:00+00:00
[2025-03-10T21:16:07.830+0200] {standard_task_runner.py:72} INFO - Started process 29285 to run task
[2025-03-10T21:16:07.834+0200] {standard_task_runner.py:104} INFO - Running: ['airflow', 'tasks', 'run', 'patient-monitoring', 'add_new_patient', 'scheduled__2025-03-10T19:15:00+00:00', '--job-id', '100', '--raw', '--subdir', 'DAGS_FOLDER/real_time_patient_data_update.py', '--cfg-path', '/tmp/tmp7mmgo_q9']
[2025-03-10T21:16:07.836+0200] {standard_task_runner.py:105} INFO - Job 100: Subtask add_new_patient
[2025-03-10T21:16:07.882+0200] {task_command.py:467} INFO - Running <TaskInstance: patient-monitoring.add_new_patient scheduled__2025-03-10T19:15:00+00:00 [running]> on host munyah-ThinkPad-X1-Yoga-1st
[2025-03-10T21:16:07.954+0200] {taskinstance.py:3132} INFO - Exporting env vars: AIRFLOW_CTX_DAG_OWNER='munyah' AIRFLOW_CTX_DAG_ID='patient-monitoring' AIRFLOW_CTX_TASK_ID='add_new_patient' AIRFLOW_CTX_EXECUTION_DATE='2025-03-10T19:15:00+00:00' AIRFLOW_CTX_TRY_NUMBER='1' AIRFLOW_CTX_DAG_RUN_ID='scheduled__2025-03-10T19:15:00+00:00'
[2025-03-10T21:16:07.955+0200] {logging_mixin.py:190} INFO - Task instance is in running state
[2025-03-10T21:16:07.956+0200] {logging_mixin.py:190} INFO -  Previous state of the Task instance: queued
[2025-03-10T21:16:07.956+0200] {logging_mixin.py:190} INFO - Current task name:add_new_patient state:running start_date:2025-03-10 19:16:07.802169+00:00
[2025-03-10T21:16:07.956+0200] {logging_mixin.py:190} INFO - Dag name:patient-monitoring and current dag run status:running
[2025-03-10T21:16:07.956+0200] {taskinstance.py:731} INFO - ::endgroup::
[2025-03-10T21:16:07.982+0200] {real_time_patient_data_update.py:80} INFO - New Patient Added: {
  "Patient_ID": "PAT-00066",
  "Age": 1,
  "Gender": "Female",
  "Height": 245.0,
  "Weight": 105.31,
  "Temperature": 37.1,
  "Blood_Pressure": "106/62",
  "Cholesterol_Level": "Borderline",
  "Blood_Sugar_Level": 295,
  "Heart_Rate": 115,
  "BMI": 41.67,
  "Previous_Medical_History": "No significant history",
  "Comorbidities": "None",
  "Smoking_Status": "Yes",
  "Alcohol_Consumption": "No",
  "Physical_Activity": "High",
  "Last_Visit_Date": "2024-12-02",
  "Genomic_Info": "Normal",
  "Diagnosis": "No specific diagnosis",
  "Hospitalization": "Yes"
}
[2025-03-10T21:16:07.982+0200] {real_time_patient_data_update.py:81} INFO - Total Patients After Addition: 70
[2025-03-10T21:16:07.988+0200] {base.py:84} INFO - Retrieving connection 'patients_data'
[2025-03-10T21:16:08.001+0200] {real_time_patient_data_update.py:92} INFO - New patient PAT-00066 added to the database successfully.
[2025-03-10T21:16:08.001+0200] {python.py:240} INFO - Done. Returned value was: None
[2025-03-10T21:16:08.009+0200] {taskinstance.py:340} INFO - ::group::Post task execution logs
[2025-03-10T21:16:08.010+0200] {taskinstance.py:352} INFO - Marking task as SUCCESS. dag_id=patient-monitoring, task_id=add_new_patient, run_id=scheduled__2025-03-10T19:15:00+00:00, execution_date=20250310T191500, start_date=20250310T191607, end_date=20250310T191608
[2025-03-10T21:16:08.021+0200] {logging_mixin.py:190} INFO - Task instance in success state
[2025-03-10T21:16:08.022+0200] {logging_mixin.py:190} INFO -  Previous state of the Task instance: running
[2025-03-10T21:16:08.022+0200] {logging_mixin.py:190} INFO - Dag name:patient-monitoring queued_at:2025-03-10 19:16:01.081755+00:00
[2025-03-10T21:16:08.023+0200] {logging_mixin.py:190} INFO - Task hostname:munyah-ThinkPad-X1-Yoga-1st operator:PythonOperator
[2025-03-10T21:16:08.046+0200] {local_task_job_runner.py:266} INFO - Task exited with return code 0
[2025-03-10T21:16:08.063+0200] {taskinstance.py:3895} INFO - 0 downstream tasks scheduled from follow-on schedule check
[2025-03-10T21:16:08.063+0200] {local_task_job_runner.py:245} INFO - ::endgroup::
