[2025-03-10T21:34:22.104+0200] {local_task_job_runner.py:123} INFO - ::group::Pre task execution logs
[2025-03-10T21:34:22.158+0200] {taskinstance.py:2613} INFO - Dependencies all met for dep_context=non-requeueable deps ti=<TaskInstance: patient-monitoring.add_new_patient manual__2025-03-10T19:33:27.039014+00:00 [queued]>
[2025-03-10T21:34:22.188+0200] {taskinstance.py:2613} INFO - Dependencies all met for dep_context=requeueable deps ti=<TaskInstance: patient-monitoring.add_new_patient manual__2025-03-10T19:33:27.039014+00:00 [queued]>
[2025-03-10T21:34:22.189+0200] {taskinstance.py:2866} INFO - Starting attempt 1 of 2
[2025-03-10T21:34:22.256+0200] {taskinstance.py:2889} INFO - Executing <Task(PythonOperator): add_new_patient> on 2025-03-10 19:33:27.039014+00:00
[2025-03-10T21:34:22.278+0200] {standard_task_runner.py:72} INFO - Started process 33369 to run task
[2025-03-10T21:34:22.307+0200] {standard_task_runner.py:104} INFO - Running: ['airflow', 'tasks', 'run', 'patient-monitoring', 'add_new_patient', 'manual__2025-03-10T19:33:27.039014+00:00', '--job-id', '117', '--raw', '--subdir', 'DAGS_FOLDER/real_time_patient_data_update.py', '--cfg-path', '/tmp/tmp5zxr_otu']
[2025-03-10T21:34:22.314+0200] {standard_task_runner.py:105} INFO - Job 117: Subtask add_new_patient
[2025-03-10T21:34:22.557+0200] {task_command.py:467} INFO - Running <TaskInstance: patient-monitoring.add_new_patient manual__2025-03-10T19:33:27.039014+00:00 [running]> on host munyah-ThinkPad-X1-Yoga-1st
[2025-03-10T21:34:22.817+0200] {taskinstance.py:3132} INFO - Exporting env vars: AIRFLOW_CTX_DAG_OWNER='munyah' AIRFLOW_CTX_DAG_ID='patient-monitoring' AIRFLOW_CTX_TASK_ID='add_new_patient' AIRFLOW_CTX_EXECUTION_DATE='2025-03-10T19:33:27.039014+00:00' AIRFLOW_CTX_TRY_NUMBER='1' AIRFLOW_CTX_DAG_RUN_ID='manual__2025-03-10T19:33:27.039014+00:00'
[2025-03-10T21:34:22.820+0200] {logging_mixin.py:190} INFO - Task instance is in running state
[2025-03-10T21:34:22.822+0200] {logging_mixin.py:190} INFO -  Previous state of the Task instance: queued
[2025-03-10T21:34:22.823+0200] {logging_mixin.py:190} INFO - Current task name:add_new_patient state:running start_date:2025-03-10 19:34:22.159665+00:00
[2025-03-10T21:34:22.824+0200] {logging_mixin.py:190} INFO - Dag name:patient-monitoring and current dag run status:running
[2025-03-10T21:34:22.825+0200] {taskinstance.py:731} INFO - ::endgroup::
[2025-03-10T21:34:22.883+0200] {real_time_patient_data_update.py:80} INFO - New Patient Added: {
  "Patient_ID": "PAT-00073",
  "Age": 103,
  "Gender": "Male",
  "Height": 210.48,
  "Weight": 105.57,
  "Temperature": 36.3,
  "Blood_Pressure": "109/61",
  "Cholesterol_Level": "Normal",
  "Blood_Sugar_Level": 128,
  "Heart_Rate": 158,
  "BMI": 27.22,
  "Previous_Medical_History": "No significant history",
  "Comorbidities": "None",
  "Smoking_Status": "Yes",
  "Alcohol_Consumption": "Yes",
  "Physical_Activity": "Moderate",
  "Last_Visit_Date": "2025-02-22",
  "Genomic_Info": "Mutated",
  "Diagnosis": "No specific diagnosis",
  "Hospitalization": "No"
}
[2025-03-10T21:34:22.884+0200] {real_time_patient_data_update.py:81} INFO - Total Patients After Addition: 77
[2025-03-10T21:34:22.903+0200] {base.py:84} INFO - Retrieving connection 'patients_data'
[2025-03-10T21:34:22.932+0200] {real_time_patient_data_update.py:92} INFO - New patient PAT-00073 added to the database successfully.
[2025-03-10T21:34:22.933+0200] {python.py:240} INFO - Done. Returned value was: None
[2025-03-10T21:34:22.947+0200] {taskinstance.py:340} INFO - ::group::Post task execution logs
[2025-03-10T21:34:22.949+0200] {taskinstance.py:352} INFO - Marking task as SUCCESS. dag_id=patient-monitoring, task_id=add_new_patient, run_id=manual__2025-03-10T19:33:27.039014+00:00, execution_date=20250310T193327, start_date=20250310T193422, end_date=20250310T193422
[2025-03-10T21:34:22.977+0200] {logging_mixin.py:190} INFO - Task instance in success state
[2025-03-10T21:34:22.978+0200] {logging_mixin.py:190} INFO -  Previous state of the Task instance: running
[2025-03-10T21:34:22.979+0200] {logging_mixin.py:190} INFO - Dag name:patient-monitoring queued_at:2025-03-10 19:33:27.114549+00:00
[2025-03-10T21:34:22.980+0200] {logging_mixin.py:190} INFO - Task hostname:munyah-ThinkPad-X1-Yoga-1st operator:PythonOperator
[2025-03-10T21:34:23.008+0200] {local_task_job_runner.py:266} INFO - Task exited with return code 0
[2025-03-10T21:34:23.078+0200] {taskinstance.py:3895} INFO - 0 downstream tasks scheduled from follow-on schedule check
[2025-03-10T21:34:23.081+0200] {local_task_job_runner.py:245} INFO - ::endgroup::
