[2025-02-08T14:55:08.158+0200] {local_task_job_runner.py:123} INFO - ::group::Pre task execution logs
[2025-02-08T14:55:08.170+0200] {taskinstance.py:2613} INFO - Dependencies all met for dep_context=non-requeueable deps ti=<TaskInstance: patient-monitoring.add_new_patient scheduled__2025-02-08T12:54:00+00:00 [queued]>
[2025-02-08T14:55:08.177+0200] {taskinstance.py:2613} INFO - Dependencies all met for dep_context=requeueable deps ti=<TaskInstance: patient-monitoring.add_new_patient scheduled__2025-02-08T12:54:00+00:00 [queued]>
[2025-02-08T14:55:08.177+0200] {taskinstance.py:2866} INFO - Starting attempt 1 of 2
[2025-02-08T14:55:08.192+0200] {taskinstance.py:2889} INFO - Executing <Task(PythonOperator): add_new_patient> on 2025-02-08 12:54:00+00:00
[2025-02-08T14:55:08.199+0200] {standard_task_runner.py:72} INFO - Started process 60420 to run task
[2025-02-08T14:55:08.205+0200] {standard_task_runner.py:104} INFO - Running: ['airflow', 'tasks', 'run', 'patient-monitoring', 'add_new_patient', 'scheduled__2025-02-08T12:54:00+00:00', '--job-id', '53', '--raw', '--subdir', 'DAGS_FOLDER/real_time_patient_data_update.py', '--cfg-path', '/tmp/tmp4wxcpoup']
[2025-02-08T14:55:08.206+0200] {standard_task_runner.py:105} INFO - Job 53: Subtask add_new_patient
[2025-02-08T14:55:08.250+0200] {task_command.py:467} INFO - Running <TaskInstance: patient-monitoring.add_new_patient scheduled__2025-02-08T12:54:00+00:00 [running]> on host munyah-ThinkPad-X1-Yoga-1st
[2025-02-08T14:55:08.325+0200] {taskinstance.py:3132} INFO - Exporting env vars: AIRFLOW_CTX_DAG_OWNER='munyah' AIRFLOW_CTX_DAG_ID='patient-monitoring' AIRFLOW_CTX_TASK_ID='add_new_patient' AIRFLOW_CTX_EXECUTION_DATE='2025-02-08T12:54:00+00:00' AIRFLOW_CTX_TRY_NUMBER='1' AIRFLOW_CTX_DAG_RUN_ID='scheduled__2025-02-08T12:54:00+00:00'
[2025-02-08T14:55:08.327+0200] {logging_mixin.py:190} INFO - Task instance is in running state
[2025-02-08T14:55:08.327+0200] {logging_mixin.py:190} INFO -  Previous state of the Task instance: queued
[2025-02-08T14:55:08.327+0200] {logging_mixin.py:190} INFO - Current task name:add_new_patient state:running start_date:2025-02-08 12:55:08.171321+00:00
[2025-02-08T14:55:08.327+0200] {logging_mixin.py:190} INFO - Dag name:patient-monitoring and current dag run status:running
[2025-02-08T14:55:08.328+0200] {taskinstance.py:731} INFO - ::endgroup::
[2025-02-08T14:55:08.350+0200] {real_time_patient_data_update.py:76} INFO - New Patient Added: {'Patient_ID': 'PAT-00051', 'Age': 48, 'Gender': 'Female', 'Height': 189.26, 'Weight': 147.7, 'Temperature': 36.9, 'Blood_Pressure': '138/67', 'Cholesterol_Level': 'Normal', 'Blood_Sugar_Level': 135, 'Heart_Rate': 52, 'BMI': 30.61, 'Previous_Medical_History': 'No significant history', 'Comorbidities': 'None', 'Smoking_Status': 'No', 'Alcohol_Consumption': 'No', 'Physical_Activity': 'Moderate', 'Last_Visit_Date': '2024-05-24', 'Genomic_Info': 'High Risk', 'Diagnosis': 'No specific diagnosis', 'Hospitalization': 'No'}
[2025-02-08T14:55:08.351+0200] {real_time_patient_data_update.py:77} INFO - Total Patients After Addition: 51
[2025-02-08T14:55:08.351+0200] {python.py:240} INFO - Done. Returned value was: None
[2025-02-08T14:55:08.356+0200] {taskinstance.py:340} INFO - ::group::Post task execution logs
[2025-02-08T14:55:08.357+0200] {taskinstance.py:352} INFO - Marking task as SUCCESS. dag_id=patient-monitoring, task_id=add_new_patient, run_id=scheduled__2025-02-08T12:54:00+00:00, execution_date=20250208T125400, start_date=20250208T125508, end_date=20250208T125508
[2025-02-08T14:55:08.366+0200] {logging_mixin.py:190} INFO - Task instance in success state
[2025-02-08T14:55:08.366+0200] {logging_mixin.py:190} INFO -  Previous state of the Task instance: running
[2025-02-08T14:55:08.366+0200] {logging_mixin.py:190} INFO - Dag name:patient-monitoring queued_at:2025-02-08 12:55:01.154827+00:00
[2025-02-08T14:55:08.367+0200] {logging_mixin.py:190} INFO - Task hostname:munyah-ThinkPad-X1-Yoga-1st operator:PythonOperator
[2025-02-08T14:55:08.377+0200] {local_task_job_runner.py:266} INFO - Task exited with return code 0
[2025-02-08T14:55:08.400+0200] {taskinstance.py:3895} INFO - 0 downstream tasks scheduled from follow-on schedule check
[2025-02-08T14:55:08.400+0200] {local_task_job_runner.py:245} INFO - ::endgroup::
