[2024-11-23T18:40:08.119+0200] {local_task_job_runner.py:123} INFO - ::group::Pre task execution logs
[2024-11-23T18:40:08.134+0200] {taskinstance.py:2613} INFO - Dependencies all met for dep_context=non-requeueable deps ti=<TaskInstance: real_time_patient_data_update.fetch_new_patient_data scheduled__2024-11-23T16:35:00+00:00 [queued]>
[2024-11-23T18:40:08.150+0200] {taskinstance.py:2613} INFO - Dependencies all met for dep_context=requeueable deps ti=<TaskInstance: real_time_patient_data_update.fetch_new_patient_data scheduled__2024-11-23T16:35:00+00:00 [queued]>
[2024-11-23T18:40:08.151+0200] {taskinstance.py:2866} INFO - Starting attempt 1 of 2
[2024-11-23T18:40:08.186+0200] {taskinstance.py:2889} INFO - Executing <Task(PythonOperator): fetch_new_patient_data> on 2024-11-23 16:35:00+00:00
[2024-11-23T18:40:08.196+0200] {standard_task_runner.py:72} INFO - Started process 398296 to run task
[2024-11-23T18:40:08.207+0200] {standard_task_runner.py:104} INFO - Running: ['airflow', 'tasks', 'run', 'real_time_patient_data_update', 'fetch_new_patient_data', 'scheduled__2024-11-23T16:35:00+00:00', '--job-id', '7', '--raw', '--subdir', 'DAGS_FOLDER/real_time_patient_data_update.py', '--cfg-path', '/tmp/tmprieub_2l']
[2024-11-23T18:40:08.211+0200] {standard_task_runner.py:105} INFO - Job 7: Subtask fetch_new_patient_data
[2024-11-23T18:40:08.283+0200] {task_command.py:467} INFO - Running <TaskInstance: real_time_patient_data_update.fetch_new_patient_data scheduled__2024-11-23T16:35:00+00:00 [running]> on host munyah-ThinkPad-X1-Yoga-1st
[2024-11-23T18:40:08.375+0200] {taskinstance.py:3132} INFO - Exporting env vars: AIRFLOW_CTX_DAG_OWNER='airflow' AIRFLOW_CTX_DAG_ID='real_time_patient_data_update' AIRFLOW_CTX_TASK_ID='fetch_new_patient_data' AIRFLOW_CTX_EXECUTION_DATE='2024-11-23T16:35:00+00:00' AIRFLOW_CTX_TRY_NUMBER='1' AIRFLOW_CTX_DAG_RUN_ID='scheduled__2024-11-23T16:35:00+00:00'
[2024-11-23T18:40:08.377+0200] {logging_mixin.py:190} INFO - Task instance is in running state
[2024-11-23T18:40:08.377+0200] {logging_mixin.py:190} INFO -  Previous state of the Task instance: queued
[2024-11-23T18:40:08.378+0200] {logging_mixin.py:190} INFO - Current task name:fetch_new_patient_data state:running start_date:2024-11-23 16:40:08.135174+00:00
[2024-11-23T18:40:08.378+0200] {logging_mixin.py:190} INFO - Dag name:real_time_patient_data_update and current dag run status:running
[2024-11-23T18:40:08.378+0200] {taskinstance.py:731} INFO - ::endgroup::
[2024-11-23T18:40:08.396+0200] {base.py:84} INFO - Retrieving connection 'patients_data'
[2024-11-23T18:40:08.462+0200] {python.py:240} INFO - Done. Returned value was: None
[2024-11-23T18:40:08.469+0200] {taskinstance.py:340} INFO - ::group::Post task execution logs
[2024-11-23T18:40:08.470+0200] {taskinstance.py:352} INFO - Marking task as SUCCESS. dag_id=real_time_patient_data_update, task_id=fetch_new_patient_data, run_id=scheduled__2024-11-23T16:35:00+00:00, execution_date=20241123T163500, start_date=20241123T164008, end_date=20241123T164008
[2024-11-23T18:40:08.482+0200] {logging_mixin.py:190} INFO - Task instance in success state
[2024-11-23T18:40:08.483+0200] {logging_mixin.py:190} INFO -  Previous state of the Task instance: running
[2024-11-23T18:40:08.483+0200] {logging_mixin.py:190} INFO - Dag name:real_time_patient_data_update queued_at:2024-11-23 16:40:01.841685+00:00
[2024-11-23T18:40:08.483+0200] {logging_mixin.py:190} INFO - Task hostname:munyah-ThinkPad-X1-Yoga-1st operator:PythonOperator
[2024-11-23T18:40:08.501+0200] {local_task_job_runner.py:266} INFO - Task exited with return code 0
[2024-11-23T18:40:08.525+0200] {taskinstance.py:3895} INFO - 0 downstream tasks scheduled from follow-on schedule check
[2024-11-23T18:40:08.527+0200] {local_task_job_runner.py:245} INFO - ::endgroup::
[2024-11-23T18:41:46.553+0200] {local_task_job_runner.py:123} INFO - ::group::Pre task execution logs
[2024-11-23T18:41:46.565+0200] {taskinstance.py:2613} INFO - Dependencies all met for dep_context=non-requeueable deps ti=<TaskInstance: real_time_patient_data_update.fetch_new_patient_data scheduled__2024-11-23T16:35:00+00:00 [queued]>
[2024-11-23T18:41:46.573+0200] {taskinstance.py:2613} INFO - Dependencies all met for dep_context=requeueable deps ti=<TaskInstance: real_time_patient_data_update.fetch_new_patient_data scheduled__2024-11-23T16:35:00+00:00 [queued]>
[2024-11-23T18:41:46.574+0200] {taskinstance.py:2866} INFO - Starting attempt 1 of 2
[2024-11-23T18:41:46.588+0200] {taskinstance.py:2889} INFO - Executing <Task(PythonOperator): fetch_new_patient_data> on 2024-11-23 16:35:00+00:00
[2024-11-23T18:41:46.595+0200] {standard_task_runner.py:72} INFO - Started process 398744 to run task
[2024-11-23T18:41:46.601+0200] {standard_task_runner.py:104} INFO - Running: ['airflow', 'tasks', 'run', 'real_time_patient_data_update', 'fetch_new_patient_data', 'scheduled__2024-11-23T16:35:00+00:00', '--job-id', '4', '--raw', '--subdir', 'DAGS_FOLDER/real_time_patient_data_update.py', '--cfg-path', '/tmp/tmpp9mlvzxb']
[2024-11-23T18:41:46.602+0200] {standard_task_runner.py:105} INFO - Job 4: Subtask fetch_new_patient_data
[2024-11-23T18:41:46.642+0200] {task_command.py:467} INFO - Running <TaskInstance: real_time_patient_data_update.fetch_new_patient_data scheduled__2024-11-23T16:35:00+00:00 [running]> on host munyah-ThinkPad-X1-Yoga-1st
[2024-11-23T18:41:46.709+0200] {taskinstance.py:3132} INFO - Exporting env vars: AIRFLOW_CTX_DAG_OWNER='airflow' AIRFLOW_CTX_DAG_ID='real_time_patient_data_update' AIRFLOW_CTX_TASK_ID='fetch_new_patient_data' AIRFLOW_CTX_EXECUTION_DATE='2024-11-23T16:35:00+00:00' AIRFLOW_CTX_TRY_NUMBER='1' AIRFLOW_CTX_DAG_RUN_ID='scheduled__2024-11-23T16:35:00+00:00'
[2024-11-23T18:41:46.710+0200] {logging_mixin.py:190} INFO - Task instance is in running state
[2024-11-23T18:41:46.710+0200] {logging_mixin.py:190} INFO -  Previous state of the Task instance: queued
[2024-11-23T18:41:46.711+0200] {logging_mixin.py:190} INFO - Current task name:fetch_new_patient_data state:running start_date:2024-11-23 16:41:46.566262+00:00
[2024-11-23T18:41:46.711+0200] {logging_mixin.py:190} INFO - Dag name:real_time_patient_data_update and current dag run status:running
[2024-11-23T18:41:46.711+0200] {taskinstance.py:731} INFO - ::endgroup::
[2024-11-23T18:41:46.724+0200] {base.py:84} INFO - Retrieving connection 'patients_data'
[2024-11-23T18:41:46.755+0200] {python.py:240} INFO - Done. Returned value was: None
[2024-11-23T18:41:46.761+0200] {taskinstance.py:340} INFO - ::group::Post task execution logs
[2024-11-23T18:41:46.762+0200] {taskinstance.py:352} INFO - Marking task as SUCCESS. dag_id=real_time_patient_data_update, task_id=fetch_new_patient_data, run_id=scheduled__2024-11-23T16:35:00+00:00, execution_date=20241123T163500, start_date=20241123T164146, end_date=20241123T164146
[2024-11-23T18:41:46.772+0200] {logging_mixin.py:190} INFO - Task instance in success state
[2024-11-23T18:41:46.772+0200] {logging_mixin.py:190} INFO -  Previous state of the Task instance: running
[2024-11-23T18:41:46.772+0200] {logging_mixin.py:190} INFO - Dag name:real_time_patient_data_update queued_at:2024-11-23 16:41:35.156718+00:00
[2024-11-23T18:41:46.773+0200] {logging_mixin.py:190} INFO - Task hostname:munyah-ThinkPad-X1-Yoga-1st operator:PythonOperator
[2024-11-23T18:41:46.813+0200] {local_task_job_runner.py:266} INFO - Task exited with return code 0
[2024-11-23T18:41:46.829+0200] {taskinstance.py:3895} INFO - 0 downstream tasks scheduled from follow-on schedule check
[2024-11-23T18:41:46.830+0200] {local_task_job_runner.py:245} INFO - ::endgroup::
[2024-11-23T18:43:21.620+0200] {local_task_job_runner.py:123} INFO - ::group::Pre task execution logs
[2024-11-23T18:43:21.635+0200] {taskinstance.py:2613} INFO - Dependencies all met for dep_context=non-requeueable deps ti=<TaskInstance: real_time_patient_data_update.fetch_new_patient_data scheduled__2024-11-23T16:35:00+00:00 [queued]>
[2024-11-23T18:43:21.646+0200] {taskinstance.py:2613} INFO - Dependencies all met for dep_context=requeueable deps ti=<TaskInstance: real_time_patient_data_update.fetch_new_patient_data scheduled__2024-11-23T16:35:00+00:00 [queued]>
[2024-11-23T18:43:21.647+0200] {taskinstance.py:2866} INFO - Starting attempt 1 of 2
[2024-11-23T18:43:21.661+0200] {taskinstance.py:2889} INFO - Executing <Task(PythonOperator): fetch_new_patient_data> on 2024-11-23 16:35:00+00:00
[2024-11-23T18:43:21.668+0200] {standard_task_runner.py:72} INFO - Started process 399122 to run task
[2024-11-23T18:43:21.673+0200] {standard_task_runner.py:104} INFO - Running: ['airflow', 'tasks', 'run', 'real_time_patient_data_update', 'fetch_new_patient_data', 'scheduled__2024-11-23T16:35:00+00:00', '--job-id', '4', '--raw', '--subdir', 'DAGS_FOLDER/real_time_patient_data_update.py', '--cfg-path', '/tmp/tmpylgh_z3z']
[2024-11-23T18:43:21.675+0200] {standard_task_runner.py:105} INFO - Job 4: Subtask fetch_new_patient_data
[2024-11-23T18:43:21.722+0200] {task_command.py:467} INFO - Running <TaskInstance: real_time_patient_data_update.fetch_new_patient_data scheduled__2024-11-23T16:35:00+00:00 [running]> on host munyah-ThinkPad-X1-Yoga-1st
[2024-11-23T18:43:21.796+0200] {taskinstance.py:3132} INFO - Exporting env vars: AIRFLOW_CTX_DAG_OWNER='airflow' AIRFLOW_CTX_DAG_ID='real_time_patient_data_update' AIRFLOW_CTX_TASK_ID='fetch_new_patient_data' AIRFLOW_CTX_EXECUTION_DATE='2024-11-23T16:35:00+00:00' AIRFLOW_CTX_TRY_NUMBER='1' AIRFLOW_CTX_DAG_RUN_ID='scheduled__2024-11-23T16:35:00+00:00'
[2024-11-23T18:43:21.797+0200] {logging_mixin.py:190} INFO - Task instance is in running state
[2024-11-23T18:43:21.798+0200] {logging_mixin.py:190} INFO -  Previous state of the Task instance: queued
[2024-11-23T18:43:21.798+0200] {logging_mixin.py:190} INFO - Current task name:fetch_new_patient_data state:running start_date:2024-11-23 16:43:21.636165+00:00
[2024-11-23T18:43:21.798+0200] {logging_mixin.py:190} INFO - Dag name:real_time_patient_data_update and current dag run status:running
[2024-11-23T18:43:21.799+0200] {taskinstance.py:731} INFO - ::endgroup::
[2024-11-23T18:43:21.812+0200] {base.py:84} INFO - Retrieving connection 'patients_data'
[2024-11-23T18:43:21.867+0200] {python.py:240} INFO - Done. Returned value was: None
[2024-11-23T18:43:21.873+0200] {taskinstance.py:340} INFO - ::group::Post task execution logs
[2024-11-23T18:43:21.873+0200] {taskinstance.py:352} INFO - Marking task as SUCCESS. dag_id=real_time_patient_data_update, task_id=fetch_new_patient_data, run_id=scheduled__2024-11-23T16:35:00+00:00, execution_date=20241123T163500, start_date=20241123T164321, end_date=20241123T164321
[2024-11-23T18:43:21.883+0200] {logging_mixin.py:190} INFO - Task instance in success state
[2024-11-23T18:43:21.884+0200] {logging_mixin.py:190} INFO -  Previous state of the Task instance: running
[2024-11-23T18:43:21.884+0200] {logging_mixin.py:190} INFO - Dag name:real_time_patient_data_update queued_at:2024-11-23 16:43:10.258264+00:00
[2024-11-23T18:43:21.885+0200] {logging_mixin.py:190} INFO - Task hostname:munyah-ThinkPad-X1-Yoga-1st operator:PythonOperator
[2024-11-23T18:43:21.925+0200] {local_task_job_runner.py:266} INFO - Task exited with return code 0
[2024-11-23T18:43:21.944+0200] {taskinstance.py:3895} INFO - 0 downstream tasks scheduled from follow-on schedule check
[2024-11-23T18:43:21.945+0200] {local_task_job_runner.py:245} INFO - ::endgroup::
