[2025-03-11T22:21:28.922+0200] {local_task_job_runner.py:123} INFO - ::group::Pre task execution logs
[2025-03-11T22:21:28.937+0200] {taskinstance.py:2613} INFO - Dependencies all met for dep_context=non-requeueable deps ti=<TaskInstance: patient-monitoring.add_new_patient manual__2025-03-11T20:21:14.376667+00:00 [queued]>
[2025-03-11T22:21:28.945+0200] {taskinstance.py:2613} INFO - Dependencies all met for dep_context=requeueable deps ti=<TaskInstance: patient-monitoring.add_new_patient manual__2025-03-11T20:21:14.376667+00:00 [queued]>
[2025-03-11T22:21:28.945+0200] {taskinstance.py:2866} INFO - Starting attempt 1 of 2
[2025-03-11T22:21:28.962+0200] {taskinstance.py:2889} INFO - Executing <Task(PythonOperator): add_new_patient> on 2025-03-11 20:21:14.376667+00:00
[2025-03-11T22:21:28.969+0200] {standard_task_runner.py:72} INFO - Started process 106733 to run task
[2025-03-11T22:21:28.974+0200] {standard_task_runner.py:104} INFO - Running: ['airflow', 'tasks', 'run', 'patient-monitoring', 'add_new_patient', 'manual__2025-03-11T20:21:14.376667+00:00', '--job-id', '129', '--raw', '--subdir', 'DAGS_FOLDER/real_time_patient_data_update.py', '--cfg-path', '/tmp/tmp66vffzsb']
[2025-03-11T22:21:28.976+0200] {standard_task_runner.py:105} INFO - Job 129: Subtask add_new_patient
[2025-03-11T22:21:29.022+0200] {task_command.py:467} INFO - Running <TaskInstance: patient-monitoring.add_new_patient manual__2025-03-11T20:21:14.376667+00:00 [running]> on host munyah-ThinkPad-X1-Yoga-1st
[2025-03-11T22:21:29.099+0200] {taskinstance.py:3132} INFO - Exporting env vars: AIRFLOW_CTX_DAG_OWNER='munyah' AIRFLOW_CTX_DAG_ID='patient-monitoring' AIRFLOW_CTX_TASK_ID='add_new_patient' AIRFLOW_CTX_EXECUTION_DATE='2025-03-11T20:21:14.376667+00:00' AIRFLOW_CTX_TRY_NUMBER='1' AIRFLOW_CTX_DAG_RUN_ID='manual__2025-03-11T20:21:14.376667+00:00'
[2025-03-11T22:21:29.100+0200] {logging_mixin.py:190} INFO - Task instance is in running state
[2025-03-11T22:21:29.100+0200] {logging_mixin.py:190} INFO -  Previous state of the Task instance: queued
[2025-03-11T22:21:29.101+0200] {logging_mixin.py:190} INFO - Current task name:add_new_patient state:running start_date:2025-03-11 20:21:28.938156+00:00
[2025-03-11T22:21:29.101+0200] {logging_mixin.py:190} INFO - Dag name:patient-monitoring and current dag run status:running
[2025-03-11T22:21:29.102+0200] {taskinstance.py:731} INFO - ::endgroup::
[2025-03-11T22:21:29.126+0200] {real_time_patient_data_update.py:80} INFO - New Patient Added: {
  "Patient_ID": "PAT-00079",
  "Age": 47,
  "Gender": "Male",
  "Height": 111.65,
  "Weight": 33.52,
  "Temperature": 37.0,
  "Blood_Pressure": "127/68",
  "Cholesterol_Level": "Borderline",
  "Blood_Sugar_Level": 285,
  "Heart_Rate": 84,
  "BMI": 28.1,
  "Previous_Medical_History": "No significant history",
  "Comorbidities": "None",
  "Smoking_Status": "Yes",
  "Alcohol_Consumption": "No",
  "Physical_Activity": "High",
  "Last_Visit_Date": "2024-10-17",
  "Genomic_Info": "Normal",
  "Diagnosis": "No specific diagnosis",
  "Hospitalization": "Yes"
}
[2025-03-11T22:21:29.126+0200] {real_time_patient_data_update.py:81} INFO - Total Patients After Addition: 85
[2025-03-11T22:21:29.132+0200] {base.py:84} INFO - Retrieving connection 'patients_data'
[2025-03-11T22:21:29.145+0200] {real_time_patient_data_update.py:92} INFO - New patient PAT-00079 added to the database successfully.
[2025-03-11T22:21:29.146+0200] {python.py:240} INFO - Done. Returned value was: None
[2025-03-11T22:21:29.152+0200] {taskinstance.py:340} INFO - ::group::Post task execution logs
[2025-03-11T22:21:29.153+0200] {taskinstance.py:352} INFO - Marking task as SUCCESS. dag_id=patient-monitoring, task_id=add_new_patient, run_id=manual__2025-03-11T20:21:14.376667+00:00, execution_date=20250311T202114, start_date=20250311T202128, end_date=20250311T202129
[2025-03-11T22:21:29.168+0200] {logging_mixin.py:190} INFO - Task instance in success state
[2025-03-11T22:21:29.169+0200] {logging_mixin.py:190} INFO -  Previous state of the Task instance: running
[2025-03-11T22:21:29.170+0200] {logging_mixin.py:190} INFO - Dag name:patient-monitoring queued_at:2025-03-11 20:21:14.441534+00:00
[2025-03-11T22:21:29.170+0200] {logging_mixin.py:190} INFO - Task hostname:munyah-ThinkPad-X1-Yoga-1st operator:PythonOperator
[2025-03-11T22:21:29.190+0200] {local_task_job_runner.py:266} INFO - Task exited with return code 0
[2025-03-11T22:21:29.209+0200] {taskinstance.py:3895} INFO - 0 downstream tasks scheduled from follow-on schedule check
[2025-03-11T22:21:29.210+0200] {local_task_job_runner.py:245} INFO - ::endgroup::
