[2025-03-10T21:15:04.946+0200] {local_task_job_runner.py:123} INFO - ::group::Pre task execution logs
[2025-03-10T21:15:04.965+0200] {taskinstance.py:2613} INFO - Dependencies all met for dep_context=non-requeueable deps ti=<TaskInstance: patient-monitoring.fetch_existing_patients scheduled__2025-03-10T19:14:00+00:00 [queued]>
[2025-03-10T21:15:04.974+0200] {taskinstance.py:2613} INFO - Dependencies all met for dep_context=requeueable deps ti=<TaskInstance: patient-monitoring.fetch_existing_patients scheduled__2025-03-10T19:14:00+00:00 [queued]>
[2025-03-10T21:15:04.975+0200] {taskinstance.py:2866} INFO - Starting attempt 1 of 2
[2025-03-10T21:15:04.996+0200] {taskinstance.py:2889} INFO - Executing <Task(PythonOperator): fetch_existing_patients> on 2025-03-10 19:14:00+00:00
[2025-03-10T21:15:05.006+0200] {standard_task_runner.py:72} INFO - Started process 29015 to run task
[2025-03-10T21:15:05.014+0200] {standard_task_runner.py:104} INFO - Running: ['airflow', 'tasks', 'run', 'patient-monitoring', 'fetch_existing_patients', 'scheduled__2025-03-10T19:14:00+00:00', '--job-id', '97', '--raw', '--subdir', 'DAGS_FOLDER/real_time_patient_data_update.py', '--cfg-path', '/tmp/tmprlytcvzg']
[2025-03-10T21:15:05.016+0200] {standard_task_runner.py:105} INFO - Job 97: Subtask fetch_existing_patients
[2025-03-10T21:15:05.075+0200] {task_command.py:467} INFO - Running <TaskInstance: patient-monitoring.fetch_existing_patients scheduled__2025-03-10T19:14:00+00:00 [running]> on host munyah-ThinkPad-X1-Yoga-1st
[2025-03-10T21:15:05.169+0200] {taskinstance.py:3132} INFO - Exporting env vars: AIRFLOW_CTX_DAG_OWNER='munyah' AIRFLOW_CTX_DAG_ID='patient-monitoring' AIRFLOW_CTX_TASK_ID='fetch_existing_patients' AIRFLOW_CTX_EXECUTION_DATE='2025-03-10T19:14:00+00:00' AIRFLOW_CTX_TRY_NUMBER='1' AIRFLOW_CTX_DAG_RUN_ID='scheduled__2025-03-10T19:14:00+00:00'
[2025-03-10T21:15:05.170+0200] {logging_mixin.py:190} INFO - Task instance is in running state
[2025-03-10T21:15:05.171+0200] {logging_mixin.py:190} INFO -  Previous state of the Task instance: queued
[2025-03-10T21:15:05.171+0200] {logging_mixin.py:190} INFO - Current task name:fetch_existing_patients state:running start_date:2025-03-10 19:15:04.965793+00:00
[2025-03-10T21:15:05.172+0200] {logging_mixin.py:190} INFO - Dag name:patient-monitoring and current dag run status:running
[2025-03-10T21:15:05.172+0200] {taskinstance.py:731} INFO - ::endgroup::
[2025-03-10T21:15:05.180+0200] {base.py:84} INFO - Retrieving connection 'patients_data'
[2025-03-10T21:15:05.185+0200] {http.py:248} WARNING - HTTPConnectionPool(host='127.0.0.1', port=5000): Max retries exceeded with url: /api/patient-data (Caused by NewConnectionError('<urllib3.connection.HTTPConnection object at 0x75b80024a4d0>: Failed to establish a new connection: [Errno 111] Connection refused')) Tenacity will retry to execute the operation
[2025-03-10T21:15:05.186+0200] {real_time_patient_data_update.py:25} ERROR - Patient fetch error: HTTPConnectionPool(host='127.0.0.1', port=5000): Max retries exceeded with url: /api/patient-data (Caused by NewConnectionError('<urllib3.connection.HTTPConnection object at 0x75b80024a4d0>: Failed to establish a new connection: [Errno 111] Connection refused'))
[2025-03-10T21:15:05.196+0200] {python.py:240} INFO - Done. Returned value was: None
[2025-03-10T21:15:05.202+0200] {taskinstance.py:340} INFO - ::group::Post task execution logs
[2025-03-10T21:15:05.202+0200] {taskinstance.py:352} INFO - Marking task as SUCCESS. dag_id=patient-monitoring, task_id=fetch_existing_patients, run_id=scheduled__2025-03-10T19:14:00+00:00, execution_date=20250310T191400, start_date=20250310T191504, end_date=20250310T191505
[2025-03-10T21:15:05.212+0200] {logging_mixin.py:190} INFO - Task instance in success state
[2025-03-10T21:15:05.213+0200] {logging_mixin.py:190} INFO -  Previous state of the Task instance: running
[2025-03-10T21:15:05.213+0200] {logging_mixin.py:190} INFO - Dag name:patient-monitoring queued_at:2025-03-10 19:15:01.849522+00:00
[2025-03-10T21:15:05.213+0200] {logging_mixin.py:190} INFO - Task hostname:munyah-ThinkPad-X1-Yoga-1st operator:PythonOperator
[2025-03-10T21:15:05.228+0200] {local_task_job_runner.py:266} INFO - Task exited with return code 0
[2025-03-10T21:15:05.260+0200] {taskinstance.py:3895} INFO - 1 downstream tasks scheduled from follow-on schedule check
[2025-03-10T21:15:05.262+0200] {local_task_job_runner.py:245} INFO - ::endgroup::
