[2024-11-23T18:25:04.904+0200] {local_task_job_runner.py:123} INFO - ::group::Pre task execution logs
[2024-11-23T18:25:04.920+0200] {taskinstance.py:2613} INFO - Dependencies all met for dep_context=non-requeueable deps ti=<TaskInstance: real_time_patient_data_update.fetch_all_patient_data scheduled__2024-11-23T16:20:00+00:00 [queued]>
[2024-11-23T18:25:04.927+0200] {taskinstance.py:2613} INFO - Dependencies all met for dep_context=requeueable deps ti=<TaskInstance: real_time_patient_data_update.fetch_all_patient_data scheduled__2024-11-23T16:20:00+00:00 [queued]>
[2024-11-23T18:25:04.928+0200] {taskinstance.py:2866} INFO - Starting attempt 1 of 2
[2024-11-23T18:25:04.945+0200] {taskinstance.py:2889} INFO - Executing <Task(PythonOperator): fetch_all_patient_data> on 2024-11-23 16:20:00+00:00
[2024-11-23T18:25:04.953+0200] {standard_task_runner.py:72} INFO - Started process 395154 to run task
[2024-11-23T18:25:04.959+0200] {standard_task_runner.py:104} INFO - Running: ['airflow', 'tasks', 'run', 'real_time_patient_data_update', 'fetch_all_patient_data', 'scheduled__2024-11-23T16:20:00+00:00', '--job-id', '6', '--raw', '--subdir', 'DAGS_FOLDER/real_time_patient_data_update.py', '--cfg-path', '/tmp/tmpbrewt_ks']
[2024-11-23T18:25:04.961+0200] {standard_task_runner.py:105} INFO - Job 6: Subtask fetch_all_patient_data
[2024-11-23T18:25:05.003+0200] {task_command.py:467} INFO - Running <TaskInstance: real_time_patient_data_update.fetch_all_patient_data scheduled__2024-11-23T16:20:00+00:00 [running]> on host munyah-ThinkPad-X1-Yoga-1st
[2024-11-23T18:25:05.094+0200] {taskinstance.py:3132} INFO - Exporting env vars: AIRFLOW_CTX_DAG_OWNER='airflow' AIRFLOW_CTX_DAG_ID='real_time_patient_data_update' AIRFLOW_CTX_TASK_ID='fetch_all_patient_data' AIRFLOW_CTX_EXECUTION_DATE='2024-11-23T16:20:00+00:00' AIRFLOW_CTX_TRY_NUMBER='1' AIRFLOW_CTX_DAG_RUN_ID='scheduled__2024-11-23T16:20:00+00:00'
[2024-11-23T18:25:05.098+0200] {logging_mixin.py:190} INFO - Task instance is in running state
[2024-11-23T18:25:05.099+0200] {logging_mixin.py:190} INFO -  Previous state of the Task instance: queued
[2024-11-23T18:25:05.099+0200] {logging_mixin.py:190} INFO - Current task name:fetch_all_patient_data state:running start_date:2024-11-23 16:25:04.921184+00:00
[2024-11-23T18:25:05.099+0200] {logging_mixin.py:190} INFO - Dag name:real_time_patient_data_update and current dag run status:running
[2024-11-23T18:25:05.100+0200] {taskinstance.py:731} INFO - ::endgroup::
[2024-11-23T18:25:05.109+0200] {base.py:84} INFO - Retrieving connection 'patients_data'
[2024-11-23T18:25:05.136+0200] {python.py:240} INFO - Done. Returned value was: None
[2024-11-23T18:25:05.144+0200] {taskinstance.py:340} INFO - ::group::Post task execution logs
[2024-11-23T18:25:05.146+0200] {taskinstance.py:352} INFO - Marking task as SUCCESS. dag_id=real_time_patient_data_update, task_id=fetch_all_patient_data, run_id=scheduled__2024-11-23T16:20:00+00:00, execution_date=20241123T162000, start_date=20241123T162504, end_date=20241123T162505
[2024-11-23T18:25:05.166+0200] {logging_mixin.py:190} INFO - Task instance in success state
[2024-11-23T18:25:05.166+0200] {logging_mixin.py:190} INFO -  Previous state of the Task instance: running
[2024-11-23T18:25:05.167+0200] {logging_mixin.py:190} INFO - Dag name:real_time_patient_data_update queued_at:2024-11-23 16:25:01.960975+00:00
[2024-11-23T18:25:05.167+0200] {logging_mixin.py:190} INFO - Task hostname:munyah-ThinkPad-X1-Yoga-1st operator:PythonOperator
[2024-11-23T18:25:05.213+0200] {local_task_job_runner.py:266} INFO - Task exited with return code 0
[2024-11-23T18:25:05.259+0200] {taskinstance.py:3895} INFO - 1 downstream tasks scheduled from follow-on schedule check
[2024-11-23T18:25:05.265+0200] {local_task_job_runner.py:245} INFO - ::endgroup::
