[2024-11-23T19:20:04.359+0200] {local_task_job_runner.py:123} INFO - ::group::Pre task execution logs
[2024-11-23T19:20:04.373+0200] {taskinstance.py:2613} INFO - Dependencies all met for dep_context=non-requeueable deps ti=<TaskInstance: real_time_patient_data.fetch_all_patient_data scheduled__2024-11-23T17:15:00+00:00 [queued]>
[2024-11-23T19:20:04.382+0200] {taskinstance.py:2613} INFO - Dependencies all met for dep_context=requeueable deps ti=<TaskInstance: real_time_patient_data.fetch_all_patient_data scheduled__2024-11-23T17:15:00+00:00 [queued]>
[2024-11-23T19:20:04.382+0200] {taskinstance.py:2866} INFO - Starting attempt 1 of 2
[2024-11-23T19:20:04.399+0200] {taskinstance.py:2889} INFO - Executing <Task(PythonOperator): fetch_all_patient_data> on 2024-11-23 17:15:00+00:00
[2024-11-23T19:20:04.406+0200] {standard_task_runner.py:72} INFO - Started process 407135 to run task
[2024-11-23T19:20:04.411+0200] {standard_task_runner.py:104} INFO - Running: ['airflow', 'tasks', 'run', 'real_time_patient_data', 'fetch_all_patient_data', 'scheduled__2024-11-23T17:15:00+00:00', '--job-id', '6', '--raw', '--subdir', 'DAGS_FOLDER/real_time_patient_data_update.py', '--cfg-path', '/tmp/tmpad52maal']
[2024-11-23T19:20:04.412+0200] {standard_task_runner.py:105} INFO - Job 6: Subtask fetch_all_patient_data
[2024-11-23T19:20:04.460+0200] {task_command.py:467} INFO - Running <TaskInstance: real_time_patient_data.fetch_all_patient_data scheduled__2024-11-23T17:15:00+00:00 [running]> on host munyah-ThinkPad-X1-Yoga-1st
[2024-11-23T19:20:04.529+0200] {taskinstance.py:3132} INFO - Exporting env vars: AIRFLOW_CTX_DAG_OWNER='airflow' AIRFLOW_CTX_DAG_ID='real_time_patient_data' AIRFLOW_CTX_TASK_ID='fetch_all_patient_data' AIRFLOW_CTX_EXECUTION_DATE='2024-11-23T17:15:00+00:00' AIRFLOW_CTX_TRY_NUMBER='1' AIRFLOW_CTX_DAG_RUN_ID='scheduled__2024-11-23T17:15:00+00:00'
[2024-11-23T19:20:04.531+0200] {logging_mixin.py:190} INFO - Task instance is in running state
[2024-11-23T19:20:04.531+0200] {logging_mixin.py:190} INFO -  Previous state of the Task instance: queued
[2024-11-23T19:20:04.532+0200] {logging_mixin.py:190} INFO - Current task name:fetch_all_patient_data state:running start_date:2024-11-23 17:20:04.373701+00:00
[2024-11-23T19:20:04.532+0200] {logging_mixin.py:190} INFO - Dag name:real_time_patient_data and current dag run status:running
[2024-11-23T19:20:04.532+0200] {taskinstance.py:731} INFO - ::endgroup::
[2024-11-23T19:20:04.541+0200] {base.py:84} INFO - Retrieving connection 'patients_data'
[2024-11-23T19:20:04.563+0200] {logging_mixin.py:190} INFO - Initial dataset fetched: 50 records.
[2024-11-23T19:20:04.577+0200] {python.py:240} INFO - Done. Returned value was: None
[2024-11-23T19:20:04.584+0200] {taskinstance.py:340} INFO - ::group::Post task execution logs
[2024-11-23T19:20:04.586+0200] {taskinstance.py:352} INFO - Marking task as SUCCESS. dag_id=real_time_patient_data, task_id=fetch_all_patient_data, run_id=scheduled__2024-11-23T17:15:00+00:00, execution_date=20241123T171500, start_date=20241123T172004, end_date=20241123T172004
[2024-11-23T19:20:04.600+0200] {logging_mixin.py:190} INFO - Task instance in success state
[2024-11-23T19:20:04.600+0200] {logging_mixin.py:190} INFO -  Previous state of the Task instance: running
[2024-11-23T19:20:04.601+0200] {logging_mixin.py:190} INFO - Dag name:real_time_patient_data queued_at:2024-11-23 17:20:01.455630+00:00
[2024-11-23T19:20:04.601+0200] {logging_mixin.py:190} INFO - Task hostname:munyah-ThinkPad-X1-Yoga-1st operator:PythonOperator
[2024-11-23T19:20:04.623+0200] {local_task_job_runner.py:266} INFO - Task exited with return code 0
[2024-11-23T19:20:04.647+0200] {taskinstance.py:3895} INFO - 1 downstream tasks scheduled from follow-on schedule check
[2024-11-23T19:20:04.651+0200] {local_task_job_runner.py:245} INFO - ::endgroup::
[2024-11-23T19:24:17.187+0200] {local_task_job_runner.py:123} INFO - ::group::Pre task execution logs
[2024-11-23T19:24:17.207+0200] {taskinstance.py:2613} INFO - Dependencies all met for dep_context=non-requeueable deps ti=<TaskInstance: real_time_patient_data.fetch_all_patient_data scheduled__2024-11-23T17:15:00+00:00 [queued]>
[2024-11-23T19:24:17.222+0200] {taskinstance.py:2613} INFO - Dependencies all met for dep_context=requeueable deps ti=<TaskInstance: real_time_patient_data.fetch_all_patient_data scheduled__2024-11-23T17:15:00+00:00 [queued]>
[2024-11-23T19:24:17.222+0200] {taskinstance.py:2866} INFO - Starting attempt 1 of 2
[2024-11-23T19:24:17.244+0200] {taskinstance.py:2889} INFO - Executing <Task(PythonOperator): fetch_all_patient_data> on 2024-11-23 17:15:00+00:00
[2024-11-23T19:24:17.252+0200] {standard_task_runner.py:72} INFO - Started process 407925 to run task
[2024-11-23T19:24:17.260+0200] {standard_task_runner.py:104} INFO - Running: ['airflow', 'tasks', 'run', 'real_time_patient_data', 'fetch_all_patient_data', 'scheduled__2024-11-23T17:15:00+00:00', '--job-id', '2', '--raw', '--subdir', 'DAGS_FOLDER/real_time_patient_data_update.py', '--cfg-path', '/tmp/tmpcxd4gfll']
[2024-11-23T19:24:17.263+0200] {standard_task_runner.py:105} INFO - Job 2: Subtask fetch_all_patient_data
[2024-11-23T19:24:17.334+0200] {task_command.py:467} INFO - Running <TaskInstance: real_time_patient_data.fetch_all_patient_data scheduled__2024-11-23T17:15:00+00:00 [running]> on host munyah-ThinkPad-X1-Yoga-1st
[2024-11-23T19:24:17.449+0200] {taskinstance.py:3132} INFO - Exporting env vars: AIRFLOW_CTX_DAG_OWNER='airflow' AIRFLOW_CTX_DAG_ID='real_time_patient_data' AIRFLOW_CTX_TASK_ID='fetch_all_patient_data' AIRFLOW_CTX_EXECUTION_DATE='2024-11-23T17:15:00+00:00' AIRFLOW_CTX_TRY_NUMBER='1' AIRFLOW_CTX_DAG_RUN_ID='scheduled__2024-11-23T17:15:00+00:00'
[2024-11-23T19:24:17.451+0200] {logging_mixin.py:190} INFO - Task instance is in running state
[2024-11-23T19:24:17.453+0200] {logging_mixin.py:190} INFO -  Previous state of the Task instance: queued
[2024-11-23T19:24:17.453+0200] {logging_mixin.py:190} INFO - Current task name:fetch_all_patient_data state:running start_date:2024-11-23 17:24:17.208560+00:00
[2024-11-23T19:24:17.454+0200] {logging_mixin.py:190} INFO - Dag name:real_time_patient_data and current dag run status:running
[2024-11-23T19:24:17.454+0200] {taskinstance.py:731} INFO - ::endgroup::
[2024-11-23T19:24:17.466+0200] {base.py:84} INFO - Retrieving connection 'patients_data'
[2024-11-23T19:24:17.520+0200] {logging_mixin.py:190} INFO - Fetched 50 patients initially.
[2024-11-23T19:24:17.521+0200] {python.py:240} INFO - Done. Returned value was: None
[2024-11-23T19:24:17.532+0200] {taskinstance.py:340} INFO - ::group::Post task execution logs
[2024-11-23T19:24:17.532+0200] {taskinstance.py:352} INFO - Marking task as SUCCESS. dag_id=real_time_patient_data, task_id=fetch_all_patient_data, run_id=scheduled__2024-11-23T17:15:00+00:00, execution_date=20241123T171500, start_date=20241123T172417, end_date=20241123T172417
[2024-11-23T19:24:17.550+0200] {logging_mixin.py:190} INFO - Task instance in success state
[2024-11-23T19:24:17.552+0200] {logging_mixin.py:190} INFO -  Previous state of the Task instance: running
[2024-11-23T19:24:17.552+0200] {logging_mixin.py:190} INFO - Dag name:real_time_patient_data queued_at:2024-11-23 17:24:13.773526+00:00
[2024-11-23T19:24:17.552+0200] {logging_mixin.py:190} INFO - Task hostname:munyah-ThinkPad-X1-Yoga-1st operator:PythonOperator
[2024-11-23T19:24:17.592+0200] {local_task_job_runner.py:266} INFO - Task exited with return code 0
[2024-11-23T19:24:17.640+0200] {taskinstance.py:3895} INFO - 1 downstream tasks scheduled from follow-on schedule check
[2024-11-23T19:24:17.646+0200] {local_task_job_runner.py:245} INFO - ::endgroup::
