[2024-11-24T10:54:26.447+0200] {local_task_job_runner.py:123} INFO - ::group::Pre task execution logs
[2024-11-24T10:54:26.460+0200] {taskinstance.py:2613} INFO - Dependencies all met for dep_context=non-requeueable deps ti=<TaskInstance: real_time_patient_data.add_new_patient manual__2024-11-24T08:54:10.861464+00:00 [queued]>
[2024-11-24T10:54:26.467+0200] {taskinstance.py:2613} INFO - Dependencies all met for dep_context=requeueable deps ti=<TaskInstance: real_time_patient_data.add_new_patient manual__2024-11-24T08:54:10.861464+00:00 [queued]>
[2024-11-24T10:54:26.468+0200] {taskinstance.py:2866} INFO - Starting attempt 1 of 2
[2024-11-24T10:54:26.484+0200] {taskinstance.py:2889} INFO - Executing <Task(PythonOperator): add_new_patient> on 2024-11-24 08:54:10.861464+00:00
[2024-11-24T10:54:26.491+0200] {standard_task_runner.py:72} INFO - Started process 441700 to run task
[2024-11-24T10:54:26.495+0200] {standard_task_runner.py:104} INFO - Running: ['airflow', 'tasks', 'run', 'real_time_patient_data', 'add_new_patient', 'manual__2024-11-24T08:54:10.861464+00:00', '--job-id', '5', '--raw', '--subdir', 'DAGS_FOLDER/real_time_patient_data_update.py', '--cfg-path', '/tmp/tmp2hbqvxqz']
[2024-11-24T10:54:26.497+0200] {standard_task_runner.py:105} INFO - Job 5: Subtask add_new_patient
[2024-11-24T10:54:26.537+0200] {task_command.py:467} INFO - Running <TaskInstance: real_time_patient_data.add_new_patient manual__2024-11-24T08:54:10.861464+00:00 [running]> on host munyah-ThinkPad-X1-Yoga-1st
[2024-11-24T10:54:26.599+0200] {taskinstance.py:3132} INFO - Exporting env vars: AIRFLOW_CTX_DAG_OWNER='airflow' AIRFLOW_CTX_DAG_ID='real_time_patient_data' AIRFLOW_CTX_TASK_ID='add_new_patient' AIRFLOW_CTX_EXECUTION_DATE='2024-11-24T08:54:10.861464+00:00' AIRFLOW_CTX_TRY_NUMBER='1' AIRFLOW_CTX_DAG_RUN_ID='manual__2024-11-24T08:54:10.861464+00:00'
[2024-11-24T10:54:26.601+0200] {logging_mixin.py:190} INFO - Task instance is in running state
[2024-11-24T10:54:26.601+0200] {logging_mixin.py:190} INFO -  Previous state of the Task instance: queued
[2024-11-24T10:54:26.601+0200] {logging_mixin.py:190} INFO - Current task name:add_new_patient state:running start_date:2024-11-24 08:54:26.460797+00:00
[2024-11-24T10:54:26.601+0200] {logging_mixin.py:190} INFO - Dag name:real_time_patient_data and current dag run status:running
[2024-11-24T10:54:26.602+0200] {taskinstance.py:731} INFO - ::endgroup::
[2024-11-24T10:54:26.617+0200] {logging_mixin.py:190} INFO - New Patient Added: {'Patient_ID': 'PAT-00051', 'Age': 120, 'Gender': 'Male', 'Height': 160.09, 'Weight': 83.83, 'Temperature': 36.9, 'Blood_Pressure': '94/85', 'Cholesterol_Level': 'High', 'Blood_Sugar_Level': 184, 'Heart_Rate': 55, 'BMI': 31.21, 'Previous_Medical_History': 'No significant history', 'Comorbidities': 'None', 'Smoking_Status': 'Yes', 'Alcohol_Consumption': 'Yes', 'Physical_Activity': 'Moderate', 'Last_Visit_Date': '2024-11-16', 'Genomic_Info': 'High Risk', 'Diagnosis': 'No specific diagnosis', 'Hospitalization': 'No'}
[2024-11-24T10:54:26.617+0200] {python.py:240} INFO - Done. Returned value was: None
[2024-11-24T10:54:26.624+0200] {taskinstance.py:340} INFO - ::group::Post task execution logs
[2024-11-24T10:54:26.624+0200] {taskinstance.py:352} INFO - Marking task as SUCCESS. dag_id=real_time_patient_data, task_id=add_new_patient, run_id=manual__2024-11-24T08:54:10.861464+00:00, execution_date=20241124T085410, start_date=20241124T085426, end_date=20241124T085426
[2024-11-24T10:54:26.633+0200] {logging_mixin.py:190} INFO - Task instance in success state
[2024-11-24T10:54:26.633+0200] {logging_mixin.py:190} INFO -  Previous state of the Task instance: running
[2024-11-24T10:54:26.633+0200] {logging_mixin.py:190} INFO - Dag name:real_time_patient_data queued_at:2024-11-24 08:54:10.878521+00:00
[2024-11-24T10:54:26.634+0200] {logging_mixin.py:190} INFO - Task hostname:munyah-ThinkPad-X1-Yoga-1st operator:PythonOperator
[2024-11-24T10:54:26.668+0200] {local_task_job_runner.py:266} INFO - Task exited with return code 0
[2024-11-24T10:54:26.709+0200] {taskinstance.py:3895} INFO - 1 downstream tasks scheduled from follow-on schedule check
[2024-11-24T10:54:26.712+0200] {local_task_job_runner.py:245} INFO - ::endgroup::
