[2024-11-26T13:06:03.907+0200] {local_task_job_runner.py:123} INFO - ::group::Pre task execution logs
[2024-11-26T13:06:03.918+0200] {taskinstance.py:2613} INFO - Dependencies all met for dep_context=non-requeueable deps ti=<TaskInstance: continuous_patient_data_generation.fetch_existing_patients scheduled__2024-11-26T11:05:00+00:00 [queued]>
[2024-11-26T13:06:03.924+0200] {taskinstance.py:2613} INFO - Dependencies all met for dep_context=requeueable deps ti=<TaskInstance: continuous_patient_data_generation.fetch_existing_patients scheduled__2024-11-26T11:05:00+00:00 [queued]>
[2024-11-26T13:06:03.925+0200] {taskinstance.py:2866} INFO - Starting attempt 1 of 2
[2024-11-26T13:06:03.939+0200] {taskinstance.py:2889} INFO - Executing <Task(PythonOperator): fetch_existing_patients> on 2024-11-26 11:05:00+00:00
[2024-11-26T13:06:03.945+0200] {standard_task_runner.py:72} INFO - Started process 718616 to run task
[2024-11-26T13:06:03.949+0200] {standard_task_runner.py:104} INFO - Running: ['airflow', 'tasks', 'run', 'continuous_patient_data_generation', 'fetch_existing_patients', 'scheduled__2024-11-26T11:05:00+00:00', '--job-id', '1730', '--raw', '--subdir', 'DAGS_FOLDER/real_time_patient_data_update.py', '--cfg-path', '/tmp/tmp5ywelvml']
[2024-11-26T13:06:03.950+0200] {standard_task_runner.py:105} INFO - Job 1730: Subtask fetch_existing_patients
[2024-11-26T13:06:03.992+0200] {task_command.py:467} INFO - Running <TaskInstance: continuous_patient_data_generation.fetch_existing_patients scheduled__2024-11-26T11:05:00+00:00 [running]> on host munyah-ThinkPad-X1-Yoga-1st
[2024-11-26T13:06:04.063+0200] {taskinstance.py:3132} INFO - Exporting env vars: AIRFLOW_CTX_DAG_OWNER='munyah' AIRFLOW_CTX_DAG_ID='continuous_patient_data_generation' AIRFLOW_CTX_TASK_ID='fetch_existing_patients' AIRFLOW_CTX_EXECUTION_DATE='2024-11-26T11:05:00+00:00' AIRFLOW_CTX_TRY_NUMBER='1' AIRFLOW_CTX_DAG_RUN_ID='scheduled__2024-11-26T11:05:00+00:00'
[2024-11-26T13:06:04.064+0200] {logging_mixin.py:190} INFO - Task instance is in running state
[2024-11-26T13:06:04.065+0200] {logging_mixin.py:190} INFO -  Previous state of the Task instance: queued
[2024-11-26T13:06:04.065+0200] {logging_mixin.py:190} INFO - Current task name:fetch_existing_patients state:running start_date:2024-11-26 11:06:03.918590+00:00
[2024-11-26T13:06:04.066+0200] {logging_mixin.py:190} INFO - Dag name:continuous_patient_data_generation and current dag run status:running
[2024-11-26T13:06:04.066+0200] {taskinstance.py:731} INFO - ::endgroup::
[2024-11-26T13:06:04.073+0200] {base.py:84} INFO - Retrieving connection 'patients_data'
[2024-11-26T13:06:04.077+0200] {http.py:248} WARNING - HTTPConnectionPool(host='127.0.0.1', port=5000): Max retries exceeded with url: /api/patient-data (Caused by NewConnectionError('<urllib3.connection.HTTPConnection object at 0x797a29795f60>: Failed to establish a new connection: [Errno 111] Connection refused')) Tenacity will retry to execute the operation
[2024-11-26T13:06:04.078+0200] {real_time_patient_data_update.py:50} ERROR - Exception during API fetch: HTTPConnectionPool(host='127.0.0.1', port=5000): Max retries exceeded with url: /api/patient-data (Caused by NewConnectionError('<urllib3.connection.HTTPConnection object at 0x797a29795f60>: Failed to establish a new connection: [Errno 111] Connection refused'))
[2024-11-26T13:06:04.087+0200] {python.py:240} INFO - Done. Returned value was: None
[2024-11-26T13:06:04.092+0200] {taskinstance.py:340} INFO - ::group::Post task execution logs
[2024-11-26T13:06:04.092+0200] {taskinstance.py:352} INFO - Marking task as SUCCESS. dag_id=continuous_patient_data_generation, task_id=fetch_existing_patients, run_id=scheduled__2024-11-26T11:05:00+00:00, execution_date=20241126T110500, start_date=20241126T110603, end_date=20241126T110604
[2024-11-26T13:06:04.101+0200] {logging_mixin.py:190} INFO - Task instance in success state
[2024-11-26T13:06:04.102+0200] {logging_mixin.py:190} INFO -  Previous state of the Task instance: running
[2024-11-26T13:06:04.102+0200] {logging_mixin.py:190} INFO - Dag name:continuous_patient_data_generation queued_at:2024-11-26 11:06:01.211062+00:00
[2024-11-26T13:06:04.103+0200] {logging_mixin.py:190} INFO - Task hostname:munyah-ThinkPad-X1-Yoga-1st operator:PythonOperator
[2024-11-26T13:06:04.121+0200] {local_task_job_runner.py:266} INFO - Task exited with return code 0
[2024-11-26T13:06:04.142+0200] {taskinstance.py:3895} INFO - 1 downstream tasks scheduled from follow-on schedule check
[2024-11-26T13:06:04.145+0200] {local_task_job_runner.py:245} INFO - ::endgroup::
