[2024-11-23T18:55:05.173+0200] {local_task_job_runner.py:123} INFO - ::group::Pre task execution logs
[2024-11-23T18:55:05.189+0200] {taskinstance.py:2613} INFO - Dependencies all met for dep_context=non-requeueable deps ti=<TaskInstance: real_time_patient_data_update.fetch_all_patient_data scheduled__2024-11-23T16:50:00+00:00 [queued]>
[2024-11-23T18:55:05.199+0200] {taskinstance.py:2613} INFO - Dependencies all met for dep_context=requeueable deps ti=<TaskInstance: real_time_patient_data_update.fetch_all_patient_data scheduled__2024-11-23T16:50:00+00:00 [queued]>
[2024-11-23T18:55:05.199+0200] {taskinstance.py:2866} INFO - Starting attempt 1 of 2
[2024-11-23T18:55:05.218+0200] {taskinstance.py:2889} INFO - Executing <Task(PythonOperator): fetch_all_patient_data> on 2024-11-23 16:50:00+00:00
[2024-11-23T18:55:05.226+0200] {standard_task_runner.py:72} INFO - Started process 402029 to run task
[2024-11-23T18:55:05.233+0200] {standard_task_runner.py:104} INFO - Running: ['airflow', 'tasks', 'run', 'real_time_patient_data_update', 'fetch_all_patient_data', 'scheduled__2024-11-23T16:50:00+00:00', '--job-id', '6', '--raw', '--subdir', 'DAGS_FOLDER/real_time_patient_data_update.py', '--cfg-path', '/tmp/tmpu3spnwlp']
[2024-11-23T18:55:05.235+0200] {standard_task_runner.py:105} INFO - Job 6: Subtask fetch_all_patient_data
[2024-11-23T18:55:05.282+0200] {task_command.py:467} INFO - Running <TaskInstance: real_time_patient_data_update.fetch_all_patient_data scheduled__2024-11-23T16:50:00+00:00 [running]> on host munyah-ThinkPad-X1-Yoga-1st
[2024-11-23T18:55:05.369+0200] {taskinstance.py:3132} INFO - Exporting env vars: AIRFLOW_CTX_DAG_OWNER='airflow' AIRFLOW_CTX_DAG_ID='real_time_patient_data_update' AIRFLOW_CTX_TASK_ID='fetch_all_patient_data' AIRFLOW_CTX_EXECUTION_DATE='2024-11-23T16:50:00+00:00' AIRFLOW_CTX_TRY_NUMBER='1' AIRFLOW_CTX_DAG_RUN_ID='scheduled__2024-11-23T16:50:00+00:00'
[2024-11-23T18:55:05.370+0200] {logging_mixin.py:190} INFO - Task instance is in running state
[2024-11-23T18:55:05.370+0200] {logging_mixin.py:190} INFO -  Previous state of the Task instance: queued
[2024-11-23T18:55:05.370+0200] {logging_mixin.py:190} INFO - Current task name:fetch_all_patient_data state:running start_date:2024-11-23 16:55:05.190225+00:00
[2024-11-23T18:55:05.371+0200] {logging_mixin.py:190} INFO - Dag name:real_time_patient_data_update and current dag run status:running
[2024-11-23T18:55:05.371+0200] {taskinstance.py:731} INFO - ::endgroup::
[2024-11-23T18:55:05.380+0200] {base.py:84} INFO - Retrieving connection 'patients_data'
[2024-11-23T18:55:05.423+0200] {python.py:240} INFO - Done. Returned value was: None
[2024-11-23T18:55:05.436+0200] {taskinstance.py:340} INFO - ::group::Post task execution logs
[2024-11-23T18:55:05.437+0200] {taskinstance.py:352} INFO - Marking task as SUCCESS. dag_id=real_time_patient_data_update, task_id=fetch_all_patient_data, run_id=scheduled__2024-11-23T16:50:00+00:00, execution_date=20241123T165000, start_date=20241123T165505, end_date=20241123T165505
[2024-11-23T18:55:05.454+0200] {logging_mixin.py:190} INFO - Task instance in success state
[2024-11-23T18:55:05.455+0200] {logging_mixin.py:190} INFO -  Previous state of the Task instance: running
[2024-11-23T18:55:05.455+0200] {logging_mixin.py:190} INFO - Dag name:real_time_patient_data_update queued_at:2024-11-23 16:55:01.669141+00:00
[2024-11-23T18:55:05.456+0200] {logging_mixin.py:190} INFO - Task hostname:munyah-ThinkPad-X1-Yoga-1st operator:PythonOperator
[2024-11-23T18:55:05.489+0200] {local_task_job_runner.py:266} INFO - Task exited with return code 0
[2024-11-23T18:55:05.521+0200] {taskinstance.py:3895} INFO - 1 downstream tasks scheduled from follow-on schedule check
[2024-11-23T18:55:05.526+0200] {local_task_job_runner.py:245} INFO - ::endgroup::
[2024-11-23T18:59:34.683+0200] {local_task_job_runner.py:123} INFO - ::group::Pre task execution logs
[2024-11-23T18:59:34.697+0200] {taskinstance.py:2613} INFO - Dependencies all met for dep_context=non-requeueable deps ti=<TaskInstance: real_time_patient_data_update.fetch_all_patient_data scheduled__2024-11-23T16:50:00+00:00 [queued]>
[2024-11-23T18:59:34.707+0200] {taskinstance.py:2613} INFO - Dependencies all met for dep_context=requeueable deps ti=<TaskInstance: real_time_patient_data_update.fetch_all_patient_data scheduled__2024-11-23T16:50:00+00:00 [queued]>
[2024-11-23T18:59:34.708+0200] {taskinstance.py:2866} INFO - Starting attempt 1 of 2
[2024-11-23T18:59:34.721+0200] {taskinstance.py:2889} INFO - Executing <Task(PythonOperator): fetch_all_patient_data> on 2024-11-23 16:50:00+00:00
[2024-11-23T18:59:34.729+0200] {standard_task_runner.py:72} INFO - Started process 402926 to run task
[2024-11-23T18:59:34.734+0200] {standard_task_runner.py:104} INFO - Running: ['airflow', 'tasks', 'run', 'real_time_patient_data_update', 'fetch_all_patient_data', 'scheduled__2024-11-23T16:50:00+00:00', '--job-id', '2', '--raw', '--subdir', 'DAGS_FOLDER/real_time_patient_data_update.py', '--cfg-path', '/tmp/tmpnntce4va']
[2024-11-23T18:59:34.735+0200] {standard_task_runner.py:105} INFO - Job 2: Subtask fetch_all_patient_data
[2024-11-23T18:59:34.781+0200] {task_command.py:467} INFO - Running <TaskInstance: real_time_patient_data_update.fetch_all_patient_data scheduled__2024-11-23T16:50:00+00:00 [running]> on host munyah-ThinkPad-X1-Yoga-1st
[2024-11-23T18:59:34.854+0200] {taskinstance.py:3132} INFO - Exporting env vars: AIRFLOW_CTX_DAG_OWNER='airflow' AIRFLOW_CTX_DAG_ID='real_time_patient_data_update' AIRFLOW_CTX_TASK_ID='fetch_all_patient_data' AIRFLOW_CTX_EXECUTION_DATE='2024-11-23T16:50:00+00:00' AIRFLOW_CTX_TRY_NUMBER='1' AIRFLOW_CTX_DAG_RUN_ID='scheduled__2024-11-23T16:50:00+00:00'
[2024-11-23T18:59:34.855+0200] {logging_mixin.py:190} INFO - Task instance is in running state
[2024-11-23T18:59:34.855+0200] {logging_mixin.py:190} INFO -  Previous state of the Task instance: queued
[2024-11-23T18:59:34.856+0200] {logging_mixin.py:190} INFO - Current task name:fetch_all_patient_data state:running start_date:2024-11-23 16:59:34.698178+00:00
[2024-11-23T18:59:34.856+0200] {logging_mixin.py:190} INFO - Dag name:real_time_patient_data_update and current dag run status:running
[2024-11-23T18:59:34.856+0200] {taskinstance.py:731} INFO - ::endgroup::
[2024-11-23T18:59:34.864+0200] {base.py:84} INFO - Retrieving connection 'patients_data'
[2024-11-23T18:59:34.898+0200] {python.py:240} INFO - Done. Returned value was: None
[2024-11-23T18:59:34.906+0200] {taskinstance.py:340} INFO - ::group::Post task execution logs
[2024-11-23T18:59:34.907+0200] {taskinstance.py:352} INFO - Marking task as SUCCESS. dag_id=real_time_patient_data_update, task_id=fetch_all_patient_data, run_id=scheduled__2024-11-23T16:50:00+00:00, execution_date=20241123T165000, start_date=20241123T165934, end_date=20241123T165934
[2024-11-23T18:59:34.923+0200] {logging_mixin.py:190} INFO - Task instance in success state
[2024-11-23T18:59:34.923+0200] {logging_mixin.py:190} INFO -  Previous state of the Task instance: running
[2024-11-23T18:59:34.924+0200] {logging_mixin.py:190} INFO - Dag name:real_time_patient_data_update queued_at:2024-11-23 16:59:31.701859+00:00
[2024-11-23T18:59:34.924+0200] {logging_mixin.py:190} INFO - Task hostname:munyah-ThinkPad-X1-Yoga-1st operator:PythonOperator
[2024-11-23T18:59:34.947+0200] {local_task_job_runner.py:266} INFO - Task exited with return code 0
[2024-11-23T18:59:34.976+0200] {taskinstance.py:3895} INFO - 1 downstream tasks scheduled from follow-on schedule check
[2024-11-23T18:59:34.979+0200] {local_task_job_runner.py:245} INFO - ::endgroup::
