[2025-02-08T15:15:09.245+0200] {local_task_job_runner.py:123} INFO - ::group::Pre task execution logs
[2025-02-08T15:15:09.268+0200] {taskinstance.py:2613} INFO - Dependencies all met for dep_context=non-requeueable deps ti=<TaskInstance: patient-monitoring.add_new_patient scheduled__2025-02-08T13:14:00+00:00 [queued]>
[2025-02-08T15:15:09.281+0200] {taskinstance.py:2613} INFO - Dependencies all met for dep_context=requeueable deps ti=<TaskInstance: patient-monitoring.add_new_patient scheduled__2025-02-08T13:14:00+00:00 [queued]>
[2025-02-08T15:15:09.282+0200] {taskinstance.py:2866} INFO - Starting attempt 1 of 2
[2025-02-08T15:15:09.302+0200] {taskinstance.py:2889} INFO - Executing <Task(PythonOperator): add_new_patient> on 2025-02-08 13:14:00+00:00
[2025-02-08T15:15:09.309+0200] {standard_task_runner.py:72} INFO - Started process 64746 to run task
[2025-02-08T15:15:09.317+0200] {standard_task_runner.py:104} INFO - Running: ['airflow', 'tasks', 'run', 'patient-monitoring', 'add_new_patient', 'scheduled__2025-02-08T13:14:00+00:00', '--job-id', '46', '--raw', '--subdir', 'DAGS_FOLDER/real_time_patient_data_update.py', '--cfg-path', '/tmp/tmpu5vwmzd3']
[2025-02-08T15:15:09.319+0200] {standard_task_runner.py:105} INFO - Job 46: Subtask add_new_patient
[2025-02-08T15:15:09.373+0200] {task_command.py:467} INFO - Running <TaskInstance: patient-monitoring.add_new_patient scheduled__2025-02-08T13:14:00+00:00 [running]> on host munyah-ThinkPad-X1-Yoga-1st
[2025-02-08T15:15:09.457+0200] {taskinstance.py:3132} INFO - Exporting env vars: AIRFLOW_CTX_DAG_OWNER='munyah' AIRFLOW_CTX_DAG_ID='patient-monitoring' AIRFLOW_CTX_TASK_ID='add_new_patient' AIRFLOW_CTX_EXECUTION_DATE='2025-02-08T13:14:00+00:00' AIRFLOW_CTX_TRY_NUMBER='1' AIRFLOW_CTX_DAG_RUN_ID='scheduled__2025-02-08T13:14:00+00:00'
[2025-02-08T15:15:09.458+0200] {logging_mixin.py:190} INFO - Task instance is in running state
[2025-02-08T15:15:09.458+0200] {logging_mixin.py:190} INFO -  Previous state of the Task instance: queued
[2025-02-08T15:15:09.459+0200] {logging_mixin.py:190} INFO - Current task name:add_new_patient state:running start_date:2025-02-08 13:15:09.269577+00:00
[2025-02-08T15:15:09.459+0200] {logging_mixin.py:190} INFO - Dag name:patient-monitoring and current dag run status:running
[2025-02-08T15:15:09.459+0200] {taskinstance.py:731} INFO - ::endgroup::
[2025-02-08T15:15:09.487+0200] {real_time_patient_data_update.py:80} INFO - New Patient Added: {'Patient_ID': 'PAT-00051', 'Age': 92, 'Gender': 'Male', 'Height': 153.98, 'Weight': 108.49, 'Temperature': 37.8, 'Blood_Pressure': '110/79', 'Cholesterol_Level': 'Normal', 'Blood_Sugar_Level': 150, 'Heart_Rate': 82, 'BMI': 46.63, 'Previous_Medical_History': 'No significant history', 'Comorbidities': 'None', 'Smoking_Status': 'No', 'Alcohol_Consumption': 'No', 'Physical_Activity': 'Moderate', 'Last_Visit_Date': '2024-10-05', 'Genomic_Info': 'Mutated', 'Diagnosis': 'No specific diagnosis', 'Hospitalization': 'No'}
[2025-02-08T15:15:09.488+0200] {real_time_patient_data_update.py:81} INFO - Total Patients After Addition: 51
[2025-02-08T15:15:09.495+0200] {base.py:84} INFO - Retrieving connection 'patients_data'
[2025-02-08T15:15:09.502+0200] {http.py:204} ERROR - HTTP error: INTERNAL SERVER ERROR
[2025-02-08T15:15:09.502+0200] {http.py:205} ERROR - {
  "error": "Failed to process the request."
}

[2025-02-08T15:15:09.502+0200] {real_time_patient_data_update.py:94} ERROR - Error while adding patient to the database: 500:INTERNAL SERVER ERROR
[2025-02-08T15:15:09.503+0200] {python.py:240} INFO - Done. Returned value was: None
[2025-02-08T15:15:09.511+0200] {taskinstance.py:340} INFO - ::group::Post task execution logs
[2025-02-08T15:15:09.512+0200] {taskinstance.py:352} INFO - Marking task as SUCCESS. dag_id=patient-monitoring, task_id=add_new_patient, run_id=scheduled__2025-02-08T13:14:00+00:00, execution_date=20250208T131400, start_date=20250208T131509, end_date=20250208T131509
[2025-02-08T15:15:09.535+0200] {logging_mixin.py:190} INFO - Task instance in success state
[2025-02-08T15:15:09.536+0200] {logging_mixin.py:190} INFO -  Previous state of the Task instance: running
[2025-02-08T15:15:09.536+0200] {logging_mixin.py:190} INFO - Dag name:patient-monitoring queued_at:2025-02-08 13:15:01.118161+00:00
[2025-02-08T15:15:09.536+0200] {logging_mixin.py:190} INFO - Task hostname:munyah-ThinkPad-X1-Yoga-1st operator:PythonOperator
[2025-02-08T15:15:09.572+0200] {local_task_job_runner.py:266} INFO - Task exited with return code 0
[2025-02-08T15:15:09.596+0200] {taskinstance.py:3895} INFO - 0 downstream tasks scheduled from follow-on schedule check
[2025-02-08T15:15:09.597+0200] {local_task_job_runner.py:245} INFO - ::endgroup::
