[2024-11-23T20:37:14.983+0200] {local_task_job_runner.py:123} INFO - ::group::Pre task execution logs
[2024-11-23T20:37:14.994+0200] {taskinstance.py:2613} INFO - Dependencies all met for dep_context=non-requeueable deps ti=<TaskInstance: real_time_patient_data.update_patient_data scheduled__2024-11-23T18:30:00+00:00 [queued]>
[2024-11-23T20:37:15.002+0200] {taskinstance.py:2613} INFO - Dependencies all met for dep_context=requeueable deps ti=<TaskInstance: real_time_patient_data.update_patient_data scheduled__2024-11-23T18:30:00+00:00 [queued]>
[2024-11-23T20:37:15.002+0200] {taskinstance.py:2866} INFO - Starting attempt 1 of 2
[2024-11-23T20:37:15.016+0200] {taskinstance.py:2889} INFO - Executing <Task(PythonOperator): update_patient_data> on 2024-11-23 18:30:00+00:00
[2024-11-23T20:37:15.022+0200] {standard_task_runner.py:72} INFO - Started process 413356 to run task
[2024-11-23T20:37:15.026+0200] {standard_task_runner.py:104} INFO - Running: ['airflow', 'tasks', 'run', 'real_time_patient_data', 'update_patient_data', 'scheduled__2024-11-23T18:30:00+00:00', '--job-id', '17', '--raw', '--subdir', 'DAGS_FOLDER/real_time_patient_data_update.py', '--cfg-path', '/tmp/tmp78bfx_o4']
[2024-11-23T20:37:15.027+0200] {standard_task_runner.py:105} INFO - Job 17: Subtask update_patient_data
[2024-11-23T20:37:15.071+0200] {task_command.py:467} INFO - Running <TaskInstance: real_time_patient_data.update_patient_data scheduled__2024-11-23T18:30:00+00:00 [running]> on host munyah-ThinkPad-X1-Yoga-1st
[2024-11-23T20:37:15.137+0200] {taskinstance.py:3132} INFO - Exporting env vars: AIRFLOW_CTX_DAG_OWNER='airflow' AIRFLOW_CTX_DAG_ID='real_time_patient_data' AIRFLOW_CTX_TASK_ID='update_patient_data' AIRFLOW_CTX_EXECUTION_DATE='2024-11-23T18:30:00+00:00' AIRFLOW_CTX_TRY_NUMBER='1' AIRFLOW_CTX_DAG_RUN_ID='scheduled__2024-11-23T18:30:00+00:00'
[2024-11-23T20:37:15.138+0200] {logging_mixin.py:190} INFO - Task instance is in running state
[2024-11-23T20:37:15.138+0200] {logging_mixin.py:190} INFO -  Previous state of the Task instance: queued
[2024-11-23T20:37:15.139+0200] {logging_mixin.py:190} INFO - Current task name:update_patient_data state:running start_date:2024-11-23 18:37:14.995093+00:00
[2024-11-23T20:37:15.139+0200] {logging_mixin.py:190} INFO - Dag name:real_time_patient_data and current dag run status:running
[2024-11-23T20:37:15.139+0200] {taskinstance.py:731} INFO - ::endgroup::
[2024-11-23T20:37:15.156+0200] {logging_mixin.py:190} INFO - New patient added: {'Patient_ID': 'PAT-00051', 'Age': 46, 'Gender': 'Male', 'Height': 117.56, 'Weight': 40.86, 'Temperature': 38.0, 'Blood_Pressure': '91/63', 'Cholesterol_Level': 'Normal', 'Blood_Sugar_Level': 185, 'Heart_Rate': 44, 'BMI': 14.64, 'Previous_Medical_History': 'No significant history', 'Comorbidities': 'None', 'Smoking_Status': 'Yes', 'Alcohol_Consumption': 'No', 'Physical_Activity': 'High', 'Last_Visit_Date': '2023-12-10', 'Genomic_Info': 'Mutated', 'Diagnosis': 'No specific diagnosis', 'Hospitalization': 'Yes'}
[2024-11-23T20:37:15.157+0200] {python.py:240} INFO - Done. Returned value was: None
[2024-11-23T20:37:15.161+0200] {taskinstance.py:340} INFO - ::group::Post task execution logs
[2024-11-23T20:37:15.161+0200] {taskinstance.py:352} INFO - Marking task as SUCCESS. dag_id=real_time_patient_data, task_id=update_patient_data, run_id=scheduled__2024-11-23T18:30:00+00:00, execution_date=20241123T183000, start_date=20241123T183714, end_date=20241123T183715
[2024-11-23T20:37:15.170+0200] {logging_mixin.py:190} INFO - Task instance in success state
[2024-11-23T20:37:15.170+0200] {logging_mixin.py:190} INFO -  Previous state of the Task instance: running
[2024-11-23T20:37:15.171+0200] {logging_mixin.py:190} INFO - Dag name:real_time_patient_data queued_at:2024-11-23 18:37:04.643517+00:00
[2024-11-23T20:37:15.171+0200] {logging_mixin.py:190} INFO - Task hostname:munyah-ThinkPad-X1-Yoga-1st operator:PythonOperator
[2024-11-23T20:37:15.199+0200] {local_task_job_runner.py:266} INFO - Task exited with return code 0
[2024-11-23T20:37:15.212+0200] {taskinstance.py:3895} INFO - 0 downstream tasks scheduled from follow-on schedule check
[2024-11-23T20:37:15.213+0200] {local_task_job_runner.py:245} INFO - ::endgroup::
