[2025-03-18T14:25:23.284+0200] {local_task_job_runner.py:123} INFO - ::group::Pre task execution logs
[2025-03-18T14:25:23.303+0200] {taskinstance.py:2613} INFO - Dependencies all met for dep_context=non-requeueable deps ti=<TaskInstance: patient-monitoring.add_new_patient manual__2025-03-18T12:25:07.164293+00:00 [queued]>
[2025-03-18T14:25:23.310+0200] {taskinstance.py:2613} INFO - Dependencies all met for dep_context=requeueable deps ti=<TaskInstance: patient-monitoring.add_new_patient manual__2025-03-18T12:25:07.164293+00:00 [queued]>
[2025-03-18T14:25:23.310+0200] {taskinstance.py:2866} INFO - Starting attempt 1 of 2
[2025-03-18T14:25:23.324+0200] {taskinstance.py:2889} INFO - Executing <Task(PythonOperator): add_new_patient> on 2025-03-18 12:25:07.164293+00:00
[2025-03-18T14:25:23.332+0200] {standard_task_runner.py:72} INFO - Started process 37365 to run task
[2025-03-18T14:25:23.336+0200] {standard_task_runner.py:104} INFO - Running: ['airflow', 'tasks', 'run', 'patient-monitoring', 'add_new_patient', 'manual__2025-03-18T12:25:07.164293+00:00', '--job-id', '144', '--raw', '--subdir', 'DAGS_FOLDER/real_time_patient_data_update.py', '--cfg-path', '/tmp/tmp1j7b40hb']
[2025-03-18T14:25:23.338+0200] {standard_task_runner.py:105} INFO - Job 144: Subtask add_new_patient
[2025-03-18T14:25:23.379+0200] {task_command.py:467} INFO - Running <TaskInstance: patient-monitoring.add_new_patient manual__2025-03-18T12:25:07.164293+00:00 [running]> on host munyah-ThinkPad-X1-Yoga-1st
[2025-03-18T14:25:23.476+0200] {taskinstance.py:3132} INFO - Exporting env vars: AIRFLOW_CTX_DAG_OWNER='munyah' AIRFLOW_CTX_DAG_ID='patient-monitoring' AIRFLOW_CTX_TASK_ID='add_new_patient' AIRFLOW_CTX_EXECUTION_DATE='2025-03-18T12:25:07.164293+00:00' AIRFLOW_CTX_TRY_NUMBER='1' AIRFLOW_CTX_DAG_RUN_ID='manual__2025-03-18T12:25:07.164293+00:00'
[2025-03-18T14:25:23.477+0200] {logging_mixin.py:190} INFO - Task instance is in running state
[2025-03-18T14:25:23.478+0200] {logging_mixin.py:190} INFO -  Previous state of the Task instance: queued
[2025-03-18T14:25:23.478+0200] {logging_mixin.py:190} INFO - Current task name:add_new_patient state:running start_date:2025-03-18 12:25:23.303418+00:00
[2025-03-18T14:25:23.479+0200] {logging_mixin.py:190} INFO - Dag name:patient-monitoring and current dag run status:running
[2025-03-18T14:25:23.479+0200] {taskinstance.py:731} INFO - ::endgroup::
[2025-03-18T14:25:23.502+0200] {real_time_patient_data_update.py:80} INFO - New Patient Added: {
  "Patient_ID": "PAT-00085",
  "Age": 16,
  "Gender": "Male",
  "Height": 146.87,
  "Weight": 162.85,
  "Temperature": 37.2,
  "Blood_Pressure": "122/77",
  "Cholesterol_Level": "Normal",
  "Blood_Sugar_Level": 252,
  "Heart_Rate": 123,
  "BMI": 27.33,
  "Previous_Medical_History": "No significant history",
  "Comorbidities": "None",
  "Smoking_Status": "No",
  "Alcohol_Consumption": "Yes",
  "Physical_Activity": "Moderate",
  "Last_Visit_Date": "2024-10-10",
  "Genomic_Info": "Mutated",
  "Diagnosis": "No specific diagnosis",
  "Hospitalization": "Yes"
}
[2025-03-18T14:25:23.502+0200] {real_time_patient_data_update.py:81} INFO - Total Patients After Addition: 92
[2025-03-18T14:25:23.509+0200] {base.py:84} INFO - Retrieving connection 'patients_data'
[2025-03-18T14:25:23.520+0200] {real_time_patient_data_update.py:92} INFO - New patient PAT-00085 added to the database successfully.
[2025-03-18T14:25:23.521+0200] {python.py:240} INFO - Done. Returned value was: None
[2025-03-18T14:25:23.530+0200] {taskinstance.py:340} INFO - ::group::Post task execution logs
[2025-03-18T14:25:23.531+0200] {taskinstance.py:352} INFO - Marking task as SUCCESS. dag_id=patient-monitoring, task_id=add_new_patient, run_id=manual__2025-03-18T12:25:07.164293+00:00, execution_date=20250318T122507, start_date=20250318T122523, end_date=20250318T122523
[2025-03-18T14:25:23.545+0200] {logging_mixin.py:190} INFO - Task instance in success state
[2025-03-18T14:25:23.546+0200] {logging_mixin.py:190} INFO -  Previous state of the Task instance: running
[2025-03-18T14:25:23.547+0200] {logging_mixin.py:190} INFO - Dag name:patient-monitoring queued_at:2025-03-18 12:25:07.225170+00:00
[2025-03-18T14:25:23.547+0200] {logging_mixin.py:190} INFO - Task hostname:munyah-ThinkPad-X1-Yoga-1st operator:PythonOperator
[2025-03-18T14:25:23.589+0200] {local_task_job_runner.py:266} INFO - Task exited with return code 0
[2025-03-18T14:25:23.613+0200] {taskinstance.py:3895} INFO - 0 downstream tasks scheduled from follow-on schedule check
[2025-03-18T14:25:23.614+0200] {local_task_job_runner.py:245} INFO - ::endgroup::
