[2024-11-26T21:31:42.951+0200] {local_task_job_runner.py:123} INFO - ::group::Pre task execution logs
[2024-11-26T21:31:42.981+0200] {taskinstance.py:2613} INFO - Dependencies all met for dep_context=non-requeueable deps ti=<TaskInstance: continuous_patient_data_generation.add_new_patient scheduled__2024-11-26T19:30:00+00:00 [queued]>
[2024-11-26T21:31:43.002+0200] {taskinstance.py:2613} INFO - Dependencies all met for dep_context=requeueable deps ti=<TaskInstance: continuous_patient_data_generation.add_new_patient scheduled__2024-11-26T19:30:00+00:00 [queued]>
[2024-11-26T21:31:43.003+0200] {taskinstance.py:2866} INFO - Starting attempt 1 of 2
[2024-11-26T21:31:43.037+0200] {taskinstance.py:2889} INFO - Executing <Task(PythonOperator): add_new_patient> on 2024-11-26 19:30:00+00:00
[2024-11-26T21:31:43.050+0200] {standard_task_runner.py:72} INFO - Started process 790870 to run task
[2024-11-26T21:31:43.063+0200] {standard_task_runner.py:104} INFO - Running: ['airflow', 'tasks', 'run', 'continuous_patient_data_generation', 'add_new_patient', 'scheduled__2024-11-26T19:30:00+00:00', '--job-id', '2483', '--raw', '--subdir', 'DAGS_FOLDER/real_time_patient_data_update.py', '--cfg-path', '/tmp/tmptptvucxf']
[2024-11-26T21:31:43.066+0200] {standard_task_runner.py:105} INFO - Job 2483: Subtask add_new_patient
[2024-11-26T21:31:43.175+0200] {task_command.py:467} INFO - Running <TaskInstance: continuous_patient_data_generation.add_new_patient scheduled__2024-11-26T19:30:00+00:00 [running]> on host munyah-ThinkPad-X1-Yoga-1st
[2024-11-26T21:31:43.388+0200] {taskinstance.py:3132} INFO - Exporting env vars: AIRFLOW_CTX_DAG_OWNER='munyah' AIRFLOW_CTX_DAG_ID='continuous_patient_data_generation' AIRFLOW_CTX_TASK_ID='add_new_patient' AIRFLOW_CTX_EXECUTION_DATE='2024-11-26T19:30:00+00:00' AIRFLOW_CTX_TRY_NUMBER='1' AIRFLOW_CTX_DAG_RUN_ID='scheduled__2024-11-26T19:30:00+00:00'
[2024-11-26T21:31:43.391+0200] {logging_mixin.py:190} INFO - Task instance is in running state
[2024-11-26T21:31:43.391+0200] {logging_mixin.py:190} INFO -  Previous state of the Task instance: queued
[2024-11-26T21:31:43.392+0200] {logging_mixin.py:190} INFO - Current task name:add_new_patient state:running start_date:2024-11-26 19:31:42.982199+00:00
[2024-11-26T21:31:43.393+0200] {logging_mixin.py:190} INFO - Dag name:continuous_patient_data_generation and current dag run status:running
[2024-11-26T21:31:43.393+0200] {taskinstance.py:731} INFO - ::endgroup::
[2024-11-26T21:31:43.407+0200] {real_time_patient_data_update.py:59} INFO - Existing patients before adding new: []
[2024-11-26T21:31:43.428+0200] {real_time_patient_data_update.py:78} INFO - New Patient Added: {'Patient_ID': 'PAT-00001', 'Age': 82, 'Gender': 'Female', 'Height': 106.27, 'Weight': 49.56, 'Temperature': 36.6, 'Blood_Pressure': '138/72', 'Cholesterol_Level': 'High', 'Blood_Sugar_Level': 59, 'Heart_Rate': 194, 'BMI': 39.47, 'Previous_Medical_History': 'No significant history', 'Comorbidities': 'None', 'Smoking_Status': 'No', 'Alcohol_Consumption': 'Yes', 'Physical_Activity': 'Low', 'Last_Visit_Date': '2024-09-26', 'Genomic_Info': 'Normal', 'Diagnosis': 'No specific diagnosis', 'Hospitalization': 'No'}
[2024-11-26T21:31:43.429+0200] {real_time_patient_data_update.py:79} INFO - Updated Patients List: [{'Patient_ID': 'PAT-00001', 'Age': 82, 'Gender': 'Female', 'Height': 106.27, 'Weight': 49.56, 'Temperature': 36.6, 'Blood_Pressure': '138/72', 'Cholesterol_Level': 'High', 'Blood_Sugar_Level': 59, 'Heart_Rate': 194, 'BMI': 39.47, 'Previous_Medical_History': 'No significant history', 'Comorbidities': 'None', 'Smoking_Status': 'No', 'Alcohol_Consumption': 'Yes', 'Physical_Activity': 'Low', 'Last_Visit_Date': '2024-09-26', 'Genomic_Info': 'Normal', 'Diagnosis': 'No specific diagnosis', 'Hospitalization': 'No'}]
[2024-11-26T21:31:43.430+0200] {python.py:240} INFO - Done. Returned value was: None
[2024-11-26T21:31:43.444+0200] {taskinstance.py:340} INFO - ::group::Post task execution logs
[2024-11-26T21:31:43.445+0200] {taskinstance.py:352} INFO - Marking task as SUCCESS. dag_id=continuous_patient_data_generation, task_id=add_new_patient, run_id=scheduled__2024-11-26T19:30:00+00:00, execution_date=20241126T193000, start_date=20241126T193142, end_date=20241126T193143
[2024-11-26T21:31:43.469+0200] {logging_mixin.py:190} INFO - Task instance in success state
[2024-11-26T21:31:43.470+0200] {logging_mixin.py:190} INFO -  Previous state of the Task instance: running
[2024-11-26T21:31:43.471+0200] {logging_mixin.py:190} INFO - Dag name:continuous_patient_data_generation queued_at:2024-11-26 19:31:26.184162+00:00
[2024-11-26T21:31:43.471+0200] {logging_mixin.py:190} INFO - Task hostname:munyah-ThinkPad-X1-Yoga-1st operator:PythonOperator
[2024-11-26T21:31:43.516+0200] {local_task_job_runner.py:266} INFO - Task exited with return code 0
[2024-11-26T21:31:43.555+0200] {taskinstance.py:3895} INFO - 0 downstream tasks scheduled from follow-on schedule check
[2024-11-26T21:31:43.557+0200] {local_task_job_runner.py:245} INFO - ::endgroup::
