[2024-11-23T19:20:08.452+0200] {local_task_job_runner.py:123} INFO - ::group::Pre task execution logs
[2024-11-23T19:20:08.466+0200] {taskinstance.py:2613} INFO - Dependencies all met for dep_context=non-requeueable deps ti=<TaskInstance: real_time_patient_data.update_patient_data scheduled__2024-11-23T17:15:00+00:00 [queued]>
[2024-11-23T19:20:08.472+0200] {taskinstance.py:2613} INFO - Dependencies all met for dep_context=requeueable deps ti=<TaskInstance: real_time_patient_data.update_patient_data scheduled__2024-11-23T17:15:00+00:00 [queued]>
[2024-11-23T19:20:08.472+0200] {taskinstance.py:2866} INFO - Starting attempt 1 of 2
[2024-11-23T19:20:08.488+0200] {taskinstance.py:2889} INFO - Executing <Task(PythonOperator): update_patient_data> on 2024-11-23 17:15:00+00:00
[2024-11-23T19:20:08.494+0200] {standard_task_runner.py:72} INFO - Started process 407162 to run task
[2024-11-23T19:20:08.500+0200] {standard_task_runner.py:104} INFO - Running: ['airflow', 'tasks', 'run', 'real_time_patient_data', 'update_patient_data', 'scheduled__2024-11-23T17:15:00+00:00', '--job-id', '7', '--raw', '--subdir', 'DAGS_FOLDER/real_time_patient_data_update.py', '--cfg-path', '/tmp/tmp34128qjq']
[2024-11-23T19:20:08.501+0200] {standard_task_runner.py:105} INFO - Job 7: Subtask update_patient_data
[2024-11-23T19:20:08.549+0200] {task_command.py:467} INFO - Running <TaskInstance: real_time_patient_data.update_patient_data scheduled__2024-11-23T17:15:00+00:00 [running]> on host munyah-ThinkPad-X1-Yoga-1st
[2024-11-23T19:20:08.625+0200] {taskinstance.py:3132} INFO - Exporting env vars: AIRFLOW_CTX_DAG_OWNER='airflow' AIRFLOW_CTX_DAG_ID='real_time_patient_data' AIRFLOW_CTX_TASK_ID='update_patient_data' AIRFLOW_CTX_EXECUTION_DATE='2024-11-23T17:15:00+00:00' AIRFLOW_CTX_TRY_NUMBER='1' AIRFLOW_CTX_DAG_RUN_ID='scheduled__2024-11-23T17:15:00+00:00'
[2024-11-23T19:20:08.627+0200] {logging_mixin.py:190} INFO - Task instance is in running state
[2024-11-23T19:20:08.628+0200] {logging_mixin.py:190} INFO -  Previous state of the Task instance: queued
[2024-11-23T19:20:08.628+0200] {logging_mixin.py:190} INFO - Current task name:update_patient_data state:running start_date:2024-11-23 17:20:08.466361+00:00
[2024-11-23T19:20:08.628+0200] {logging_mixin.py:190} INFO - Dag name:real_time_patient_data and current dag run status:running
[2024-11-23T19:20:08.629+0200] {taskinstance.py:731} INFO - ::endgroup::
[2024-11-23T19:20:08.637+0200] {taskinstance.py:3311} ERROR - Task failed with exception
Traceback (most recent call last):
  File "/home/munyah/.local/lib/python3.10/site-packages/airflow/models/taskinstance.py", line 767, in _execute_task
    result = _execute_callable(context=context, **execute_callable_kwargs)
  File "/home/munyah/.local/lib/python3.10/site-packages/airflow/models/taskinstance.py", line 733, in _execute_callable
    return ExecutionCallableRunner(
  File "/home/munyah/.local/lib/python3.10/site-packages/airflow/utils/operator_helpers.py", line 252, in run
    return self.func(*args, **kwargs)
  File "/home/munyah/.local/lib/python3.10/site-packages/airflow/models/baseoperator.py", line 417, in wrapper
    return func(self, *args, **kwargs)
  File "/home/munyah/.local/lib/python3.10/site-packages/airflow/operators/python.py", line 238, in execute
    return_value = self.execute_callable()
  File "/home/munyah/.local/lib/python3.10/site-packages/airflow/operators/python.py", line 256, in execute_callable
    return runner.run(*self.op_args, **self.op_kwargs)
  File "/home/munyah/.local/lib/python3.10/site-packages/airflow/utils/operator_helpers.py", line 252, in run
    return self.func(*args, **kwargs)
  File "/home/munyah/airflow/dags/real_time_patient_data_update.py", line 51, in update_patient_data
    existing_ids = {patient['id'] for patient in all_patients}
  File "/home/munyah/airflow/dags/real_time_patient_data_update.py", line 51, in <setcomp>
    existing_ids = {patient['id'] for patient in all_patients}
KeyError: 'id'
[2024-11-23T19:20:08.646+0200] {logging_mixin.py:190} INFO - Task instance in failure state
[2024-11-23T19:20:08.646+0200] {logging_mixin.py:190} INFO - Task start:2024-11-23 17:20:08.466361+00:00 end:2024-11-23 17:20:08.645655+00:00 duration:0.179294
[2024-11-23T19:20:08.647+0200] {logging_mixin.py:190} INFO - Task:<Task(PythonOperator): update_patient_data> dag:<DAG: real_time_patient_data> dagrun:<DagRun real_time_patient_data @ 2024-11-23 17:15:00+00:00: scheduled__2024-11-23T17:15:00+00:00, state:running, queued_at: 2024-11-23 17:20:01.455630+00:00. externally triggered: False>
[2024-11-23T19:20:08.647+0200] {logging_mixin.py:190} INFO - Failure caused by 'id'
[2024-11-23T19:20:08.648+0200] {taskinstance.py:1225} INFO - Marking task as UP_FOR_RETRY. dag_id=real_time_patient_data, task_id=update_patient_data, run_id=scheduled__2024-11-23T17:15:00+00:00, execution_date=20241123T171500, start_date=20241123T172008, end_date=20241123T172008
[2024-11-23T19:20:08.663+0200] {taskinstance.py:340} INFO - ::group::Post task execution logs
[2024-11-23T19:20:08.664+0200] {standard_task_runner.py:124} ERROR - Failed to execute job 7 for task update_patient_data ('id'; 407162)
Traceback (most recent call last):
  File "/home/munyah/.local/lib/python3.10/site-packages/airflow/task/task_runner/standard_task_runner.py", line 117, in _start_by_fork
    ret = args.func(args, dag=self.dag)
  File "/home/munyah/.local/lib/python3.10/site-packages/airflow/cli/cli_config.py", line 49, in command
    return func(*args, **kwargs)
  File "/home/munyah/.local/lib/python3.10/site-packages/airflow/utils/cli.py", line 116, in wrapper
    return f(*args, **kwargs)
  File "/home/munyah/.local/lib/python3.10/site-packages/airflow/cli/commands/task_command.py", line 483, in task_run
    task_return_code = _run_task_by_selected_method(args, _dag, ti)
  File "/home/munyah/.local/lib/python3.10/site-packages/airflow/cli/commands/task_command.py", line 256, in _run_task_by_selected_method
    return _run_raw_task(args, ti)
  File "/home/munyah/.local/lib/python3.10/site-packages/airflow/cli/commands/task_command.py", line 341, in _run_raw_task
    return ti._run_raw_task(
  File "/home/munyah/.local/lib/python3.10/site-packages/airflow/utils/session.py", line 97, in wrapper
    return func(*args, session=session, **kwargs)
  File "/home/munyah/.local/lib/python3.10/site-packages/airflow/models/taskinstance.py", line 3005, in _run_raw_task
    return _run_raw_task(
  File "/home/munyah/.local/lib/python3.10/site-packages/airflow/models/taskinstance.py", line 273, in _run_raw_task
    TaskInstance._execute_task_with_callbacks(
  File "/home/munyah/.local/lib/python3.10/site-packages/airflow/models/taskinstance.py", line 3159, in _execute_task_with_callbacks
    result = self._execute_task(context, task_orig)
  File "/home/munyah/.local/lib/python3.10/site-packages/airflow/models/taskinstance.py", line 3183, in _execute_task
    return _execute_task(self, context, task_orig)
  File "/home/munyah/.local/lib/python3.10/site-packages/airflow/models/taskinstance.py", line 767, in _execute_task
    result = _execute_callable(context=context, **execute_callable_kwargs)
  File "/home/munyah/.local/lib/python3.10/site-packages/airflow/models/taskinstance.py", line 733, in _execute_callable
    return ExecutionCallableRunner(
  File "/home/munyah/.local/lib/python3.10/site-packages/airflow/utils/operator_helpers.py", line 252, in run
    return self.func(*args, **kwargs)
  File "/home/munyah/.local/lib/python3.10/site-packages/airflow/models/baseoperator.py", line 417, in wrapper
    return func(self, *args, **kwargs)
  File "/home/munyah/.local/lib/python3.10/site-packages/airflow/operators/python.py", line 238, in execute
    return_value = self.execute_callable()
  File "/home/munyah/.local/lib/python3.10/site-packages/airflow/operators/python.py", line 256, in execute_callable
    return runner.run(*self.op_args, **self.op_kwargs)
  File "/home/munyah/.local/lib/python3.10/site-packages/airflow/utils/operator_helpers.py", line 252, in run
    return self.func(*args, **kwargs)
  File "/home/munyah/airflow/dags/real_time_patient_data_update.py", line 51, in update_patient_data
    existing_ids = {patient['id'] for patient in all_patients}
  File "/home/munyah/airflow/dags/real_time_patient_data_update.py", line 51, in <setcomp>
    existing_ids = {patient['id'] for patient in all_patients}
KeyError: 'id'
[2024-11-23T19:20:08.673+0200] {local_task_job_runner.py:266} INFO - Task exited with return code 1
[2024-11-23T19:20:08.695+0200] {taskinstance.py:3895} INFO - 0 downstream tasks scheduled from follow-on schedule check
[2024-11-23T19:20:08.696+0200] {local_task_job_runner.py:245} INFO - ::endgroup::
[2024-11-23T19:24:27.094+0200] {local_task_job_runner.py:123} INFO - ::group::Pre task execution logs
[2024-11-23T19:24:27.111+0200] {taskinstance.py:2613} INFO - Dependencies all met for dep_context=non-requeueable deps ti=<TaskInstance: real_time_patient_data.update_patient_data scheduled__2024-11-23T17:15:00+00:00 [queued]>
[2024-11-23T19:24:27.126+0200] {taskinstance.py:2613} INFO - Dependencies all met for dep_context=requeueable deps ti=<TaskInstance: real_time_patient_data.update_patient_data scheduled__2024-11-23T17:15:00+00:00 [queued]>
[2024-11-23T19:24:27.127+0200] {taskinstance.py:2866} INFO - Starting attempt 1 of 2
[2024-11-23T19:24:27.159+0200] {taskinstance.py:2889} INFO - Executing <Task(PythonOperator): update_patient_data> on 2024-11-23 17:15:00+00:00
[2024-11-23T19:24:27.168+0200] {standard_task_runner.py:72} INFO - Started process 408085 to run task
[2024-11-23T19:24:27.181+0200] {standard_task_runner.py:104} INFO - Running: ['airflow', 'tasks', 'run', 'real_time_patient_data', 'update_patient_data', 'scheduled__2024-11-23T17:15:00+00:00', '--job-id', '4', '--raw', '--subdir', 'DAGS_FOLDER/real_time_patient_data_update.py', '--cfg-path', '/tmp/tmpydkplha5']
[2024-11-23T19:24:27.186+0200] {standard_task_runner.py:105} INFO - Job 4: Subtask update_patient_data
[2024-11-23T19:24:27.269+0200] {task_command.py:467} INFO - Running <TaskInstance: real_time_patient_data.update_patient_data scheduled__2024-11-23T17:15:00+00:00 [running]> on host munyah-ThinkPad-X1-Yoga-1st
[2024-11-23T19:24:27.382+0200] {taskinstance.py:3132} INFO - Exporting env vars: AIRFLOW_CTX_DAG_OWNER='airflow' AIRFLOW_CTX_DAG_ID='real_time_patient_data' AIRFLOW_CTX_TASK_ID='update_patient_data' AIRFLOW_CTX_EXECUTION_DATE='2024-11-23T17:15:00+00:00' AIRFLOW_CTX_TRY_NUMBER='1' AIRFLOW_CTX_DAG_RUN_ID='scheduled__2024-11-23T17:15:00+00:00'
[2024-11-23T19:24:27.384+0200] {logging_mixin.py:190} INFO - Task instance is in running state
[2024-11-23T19:24:27.384+0200] {logging_mixin.py:190} INFO -  Previous state of the Task instance: queued
[2024-11-23T19:24:27.385+0200] {logging_mixin.py:190} INFO - Current task name:update_patient_data state:running start_date:2024-11-23 17:24:27.112421+00:00
[2024-11-23T19:24:27.385+0200] {logging_mixin.py:190} INFO - Dag name:real_time_patient_data and current dag run status:running
[2024-11-23T19:24:27.386+0200] {taskinstance.py:731} INFO - ::endgroup::
[2024-11-23T19:24:27.407+0200] {base.py:84} INFO - Retrieving connection 'patients_data'
[2024-11-23T19:24:27.511+0200] {logging_mixin.py:190} INFO - Added 0 new patients.
[2024-11-23T19:24:27.513+0200] {logging_mixin.py:190} INFO - Updated 50 patients.
[2024-11-23T19:24:27.513+0200] {logging_mixin.py:190} INFO - Total patients stored: 50.
[2024-11-23T19:24:27.514+0200] {python.py:240} INFO - Done. Returned value was: None
[2024-11-23T19:24:27.523+0200] {taskinstance.py:340} INFO - ::group::Post task execution logs
[2024-11-23T19:24:27.523+0200] {taskinstance.py:352} INFO - Marking task as SUCCESS. dag_id=real_time_patient_data, task_id=update_patient_data, run_id=scheduled__2024-11-23T17:15:00+00:00, execution_date=20241123T171500, start_date=20241123T172427, end_date=20241123T172427
[2024-11-23T19:24:27.539+0200] {logging_mixin.py:190} INFO - Task instance in success state
[2024-11-23T19:24:27.540+0200] {logging_mixin.py:190} INFO -  Previous state of the Task instance: running
[2024-11-23T19:24:27.541+0200] {logging_mixin.py:190} INFO - Dag name:real_time_patient_data queued_at:2024-11-23 17:24:13.773526+00:00
[2024-11-23T19:24:27.541+0200] {logging_mixin.py:190} INFO - Task hostname:munyah-ThinkPad-X1-Yoga-1st operator:PythonOperator
[2024-11-23T19:24:27.559+0200] {local_task_job_runner.py:266} INFO - Task exited with return code 0
[2024-11-23T19:24:27.605+0200] {taskinstance.py:3895} INFO - 0 downstream tasks scheduled from follow-on schedule check
[2024-11-23T19:24:27.606+0200] {local_task_job_runner.py:245} INFO - ::endgroup::
