[2025-02-08T14:17:08.190+0200] {local_task_job_runner.py:123} INFO - ::group::Pre task execution logs
[2025-02-08T14:17:08.205+0200] {taskinstance.py:2613} INFO - Dependencies all met for dep_context=non-requeueable deps ti=<TaskInstance: patient-monitoring.add_new_patient scheduled__2025-02-08T12:16:00+00:00 [queued]>
[2025-02-08T14:17:08.213+0200] {taskinstance.py:2613} INFO - Dependencies all met for dep_context=requeueable deps ti=<TaskInstance: patient-monitoring.add_new_patient scheduled__2025-02-08T12:16:00+00:00 [queued]>
[2025-02-08T14:17:08.213+0200] {taskinstance.py:2866} INFO - Starting attempt 1 of 2
[2025-02-08T14:17:08.229+0200] {taskinstance.py:2889} INFO - Executing <Task(PythonOperator): add_new_patient> on 2025-02-08 12:16:00+00:00
[2025-02-08T14:17:08.234+0200] {standard_task_runner.py:72} INFO - Started process 53229 to run task
[2025-02-08T14:17:08.241+0200] {standard_task_runner.py:104} INFO - Running: ['airflow', 'tasks', 'run', 'patient-monitoring', 'add_new_patient', 'scheduled__2025-02-08T12:16:00+00:00', '--job-id', '37', '--raw', '--subdir', 'DAGS_FOLDER/real_time_patient_data_update.py', '--cfg-path', '/tmp/tmpueaypj3r']
[2025-02-08T14:17:08.243+0200] {standard_task_runner.py:105} INFO - Job 37: Subtask add_new_patient
[2025-02-08T14:17:08.294+0200] {task_command.py:467} INFO - Running <TaskInstance: patient-monitoring.add_new_patient scheduled__2025-02-08T12:16:00+00:00 [running]> on host munyah-ThinkPad-X1-Yoga-1st
[2025-02-08T14:17:08.375+0200] {taskinstance.py:3132} INFO - Exporting env vars: AIRFLOW_CTX_DAG_OWNER='munyah' AIRFLOW_CTX_DAG_ID='patient-monitoring' AIRFLOW_CTX_TASK_ID='add_new_patient' AIRFLOW_CTX_EXECUTION_DATE='2025-02-08T12:16:00+00:00' AIRFLOW_CTX_TRY_NUMBER='1' AIRFLOW_CTX_DAG_RUN_ID='scheduled__2025-02-08T12:16:00+00:00'
[2025-02-08T14:17:08.377+0200] {logging_mixin.py:190} INFO - Task instance is in running state
[2025-02-08T14:17:08.377+0200] {logging_mixin.py:190} INFO -  Previous state of the Task instance: queued
[2025-02-08T14:17:08.377+0200] {logging_mixin.py:190} INFO - Current task name:add_new_patient state:running start_date:2025-02-08 12:17:08.206176+00:00
[2025-02-08T14:17:08.378+0200] {logging_mixin.py:190} INFO - Dag name:patient-monitoring and current dag run status:running
[2025-02-08T14:17:08.378+0200] {taskinstance.py:731} INFO - ::endgroup::
[2025-02-08T14:17:08.393+0200] {base.py:84} INFO - Retrieving connection 'patients_data'
[2025-02-08T14:17:08.398+0200] {http.py:204} ERROR - HTTP error: METHOD NOT ALLOWED
[2025-02-08T14:17:08.399+0200] {http.py:205} ERROR - <!doctype html>
<html lang=en>
<title>405 Method Not Allowed</title>
<h1>Method Not Allowed</h1>
<p>The method is not allowed for the requested URL.</p>

[2025-02-08T14:17:08.399+0200] {real_time_patient_data_update.py:98} ERROR - Error adding new patient: 405:METHOD NOT ALLOWED
[2025-02-08T14:17:08.399+0200] {python.py:240} INFO - Done. Returned value was: None
[2025-02-08T14:17:08.407+0200] {taskinstance.py:340} INFO - ::group::Post task execution logs
[2025-02-08T14:17:08.408+0200] {taskinstance.py:352} INFO - Marking task as SUCCESS. dag_id=patient-monitoring, task_id=add_new_patient, run_id=scheduled__2025-02-08T12:16:00+00:00, execution_date=20250208T121600, start_date=20250208T121708, end_date=20250208T121708
[2025-02-08T14:17:08.425+0200] {logging_mixin.py:190} INFO - Task instance in success state
[2025-02-08T14:17:08.426+0200] {logging_mixin.py:190} INFO -  Previous state of the Task instance: running
[2025-02-08T14:17:08.426+0200] {logging_mixin.py:190} INFO - Dag name:patient-monitoring queued_at:2025-02-08 12:17:01.343342+00:00
[2025-02-08T14:17:08.427+0200] {logging_mixin.py:190} INFO - Task hostname:munyah-ThinkPad-X1-Yoga-1st operator:PythonOperator
[2025-02-08T14:17:08.455+0200] {local_task_job_runner.py:266} INFO - Task exited with return code 0
[2025-02-08T14:17:08.472+0200] {taskinstance.py:3895} INFO - 0 downstream tasks scheduled from follow-on schedule check
[2025-02-08T14:17:08.473+0200] {local_task_job_runner.py:245} INFO - ::endgroup::
