[2025-02-18T01:19:40.761+0200] {local_task_job_runner.py:123} INFO - ::group::Pre task execution logs
[2025-02-18T01:19:40.780+0200] {taskinstance.py:2613} INFO - Dependencies all met for dep_context=non-requeueable deps ti=<TaskInstance: example_xcom.push scheduled__2021-01-01T00:00:00+00:00 [queued]>
[2025-02-18T01:19:40.787+0200] {taskinstance.py:2613} INFO - Dependencies all met for dep_context=requeueable deps ti=<TaskInstance: example_xcom.push scheduled__2021-01-01T00:00:00+00:00 [queued]>
[2025-02-18T01:19:40.787+0200] {taskinstance.py:2866} INFO - Starting attempt 1 of 1
[2025-02-18T01:19:40.802+0200] {taskinstance.py:2889} INFO - Executing <Task(_PythonDecoratedOperator): push> on 2021-01-01 00:00:00+00:00
[2025-02-18T01:19:40.808+0200] {standard_task_runner.py:72} INFO - Started process 350786 to run task
[2025-02-18T01:19:40.814+0200] {standard_task_runner.py:104} INFO - Running: ['airflow', 'tasks', 'run', 'example_xcom', 'push', 'scheduled__2021-01-01T00:00:00+00:00', '--job-id', '55', '--raw', '--subdir', '/home/munyah/.local/lib/python3.10/site-packages/airflow/example_dags/example_xcom.py', '--cfg-path', '/tmp/tmppxhodmqe']
[2025-02-18T01:19:40.815+0200] {standard_task_runner.py:105} INFO - Job 55: Subtask push
[2025-02-18T01:19:40.856+0200] {task_command.py:467} INFO - Running <TaskInstance: example_xcom.push scheduled__2021-01-01T00:00:00+00:00 [running]> on host munyah-ThinkPad-X1-Yoga-1st
[2025-02-18T01:19:40.912+0200] {taskinstance.py:3132} INFO - Exporting env vars: AIRFLOW_CTX_DAG_OWNER='airflow' AIRFLOW_CTX_DAG_ID='example_xcom' AIRFLOW_CTX_TASK_ID='push' AIRFLOW_CTX_EXECUTION_DATE='2021-01-01T00:00:00+00:00' AIRFLOW_CTX_TRY_NUMBER='1' AIRFLOW_CTX_DAG_RUN_ID='scheduled__2021-01-01T00:00:00+00:00'
[2025-02-18T01:19:40.913+0200] {logging_mixin.py:190} INFO - Task instance is in running state
[2025-02-18T01:19:40.913+0200] {logging_mixin.py:190} INFO -  Previous state of the Task instance: queued
[2025-02-18T01:19:40.913+0200] {logging_mixin.py:190} INFO - Current task name:push state:running start_date:2025-02-17 23:19:40.781136+00:00
[2025-02-18T01:19:40.914+0200] {logging_mixin.py:190} INFO - Dag name:example_xcom and current dag run status:running
[2025-02-18T01:19:40.914+0200] {taskinstance.py:731} INFO - ::endgroup::
[2025-02-18T01:19:40.924+0200] {python.py:240} INFO - Done. Returned value was: None
[2025-02-18T01:19:40.930+0200] {taskinstance.py:340} INFO - ::group::Post task execution logs
[2025-02-18T01:19:40.931+0200] {taskinstance.py:352} INFO - Marking task as SUCCESS. dag_id=example_xcom, task_id=push, run_id=scheduled__2021-01-01T00:00:00+00:00, execution_date=20210101T000000, start_date=20250217T231940, end_date=20250217T231940
[2025-02-18T01:19:40.939+0200] {logging_mixin.py:190} INFO - Task instance in success state
[2025-02-18T01:19:40.939+0200] {logging_mixin.py:190} INFO -  Previous state of the Task instance: running
[2025-02-18T01:19:40.939+0200] {logging_mixin.py:190} INFO - Dag name:example_xcom queued_at:2025-02-17 23:19:27.143218+00:00
[2025-02-18T01:19:40.939+0200] {logging_mixin.py:190} INFO - Task hostname:munyah-ThinkPad-X1-Yoga-1st operator:_PythonDecoratedOperator
[2025-02-18T01:19:40.986+0200] {local_task_job_runner.py:266} INFO - Task exited with return code 0
[2025-02-18T01:19:41.011+0200] {taskinstance.py:3895} INFO - 1 downstream tasks scheduled from follow-on schedule check
[2025-02-18T01:19:41.014+0200] {local_task_job_runner.py:245} INFO - ::endgroup::
