[2024-11-24T10:50:08.233+0200] {local_task_job_runner.py:123} INFO - ::group::Pre task execution logs
[2024-11-24T10:50:08.245+0200] {taskinstance.py:2613} INFO - Dependencies all met for dep_context=non-requeueable deps ti=<TaskInstance: real_time_patient_data.add_new_patient scheduled__2024-11-24T08:45:00+00:00 [queued]>
[2024-11-24T10:50:08.251+0200] {taskinstance.py:2613} INFO - Dependencies all met for dep_context=requeueable deps ti=<TaskInstance: real_time_patient_data.add_new_patient scheduled__2024-11-24T08:45:00+00:00 [queued]>
[2024-11-24T10:50:08.252+0200] {taskinstance.py:2866} INFO - Starting attempt 1 of 2
[2024-11-24T10:50:08.269+0200] {taskinstance.py:2889} INFO - Executing <Task(PythonOperator): add_new_patient> on 2024-11-24 08:45:00+00:00
[2024-11-24T10:50:08.276+0200] {standard_task_runner.py:72} INFO - Started process 440767 to run task
[2024-11-24T10:50:08.280+0200] {standard_task_runner.py:104} INFO - Running: ['airflow', 'tasks', 'run', 'real_time_patient_data', 'add_new_patient', 'scheduled__2024-11-24T08:45:00+00:00', '--job-id', '15', '--raw', '--subdir', 'DAGS_FOLDER/real_time_patient_data_update.py', '--cfg-path', '/tmp/tmpe8vgu7k9']
[2024-11-24T10:50:08.282+0200] {standard_task_runner.py:105} INFO - Job 15: Subtask add_new_patient
[2024-11-24T10:50:08.326+0200] {task_command.py:467} INFO - Running <TaskInstance: real_time_patient_data.add_new_patient scheduled__2024-11-24T08:45:00+00:00 [running]> on host munyah-ThinkPad-X1-Yoga-1st
[2024-11-24T10:50:08.397+0200] {taskinstance.py:3132} INFO - Exporting env vars: AIRFLOW_CTX_DAG_OWNER='airflow' AIRFLOW_CTX_DAG_ID='real_time_patient_data' AIRFLOW_CTX_TASK_ID='add_new_patient' AIRFLOW_CTX_EXECUTION_DATE='2024-11-24T08:45:00+00:00' AIRFLOW_CTX_TRY_NUMBER='1' AIRFLOW_CTX_DAG_RUN_ID='scheduled__2024-11-24T08:45:00+00:00'
[2024-11-24T10:50:08.398+0200] {logging_mixin.py:190} INFO - Task instance is in running state
[2024-11-24T10:50:08.398+0200] {logging_mixin.py:190} INFO -  Previous state of the Task instance: queued
[2024-11-24T10:50:08.399+0200] {logging_mixin.py:190} INFO - Current task name:add_new_patient state:running start_date:2024-11-24 08:50:08.245760+00:00
[2024-11-24T10:50:08.399+0200] {logging_mixin.py:190} INFO - Dag name:real_time_patient_data and current dag run status:running
[2024-11-24T10:50:08.399+0200] {taskinstance.py:731} INFO - ::endgroup::
[2024-11-24T10:50:08.414+0200] {logging_mixin.py:190} INFO - New Patient Added: {'Patient_ID': 'PAT-00051', 'Age': 90, 'Gender': 'Male', 'Height': 115.99, 'Weight': 131.65, 'Temperature': 36.1, 'Blood_Pressure': '137/84', 'Cholesterol_Level': 'Normal', 'Blood_Sugar_Level': 150, 'Heart_Rate': 122, 'BMI': 36.09, 'Previous_Medical_History': 'No significant history', 'Comorbidities': 'None', 'Smoking_Status': 'No', 'Alcohol_Consumption': 'Yes', 'Physical_Activity': 'High', 'Last_Visit_Date': '2024-07-20', 'Genomic_Info': 'Mutated', 'Diagnosis': 'No specific diagnosis', 'Hospitalization': 'Yes'}
[2024-11-24T10:50:08.415+0200] {python.py:240} INFO - Done. Returned value was: None
[2024-11-24T10:50:08.419+0200] {taskinstance.py:340} INFO - ::group::Post task execution logs
[2024-11-24T10:50:08.420+0200] {taskinstance.py:352} INFO - Marking task as SUCCESS. dag_id=real_time_patient_data, task_id=add_new_patient, run_id=scheduled__2024-11-24T08:45:00+00:00, execution_date=20241124T084500, start_date=20241124T085008, end_date=20241124T085008
[2024-11-24T10:50:08.429+0200] {logging_mixin.py:190} INFO - Task instance in success state
[2024-11-24T10:50:08.429+0200] {logging_mixin.py:190} INFO -  Previous state of the Task instance: running
[2024-11-24T10:50:08.430+0200] {logging_mixin.py:190} INFO - Dag name:real_time_patient_data queued_at:2024-11-24 08:50:01.329917+00:00
[2024-11-24T10:50:08.430+0200] {logging_mixin.py:190} INFO - Task hostname:munyah-ThinkPad-X1-Yoga-1st operator:PythonOperator
[2024-11-24T10:50:08.453+0200] {local_task_job_runner.py:266} INFO - Task exited with return code 0
[2024-11-24T10:50:08.478+0200] {taskinstance.py:3895} INFO - 1 downstream tasks scheduled from follow-on schedule check
[2024-11-24T10:50:08.481+0200] {local_task_job_runner.py:245} INFO - ::endgroup::
[2024-11-24T10:54:22.914+0200] {local_task_job_runner.py:123} INFO - ::group::Pre task execution logs
[2024-11-24T10:54:22.929+0200] {taskinstance.py:2613} INFO - Dependencies all met for dep_context=non-requeueable deps ti=<TaskInstance: real_time_patient_data.add_new_patient scheduled__2024-11-24T08:45:00+00:00 [queued]>
[2024-11-24T10:54:22.941+0200] {taskinstance.py:2613} INFO - Dependencies all met for dep_context=requeueable deps ti=<TaskInstance: real_time_patient_data.add_new_patient scheduled__2024-11-24T08:45:00+00:00 [queued]>
[2024-11-24T10:54:22.942+0200] {taskinstance.py:2866} INFO - Starting attempt 1 of 2
[2024-11-24T10:54:22.963+0200] {taskinstance.py:2889} INFO - Executing <Task(PythonOperator): add_new_patient> on 2024-11-24 08:45:00+00:00
[2024-11-24T10:54:22.972+0200] {standard_task_runner.py:72} INFO - Started process 441690 to run task
[2024-11-24T10:54:22.979+0200] {standard_task_runner.py:104} INFO - Running: ['airflow', 'tasks', 'run', 'real_time_patient_data', 'add_new_patient', 'scheduled__2024-11-24T08:45:00+00:00', '--job-id', '4', '--raw', '--subdir', 'DAGS_FOLDER/real_time_patient_data_update.py', '--cfg-path', '/tmp/tmp75qkbd7q']
[2024-11-24T10:54:22.981+0200] {standard_task_runner.py:105} INFO - Job 4: Subtask add_new_patient
[2024-11-24T10:54:23.035+0200] {task_command.py:467} INFO - Running <TaskInstance: real_time_patient_data.add_new_patient scheduled__2024-11-24T08:45:00+00:00 [running]> on host munyah-ThinkPad-X1-Yoga-1st
[2024-11-24T10:54:23.121+0200] {taskinstance.py:3132} INFO - Exporting env vars: AIRFLOW_CTX_DAG_OWNER='airflow' AIRFLOW_CTX_DAG_ID='real_time_patient_data' AIRFLOW_CTX_TASK_ID='add_new_patient' AIRFLOW_CTX_EXECUTION_DATE='2024-11-24T08:45:00+00:00' AIRFLOW_CTX_TRY_NUMBER='1' AIRFLOW_CTX_DAG_RUN_ID='scheduled__2024-11-24T08:45:00+00:00'
[2024-11-24T10:54:23.123+0200] {logging_mixin.py:190} INFO - Task instance is in running state
[2024-11-24T10:54:23.123+0200] {logging_mixin.py:190} INFO -  Previous state of the Task instance: queued
[2024-11-24T10:54:23.123+0200] {logging_mixin.py:190} INFO - Current task name:add_new_patient state:running start_date:2024-11-24 08:54:22.930158+00:00
[2024-11-24T10:54:23.124+0200] {logging_mixin.py:190} INFO - Dag name:real_time_patient_data and current dag run status:running
[2024-11-24T10:54:23.124+0200] {taskinstance.py:731} INFO - ::endgroup::
[2024-11-24T10:54:23.147+0200] {logging_mixin.py:190} INFO - New Patient Added: {'Patient_ID': 'PAT-00051', 'Age': 60, 'Gender': 'Female', 'Height': 241.6, 'Weight': 80.9, 'Temperature': 37.1, 'Blood_Pressure': '104/82', 'Cholesterol_Level': 'High', 'Blood_Sugar_Level': 64, 'Heart_Rate': 194, 'BMI': 26.74, 'Previous_Medical_History': 'No significant history', 'Comorbidities': 'None', 'Smoking_Status': 'Yes', 'Alcohol_Consumption': 'No', 'Physical_Activity': 'High', 'Last_Visit_Date': '2024-07-14', 'Genomic_Info': 'Normal', 'Diagnosis': 'No specific diagnosis', 'Hospitalization': 'Yes'}
[2024-11-24T10:54:23.148+0200] {python.py:240} INFO - Done. Returned value was: None
[2024-11-24T10:54:23.152+0200] {taskinstance.py:340} INFO - ::group::Post task execution logs
[2024-11-24T10:54:23.153+0200] {taskinstance.py:352} INFO - Marking task as SUCCESS. dag_id=real_time_patient_data, task_id=add_new_patient, run_id=scheduled__2024-11-24T08:45:00+00:00, execution_date=20241124T084500, start_date=20241124T085422, end_date=20241124T085423
[2024-11-24T10:54:23.164+0200] {logging_mixin.py:190} INFO - Task instance in success state
[2024-11-24T10:54:23.165+0200] {logging_mixin.py:190} INFO -  Previous state of the Task instance: running
[2024-11-24T10:54:23.165+0200] {logging_mixin.py:190} INFO - Dag name:real_time_patient_data queued_at:2024-11-24 08:54:11.803191+00:00
[2024-11-24T10:54:23.165+0200] {logging_mixin.py:190} INFO - Task hostname:munyah-ThinkPad-X1-Yoga-1st operator:PythonOperator
[2024-11-24T10:54:23.193+0200] {local_task_job_runner.py:266} INFO - Task exited with return code 0
[2024-11-24T10:54:23.227+0200] {taskinstance.py:3895} INFO - 1 downstream tasks scheduled from follow-on schedule check
[2024-11-24T10:54:23.230+0200] {local_task_job_runner.py:245} INFO - ::endgroup::
