[2024-11-26T18:54:07.051+0200] {local_task_job_runner.py:123} INFO - ::group::Pre task execution logs
[2024-11-26T18:54:07.061+0200] {taskinstance.py:2613} INFO - Dependencies all met for dep_context=non-requeueable deps ti=<TaskInstance: continuous_patient_data_generation.add_new_patient scheduled__2024-11-26T16:53:00+00:00 [queued]>
[2024-11-26T18:54:07.067+0200] {taskinstance.py:2613} INFO - Dependencies all met for dep_context=requeueable deps ti=<TaskInstance: continuous_patient_data_generation.add_new_patient scheduled__2024-11-26T16:53:00+00:00 [queued]>
[2024-11-26T18:54:07.068+0200] {taskinstance.py:2866} INFO - Starting attempt 1 of 2
[2024-11-26T18:54:07.081+0200] {taskinstance.py:2889} INFO - Executing <Task(PythonOperator): add_new_patient> on 2024-11-26 16:53:00+00:00
[2024-11-26T18:54:07.086+0200] {standard_task_runner.py:72} INFO - Started process 765847 to run task
[2024-11-26T18:54:07.090+0200] {standard_task_runner.py:104} INFO - Running: ['airflow', 'tasks', 'run', 'continuous_patient_data_generation', 'add_new_patient', 'scheduled__2024-11-26T16:53:00+00:00', '--job-id', '2225', '--raw', '--subdir', 'DAGS_FOLDER/real_time_patient_data_update.py', '--cfg-path', '/tmp/tmpi74ghsik']
[2024-11-26T18:54:07.092+0200] {standard_task_runner.py:105} INFO - Job 2225: Subtask add_new_patient
[2024-11-26T18:54:07.131+0200] {task_command.py:467} INFO - Running <TaskInstance: continuous_patient_data_generation.add_new_patient scheduled__2024-11-26T16:53:00+00:00 [running]> on host munyah-ThinkPad-X1-Yoga-1st
[2024-11-26T18:54:07.204+0200] {taskinstance.py:3132} INFO - Exporting env vars: AIRFLOW_CTX_DAG_OWNER='munyah' AIRFLOW_CTX_DAG_ID='continuous_patient_data_generation' AIRFLOW_CTX_TASK_ID='add_new_patient' AIRFLOW_CTX_EXECUTION_DATE='2024-11-26T16:53:00+00:00' AIRFLOW_CTX_TRY_NUMBER='1' AIRFLOW_CTX_DAG_RUN_ID='scheduled__2024-11-26T16:53:00+00:00'
[2024-11-26T18:54:07.205+0200] {logging_mixin.py:190} INFO - Task instance is in running state
[2024-11-26T18:54:07.206+0200] {logging_mixin.py:190} INFO -  Previous state of the Task instance: queued
[2024-11-26T18:54:07.206+0200] {logging_mixin.py:190} INFO - Current task name:add_new_patient state:running start_date:2024-11-26 16:54:07.061749+00:00
[2024-11-26T18:54:07.206+0200] {logging_mixin.py:190} INFO - Dag name:continuous_patient_data_generation and current dag run status:running
[2024-11-26T18:54:07.206+0200] {taskinstance.py:731} INFO - ::endgroup::
[2024-11-26T18:54:07.211+0200] {real_time_patient_data_update.py:59} INFO - Existing patients before adding new: []
[2024-11-26T18:54:07.220+0200] {real_time_patient_data_update.py:78} INFO - New Patient Added: {'Patient_ID': 'PAT-00001', 'Age': 62, 'Gender': 'Female', 'Height': 221.89, 'Weight': 184.53, 'Temperature': 37.0, 'Blood_Pressure': '129/82', 'Cholesterol_Level': 'Normal', 'Blood_Sugar_Level': 142, 'Heart_Rate': 33, 'BMI': 16.4, 'Previous_Medical_History': 'No significant history', 'Comorbidities': 'None', 'Smoking_Status': 'Yes', 'Alcohol_Consumption': 'No', 'Physical_Activity': 'High', 'Last_Visit_Date': '2023-12-25', 'Genomic_Info': 'Normal', 'Diagnosis': 'No specific diagnosis', 'Hospitalization': 'No'}
[2024-11-26T18:54:07.221+0200] {real_time_patient_data_update.py:79} INFO - Updated Patients List: [{'Patient_ID': 'PAT-00001', 'Age': 62, 'Gender': 'Female', 'Height': 221.89, 'Weight': 184.53, 'Temperature': 37.0, 'Blood_Pressure': '129/82', 'Cholesterol_Level': 'Normal', 'Blood_Sugar_Level': 142, 'Heart_Rate': 33, 'BMI': 16.4, 'Previous_Medical_History': 'No significant history', 'Comorbidities': 'None', 'Smoking_Status': 'Yes', 'Alcohol_Consumption': 'No', 'Physical_Activity': 'High', 'Last_Visit_Date': '2023-12-25', 'Genomic_Info': 'Normal', 'Diagnosis': 'No specific diagnosis', 'Hospitalization': 'No'}]
[2024-11-26T18:54:07.221+0200] {python.py:240} INFO - Done. Returned value was: None
[2024-11-26T18:54:07.225+0200] {taskinstance.py:340} INFO - ::group::Post task execution logs
[2024-11-26T18:54:07.226+0200] {taskinstance.py:352} INFO - Marking task as SUCCESS. dag_id=continuous_patient_data_generation, task_id=add_new_patient, run_id=scheduled__2024-11-26T16:53:00+00:00, execution_date=20241126T165300, start_date=20241126T165407, end_date=20241126T165407
[2024-11-26T18:54:07.233+0200] {logging_mixin.py:190} INFO - Task instance in success state
[2024-11-26T18:54:07.234+0200] {logging_mixin.py:190} INFO -  Previous state of the Task instance: running
[2024-11-26T18:54:07.234+0200] {logging_mixin.py:190} INFO - Dag name:continuous_patient_data_generation queued_at:2024-11-26 16:54:01.719444+00:00
[2024-11-26T18:54:07.234+0200] {logging_mixin.py:190} INFO - Task hostname:munyah-ThinkPad-X1-Yoga-1st operator:PythonOperator
[2024-11-26T18:54:07.263+0200] {local_task_job_runner.py:266} INFO - Task exited with return code 0
[2024-11-26T18:54:07.276+0200] {taskinstance.py:3895} INFO - 0 downstream tasks scheduled from follow-on schedule check
[2024-11-26T18:54:07.277+0200] {local_task_job_runner.py:245} INFO - ::endgroup::
