[2025-04-02T15:48:52.557+0200] {processor.py:186} INFO - Started process (PID=15028) to work on /home/munyah/.local/lib/python3.10/site-packages/airflow/example_dags/plugins/workday.py
[2025-04-02T15:48:52.558+0200] {processor.py:914} INFO - Processing file /home/munyah/.local/lib/python3.10/site-packages/airflow/example_dags/plugins/workday.py for tasks to queue
[2025-04-02T15:48:52.561+0200] {logging_mixin.py:190} INFO - [2025-04-02T15:48:52.560+0200] {dagbag.py:588} INFO - Filling up the DagBag from /home/munyah/.local/lib/python3.10/site-packages/airflow/example_dags/plugins/workday.py
[2025-04-02T15:48:52.564+0200] {processor.py:927} WARNING - No viable dags retrieved from /home/munyah/.local/lib/python3.10/site-packages/airflow/example_dags/plugins/workday.py
[2025-04-02T15:48:52.576+0200] {processor.py:208} INFO - Processing /home/munyah/.local/lib/python3.10/site-packages/airflow/example_dags/plugins/workday.py took 0.026 seconds
[2025-04-02T15:49:59.710+0200] {processor.py:186} INFO - Started process (PID=15227) to work on /home/munyah/.local/lib/python3.10/site-packages/airflow/example_dags/plugins/workday.py
[2025-04-02T15:49:59.711+0200] {processor.py:914} INFO - Processing file /home/munyah/.local/lib/python3.10/site-packages/airflow/example_dags/plugins/workday.py for tasks to queue
[2025-04-02T15:49:59.716+0200] {logging_mixin.py:190} INFO - [2025-04-02T15:49:59.716+0200] {dagbag.py:588} INFO - Filling up the DagBag from /home/munyah/.local/lib/python3.10/site-packages/airflow/example_dags/plugins/workday.py
[2025-04-02T15:49:59.721+0200] {processor.py:927} WARNING - No viable dags retrieved from /home/munyah/.local/lib/python3.10/site-packages/airflow/example_dags/plugins/workday.py
[2025-04-02T15:49:59.737+0200] {processor.py:208} INFO - Processing /home/munyah/.local/lib/python3.10/site-packages/airflow/example_dags/plugins/workday.py took 0.040 seconds
[2025-04-02T15:50:38.232+0200] {processor.py:186} INFO - Started process (PID=15546) to work on /home/munyah/.local/lib/python3.10/site-packages/airflow/example_dags/plugins/workday.py
[2025-04-02T15:50:38.234+0200] {processor.py:914} INFO - Processing file /home/munyah/.local/lib/python3.10/site-packages/airflow/example_dags/plugins/workday.py for tasks to queue
[2025-04-02T15:50:38.240+0200] {logging_mixin.py:190} INFO - [2025-04-02T15:50:38.239+0200] {dagbag.py:588} INFO - Filling up the DagBag from /home/munyah/.local/lib/python3.10/site-packages/airflow/example_dags/plugins/workday.py
[2025-04-02T15:50:38.246+0200] {processor.py:927} WARNING - No viable dags retrieved from /home/munyah/.local/lib/python3.10/site-packages/airflow/example_dags/plugins/workday.py
[2025-04-02T15:50:38.267+0200] {processor.py:208} INFO - Processing /home/munyah/.local/lib/python3.10/site-packages/airflow/example_dags/plugins/workday.py took 0.051 seconds
[2025-04-02T15:51:16.426+0200] {processor.py:186} INFO - Started process (PID=15661) to work on /home/munyah/.local/lib/python3.10/site-packages/airflow/example_dags/plugins/workday.py
[2025-04-02T15:51:16.428+0200] {processor.py:914} INFO - Processing file /home/munyah/.local/lib/python3.10/site-packages/airflow/example_dags/plugins/workday.py for tasks to queue
[2025-04-02T15:51:16.431+0200] {logging_mixin.py:190} INFO - [2025-04-02T15:51:16.430+0200] {dagbag.py:588} INFO - Filling up the DagBag from /home/munyah/.local/lib/python3.10/site-packages/airflow/example_dags/plugins/workday.py
[2025-04-02T15:51:16.434+0200] {processor.py:927} WARNING - No viable dags retrieved from /home/munyah/.local/lib/python3.10/site-packages/airflow/example_dags/plugins/workday.py
[2025-04-02T15:51:16.447+0200] {processor.py:208} INFO - Processing /home/munyah/.local/lib/python3.10/site-packages/airflow/example_dags/plugins/workday.py took 0.034 seconds
[2025-04-02T15:51:54.235+0200] {processor.py:186} INFO - Started process (PID=16193) to work on /home/munyah/.local/lib/python3.10/site-packages/airflow/example_dags/plugins/workday.py
[2025-04-02T15:51:54.237+0200] {processor.py:914} INFO - Processing file /home/munyah/.local/lib/python3.10/site-packages/airflow/example_dags/plugins/workday.py for tasks to queue
[2025-04-02T15:51:54.242+0200] {logging_mixin.py:190} INFO - [2025-04-02T15:51:54.241+0200] {dagbag.py:588} INFO - Filling up the DagBag from /home/munyah/.local/lib/python3.10/site-packages/airflow/example_dags/plugins/workday.py
[2025-04-02T15:51:54.248+0200] {processor.py:927} WARNING - No viable dags retrieved from /home/munyah/.local/lib/python3.10/site-packages/airflow/example_dags/plugins/workday.py
[2025-04-02T15:51:54.262+0200] {processor.py:208} INFO - Processing /home/munyah/.local/lib/python3.10/site-packages/airflow/example_dags/plugins/workday.py took 0.060 seconds
[2025-04-02T15:52:32.588+0200] {processor.py:186} INFO - Started process (PID=16478) to work on /home/munyah/.local/lib/python3.10/site-packages/airflow/example_dags/plugins/workday.py
[2025-04-02T15:52:32.590+0200] {processor.py:914} INFO - Processing file /home/munyah/.local/lib/python3.10/site-packages/airflow/example_dags/plugins/workday.py for tasks to queue
[2025-04-02T15:52:32.593+0200] {logging_mixin.py:190} INFO - [2025-04-02T15:52:32.592+0200] {dagbag.py:588} INFO - Filling up the DagBag from /home/munyah/.local/lib/python3.10/site-packages/airflow/example_dags/plugins/workday.py
[2025-04-02T15:52:32.599+0200] {processor.py:927} WARNING - No viable dags retrieved from /home/munyah/.local/lib/python3.10/site-packages/airflow/example_dags/plugins/workday.py
[2025-04-02T15:52:32.615+0200] {processor.py:208} INFO - Processing /home/munyah/.local/lib/python3.10/site-packages/airflow/example_dags/plugins/workday.py took 0.039 seconds
[2025-04-02T15:53:09.225+0200] {processor.py:186} INFO - Started process (PID=17158) to work on /home/munyah/.local/lib/python3.10/site-packages/airflow/example_dags/plugins/workday.py
[2025-04-02T15:53:09.227+0200] {processor.py:914} INFO - Processing file /home/munyah/.local/lib/python3.10/site-packages/airflow/example_dags/plugins/workday.py for tasks to queue
[2025-04-02T15:53:09.231+0200] {logging_mixin.py:190} INFO - [2025-04-02T15:53:09.230+0200] {dagbag.py:588} INFO - Filling up the DagBag from /home/munyah/.local/lib/python3.10/site-packages/airflow/example_dags/plugins/workday.py
[2025-04-02T15:53:09.236+0200] {processor.py:927} WARNING - No viable dags retrieved from /home/munyah/.local/lib/python3.10/site-packages/airflow/example_dags/plugins/workday.py
[2025-04-02T15:53:09.249+0200] {processor.py:208} INFO - Processing /home/munyah/.local/lib/python3.10/site-packages/airflow/example_dags/plugins/workday.py took 0.038 seconds
[2025-04-02T15:53:44.829+0200] {processor.py:186} INFO - Started process (PID=18269) to work on /home/munyah/.local/lib/python3.10/site-packages/airflow/example_dags/plugins/workday.py
[2025-04-02T15:53:44.831+0200] {processor.py:914} INFO - Processing file /home/munyah/.local/lib/python3.10/site-packages/airflow/example_dags/plugins/workday.py for tasks to queue
[2025-04-02T15:53:44.834+0200] {logging_mixin.py:190} INFO - [2025-04-02T15:53:44.834+0200] {dagbag.py:588} INFO - Filling up the DagBag from /home/munyah/.local/lib/python3.10/site-packages/airflow/example_dags/plugins/workday.py
[2025-04-02T15:53:44.839+0200] {processor.py:927} WARNING - No viable dags retrieved from /home/munyah/.local/lib/python3.10/site-packages/airflow/example_dags/plugins/workday.py
[2025-04-02T15:53:44.853+0200] {processor.py:208} INFO - Processing /home/munyah/.local/lib/python3.10/site-packages/airflow/example_dags/plugins/workday.py took 0.045 seconds
[2025-04-02T15:54:23.133+0200] {processor.py:186} INFO - Started process (PID=18369) to work on /home/munyah/.local/lib/python3.10/site-packages/airflow/example_dags/plugins/workday.py
[2025-04-02T15:54:23.135+0200] {processor.py:914} INFO - Processing file /home/munyah/.local/lib/python3.10/site-packages/airflow/example_dags/plugins/workday.py for tasks to queue
[2025-04-02T15:54:23.138+0200] {logging_mixin.py:190} INFO - [2025-04-02T15:54:23.137+0200] {dagbag.py:588} INFO - Filling up the DagBag from /home/munyah/.local/lib/python3.10/site-packages/airflow/example_dags/plugins/workday.py
[2025-04-02T15:54:23.141+0200] {processor.py:927} WARNING - No viable dags retrieved from /home/munyah/.local/lib/python3.10/site-packages/airflow/example_dags/plugins/workday.py
[2025-04-02T15:54:23.154+0200] {processor.py:208} INFO - Processing /home/munyah/.local/lib/python3.10/site-packages/airflow/example_dags/plugins/workday.py took 0.031 seconds
