[2025-02-08T14:52:06.019+0200] {local_task_job_runner.py:123} INFO - ::group::Pre task execution logs
[2025-02-08T14:52:06.047+0200] {taskinstance.py:2613} INFO - Dependencies all met for dep_context=non-requeueable deps ti=<TaskInstance: patient-monitoring.fetch_existing_patients scheduled__2025-02-08T12:51:00+00:00 [queued]>
[2025-02-08T14:52:06.061+0200] {taskinstance.py:2613} INFO - Dependencies all met for dep_context=requeueable deps ti=<TaskInstance: patient-monitoring.fetch_existing_patients scheduled__2025-02-08T12:51:00+00:00 [queued]>
[2025-02-08T14:52:06.063+0200] {taskinstance.py:2866} INFO - Starting attempt 1 of 2
[2025-02-08T14:52:06.093+0200] {taskinstance.py:2889} INFO - Executing <Task(PythonOperator): fetch_existing_patients> on 2025-02-08 12:51:00+00:00
[2025-02-08T14:52:06.103+0200] {standard_task_runner.py:72} INFO - Started process 59869 to run task
[2025-02-08T14:52:06.117+0200] {standard_task_runner.py:104} INFO - Running: ['airflow', 'tasks', 'run', 'patient-monitoring', 'fetch_existing_patients', 'scheduled__2025-02-08T12:51:00+00:00', '--job-id', '46', '--raw', '--subdir', 'DAGS_FOLDER/real_time_patient_data_update.py', '--cfg-path', '/tmp/tmp60m9b9xx']
[2025-02-08T14:52:06.122+0200] {standard_task_runner.py:105} INFO - Job 46: Subtask fetch_existing_patients
[2025-02-08T14:52:06.237+0200] {task_command.py:467} INFO - Running <TaskInstance: patient-monitoring.fetch_existing_patients scheduled__2025-02-08T12:51:00+00:00 [running]> on host munyah-ThinkPad-X1-Yoga-1st
[2025-02-08T14:52:06.382+0200] {taskinstance.py:3132} INFO - Exporting env vars: AIRFLOW_CTX_DAG_OWNER='munyah' AIRFLOW_CTX_DAG_ID='patient-monitoring' AIRFLOW_CTX_TASK_ID='fetch_existing_patients' AIRFLOW_CTX_EXECUTION_DATE='2025-02-08T12:51:00+00:00' AIRFLOW_CTX_TRY_NUMBER='1' AIRFLOW_CTX_DAG_RUN_ID='scheduled__2025-02-08T12:51:00+00:00'
[2025-02-08T14:52:06.383+0200] {logging_mixin.py:190} INFO - Task instance is in running state
[2025-02-08T14:52:06.387+0200] {logging_mixin.py:190} INFO -  Previous state of the Task instance: queued
[2025-02-08T14:52:06.388+0200] {logging_mixin.py:190} INFO - Current task name:fetch_existing_patients state:running start_date:2025-02-08 12:52:06.047643+00:00
[2025-02-08T14:52:06.388+0200] {logging_mixin.py:190} INFO - Dag name:patient-monitoring and current dag run status:running
[2025-02-08T14:52:06.388+0200] {taskinstance.py:731} INFO - ::endgroup::
[2025-02-08T14:52:06.399+0200] {base.py:84} INFO - Retrieving connection 'patients_data'
[2025-02-08T14:52:06.436+0200] {real_time_patient_data_update.py:18} INFO - Total existing patients: 50
[2025-02-08T14:52:06.457+0200] {python.py:240} INFO - Done. Returned value was: None
[2025-02-08T14:52:06.467+0200] {taskinstance.py:340} INFO - ::group::Post task execution logs
[2025-02-08T14:52:06.468+0200] {taskinstance.py:352} INFO - Marking task as SUCCESS. dag_id=patient-monitoring, task_id=fetch_existing_patients, run_id=scheduled__2025-02-08T12:51:00+00:00, execution_date=20250208T125100, start_date=20250208T125206, end_date=20250208T125206
[2025-02-08T14:52:06.487+0200] {logging_mixin.py:190} INFO - Task instance in success state
[2025-02-08T14:52:06.488+0200] {logging_mixin.py:190} INFO -  Previous state of the Task instance: running
[2025-02-08T14:52:06.490+0200] {logging_mixin.py:190} INFO - Dag name:patient-monitoring queued_at:2025-02-08 12:52:01.815750+00:00
[2025-02-08T14:52:06.490+0200] {logging_mixin.py:190} INFO - Task hostname:munyah-ThinkPad-X1-Yoga-1st operator:PythonOperator
[2025-02-08T14:52:06.526+0200] {local_task_job_runner.py:266} INFO - Task exited with return code 0
[2025-02-08T14:52:06.582+0200] {taskinstance.py:3895} INFO - 1 downstream tasks scheduled from follow-on schedule check
[2025-02-08T14:52:06.585+0200] {local_task_job_runner.py:245} INFO - ::endgroup::
