[2025-02-08T15:00:04.560+0200] {local_task_job_runner.py:123} INFO - ::group::Pre task execution logs
[2025-02-08T15:00:04.576+0200] {taskinstance.py:2613} INFO - Dependencies all met for dep_context=non-requeueable deps ti=<TaskInstance: patient-monitoring.fetch_existing_patients scheduled__2025-02-08T12:59:00+00:00 [queued]>
[2025-02-08T15:00:04.582+0200] {taskinstance.py:2613} INFO - Dependencies all met for dep_context=requeueable deps ti=<TaskInstance: patient-monitoring.fetch_existing_patients scheduled__2025-02-08T12:59:00+00:00 [queued]>
[2025-02-08T15:00:04.583+0200] {taskinstance.py:2866} INFO - Starting attempt 1 of 2
[2025-02-08T15:00:04.596+0200] {taskinstance.py:2889} INFO - Executing <Task(PythonOperator): fetch_existing_patients> on 2025-02-08 12:59:00+00:00
[2025-02-08T15:00:04.603+0200] {standard_task_runner.py:72} INFO - Started process 61290 to run task
[2025-02-08T15:00:04.609+0200] {standard_task_runner.py:104} INFO - Running: ['airflow', 'tasks', 'run', 'patient-monitoring', 'fetch_existing_patients', 'scheduled__2025-02-08T12:59:00+00:00', '--job-id', '62', '--raw', '--subdir', 'DAGS_FOLDER/real_time_patient_data_update.py', '--cfg-path', '/tmp/tmpfef1l0i1']
[2025-02-08T15:00:04.611+0200] {standard_task_runner.py:105} INFO - Job 62: Subtask fetch_existing_patients
[2025-02-08T15:00:04.660+0200] {task_command.py:467} INFO - Running <TaskInstance: patient-monitoring.fetch_existing_patients scheduled__2025-02-08T12:59:00+00:00 [running]> on host munyah-ThinkPad-X1-Yoga-1st
[2025-02-08T15:00:04.743+0200] {taskinstance.py:3132} INFO - Exporting env vars: AIRFLOW_CTX_DAG_OWNER='munyah' AIRFLOW_CTX_DAG_ID='patient-monitoring' AIRFLOW_CTX_TASK_ID='fetch_existing_patients' AIRFLOW_CTX_EXECUTION_DATE='2025-02-08T12:59:00+00:00' AIRFLOW_CTX_TRY_NUMBER='1' AIRFLOW_CTX_DAG_RUN_ID='scheduled__2025-02-08T12:59:00+00:00'
[2025-02-08T15:00:04.745+0200] {logging_mixin.py:190} INFO - Task instance is in running state
[2025-02-08T15:00:04.745+0200] {logging_mixin.py:190} INFO -  Previous state of the Task instance: queued
[2025-02-08T15:00:04.745+0200] {logging_mixin.py:190} INFO - Current task name:fetch_existing_patients state:running start_date:2025-02-08 13:00:04.577021+00:00
[2025-02-08T15:00:04.745+0200] {logging_mixin.py:190} INFO - Dag name:patient-monitoring and current dag run status:running
[2025-02-08T15:00:04.746+0200] {taskinstance.py:731} INFO - ::endgroup::
[2025-02-08T15:00:04.753+0200] {base.py:84} INFO - Retrieving connection 'patients_data'
[2025-02-08T15:00:04.767+0200] {real_time_patient_data_update.py:18} INFO - Total existing patients: 50
[2025-02-08T15:00:04.782+0200] {python.py:240} INFO - Done. Returned value was: None
[2025-02-08T15:00:04.789+0200] {taskinstance.py:340} INFO - ::group::Post task execution logs
[2025-02-08T15:00:04.790+0200] {taskinstance.py:352} INFO - Marking task as SUCCESS. dag_id=patient-monitoring, task_id=fetch_existing_patients, run_id=scheduled__2025-02-08T12:59:00+00:00, execution_date=20250208T125900, start_date=20250208T130004, end_date=20250208T130004
[2025-02-08T15:00:04.801+0200] {logging_mixin.py:190} INFO - Task instance in success state
[2025-02-08T15:00:04.801+0200] {logging_mixin.py:190} INFO -  Previous state of the Task instance: running
[2025-02-08T15:00:04.802+0200] {logging_mixin.py:190} INFO - Dag name:patient-monitoring queued_at:2025-02-08 13:00:01.330787+00:00
[2025-02-08T15:00:04.802+0200] {logging_mixin.py:190} INFO - Task hostname:munyah-ThinkPad-X1-Yoga-1st operator:PythonOperator
[2025-02-08T15:00:04.821+0200] {local_task_job_runner.py:266} INFO - Task exited with return code 0
[2025-02-08T15:00:04.842+0200] {taskinstance.py:3895} INFO - 1 downstream tasks scheduled from follow-on schedule check
[2025-02-08T15:00:04.845+0200] {local_task_job_runner.py:245} INFO - ::endgroup::
