[2025-04-02T15:48:50.189+0200] {processor.py:186} INFO - Started process (PID=15023) to work on /home/munyah/.local/lib/python3.10/site-packages/airflow/example_dags/subdags/subdag.py
[2025-04-02T15:48:50.191+0200] {processor.py:914} INFO - Processing file /home/munyah/.local/lib/python3.10/site-packages/airflow/example_dags/subdags/subdag.py for tasks to queue
[2025-04-02T15:48:50.196+0200] {logging_mixin.py:190} INFO - [2025-04-02T15:48:50.195+0200] {dagbag.py:588} INFO - Filling up the DagBag from /home/munyah/.local/lib/python3.10/site-packages/airflow/example_dags/subdags/subdag.py
[2025-04-02T15:48:50.201+0200] {processor.py:927} WARNING - No viable dags retrieved from /home/munyah/.local/lib/python3.10/site-packages/airflow/example_dags/subdags/subdag.py
[2025-04-02T15:48:50.219+0200] {processor.py:208} INFO - Processing /home/munyah/.local/lib/python3.10/site-packages/airflow/example_dags/subdags/subdag.py took 0.047 seconds
[2025-04-02T15:49:57.863+0200] {processor.py:186} INFO - Started process (PID=15221) to work on /home/munyah/.local/lib/python3.10/site-packages/airflow/example_dags/subdags/subdag.py
[2025-04-02T15:49:57.866+0200] {processor.py:914} INFO - Processing file /home/munyah/.local/lib/python3.10/site-packages/airflow/example_dags/subdags/subdag.py for tasks to queue
[2025-04-02T15:49:57.874+0200] {logging_mixin.py:190} INFO - [2025-04-02T15:49:57.872+0200] {dagbag.py:588} INFO - Filling up the DagBag from /home/munyah/.local/lib/python3.10/site-packages/airflow/example_dags/subdags/subdag.py
[2025-04-02T15:49:57.879+0200] {processor.py:927} WARNING - No viable dags retrieved from /home/munyah/.local/lib/python3.10/site-packages/airflow/example_dags/subdags/subdag.py
[2025-04-02T15:49:57.896+0200] {processor.py:208} INFO - Processing /home/munyah/.local/lib/python3.10/site-packages/airflow/example_dags/subdags/subdag.py took 0.072 seconds
[2025-04-02T15:50:36.613+0200] {processor.py:186} INFO - Started process (PID=15541) to work on /home/munyah/.local/lib/python3.10/site-packages/airflow/example_dags/subdags/subdag.py
[2025-04-02T15:50:36.615+0200] {processor.py:914} INFO - Processing file /home/munyah/.local/lib/python3.10/site-packages/airflow/example_dags/subdags/subdag.py for tasks to queue
[2025-04-02T15:50:36.622+0200] {logging_mixin.py:190} INFO - [2025-04-02T15:50:36.621+0200] {dagbag.py:588} INFO - Filling up the DagBag from /home/munyah/.local/lib/python3.10/site-packages/airflow/example_dags/subdags/subdag.py
[2025-04-02T15:50:36.628+0200] {processor.py:927} WARNING - No viable dags retrieved from /home/munyah/.local/lib/python3.10/site-packages/airflow/example_dags/subdags/subdag.py
[2025-04-02T15:50:36.649+0200] {processor.py:208} INFO - Processing /home/munyah/.local/lib/python3.10/site-packages/airflow/example_dags/subdags/subdag.py took 0.053 seconds
[2025-04-02T15:51:14.069+0200] {processor.py:186} INFO - Started process (PID=15656) to work on /home/munyah/.local/lib/python3.10/site-packages/airflow/example_dags/subdags/subdag.py
[2025-04-02T15:51:14.070+0200] {processor.py:914} INFO - Processing file /home/munyah/.local/lib/python3.10/site-packages/airflow/example_dags/subdags/subdag.py for tasks to queue
[2025-04-02T15:51:14.074+0200] {logging_mixin.py:190} INFO - [2025-04-02T15:51:14.073+0200] {dagbag.py:588} INFO - Filling up the DagBag from /home/munyah/.local/lib/python3.10/site-packages/airflow/example_dags/subdags/subdag.py
[2025-04-02T15:51:14.079+0200] {processor.py:927} WARNING - No viable dags retrieved from /home/munyah/.local/lib/python3.10/site-packages/airflow/example_dags/subdags/subdag.py
[2025-04-02T15:51:14.099+0200] {processor.py:208} INFO - Processing /home/munyah/.local/lib/python3.10/site-packages/airflow/example_dags/subdags/subdag.py took 0.044 seconds
[2025-04-02T15:51:52.173+0200] {processor.py:186} INFO - Started process (PID=16188) to work on /home/munyah/.local/lib/python3.10/site-packages/airflow/example_dags/subdags/subdag.py
[2025-04-02T15:51:52.175+0200] {processor.py:914} INFO - Processing file /home/munyah/.local/lib/python3.10/site-packages/airflow/example_dags/subdags/subdag.py for tasks to queue
[2025-04-02T15:51:52.179+0200] {logging_mixin.py:190} INFO - [2025-04-02T15:51:52.178+0200] {dagbag.py:588} INFO - Filling up the DagBag from /home/munyah/.local/lib/python3.10/site-packages/airflow/example_dags/subdags/subdag.py
[2025-04-02T15:51:52.183+0200] {processor.py:927} WARNING - No viable dags retrieved from /home/munyah/.local/lib/python3.10/site-packages/airflow/example_dags/subdags/subdag.py
[2025-04-02T15:51:52.195+0200] {processor.py:208} INFO - Processing /home/munyah/.local/lib/python3.10/site-packages/airflow/example_dags/subdags/subdag.py took 0.036 seconds
[2025-04-02T15:52:30.268+0200] {processor.py:186} INFO - Started process (PID=16471) to work on /home/munyah/.local/lib/python3.10/site-packages/airflow/example_dags/subdags/subdag.py
[2025-04-02T15:52:30.270+0200] {processor.py:914} INFO - Processing file /home/munyah/.local/lib/python3.10/site-packages/airflow/example_dags/subdags/subdag.py for tasks to queue
[2025-04-02T15:52:30.273+0200] {logging_mixin.py:190} INFO - [2025-04-02T15:52:30.273+0200] {dagbag.py:588} INFO - Filling up the DagBag from /home/munyah/.local/lib/python3.10/site-packages/airflow/example_dags/subdags/subdag.py
[2025-04-02T15:52:30.276+0200] {processor.py:927} WARNING - No viable dags retrieved from /home/munyah/.local/lib/python3.10/site-packages/airflow/example_dags/subdags/subdag.py
[2025-04-02T15:52:30.288+0200] {processor.py:208} INFO - Processing /home/munyah/.local/lib/python3.10/site-packages/airflow/example_dags/subdags/subdag.py took 0.027 seconds
[2025-04-02T15:53:06.819+0200] {processor.py:186} INFO - Started process (PID=17150) to work on /home/munyah/.local/lib/python3.10/site-packages/airflow/example_dags/subdags/subdag.py
[2025-04-02T15:53:06.820+0200] {processor.py:914} INFO - Processing file /home/munyah/.local/lib/python3.10/site-packages/airflow/example_dags/subdags/subdag.py for tasks to queue
[2025-04-02T15:53:06.823+0200] {logging_mixin.py:190} INFO - [2025-04-02T15:53:06.822+0200] {dagbag.py:588} INFO - Filling up the DagBag from /home/munyah/.local/lib/python3.10/site-packages/airflow/example_dags/subdags/subdag.py
[2025-04-02T15:53:06.826+0200] {processor.py:927} WARNING - No viable dags retrieved from /home/munyah/.local/lib/python3.10/site-packages/airflow/example_dags/subdags/subdag.py
[2025-04-02T15:53:06.838+0200] {processor.py:208} INFO - Processing /home/munyah/.local/lib/python3.10/site-packages/airflow/example_dags/subdags/subdag.py took 0.027 seconds
[2025-04-02T15:53:42.457+0200] {processor.py:186} INFO - Started process (PID=18263) to work on /home/munyah/.local/lib/python3.10/site-packages/airflow/example_dags/subdags/subdag.py
[2025-04-02T15:53:42.458+0200] {processor.py:914} INFO - Processing file /home/munyah/.local/lib/python3.10/site-packages/airflow/example_dags/subdags/subdag.py for tasks to queue
[2025-04-02T15:53:42.460+0200] {logging_mixin.py:190} INFO - [2025-04-02T15:53:42.460+0200] {dagbag.py:588} INFO - Filling up the DagBag from /home/munyah/.local/lib/python3.10/site-packages/airflow/example_dags/subdags/subdag.py
[2025-04-02T15:53:42.464+0200] {processor.py:927} WARNING - No viable dags retrieved from /home/munyah/.local/lib/python3.10/site-packages/airflow/example_dags/subdags/subdag.py
[2025-04-02T15:53:42.475+0200] {processor.py:208} INFO - Processing /home/munyah/.local/lib/python3.10/site-packages/airflow/example_dags/subdags/subdag.py took 0.026 seconds
[2025-04-02T15:54:20.710+0200] {processor.py:186} INFO - Started process (PID=18360) to work on /home/munyah/.local/lib/python3.10/site-packages/airflow/example_dags/subdags/subdag.py
[2025-04-02T15:54:20.712+0200] {processor.py:914} INFO - Processing file /home/munyah/.local/lib/python3.10/site-packages/airflow/example_dags/subdags/subdag.py for tasks to queue
[2025-04-02T15:54:20.714+0200] {logging_mixin.py:190} INFO - [2025-04-02T15:54:20.714+0200] {dagbag.py:588} INFO - Filling up the DagBag from /home/munyah/.local/lib/python3.10/site-packages/airflow/example_dags/subdags/subdag.py
[2025-04-02T15:54:20.717+0200] {processor.py:927} WARNING - No viable dags retrieved from /home/munyah/.local/lib/python3.10/site-packages/airflow/example_dags/subdags/subdag.py
[2025-04-02T15:54:20.729+0200] {processor.py:208} INFO - Processing /home/munyah/.local/lib/python3.10/site-packages/airflow/example_dags/subdags/subdag.py took 0.028 seconds
