[2025-02-08T14:51:10.713+0200] {local_task_job_runner.py:123} INFO - ::group::Pre task execution logs
[2025-02-08T14:51:10.731+0200] {taskinstance.py:2613} INFO - Dependencies all met for dep_context=non-requeueable deps ti=<TaskInstance: patient-monitoring.add_new_patient scheduled__2025-02-08T12:50:00+00:00 [queued]>
[2025-02-08T14:51:10.742+0200] {taskinstance.py:2613} INFO - Dependencies all met for dep_context=requeueable deps ti=<TaskInstance: patient-monitoring.add_new_patient scheduled__2025-02-08T12:50:00+00:00 [queued]>
[2025-02-08T14:51:10.743+0200] {taskinstance.py:2866} INFO - Starting attempt 1 of 2
[2025-02-08T14:51:10.765+0200] {taskinstance.py:2889} INFO - Executing <Task(PythonOperator): add_new_patient> on 2025-02-08 12:50:00+00:00
[2025-02-08T14:51:10.774+0200] {standard_task_runner.py:72} INFO - Started process 59582 to run task
[2025-02-08T14:51:10.782+0200] {standard_task_runner.py:104} INFO - Running: ['airflow', 'tasks', 'run', 'patient-monitoring', 'add_new_patient', 'scheduled__2025-02-08T12:50:00+00:00', '--job-id', '45', '--raw', '--subdir', 'DAGS_FOLDER/real_time_patient_data_update.py', '--cfg-path', '/tmp/tmpkg40xr2u']
[2025-02-08T14:51:10.785+0200] {standard_task_runner.py:105} INFO - Job 45: Subtask add_new_patient
[2025-02-08T14:51:10.857+0200] {task_command.py:467} INFO - Running <TaskInstance: patient-monitoring.add_new_patient scheduled__2025-02-08T12:50:00+00:00 [running]> on host munyah-ThinkPad-X1-Yoga-1st
[2025-02-08T14:51:10.967+0200] {taskinstance.py:3132} INFO - Exporting env vars: AIRFLOW_CTX_DAG_OWNER='munyah' AIRFLOW_CTX_DAG_ID='patient-monitoring' AIRFLOW_CTX_TASK_ID='add_new_patient' AIRFLOW_CTX_EXECUTION_DATE='2025-02-08T12:50:00+00:00' AIRFLOW_CTX_TRY_NUMBER='1' AIRFLOW_CTX_DAG_RUN_ID='scheduled__2025-02-08T12:50:00+00:00'
[2025-02-08T14:51:10.970+0200] {logging_mixin.py:190} INFO - Task instance is in running state
[2025-02-08T14:51:10.970+0200] {logging_mixin.py:190} INFO -  Previous state of the Task instance: queued
[2025-02-08T14:51:10.971+0200] {logging_mixin.py:190} INFO - Current task name:add_new_patient state:running start_date:2025-02-08 12:51:10.732183+00:00
[2025-02-08T14:51:10.971+0200] {logging_mixin.py:190} INFO - Dag name:patient-monitoring and current dag run status:running
[2025-02-08T14:51:10.972+0200] {taskinstance.py:731} INFO - ::endgroup::
[2025-02-08T14:51:11.002+0200] {real_time_patient_data_update.py:76} INFO - New Patient Added: {'Patient_ID': 'PAT-00051', 'Age': 111, 'Gender': 'Male', 'Height': 207.25, 'Weight': 163.14, 'Temperature': 37.5, 'Blood_Pressure': '117/72', 'Cholesterol_Level': 'High', 'Blood_Sugar_Level': 143, 'Heart_Rate': 168, 'BMI': 23.18, 'Previous_Medical_History': 'No significant history', 'Comorbidities': 'None', 'Smoking_Status': 'No', 'Alcohol_Consumption': 'No', 'Physical_Activity': 'Low', 'Last_Visit_Date': '2024-08-31', 'Genomic_Info': 'High Risk', 'Diagnosis': 'No specific diagnosis', 'Hospitalization': 'No'}
[2025-02-08T14:51:11.003+0200] {real_time_patient_data_update.py:77} INFO - Total Patients After Addition: 51
[2025-02-08T14:51:11.003+0200] {python.py:240} INFO - Done. Returned value was: None
[2025-02-08T14:51:11.012+0200] {taskinstance.py:340} INFO - ::group::Post task execution logs
[2025-02-08T14:51:11.013+0200] {taskinstance.py:352} INFO - Marking task as SUCCESS. dag_id=patient-monitoring, task_id=add_new_patient, run_id=scheduled__2025-02-08T12:50:00+00:00, execution_date=20250208T125000, start_date=20250208T125110, end_date=20250208T125111
[2025-02-08T14:51:11.032+0200] {logging_mixin.py:190} INFO - Task instance in success state
[2025-02-08T14:51:11.034+0200] {logging_mixin.py:190} INFO -  Previous state of the Task instance: running
[2025-02-08T14:51:11.035+0200] {logging_mixin.py:190} INFO - Dag name:patient-monitoring queued_at:2025-02-08 12:51:01.545424+00:00
[2025-02-08T14:51:11.036+0200] {logging_mixin.py:190} INFO - Task hostname:munyah-ThinkPad-X1-Yoga-1st operator:PythonOperator
[2025-02-08T14:51:11.080+0200] {local_task_job_runner.py:266} INFO - Task exited with return code 0
[2025-02-08T14:51:11.101+0200] {taskinstance.py:3895} INFO - 0 downstream tasks scheduled from follow-on schedule check
[2025-02-08T14:51:11.102+0200] {local_task_job_runner.py:245} INFO - ::endgroup::
