[2025-02-08T15:01:09.381+0200] {local_task_job_runner.py:123} INFO - ::group::Pre task execution logs
[2025-02-08T15:01:09.396+0200] {taskinstance.py:2613} INFO - Dependencies all met for dep_context=non-requeueable deps ti=<TaskInstance: patient-monitoring.add_new_patient scheduled__2025-02-08T13:00:00+00:00 [queued]>
[2025-02-08T15:01:09.404+0200] {taskinstance.py:2613} INFO - Dependencies all met for dep_context=requeueable deps ti=<TaskInstance: patient-monitoring.add_new_patient scheduled__2025-02-08T13:00:00+00:00 [queued]>
[2025-02-08T15:01:09.405+0200] {taskinstance.py:2866} INFO - Starting attempt 1 of 2
[2025-02-08T15:01:09.425+0200] {taskinstance.py:2889} INFO - Executing <Task(PythonOperator): add_new_patient> on 2025-02-08 13:00:00+00:00
[2025-02-08T15:01:09.432+0200] {standard_task_runner.py:72} INFO - Started process 61482 to run task
[2025-02-08T15:01:09.439+0200] {standard_task_runner.py:104} INFO - Running: ['airflow', 'tasks', 'run', 'patient-monitoring', 'add_new_patient', 'scheduled__2025-02-08T13:00:00+00:00', '--job-id', '65', '--raw', '--subdir', 'DAGS_FOLDER/real_time_patient_data_update.py', '--cfg-path', '/tmp/tmpul3ncwra']
[2025-02-08T15:01:09.441+0200] {standard_task_runner.py:105} INFO - Job 65: Subtask add_new_patient
[2025-02-08T15:01:09.492+0200] {task_command.py:467} INFO - Running <TaskInstance: patient-monitoring.add_new_patient scheduled__2025-02-08T13:00:00+00:00 [running]> on host munyah-ThinkPad-X1-Yoga-1st
[2025-02-08T15:01:09.581+0200] {taskinstance.py:3132} INFO - Exporting env vars: AIRFLOW_CTX_DAG_OWNER='munyah' AIRFLOW_CTX_DAG_ID='patient-monitoring' AIRFLOW_CTX_TASK_ID='add_new_patient' AIRFLOW_CTX_EXECUTION_DATE='2025-02-08T13:00:00+00:00' AIRFLOW_CTX_TRY_NUMBER='1' AIRFLOW_CTX_DAG_RUN_ID='scheduled__2025-02-08T13:00:00+00:00'
[2025-02-08T15:01:09.583+0200] {logging_mixin.py:190} INFO - Task instance is in running state
[2025-02-08T15:01:09.584+0200] {logging_mixin.py:190} INFO -  Previous state of the Task instance: queued
[2025-02-08T15:01:09.585+0200] {logging_mixin.py:190} INFO - Current task name:add_new_patient state:running start_date:2025-02-08 13:01:09.397392+00:00
[2025-02-08T15:01:09.585+0200] {logging_mixin.py:190} INFO - Dag name:patient-monitoring and current dag run status:running
[2025-02-08T15:01:09.586+0200] {taskinstance.py:731} INFO - ::endgroup::
[2025-02-08T15:01:09.623+0200] {real_time_patient_data_update.py:76} INFO - New Patient Added: {'Patient_ID': 'PAT-00051', 'Age': 42, 'Gender': 'Male', 'Height': 155.95, 'Weight': 177.8, 'Temperature': 37.2, 'Blood_Pressure': '133/65', 'Cholesterol_Level': 'Normal', 'Blood_Sugar_Level': 200, 'Heart_Rate': 48, 'BMI': 14.71, 'Previous_Medical_History': 'No significant history', 'Comorbidities': 'None', 'Smoking_Status': 'Yes', 'Alcohol_Consumption': 'No', 'Physical_Activity': 'Moderate', 'Last_Visit_Date': '2025-01-31', 'Genomic_Info': 'High Risk', 'Diagnosis': 'No specific diagnosis', 'Hospitalization': 'Yes'}
[2025-02-08T15:01:09.623+0200] {real_time_patient_data_update.py:77} INFO - Total Patients After Addition: 51
[2025-02-08T15:01:09.624+0200] {python.py:240} INFO - Done. Returned value was: None
[2025-02-08T15:01:09.630+0200] {taskinstance.py:340} INFO - ::group::Post task execution logs
[2025-02-08T15:01:09.630+0200] {taskinstance.py:352} INFO - Marking task as SUCCESS. dag_id=patient-monitoring, task_id=add_new_patient, run_id=scheduled__2025-02-08T13:00:00+00:00, execution_date=20250208T130000, start_date=20250208T130109, end_date=20250208T130109
[2025-02-08T15:01:09.640+0200] {logging_mixin.py:190} INFO - Task instance in success state
[2025-02-08T15:01:09.640+0200] {logging_mixin.py:190} INFO -  Previous state of the Task instance: running
[2025-02-08T15:01:09.641+0200] {logging_mixin.py:190} INFO - Dag name:patient-monitoring queued_at:2025-02-08 13:01:01.880962+00:00
[2025-02-08T15:01:09.641+0200] {logging_mixin.py:190} INFO - Task hostname:munyah-ThinkPad-X1-Yoga-1st operator:PythonOperator
[2025-02-08T15:01:09.656+0200] {local_task_job_runner.py:266} INFO - Task exited with return code 0
[2025-02-08T15:01:09.676+0200] {taskinstance.py:3895} INFO - 0 downstream tasks scheduled from follow-on schedule check
[2025-02-08T15:01:09.677+0200] {local_task_job_runner.py:245} INFO - ::endgroup::
