[2024-11-25T20:55:12.665+0200] {local_task_job_runner.py:123} INFO - ::group::Pre task execution logs
[2024-11-25T20:55:12.700+0200] {taskinstance.py:2613} INFO - Dependencies all met for dep_context=non-requeueable deps ti=<TaskInstance: continuous_patient_data_generation.fetch_existing_patients scheduled__2024-11-25T18:54:00+00:00 [queued]>
[2024-11-25T20:55:12.723+0200] {taskinstance.py:2613} INFO - Dependencies all met for dep_context=requeueable deps ti=<TaskInstance: continuous_patient_data_generation.fetch_existing_patients scheduled__2024-11-25T18:54:00+00:00 [queued]>
[2024-11-25T20:55:12.724+0200] {taskinstance.py:2866} INFO - Starting attempt 1 of 2
[2024-11-25T20:55:12.771+0200] {taskinstance.py:2889} INFO - Executing <Task(PythonOperator): fetch_existing_patients> on 2024-11-25 18:54:00+00:00
[2024-11-25T20:55:12.787+0200] {standard_task_runner.py:72} INFO - Started process 644579 to run task
[2024-11-25T20:55:12.811+0200] {standard_task_runner.py:104} INFO - Running: ['airflow', 'tasks', 'run', 'continuous_patient_data_generation', 'fetch_existing_patients', 'scheduled__2024-11-25T18:54:00+00:00', '--job-id', '1198', '--raw', '--subdir', 'DAGS_FOLDER/real_time_patient_data_update.py', '--cfg-path', '/tmp/tmpk07mxi0t']
[2024-11-25T20:55:12.816+0200] {standard_task_runner.py:105} INFO - Job 1198: Subtask fetch_existing_patients
[2024-11-25T20:55:12.966+0200] {task_command.py:467} INFO - Running <TaskInstance: continuous_patient_data_generation.fetch_existing_patients scheduled__2024-11-25T18:54:00+00:00 [running]> on host munyah-ThinkPad-X1-Yoga-1st
[2024-11-25T20:55:13.224+0200] {taskinstance.py:3132} INFO - Exporting env vars: AIRFLOW_CTX_DAG_OWNER='munyah' AIRFLOW_CTX_DAG_ID='continuous_patient_data_generation' AIRFLOW_CTX_TASK_ID='fetch_existing_patients' AIRFLOW_CTX_EXECUTION_DATE='2024-11-25T18:54:00+00:00' AIRFLOW_CTX_TRY_NUMBER='1' AIRFLOW_CTX_DAG_RUN_ID='scheduled__2024-11-25T18:54:00+00:00'
[2024-11-25T20:55:13.227+0200] {logging_mixin.py:190} INFO - Task instance is in running state
[2024-11-25T20:55:13.227+0200] {logging_mixin.py:190} INFO -  Previous state of the Task instance: queued
[2024-11-25T20:55:13.228+0200] {logging_mixin.py:190} INFO - Current task name:fetch_existing_patients state:running start_date:2024-11-25 18:55:12.701210+00:00
[2024-11-25T20:55:13.229+0200] {logging_mixin.py:190} INFO - Dag name:continuous_patient_data_generation and current dag run status:running
[2024-11-25T20:55:13.230+0200] {taskinstance.py:731} INFO - ::endgroup::
[2024-11-25T20:55:13.252+0200] {base.py:84} INFO - Retrieving connection 'patients_data'
[2024-11-25T20:55:13.264+0200] {http.py:248} WARNING - HTTPConnectionPool(host='127.0.0.1', port=5000): Max retries exceeded with url: /api/patient-data (Caused by NewConnectionError('<urllib3.connection.HTTPConnection object at 0x7d62188edf90>: Failed to establish a new connection: [Errno 111] Connection refused')) Tenacity will retry to execute the operation
[2024-11-25T20:55:13.265+0200] {real_time_patient_data_update.py:50} ERROR - Exception during API fetch: HTTPConnectionPool(host='127.0.0.1', port=5000): Max retries exceeded with url: /api/patient-data (Caused by NewConnectionError('<urllib3.connection.HTTPConnection object at 0x7d62188edf90>: Failed to establish a new connection: [Errno 111] Connection refused'))
[2024-11-25T20:55:13.293+0200] {python.py:240} INFO - Done. Returned value was: None
[2024-11-25T20:55:13.310+0200] {taskinstance.py:340} INFO - ::group::Post task execution logs
[2024-11-25T20:55:13.312+0200] {taskinstance.py:352} INFO - Marking task as SUCCESS. dag_id=continuous_patient_data_generation, task_id=fetch_existing_patients, run_id=scheduled__2024-11-25T18:54:00+00:00, execution_date=20241125T185400, start_date=20241125T185512, end_date=20241125T185513
[2024-11-25T20:55:13.337+0200] {logging_mixin.py:190} INFO - Task instance in success state
[2024-11-25T20:55:13.339+0200] {logging_mixin.py:190} INFO -  Previous state of the Task instance: running
[2024-11-25T20:55:13.340+0200] {logging_mixin.py:190} INFO - Dag name:continuous_patient_data_generation queued_at:2024-11-25 18:55:02.248099+00:00
[2024-11-25T20:55:13.340+0200] {logging_mixin.py:190} INFO - Task hostname:munyah-ThinkPad-X1-Yoga-1st operator:PythonOperator
[2024-11-25T20:55:13.382+0200] {local_task_job_runner.py:266} INFO - Task exited with return code 0
[2024-11-25T20:55:13.442+0200] {taskinstance.py:3895} INFO - 1 downstream tasks scheduled from follow-on schedule check
[2024-11-25T20:55:13.448+0200] {local_task_job_runner.py:245} INFO - ::endgroup::
