[2024-11-26T00:15:07.802+0200] {local_task_job_runner.py:123} INFO - ::group::Pre task execution logs
[2024-11-26T00:15:07.814+0200] {taskinstance.py:2613} INFO - Dependencies all met for dep_context=non-requeueable deps ti=<TaskInstance: continuous_patient_data_generation.add_new_patient scheduled__2024-11-25T22:14:00+00:00 [queued]>
[2024-11-26T00:15:07.823+0200] {taskinstance.py:2613} INFO - Dependencies all met for dep_context=requeueable deps ti=<TaskInstance: continuous_patient_data_generation.add_new_patient scheduled__2024-11-25T22:14:00+00:00 [queued]>
[2024-11-26T00:15:07.824+0200] {taskinstance.py:2866} INFO - Starting attempt 1 of 2
[2024-11-26T00:15:07.837+0200] {taskinstance.py:2889} INFO - Executing <Task(PythonOperator): add_new_patient> on 2024-11-25 22:14:00+00:00
[2024-11-26T00:15:07.843+0200] {standard_task_runner.py:72} INFO - Started process 663709 to run task
[2024-11-26T00:15:07.848+0200] {standard_task_runner.py:104} INFO - Running: ['airflow', 'tasks', 'run', 'continuous_patient_data_generation', 'add_new_patient', 'scheduled__2024-11-25T22:14:00+00:00', '--job-id', '1375', '--raw', '--subdir', 'DAGS_FOLDER/real_time_patient_data_update.py', '--cfg-path', '/tmp/tmpfq1yrqlk']
[2024-11-26T00:15:07.850+0200] {standard_task_runner.py:105} INFO - Job 1375: Subtask add_new_patient
[2024-11-26T00:15:07.907+0200] {task_command.py:467} INFO - Running <TaskInstance: continuous_patient_data_generation.add_new_patient scheduled__2024-11-25T22:14:00+00:00 [running]> on host munyah-ThinkPad-X1-Yoga-1st
[2024-11-26T00:15:07.992+0200] {taskinstance.py:3132} INFO - Exporting env vars: AIRFLOW_CTX_DAG_OWNER='munyah' AIRFLOW_CTX_DAG_ID='continuous_patient_data_generation' AIRFLOW_CTX_TASK_ID='add_new_patient' AIRFLOW_CTX_EXECUTION_DATE='2024-11-25T22:14:00+00:00' AIRFLOW_CTX_TRY_NUMBER='1' AIRFLOW_CTX_DAG_RUN_ID='scheduled__2024-11-25T22:14:00+00:00'
[2024-11-26T00:15:07.994+0200] {logging_mixin.py:190} INFO - Task instance is in running state
[2024-11-26T00:15:07.995+0200] {logging_mixin.py:190} INFO -  Previous state of the Task instance: queued
[2024-11-26T00:15:07.995+0200] {logging_mixin.py:190} INFO - Current task name:add_new_patient state:running start_date:2024-11-25 22:15:07.814820+00:00
[2024-11-26T00:15:07.995+0200] {logging_mixin.py:190} INFO - Dag name:continuous_patient_data_generation and current dag run status:running
[2024-11-26T00:15:07.996+0200] {taskinstance.py:731} INFO - ::endgroup::
[2024-11-26T00:15:08.004+0200] {real_time_patient_data_update.py:59} INFO - Existing patients before adding new: []
[2024-11-26T00:15:08.014+0200] {real_time_patient_data_update.py:78} INFO - New Patient Added: {'Patient_ID': 'PAT-00001', 'Age': 35, 'Gender': 'Male', 'Height': 168.38, 'Weight': 140.51, 'Temperature': 36.9, 'Blood_Pressure': '134/71', 'Cholesterol_Level': 'Borderline', 'Blood_Sugar_Level': 278, 'Heart_Rate': 42, 'BMI': 37.65, 'Previous_Medical_History': 'No significant history', 'Comorbidities': 'None', 'Smoking_Status': 'No', 'Alcohol_Consumption': 'No', 'Physical_Activity': 'High', 'Last_Visit_Date': '2024-02-08', 'Genomic_Info': 'Normal', 'Diagnosis': 'No specific diagnosis', 'Hospitalization': 'Yes'}
[2024-11-26T00:15:08.014+0200] {real_time_patient_data_update.py:79} INFO - Updated Patients List: [{'Patient_ID': 'PAT-00001', 'Age': 35, 'Gender': 'Male', 'Height': 168.38, 'Weight': 140.51, 'Temperature': 36.9, 'Blood_Pressure': '134/71', 'Cholesterol_Level': 'Borderline', 'Blood_Sugar_Level': 278, 'Heart_Rate': 42, 'BMI': 37.65, 'Previous_Medical_History': 'No significant history', 'Comorbidities': 'None', 'Smoking_Status': 'No', 'Alcohol_Consumption': 'No', 'Physical_Activity': 'High', 'Last_Visit_Date': '2024-02-08', 'Genomic_Info': 'Normal', 'Diagnosis': 'No specific diagnosis', 'Hospitalization': 'Yes'}]
[2024-11-26T00:15:08.015+0200] {python.py:240} INFO - Done. Returned value was: None
[2024-11-26T00:15:08.020+0200] {taskinstance.py:340} INFO - ::group::Post task execution logs
[2024-11-26T00:15:08.021+0200] {taskinstance.py:352} INFO - Marking task as SUCCESS. dag_id=continuous_patient_data_generation, task_id=add_new_patient, run_id=scheduled__2024-11-25T22:14:00+00:00, execution_date=20241125T221400, start_date=20241125T221507, end_date=20241125T221508
[2024-11-26T00:15:08.029+0200] {logging_mixin.py:190} INFO - Task instance in success state
[2024-11-26T00:15:08.030+0200] {logging_mixin.py:190} INFO -  Previous state of the Task instance: running
[2024-11-26T00:15:08.030+0200] {logging_mixin.py:190} INFO - Dag name:continuous_patient_data_generation queued_at:2024-11-25 22:15:01.596797+00:00
[2024-11-26T00:15:08.031+0200] {logging_mixin.py:190} INFO - Task hostname:munyah-ThinkPad-X1-Yoga-1st operator:PythonOperator
[2024-11-26T00:15:08.060+0200] {local_task_job_runner.py:266} INFO - Task exited with return code 0
[2024-11-26T00:15:08.079+0200] {taskinstance.py:3895} INFO - 0 downstream tasks scheduled from follow-on schedule check
[2024-11-26T00:15:08.080+0200] {local_task_job_runner.py:245} INFO - ::endgroup::
