[2025-02-08T15:06:16.094+0200] {local_task_job_runner.py:123} INFO - ::group::Pre task execution logs
[2025-02-08T15:06:16.122+0200] {taskinstance.py:2613} INFO - Dependencies all met for dep_context=non-requeueable deps ti=<TaskInstance: patient-monitoring.add_new_patient scheduled__2025-02-08T13:04:00+00:00 [queued]>
[2025-02-08T15:06:16.134+0200] {taskinstance.py:2613} INFO - Dependencies all met for dep_context=requeueable deps ti=<TaskInstance: patient-monitoring.add_new_patient scheduled__2025-02-08T13:04:00+00:00 [queued]>
[2025-02-08T15:06:16.136+0200] {taskinstance.py:2866} INFO - Starting attempt 1 of 2
[2025-02-08T15:06:16.163+0200] {taskinstance.py:2889} INFO - Executing <Task(PythonOperator): add_new_patient> on 2025-02-08 13:04:00+00:00
[2025-02-08T15:06:16.173+0200] {standard_task_runner.py:72} INFO - Started process 62648 to run task
[2025-02-08T15:06:16.182+0200] {standard_task_runner.py:104} INFO - Running: ['airflow', 'tasks', 'run', 'patient-monitoring', 'add_new_patient', 'scheduled__2025-02-08T13:04:00+00:00', '--job-id', '38', '--raw', '--subdir', 'DAGS_FOLDER/real_time_patient_data_update.py', '--cfg-path', '/tmp/tmppxkl874q']
[2025-02-08T15:06:16.184+0200] {standard_task_runner.py:105} INFO - Job 38: Subtask add_new_patient
[2025-02-08T15:06:16.271+0200] {task_command.py:467} INFO - Running <TaskInstance: patient-monitoring.add_new_patient scheduled__2025-02-08T13:04:00+00:00 [running]> on host munyah-ThinkPad-X1-Yoga-1st
[2025-02-08T15:06:16.409+0200] {taskinstance.py:3132} INFO - Exporting env vars: AIRFLOW_CTX_DAG_OWNER='munyah' AIRFLOW_CTX_DAG_ID='patient-monitoring' AIRFLOW_CTX_TASK_ID='add_new_patient' AIRFLOW_CTX_EXECUTION_DATE='2025-02-08T13:04:00+00:00' AIRFLOW_CTX_TRY_NUMBER='1' AIRFLOW_CTX_DAG_RUN_ID='scheduled__2025-02-08T13:04:00+00:00'
[2025-02-08T15:06:16.411+0200] {logging_mixin.py:190} INFO - Task instance is in running state
[2025-02-08T15:06:16.414+0200] {logging_mixin.py:190} INFO -  Previous state of the Task instance: queued
[2025-02-08T15:06:16.415+0200] {logging_mixin.py:190} INFO - Current task name:add_new_patient state:running start_date:2025-02-08 13:06:16.123314+00:00
[2025-02-08T15:06:16.416+0200] {logging_mixin.py:190} INFO - Dag name:patient-monitoring and current dag run status:running
[2025-02-08T15:06:16.416+0200] {taskinstance.py:731} INFO - ::endgroup::
[2025-02-08T15:06:16.469+0200] {real_time_patient_data_update.py:80} INFO - New Patient Added: {'Patient_ID': 'PAT-00051', 'Age': 4, 'Gender': 'Male', 'Height': 229.01, 'Weight': 127.66, 'Temperature': 37.8, 'Blood_Pressure': '91/68', 'Cholesterol_Level': 'High', 'Blood_Sugar_Level': 291, 'Heart_Rate': 175, 'BMI': 21.02, 'Previous_Medical_History': 'No significant history', 'Comorbidities': 'None', 'Smoking_Status': 'Yes', 'Alcohol_Consumption': 'No', 'Physical_Activity': 'High', 'Last_Visit_Date': '2024-06-13', 'Genomic_Info': 'High Risk', 'Diagnosis': 'No specific diagnosis', 'Hospitalization': 'Yes'}
[2025-02-08T15:06:16.470+0200] {real_time_patient_data_update.py:81} INFO - Total Patients After Addition: 51
[2025-02-08T15:06:16.485+0200] {base.py:84} INFO - Retrieving connection 'patients_data'
[2025-02-08T15:06:16.500+0200] {http.py:204} ERROR - HTTP error: INTERNAL SERVER ERROR
[2025-02-08T15:06:16.501+0200] {http.py:205} ERROR - {
  "error": "Failed to process the request."
}

[2025-02-08T15:06:16.501+0200] {real_time_patient_data_update.py:94} ERROR - Error while adding patient to the database: 500:INTERNAL SERVER ERROR
[2025-02-08T15:06:16.504+0200] {python.py:240} INFO - Done. Returned value was: None
[2025-02-08T15:06:16.518+0200] {taskinstance.py:340} INFO - ::group::Post task execution logs
[2025-02-08T15:06:16.521+0200] {taskinstance.py:352} INFO - Marking task as SUCCESS. dag_id=patient-monitoring, task_id=add_new_patient, run_id=scheduled__2025-02-08T13:04:00+00:00, execution_date=20250208T130400, start_date=20250208T130616, end_date=20250208T130616
[2025-02-08T15:06:16.545+0200] {logging_mixin.py:190} INFO - Task instance in success state
[2025-02-08T15:06:16.546+0200] {logging_mixin.py:190} INFO -  Previous state of the Task instance: running
[2025-02-08T15:06:16.546+0200] {logging_mixin.py:190} INFO - Dag name:patient-monitoring queued_at:2025-02-08 13:05:55.884000+00:00
[2025-02-08T15:06:16.547+0200] {logging_mixin.py:190} INFO - Task hostname:munyah-ThinkPad-X1-Yoga-1st operator:PythonOperator
[2025-02-08T15:06:16.564+0200] {local_task_job_runner.py:266} INFO - Task exited with return code 0
[2025-02-08T15:06:16.604+0200] {taskinstance.py:3895} INFO - 0 downstream tasks scheduled from follow-on schedule check
[2025-02-08T15:06:16.605+0200] {local_task_job_runner.py:245} INFO - ::endgroup::
