[2024-11-26T14:45:08.191+0200] {local_task_job_runner.py:123} INFO - ::group::Pre task execution logs
[2024-11-26T14:45:08.205+0200] {taskinstance.py:2613} INFO - Dependencies all met for dep_context=non-requeueable deps ti=<TaskInstance: continuous_patient_data_generation.add_new_patient scheduled__2024-11-26T12:44:00+00:00 [queued]>
[2024-11-26T14:45:08.214+0200] {taskinstance.py:2613} INFO - Dependencies all met for dep_context=requeueable deps ti=<TaskInstance: continuous_patient_data_generation.add_new_patient scheduled__2024-11-26T12:44:00+00:00 [queued]>
[2024-11-26T14:45:08.214+0200] {taskinstance.py:2866} INFO - Starting attempt 1 of 2
[2024-11-26T14:45:08.228+0200] {taskinstance.py:2889} INFO - Executing <Task(PythonOperator): add_new_patient> on 2024-11-26 12:44:00+00:00
[2024-11-26T14:45:08.234+0200] {standard_task_runner.py:72} INFO - Started process 735597 to run task
[2024-11-26T14:45:08.239+0200] {standard_task_runner.py:104} INFO - Running: ['airflow', 'tasks', 'run', 'continuous_patient_data_generation', 'add_new_patient', 'scheduled__2024-11-26T12:44:00+00:00', '--job-id', '1929', '--raw', '--subdir', 'DAGS_FOLDER/real_time_patient_data_update.py', '--cfg-path', '/tmp/tmpis0h7aqd']
[2024-11-26T14:45:08.240+0200] {standard_task_runner.py:105} INFO - Job 1929: Subtask add_new_patient
[2024-11-26T14:45:08.284+0200] {task_command.py:467} INFO - Running <TaskInstance: continuous_patient_data_generation.add_new_patient scheduled__2024-11-26T12:44:00+00:00 [running]> on host munyah-ThinkPad-X1-Yoga-1st
[2024-11-26T14:45:08.372+0200] {taskinstance.py:3132} INFO - Exporting env vars: AIRFLOW_CTX_DAG_OWNER='munyah' AIRFLOW_CTX_DAG_ID='continuous_patient_data_generation' AIRFLOW_CTX_TASK_ID='add_new_patient' AIRFLOW_CTX_EXECUTION_DATE='2024-11-26T12:44:00+00:00' AIRFLOW_CTX_TRY_NUMBER='1' AIRFLOW_CTX_DAG_RUN_ID='scheduled__2024-11-26T12:44:00+00:00'
[2024-11-26T14:45:08.373+0200] {logging_mixin.py:190} INFO - Task instance is in running state
[2024-11-26T14:45:08.373+0200] {logging_mixin.py:190} INFO -  Previous state of the Task instance: queued
[2024-11-26T14:45:08.374+0200] {logging_mixin.py:190} INFO - Current task name:add_new_patient state:running start_date:2024-11-26 12:45:08.206214+00:00
[2024-11-26T14:45:08.374+0200] {logging_mixin.py:190} INFO - Dag name:continuous_patient_data_generation and current dag run status:running
[2024-11-26T14:45:08.374+0200] {taskinstance.py:731} INFO - ::endgroup::
[2024-11-26T14:45:08.381+0200] {real_time_patient_data_update.py:59} INFO - Existing patients before adding new: []
[2024-11-26T14:45:08.390+0200] {real_time_patient_data_update.py:78} INFO - New Patient Added: {'Patient_ID': 'PAT-00001', 'Age': 114, 'Gender': 'Male', 'Height': 182.34, 'Weight': 79.39, 'Temperature': 37.8, 'Blood_Pressure': '112/80', 'Cholesterol_Level': 'High', 'Blood_Sugar_Level': 173, 'Heart_Rate': 117, 'BMI': 36.87, 'Previous_Medical_History': 'No significant history', 'Comorbidities': 'None', 'Smoking_Status': 'Yes', 'Alcohol_Consumption': 'Yes', 'Physical_Activity': 'Low', 'Last_Visit_Date': '2024-09-30', 'Genomic_Info': 'High Risk', 'Diagnosis': 'No specific diagnosis', 'Hospitalization': 'No'}
[2024-11-26T14:45:08.390+0200] {real_time_patient_data_update.py:79} INFO - Updated Patients List: [{'Patient_ID': 'PAT-00001', 'Age': 114, 'Gender': 'Male', 'Height': 182.34, 'Weight': 79.39, 'Temperature': 37.8, 'Blood_Pressure': '112/80', 'Cholesterol_Level': 'High', 'Blood_Sugar_Level': 173, 'Heart_Rate': 117, 'BMI': 36.87, 'Previous_Medical_History': 'No significant history', 'Comorbidities': 'None', 'Smoking_Status': 'Yes', 'Alcohol_Consumption': 'Yes', 'Physical_Activity': 'Low', 'Last_Visit_Date': '2024-09-30', 'Genomic_Info': 'High Risk', 'Diagnosis': 'No specific diagnosis', 'Hospitalization': 'No'}]
[2024-11-26T14:45:08.390+0200] {python.py:240} INFO - Done. Returned value was: None
[2024-11-26T14:45:08.396+0200] {taskinstance.py:340} INFO - ::group::Post task execution logs
[2024-11-26T14:45:08.396+0200] {taskinstance.py:352} INFO - Marking task as SUCCESS. dag_id=continuous_patient_data_generation, task_id=add_new_patient, run_id=scheduled__2024-11-26T12:44:00+00:00, execution_date=20241126T124400, start_date=20241126T124508, end_date=20241126T124508
[2024-11-26T14:45:08.406+0200] {logging_mixin.py:190} INFO - Task instance in success state
[2024-11-26T14:45:08.406+0200] {logging_mixin.py:190} INFO -  Previous state of the Task instance: running
[2024-11-26T14:45:08.407+0200] {logging_mixin.py:190} INFO - Dag name:continuous_patient_data_generation queued_at:2024-11-26 12:45:01.575794+00:00
[2024-11-26T14:45:08.407+0200] {logging_mixin.py:190} INFO - Task hostname:munyah-ThinkPad-X1-Yoga-1st operator:PythonOperator
[2024-11-26T14:45:08.451+0200] {local_task_job_runner.py:266} INFO - Task exited with return code 0
[2024-11-26T14:45:08.466+0200] {taskinstance.py:3895} INFO - 0 downstream tasks scheduled from follow-on schedule check
[2024-11-26T14:45:08.467+0200] {local_task_job_runner.py:245} INFO - ::endgroup::
