[2025-02-08T15:11:08.438+0200] {local_task_job_runner.py:123} INFO - ::group::Pre task execution logs
[2025-02-08T15:11:08.450+0200] {taskinstance.py:2613} INFO - Dependencies all met for dep_context=non-requeueable deps ti=<TaskInstance: patient-monitoring.add_new_patient scheduled__2025-02-08T13:10:00+00:00 [queued]>
[2025-02-08T15:11:08.457+0200] {taskinstance.py:2613} INFO - Dependencies all met for dep_context=requeueable deps ti=<TaskInstance: patient-monitoring.add_new_patient scheduled__2025-02-08T13:10:00+00:00 [queued]>
[2025-02-08T15:11:08.458+0200] {taskinstance.py:2866} INFO - Starting attempt 1 of 2
[2025-02-08T15:11:08.472+0200] {taskinstance.py:2889} INFO - Executing <Task(PythonOperator): add_new_patient> on 2025-02-08 13:10:00+00:00
[2025-02-08T15:11:08.479+0200] {standard_task_runner.py:72} INFO - Started process 63684 to run task
[2025-02-08T15:11:08.484+0200] {standard_task_runner.py:104} INFO - Running: ['airflow', 'tasks', 'run', 'patient-monitoring', 'add_new_patient', 'scheduled__2025-02-08T13:10:00+00:00', '--job-id', '50', '--raw', '--subdir', 'DAGS_FOLDER/real_time_patient_data_update.py', '--cfg-path', '/tmp/tmp63xlacfo']
[2025-02-08T15:11:08.485+0200] {standard_task_runner.py:105} INFO - Job 50: Subtask add_new_patient
[2025-02-08T15:11:08.530+0200] {task_command.py:467} INFO - Running <TaskInstance: patient-monitoring.add_new_patient scheduled__2025-02-08T13:10:00+00:00 [running]> on host munyah-ThinkPad-X1-Yoga-1st
[2025-02-08T15:11:08.601+0200] {taskinstance.py:3132} INFO - Exporting env vars: AIRFLOW_CTX_DAG_OWNER='munyah' AIRFLOW_CTX_DAG_ID='patient-monitoring' AIRFLOW_CTX_TASK_ID='add_new_patient' AIRFLOW_CTX_EXECUTION_DATE='2025-02-08T13:10:00+00:00' AIRFLOW_CTX_TRY_NUMBER='1' AIRFLOW_CTX_DAG_RUN_ID='scheduled__2025-02-08T13:10:00+00:00'
[2025-02-08T15:11:08.603+0200] {logging_mixin.py:190} INFO - Task instance is in running state
[2025-02-08T15:11:08.603+0200] {logging_mixin.py:190} INFO -  Previous state of the Task instance: queued
[2025-02-08T15:11:08.603+0200] {logging_mixin.py:190} INFO - Current task name:add_new_patient state:running start_date:2025-02-08 13:11:08.451391+00:00
[2025-02-08T15:11:08.604+0200] {logging_mixin.py:190} INFO - Dag name:patient-monitoring and current dag run status:running
[2025-02-08T15:11:08.604+0200] {taskinstance.py:731} INFO - ::endgroup::
[2025-02-08T15:11:08.628+0200] {real_time_patient_data_update.py:80} INFO - New Patient Added: {'Patient_ID': 'PAT-00051', 'Age': 22, 'Gender': 'Female', 'Height': 105.84, 'Weight': 164.59, 'Temperature': 36.8, 'Blood_Pressure': '108/90', 'Cholesterol_Level': 'Normal', 'Blood_Sugar_Level': 231, 'Heart_Rate': 170, 'BMI': 29.96, 'Previous_Medical_History': 'No significant history', 'Comorbidities': 'None', 'Smoking_Status': 'No', 'Alcohol_Consumption': 'Yes', 'Physical_Activity': 'High', 'Last_Visit_Date': '2025-01-28', 'Genomic_Info': 'Normal', 'Diagnosis': 'No specific diagnosis', 'Hospitalization': 'Yes'}
[2025-02-08T15:11:08.628+0200] {real_time_patient_data_update.py:81} INFO - Total Patients After Addition: 51
[2025-02-08T15:11:08.638+0200] {base.py:84} INFO - Retrieving connection 'patients_data'
[2025-02-08T15:11:08.646+0200] {http.py:204} ERROR - HTTP error: INTERNAL SERVER ERROR
[2025-02-08T15:11:08.646+0200] {http.py:205} ERROR - {
  "error": "Failed to process the request."
}

[2025-02-08T15:11:08.647+0200] {real_time_patient_data_update.py:94} ERROR - Error while adding patient to the database: 500:INTERNAL SERVER ERROR
[2025-02-08T15:11:08.647+0200] {python.py:240} INFO - Done. Returned value was: None
[2025-02-08T15:11:08.654+0200] {taskinstance.py:340} INFO - ::group::Post task execution logs
[2025-02-08T15:11:08.655+0200] {taskinstance.py:352} INFO - Marking task as SUCCESS. dag_id=patient-monitoring, task_id=add_new_patient, run_id=scheduled__2025-02-08T13:10:00+00:00, execution_date=20250208T131000, start_date=20250208T131108, end_date=20250208T131108
[2025-02-08T15:11:08.667+0200] {logging_mixin.py:190} INFO - Task instance in success state
[2025-02-08T15:11:08.667+0200] {logging_mixin.py:190} INFO -  Previous state of the Task instance: running
[2025-02-08T15:11:08.668+0200] {logging_mixin.py:190} INFO - Dag name:patient-monitoring queued_at:2025-02-08 13:11:01.299158+00:00
[2025-02-08T15:11:08.668+0200] {logging_mixin.py:190} INFO - Task hostname:munyah-ThinkPad-X1-Yoga-1st operator:PythonOperator
[2025-02-08T15:11:08.696+0200] {local_task_job_runner.py:266} INFO - Task exited with return code 0
[2025-02-08T15:11:08.713+0200] {taskinstance.py:3895} INFO - 0 downstream tasks scheduled from follow-on schedule check
[2025-02-08T15:11:08.714+0200] {local_task_job_runner.py:245} INFO - ::endgroup::
[2025-02-08T15:12:31.456+0200] {local_task_job_runner.py:123} INFO - ::group::Pre task execution logs
[2025-02-08T15:12:31.472+0200] {taskinstance.py:2613} INFO - Dependencies all met for dep_context=non-requeueable deps ti=<TaskInstance: patient-monitoring.add_new_patient scheduled__2025-02-08T13:10:00+00:00 [queued]>
[2025-02-08T15:12:31.481+0200] {taskinstance.py:2613} INFO - Dependencies all met for dep_context=requeueable deps ti=<TaskInstance: patient-monitoring.add_new_patient scheduled__2025-02-08T13:10:00+00:00 [queued]>
[2025-02-08T15:12:31.481+0200] {taskinstance.py:2866} INFO - Starting attempt 1 of 2
[2025-02-08T15:12:31.497+0200] {taskinstance.py:2889} INFO - Executing <Task(PythonOperator): add_new_patient> on 2025-02-08 13:10:00+00:00
[2025-02-08T15:12:31.504+0200] {standard_task_runner.py:72} INFO - Started process 64072 to run task
[2025-02-08T15:12:31.512+0200] {standard_task_runner.py:104} INFO - Running: ['airflow', 'tasks', 'run', 'patient-monitoring', 'add_new_patient', 'scheduled__2025-02-08T13:10:00+00:00', '--job-id', '38', '--raw', '--subdir', 'DAGS_FOLDER/real_time_patient_data_update.py', '--cfg-path', '/tmp/tmphjqq05zv']
[2025-02-08T15:12:31.514+0200] {standard_task_runner.py:105} INFO - Job 38: Subtask add_new_patient
[2025-02-08T15:12:31.579+0200] {task_command.py:467} INFO - Running <TaskInstance: patient-monitoring.add_new_patient scheduled__2025-02-08T13:10:00+00:00 [running]> on host munyah-ThinkPad-X1-Yoga-1st
[2025-02-08T15:12:31.683+0200] {taskinstance.py:3132} INFO - Exporting env vars: AIRFLOW_CTX_DAG_OWNER='munyah' AIRFLOW_CTX_DAG_ID='patient-monitoring' AIRFLOW_CTX_TASK_ID='add_new_patient' AIRFLOW_CTX_EXECUTION_DATE='2025-02-08T13:10:00+00:00' AIRFLOW_CTX_TRY_NUMBER='1' AIRFLOW_CTX_DAG_RUN_ID='scheduled__2025-02-08T13:10:00+00:00'
[2025-02-08T15:12:31.684+0200] {logging_mixin.py:190} INFO - Task instance is in running state
[2025-02-08T15:12:31.684+0200] {logging_mixin.py:190} INFO -  Previous state of the Task instance: queued
[2025-02-08T15:12:31.684+0200] {logging_mixin.py:190} INFO - Current task name:add_new_patient state:running start_date:2025-02-08 13:12:31.472922+00:00
[2025-02-08T15:12:31.685+0200] {logging_mixin.py:190} INFO - Dag name:patient-monitoring and current dag run status:running
[2025-02-08T15:12:31.685+0200] {taskinstance.py:731} INFO - ::endgroup::
[2025-02-08T15:12:31.710+0200] {real_time_patient_data_update.py:80} INFO - New Patient Added: {'Patient_ID': 'PAT-00051', 'Age': 43, 'Gender': 'Female', 'Height': 212.42, 'Weight': 42.66, 'Temperature': 37.3, 'Blood_Pressure': '128/63', 'Cholesterol_Level': 'High', 'Blood_Sugar_Level': 209, 'Heart_Rate': 135, 'BMI': 41.67, 'Previous_Medical_History': 'No significant history', 'Comorbidities': 'None', 'Smoking_Status': 'Yes', 'Alcohol_Consumption': 'Yes', 'Physical_Activity': 'High', 'Last_Visit_Date': '2024-11-26', 'Genomic_Info': 'Mutated', 'Diagnosis': 'No specific diagnosis', 'Hospitalization': 'No'}
[2025-02-08T15:12:31.710+0200] {real_time_patient_data_update.py:81} INFO - Total Patients After Addition: 51
[2025-02-08T15:12:31.717+0200] {base.py:84} INFO - Retrieving connection 'patients_data'
[2025-02-08T15:12:31.723+0200] {http.py:204} ERROR - HTTP error: INTERNAL SERVER ERROR
[2025-02-08T15:12:31.724+0200] {http.py:205} ERROR - {
  "error": "Failed to process the request."
}

[2025-02-08T15:12:31.724+0200] {real_time_patient_data_update.py:94} ERROR - Error while adding patient to the database: 500:INTERNAL SERVER ERROR
[2025-02-08T15:12:31.724+0200] {python.py:240} INFO - Done. Returned value was: None
[2025-02-08T15:12:31.733+0200] {taskinstance.py:340} INFO - ::group::Post task execution logs
[2025-02-08T15:12:31.733+0200] {taskinstance.py:352} INFO - Marking task as SUCCESS. dag_id=patient-monitoring, task_id=add_new_patient, run_id=scheduled__2025-02-08T13:10:00+00:00, execution_date=20250208T131000, start_date=20250208T131231, end_date=20250208T131231
[2025-02-08T15:12:31.747+0200] {logging_mixin.py:190} INFO - Task instance in success state
[2025-02-08T15:12:31.748+0200] {logging_mixin.py:190} INFO -  Previous state of the Task instance: running
[2025-02-08T15:12:31.749+0200] {logging_mixin.py:190} INFO - Dag name:patient-monitoring queued_at:2025-02-08 13:12:13.428938+00:00
[2025-02-08T15:12:31.749+0200] {logging_mixin.py:190} INFO - Task hostname:munyah-ThinkPad-X1-Yoga-1st operator:PythonOperator
[2025-02-08T15:12:31.765+0200] {local_task_job_runner.py:266} INFO - Task exited with return code 0
[2025-02-08T15:12:31.782+0200] {taskinstance.py:3895} INFO - 0 downstream tasks scheduled from follow-on schedule check
[2025-02-08T15:12:31.783+0200] {local_task_job_runner.py:245} INFO - ::endgroup::
