[2024-11-23T18:40:04.352+0200] {local_task_job_runner.py:123} INFO - ::group::Pre task execution logs
[2024-11-23T18:40:04.363+0200] {taskinstance.py:2613} INFO - Dependencies all met for dep_context=non-requeueable deps ti=<TaskInstance: real_time_patient_data_update.fetch_all_patient_data scheduled__2024-11-23T16:35:00+00:00 [queued]>
[2024-11-23T18:40:04.369+0200] {taskinstance.py:2613} INFO - Dependencies all met for dep_context=requeueable deps ti=<TaskInstance: real_time_patient_data_update.fetch_all_patient_data scheduled__2024-11-23T16:35:00+00:00 [queued]>
[2024-11-23T18:40:04.369+0200] {taskinstance.py:2866} INFO - Starting attempt 1 of 2
[2024-11-23T18:40:04.383+0200] {taskinstance.py:2889} INFO - Executing <Task(PythonOperator): fetch_all_patient_data> on 2024-11-23 16:35:00+00:00
[2024-11-23T18:40:04.389+0200] {standard_task_runner.py:72} INFO - Started process 398264 to run task
[2024-11-23T18:40:04.394+0200] {standard_task_runner.py:104} INFO - Running: ['airflow', 'tasks', 'run', 'real_time_patient_data_update', 'fetch_all_patient_data', 'scheduled__2024-11-23T16:35:00+00:00', '--job-id', '6', '--raw', '--subdir', 'DAGS_FOLDER/real_time_patient_data_update.py', '--cfg-path', '/tmp/tmpsorkrq3l']
[2024-11-23T18:40:04.396+0200] {standard_task_runner.py:105} INFO - Job 6: Subtask fetch_all_patient_data
[2024-11-23T18:40:04.435+0200] {task_command.py:467} INFO - Running <TaskInstance: real_time_patient_data_update.fetch_all_patient_data scheduled__2024-11-23T16:35:00+00:00 [running]> on host munyah-ThinkPad-X1-Yoga-1st
[2024-11-23T18:40:04.504+0200] {taskinstance.py:3132} INFO - Exporting env vars: AIRFLOW_CTX_DAG_OWNER='airflow' AIRFLOW_CTX_DAG_ID='real_time_patient_data_update' AIRFLOW_CTX_TASK_ID='fetch_all_patient_data' AIRFLOW_CTX_EXECUTION_DATE='2024-11-23T16:35:00+00:00' AIRFLOW_CTX_TRY_NUMBER='1' AIRFLOW_CTX_DAG_RUN_ID='scheduled__2024-11-23T16:35:00+00:00'
[2024-11-23T18:40:04.506+0200] {logging_mixin.py:190} INFO - Task instance is in running state
[2024-11-23T18:40:04.506+0200] {logging_mixin.py:190} INFO -  Previous state of the Task instance: queued
[2024-11-23T18:40:04.507+0200] {logging_mixin.py:190} INFO - Current task name:fetch_all_patient_data state:running start_date:2024-11-23 16:40:04.363853+00:00
[2024-11-23T18:40:04.507+0200] {logging_mixin.py:190} INFO - Dag name:real_time_patient_data_update and current dag run status:running
[2024-11-23T18:40:04.507+0200] {taskinstance.py:731} INFO - ::endgroup::
[2024-11-23T18:40:04.515+0200] {base.py:84} INFO - Retrieving connection 'patients_data'
[2024-11-23T18:40:04.547+0200] {python.py:240} INFO - Done. Returned value was: None
[2024-11-23T18:40:04.553+0200] {taskinstance.py:340} INFO - ::group::Post task execution logs
[2024-11-23T18:40:04.554+0200] {taskinstance.py:352} INFO - Marking task as SUCCESS. dag_id=real_time_patient_data_update, task_id=fetch_all_patient_data, run_id=scheduled__2024-11-23T16:35:00+00:00, execution_date=20241123T163500, start_date=20241123T164004, end_date=20241123T164004
[2024-11-23T18:40:04.565+0200] {logging_mixin.py:190} INFO - Task instance in success state
[2024-11-23T18:40:04.566+0200] {logging_mixin.py:190} INFO -  Previous state of the Task instance: running
[2024-11-23T18:40:04.566+0200] {logging_mixin.py:190} INFO - Dag name:real_time_patient_data_update queued_at:2024-11-23 16:40:01.841685+00:00
[2024-11-23T18:40:04.566+0200] {logging_mixin.py:190} INFO - Task hostname:munyah-ThinkPad-X1-Yoga-1st operator:PythonOperator
[2024-11-23T18:40:04.608+0200] {local_task_job_runner.py:266} INFO - Task exited with return code 0
[2024-11-23T18:40:04.664+0200] {taskinstance.py:3895} INFO - 1 downstream tasks scheduled from follow-on schedule check
[2024-11-23T18:40:04.671+0200] {local_task_job_runner.py:245} INFO - ::endgroup::
[2024-11-23T18:41:38.367+0200] {local_task_job_runner.py:123} INFO - ::group::Pre task execution logs
[2024-11-23T18:41:38.379+0200] {taskinstance.py:2613} INFO - Dependencies all met for dep_context=non-requeueable deps ti=<TaskInstance: real_time_patient_data_update.fetch_all_patient_data scheduled__2024-11-23T16:35:00+00:00 [queued]>
[2024-11-23T18:41:38.389+0200] {taskinstance.py:2613} INFO - Dependencies all met for dep_context=requeueable deps ti=<TaskInstance: real_time_patient_data_update.fetch_all_patient_data scheduled__2024-11-23T16:35:00+00:00 [queued]>
[2024-11-23T18:41:38.389+0200] {taskinstance.py:2866} INFO - Starting attempt 1 of 2
[2024-11-23T18:41:38.403+0200] {taskinstance.py:2889} INFO - Executing <Task(PythonOperator): fetch_all_patient_data> on 2024-11-23 16:35:00+00:00
[2024-11-23T18:41:38.409+0200] {standard_task_runner.py:72} INFO - Started process 398679 to run task
[2024-11-23T18:41:38.414+0200] {standard_task_runner.py:104} INFO - Running: ['airflow', 'tasks', 'run', 'real_time_patient_data_update', 'fetch_all_patient_data', 'scheduled__2024-11-23T16:35:00+00:00', '--job-id', '2', '--raw', '--subdir', 'DAGS_FOLDER/real_time_patient_data_update.py', '--cfg-path', '/tmp/tmphcq_3mc8']
[2024-11-23T18:41:38.415+0200] {standard_task_runner.py:105} INFO - Job 2: Subtask fetch_all_patient_data
[2024-11-23T18:41:38.463+0200] {task_command.py:467} INFO - Running <TaskInstance: real_time_patient_data_update.fetch_all_patient_data scheduled__2024-11-23T16:35:00+00:00 [running]> on host munyah-ThinkPad-X1-Yoga-1st
[2024-11-23T18:41:38.536+0200] {taskinstance.py:3132} INFO - Exporting env vars: AIRFLOW_CTX_DAG_OWNER='airflow' AIRFLOW_CTX_DAG_ID='real_time_patient_data_update' AIRFLOW_CTX_TASK_ID='fetch_all_patient_data' AIRFLOW_CTX_EXECUTION_DATE='2024-11-23T16:35:00+00:00' AIRFLOW_CTX_TRY_NUMBER='1' AIRFLOW_CTX_DAG_RUN_ID='scheduled__2024-11-23T16:35:00+00:00'
[2024-11-23T18:41:38.538+0200] {logging_mixin.py:190} INFO - Task instance is in running state
[2024-11-23T18:41:38.539+0200] {logging_mixin.py:190} INFO -  Previous state of the Task instance: queued
[2024-11-23T18:41:38.540+0200] {logging_mixin.py:190} INFO - Current task name:fetch_all_patient_data state:running start_date:2024-11-23 16:41:38.380144+00:00
[2024-11-23T18:41:38.540+0200] {logging_mixin.py:190} INFO - Dag name:real_time_patient_data_update and current dag run status:running
[2024-11-23T18:41:38.541+0200] {taskinstance.py:731} INFO - ::endgroup::
[2024-11-23T18:41:38.548+0200] {base.py:84} INFO - Retrieving connection 'patients_data'
[2024-11-23T18:41:38.588+0200] {python.py:240} INFO - Done. Returned value was: None
[2024-11-23T18:41:38.599+0200] {taskinstance.py:340} INFO - ::group::Post task execution logs
[2024-11-23T18:41:38.600+0200] {taskinstance.py:352} INFO - Marking task as SUCCESS. dag_id=real_time_patient_data_update, task_id=fetch_all_patient_data, run_id=scheduled__2024-11-23T16:35:00+00:00, execution_date=20241123T163500, start_date=20241123T164138, end_date=20241123T164138
[2024-11-23T18:41:38.613+0200] {logging_mixin.py:190} INFO - Task instance in success state
[2024-11-23T18:41:38.614+0200] {logging_mixin.py:190} INFO -  Previous state of the Task instance: running
[2024-11-23T18:41:38.614+0200] {logging_mixin.py:190} INFO - Dag name:real_time_patient_data_update queued_at:2024-11-23 16:41:35.156718+00:00
[2024-11-23T18:41:38.614+0200] {logging_mixin.py:190} INFO - Task hostname:munyah-ThinkPad-X1-Yoga-1st operator:PythonOperator
[2024-11-23T18:41:38.627+0200] {local_task_job_runner.py:266} INFO - Task exited with return code 0
[2024-11-23T18:41:38.656+0200] {taskinstance.py:3895} INFO - 1 downstream tasks scheduled from follow-on schedule check
[2024-11-23T18:41:38.659+0200] {local_task_job_runner.py:245} INFO - ::endgroup::
[2024-11-23T18:43:13.085+0200] {local_task_job_runner.py:123} INFO - ::group::Pre task execution logs
[2024-11-23T18:43:13.106+0200] {taskinstance.py:2613} INFO - Dependencies all met for dep_context=non-requeueable deps ti=<TaskInstance: real_time_patient_data_update.fetch_all_patient_data scheduled__2024-11-23T16:35:00+00:00 [queued]>
[2024-11-23T18:43:13.114+0200] {taskinstance.py:2613} INFO - Dependencies all met for dep_context=requeueable deps ti=<TaskInstance: real_time_patient_data_update.fetch_all_patient_data scheduled__2024-11-23T16:35:00+00:00 [queued]>
[2024-11-23T18:43:13.114+0200] {taskinstance.py:2866} INFO - Starting attempt 1 of 2
[2024-11-23T18:43:13.132+0200] {taskinstance.py:2889} INFO - Executing <Task(PythonOperator): fetch_all_patient_data> on 2024-11-23 16:35:00+00:00
[2024-11-23T18:43:13.141+0200] {standard_task_runner.py:72} INFO - Started process 399061 to run task
[2024-11-23T18:43:13.146+0200] {standard_task_runner.py:104} INFO - Running: ['airflow', 'tasks', 'run', 'real_time_patient_data_update', 'fetch_all_patient_data', 'scheduled__2024-11-23T16:35:00+00:00', '--job-id', '2', '--raw', '--subdir', 'DAGS_FOLDER/real_time_patient_data_update.py', '--cfg-path', '/tmp/tmp01jumrh6']
[2024-11-23T18:43:13.147+0200] {standard_task_runner.py:105} INFO - Job 2: Subtask fetch_all_patient_data
[2024-11-23T18:43:13.192+0200] {task_command.py:467} INFO - Running <TaskInstance: real_time_patient_data_update.fetch_all_patient_data scheduled__2024-11-23T16:35:00+00:00 [running]> on host munyah-ThinkPad-X1-Yoga-1st
[2024-11-23T18:43:13.260+0200] {taskinstance.py:3132} INFO - Exporting env vars: AIRFLOW_CTX_DAG_OWNER='airflow' AIRFLOW_CTX_DAG_ID='real_time_patient_data_update' AIRFLOW_CTX_TASK_ID='fetch_all_patient_data' AIRFLOW_CTX_EXECUTION_DATE='2024-11-23T16:35:00+00:00' AIRFLOW_CTX_TRY_NUMBER='1' AIRFLOW_CTX_DAG_RUN_ID='scheduled__2024-11-23T16:35:00+00:00'
[2024-11-23T18:43:13.261+0200] {logging_mixin.py:190} INFO - Task instance is in running state
[2024-11-23T18:43:13.261+0200] {logging_mixin.py:190} INFO -  Previous state of the Task instance: queued
[2024-11-23T18:43:13.261+0200] {logging_mixin.py:190} INFO - Current task name:fetch_all_patient_data state:running start_date:2024-11-23 16:43:13.107083+00:00
[2024-11-23T18:43:13.261+0200] {logging_mixin.py:190} INFO - Dag name:real_time_patient_data_update and current dag run status:running
[2024-11-23T18:43:13.262+0200] {taskinstance.py:731} INFO - ::endgroup::
[2024-11-23T18:43:13.269+0200] {base.py:84} INFO - Retrieving connection 'patients_data'
[2024-11-23T18:43:13.302+0200] {python.py:240} INFO - Done. Returned value was: None
[2024-11-23T18:43:13.311+0200] {taskinstance.py:340} INFO - ::group::Post task execution logs
[2024-11-23T18:43:13.312+0200] {taskinstance.py:352} INFO - Marking task as SUCCESS. dag_id=real_time_patient_data_update, task_id=fetch_all_patient_data, run_id=scheduled__2024-11-23T16:35:00+00:00, execution_date=20241123T163500, start_date=20241123T164313, end_date=20241123T164313
[2024-11-23T18:43:13.323+0200] {logging_mixin.py:190} INFO - Task instance in success state
[2024-11-23T18:43:13.323+0200] {logging_mixin.py:190} INFO -  Previous state of the Task instance: running
[2024-11-23T18:43:13.323+0200] {logging_mixin.py:190} INFO - Dag name:real_time_patient_data_update queued_at:2024-11-23 16:43:10.258264+00:00
[2024-11-23T18:43:13.324+0200] {logging_mixin.py:190} INFO - Task hostname:munyah-ThinkPad-X1-Yoga-1st operator:PythonOperator
[2024-11-23T18:43:13.359+0200] {local_task_job_runner.py:266} INFO - Task exited with return code 0
[2024-11-23T18:43:13.381+0200] {taskinstance.py:3895} INFO - 1 downstream tasks scheduled from follow-on schedule check
[2024-11-23T18:43:13.385+0200] {local_task_job_runner.py:245} INFO - ::endgroup::
