[2024-11-24T15:30:54.174+0200] {local_task_job_runner.py:123} INFO - ::group::Pre task execution logs
[2024-11-24T15:30:54.194+0200] {taskinstance.py:2613} INFO - Dependencies all met for dep_context=non-requeueable deps ti=<TaskInstance: continuous_patient_data_generation.initialize_or_fetch_patients manual__2024-11-24T13:30:45.747972+00:00 [queued]>
[2024-11-24T15:30:54.206+0200] {taskinstance.py:2613} INFO - Dependencies all met for dep_context=requeueable deps ti=<TaskInstance: continuous_patient_data_generation.initialize_or_fetch_patients manual__2024-11-24T13:30:45.747972+00:00 [queued]>
[2024-11-24T15:30:54.206+0200] {taskinstance.py:2866} INFO - Starting attempt 1 of 2
[2024-11-24T15:30:54.228+0200] {taskinstance.py:2889} INFO - Executing <Task(PythonOperator): initialize_or_fetch_patients> on 2024-11-24 13:30:45.747972+00:00
[2024-11-24T15:30:54.236+0200] {standard_task_runner.py:72} INFO - Started process 502501 to run task
[2024-11-24T15:30:54.241+0200] {standard_task_runner.py:104} INFO - Running: ['airflow', 'tasks', 'run', 'continuous_patient_data_generation', 'initialize_or_fetch_patients', 'manual__2024-11-24T13:30:45.747972+00:00', '--job-id', '3', '--raw', '--subdir', 'DAGS_FOLDER/real_time_patient_data_update.py', '--cfg-path', '/tmp/tmp72jb2c59']
[2024-11-24T15:30:54.243+0200] {standard_task_runner.py:105} INFO - Job 3: Subtask initialize_or_fetch_patients
[2024-11-24T15:30:54.299+0200] {task_command.py:467} INFO - Running <TaskInstance: continuous_patient_data_generation.initialize_or_fetch_patients manual__2024-11-24T13:30:45.747972+00:00 [running]> on host munyah-ThinkPad-X1-Yoga-1st
[2024-11-24T15:30:54.387+0200] {taskinstance.py:3132} INFO - Exporting env vars: AIRFLOW_CTX_DAG_OWNER='munyah' AIRFLOW_CTX_DAG_ID='continuous_patient_data_generation' AIRFLOW_CTX_TASK_ID='initialize_or_fetch_patients' AIRFLOW_CTX_EXECUTION_DATE='2024-11-24T13:30:45.747972+00:00' AIRFLOW_CTX_TRY_NUMBER='1' AIRFLOW_CTX_DAG_RUN_ID='manual__2024-11-24T13:30:45.747972+00:00'
[2024-11-24T15:30:54.389+0200] {logging_mixin.py:190} INFO - Task instance is in running state
[2024-11-24T15:30:54.389+0200] {logging_mixin.py:190} INFO -  Previous state of the Task instance: queued
[2024-11-24T15:30:54.389+0200] {logging_mixin.py:190} INFO - Current task name:initialize_or_fetch_patients state:running start_date:2024-11-24 13:30:54.195757+00:00
[2024-11-24T15:30:54.389+0200] {logging_mixin.py:190} INFO - Dag name:continuous_patient_data_generation and current dag run status:running
[2024-11-24T15:30:54.390+0200] {taskinstance.py:731} INFO - ::endgroup::
[2024-11-24T15:30:54.400+0200] {real_time_patient_data_update.py:37} INFO - Current Patients: []
[2024-11-24T15:30:54.401+0200] {python.py:240} INFO - Done. Returned value was: []
[2024-11-24T15:30:54.419+0200] {taskinstance.py:340} INFO - ::group::Post task execution logs
[2024-11-24T15:30:54.419+0200] {taskinstance.py:352} INFO - Marking task as SUCCESS. dag_id=continuous_patient_data_generation, task_id=initialize_or_fetch_patients, run_id=manual__2024-11-24T13:30:45.747972+00:00, execution_date=20241124T133045, start_date=20241124T133054, end_date=20241124T133054
[2024-11-24T15:30:54.444+0200] {logging_mixin.py:190} INFO - Task instance in success state
[2024-11-24T15:30:54.444+0200] {logging_mixin.py:190} INFO -  Previous state of the Task instance: running
[2024-11-24T15:30:54.444+0200] {logging_mixin.py:190} INFO - Dag name:continuous_patient_data_generation queued_at:2024-11-24 13:30:45.769016+00:00
[2024-11-24T15:30:54.445+0200] {logging_mixin.py:190} INFO - Task hostname:munyah-ThinkPad-X1-Yoga-1st operator:PythonOperator
[2024-11-24T15:30:54.496+0200] {local_task_job_runner.py:266} INFO - Task exited with return code 0
[2024-11-24T15:30:54.519+0200] {taskinstance.py:3895} INFO - 1 downstream tasks scheduled from follow-on schedule check
[2024-11-24T15:30:54.525+0200] {local_task_job_runner.py:245} INFO - ::endgroup::
