[2024-11-23T20:37:11.215+0200] {local_task_job_runner.py:123} INFO - ::group::Pre task execution logs
[2024-11-23T20:37:11.226+0200] {taskinstance.py:2613} INFO - Dependencies all met for dep_context=non-requeueable deps ti=<TaskInstance: real_time_patient_data.update_patient_data scheduled__2024-11-23T17:50:00+00:00 [queued]>
[2024-11-23T20:37:11.234+0200] {taskinstance.py:2613} INFO - Dependencies all met for dep_context=requeueable deps ti=<TaskInstance: real_time_patient_data.update_patient_data scheduled__2024-11-23T17:50:00+00:00 [queued]>
[2024-11-23T20:37:11.234+0200] {taskinstance.py:2866} INFO - Starting attempt 1 of 2
[2024-11-23T20:37:11.248+0200] {taskinstance.py:2889} INFO - Executing <Task(PythonOperator): update_patient_data> on 2024-11-23 17:50:00+00:00
[2024-11-23T20:37:11.254+0200] {standard_task_runner.py:72} INFO - Started process 413339 to run task
[2024-11-23T20:37:11.258+0200] {standard_task_runner.py:104} INFO - Running: ['airflow', 'tasks', 'run', 'real_time_patient_data', 'update_patient_data', 'scheduled__2024-11-23T17:50:00+00:00', '--job-id', '16', '--raw', '--subdir', 'DAGS_FOLDER/real_time_patient_data_update.py', '--cfg-path', '/tmp/tmpu_ing106']
[2024-11-23T20:37:11.260+0200] {standard_task_runner.py:105} INFO - Job 16: Subtask update_patient_data
[2024-11-23T20:37:11.298+0200] {task_command.py:467} INFO - Running <TaskInstance: real_time_patient_data.update_patient_data scheduled__2024-11-23T17:50:00+00:00 [running]> on host munyah-ThinkPad-X1-Yoga-1st
[2024-11-23T20:37:11.368+0200] {taskinstance.py:3132} INFO - Exporting env vars: AIRFLOW_CTX_DAG_OWNER='airflow' AIRFLOW_CTX_DAG_ID='real_time_patient_data' AIRFLOW_CTX_TASK_ID='update_patient_data' AIRFLOW_CTX_EXECUTION_DATE='2024-11-23T17:50:00+00:00' AIRFLOW_CTX_TRY_NUMBER='1' AIRFLOW_CTX_DAG_RUN_ID='scheduled__2024-11-23T17:50:00+00:00'
[2024-11-23T20:37:11.369+0200] {logging_mixin.py:190} INFO - Task instance is in running state
[2024-11-23T20:37:11.369+0200] {logging_mixin.py:190} INFO -  Previous state of the Task instance: queued
[2024-11-23T20:37:11.370+0200] {logging_mixin.py:190} INFO - Current task name:update_patient_data state:running start_date:2024-11-23 18:37:11.227241+00:00
[2024-11-23T20:37:11.370+0200] {logging_mixin.py:190} INFO - Dag name:real_time_patient_data and current dag run status:running
[2024-11-23T20:37:11.370+0200] {taskinstance.py:731} INFO - ::endgroup::
[2024-11-23T20:37:11.388+0200] {logging_mixin.py:190} INFO - New patient added: {'Patient_ID': 'PAT-00051', 'Age': 104, 'Gender': 'Male', 'Height': 188.55, 'Weight': 163.95, 'Temperature': 37.2, 'Blood_Pressure': '104/80', 'Cholesterol_Level': 'Borderline', 'Blood_Sugar_Level': 206, 'Heart_Rate': 34, 'BMI': 23.72, 'Previous_Medical_History': 'No significant history', 'Comorbidities': 'None', 'Smoking_Status': 'No', 'Alcohol_Consumption': 'Yes', 'Physical_Activity': 'Low', 'Last_Visit_Date': '2024-03-26', 'Genomic_Info': 'Normal', 'Diagnosis': 'No specific diagnosis', 'Hospitalization': 'No'}
[2024-11-23T20:37:11.389+0200] {python.py:240} INFO - Done. Returned value was: None
[2024-11-23T20:37:11.393+0200] {taskinstance.py:340} INFO - ::group::Post task execution logs
[2024-11-23T20:37:11.394+0200] {taskinstance.py:352} INFO - Marking task as SUCCESS. dag_id=real_time_patient_data, task_id=update_patient_data, run_id=scheduled__2024-11-23T17:50:00+00:00, execution_date=20241123T175000, start_date=20241123T183711, end_date=20241123T183711
[2024-11-23T20:37:11.405+0200] {logging_mixin.py:190} INFO - Task instance in success state
[2024-11-23T20:37:11.405+0200] {logging_mixin.py:190} INFO -  Previous state of the Task instance: running
[2024-11-23T20:37:11.405+0200] {logging_mixin.py:190} INFO - Dag name:real_time_patient_data queued_at:2024-11-23 18:36:58.014958+00:00
[2024-11-23T20:37:11.405+0200] {logging_mixin.py:190} INFO - Task hostname:munyah-ThinkPad-X1-Yoga-1st operator:PythonOperator
[2024-11-23T20:37:11.430+0200] {local_task_job_runner.py:266} INFO - Task exited with return code 0
[2024-11-23T20:37:11.447+0200] {taskinstance.py:3895} INFO - 0 downstream tasks scheduled from follow-on schedule check
[2024-11-23T20:37:11.448+0200] {local_task_job_runner.py:245} INFO - ::endgroup::
