[2025-02-08T15:21:43.062+0200] {local_task_job_runner.py:123} INFO - ::group::Pre task execution logs
[2025-02-08T15:21:43.079+0200] {taskinstance.py:2613} INFO - Dependencies all met for dep_context=non-requeueable deps ti=<TaskInstance: patient-monitoring.add_new_patient manual__2025-02-08T13:21:21.865125+00:00 [queued]>
[2025-02-08T15:21:43.091+0200] {taskinstance.py:2613} INFO - Dependencies all met for dep_context=requeueable deps ti=<TaskInstance: patient-monitoring.add_new_patient manual__2025-02-08T13:21:21.865125+00:00 [queued]>
[2025-02-08T15:21:43.092+0200] {taskinstance.py:2866} INFO - Starting attempt 1 of 2
[2025-02-08T15:21:43.117+0200] {taskinstance.py:2889} INFO - Executing <Task(PythonOperator): add_new_patient> on 2025-02-08 13:21:21.865125+00:00
[2025-02-08T15:21:43.127+0200] {standard_task_runner.py:72} INFO - Started process 66330 to run task
[2025-02-08T15:21:43.134+0200] {standard_task_runner.py:104} INFO - Running: ['airflow', 'tasks', 'run', 'patient-monitoring', 'add_new_patient', 'manual__2025-02-08T13:21:21.865125+00:00', '--job-id', '38', '--raw', '--subdir', 'DAGS_FOLDER/real_time_patient_data_update.py', '--cfg-path', '/tmp/tmpv_fh3lcv']
[2025-02-08T15:21:43.136+0200] {standard_task_runner.py:105} INFO - Job 38: Subtask add_new_patient
[2025-02-08T15:21:43.216+0200] {task_command.py:467} INFO - Running <TaskInstance: patient-monitoring.add_new_patient manual__2025-02-08T13:21:21.865125+00:00 [running]> on host munyah-ThinkPad-X1-Yoga-1st
[2025-02-08T15:21:43.342+0200] {taskinstance.py:3132} INFO - Exporting env vars: AIRFLOW_CTX_DAG_OWNER='munyah' AIRFLOW_CTX_DAG_ID='patient-monitoring' AIRFLOW_CTX_TASK_ID='add_new_patient' AIRFLOW_CTX_EXECUTION_DATE='2025-02-08T13:21:21.865125+00:00' AIRFLOW_CTX_TRY_NUMBER='1' AIRFLOW_CTX_DAG_RUN_ID='manual__2025-02-08T13:21:21.865125+00:00'
[2025-02-08T15:21:43.344+0200] {logging_mixin.py:190} INFO - Task instance is in running state
[2025-02-08T15:21:43.344+0200] {logging_mixin.py:190} INFO -  Previous state of the Task instance: queued
[2025-02-08T15:21:43.345+0200] {logging_mixin.py:190} INFO - Current task name:add_new_patient state:running start_date:2025-02-08 13:21:43.079538+00:00
[2025-02-08T15:21:43.345+0200] {logging_mixin.py:190} INFO - Dag name:patient-monitoring and current dag run status:running
[2025-02-08T15:21:43.346+0200] {taskinstance.py:731} INFO - ::endgroup::
[2025-02-08T15:21:43.391+0200] {real_time_patient_data_update.py:80} INFO - New Patient Added: {
  "Patient_ID": "PAT-00052",
  "Age": 69,
  "Gender": "Female",
  "Height": 197.69,
  "Weight": 115.53,
  "Temperature": 37.5,
  "Blood_Pressure": "137/86",
  "Cholesterol_Level": "Normal",
  "Blood_Sugar_Level": 61,
  "Heart_Rate": 193,
  "BMI": 29.26,
  "Previous_Medical_History": "No significant history",
  "Comorbidities": "None",
  "Smoking_Status": "No",
  "Alcohol_Consumption": "Yes",
  "Physical_Activity": "Moderate",
  "Last_Visit_Date": "2024-11-03",
  "Genomic_Info": "High Risk",
  "Diagnosis": "No specific diagnosis",
  "Hospitalization": "No"
}
[2025-02-08T15:21:43.394+0200] {real_time_patient_data_update.py:81} INFO - Total Patients After Addition: 52
[2025-02-08T15:21:43.405+0200] {base.py:84} INFO - Retrieving connection 'patients_data'
[2025-02-08T15:21:43.433+0200] {real_time_patient_data_update.py:92} INFO - New patient PAT-00052 added to the database successfully.
[2025-02-08T15:21:43.436+0200] {python.py:240} INFO - Done. Returned value was: None
[2025-02-08T15:21:43.447+0200] {taskinstance.py:340} INFO - ::group::Post task execution logs
[2025-02-08T15:21:43.448+0200] {taskinstance.py:352} INFO - Marking task as SUCCESS. dag_id=patient-monitoring, task_id=add_new_patient, run_id=manual__2025-02-08T13:21:21.865125+00:00, execution_date=20250208T132121, start_date=20250208T132143, end_date=20250208T132143
[2025-02-08T15:21:43.471+0200] {logging_mixin.py:190} INFO - Task instance in success state
[2025-02-08T15:21:43.472+0200] {logging_mixin.py:190} INFO -  Previous state of the Task instance: running
[2025-02-08T15:21:43.472+0200] {logging_mixin.py:190} INFO - Dag name:patient-monitoring queued_at:2025-02-08 13:21:21.914924+00:00
[2025-02-08T15:21:43.472+0200] {logging_mixin.py:190} INFO - Task hostname:munyah-ThinkPad-X1-Yoga-1st operator:PythonOperator
[2025-02-08T15:21:43.518+0200] {local_task_job_runner.py:266} INFO - Task exited with return code 0
[2025-02-08T15:21:43.561+0200] {taskinstance.py:3895} INFO - 0 downstream tasks scheduled from follow-on schedule check
[2025-02-08T15:21:43.562+0200] {local_task_job_runner.py:245} INFO - ::endgroup::
