[2025-03-12T08:21:12.867+0200] {processor.py:186} INFO - Started process (PID=133861) to work on /home/munyah/.local/lib/python3.10/site-packages/airflow/example_dags/example_workday_timetable.py
[2025-03-12T08:21:12.870+0200] {processor.py:914} INFO - Processing file /home/munyah/.local/lib/python3.10/site-packages/airflow/example_dags/example_workday_timetable.py for tasks to queue
[2025-03-12T08:21:12.879+0200] {logging_mixin.py:190} INFO - [2025-03-12T08:21:12.877+0200] {dagbag.py:588} INFO - Filling up the DagBag from /home/munyah/.local/lib/python3.10/site-packages/airflow/example_dags/example_workday_timetable.py
[2025-03-12T08:21:12.897+0200] {processor.py:925} INFO - DAG(s) 'example_workday_timetable' retrieved from /home/munyah/.local/lib/python3.10/site-packages/airflow/example_dags/example_workday_timetable.py
[2025-03-12T08:21:12.917+0200] {logging_mixin.py:190} INFO - [2025-03-12T08:21:12.916+0200] {dag.py:3239} INFO - Sync 1 DAGs
[2025-03-12T08:21:12.975+0200] {logging_mixin.py:190} INFO - [2025-03-12T08:21:12.975+0200] {dag.py:4180} INFO - Setting next_dagrun for example_workday_timetable to 2021-01-04 00:00:00+00:00, run_after=2021-01-05 00:00:00+00:00
[2025-03-12T08:21:12.997+0200] {processor.py:208} INFO - Processing /home/munyah/.local/lib/python3.10/site-packages/airflow/example_dags/example_workday_timetable.py took 0.155 seconds
[2025-03-12T14:17:49.713+0200] {processor.py:186} INFO - Started process (PID=134587) to work on /home/munyah/.local/lib/python3.10/site-packages/airflow/example_dags/example_workday_timetable.py
[2025-03-12T14:17:49.714+0200] {processor.py:914} INFO - Processing file /home/munyah/.local/lib/python3.10/site-packages/airflow/example_dags/example_workday_timetable.py for tasks to queue
[2025-03-12T14:17:49.717+0200] {logging_mixin.py:190} INFO - [2025-03-12T14:17:49.716+0200] {dagbag.py:588} INFO - Filling up the DagBag from /home/munyah/.local/lib/python3.10/site-packages/airflow/example_dags/example_workday_timetable.py
[2025-03-12T14:17:49.725+0200] {processor.py:925} INFO - DAG(s) 'example_workday_timetable' retrieved from /home/munyah/.local/lib/python3.10/site-packages/airflow/example_dags/example_workday_timetable.py
[2025-03-12T14:17:49.743+0200] {logging_mixin.py:190} INFO - [2025-03-12T14:17:49.743+0200] {dag.py:3239} INFO - Sync 1 DAGs
[2025-03-12T14:17:49.810+0200] {logging_mixin.py:190} INFO - [2025-03-12T14:17:49.809+0200] {dag.py:4180} INFO - Setting next_dagrun for example_workday_timetable to 2021-01-04 00:00:00+00:00, run_after=2021-01-05 00:00:00+00:00
[2025-03-12T14:17:49.830+0200] {processor.py:208} INFO - Processing /home/munyah/.local/lib/python3.10/site-packages/airflow/example_dags/example_workday_timetable.py took 0.124 seconds
[2025-03-12T14:18:49.044+0200] {processor.py:186} INFO - Started process (PID=134854) to work on /home/munyah/.local/lib/python3.10/site-packages/airflow/example_dags/example_workday_timetable.py
[2025-03-12T14:18:49.045+0200] {processor.py:914} INFO - Processing file /home/munyah/.local/lib/python3.10/site-packages/airflow/example_dags/example_workday_timetable.py for tasks to queue
[2025-03-12T14:18:49.048+0200] {logging_mixin.py:190} INFO - [2025-03-12T14:18:49.048+0200] {dagbag.py:588} INFO - Filling up the DagBag from /home/munyah/.local/lib/python3.10/site-packages/airflow/example_dags/example_workday_timetable.py
[2025-03-12T14:18:49.055+0200] {processor.py:925} INFO - DAG(s) 'example_workday_timetable' retrieved from /home/munyah/.local/lib/python3.10/site-packages/airflow/example_dags/example_workday_timetable.py
[2025-03-12T14:18:49.073+0200] {logging_mixin.py:190} INFO - [2025-03-12T14:18:49.073+0200] {dag.py:3239} INFO - Sync 1 DAGs
[2025-03-12T14:18:49.139+0200] {logging_mixin.py:190} INFO - [2025-03-12T14:18:49.139+0200] {dag.py:4180} INFO - Setting next_dagrun for example_workday_timetable to 2021-01-04 00:00:00+00:00, run_after=2021-01-05 00:00:00+00:00
[2025-03-12T14:18:49.160+0200] {processor.py:208} INFO - Processing /home/munyah/.local/lib/python3.10/site-packages/airflow/example_dags/example_workday_timetable.py took 0.124 seconds
[2025-03-12T14:19:46.260+0200] {processor.py:186} INFO - Started process (PID=135012) to work on /home/munyah/.local/lib/python3.10/site-packages/airflow/example_dags/example_workday_timetable.py
[2025-03-12T14:19:46.262+0200] {processor.py:914} INFO - Processing file /home/munyah/.local/lib/python3.10/site-packages/airflow/example_dags/example_workday_timetable.py for tasks to queue
[2025-03-12T14:19:46.264+0200] {logging_mixin.py:190} INFO - [2025-03-12T14:19:46.264+0200] {dagbag.py:588} INFO - Filling up the DagBag from /home/munyah/.local/lib/python3.10/site-packages/airflow/example_dags/example_workday_timetable.py
[2025-03-12T14:19:46.272+0200] {processor.py:925} INFO - DAG(s) 'example_workday_timetable' retrieved from /home/munyah/.local/lib/python3.10/site-packages/airflow/example_dags/example_workday_timetable.py
[2025-03-12T14:19:46.290+0200] {logging_mixin.py:190} INFO - [2025-03-12T14:19:46.290+0200] {dag.py:3239} INFO - Sync 1 DAGs
[2025-03-12T14:19:46.357+0200] {logging_mixin.py:190} INFO - [2025-03-12T14:19:46.357+0200] {dag.py:4180} INFO - Setting next_dagrun for example_workday_timetable to 2021-01-04 00:00:00+00:00, run_after=2021-01-05 00:00:00+00:00
[2025-03-12T14:19:46.381+0200] {processor.py:208} INFO - Processing /home/munyah/.local/lib/python3.10/site-packages/airflow/example_dags/example_workday_timetable.py took 0.128 seconds
[2025-03-12T14:20:41.472+0200] {processor.py:186} INFO - Started process (PID=135183) to work on /home/munyah/.local/lib/python3.10/site-packages/airflow/example_dags/example_workday_timetable.py
[2025-03-12T14:20:41.473+0200] {processor.py:914} INFO - Processing file /home/munyah/.local/lib/python3.10/site-packages/airflow/example_dags/example_workday_timetable.py for tasks to queue
[2025-03-12T14:20:41.475+0200] {logging_mixin.py:190} INFO - [2025-03-12T14:20:41.475+0200] {dagbag.py:588} INFO - Filling up the DagBag from /home/munyah/.local/lib/python3.10/site-packages/airflow/example_dags/example_workday_timetable.py
[2025-03-12T14:20:41.488+0200] {processor.py:925} INFO - DAG(s) 'example_workday_timetable' retrieved from /home/munyah/.local/lib/python3.10/site-packages/airflow/example_dags/example_workday_timetable.py
[2025-03-12T14:20:41.512+0200] {logging_mixin.py:190} INFO - [2025-03-12T14:20:41.511+0200] {dag.py:3239} INFO - Sync 1 DAGs
[2025-03-12T14:20:41.599+0200] {logging_mixin.py:190} INFO - [2025-03-12T14:20:41.599+0200] {dag.py:4180} INFO - Setting next_dagrun for example_workday_timetable to 2021-01-04 00:00:00+00:00, run_after=2021-01-05 00:00:00+00:00
[2025-03-12T14:20:41.642+0200] {processor.py:208} INFO - Processing /home/munyah/.local/lib/python3.10/site-packages/airflow/example_dags/example_workday_timetable.py took 0.177 seconds
[2025-03-12T14:21:39.327+0200] {processor.py:186} INFO - Started process (PID=135389) to work on /home/munyah/.local/lib/python3.10/site-packages/airflow/example_dags/example_workday_timetable.py
[2025-03-12T14:21:39.329+0200] {processor.py:914} INFO - Processing file /home/munyah/.local/lib/python3.10/site-packages/airflow/example_dags/example_workday_timetable.py for tasks to queue
[2025-03-12T14:21:39.332+0200] {logging_mixin.py:190} INFO - [2025-03-12T14:21:39.331+0200] {dagbag.py:588} INFO - Filling up the DagBag from /home/munyah/.local/lib/python3.10/site-packages/airflow/example_dags/example_workday_timetable.py
[2025-03-12T14:21:39.342+0200] {processor.py:925} INFO - DAG(s) 'example_workday_timetable' retrieved from /home/munyah/.local/lib/python3.10/site-packages/airflow/example_dags/example_workday_timetable.py
[2025-03-12T14:21:39.360+0200] {logging_mixin.py:190} INFO - [2025-03-12T14:21:39.360+0200] {dag.py:3239} INFO - Sync 1 DAGs
[2025-03-12T14:21:39.427+0200] {logging_mixin.py:190} INFO - [2025-03-12T14:21:39.427+0200] {dag.py:4180} INFO - Setting next_dagrun for example_workday_timetable to 2021-01-04 00:00:00+00:00, run_after=2021-01-05 00:00:00+00:00
[2025-03-12T14:21:39.449+0200] {processor.py:208} INFO - Processing /home/munyah/.local/lib/python3.10/site-packages/airflow/example_dags/example_workday_timetable.py took 0.130 seconds
[2025-03-12T14:22:36.342+0200] {processor.py:186} INFO - Started process (PID=135794) to work on /home/munyah/.local/lib/python3.10/site-packages/airflow/example_dags/example_workday_timetable.py
[2025-03-12T14:22:36.343+0200] {processor.py:914} INFO - Processing file /home/munyah/.local/lib/python3.10/site-packages/airflow/example_dags/example_workday_timetable.py for tasks to queue
[2025-03-12T14:22:36.347+0200] {logging_mixin.py:190} INFO - [2025-03-12T14:22:36.347+0200] {dagbag.py:588} INFO - Filling up the DagBag from /home/munyah/.local/lib/python3.10/site-packages/airflow/example_dags/example_workday_timetable.py
[2025-03-12T14:22:36.358+0200] {processor.py:925} INFO - DAG(s) 'example_workday_timetable' retrieved from /home/munyah/.local/lib/python3.10/site-packages/airflow/example_dags/example_workday_timetable.py
[2025-03-12T14:22:36.381+0200] {logging_mixin.py:190} INFO - [2025-03-12T14:22:36.381+0200] {dag.py:3239} INFO - Sync 1 DAGs
[2025-03-12T14:22:36.502+0200] {logging_mixin.py:190} INFO - [2025-03-12T14:22:36.501+0200] {dag.py:4180} INFO - Setting next_dagrun for example_workday_timetable to 2021-01-04 00:00:00+00:00, run_after=2021-01-05 00:00:00+00:00
[2025-03-12T14:22:36.544+0200] {processor.py:208} INFO - Processing /home/munyah/.local/lib/python3.10/site-packages/airflow/example_dags/example_workday_timetable.py took 0.213 seconds
[2025-03-12T14:23:50.840+0200] {processor.py:186} INFO - Started process (PID=136568) to work on /home/munyah/.local/lib/python3.10/site-packages/airflow/example_dags/example_workday_timetable.py
[2025-03-12T14:23:50.841+0200] {processor.py:914} INFO - Processing file /home/munyah/.local/lib/python3.10/site-packages/airflow/example_dags/example_workday_timetable.py for tasks to queue
[2025-03-12T14:23:50.844+0200] {logging_mixin.py:190} INFO - [2025-03-12T14:23:50.843+0200] {dagbag.py:588} INFO - Filling up the DagBag from /home/munyah/.local/lib/python3.10/site-packages/airflow/example_dags/example_workday_timetable.py
[2025-03-12T14:23:50.853+0200] {processor.py:925} INFO - DAG(s) 'example_workday_timetable' retrieved from /home/munyah/.local/lib/python3.10/site-packages/airflow/example_dags/example_workday_timetable.py
[2025-03-12T14:23:50.871+0200] {logging_mixin.py:190} INFO - [2025-03-12T14:23:50.871+0200] {dag.py:3239} INFO - Sync 1 DAGs
[2025-03-12T14:23:50.986+0200] {logging_mixin.py:190} INFO - [2025-03-12T14:23:50.986+0200] {dag.py:4180} INFO - Setting next_dagrun for example_workday_timetable to 2021-01-04 00:00:00+00:00, run_after=2021-01-05 00:00:00+00:00
[2025-03-12T14:23:51.017+0200] {processor.py:208} INFO - Processing /home/munyah/.local/lib/python3.10/site-packages/airflow/example_dags/example_workday_timetable.py took 0.184 seconds
[2025-03-12T14:24:49.622+0200] {processor.py:186} INFO - Started process (PID=136790) to work on /home/munyah/.local/lib/python3.10/site-packages/airflow/example_dags/example_workday_timetable.py
[2025-03-12T14:24:49.623+0200] {processor.py:914} INFO - Processing file /home/munyah/.local/lib/python3.10/site-packages/airflow/example_dags/example_workday_timetable.py for tasks to queue
[2025-03-12T14:24:49.625+0200] {logging_mixin.py:190} INFO - [2025-03-12T14:24:49.625+0200] {dagbag.py:588} INFO - Filling up the DagBag from /home/munyah/.local/lib/python3.10/site-packages/airflow/example_dags/example_workday_timetable.py
[2025-03-12T14:24:49.633+0200] {processor.py:925} INFO - DAG(s) 'example_workday_timetable' retrieved from /home/munyah/.local/lib/python3.10/site-packages/airflow/example_dags/example_workday_timetable.py
[2025-03-12T14:24:49.651+0200] {logging_mixin.py:190} INFO - [2025-03-12T14:24:49.650+0200] {dag.py:3239} INFO - Sync 1 DAGs
[2025-03-12T14:24:49.719+0200] {logging_mixin.py:190} INFO - [2025-03-12T14:24:49.719+0200] {dag.py:4180} INFO - Setting next_dagrun for example_workday_timetable to 2021-01-04 00:00:00+00:00, run_after=2021-01-05 00:00:00+00:00
[2025-03-12T14:24:49.742+0200] {processor.py:208} INFO - Processing /home/munyah/.local/lib/python3.10/site-packages/airflow/example_dags/example_workday_timetable.py took 0.128 seconds
[2025-03-12T14:25:46.890+0200] {processor.py:186} INFO - Started process (PID=136975) to work on /home/munyah/.local/lib/python3.10/site-packages/airflow/example_dags/example_workday_timetable.py
[2025-03-12T14:25:46.891+0200] {processor.py:914} INFO - Processing file /home/munyah/.local/lib/python3.10/site-packages/airflow/example_dags/example_workday_timetable.py for tasks to queue
[2025-03-12T14:25:46.894+0200] {logging_mixin.py:190} INFO - [2025-03-12T14:25:46.893+0200] {dagbag.py:588} INFO - Filling up the DagBag from /home/munyah/.local/lib/python3.10/site-packages/airflow/example_dags/example_workday_timetable.py
[2025-03-12T14:25:46.902+0200] {processor.py:925} INFO - DAG(s) 'example_workday_timetable' retrieved from /home/munyah/.local/lib/python3.10/site-packages/airflow/example_dags/example_workday_timetable.py
[2025-03-12T14:25:46.920+0200] {logging_mixin.py:190} INFO - [2025-03-12T14:25:46.920+0200] {dag.py:3239} INFO - Sync 1 DAGs
[2025-03-12T14:25:46.987+0200] {logging_mixin.py:190} INFO - [2025-03-12T14:25:46.987+0200] {dag.py:4180} INFO - Setting next_dagrun for example_workday_timetable to 2021-01-04 00:00:00+00:00, run_after=2021-01-05 00:00:00+00:00
[2025-03-12T14:25:47.011+0200] {processor.py:208} INFO - Processing /home/munyah/.local/lib/python3.10/site-packages/airflow/example_dags/example_workday_timetable.py took 0.132 seconds
[2025-03-12T14:26:46.274+0200] {processor.py:186} INFO - Started process (PID=137159) to work on /home/munyah/.local/lib/python3.10/site-packages/airflow/example_dags/example_workday_timetable.py
[2025-03-12T14:26:46.277+0200] {processor.py:914} INFO - Processing file /home/munyah/.local/lib/python3.10/site-packages/airflow/example_dags/example_workday_timetable.py for tasks to queue
[2025-03-12T14:26:46.282+0200] {logging_mixin.py:190} INFO - [2025-03-12T14:26:46.281+0200] {dagbag.py:588} INFO - Filling up the DagBag from /home/munyah/.local/lib/python3.10/site-packages/airflow/example_dags/example_workday_timetable.py
[2025-03-12T14:26:46.297+0200] {processor.py:925} INFO - DAG(s) 'example_workday_timetable' retrieved from /home/munyah/.local/lib/python3.10/site-packages/airflow/example_dags/example_workday_timetable.py
[2025-03-12T14:26:46.323+0200] {logging_mixin.py:190} INFO - [2025-03-12T14:26:46.322+0200] {dag.py:3239} INFO - Sync 1 DAGs
[2025-03-12T14:26:46.390+0200] {logging_mixin.py:190} INFO - [2025-03-12T14:26:46.389+0200] {dag.py:4180} INFO - Setting next_dagrun for example_workday_timetable to 2021-01-04 00:00:00+00:00, run_after=2021-01-05 00:00:00+00:00
[2025-03-12T14:26:46.412+0200] {processor.py:208} INFO - Processing /home/munyah/.local/lib/python3.10/site-packages/airflow/example_dags/example_workday_timetable.py took 0.153 seconds
[2025-03-12T14:27:51.070+0200] {processor.py:186} INFO - Started process (PID=137388) to work on /home/munyah/.local/lib/python3.10/site-packages/airflow/example_dags/example_workday_timetable.py
[2025-03-12T14:27:51.071+0200] {processor.py:914} INFO - Processing file /home/munyah/.local/lib/python3.10/site-packages/airflow/example_dags/example_workday_timetable.py for tasks to queue
[2025-03-12T14:27:51.074+0200] {logging_mixin.py:190} INFO - [2025-03-12T14:27:51.073+0200] {dagbag.py:588} INFO - Filling up the DagBag from /home/munyah/.local/lib/python3.10/site-packages/airflow/example_dags/example_workday_timetable.py
[2025-03-12T14:27:51.081+0200] {processor.py:925} INFO - DAG(s) 'example_workday_timetable' retrieved from /home/munyah/.local/lib/python3.10/site-packages/airflow/example_dags/example_workday_timetable.py
[2025-03-12T14:27:51.100+0200] {logging_mixin.py:190} INFO - [2025-03-12T14:27:51.099+0200] {dag.py:3239} INFO - Sync 1 DAGs
[2025-03-12T14:27:51.170+0200] {logging_mixin.py:190} INFO - [2025-03-12T14:27:51.169+0200] {dag.py:4180} INFO - Setting next_dagrun for example_workday_timetable to 2021-01-04 00:00:00+00:00, run_after=2021-01-05 00:00:00+00:00
[2025-03-12T14:27:51.193+0200] {processor.py:208} INFO - Processing /home/munyah/.local/lib/python3.10/site-packages/airflow/example_dags/example_workday_timetable.py took 0.131 seconds
[2025-03-12T14:28:52.011+0200] {processor.py:186} INFO - Started process (PID=137582) to work on /home/munyah/.local/lib/python3.10/site-packages/airflow/example_dags/example_workday_timetable.py
[2025-03-12T14:28:52.013+0200] {processor.py:914} INFO - Processing file /home/munyah/.local/lib/python3.10/site-packages/airflow/example_dags/example_workday_timetable.py for tasks to queue
[2025-03-12T14:28:52.016+0200] {logging_mixin.py:190} INFO - [2025-03-12T14:28:52.015+0200] {dagbag.py:588} INFO - Filling up the DagBag from /home/munyah/.local/lib/python3.10/site-packages/airflow/example_dags/example_workday_timetable.py
[2025-03-12T14:28:52.023+0200] {processor.py:925} INFO - DAG(s) 'example_workday_timetable' retrieved from /home/munyah/.local/lib/python3.10/site-packages/airflow/example_dags/example_workday_timetable.py
[2025-03-12T14:28:52.040+0200] {logging_mixin.py:190} INFO - [2025-03-12T14:28:52.040+0200] {dag.py:3239} INFO - Sync 1 DAGs
[2025-03-12T14:28:52.106+0200] {logging_mixin.py:190} INFO - [2025-03-12T14:28:52.106+0200] {dag.py:4180} INFO - Setting next_dagrun for example_workday_timetable to 2021-01-04 00:00:00+00:00, run_after=2021-01-05 00:00:00+00:00
[2025-03-12T14:28:52.132+0200] {processor.py:208} INFO - Processing /home/munyah/.local/lib/python3.10/site-packages/airflow/example_dags/example_workday_timetable.py took 0.128 seconds
[2025-03-12T14:29:50.411+0200] {processor.py:186} INFO - Started process (PID=138577) to work on /home/munyah/.local/lib/python3.10/site-packages/airflow/example_dags/example_workday_timetable.py
[2025-03-12T14:29:50.413+0200] {processor.py:914} INFO - Processing file /home/munyah/.local/lib/python3.10/site-packages/airflow/example_dags/example_workday_timetable.py for tasks to queue
[2025-03-12T14:29:50.418+0200] {logging_mixin.py:190} INFO - [2025-03-12T14:29:50.417+0200] {dagbag.py:588} INFO - Filling up the DagBag from /home/munyah/.local/lib/python3.10/site-packages/airflow/example_dags/example_workday_timetable.py
[2025-03-12T14:29:50.428+0200] {processor.py:925} INFO - DAG(s) 'example_workday_timetable' retrieved from /home/munyah/.local/lib/python3.10/site-packages/airflow/example_dags/example_workday_timetable.py
[2025-03-12T14:29:50.447+0200] {logging_mixin.py:190} INFO - [2025-03-12T14:29:50.447+0200] {dag.py:3239} INFO - Sync 1 DAGs
[2025-03-12T14:29:50.514+0200] {logging_mixin.py:190} INFO - [2025-03-12T14:29:50.514+0200] {dag.py:4180} INFO - Setting next_dagrun for example_workday_timetable to 2021-01-04 00:00:00+00:00, run_after=2021-01-05 00:00:00+00:00
[2025-03-12T14:29:50.538+0200] {processor.py:208} INFO - Processing /home/munyah/.local/lib/python3.10/site-packages/airflow/example_dags/example_workday_timetable.py took 0.143 seconds
[2025-03-12T14:30:53.423+0200] {processor.py:186} INFO - Started process (PID=138824) to work on /home/munyah/.local/lib/python3.10/site-packages/airflow/example_dags/example_workday_timetable.py
[2025-03-12T14:30:53.424+0200] {processor.py:914} INFO - Processing file /home/munyah/.local/lib/python3.10/site-packages/airflow/example_dags/example_workday_timetable.py for tasks to queue
[2025-03-12T14:30:53.428+0200] {logging_mixin.py:190} INFO - [2025-03-12T14:30:53.427+0200] {dagbag.py:588} INFO - Filling up the DagBag from /home/munyah/.local/lib/python3.10/site-packages/airflow/example_dags/example_workday_timetable.py
[2025-03-12T14:30:53.435+0200] {processor.py:925} INFO - DAG(s) 'example_workday_timetable' retrieved from /home/munyah/.local/lib/python3.10/site-packages/airflow/example_dags/example_workday_timetable.py
[2025-03-12T14:30:53.454+0200] {logging_mixin.py:190} INFO - [2025-03-12T14:30:53.454+0200] {dag.py:3239} INFO - Sync 1 DAGs
[2025-03-12T14:30:53.520+0200] {logging_mixin.py:190} INFO - [2025-03-12T14:30:53.519+0200] {dag.py:4180} INFO - Setting next_dagrun for example_workday_timetable to 2021-01-04 00:00:00+00:00, run_after=2021-01-05 00:00:00+00:00
[2025-03-12T14:30:53.544+0200] {processor.py:208} INFO - Processing /home/munyah/.local/lib/python3.10/site-packages/airflow/example_dags/example_workday_timetable.py took 0.131 seconds
[2025-03-12T14:31:58.361+0200] {processor.py:186} INFO - Started process (PID=139031) to work on /home/munyah/.local/lib/python3.10/site-packages/airflow/example_dags/example_workday_timetable.py
[2025-03-12T14:31:58.363+0200] {processor.py:914} INFO - Processing file /home/munyah/.local/lib/python3.10/site-packages/airflow/example_dags/example_workday_timetable.py for tasks to queue
[2025-03-12T14:31:58.365+0200] {logging_mixin.py:190} INFO - [2025-03-12T14:31:58.365+0200] {dagbag.py:588} INFO - Filling up the DagBag from /home/munyah/.local/lib/python3.10/site-packages/airflow/example_dags/example_workday_timetable.py
[2025-03-12T14:31:58.373+0200] {processor.py:925} INFO - DAG(s) 'example_workday_timetable' retrieved from /home/munyah/.local/lib/python3.10/site-packages/airflow/example_dags/example_workday_timetable.py
[2025-03-12T14:31:58.390+0200] {logging_mixin.py:190} INFO - [2025-03-12T14:31:58.390+0200] {dag.py:3239} INFO - Sync 1 DAGs
[2025-03-12T14:31:58.459+0200] {logging_mixin.py:190} INFO - [2025-03-12T14:31:58.458+0200] {dag.py:4180} INFO - Setting next_dagrun for example_workday_timetable to 2021-01-04 00:00:00+00:00, run_after=2021-01-05 00:00:00+00:00
[2025-03-12T14:31:58.480+0200] {processor.py:208} INFO - Processing /home/munyah/.local/lib/python3.10/site-packages/airflow/example_dags/example_workday_timetable.py took 0.127 seconds
[2025-03-12T14:33:00.652+0200] {processor.py:186} INFO - Started process (PID=139738) to work on /home/munyah/.local/lib/python3.10/site-packages/airflow/example_dags/example_workday_timetable.py
[2025-03-12T14:33:00.653+0200] {processor.py:914} INFO - Processing file /home/munyah/.local/lib/python3.10/site-packages/airflow/example_dags/example_workday_timetable.py for tasks to queue
[2025-03-12T14:33:00.656+0200] {logging_mixin.py:190} INFO - [2025-03-12T14:33:00.655+0200] {dagbag.py:588} INFO - Filling up the DagBag from /home/munyah/.local/lib/python3.10/site-packages/airflow/example_dags/example_workday_timetable.py
[2025-03-12T14:33:00.664+0200] {processor.py:925} INFO - DAG(s) 'example_workday_timetable' retrieved from /home/munyah/.local/lib/python3.10/site-packages/airflow/example_dags/example_workday_timetable.py
[2025-03-12T14:33:00.682+0200] {logging_mixin.py:190} INFO - [2025-03-12T14:33:00.682+0200] {dag.py:3239} INFO - Sync 1 DAGs
[2025-03-12T14:33:00.757+0200] {logging_mixin.py:190} INFO - [2025-03-12T14:33:00.756+0200] {dag.py:4180} INFO - Setting next_dagrun for example_workday_timetable to 2021-01-04 00:00:00+00:00, run_after=2021-01-05 00:00:00+00:00
[2025-03-12T14:33:00.780+0200] {processor.py:208} INFO - Processing /home/munyah/.local/lib/python3.10/site-packages/airflow/example_dags/example_workday_timetable.py took 0.136 seconds
[2025-03-12T14:34:04.376+0200] {processor.py:186} INFO - Started process (PID=140011) to work on /home/munyah/.local/lib/python3.10/site-packages/airflow/example_dags/example_workday_timetable.py
[2025-03-12T14:34:04.377+0200] {processor.py:914} INFO - Processing file /home/munyah/.local/lib/python3.10/site-packages/airflow/example_dags/example_workday_timetable.py for tasks to queue
[2025-03-12T14:34:04.380+0200] {logging_mixin.py:190} INFO - [2025-03-12T14:34:04.379+0200] {dagbag.py:588} INFO - Filling up the DagBag from /home/munyah/.local/lib/python3.10/site-packages/airflow/example_dags/example_workday_timetable.py
[2025-03-12T14:34:04.388+0200] {processor.py:925} INFO - DAG(s) 'example_workday_timetable' retrieved from /home/munyah/.local/lib/python3.10/site-packages/airflow/example_dags/example_workday_timetable.py
[2025-03-12T14:34:04.406+0200] {logging_mixin.py:190} INFO - [2025-03-12T14:34:04.406+0200] {dag.py:3239} INFO - Sync 1 DAGs
[2025-03-12T14:34:04.477+0200] {logging_mixin.py:190} INFO - [2025-03-12T14:34:04.476+0200] {dag.py:4180} INFO - Setting next_dagrun for example_workday_timetable to 2021-01-04 00:00:00+00:00, run_after=2021-01-05 00:00:00+00:00
[2025-03-12T14:34:04.501+0200] {processor.py:208} INFO - Processing /home/munyah/.local/lib/python3.10/site-packages/airflow/example_dags/example_workday_timetable.py took 0.133 seconds
[2025-03-12T14:35:09.702+0200] {processor.py:186} INFO - Started process (PID=140192) to work on /home/munyah/.local/lib/python3.10/site-packages/airflow/example_dags/example_workday_timetable.py
[2025-03-12T14:35:09.703+0200] {processor.py:914} INFO - Processing file /home/munyah/.local/lib/python3.10/site-packages/airflow/example_dags/example_workday_timetable.py for tasks to queue
[2025-03-12T14:35:09.705+0200] {logging_mixin.py:190} INFO - [2025-03-12T14:35:09.705+0200] {dagbag.py:588} INFO - Filling up the DagBag from /home/munyah/.local/lib/python3.10/site-packages/airflow/example_dags/example_workday_timetable.py
[2025-03-12T14:35:09.713+0200] {processor.py:925} INFO - DAG(s) 'example_workday_timetable' retrieved from /home/munyah/.local/lib/python3.10/site-packages/airflow/example_dags/example_workday_timetable.py
[2025-03-12T14:35:09.731+0200] {logging_mixin.py:190} INFO - [2025-03-12T14:35:09.731+0200] {dag.py:3239} INFO - Sync 1 DAGs
[2025-03-12T14:35:09.801+0200] {logging_mixin.py:190} INFO - [2025-03-12T14:35:09.800+0200] {dag.py:4180} INFO - Setting next_dagrun for example_workday_timetable to 2021-01-04 00:00:00+00:00, run_after=2021-01-05 00:00:00+00:00
[2025-03-12T14:35:09.822+0200] {processor.py:208} INFO - Processing /home/munyah/.local/lib/python3.10/site-packages/airflow/example_dags/example_workday_timetable.py took 0.129 seconds
[2025-03-12T14:36:14.021+0200] {processor.py:186} INFO - Started process (PID=140392) to work on /home/munyah/.local/lib/python3.10/site-packages/airflow/example_dags/example_workday_timetable.py
[2025-03-12T14:36:14.022+0200] {processor.py:914} INFO - Processing file /home/munyah/.local/lib/python3.10/site-packages/airflow/example_dags/example_workday_timetable.py for tasks to queue
[2025-03-12T14:36:14.025+0200] {logging_mixin.py:190} INFO - [2025-03-12T14:36:14.024+0200] {dagbag.py:588} INFO - Filling up the DagBag from /home/munyah/.local/lib/python3.10/site-packages/airflow/example_dags/example_workday_timetable.py
[2025-03-12T14:36:14.032+0200] {processor.py:925} INFO - DAG(s) 'example_workday_timetable' retrieved from /home/munyah/.local/lib/python3.10/site-packages/airflow/example_dags/example_workday_timetable.py
[2025-03-12T14:36:14.050+0200] {logging_mixin.py:190} INFO - [2025-03-12T14:36:14.050+0200] {dag.py:3239} INFO - Sync 1 DAGs
[2025-03-12T14:36:14.119+0200] {logging_mixin.py:190} INFO - [2025-03-12T14:36:14.119+0200] {dag.py:4180} INFO - Setting next_dagrun for example_workday_timetable to 2021-01-04 00:00:00+00:00, run_after=2021-01-05 00:00:00+00:00
[2025-03-12T14:36:14.141+0200] {processor.py:208} INFO - Processing /home/munyah/.local/lib/python3.10/site-packages/airflow/example_dags/example_workday_timetable.py took 0.128 seconds
[2025-03-12T14:37:19.014+0200] {processor.py:186} INFO - Started process (PID=140569) to work on /home/munyah/.local/lib/python3.10/site-packages/airflow/example_dags/example_workday_timetable.py
[2025-03-12T14:37:19.015+0200] {processor.py:914} INFO - Processing file /home/munyah/.local/lib/python3.10/site-packages/airflow/example_dags/example_workday_timetable.py for tasks to queue
[2025-03-12T14:37:19.018+0200] {logging_mixin.py:190} INFO - [2025-03-12T14:37:19.018+0200] {dagbag.py:588} INFO - Filling up the DagBag from /home/munyah/.local/lib/python3.10/site-packages/airflow/example_dags/example_workday_timetable.py
[2025-03-12T14:37:19.025+0200] {processor.py:925} INFO - DAG(s) 'example_workday_timetable' retrieved from /home/munyah/.local/lib/python3.10/site-packages/airflow/example_dags/example_workday_timetable.py
[2025-03-12T14:37:19.041+0200] {logging_mixin.py:190} INFO - [2025-03-12T14:37:19.041+0200] {dag.py:3239} INFO - Sync 1 DAGs
[2025-03-12T14:37:19.114+0200] {logging_mixin.py:190} INFO - [2025-03-12T14:37:19.114+0200] {dag.py:4180} INFO - Setting next_dagrun for example_workday_timetable to 2021-01-04 00:00:00+00:00, run_after=2021-01-05 00:00:00+00:00
[2025-03-12T14:37:19.137+0200] {processor.py:208} INFO - Processing /home/munyah/.local/lib/python3.10/site-packages/airflow/example_dags/example_workday_timetable.py took 0.131 seconds
[2025-03-12T14:38:21.338+0200] {processor.py:186} INFO - Started process (PID=140677) to work on /home/munyah/.local/lib/python3.10/site-packages/airflow/example_dags/example_workday_timetable.py
[2025-03-12T14:38:21.340+0200] {processor.py:914} INFO - Processing file /home/munyah/.local/lib/python3.10/site-packages/airflow/example_dags/example_workday_timetable.py for tasks to queue
[2025-03-12T14:38:21.343+0200] {logging_mixin.py:190} INFO - [2025-03-12T14:38:21.342+0200] {dagbag.py:588} INFO - Filling up the DagBag from /home/munyah/.local/lib/python3.10/site-packages/airflow/example_dags/example_workday_timetable.py
[2025-03-12T14:38:21.352+0200] {processor.py:925} INFO - DAG(s) 'example_workday_timetable' retrieved from /home/munyah/.local/lib/python3.10/site-packages/airflow/example_dags/example_workday_timetable.py
[2025-03-12T14:38:21.369+0200] {logging_mixin.py:190} INFO - [2025-03-12T14:38:21.369+0200] {dag.py:3239} INFO - Sync 1 DAGs
[2025-03-12T14:38:21.430+0200] {logging_mixin.py:190} INFO - [2025-03-12T14:38:21.429+0200] {dag.py:4180} INFO - Setting next_dagrun for example_workday_timetable to 2021-01-04 00:00:00+00:00, run_after=2021-01-05 00:00:00+00:00
[2025-03-12T14:38:21.449+0200] {processor.py:208} INFO - Processing /home/munyah/.local/lib/python3.10/site-packages/airflow/example_dags/example_workday_timetable.py took 0.121 seconds
[2025-03-12T14:39:28.404+0200] {processor.py:186} INFO - Started process (PID=140757) to work on /home/munyah/.local/lib/python3.10/site-packages/airflow/example_dags/example_workday_timetable.py
[2025-03-12T14:39:28.405+0200] {processor.py:914} INFO - Processing file /home/munyah/.local/lib/python3.10/site-packages/airflow/example_dags/example_workday_timetable.py for tasks to queue
[2025-03-12T14:39:28.408+0200] {logging_mixin.py:190} INFO - [2025-03-12T14:39:28.408+0200] {dagbag.py:588} INFO - Filling up the DagBag from /home/munyah/.local/lib/python3.10/site-packages/airflow/example_dags/example_workday_timetable.py
[2025-03-12T14:39:28.416+0200] {processor.py:925} INFO - DAG(s) 'example_workday_timetable' retrieved from /home/munyah/.local/lib/python3.10/site-packages/airflow/example_dags/example_workday_timetable.py
[2025-03-12T14:39:28.433+0200] {logging_mixin.py:190} INFO - [2025-03-12T14:39:28.433+0200] {dag.py:3239} INFO - Sync 1 DAGs
[2025-03-12T14:39:28.495+0200] {logging_mixin.py:190} INFO - [2025-03-12T14:39:28.495+0200] {dag.py:4180} INFO - Setting next_dagrun for example_workday_timetable to 2021-01-04 00:00:00+00:00, run_after=2021-01-05 00:00:00+00:00
[2025-03-12T14:39:28.515+0200] {processor.py:208} INFO - Processing /home/munyah/.local/lib/python3.10/site-packages/airflow/example_dags/example_workday_timetable.py took 0.125 seconds
[2025-03-12T14:40:33.353+0200] {processor.py:186} INFO - Started process (PID=140894) to work on /home/munyah/.local/lib/python3.10/site-packages/airflow/example_dags/example_workday_timetable.py
[2025-03-12T14:40:33.354+0200] {processor.py:914} INFO - Processing file /home/munyah/.local/lib/python3.10/site-packages/airflow/example_dags/example_workday_timetable.py for tasks to queue
[2025-03-12T14:40:33.357+0200] {logging_mixin.py:190} INFO - [2025-03-12T14:40:33.356+0200] {dagbag.py:588} INFO - Filling up the DagBag from /home/munyah/.local/lib/python3.10/site-packages/airflow/example_dags/example_workday_timetable.py
[2025-03-12T14:40:33.365+0200] {processor.py:925} INFO - DAG(s) 'example_workday_timetable' retrieved from /home/munyah/.local/lib/python3.10/site-packages/airflow/example_dags/example_workday_timetable.py
[2025-03-12T14:40:33.382+0200] {logging_mixin.py:190} INFO - [2025-03-12T14:40:33.382+0200] {dag.py:3239} INFO - Sync 1 DAGs
[2025-03-12T14:40:33.444+0200] {logging_mixin.py:190} INFO - [2025-03-12T14:40:33.444+0200] {dag.py:4180} INFO - Setting next_dagrun for example_workday_timetable to 2021-01-04 00:00:00+00:00, run_after=2021-01-05 00:00:00+00:00
[2025-03-12T14:40:33.464+0200] {processor.py:208} INFO - Processing /home/munyah/.local/lib/python3.10/site-packages/airflow/example_dags/example_workday_timetable.py took 0.119 seconds
[2025-03-12T14:41:37.506+0200] {processor.py:186} INFO - Started process (PID=141204) to work on /home/munyah/.local/lib/python3.10/site-packages/airflow/example_dags/example_workday_timetable.py
[2025-03-12T14:41:37.507+0200] {processor.py:914} INFO - Processing file /home/munyah/.local/lib/python3.10/site-packages/airflow/example_dags/example_workday_timetable.py for tasks to queue
[2025-03-12T14:41:37.510+0200] {logging_mixin.py:190} INFO - [2025-03-12T14:41:37.509+0200] {dagbag.py:588} INFO - Filling up the DagBag from /home/munyah/.local/lib/python3.10/site-packages/airflow/example_dags/example_workday_timetable.py
[2025-03-12T14:41:37.518+0200] {processor.py:925} INFO - DAG(s) 'example_workday_timetable' retrieved from /home/munyah/.local/lib/python3.10/site-packages/airflow/example_dags/example_workday_timetable.py
[2025-03-12T14:41:37.535+0200] {logging_mixin.py:190} INFO - [2025-03-12T14:41:37.534+0200] {dag.py:3239} INFO - Sync 1 DAGs
[2025-03-12T14:41:37.610+0200] {logging_mixin.py:190} INFO - [2025-03-12T14:41:37.610+0200] {dag.py:4180} INFO - Setting next_dagrun for example_workday_timetable to 2021-01-04 00:00:00+00:00, run_after=2021-01-05 00:00:00+00:00
[2025-03-12T14:41:37.632+0200] {processor.py:208} INFO - Processing /home/munyah/.local/lib/python3.10/site-packages/airflow/example_dags/example_workday_timetable.py took 0.134 seconds
[2025-03-12T14:42:37.730+0200] {processor.py:186} INFO - Started process (PID=141403) to work on /home/munyah/.local/lib/python3.10/site-packages/airflow/example_dags/example_workday_timetable.py
[2025-03-12T14:42:37.731+0200] {processor.py:914} INFO - Processing file /home/munyah/.local/lib/python3.10/site-packages/airflow/example_dags/example_workday_timetable.py for tasks to queue
[2025-03-12T14:42:37.734+0200] {logging_mixin.py:190} INFO - [2025-03-12T14:42:37.733+0200] {dagbag.py:588} INFO - Filling up the DagBag from /home/munyah/.local/lib/python3.10/site-packages/airflow/example_dags/example_workday_timetable.py
[2025-03-12T14:42:37.742+0200] {processor.py:925} INFO - DAG(s) 'example_workday_timetable' retrieved from /home/munyah/.local/lib/python3.10/site-packages/airflow/example_dags/example_workday_timetable.py
[2025-03-12T14:42:37.759+0200] {logging_mixin.py:190} INFO - [2025-03-12T14:42:37.758+0200] {dag.py:3239} INFO - Sync 1 DAGs
[2025-03-12T14:42:37.823+0200] {logging_mixin.py:190} INFO - [2025-03-12T14:42:37.823+0200] {dag.py:4180} INFO - Setting next_dagrun for example_workday_timetable to 2021-01-04 00:00:00+00:00, run_after=2021-01-05 00:00:00+00:00
[2025-03-12T14:42:37.845+0200] {processor.py:208} INFO - Processing /home/munyah/.local/lib/python3.10/site-packages/airflow/example_dags/example_workday_timetable.py took 0.123 seconds
[2025-03-12T14:43:37.340+0200] {processor.py:186} INFO - Started process (PID=141568) to work on /home/munyah/.local/lib/python3.10/site-packages/airflow/example_dags/example_workday_timetable.py
[2025-03-12T14:43:37.341+0200] {processor.py:914} INFO - Processing file /home/munyah/.local/lib/python3.10/site-packages/airflow/example_dags/example_workday_timetable.py for tasks to queue
[2025-03-12T14:43:37.344+0200] {logging_mixin.py:190} INFO - [2025-03-12T14:43:37.344+0200] {dagbag.py:588} INFO - Filling up the DagBag from /home/munyah/.local/lib/python3.10/site-packages/airflow/example_dags/example_workday_timetable.py
[2025-03-12T14:43:37.351+0200] {processor.py:925} INFO - DAG(s) 'example_workday_timetable' retrieved from /home/munyah/.local/lib/python3.10/site-packages/airflow/example_dags/example_workday_timetable.py
[2025-03-12T14:43:37.369+0200] {logging_mixin.py:190} INFO - [2025-03-12T14:43:37.368+0200] {dag.py:3239} INFO - Sync 1 DAGs
[2025-03-12T14:43:37.441+0200] {logging_mixin.py:190} INFO - [2025-03-12T14:43:37.441+0200] {dag.py:4180} INFO - Setting next_dagrun for example_workday_timetable to 2021-01-04 00:00:00+00:00, run_after=2021-01-05 00:00:00+00:00
[2025-03-12T14:43:37.465+0200] {processor.py:208} INFO - Processing /home/munyah/.local/lib/python3.10/site-packages/airflow/example_dags/example_workday_timetable.py took 0.132 seconds
[2025-03-12T14:44:36.920+0200] {processor.py:186} INFO - Started process (PID=141760) to work on /home/munyah/.local/lib/python3.10/site-packages/airflow/example_dags/example_workday_timetable.py
[2025-03-12T14:44:36.922+0200] {processor.py:914} INFO - Processing file /home/munyah/.local/lib/python3.10/site-packages/airflow/example_dags/example_workday_timetable.py for tasks to queue
[2025-03-12T14:44:36.925+0200] {logging_mixin.py:190} INFO - [2025-03-12T14:44:36.924+0200] {dagbag.py:588} INFO - Filling up the DagBag from /home/munyah/.local/lib/python3.10/site-packages/airflow/example_dags/example_workday_timetable.py
[2025-03-12T14:44:36.933+0200] {processor.py:925} INFO - DAG(s) 'example_workday_timetable' retrieved from /home/munyah/.local/lib/python3.10/site-packages/airflow/example_dags/example_workday_timetable.py
[2025-03-12T14:44:36.952+0200] {logging_mixin.py:190} INFO - [2025-03-12T14:44:36.952+0200] {dag.py:3239} INFO - Sync 1 DAGs
[2025-03-12T14:44:37.051+0200] {logging_mixin.py:190} INFO - [2025-03-12T14:44:37.051+0200] {dag.py:4180} INFO - Setting next_dagrun for example_workday_timetable to 2021-01-04 00:00:00+00:00, run_after=2021-01-05 00:00:00+00:00
[2025-03-12T14:44:37.076+0200] {processor.py:208} INFO - Processing /home/munyah/.local/lib/python3.10/site-packages/airflow/example_dags/example_workday_timetable.py took 0.168 seconds
[2025-03-12T14:45:36.971+0200] {processor.py:186} INFO - Started process (PID=141923) to work on /home/munyah/.local/lib/python3.10/site-packages/airflow/example_dags/example_workday_timetable.py
[2025-03-12T14:45:36.972+0200] {processor.py:914} INFO - Processing file /home/munyah/.local/lib/python3.10/site-packages/airflow/example_dags/example_workday_timetable.py for tasks to queue
[2025-03-12T14:45:36.976+0200] {logging_mixin.py:190} INFO - [2025-03-12T14:45:36.975+0200] {dagbag.py:588} INFO - Filling up the DagBag from /home/munyah/.local/lib/python3.10/site-packages/airflow/example_dags/example_workday_timetable.py
[2025-03-12T14:45:36.983+0200] {processor.py:925} INFO - DAG(s) 'example_workday_timetable' retrieved from /home/munyah/.local/lib/python3.10/site-packages/airflow/example_dags/example_workday_timetable.py
[2025-03-12T14:45:37.000+0200] {logging_mixin.py:190} INFO - [2025-03-12T14:45:37.000+0200] {dag.py:3239} INFO - Sync 1 DAGs
[2025-03-12T14:45:37.068+0200] {logging_mixin.py:190} INFO - [2025-03-12T14:45:37.067+0200] {dag.py:4180} INFO - Setting next_dagrun for example_workday_timetable to 2021-01-04 00:00:00+00:00, run_after=2021-01-05 00:00:00+00:00
[2025-03-12T14:45:37.093+0200] {processor.py:208} INFO - Processing /home/munyah/.local/lib/python3.10/site-packages/airflow/example_dags/example_workday_timetable.py took 0.130 seconds
[2025-03-12T14:46:35.438+0200] {processor.py:186} INFO - Started process (PID=142178) to work on /home/munyah/.local/lib/python3.10/site-packages/airflow/example_dags/example_workday_timetable.py
[2025-03-12T14:46:35.439+0200] {processor.py:914} INFO - Processing file /home/munyah/.local/lib/python3.10/site-packages/airflow/example_dags/example_workday_timetable.py for tasks to queue
[2025-03-12T14:46:35.442+0200] {logging_mixin.py:190} INFO - [2025-03-12T14:46:35.441+0200] {dagbag.py:588} INFO - Filling up the DagBag from /home/munyah/.local/lib/python3.10/site-packages/airflow/example_dags/example_workday_timetable.py
[2025-03-12T14:46:35.449+0200] {processor.py:925} INFO - DAG(s) 'example_workday_timetable' retrieved from /home/munyah/.local/lib/python3.10/site-packages/airflow/example_dags/example_workday_timetable.py
[2025-03-12T14:46:35.466+0200] {logging_mixin.py:190} INFO - [2025-03-12T14:46:35.466+0200] {dag.py:3239} INFO - Sync 1 DAGs
[2025-03-12T14:46:35.576+0200] {logging_mixin.py:190} INFO - [2025-03-12T14:46:35.575+0200] {dag.py:4180} INFO - Setting next_dagrun for example_workday_timetable to 2021-01-04 00:00:00+00:00, run_after=2021-01-05 00:00:00+00:00
[2025-03-12T14:46:35.601+0200] {processor.py:208} INFO - Processing /home/munyah/.local/lib/python3.10/site-packages/airflow/example_dags/example_workday_timetable.py took 0.170 seconds
[2025-03-12T14:49:32.217+0200] {processor.py:186} INFO - Started process (PID=142765) to work on /home/munyah/.local/lib/python3.10/site-packages/airflow/example_dags/example_workday_timetable.py
[2025-03-12T14:49:32.219+0200] {processor.py:914} INFO - Processing file /home/munyah/.local/lib/python3.10/site-packages/airflow/example_dags/example_workday_timetable.py for tasks to queue
[2025-03-12T14:49:32.221+0200] {logging_mixin.py:190} INFO - [2025-03-12T14:49:32.221+0200] {dagbag.py:588} INFO - Filling up the DagBag from /home/munyah/.local/lib/python3.10/site-packages/airflow/example_dags/example_workday_timetable.py
[2025-03-12T14:49:32.230+0200] {processor.py:925} INFO - DAG(s) 'example_workday_timetable' retrieved from /home/munyah/.local/lib/python3.10/site-packages/airflow/example_dags/example_workday_timetable.py
[2025-03-12T14:49:32.249+0200] {logging_mixin.py:190} INFO - [2025-03-12T14:49:32.249+0200] {dag.py:3239} INFO - Sync 1 DAGs
[2025-03-12T14:49:32.480+0200] {logging_mixin.py:190} INFO - [2025-03-12T14:49:32.480+0200] {dag.py:4180} INFO - Setting next_dagrun for example_workday_timetable to 2021-01-04 00:00:00+00:00, run_after=2021-01-05 00:00:00+00:00
[2025-03-12T14:49:32.783+0200] {processor.py:208} INFO - Processing /home/munyah/.local/lib/python3.10/site-packages/airflow/example_dags/example_workday_timetable.py took 0.573 seconds
[2025-03-12T14:50:52.762+0200] {processor.py:186} INFO - Started process (PID=142987) to work on /home/munyah/.local/lib/python3.10/site-packages/airflow/example_dags/example_workday_timetable.py
[2025-03-12T14:50:52.763+0200] {processor.py:914} INFO - Processing file /home/munyah/.local/lib/python3.10/site-packages/airflow/example_dags/example_workday_timetable.py for tasks to queue
[2025-03-12T14:50:52.767+0200] {logging_mixin.py:190} INFO - [2025-03-12T14:50:52.766+0200] {dagbag.py:588} INFO - Filling up the DagBag from /home/munyah/.local/lib/python3.10/site-packages/airflow/example_dags/example_workday_timetable.py
[2025-03-12T14:50:52.775+0200] {processor.py:925} INFO - DAG(s) 'example_workday_timetable' retrieved from /home/munyah/.local/lib/python3.10/site-packages/airflow/example_dags/example_workday_timetable.py
[2025-03-12T14:50:52.794+0200] {logging_mixin.py:190} INFO - [2025-03-12T14:50:52.793+0200] {dag.py:3239} INFO - Sync 1 DAGs
[2025-03-12T14:50:52.978+0200] {logging_mixin.py:190} INFO - [2025-03-12T14:50:52.978+0200] {dag.py:4180} INFO - Setting next_dagrun for example_workday_timetable to 2021-01-04 00:00:00+00:00, run_after=2021-01-05 00:00:00+00:00
[2025-03-12T14:50:53.001+0200] {processor.py:208} INFO - Processing /home/munyah/.local/lib/python3.10/site-packages/airflow/example_dags/example_workday_timetable.py took 0.246 seconds
[2025-03-12T14:51:58.016+0200] {processor.py:186} INFO - Started process (PID=143222) to work on /home/munyah/.local/lib/python3.10/site-packages/airflow/example_dags/example_workday_timetable.py
[2025-03-12T14:51:58.017+0200] {processor.py:914} INFO - Processing file /home/munyah/.local/lib/python3.10/site-packages/airflow/example_dags/example_workday_timetable.py for tasks to queue
[2025-03-12T14:51:58.020+0200] {logging_mixin.py:190} INFO - [2025-03-12T14:51:58.019+0200] {dagbag.py:588} INFO - Filling up the DagBag from /home/munyah/.local/lib/python3.10/site-packages/airflow/example_dags/example_workday_timetable.py
[2025-03-12T14:51:58.027+0200] {processor.py:925} INFO - DAG(s) 'example_workday_timetable' retrieved from /home/munyah/.local/lib/python3.10/site-packages/airflow/example_dags/example_workday_timetable.py
[2025-03-12T14:51:58.044+0200] {logging_mixin.py:190} INFO - [2025-03-12T14:51:58.044+0200] {dag.py:3239} INFO - Sync 1 DAGs
[2025-03-12T14:51:58.206+0200] {logging_mixin.py:190} INFO - [2025-03-12T14:51:58.206+0200] {dag.py:4180} INFO - Setting next_dagrun for example_workday_timetable to 2021-01-04 00:00:00+00:00, run_after=2021-01-05 00:00:00+00:00
[2025-03-12T14:51:58.228+0200] {processor.py:208} INFO - Processing /home/munyah/.local/lib/python3.10/site-packages/airflow/example_dags/example_workday_timetable.py took 0.219 seconds
[2025-03-12T14:53:11.487+0200] {processor.py:186} INFO - Started process (PID=143450) to work on /home/munyah/.local/lib/python3.10/site-packages/airflow/example_dags/example_workday_timetable.py
[2025-03-12T14:53:11.494+0200] {processor.py:914} INFO - Processing file /home/munyah/.local/lib/python3.10/site-packages/airflow/example_dags/example_workday_timetable.py for tasks to queue
[2025-03-12T14:53:11.505+0200] {logging_mixin.py:190} INFO - [2025-03-12T14:53:11.497+0200] {dagbag.py:588} INFO - Filling up the DagBag from /home/munyah/.local/lib/python3.10/site-packages/airflow/example_dags/example_workday_timetable.py
[2025-03-12T14:53:11.543+0200] {processor.py:925} INFO - DAG(s) 'example_workday_timetable' retrieved from /home/munyah/.local/lib/python3.10/site-packages/airflow/example_dags/example_workday_timetable.py
[2025-03-12T14:53:11.584+0200] {logging_mixin.py:190} INFO - [2025-03-12T14:53:11.583+0200] {dag.py:3239} INFO - Sync 1 DAGs
[2025-03-12T14:53:11.797+0200] {logging_mixin.py:190} INFO - [2025-03-12T14:53:11.796+0200] {dag.py:4180} INFO - Setting next_dagrun for example_workday_timetable to 2021-01-04 00:00:00+00:00, run_after=2021-01-05 00:00:00+00:00
[2025-03-12T14:53:11.832+0200] {processor.py:208} INFO - Processing /home/munyah/.local/lib/python3.10/site-packages/airflow/example_dags/example_workday_timetable.py took 0.370 seconds
