[2025-03-12T14:17:13.889+0200] {processor.py:186} INFO - Started process (PID=134283) to work on /home/munyah/.local/lib/python3.10/site-packages/airflow/example_dags/example_params_ui_tutorial.py
[2025-03-12T14:17:13.889+0200] {processor.py:914} INFO - Processing file /home/munyah/.local/lib/python3.10/site-packages/airflow/example_dags/example_params_ui_tutorial.py for tasks to queue
[2025-03-12T14:17:13.892+0200] {logging_mixin.py:190} INFO - [2025-03-12T14:17:13.891+0200] {dagbag.py:588} INFO - Filling up the DagBag from /home/munyah/.local/lib/python3.10/site-packages/airflow/example_dags/example_params_ui_tutorial.py
[2025-03-12T14:17:13.903+0200] {processor.py:925} INFO - DAG(s) 'example_params_ui_tutorial' retrieved from /home/munyah/.local/lib/python3.10/site-packages/airflow/example_dags/example_params_ui_tutorial.py
[2025-03-12T14:17:13.953+0200] {logging_mixin.py:190} INFO - [2025-03-12T14:17:13.953+0200] {dag.py:3239} INFO - Sync 1 DAGs
[2025-03-12T14:17:13.966+0200] {logging_mixin.py:190} INFO - [2025-03-12T14:17:13.966+0200] {dag.py:4180} INFO - Setting next_dagrun for example_params_ui_tutorial to None, run_after=None
[2025-03-12T14:17:13.988+0200] {processor.py:208} INFO - Processing /home/munyah/.local/lib/python3.10/site-packages/airflow/example_dags/example_params_ui_tutorial.py took 0.106 seconds
[2025-03-12T14:18:17.777+0200] {processor.py:186} INFO - Started process (PID=134668) to work on /home/munyah/.local/lib/python3.10/site-packages/airflow/example_dags/example_params_ui_tutorial.py
[2025-03-12T14:18:17.778+0200] {processor.py:914} INFO - Processing file /home/munyah/.local/lib/python3.10/site-packages/airflow/example_dags/example_params_ui_tutorial.py for tasks to queue
[2025-03-12T14:18:17.780+0200] {logging_mixin.py:190} INFO - [2025-03-12T14:18:17.780+0200] {dagbag.py:588} INFO - Filling up the DagBag from /home/munyah/.local/lib/python3.10/site-packages/airflow/example_dags/example_params_ui_tutorial.py
[2025-03-12T14:18:17.791+0200] {processor.py:925} INFO - DAG(s) 'example_params_ui_tutorial' retrieved from /home/munyah/.local/lib/python3.10/site-packages/airflow/example_dags/example_params_ui_tutorial.py
[2025-03-12T14:18:17.845+0200] {logging_mixin.py:190} INFO - [2025-03-12T14:18:17.845+0200] {dag.py:3239} INFO - Sync 1 DAGs
[2025-03-12T14:18:17.859+0200] {logging_mixin.py:190} INFO - [2025-03-12T14:18:17.859+0200] {dag.py:4180} INFO - Setting next_dagrun for example_params_ui_tutorial to None, run_after=None
[2025-03-12T14:18:17.881+0200] {processor.py:208} INFO - Processing /home/munyah/.local/lib/python3.10/site-packages/airflow/example_dags/example_params_ui_tutorial.py took 0.112 seconds
[2025-03-12T14:19:17.552+0200] {processor.py:186} INFO - Started process (PID=134932) to work on /home/munyah/.local/lib/python3.10/site-packages/airflow/example_dags/example_params_ui_tutorial.py
[2025-03-12T14:19:17.553+0200] {processor.py:914} INFO - Processing file /home/munyah/.local/lib/python3.10/site-packages/airflow/example_dags/example_params_ui_tutorial.py for tasks to queue
[2025-03-12T14:19:17.556+0200] {logging_mixin.py:190} INFO - [2025-03-12T14:19:17.556+0200] {dagbag.py:588} INFO - Filling up the DagBag from /home/munyah/.local/lib/python3.10/site-packages/airflow/example_dags/example_params_ui_tutorial.py
[2025-03-12T14:19:17.568+0200] {processor.py:925} INFO - DAG(s) 'example_params_ui_tutorial' retrieved from /home/munyah/.local/lib/python3.10/site-packages/airflow/example_dags/example_params_ui_tutorial.py
[2025-03-12T14:19:17.617+0200] {logging_mixin.py:190} INFO - [2025-03-12T14:19:17.617+0200] {dag.py:3239} INFO - Sync 1 DAGs
[2025-03-12T14:19:17.632+0200] {logging_mixin.py:190} INFO - [2025-03-12T14:19:17.631+0200] {dag.py:4180} INFO - Setting next_dagrun for example_params_ui_tutorial to None, run_after=None
[2025-03-12T14:19:17.653+0200] {processor.py:208} INFO - Processing /home/munyah/.local/lib/python3.10/site-packages/airflow/example_dags/example_params_ui_tutorial.py took 0.111 seconds
[2025-03-12T14:20:15.666+0200] {processor.py:186} INFO - Started process (PID=135094) to work on /home/munyah/.local/lib/python3.10/site-packages/airflow/example_dags/example_params_ui_tutorial.py
[2025-03-12T14:20:15.667+0200] {processor.py:914} INFO - Processing file /home/munyah/.local/lib/python3.10/site-packages/airflow/example_dags/example_params_ui_tutorial.py for tasks to queue
[2025-03-12T14:20:15.670+0200] {logging_mixin.py:190} INFO - [2025-03-12T14:20:15.669+0200] {dagbag.py:588} INFO - Filling up the DagBag from /home/munyah/.local/lib/python3.10/site-packages/airflow/example_dags/example_params_ui_tutorial.py
[2025-03-12T14:20:15.681+0200] {processor.py:925} INFO - DAG(s) 'example_params_ui_tutorial' retrieved from /home/munyah/.local/lib/python3.10/site-packages/airflow/example_dags/example_params_ui_tutorial.py
[2025-03-12T14:20:15.729+0200] {logging_mixin.py:190} INFO - [2025-03-12T14:20:15.728+0200] {dag.py:3239} INFO - Sync 1 DAGs
[2025-03-12T14:20:15.742+0200] {logging_mixin.py:190} INFO - [2025-03-12T14:20:15.742+0200] {dag.py:4180} INFO - Setting next_dagrun for example_params_ui_tutorial to None, run_after=None
[2025-03-12T14:20:15.765+0200] {processor.py:208} INFO - Processing /home/munyah/.local/lib/python3.10/site-packages/airflow/example_dags/example_params_ui_tutorial.py took 0.106 seconds
[2025-03-12T14:21:10.936+0200] {processor.py:186} INFO - Started process (PID=135282) to work on /home/munyah/.local/lib/python3.10/site-packages/airflow/example_dags/example_params_ui_tutorial.py
[2025-03-12T14:21:10.937+0200] {processor.py:914} INFO - Processing file /home/munyah/.local/lib/python3.10/site-packages/airflow/example_dags/example_params_ui_tutorial.py for tasks to queue
[2025-03-12T14:21:10.940+0200] {logging_mixin.py:190} INFO - [2025-03-12T14:21:10.939+0200] {dagbag.py:588} INFO - Filling up the DagBag from /home/munyah/.local/lib/python3.10/site-packages/airflow/example_dags/example_params_ui_tutorial.py
[2025-03-12T14:21:10.951+0200] {processor.py:925} INFO - DAG(s) 'example_params_ui_tutorial' retrieved from /home/munyah/.local/lib/python3.10/site-packages/airflow/example_dags/example_params_ui_tutorial.py
[2025-03-12T14:21:11.013+0200] {logging_mixin.py:190} INFO - [2025-03-12T14:21:11.012+0200] {dag.py:3239} INFO - Sync 1 DAGs
[2025-03-12T14:21:11.027+0200] {logging_mixin.py:190} INFO - [2025-03-12T14:21:11.027+0200] {dag.py:4180} INFO - Setting next_dagrun for example_params_ui_tutorial to None, run_after=None
[2025-03-12T14:21:11.049+0200] {processor.py:208} INFO - Processing /home/munyah/.local/lib/python3.10/site-packages/airflow/example_dags/example_params_ui_tutorial.py took 0.120 seconds
[2025-03-12T14:22:07.611+0200] {processor.py:186} INFO - Started process (PID=135493) to work on /home/munyah/.local/lib/python3.10/site-packages/airflow/example_dags/example_params_ui_tutorial.py
[2025-03-12T14:22:07.612+0200] {processor.py:914} INFO - Processing file /home/munyah/.local/lib/python3.10/site-packages/airflow/example_dags/example_params_ui_tutorial.py for tasks to queue
[2025-03-12T14:22:07.614+0200] {logging_mixin.py:190} INFO - [2025-03-12T14:22:07.614+0200] {dagbag.py:588} INFO - Filling up the DagBag from /home/munyah/.local/lib/python3.10/site-packages/airflow/example_dags/example_params_ui_tutorial.py
[2025-03-12T14:22:07.625+0200] {processor.py:925} INFO - DAG(s) 'example_params_ui_tutorial' retrieved from /home/munyah/.local/lib/python3.10/site-packages/airflow/example_dags/example_params_ui_tutorial.py
[2025-03-12T14:22:07.673+0200] {logging_mixin.py:190} INFO - [2025-03-12T14:22:07.672+0200] {dag.py:3239} INFO - Sync 1 DAGs
[2025-03-12T14:22:07.688+0200] {logging_mixin.py:190} INFO - [2025-03-12T14:22:07.687+0200] {dag.py:4180} INFO - Setting next_dagrun for example_params_ui_tutorial to None, run_after=None
[2025-03-12T14:22:07.708+0200] {processor.py:208} INFO - Processing /home/munyah/.local/lib/python3.10/site-packages/airflow/example_dags/example_params_ui_tutorial.py took 0.106 seconds
[2025-03-12T14:23:10.977+0200] {processor.py:186} INFO - Started process (PID=136412) to work on /home/munyah/.local/lib/python3.10/site-packages/airflow/example_dags/example_params_ui_tutorial.py
[2025-03-12T14:23:10.978+0200] {processor.py:914} INFO - Processing file /home/munyah/.local/lib/python3.10/site-packages/airflow/example_dags/example_params_ui_tutorial.py for tasks to queue
[2025-03-12T14:23:10.981+0200] {logging_mixin.py:190} INFO - [2025-03-12T14:23:10.981+0200] {dagbag.py:588} INFO - Filling up the DagBag from /home/munyah/.local/lib/python3.10/site-packages/airflow/example_dags/example_params_ui_tutorial.py
[2025-03-12T14:23:10.998+0200] {processor.py:925} INFO - DAG(s) 'example_params_ui_tutorial' retrieved from /home/munyah/.local/lib/python3.10/site-packages/airflow/example_dags/example_params_ui_tutorial.py
[2025-03-12T14:23:11.144+0200] {logging_mixin.py:190} INFO - [2025-03-12T14:23:11.143+0200] {dag.py:3239} INFO - Sync 1 DAGs
[2025-03-12T14:23:11.186+0200] {logging_mixin.py:190} INFO - [2025-03-12T14:23:11.185+0200] {dag.py:4180} INFO - Setting next_dagrun for example_params_ui_tutorial to None, run_after=None
[2025-03-12T14:23:11.227+0200] {processor.py:208} INFO - Processing /home/munyah/.local/lib/python3.10/site-packages/airflow/example_dags/example_params_ui_tutorial.py took 0.264 seconds
[2025-03-12T14:24:22.399+0200] {processor.py:186} INFO - Started process (PID=136663) to work on /home/munyah/.local/lib/python3.10/site-packages/airflow/example_dags/example_params_ui_tutorial.py
[2025-03-12T14:24:22.401+0200] {processor.py:914} INFO - Processing file /home/munyah/.local/lib/python3.10/site-packages/airflow/example_dags/example_params_ui_tutorial.py for tasks to queue
[2025-03-12T14:24:22.404+0200] {logging_mixin.py:190} INFO - [2025-03-12T14:24:22.404+0200] {dagbag.py:588} INFO - Filling up the DagBag from /home/munyah/.local/lib/python3.10/site-packages/airflow/example_dags/example_params_ui_tutorial.py
[2025-03-12T14:24:22.421+0200] {processor.py:925} INFO - DAG(s) 'example_params_ui_tutorial' retrieved from /home/munyah/.local/lib/python3.10/site-packages/airflow/example_dags/example_params_ui_tutorial.py
[2025-03-12T14:24:22.474+0200] {logging_mixin.py:190} INFO - [2025-03-12T14:24:22.474+0200] {dag.py:3239} INFO - Sync 1 DAGs
[2025-03-12T14:24:22.488+0200] {logging_mixin.py:190} INFO - [2025-03-12T14:24:22.488+0200] {dag.py:4180} INFO - Setting next_dagrun for example_params_ui_tutorial to None, run_after=None
[2025-03-12T14:24:22.513+0200] {processor.py:208} INFO - Processing /home/munyah/.local/lib/python3.10/site-packages/airflow/example_dags/example_params_ui_tutorial.py took 0.125 seconds
[2025-03-12T14:25:19.828+0200] {processor.py:186} INFO - Started process (PID=136868) to work on /home/munyah/.local/lib/python3.10/site-packages/airflow/example_dags/example_params_ui_tutorial.py
[2025-03-12T14:25:19.829+0200] {processor.py:914} INFO - Processing file /home/munyah/.local/lib/python3.10/site-packages/airflow/example_dags/example_params_ui_tutorial.py for tasks to queue
[2025-03-12T14:25:19.831+0200] {logging_mixin.py:190} INFO - [2025-03-12T14:25:19.831+0200] {dagbag.py:588} INFO - Filling up the DagBag from /home/munyah/.local/lib/python3.10/site-packages/airflow/example_dags/example_params_ui_tutorial.py
[2025-03-12T14:25:19.843+0200] {processor.py:925} INFO - DAG(s) 'example_params_ui_tutorial' retrieved from /home/munyah/.local/lib/python3.10/site-packages/airflow/example_dags/example_params_ui_tutorial.py
[2025-03-12T14:25:19.893+0200] {logging_mixin.py:190} INFO - [2025-03-12T14:25:19.893+0200] {dag.py:3239} INFO - Sync 1 DAGs
[2025-03-12T14:25:19.908+0200] {logging_mixin.py:190} INFO - [2025-03-12T14:25:19.908+0200] {dag.py:4180} INFO - Setting next_dagrun for example_params_ui_tutorial to None, run_after=None
[2025-03-12T14:25:19.930+0200] {processor.py:208} INFO - Processing /home/munyah/.local/lib/python3.10/site-packages/airflow/example_dags/example_params_ui_tutorial.py took 0.110 seconds
[2025-03-12T14:26:19.060+0200] {processor.py:186} INFO - Started process (PID=137083) to work on /home/munyah/.local/lib/python3.10/site-packages/airflow/example_dags/example_params_ui_tutorial.py
[2025-03-12T14:26:19.061+0200] {processor.py:914} INFO - Processing file /home/munyah/.local/lib/python3.10/site-packages/airflow/example_dags/example_params_ui_tutorial.py for tasks to queue
[2025-03-12T14:26:19.064+0200] {logging_mixin.py:190} INFO - [2025-03-12T14:26:19.063+0200] {dagbag.py:588} INFO - Filling up the DagBag from /home/munyah/.local/lib/python3.10/site-packages/airflow/example_dags/example_params_ui_tutorial.py
[2025-03-12T14:26:19.075+0200] {processor.py:925} INFO - DAG(s) 'example_params_ui_tutorial' retrieved from /home/munyah/.local/lib/python3.10/site-packages/airflow/example_dags/example_params_ui_tutorial.py
[2025-03-12T14:26:19.127+0200] {logging_mixin.py:190} INFO - [2025-03-12T14:26:19.127+0200] {dag.py:3239} INFO - Sync 1 DAGs
[2025-03-12T14:26:19.142+0200] {logging_mixin.py:190} INFO - [2025-03-12T14:26:19.142+0200] {dag.py:4180} INFO - Setting next_dagrun for example_params_ui_tutorial to None, run_after=None
[2025-03-12T14:26:19.165+0200] {processor.py:208} INFO - Processing /home/munyah/.local/lib/python3.10/site-packages/airflow/example_dags/example_params_ui_tutorial.py took 0.113 seconds
[2025-03-12T14:27:20.333+0200] {processor.py:186} INFO - Started process (PID=137274) to work on /home/munyah/.local/lib/python3.10/site-packages/airflow/example_dags/example_params_ui_tutorial.py
[2025-03-12T14:27:20.335+0200] {processor.py:914} INFO - Processing file /home/munyah/.local/lib/python3.10/site-packages/airflow/example_dags/example_params_ui_tutorial.py for tasks to queue
[2025-03-12T14:27:20.338+0200] {logging_mixin.py:190} INFO - [2025-03-12T14:27:20.337+0200] {dagbag.py:588} INFO - Filling up the DagBag from /home/munyah/.local/lib/python3.10/site-packages/airflow/example_dags/example_params_ui_tutorial.py
[2025-03-12T14:27:20.353+0200] {processor.py:925} INFO - DAG(s) 'example_params_ui_tutorial' retrieved from /home/munyah/.local/lib/python3.10/site-packages/airflow/example_dags/example_params_ui_tutorial.py
[2025-03-12T14:27:20.408+0200] {logging_mixin.py:190} INFO - [2025-03-12T14:27:20.408+0200] {dag.py:3239} INFO - Sync 1 DAGs
[2025-03-12T14:27:20.423+0200] {logging_mixin.py:190} INFO - [2025-03-12T14:27:20.423+0200] {dag.py:4180} INFO - Setting next_dagrun for example_params_ui_tutorial to None, run_after=None
[2025-03-12T14:27:20.445+0200] {processor.py:208} INFO - Processing /home/munyah/.local/lib/python3.10/site-packages/airflow/example_dags/example_params_ui_tutorial.py took 0.122 seconds
[2025-03-12T14:28:24.092+0200] {processor.py:186} INFO - Started process (PID=137472) to work on /home/munyah/.local/lib/python3.10/site-packages/airflow/example_dags/example_params_ui_tutorial.py
[2025-03-12T14:28:24.094+0200] {processor.py:914} INFO - Processing file /home/munyah/.local/lib/python3.10/site-packages/airflow/example_dags/example_params_ui_tutorial.py for tasks to queue
[2025-03-12T14:28:24.097+0200] {logging_mixin.py:190} INFO - [2025-03-12T14:28:24.096+0200] {dagbag.py:588} INFO - Filling up the DagBag from /home/munyah/.local/lib/python3.10/site-packages/airflow/example_dags/example_params_ui_tutorial.py
[2025-03-12T14:28:24.109+0200] {processor.py:925} INFO - DAG(s) 'example_params_ui_tutorial' retrieved from /home/munyah/.local/lib/python3.10/site-packages/airflow/example_dags/example_params_ui_tutorial.py
[2025-03-12T14:28:24.161+0200] {logging_mixin.py:190} INFO - [2025-03-12T14:28:24.161+0200] {dag.py:3239} INFO - Sync 1 DAGs
[2025-03-12T14:28:24.176+0200] {logging_mixin.py:190} INFO - [2025-03-12T14:28:24.175+0200] {dag.py:4180} INFO - Setting next_dagrun for example_params_ui_tutorial to None, run_after=None
[2025-03-12T14:28:24.197+0200] {processor.py:208} INFO - Processing /home/munyah/.local/lib/python3.10/site-packages/airflow/example_dags/example_params_ui_tutorial.py took 0.114 seconds
[2025-03-12T14:29:21.549+0200] {processor.py:186} INFO - Started process (PID=138172) to work on /home/munyah/.local/lib/python3.10/site-packages/airflow/example_dags/example_params_ui_tutorial.py
[2025-03-12T14:29:21.550+0200] {processor.py:914} INFO - Processing file /home/munyah/.local/lib/python3.10/site-packages/airflow/example_dags/example_params_ui_tutorial.py for tasks to queue
[2025-03-12T14:29:21.554+0200] {logging_mixin.py:190} INFO - [2025-03-12T14:29:21.553+0200] {dagbag.py:588} INFO - Filling up the DagBag from /home/munyah/.local/lib/python3.10/site-packages/airflow/example_dags/example_params_ui_tutorial.py
[2025-03-12T14:29:21.565+0200] {processor.py:925} INFO - DAG(s) 'example_params_ui_tutorial' retrieved from /home/munyah/.local/lib/python3.10/site-packages/airflow/example_dags/example_params_ui_tutorial.py
[2025-03-12T14:29:21.622+0200] {logging_mixin.py:190} INFO - [2025-03-12T14:29:21.621+0200] {dag.py:3239} INFO - Sync 1 DAGs
[2025-03-12T14:29:21.637+0200] {logging_mixin.py:190} INFO - [2025-03-12T14:29:21.637+0200] {dag.py:4180} INFO - Setting next_dagrun for example_params_ui_tutorial to None, run_after=None
[2025-03-12T14:29:21.662+0200] {processor.py:208} INFO - Processing /home/munyah/.local/lib/python3.10/site-packages/airflow/example_dags/example_params_ui_tutorial.py took 0.123 seconds
[2025-03-12T14:30:20.387+0200] {processor.py:186} INFO - Started process (PID=138680) to work on /home/munyah/.local/lib/python3.10/site-packages/airflow/example_dags/example_params_ui_tutorial.py
[2025-03-12T14:30:20.389+0200] {processor.py:914} INFO - Processing file /home/munyah/.local/lib/python3.10/site-packages/airflow/example_dags/example_params_ui_tutorial.py for tasks to queue
[2025-03-12T14:30:20.392+0200] {logging_mixin.py:190} INFO - [2025-03-12T14:30:20.391+0200] {dagbag.py:588} INFO - Filling up the DagBag from /home/munyah/.local/lib/python3.10/site-packages/airflow/example_dags/example_params_ui_tutorial.py
[2025-03-12T14:30:20.406+0200] {processor.py:925} INFO - DAG(s) 'example_params_ui_tutorial' retrieved from /home/munyah/.local/lib/python3.10/site-packages/airflow/example_dags/example_params_ui_tutorial.py
[2025-03-12T14:30:20.459+0200] {logging_mixin.py:190} INFO - [2025-03-12T14:30:20.459+0200] {dag.py:3239} INFO - Sync 1 DAGs
[2025-03-12T14:30:20.474+0200] {logging_mixin.py:190} INFO - [2025-03-12T14:30:20.474+0200] {dag.py:4180} INFO - Setting next_dagrun for example_params_ui_tutorial to None, run_after=None
[2025-03-12T14:30:20.496+0200] {processor.py:208} INFO - Processing /home/munyah/.local/lib/python3.10/site-packages/airflow/example_dags/example_params_ui_tutorial.py took 0.118 seconds
[2025-03-12T14:31:24.074+0200] {processor.py:186} INFO - Started process (PID=138911) to work on /home/munyah/.local/lib/python3.10/site-packages/airflow/example_dags/example_params_ui_tutorial.py
[2025-03-12T14:31:24.075+0200] {processor.py:914} INFO - Processing file /home/munyah/.local/lib/python3.10/site-packages/airflow/example_dags/example_params_ui_tutorial.py for tasks to queue
[2025-03-12T14:31:24.077+0200] {logging_mixin.py:190} INFO - [2025-03-12T14:31:24.077+0200] {dagbag.py:588} INFO - Filling up the DagBag from /home/munyah/.local/lib/python3.10/site-packages/airflow/example_dags/example_params_ui_tutorial.py
[2025-03-12T14:31:24.089+0200] {processor.py:925} INFO - DAG(s) 'example_params_ui_tutorial' retrieved from /home/munyah/.local/lib/python3.10/site-packages/airflow/example_dags/example_params_ui_tutorial.py
[2025-03-12T14:31:24.139+0200] {logging_mixin.py:190} INFO - [2025-03-12T14:31:24.139+0200] {dag.py:3239} INFO - Sync 1 DAGs
[2025-03-12T14:31:24.153+0200] {logging_mixin.py:190} INFO - [2025-03-12T14:31:24.153+0200] {dag.py:4180} INFO - Setting next_dagrun for example_params_ui_tutorial to None, run_after=None
[2025-03-12T14:31:24.179+0200] {processor.py:208} INFO - Processing /home/munyah/.local/lib/python3.10/site-packages/airflow/example_dags/example_params_ui_tutorial.py took 0.113 seconds
[2025-03-12T14:32:28.242+0200] {processor.py:186} INFO - Started process (PID=139199) to work on /home/munyah/.local/lib/python3.10/site-packages/airflow/example_dags/example_params_ui_tutorial.py
[2025-03-12T14:32:28.244+0200] {processor.py:914} INFO - Processing file /home/munyah/.local/lib/python3.10/site-packages/airflow/example_dags/example_params_ui_tutorial.py for tasks to queue
[2025-03-12T14:32:28.248+0200] {logging_mixin.py:190} INFO - [2025-03-12T14:32:28.248+0200] {dagbag.py:588} INFO - Filling up the DagBag from /home/munyah/.local/lib/python3.10/site-packages/airflow/example_dags/example_params_ui_tutorial.py
[2025-03-12T14:32:28.270+0200] {processor.py:925} INFO - DAG(s) 'example_params_ui_tutorial' retrieved from /home/munyah/.local/lib/python3.10/site-packages/airflow/example_dags/example_params_ui_tutorial.py
[2025-03-12T14:32:28.399+0200] {logging_mixin.py:190} INFO - [2025-03-12T14:32:28.398+0200] {dag.py:3239} INFO - Sync 1 DAGs
[2025-03-12T14:32:28.417+0200] {logging_mixin.py:190} INFO - [2025-03-12T14:32:28.417+0200] {dag.py:4180} INFO - Setting next_dagrun for example_params_ui_tutorial to None, run_after=None
[2025-03-12T14:32:28.447+0200] {processor.py:208} INFO - Processing /home/munyah/.local/lib/python3.10/site-packages/airflow/example_dags/example_params_ui_tutorial.py took 0.212 seconds
[2025-03-12T14:33:31.528+0200] {processor.py:186} INFO - Started process (PID=139862) to work on /home/munyah/.local/lib/python3.10/site-packages/airflow/example_dags/example_params_ui_tutorial.py
[2025-03-12T14:33:31.529+0200] {processor.py:914} INFO - Processing file /home/munyah/.local/lib/python3.10/site-packages/airflow/example_dags/example_params_ui_tutorial.py for tasks to queue
[2025-03-12T14:33:31.532+0200] {logging_mixin.py:190} INFO - [2025-03-12T14:33:31.532+0200] {dagbag.py:588} INFO - Filling up the DagBag from /home/munyah/.local/lib/python3.10/site-packages/airflow/example_dags/example_params_ui_tutorial.py
[2025-03-12T14:33:31.545+0200] {processor.py:925} INFO - DAG(s) 'example_params_ui_tutorial' retrieved from /home/munyah/.local/lib/python3.10/site-packages/airflow/example_dags/example_params_ui_tutorial.py
[2025-03-12T14:33:31.602+0200] {logging_mixin.py:190} INFO - [2025-03-12T14:33:31.602+0200] {dag.py:3239} INFO - Sync 1 DAGs
[2025-03-12T14:33:31.620+0200] {logging_mixin.py:190} INFO - [2025-03-12T14:33:31.620+0200] {dag.py:4180} INFO - Setting next_dagrun for example_params_ui_tutorial to None, run_after=None
[2025-03-12T14:33:31.643+0200] {processor.py:208} INFO - Processing /home/munyah/.local/lib/python3.10/site-packages/airflow/example_dags/example_params_ui_tutorial.py took 0.124 seconds
[2025-03-12T14:34:35.467+0200] {processor.py:186} INFO - Started process (PID=140098) to work on /home/munyah/.local/lib/python3.10/site-packages/airflow/example_dags/example_params_ui_tutorial.py
[2025-03-12T14:34:35.469+0200] {processor.py:914} INFO - Processing file /home/munyah/.local/lib/python3.10/site-packages/airflow/example_dags/example_params_ui_tutorial.py for tasks to queue
[2025-03-12T14:34:35.472+0200] {logging_mixin.py:190} INFO - [2025-03-12T14:34:35.471+0200] {dagbag.py:588} INFO - Filling up the DagBag from /home/munyah/.local/lib/python3.10/site-packages/airflow/example_dags/example_params_ui_tutorial.py
[2025-03-12T14:34:35.483+0200] {processor.py:925} INFO - DAG(s) 'example_params_ui_tutorial' retrieved from /home/munyah/.local/lib/python3.10/site-packages/airflow/example_dags/example_params_ui_tutorial.py
[2025-03-12T14:34:35.536+0200] {logging_mixin.py:190} INFO - [2025-03-12T14:34:35.535+0200] {dag.py:3239} INFO - Sync 1 DAGs
[2025-03-12T14:34:35.550+0200] {logging_mixin.py:190} INFO - [2025-03-12T14:34:35.550+0200] {dag.py:4180} INFO - Setting next_dagrun for example_params_ui_tutorial to None, run_after=None
[2025-03-12T14:34:35.573+0200] {processor.py:208} INFO - Processing /home/munyah/.local/lib/python3.10/site-packages/airflow/example_dags/example_params_ui_tutorial.py took 0.118 seconds
[2025-03-12T14:35:37.825+0200] {processor.py:186} INFO - Started process (PID=140294) to work on /home/munyah/.local/lib/python3.10/site-packages/airflow/example_dags/example_params_ui_tutorial.py
[2025-03-12T14:35:37.826+0200] {processor.py:914} INFO - Processing file /home/munyah/.local/lib/python3.10/site-packages/airflow/example_dags/example_params_ui_tutorial.py for tasks to queue
[2025-03-12T14:35:37.829+0200] {logging_mixin.py:190} INFO - [2025-03-12T14:35:37.829+0200] {dagbag.py:588} INFO - Filling up the DagBag from /home/munyah/.local/lib/python3.10/site-packages/airflow/example_dags/example_params_ui_tutorial.py
[2025-03-12T14:35:37.840+0200] {processor.py:925} INFO - DAG(s) 'example_params_ui_tutorial' retrieved from /home/munyah/.local/lib/python3.10/site-packages/airflow/example_dags/example_params_ui_tutorial.py
[2025-03-12T14:35:37.895+0200] {logging_mixin.py:190} INFO - [2025-03-12T14:35:37.895+0200] {dag.py:3239} INFO - Sync 1 DAGs
[2025-03-12T14:35:37.910+0200] {logging_mixin.py:190} INFO - [2025-03-12T14:35:37.910+0200] {dag.py:4180} INFO - Setting next_dagrun for example_params_ui_tutorial to None, run_after=None
[2025-03-12T14:35:37.932+0200] {processor.py:208} INFO - Processing /home/munyah/.local/lib/python3.10/site-packages/airflow/example_dags/example_params_ui_tutorial.py took 0.115 seconds
[2025-03-12T14:36:46.542+0200] {processor.py:186} INFO - Started process (PID=140500) to work on /home/munyah/.local/lib/python3.10/site-packages/airflow/example_dags/example_params_ui_tutorial.py
[2025-03-12T14:36:46.544+0200] {processor.py:914} INFO - Processing file /home/munyah/.local/lib/python3.10/site-packages/airflow/example_dags/example_params_ui_tutorial.py for tasks to queue
[2025-03-12T14:36:46.547+0200] {logging_mixin.py:190} INFO - [2025-03-12T14:36:46.547+0200] {dagbag.py:588} INFO - Filling up the DagBag from /home/munyah/.local/lib/python3.10/site-packages/airflow/example_dags/example_params_ui_tutorial.py
[2025-03-12T14:36:46.561+0200] {processor.py:925} INFO - DAG(s) 'example_params_ui_tutorial' retrieved from /home/munyah/.local/lib/python3.10/site-packages/airflow/example_dags/example_params_ui_tutorial.py
[2025-03-12T14:36:46.612+0200] {logging_mixin.py:190} INFO - [2025-03-12T14:36:46.612+0200] {dag.py:3239} INFO - Sync 1 DAGs
[2025-03-12T14:36:46.626+0200] {logging_mixin.py:190} INFO - [2025-03-12T14:36:46.625+0200] {dag.py:4180} INFO - Setting next_dagrun for example_params_ui_tutorial to None, run_after=None
[2025-03-12T14:36:46.646+0200] {processor.py:208} INFO - Processing /home/munyah/.local/lib/python3.10/site-packages/airflow/example_dags/example_params_ui_tutorial.py took 0.114 seconds
[2025-03-12T14:37:48.807+0200] {processor.py:186} INFO - Started process (PID=140638) to work on /home/munyah/.local/lib/python3.10/site-packages/airflow/example_dags/example_params_ui_tutorial.py
[2025-03-12T14:37:48.809+0200] {processor.py:914} INFO - Processing file /home/munyah/.local/lib/python3.10/site-packages/airflow/example_dags/example_params_ui_tutorial.py for tasks to queue
[2025-03-12T14:37:48.813+0200] {logging_mixin.py:190} INFO - [2025-03-12T14:37:48.813+0200] {dagbag.py:588} INFO - Filling up the DagBag from /home/munyah/.local/lib/python3.10/site-packages/airflow/example_dags/example_params_ui_tutorial.py
[2025-03-12T14:37:48.829+0200] {processor.py:925} INFO - DAG(s) 'example_params_ui_tutorial' retrieved from /home/munyah/.local/lib/python3.10/site-packages/airflow/example_dags/example_params_ui_tutorial.py
[2025-03-12T14:37:48.878+0200] {logging_mixin.py:190} INFO - [2025-03-12T14:37:48.877+0200] {dag.py:3239} INFO - Sync 1 DAGs
[2025-03-12T14:37:48.891+0200] {logging_mixin.py:190} INFO - [2025-03-12T14:37:48.891+0200] {dag.py:4180} INFO - Setting next_dagrun for example_params_ui_tutorial to None, run_after=None
[2025-03-12T14:37:48.912+0200] {processor.py:208} INFO - Processing /home/munyah/.local/lib/python3.10/site-packages/airflow/example_dags/example_params_ui_tutorial.py took 0.123 seconds
[2025-03-12T14:38:54.444+0200] {processor.py:186} INFO - Started process (PID=140717) to work on /home/munyah/.local/lib/python3.10/site-packages/airflow/example_dags/example_params_ui_tutorial.py
[2025-03-12T14:38:54.445+0200] {processor.py:914} INFO - Processing file /home/munyah/.local/lib/python3.10/site-packages/airflow/example_dags/example_params_ui_tutorial.py for tasks to queue
[2025-03-12T14:38:54.448+0200] {logging_mixin.py:190} INFO - [2025-03-12T14:38:54.447+0200] {dagbag.py:588} INFO - Filling up the DagBag from /home/munyah/.local/lib/python3.10/site-packages/airflow/example_dags/example_params_ui_tutorial.py
[2025-03-12T14:38:54.459+0200] {processor.py:925} INFO - DAG(s) 'example_params_ui_tutorial' retrieved from /home/munyah/.local/lib/python3.10/site-packages/airflow/example_dags/example_params_ui_tutorial.py
[2025-03-12T14:38:54.507+0200] {logging_mixin.py:190} INFO - [2025-03-12T14:38:54.507+0200] {dag.py:3239} INFO - Sync 1 DAGs
[2025-03-12T14:38:54.521+0200] {logging_mixin.py:190} INFO - [2025-03-12T14:38:54.520+0200] {dag.py:4180} INFO - Setting next_dagrun for example_params_ui_tutorial to None, run_after=None
[2025-03-12T14:38:54.540+0200] {processor.py:208} INFO - Processing /home/munyah/.local/lib/python3.10/site-packages/airflow/example_dags/example_params_ui_tutorial.py took 0.106 seconds
[2025-03-12T14:40:00.517+0200] {processor.py:186} INFO - Started process (PID=140824) to work on /home/munyah/.local/lib/python3.10/site-packages/airflow/example_dags/example_params_ui_tutorial.py
[2025-03-12T14:40:00.519+0200] {processor.py:914} INFO - Processing file /home/munyah/.local/lib/python3.10/site-packages/airflow/example_dags/example_params_ui_tutorial.py for tasks to queue
[2025-03-12T14:40:00.524+0200] {logging_mixin.py:190} INFO - [2025-03-12T14:40:00.523+0200] {dagbag.py:588} INFO - Filling up the DagBag from /home/munyah/.local/lib/python3.10/site-packages/airflow/example_dags/example_params_ui_tutorial.py
[2025-03-12T14:40:00.543+0200] {processor.py:925} INFO - DAG(s) 'example_params_ui_tutorial' retrieved from /home/munyah/.local/lib/python3.10/site-packages/airflow/example_dags/example_params_ui_tutorial.py
[2025-03-12T14:40:00.595+0200] {logging_mixin.py:190} INFO - [2025-03-12T14:40:00.594+0200] {dag.py:3239} INFO - Sync 1 DAGs
[2025-03-12T14:40:00.610+0200] {logging_mixin.py:190} INFO - [2025-03-12T14:40:00.610+0200] {dag.py:4180} INFO - Setting next_dagrun for example_params_ui_tutorial to None, run_after=None
[2025-03-12T14:40:00.631+0200] {processor.py:208} INFO - Processing /home/munyah/.local/lib/python3.10/site-packages/airflow/example_dags/example_params_ui_tutorial.py took 0.129 seconds
[2025-03-12T14:41:03.120+0200] {processor.py:186} INFO - Started process (PID=140983) to work on /home/munyah/.local/lib/python3.10/site-packages/airflow/example_dags/example_params_ui_tutorial.py
[2025-03-12T14:41:03.122+0200] {processor.py:914} INFO - Processing file /home/munyah/.local/lib/python3.10/site-packages/airflow/example_dags/example_params_ui_tutorial.py for tasks to queue
[2025-03-12T14:41:03.125+0200] {logging_mixin.py:190} INFO - [2025-03-12T14:41:03.125+0200] {dagbag.py:588} INFO - Filling up the DagBag from /home/munyah/.local/lib/python3.10/site-packages/airflow/example_dags/example_params_ui_tutorial.py
[2025-03-12T14:41:03.143+0200] {processor.py:925} INFO - DAG(s) 'example_params_ui_tutorial' retrieved from /home/munyah/.local/lib/python3.10/site-packages/airflow/example_dags/example_params_ui_tutorial.py
[2025-03-12T14:41:03.197+0200] {logging_mixin.py:190} INFO - [2025-03-12T14:41:03.196+0200] {dag.py:3239} INFO - Sync 1 DAGs
[2025-03-12T14:41:03.211+0200] {logging_mixin.py:190} INFO - [2025-03-12T14:41:03.210+0200] {dag.py:4180} INFO - Setting next_dagrun for example_params_ui_tutorial to None, run_after=None
[2025-03-12T14:41:03.233+0200] {processor.py:208} INFO - Processing /home/munyah/.local/lib/python3.10/site-packages/airflow/example_dags/example_params_ui_tutorial.py took 0.124 seconds
[2025-03-12T14:42:04.077+0200] {processor.py:186} INFO - Started process (PID=141278) to work on /home/munyah/.local/lib/python3.10/site-packages/airflow/example_dags/example_params_ui_tutorial.py
[2025-03-12T14:42:04.078+0200] {processor.py:914} INFO - Processing file /home/munyah/.local/lib/python3.10/site-packages/airflow/example_dags/example_params_ui_tutorial.py for tasks to queue
[2025-03-12T14:42:04.081+0200] {logging_mixin.py:190} INFO - [2025-03-12T14:42:04.080+0200] {dagbag.py:588} INFO - Filling up the DagBag from /home/munyah/.local/lib/python3.10/site-packages/airflow/example_dags/example_params_ui_tutorial.py
[2025-03-12T14:42:04.092+0200] {processor.py:925} INFO - DAG(s) 'example_params_ui_tutorial' retrieved from /home/munyah/.local/lib/python3.10/site-packages/airflow/example_dags/example_params_ui_tutorial.py
[2025-03-12T14:42:04.144+0200] {logging_mixin.py:190} INFO - [2025-03-12T14:42:04.143+0200] {dag.py:3239} INFO - Sync 1 DAGs
[2025-03-12T14:42:04.157+0200] {logging_mixin.py:190} INFO - [2025-03-12T14:42:04.157+0200] {dag.py:4180} INFO - Setting next_dagrun for example_params_ui_tutorial to None, run_after=None
[2025-03-12T14:42:04.181+0200] {processor.py:208} INFO - Processing /home/munyah/.local/lib/python3.10/site-packages/airflow/example_dags/example_params_ui_tutorial.py took 0.111 seconds
[2025-03-12T14:43:04.996+0200] {processor.py:186} INFO - Started process (PID=141479) to work on /home/munyah/.local/lib/python3.10/site-packages/airflow/example_dags/example_params_ui_tutorial.py
[2025-03-12T14:43:04.997+0200] {processor.py:914} INFO - Processing file /home/munyah/.local/lib/python3.10/site-packages/airflow/example_dags/example_params_ui_tutorial.py for tasks to queue
[2025-03-12T14:43:04.999+0200] {logging_mixin.py:190} INFO - [2025-03-12T14:43:04.999+0200] {dagbag.py:588} INFO - Filling up the DagBag from /home/munyah/.local/lib/python3.10/site-packages/airflow/example_dags/example_params_ui_tutorial.py
[2025-03-12T14:43:05.012+0200] {processor.py:925} INFO - DAG(s) 'example_params_ui_tutorial' retrieved from /home/munyah/.local/lib/python3.10/site-packages/airflow/example_dags/example_params_ui_tutorial.py
[2025-03-12T14:43:05.063+0200] {logging_mixin.py:190} INFO - [2025-03-12T14:43:05.062+0200] {dag.py:3239} INFO - Sync 1 DAGs
[2025-03-12T14:43:05.079+0200] {logging_mixin.py:190} INFO - [2025-03-12T14:43:05.078+0200] {dag.py:4180} INFO - Setting next_dagrun for example_params_ui_tutorial to None, run_after=None
[2025-03-12T14:43:05.101+0200] {processor.py:208} INFO - Processing /home/munyah/.local/lib/python3.10/site-packages/airflow/example_dags/example_params_ui_tutorial.py took 0.113 seconds
[2025-03-12T14:44:04.791+0200] {processor.py:186} INFO - Started process (PID=141646) to work on /home/munyah/.local/lib/python3.10/site-packages/airflow/example_dags/example_params_ui_tutorial.py
[2025-03-12T14:44:04.793+0200] {processor.py:914} INFO - Processing file /home/munyah/.local/lib/python3.10/site-packages/airflow/example_dags/example_params_ui_tutorial.py for tasks to queue
[2025-03-12T14:44:04.796+0200] {logging_mixin.py:190} INFO - [2025-03-12T14:44:04.795+0200] {dagbag.py:588} INFO - Filling up the DagBag from /home/munyah/.local/lib/python3.10/site-packages/airflow/example_dags/example_params_ui_tutorial.py
[2025-03-12T14:44:04.811+0200] {processor.py:925} INFO - DAG(s) 'example_params_ui_tutorial' retrieved from /home/munyah/.local/lib/python3.10/site-packages/airflow/example_dags/example_params_ui_tutorial.py
[2025-03-12T14:44:04.868+0200] {logging_mixin.py:190} INFO - [2025-03-12T14:44:04.867+0200] {dag.py:3239} INFO - Sync 1 DAGs
[2025-03-12T14:44:04.882+0200] {logging_mixin.py:190} INFO - [2025-03-12T14:44:04.882+0200] {dag.py:4180} INFO - Setting next_dagrun for example_params_ui_tutorial to None, run_after=None
[2025-03-12T14:44:04.906+0200] {processor.py:208} INFO - Processing /home/munyah/.local/lib/python3.10/site-packages/airflow/example_dags/example_params_ui_tutorial.py took 0.122 seconds
[2025-03-12T14:45:04.654+0200] {processor.py:186} INFO - Started process (PID=141836) to work on /home/munyah/.local/lib/python3.10/site-packages/airflow/example_dags/example_params_ui_tutorial.py
[2025-03-12T14:45:04.655+0200] {processor.py:914} INFO - Processing file /home/munyah/.local/lib/python3.10/site-packages/airflow/example_dags/example_params_ui_tutorial.py for tasks to queue
[2025-03-12T14:45:04.658+0200] {logging_mixin.py:190} INFO - [2025-03-12T14:45:04.658+0200] {dagbag.py:588} INFO - Filling up the DagBag from /home/munyah/.local/lib/python3.10/site-packages/airflow/example_dags/example_params_ui_tutorial.py
[2025-03-12T14:45:04.670+0200] {processor.py:925} INFO - DAG(s) 'example_params_ui_tutorial' retrieved from /home/munyah/.local/lib/python3.10/site-packages/airflow/example_dags/example_params_ui_tutorial.py
[2025-03-12T14:45:04.723+0200] {logging_mixin.py:190} INFO - [2025-03-12T14:45:04.722+0200] {dag.py:3239} INFO - Sync 1 DAGs
[2025-03-12T14:45:04.738+0200] {logging_mixin.py:190} INFO - [2025-03-12T14:45:04.738+0200] {dag.py:4180} INFO - Setting next_dagrun for example_params_ui_tutorial to None, run_after=None
[2025-03-12T14:45:04.760+0200] {processor.py:208} INFO - Processing /home/munyah/.local/lib/python3.10/site-packages/airflow/example_dags/example_params_ui_tutorial.py took 0.114 seconds
[2025-03-12T14:46:03.627+0200] {processor.py:186} INFO - Started process (PID=142052) to work on /home/munyah/.local/lib/python3.10/site-packages/airflow/example_dags/example_params_ui_tutorial.py
[2025-03-12T14:46:03.629+0200] {processor.py:914} INFO - Processing file /home/munyah/.local/lib/python3.10/site-packages/airflow/example_dags/example_params_ui_tutorial.py for tasks to queue
[2025-03-12T14:46:03.634+0200] {logging_mixin.py:190} INFO - [2025-03-12T14:46:03.633+0200] {dagbag.py:588} INFO - Filling up the DagBag from /home/munyah/.local/lib/python3.10/site-packages/airflow/example_dags/example_params_ui_tutorial.py
[2025-03-12T14:46:03.657+0200] {processor.py:925} INFO - DAG(s) 'example_params_ui_tutorial' retrieved from /home/munyah/.local/lib/python3.10/site-packages/airflow/example_dags/example_params_ui_tutorial.py
[2025-03-12T14:46:03.713+0200] {logging_mixin.py:190} INFO - [2025-03-12T14:46:03.712+0200] {dag.py:3239} INFO - Sync 1 DAGs
[2025-03-12T14:46:03.727+0200] {logging_mixin.py:190} INFO - [2025-03-12T14:46:03.727+0200] {dag.py:4180} INFO - Setting next_dagrun for example_params_ui_tutorial to None, run_after=None
[2025-03-12T14:46:03.749+0200] {processor.py:208} INFO - Processing /home/munyah/.local/lib/python3.10/site-packages/airflow/example_dags/example_params_ui_tutorial.py took 0.138 seconds
[2025-03-12T14:48:48.295+0200] {processor.py:186} INFO - Started process (PID=142534) to work on /home/munyah/.local/lib/python3.10/site-packages/airflow/example_dags/example_params_ui_tutorial.py
[2025-03-12T14:48:48.297+0200] {processor.py:914} INFO - Processing file /home/munyah/.local/lib/python3.10/site-packages/airflow/example_dags/example_params_ui_tutorial.py for tasks to queue
[2025-03-12T14:48:48.301+0200] {logging_mixin.py:190} INFO - [2025-03-12T14:48:48.300+0200] {dagbag.py:588} INFO - Filling up the DagBag from /home/munyah/.local/lib/python3.10/site-packages/airflow/example_dags/example_params_ui_tutorial.py
[2025-03-12T14:48:48.316+0200] {processor.py:925} INFO - DAG(s) 'example_params_ui_tutorial' retrieved from /home/munyah/.local/lib/python3.10/site-packages/airflow/example_dags/example_params_ui_tutorial.py
[2025-03-12T14:48:48.367+0200] {logging_mixin.py:190} INFO - [2025-03-12T14:48:48.367+0200] {dag.py:3239} INFO - Sync 1 DAGs
[2025-03-12T14:48:48.382+0200] {logging_mixin.py:190} INFO - [2025-03-12T14:48:48.382+0200] {dag.py:4180} INFO - Setting next_dagrun for example_params_ui_tutorial to None, run_after=None
[2025-03-12T14:48:48.402+0200] {processor.py:208} INFO - Processing /home/munyah/.local/lib/python3.10/site-packages/airflow/example_dags/example_params_ui_tutorial.py took 0.121 seconds
[2025-03-12T14:50:20.408+0200] {processor.py:186} INFO - Started process (PID=142899) to work on /home/munyah/.local/lib/python3.10/site-packages/airflow/example_dags/example_params_ui_tutorial.py
[2025-03-12T14:50:20.409+0200] {processor.py:914} INFO - Processing file /home/munyah/.local/lib/python3.10/site-packages/airflow/example_dags/example_params_ui_tutorial.py for tasks to queue
[2025-03-12T14:50:20.411+0200] {logging_mixin.py:190} INFO - [2025-03-12T14:50:20.411+0200] {dagbag.py:588} INFO - Filling up the DagBag from /home/munyah/.local/lib/python3.10/site-packages/airflow/example_dags/example_params_ui_tutorial.py
[2025-03-12T14:50:20.423+0200] {processor.py:925} INFO - DAG(s) 'example_params_ui_tutorial' retrieved from /home/munyah/.local/lib/python3.10/site-packages/airflow/example_dags/example_params_ui_tutorial.py
[2025-03-12T14:50:20.473+0200] {logging_mixin.py:190} INFO - [2025-03-12T14:50:20.473+0200] {dag.py:3239} INFO - Sync 1 DAGs
[2025-03-12T14:50:20.486+0200] {logging_mixin.py:190} INFO - [2025-03-12T14:50:20.486+0200] {dag.py:4180} INFO - Setting next_dagrun for example_params_ui_tutorial to None, run_after=None
[2025-03-12T14:50:20.508+0200] {processor.py:208} INFO - Processing /home/munyah/.local/lib/python3.10/site-packages/airflow/example_dags/example_params_ui_tutorial.py took 0.107 seconds
[2025-03-12T14:51:25.980+0200] {processor.py:186} INFO - Started process (PID=143132) to work on /home/munyah/.local/lib/python3.10/site-packages/airflow/example_dags/example_params_ui_tutorial.py
[2025-03-12T14:51:25.982+0200] {processor.py:914} INFO - Processing file /home/munyah/.local/lib/python3.10/site-packages/airflow/example_dags/example_params_ui_tutorial.py for tasks to queue
[2025-03-12T14:51:25.985+0200] {logging_mixin.py:190} INFO - [2025-03-12T14:51:25.984+0200] {dagbag.py:588} INFO - Filling up the DagBag from /home/munyah/.local/lib/python3.10/site-packages/airflow/example_dags/example_params_ui_tutorial.py
[2025-03-12T14:51:26.000+0200] {processor.py:925} INFO - DAG(s) 'example_params_ui_tutorial' retrieved from /home/munyah/.local/lib/python3.10/site-packages/airflow/example_dags/example_params_ui_tutorial.py
[2025-03-12T14:51:26.053+0200] {logging_mixin.py:190} INFO - [2025-03-12T14:51:26.053+0200] {dag.py:3239} INFO - Sync 1 DAGs
[2025-03-12T14:51:26.069+0200] {logging_mixin.py:190} INFO - [2025-03-12T14:51:26.069+0200] {dag.py:4180} INFO - Setting next_dagrun for example_params_ui_tutorial to None, run_after=None
[2025-03-12T14:51:26.094+0200] {processor.py:208} INFO - Processing /home/munyah/.local/lib/python3.10/site-packages/airflow/example_dags/example_params_ui_tutorial.py took 0.123 seconds
[2025-03-12T14:52:35.723+0200] {processor.py:186} INFO - Started process (PID=143326) to work on /home/munyah/.local/lib/python3.10/site-packages/airflow/example_dags/example_params_ui_tutorial.py
[2025-03-12T14:52:35.727+0200] {processor.py:914} INFO - Processing file /home/munyah/.local/lib/python3.10/site-packages/airflow/example_dags/example_params_ui_tutorial.py for tasks to queue
[2025-03-12T14:52:35.731+0200] {logging_mixin.py:190} INFO - [2025-03-12T14:52:35.730+0200] {dagbag.py:588} INFO - Filling up the DagBag from /home/munyah/.local/lib/python3.10/site-packages/airflow/example_dags/example_params_ui_tutorial.py
[2025-03-12T14:52:35.744+0200] {processor.py:925} INFO - DAG(s) 'example_params_ui_tutorial' retrieved from /home/munyah/.local/lib/python3.10/site-packages/airflow/example_dags/example_params_ui_tutorial.py
[2025-03-12T14:52:35.819+0200] {logging_mixin.py:190} INFO - [2025-03-12T14:52:35.819+0200] {dag.py:3239} INFO - Sync 1 DAGs
[2025-03-12T14:52:35.835+0200] {logging_mixin.py:190} INFO - [2025-03-12T14:52:35.834+0200] {dag.py:4180} INFO - Setting next_dagrun for example_params_ui_tutorial to None, run_after=None
[2025-03-12T14:52:35.861+0200] {processor.py:208} INFO - Processing /home/munyah/.local/lib/python3.10/site-packages/airflow/example_dags/example_params_ui_tutorial.py took 0.151 seconds
[2025-03-12T14:53:51.865+0200] {processor.py:186} INFO - Started process (PID=143595) to work on /home/munyah/.local/lib/python3.10/site-packages/airflow/example_dags/example_params_ui_tutorial.py
[2025-03-12T14:53:51.871+0200] {processor.py:914} INFO - Processing file /home/munyah/.local/lib/python3.10/site-packages/airflow/example_dags/example_params_ui_tutorial.py for tasks to queue
[2025-03-12T14:53:51.888+0200] {logging_mixin.py:190} INFO - [2025-03-12T14:53:51.874+0200] {dagbag.py:588} INFO - Filling up the DagBag from /home/munyah/.local/lib/python3.10/site-packages/airflow/example_dags/example_params_ui_tutorial.py
[2025-03-12T14:53:52.113+0200] {processor.py:925} INFO - DAG(s) 'example_params_ui_tutorial' retrieved from /home/munyah/.local/lib/python3.10/site-packages/airflow/example_dags/example_params_ui_tutorial.py
[2025-03-12T14:53:52.362+0200] {logging_mixin.py:190} INFO - [2025-03-12T14:53:52.361+0200] {dag.py:3239} INFO - Sync 1 DAGs
[2025-03-12T14:53:52.417+0200] {logging_mixin.py:190} INFO - [2025-03-12T14:53:52.416+0200] {dag.py:4180} INFO - Setting next_dagrun for example_params_ui_tutorial to None, run_after=None
[2025-03-12T14:53:52.524+0200] {processor.py:208} INFO - Processing /home/munyah/.local/lib/python3.10/site-packages/airflow/example_dags/example_params_ui_tutorial.py took 0.681 seconds
