[2025-03-12T14:17:26.851+0200] {processor.py:186} INFO - Started process (PID=134477) to work on /home/munyah/.local/lib/python3.10/site-packages/airflow/example_dags/example_external_task_marker_dag.py
[2025-03-12T14:17:26.853+0200] {processor.py:914} INFO - Processing file /home/munyah/.local/lib/python3.10/site-packages/airflow/example_dags/example_external_task_marker_dag.py for tasks to queue
[2025-03-12T14:17:26.856+0200] {logging_mixin.py:190} INFO - [2025-03-12T14:17:26.855+0200] {dagbag.py:588} INFO - Filling up the DagBag from /home/munyah/.local/lib/python3.10/site-packages/airflow/example_dags/example_external_task_marker_dag.py
[2025-03-12T14:17:26.869+0200] {processor.py:925} INFO - DAG(s) 'example_external_task_marker_parent', 'example_external_task_marker_child' retrieved from /home/munyah/.local/lib/python3.10/site-packages/airflow/example_dags/example_external_task_marker_dag.py
[2025-03-12T14:17:26.894+0200] {logging_mixin.py:190} INFO - [2025-03-12T14:17:26.894+0200] {dag.py:3239} INFO - Sync 2 DAGs
[2025-03-12T14:17:26.917+0200] {logging_mixin.py:190} INFO - [2025-03-12T14:17:26.916+0200] {dag.py:4180} INFO - Setting next_dagrun for example_external_task_marker_child to None, run_after=None
[2025-03-12T14:17:26.932+0200] {logging_mixin.py:190} INFO - [2025-03-12T14:17:26.931+0200] {dag.py:4180} INFO - Setting next_dagrun for example_external_task_marker_parent to None, run_after=None
[2025-03-12T14:17:26.964+0200] {processor.py:208} INFO - Processing /home/munyah/.local/lib/python3.10/site-packages/airflow/example_dags/example_external_task_marker_dag.py took 0.124 seconds
[2025-03-12T14:18:30.648+0200] {processor.py:186} INFO - Started process (PID=134723) to work on /home/munyah/.local/lib/python3.10/site-packages/airflow/example_dags/example_external_task_marker_dag.py
[2025-03-12T14:18:30.649+0200] {processor.py:914} INFO - Processing file /home/munyah/.local/lib/python3.10/site-packages/airflow/example_dags/example_external_task_marker_dag.py for tasks to queue
[2025-03-12T14:18:30.652+0200] {logging_mixin.py:190} INFO - [2025-03-12T14:18:30.652+0200] {dagbag.py:588} INFO - Filling up the DagBag from /home/munyah/.local/lib/python3.10/site-packages/airflow/example_dags/example_external_task_marker_dag.py
[2025-03-12T14:18:30.664+0200] {processor.py:925} INFO - DAG(s) 'example_external_task_marker_child', 'example_external_task_marker_parent' retrieved from /home/munyah/.local/lib/python3.10/site-packages/airflow/example_dags/example_external_task_marker_dag.py
[2025-03-12T14:18:30.685+0200] {logging_mixin.py:190} INFO - [2025-03-12T14:18:30.685+0200] {dag.py:3239} INFO - Sync 2 DAGs
[2025-03-12T14:18:30.702+0200] {logging_mixin.py:190} INFO - [2025-03-12T14:18:30.701+0200] {dag.py:4180} INFO - Setting next_dagrun for example_external_task_marker_child to None, run_after=None
[2025-03-12T14:18:30.705+0200] {logging_mixin.py:190} INFO - [2025-03-12T14:18:30.705+0200] {dag.py:4180} INFO - Setting next_dagrun for example_external_task_marker_parent to None, run_after=None
[2025-03-12T14:18:30.730+0200] {processor.py:208} INFO - Processing /home/munyah/.local/lib/python3.10/site-packages/airflow/example_dags/example_external_task_marker_dag.py took 0.091 seconds
[2025-03-12T14:19:30.155+0200] {processor.py:186} INFO - Started process (PID=134965) to work on /home/munyah/.local/lib/python3.10/site-packages/airflow/example_dags/example_external_task_marker_dag.py
[2025-03-12T14:19:30.157+0200] {processor.py:914} INFO - Processing file /home/munyah/.local/lib/python3.10/site-packages/airflow/example_dags/example_external_task_marker_dag.py for tasks to queue
[2025-03-12T14:19:30.160+0200] {logging_mixin.py:190} INFO - [2025-03-12T14:19:30.159+0200] {dagbag.py:588} INFO - Filling up the DagBag from /home/munyah/.local/lib/python3.10/site-packages/airflow/example_dags/example_external_task_marker_dag.py
[2025-03-12T14:19:30.170+0200] {processor.py:925} INFO - DAG(s) 'example_external_task_marker_child', 'example_external_task_marker_parent' retrieved from /home/munyah/.local/lib/python3.10/site-packages/airflow/example_dags/example_external_task_marker_dag.py
[2025-03-12T14:19:30.190+0200] {logging_mixin.py:190} INFO - [2025-03-12T14:19:30.190+0200] {dag.py:3239} INFO - Sync 2 DAGs
[2025-03-12T14:19:30.204+0200] {logging_mixin.py:190} INFO - [2025-03-12T14:19:30.204+0200] {dag.py:4180} INFO - Setting next_dagrun for example_external_task_marker_child to None, run_after=None
[2025-03-12T14:19:30.208+0200] {logging_mixin.py:190} INFO - [2025-03-12T14:19:30.208+0200] {dag.py:4180} INFO - Setting next_dagrun for example_external_task_marker_parent to None, run_after=None
[2025-03-12T14:19:30.227+0200] {processor.py:208} INFO - Processing /home/munyah/.local/lib/python3.10/site-packages/airflow/example_dags/example_external_task_marker_dag.py took 0.079 seconds
[2025-03-12T14:20:42.751+0200] {processor.py:186} INFO - Started process (PID=135186) to work on /home/munyah/.local/lib/python3.10/site-packages/airflow/example_dags/example_external_task_marker_dag.py
[2025-03-12T14:20:42.753+0200] {processor.py:914} INFO - Processing file /home/munyah/.local/lib/python3.10/site-packages/airflow/example_dags/example_external_task_marker_dag.py for tasks to queue
[2025-03-12T14:20:42.755+0200] {logging_mixin.py:190} INFO - [2025-03-12T14:20:42.755+0200] {dagbag.py:588} INFO - Filling up the DagBag from /home/munyah/.local/lib/python3.10/site-packages/airflow/example_dags/example_external_task_marker_dag.py
[2025-03-12T14:20:42.765+0200] {processor.py:925} INFO - DAG(s) 'example_external_task_marker_parent', 'example_external_task_marker_child' retrieved from /home/munyah/.local/lib/python3.10/site-packages/airflow/example_dags/example_external_task_marker_dag.py
[2025-03-12T14:20:42.786+0200] {logging_mixin.py:190} INFO - [2025-03-12T14:20:42.785+0200] {dag.py:3239} INFO - Sync 2 DAGs
[2025-03-12T14:20:42.801+0200] {logging_mixin.py:190} INFO - [2025-03-12T14:20:42.800+0200] {dag.py:4180} INFO - Setting next_dagrun for example_external_task_marker_child to None, run_after=None
[2025-03-12T14:20:42.804+0200] {logging_mixin.py:190} INFO - [2025-03-12T14:20:42.804+0200] {dag.py:4180} INFO - Setting next_dagrun for example_external_task_marker_parent to None, run_after=None
[2025-03-12T14:20:42.829+0200] {processor.py:208} INFO - Processing /home/munyah/.local/lib/python3.10/site-packages/airflow/example_dags/example_external_task_marker_dag.py took 0.086 seconds
[2025-03-12T14:21:40.410+0200] {processor.py:186} INFO - Started process (PID=135393) to work on /home/munyah/.local/lib/python3.10/site-packages/airflow/example_dags/example_external_task_marker_dag.py
[2025-03-12T14:21:40.411+0200] {processor.py:914} INFO - Processing file /home/munyah/.local/lib/python3.10/site-packages/airflow/example_dags/example_external_task_marker_dag.py for tasks to queue
[2025-03-12T14:21:40.415+0200] {logging_mixin.py:190} INFO - [2025-03-12T14:21:40.414+0200] {dagbag.py:588} INFO - Filling up the DagBag from /home/munyah/.local/lib/python3.10/site-packages/airflow/example_dags/example_external_task_marker_dag.py
[2025-03-12T14:21:40.426+0200] {processor.py:925} INFO - DAG(s) 'example_external_task_marker_child', 'example_external_task_marker_parent' retrieved from /home/munyah/.local/lib/python3.10/site-packages/airflow/example_dags/example_external_task_marker_dag.py
[2025-03-12T14:21:40.446+0200] {logging_mixin.py:190} INFO - [2025-03-12T14:21:40.446+0200] {dag.py:3239} INFO - Sync 2 DAGs
[2025-03-12T14:21:40.462+0200] {logging_mixin.py:190} INFO - [2025-03-12T14:21:40.462+0200] {dag.py:4180} INFO - Setting next_dagrun for example_external_task_marker_child to None, run_after=None
[2025-03-12T14:21:40.465+0200] {logging_mixin.py:190} INFO - [2025-03-12T14:21:40.465+0200] {dag.py:4180} INFO - Setting next_dagrun for example_external_task_marker_parent to None, run_after=None
[2025-03-12T14:21:40.484+0200] {processor.py:208} INFO - Processing /home/munyah/.local/lib/python3.10/site-packages/airflow/example_dags/example_external_task_marker_dag.py took 0.083 seconds
[2025-03-12T14:22:37.575+0200] {processor.py:186} INFO - Started process (PID=135849) to work on /home/munyah/.local/lib/python3.10/site-packages/airflow/example_dags/example_external_task_marker_dag.py
[2025-03-12T14:22:37.578+0200] {processor.py:914} INFO - Processing file /home/munyah/.local/lib/python3.10/site-packages/airflow/example_dags/example_external_task_marker_dag.py for tasks to queue
[2025-03-12T14:22:37.581+0200] {logging_mixin.py:190} INFO - [2025-03-12T14:22:37.581+0200] {dagbag.py:588} INFO - Filling up the DagBag from /home/munyah/.local/lib/python3.10/site-packages/airflow/example_dags/example_external_task_marker_dag.py
[2025-03-12T14:22:37.596+0200] {processor.py:925} INFO - DAG(s) 'example_external_task_marker_parent', 'example_external_task_marker_child' retrieved from /home/munyah/.local/lib/python3.10/site-packages/airflow/example_dags/example_external_task_marker_dag.py
[2025-03-12T14:22:37.630+0200] {logging_mixin.py:190} INFO - [2025-03-12T14:22:37.629+0200] {dag.py:3239} INFO - Sync 2 DAGs
[2025-03-12T14:22:37.654+0200] {logging_mixin.py:190} INFO - [2025-03-12T14:22:37.653+0200] {dag.py:4180} INFO - Setting next_dagrun for example_external_task_marker_child to None, run_after=None
[2025-03-12T14:22:37.659+0200] {logging_mixin.py:190} INFO - [2025-03-12T14:22:37.658+0200] {dag.py:4180} INFO - Setting next_dagrun for example_external_task_marker_parent to None, run_after=None
[2025-03-12T14:22:37.691+0200] {processor.py:208} INFO - Processing /home/munyah/.local/lib/python3.10/site-packages/airflow/example_dags/example_external_task_marker_dag.py took 0.130 seconds
[2025-03-12T14:23:53.493+0200] {processor.py:186} INFO - Started process (PID=136581) to work on /home/munyah/.local/lib/python3.10/site-packages/airflow/example_dags/example_external_task_marker_dag.py
[2025-03-12T14:23:53.495+0200] {processor.py:914} INFO - Processing file /home/munyah/.local/lib/python3.10/site-packages/airflow/example_dags/example_external_task_marker_dag.py for tasks to queue
[2025-03-12T14:23:53.500+0200] {logging_mixin.py:190} INFO - [2025-03-12T14:23:53.499+0200] {dagbag.py:588} INFO - Filling up the DagBag from /home/munyah/.local/lib/python3.10/site-packages/airflow/example_dags/example_external_task_marker_dag.py
[2025-03-12T14:23:53.516+0200] {processor.py:925} INFO - DAG(s) 'example_external_task_marker_parent', 'example_external_task_marker_child' retrieved from /home/munyah/.local/lib/python3.10/site-packages/airflow/example_dags/example_external_task_marker_dag.py
[2025-03-12T14:23:53.546+0200] {logging_mixin.py:190} INFO - [2025-03-12T14:23:53.546+0200] {dag.py:3239} INFO - Sync 2 DAGs
[2025-03-12T14:23:53.564+0200] {logging_mixin.py:190} INFO - [2025-03-12T14:23:53.564+0200] {dag.py:4180} INFO - Setting next_dagrun for example_external_task_marker_child to None, run_after=None
[2025-03-12T14:23:53.569+0200] {logging_mixin.py:190} INFO - [2025-03-12T14:23:53.569+0200] {dag.py:4180} INFO - Setting next_dagrun for example_external_task_marker_parent to None, run_after=None
[2025-03-12T14:23:53.597+0200] {processor.py:208} INFO - Processing /home/munyah/.local/lib/python3.10/site-packages/airflow/example_dags/example_external_task_marker_dag.py took 0.123 seconds
[2025-03-12T14:24:51.726+0200] {processor.py:186} INFO - Started process (PID=136795) to work on /home/munyah/.local/lib/python3.10/site-packages/airflow/example_dags/example_external_task_marker_dag.py
[2025-03-12T14:24:51.727+0200] {processor.py:914} INFO - Processing file /home/munyah/.local/lib/python3.10/site-packages/airflow/example_dags/example_external_task_marker_dag.py for tasks to queue
[2025-03-12T14:24:51.731+0200] {logging_mixin.py:190} INFO - [2025-03-12T14:24:51.730+0200] {dagbag.py:588} INFO - Filling up the DagBag from /home/munyah/.local/lib/python3.10/site-packages/airflow/example_dags/example_external_task_marker_dag.py
[2025-03-12T14:24:51.741+0200] {processor.py:925} INFO - DAG(s) 'example_external_task_marker_child', 'example_external_task_marker_parent' retrieved from /home/munyah/.local/lib/python3.10/site-packages/airflow/example_dags/example_external_task_marker_dag.py
[2025-03-12T14:24:51.764+0200] {logging_mixin.py:190} INFO - [2025-03-12T14:24:51.764+0200] {dag.py:3239} INFO - Sync 2 DAGs
[2025-03-12T14:24:51.780+0200] {logging_mixin.py:190} INFO - [2025-03-12T14:24:51.780+0200] {dag.py:4180} INFO - Setting next_dagrun for example_external_task_marker_child to None, run_after=None
[2025-03-12T14:24:51.784+0200] {logging_mixin.py:190} INFO - [2025-03-12T14:24:51.784+0200] {dag.py:4180} INFO - Setting next_dagrun for example_external_task_marker_parent to None, run_after=None
[2025-03-12T14:24:51.807+0200] {processor.py:208} INFO - Processing /home/munyah/.local/lib/python3.10/site-packages/airflow/example_dags/example_external_task_marker_dag.py took 0.090 seconds
[2025-03-12T14:25:48.538+0200] {processor.py:186} INFO - Started process (PID=137001) to work on /home/munyah/.local/lib/python3.10/site-packages/airflow/example_dags/example_external_task_marker_dag.py
[2025-03-12T14:25:48.539+0200] {processor.py:914} INFO - Processing file /home/munyah/.local/lib/python3.10/site-packages/airflow/example_dags/example_external_task_marker_dag.py for tasks to queue
[2025-03-12T14:25:48.542+0200] {logging_mixin.py:190} INFO - [2025-03-12T14:25:48.541+0200] {dagbag.py:588} INFO - Filling up the DagBag from /home/munyah/.local/lib/python3.10/site-packages/airflow/example_dags/example_external_task_marker_dag.py
[2025-03-12T14:25:48.552+0200] {processor.py:925} INFO - DAG(s) 'example_external_task_marker_child', 'example_external_task_marker_parent' retrieved from /home/munyah/.local/lib/python3.10/site-packages/airflow/example_dags/example_external_task_marker_dag.py
[2025-03-12T14:25:48.576+0200] {logging_mixin.py:190} INFO - [2025-03-12T14:25:48.576+0200] {dag.py:3239} INFO - Sync 2 DAGs
[2025-03-12T14:25:48.593+0200] {logging_mixin.py:190} INFO - [2025-03-12T14:25:48.592+0200] {dag.py:4180} INFO - Setting next_dagrun for example_external_task_marker_child to None, run_after=None
[2025-03-12T14:25:48.597+0200] {logging_mixin.py:190} INFO - [2025-03-12T14:25:48.596+0200] {dag.py:4180} INFO - Setting next_dagrun for example_external_task_marker_parent to None, run_after=None
[2025-03-12T14:25:48.618+0200] {processor.py:208} INFO - Processing /home/munyah/.local/lib/python3.10/site-packages/airflow/example_dags/example_external_task_marker_dag.py took 0.087 seconds
[2025-03-12T14:26:48.412+0200] {processor.py:186} INFO - Started process (PID=137167) to work on /home/munyah/.local/lib/python3.10/site-packages/airflow/example_dags/example_external_task_marker_dag.py
[2025-03-12T14:26:48.413+0200] {processor.py:914} INFO - Processing file /home/munyah/.local/lib/python3.10/site-packages/airflow/example_dags/example_external_task_marker_dag.py for tasks to queue
[2025-03-12T14:26:48.416+0200] {logging_mixin.py:190} INFO - [2025-03-12T14:26:48.416+0200] {dagbag.py:588} INFO - Filling up the DagBag from /home/munyah/.local/lib/python3.10/site-packages/airflow/example_dags/example_external_task_marker_dag.py
[2025-03-12T14:26:48.428+0200] {processor.py:925} INFO - DAG(s) 'example_external_task_marker_parent', 'example_external_task_marker_child' retrieved from /home/munyah/.local/lib/python3.10/site-packages/airflow/example_dags/example_external_task_marker_dag.py
[2025-03-12T14:26:48.457+0200] {logging_mixin.py:190} INFO - [2025-03-12T14:26:48.457+0200] {dag.py:3239} INFO - Sync 2 DAGs
[2025-03-12T14:26:48.481+0200] {logging_mixin.py:190} INFO - [2025-03-12T14:26:48.480+0200] {dag.py:4180} INFO - Setting next_dagrun for example_external_task_marker_child to None, run_after=None
[2025-03-12T14:26:48.484+0200] {logging_mixin.py:190} INFO - [2025-03-12T14:26:48.484+0200] {dag.py:4180} INFO - Setting next_dagrun for example_external_task_marker_parent to None, run_after=None
[2025-03-12T14:26:48.510+0200] {processor.py:208} INFO - Processing /home/munyah/.local/lib/python3.10/site-packages/airflow/example_dags/example_external_task_marker_dag.py took 0.107 seconds
[2025-03-12T14:27:53.616+0200] {processor.py:186} INFO - Started process (PID=137393) to work on /home/munyah/.local/lib/python3.10/site-packages/airflow/example_dags/example_external_task_marker_dag.py
[2025-03-12T14:27:53.618+0200] {processor.py:914} INFO - Processing file /home/munyah/.local/lib/python3.10/site-packages/airflow/example_dags/example_external_task_marker_dag.py for tasks to queue
[2025-03-12T14:27:53.620+0200] {logging_mixin.py:190} INFO - [2025-03-12T14:27:53.620+0200] {dagbag.py:588} INFO - Filling up the DagBag from /home/munyah/.local/lib/python3.10/site-packages/airflow/example_dags/example_external_task_marker_dag.py
[2025-03-12T14:27:53.632+0200] {processor.py:925} INFO - DAG(s) 'example_external_task_marker_parent', 'example_external_task_marker_child' retrieved from /home/munyah/.local/lib/python3.10/site-packages/airflow/example_dags/example_external_task_marker_dag.py
[2025-03-12T14:27:53.653+0200] {logging_mixin.py:190} INFO - [2025-03-12T14:27:53.653+0200] {dag.py:3239} INFO - Sync 2 DAGs
[2025-03-12T14:27:53.670+0200] {logging_mixin.py:190} INFO - [2025-03-12T14:27:53.669+0200] {dag.py:4180} INFO - Setting next_dagrun for example_external_task_marker_child to None, run_after=None
[2025-03-12T14:27:53.674+0200] {logging_mixin.py:190} INFO - [2025-03-12T14:27:53.674+0200] {dag.py:4180} INFO - Setting next_dagrun for example_external_task_marker_parent to None, run_after=None
[2025-03-12T14:27:53.695+0200] {processor.py:208} INFO - Processing /home/munyah/.local/lib/python3.10/site-packages/airflow/example_dags/example_external_task_marker_dag.py took 0.089 seconds
[2025-03-12T14:28:54.551+0200] {processor.py:186} INFO - Started process (PID=137587) to work on /home/munyah/.local/lib/python3.10/site-packages/airflow/example_dags/example_external_task_marker_dag.py
[2025-03-12T14:28:54.552+0200] {processor.py:914} INFO - Processing file /home/munyah/.local/lib/python3.10/site-packages/airflow/example_dags/example_external_task_marker_dag.py for tasks to queue
[2025-03-12T14:28:54.555+0200] {logging_mixin.py:190} INFO - [2025-03-12T14:28:54.554+0200] {dagbag.py:588} INFO - Filling up the DagBag from /home/munyah/.local/lib/python3.10/site-packages/airflow/example_dags/example_external_task_marker_dag.py
[2025-03-12T14:28:54.566+0200] {processor.py:925} INFO - DAG(s) 'example_external_task_marker_child', 'example_external_task_marker_parent' retrieved from /home/munyah/.local/lib/python3.10/site-packages/airflow/example_dags/example_external_task_marker_dag.py
[2025-03-12T14:28:54.587+0200] {logging_mixin.py:190} INFO - [2025-03-12T14:28:54.587+0200] {dag.py:3239} INFO - Sync 2 DAGs
[2025-03-12T14:28:54.601+0200] {logging_mixin.py:190} INFO - [2025-03-12T14:28:54.601+0200] {dag.py:4180} INFO - Setting next_dagrun for example_external_task_marker_child to None, run_after=None
[2025-03-12T14:28:54.605+0200] {logging_mixin.py:190} INFO - [2025-03-12T14:28:54.605+0200] {dag.py:4180} INFO - Setting next_dagrun for example_external_task_marker_parent to None, run_after=None
[2025-03-12T14:28:54.625+0200] {processor.py:208} INFO - Processing /home/munyah/.local/lib/python3.10/site-packages/airflow/example_dags/example_external_task_marker_dag.py took 0.085 seconds
[2025-03-12T14:29:52.160+0200] {processor.py:186} INFO - Started process (PID=138583) to work on /home/munyah/.local/lib/python3.10/site-packages/airflow/example_dags/example_external_task_marker_dag.py
[2025-03-12T14:29:52.161+0200] {processor.py:914} INFO - Processing file /home/munyah/.local/lib/python3.10/site-packages/airflow/example_dags/example_external_task_marker_dag.py for tasks to queue
[2025-03-12T14:29:52.164+0200] {logging_mixin.py:190} INFO - [2025-03-12T14:29:52.163+0200] {dagbag.py:588} INFO - Filling up the DagBag from /home/munyah/.local/lib/python3.10/site-packages/airflow/example_dags/example_external_task_marker_dag.py
[2025-03-12T14:29:52.174+0200] {processor.py:925} INFO - DAG(s) 'example_external_task_marker_child', 'example_external_task_marker_parent' retrieved from /home/munyah/.local/lib/python3.10/site-packages/airflow/example_dags/example_external_task_marker_dag.py
[2025-03-12T14:29:52.196+0200] {logging_mixin.py:190} INFO - [2025-03-12T14:29:52.196+0200] {dag.py:3239} INFO - Sync 2 DAGs
[2025-03-12T14:29:52.211+0200] {logging_mixin.py:190} INFO - [2025-03-12T14:29:52.211+0200] {dag.py:4180} INFO - Setting next_dagrun for example_external_task_marker_child to None, run_after=None
[2025-03-12T14:29:52.216+0200] {logging_mixin.py:190} INFO - [2025-03-12T14:29:52.215+0200] {dag.py:4180} INFO - Setting next_dagrun for example_external_task_marker_parent to None, run_after=None
[2025-03-12T14:29:52.237+0200] {processor.py:208} INFO - Processing /home/munyah/.local/lib/python3.10/site-packages/airflow/example_dags/example_external_task_marker_dag.py took 0.085 seconds
[2025-03-12T14:30:55.969+0200] {processor.py:186} INFO - Started process (PID=138831) to work on /home/munyah/.local/lib/python3.10/site-packages/airflow/example_dags/example_external_task_marker_dag.py
[2025-03-12T14:30:55.970+0200] {processor.py:914} INFO - Processing file /home/munyah/.local/lib/python3.10/site-packages/airflow/example_dags/example_external_task_marker_dag.py for tasks to queue
[2025-03-12T14:30:55.973+0200] {logging_mixin.py:190} INFO - [2025-03-12T14:30:55.972+0200] {dagbag.py:588} INFO - Filling up the DagBag from /home/munyah/.local/lib/python3.10/site-packages/airflow/example_dags/example_external_task_marker_dag.py
[2025-03-12T14:30:55.983+0200] {processor.py:925} INFO - DAG(s) 'example_external_task_marker_parent', 'example_external_task_marker_child' retrieved from /home/munyah/.local/lib/python3.10/site-packages/airflow/example_dags/example_external_task_marker_dag.py
[2025-03-12T14:30:56.006+0200] {logging_mixin.py:190} INFO - [2025-03-12T14:30:56.006+0200] {dag.py:3239} INFO - Sync 2 DAGs
[2025-03-12T14:30:56.021+0200] {logging_mixin.py:190} INFO - [2025-03-12T14:30:56.021+0200] {dag.py:4180} INFO - Setting next_dagrun for example_external_task_marker_child to None, run_after=None
[2025-03-12T14:30:56.025+0200] {logging_mixin.py:190} INFO - [2025-03-12T14:30:56.025+0200] {dag.py:4180} INFO - Setting next_dagrun for example_external_task_marker_parent to None, run_after=None
[2025-03-12T14:30:56.045+0200] {processor.py:208} INFO - Processing /home/munyah/.local/lib/python3.10/site-packages/airflow/example_dags/example_external_task_marker_dag.py took 0.084 seconds
[2025-03-12T14:32:00.839+0200] {processor.py:186} INFO - Started process (PID=139037) to work on /home/munyah/.local/lib/python3.10/site-packages/airflow/example_dags/example_external_task_marker_dag.py
[2025-03-12T14:32:00.840+0200] {processor.py:914} INFO - Processing file /home/munyah/.local/lib/python3.10/site-packages/airflow/example_dags/example_external_task_marker_dag.py for tasks to queue
[2025-03-12T14:32:00.842+0200] {logging_mixin.py:190} INFO - [2025-03-12T14:32:00.842+0200] {dagbag.py:588} INFO - Filling up the DagBag from /home/munyah/.local/lib/python3.10/site-packages/airflow/example_dags/example_external_task_marker_dag.py
[2025-03-12T14:32:00.853+0200] {processor.py:925} INFO - DAG(s) 'example_external_task_marker_parent', 'example_external_task_marker_child' retrieved from /home/munyah/.local/lib/python3.10/site-packages/airflow/example_dags/example_external_task_marker_dag.py
[2025-03-12T14:32:00.874+0200] {logging_mixin.py:190} INFO - [2025-03-12T14:32:00.874+0200] {dag.py:3239} INFO - Sync 2 DAGs
[2025-03-12T14:32:00.889+0200] {logging_mixin.py:190} INFO - [2025-03-12T14:32:00.889+0200] {dag.py:4180} INFO - Setting next_dagrun for example_external_task_marker_child to None, run_after=None
[2025-03-12T14:32:00.893+0200] {logging_mixin.py:190} INFO - [2025-03-12T14:32:00.892+0200] {dag.py:4180} INFO - Setting next_dagrun for example_external_task_marker_parent to None, run_after=None
[2025-03-12T14:32:00.912+0200] {processor.py:208} INFO - Processing /home/munyah/.local/lib/python3.10/site-packages/airflow/example_dags/example_external_task_marker_dag.py took 0.081 seconds
[2025-03-12T14:33:03.234+0200] {processor.py:186} INFO - Started process (PID=139745) to work on /home/munyah/.local/lib/python3.10/site-packages/airflow/example_dags/example_external_task_marker_dag.py
[2025-03-12T14:33:03.235+0200] {processor.py:914} INFO - Processing file /home/munyah/.local/lib/python3.10/site-packages/airflow/example_dags/example_external_task_marker_dag.py for tasks to queue
[2025-03-12T14:33:03.237+0200] {logging_mixin.py:190} INFO - [2025-03-12T14:33:03.237+0200] {dagbag.py:588} INFO - Filling up the DagBag from /home/munyah/.local/lib/python3.10/site-packages/airflow/example_dags/example_external_task_marker_dag.py
[2025-03-12T14:33:03.248+0200] {processor.py:925} INFO - DAG(s) 'example_external_task_marker_parent', 'example_external_task_marker_child' retrieved from /home/munyah/.local/lib/python3.10/site-packages/airflow/example_dags/example_external_task_marker_dag.py
[2025-03-12T14:33:03.270+0200] {logging_mixin.py:190} INFO - [2025-03-12T14:33:03.269+0200] {dag.py:3239} INFO - Sync 2 DAGs
[2025-03-12T14:33:03.284+0200] {logging_mixin.py:190} INFO - [2025-03-12T14:33:03.284+0200] {dag.py:4180} INFO - Setting next_dagrun for example_external_task_marker_child to None, run_after=None
[2025-03-12T14:33:03.288+0200] {logging_mixin.py:190} INFO - [2025-03-12T14:33:03.288+0200] {dag.py:4180} INFO - Setting next_dagrun for example_external_task_marker_parent to None, run_after=None
[2025-03-12T14:33:03.320+0200] {processor.py:208} INFO - Processing /home/munyah/.local/lib/python3.10/site-packages/airflow/example_dags/example_external_task_marker_dag.py took 0.094 seconds
[2025-03-12T14:34:06.940+0200] {processor.py:186} INFO - Started process (PID=140018) to work on /home/munyah/.local/lib/python3.10/site-packages/airflow/example_dags/example_external_task_marker_dag.py
[2025-03-12T14:34:06.941+0200] {processor.py:914} INFO - Processing file /home/munyah/.local/lib/python3.10/site-packages/airflow/example_dags/example_external_task_marker_dag.py for tasks to queue
[2025-03-12T14:34:06.944+0200] {logging_mixin.py:190} INFO - [2025-03-12T14:34:06.943+0200] {dagbag.py:588} INFO - Filling up the DagBag from /home/munyah/.local/lib/python3.10/site-packages/airflow/example_dags/example_external_task_marker_dag.py
[2025-03-12T14:34:06.955+0200] {processor.py:925} INFO - DAG(s) 'example_external_task_marker_child', 'example_external_task_marker_parent' retrieved from /home/munyah/.local/lib/python3.10/site-packages/airflow/example_dags/example_external_task_marker_dag.py
[2025-03-12T14:34:06.976+0200] {logging_mixin.py:190} INFO - [2025-03-12T14:34:06.976+0200] {dag.py:3239} INFO - Sync 2 DAGs
[2025-03-12T14:34:06.991+0200] {logging_mixin.py:190} INFO - [2025-03-12T14:34:06.991+0200] {dag.py:4180} INFO - Setting next_dagrun for example_external_task_marker_child to None, run_after=None
[2025-03-12T14:34:06.995+0200] {logging_mixin.py:190} INFO - [2025-03-12T14:34:06.995+0200] {dag.py:4180} INFO - Setting next_dagrun for example_external_task_marker_parent to None, run_after=None
[2025-03-12T14:34:07.017+0200] {processor.py:208} INFO - Processing /home/munyah/.local/lib/python3.10/site-packages/airflow/example_dags/example_external_task_marker_dag.py took 0.086 seconds
[2025-03-12T14:35:11.799+0200] {processor.py:186} INFO - Started process (PID=140197) to work on /home/munyah/.local/lib/python3.10/site-packages/airflow/example_dags/example_external_task_marker_dag.py
[2025-03-12T14:35:11.800+0200] {processor.py:914} INFO - Processing file /home/munyah/.local/lib/python3.10/site-packages/airflow/example_dags/example_external_task_marker_dag.py for tasks to queue
[2025-03-12T14:35:11.803+0200] {logging_mixin.py:190} INFO - [2025-03-12T14:35:11.802+0200] {dagbag.py:588} INFO - Filling up the DagBag from /home/munyah/.local/lib/python3.10/site-packages/airflow/example_dags/example_external_task_marker_dag.py
[2025-03-12T14:35:11.813+0200] {processor.py:925} INFO - DAG(s) 'example_external_task_marker_child', 'example_external_task_marker_parent' retrieved from /home/munyah/.local/lib/python3.10/site-packages/airflow/example_dags/example_external_task_marker_dag.py
[2025-03-12T14:35:11.833+0200] {logging_mixin.py:190} INFO - [2025-03-12T14:35:11.833+0200] {dag.py:3239} INFO - Sync 2 DAGs
[2025-03-12T14:35:11.848+0200] {logging_mixin.py:190} INFO - [2025-03-12T14:35:11.848+0200] {dag.py:4180} INFO - Setting next_dagrun for example_external_task_marker_child to None, run_after=None
[2025-03-12T14:35:11.852+0200] {logging_mixin.py:190} INFO - [2025-03-12T14:35:11.851+0200] {dag.py:4180} INFO - Setting next_dagrun for example_external_task_marker_parent to None, run_after=None
[2025-03-12T14:35:11.872+0200] {processor.py:208} INFO - Processing /home/munyah/.local/lib/python3.10/site-packages/airflow/example_dags/example_external_task_marker_dag.py took 0.082 seconds
[2025-03-12T14:36:16.682+0200] {processor.py:186} INFO - Started process (PID=140410) to work on /home/munyah/.local/lib/python3.10/site-packages/airflow/example_dags/example_external_task_marker_dag.py
[2025-03-12T14:36:16.687+0200] {processor.py:914} INFO - Processing file /home/munyah/.local/lib/python3.10/site-packages/airflow/example_dags/example_external_task_marker_dag.py for tasks to queue
[2025-03-12T14:36:16.695+0200] {logging_mixin.py:190} INFO - [2025-03-12T14:36:16.693+0200] {dagbag.py:588} INFO - Filling up the DagBag from /home/munyah/.local/lib/python3.10/site-packages/airflow/example_dags/example_external_task_marker_dag.py
[2025-03-12T14:36:16.741+0200] {processor.py:925} INFO - DAG(s) 'example_external_task_marker_parent', 'example_external_task_marker_child' retrieved from /home/munyah/.local/lib/python3.10/site-packages/airflow/example_dags/example_external_task_marker_dag.py
[2025-03-12T14:36:16.803+0200] {logging_mixin.py:190} INFO - [2025-03-12T14:36:16.802+0200] {dag.py:3239} INFO - Sync 2 DAGs
[2025-03-12T14:36:16.831+0200] {logging_mixin.py:190} INFO - [2025-03-12T14:36:16.830+0200] {dag.py:4180} INFO - Setting next_dagrun for example_external_task_marker_child to None, run_after=None
[2025-03-12T14:36:16.840+0200] {logging_mixin.py:190} INFO - [2025-03-12T14:36:16.839+0200] {dag.py:4180} INFO - Setting next_dagrun for example_external_task_marker_parent to None, run_after=None
[2025-03-12T14:36:16.916+0200] {processor.py:208} INFO - Processing /home/munyah/.local/lib/python3.10/site-packages/airflow/example_dags/example_external_task_marker_dag.py took 0.262 seconds
[2025-03-12T14:37:21.657+0200] {processor.py:186} INFO - Started process (PID=140571) to work on /home/munyah/.local/lib/python3.10/site-packages/airflow/example_dags/example_external_task_marker_dag.py
[2025-03-12T14:37:21.658+0200] {processor.py:914} INFO - Processing file /home/munyah/.local/lib/python3.10/site-packages/airflow/example_dags/example_external_task_marker_dag.py for tasks to queue
[2025-03-12T14:37:21.663+0200] {logging_mixin.py:190} INFO - [2025-03-12T14:37:21.662+0200] {dagbag.py:588} INFO - Filling up the DagBag from /home/munyah/.local/lib/python3.10/site-packages/airflow/example_dags/example_external_task_marker_dag.py
[2025-03-12T14:37:21.673+0200] {processor.py:925} INFO - DAG(s) 'example_external_task_marker_child', 'example_external_task_marker_parent' retrieved from /home/munyah/.local/lib/python3.10/site-packages/airflow/example_dags/example_external_task_marker_dag.py
[2025-03-12T14:37:21.693+0200] {logging_mixin.py:190} INFO - [2025-03-12T14:37:21.693+0200] {dag.py:3239} INFO - Sync 2 DAGs
[2025-03-12T14:37:21.708+0200] {logging_mixin.py:190} INFO - [2025-03-12T14:37:21.708+0200] {dag.py:4180} INFO - Setting next_dagrun for example_external_task_marker_child to None, run_after=None
[2025-03-12T14:37:21.711+0200] {logging_mixin.py:190} INFO - [2025-03-12T14:37:21.711+0200] {dag.py:4180} INFO - Setting next_dagrun for example_external_task_marker_parent to None, run_after=None
[2025-03-12T14:37:21.729+0200] {processor.py:208} INFO - Processing /home/munyah/.local/lib/python3.10/site-packages/airflow/example_dags/example_external_task_marker_dag.py took 0.082 seconds
[2025-03-12T14:38:23.930+0200] {processor.py:186} INFO - Started process (PID=140679) to work on /home/munyah/.local/lib/python3.10/site-packages/airflow/example_dags/example_external_task_marker_dag.py
[2025-03-12T14:38:23.932+0200] {processor.py:914} INFO - Processing file /home/munyah/.local/lib/python3.10/site-packages/airflow/example_dags/example_external_task_marker_dag.py for tasks to queue
[2025-03-12T14:38:23.936+0200] {logging_mixin.py:190} INFO - [2025-03-12T14:38:23.935+0200] {dagbag.py:588} INFO - Filling up the DagBag from /home/munyah/.local/lib/python3.10/site-packages/airflow/example_dags/example_external_task_marker_dag.py
[2025-03-12T14:38:23.952+0200] {processor.py:925} INFO - DAG(s) 'example_external_task_marker_child', 'example_external_task_marker_parent' retrieved from /home/munyah/.local/lib/python3.10/site-packages/airflow/example_dags/example_external_task_marker_dag.py
[2025-03-12T14:38:23.973+0200] {logging_mixin.py:190} INFO - [2025-03-12T14:38:23.973+0200] {dag.py:3239} INFO - Sync 2 DAGs
[2025-03-12T14:38:23.988+0200] {logging_mixin.py:190} INFO - [2025-03-12T14:38:23.987+0200] {dag.py:4180} INFO - Setting next_dagrun for example_external_task_marker_child to None, run_after=None
[2025-03-12T14:38:23.991+0200] {logging_mixin.py:190} INFO - [2025-03-12T14:38:23.991+0200] {dag.py:4180} INFO - Setting next_dagrun for example_external_task_marker_parent to None, run_after=None
[2025-03-12T14:38:24.010+0200] {processor.py:208} INFO - Processing /home/munyah/.local/lib/python3.10/site-packages/airflow/example_dags/example_external_task_marker_dag.py took 0.093 seconds
[2025-03-12T14:39:31.008+0200] {processor.py:186} INFO - Started process (PID=140784) to work on /home/munyah/.local/lib/python3.10/site-packages/airflow/example_dags/example_external_task_marker_dag.py
[2025-03-12T14:39:31.009+0200] {processor.py:914} INFO - Processing file /home/munyah/.local/lib/python3.10/site-packages/airflow/example_dags/example_external_task_marker_dag.py for tasks to queue
[2025-03-12T14:39:31.012+0200] {logging_mixin.py:190} INFO - [2025-03-12T14:39:31.011+0200] {dagbag.py:588} INFO - Filling up the DagBag from /home/munyah/.local/lib/python3.10/site-packages/airflow/example_dags/example_external_task_marker_dag.py
[2025-03-12T14:39:31.022+0200] {processor.py:925} INFO - DAG(s) 'example_external_task_marker_child', 'example_external_task_marker_parent' retrieved from /home/munyah/.local/lib/python3.10/site-packages/airflow/example_dags/example_external_task_marker_dag.py
[2025-03-12T14:39:31.043+0200] {logging_mixin.py:190} INFO - [2025-03-12T14:39:31.043+0200] {dag.py:3239} INFO - Sync 2 DAGs
[2025-03-12T14:39:31.057+0200] {logging_mixin.py:190} INFO - [2025-03-12T14:39:31.057+0200] {dag.py:4180} INFO - Setting next_dagrun for example_external_task_marker_child to None, run_after=None
[2025-03-12T14:39:31.061+0200] {logging_mixin.py:190} INFO - [2025-03-12T14:39:31.060+0200] {dag.py:4180} INFO - Setting next_dagrun for example_external_task_marker_parent to None, run_after=None
[2025-03-12T14:39:31.079+0200] {processor.py:208} INFO - Processing /home/munyah/.local/lib/python3.10/site-packages/airflow/example_dags/example_external_task_marker_dag.py took 0.080 seconds
[2025-03-12T14:40:35.193+0200] {processor.py:186} INFO - Started process (PID=140896) to work on /home/munyah/.local/lib/python3.10/site-packages/airflow/example_dags/example_external_task_marker_dag.py
[2025-03-12T14:40:35.194+0200] {processor.py:914} INFO - Processing file /home/munyah/.local/lib/python3.10/site-packages/airflow/example_dags/example_external_task_marker_dag.py for tasks to queue
[2025-03-12T14:40:35.196+0200] {logging_mixin.py:190} INFO - [2025-03-12T14:40:35.196+0200] {dagbag.py:588} INFO - Filling up the DagBag from /home/munyah/.local/lib/python3.10/site-packages/airflow/example_dags/example_external_task_marker_dag.py
[2025-03-12T14:40:35.207+0200] {processor.py:925} INFO - DAG(s) 'example_external_task_marker_parent', 'example_external_task_marker_child' retrieved from /home/munyah/.local/lib/python3.10/site-packages/airflow/example_dags/example_external_task_marker_dag.py
[2025-03-12T14:40:35.227+0200] {logging_mixin.py:190} INFO - [2025-03-12T14:40:35.227+0200] {dag.py:3239} INFO - Sync 2 DAGs
[2025-03-12T14:40:35.241+0200] {logging_mixin.py:190} INFO - [2025-03-12T14:40:35.240+0200] {dag.py:4180} INFO - Setting next_dagrun for example_external_task_marker_child to None, run_after=None
[2025-03-12T14:40:35.244+0200] {logging_mixin.py:190} INFO - [2025-03-12T14:40:35.244+0200] {dag.py:4180} INFO - Setting next_dagrun for example_external_task_marker_parent to None, run_after=None
[2025-03-12T14:40:35.265+0200] {processor.py:208} INFO - Processing /home/munyah/.local/lib/python3.10/site-packages/airflow/example_dags/example_external_task_marker_dag.py took 0.080 seconds
[2025-03-12T14:41:40.027+0200] {processor.py:186} INFO - Started process (PID=141214) to work on /home/munyah/.local/lib/python3.10/site-packages/airflow/example_dags/example_external_task_marker_dag.py
[2025-03-12T14:41:40.028+0200] {processor.py:914} INFO - Processing file /home/munyah/.local/lib/python3.10/site-packages/airflow/example_dags/example_external_task_marker_dag.py for tasks to queue
[2025-03-12T14:41:40.030+0200] {logging_mixin.py:190} INFO - [2025-03-12T14:41:40.030+0200] {dagbag.py:588} INFO - Filling up the DagBag from /home/munyah/.local/lib/python3.10/site-packages/airflow/example_dags/example_external_task_marker_dag.py
[2025-03-12T14:41:40.040+0200] {processor.py:925} INFO - DAG(s) 'example_external_task_marker_child', 'example_external_task_marker_parent' retrieved from /home/munyah/.local/lib/python3.10/site-packages/airflow/example_dags/example_external_task_marker_dag.py
[2025-03-12T14:41:40.064+0200] {logging_mixin.py:190} INFO - [2025-03-12T14:41:40.064+0200] {dag.py:3239} INFO - Sync 2 DAGs
[2025-03-12T14:41:40.079+0200] {logging_mixin.py:190} INFO - [2025-03-12T14:41:40.078+0200] {dag.py:4180} INFO - Setting next_dagrun for example_external_task_marker_child to None, run_after=None
[2025-03-12T14:41:40.082+0200] {logging_mixin.py:190} INFO - [2025-03-12T14:41:40.082+0200] {dag.py:4180} INFO - Setting next_dagrun for example_external_task_marker_parent to None, run_after=None
[2025-03-12T14:41:40.104+0200] {processor.py:208} INFO - Processing /home/munyah/.local/lib/python3.10/site-packages/airflow/example_dags/example_external_task_marker_dag.py took 0.085 seconds
[2025-03-12T14:42:40.261+0200] {processor.py:186} INFO - Started process (PID=141412) to work on /home/munyah/.local/lib/python3.10/site-packages/airflow/example_dags/example_external_task_marker_dag.py
[2025-03-12T14:42:40.262+0200] {processor.py:914} INFO - Processing file /home/munyah/.local/lib/python3.10/site-packages/airflow/example_dags/example_external_task_marker_dag.py for tasks to queue
[2025-03-12T14:42:40.264+0200] {logging_mixin.py:190} INFO - [2025-03-12T14:42:40.264+0200] {dagbag.py:588} INFO - Filling up the DagBag from /home/munyah/.local/lib/python3.10/site-packages/airflow/example_dags/example_external_task_marker_dag.py
[2025-03-12T14:42:40.274+0200] {processor.py:925} INFO - DAG(s) 'example_external_task_marker_parent', 'example_external_task_marker_child' retrieved from /home/munyah/.local/lib/python3.10/site-packages/airflow/example_dags/example_external_task_marker_dag.py
[2025-03-12T14:42:40.295+0200] {logging_mixin.py:190} INFO - [2025-03-12T14:42:40.295+0200] {dag.py:3239} INFO - Sync 2 DAGs
[2025-03-12T14:42:40.310+0200] {logging_mixin.py:190} INFO - [2025-03-12T14:42:40.310+0200] {dag.py:4180} INFO - Setting next_dagrun for example_external_task_marker_child to None, run_after=None
[2025-03-12T14:42:40.314+0200] {logging_mixin.py:190} INFO - [2025-03-12T14:42:40.313+0200] {dag.py:4180} INFO - Setting next_dagrun for example_external_task_marker_parent to None, run_after=None
[2025-03-12T14:42:40.333+0200] {processor.py:208} INFO - Processing /home/munyah/.local/lib/python3.10/site-packages/airflow/example_dags/example_external_task_marker_dag.py took 0.079 seconds
[2025-03-12T14:43:39.863+0200] {processor.py:186} INFO - Started process (PID=141576) to work on /home/munyah/.local/lib/python3.10/site-packages/airflow/example_dags/example_external_task_marker_dag.py
[2025-03-12T14:43:39.865+0200] {processor.py:914} INFO - Processing file /home/munyah/.local/lib/python3.10/site-packages/airflow/example_dags/example_external_task_marker_dag.py for tasks to queue
[2025-03-12T14:43:39.868+0200] {logging_mixin.py:190} INFO - [2025-03-12T14:43:39.867+0200] {dagbag.py:588} INFO - Filling up the DagBag from /home/munyah/.local/lib/python3.10/site-packages/airflow/example_dags/example_external_task_marker_dag.py
[2025-03-12T14:43:39.879+0200] {processor.py:925} INFO - DAG(s) 'example_external_task_marker_child', 'example_external_task_marker_parent' retrieved from /home/munyah/.local/lib/python3.10/site-packages/airflow/example_dags/example_external_task_marker_dag.py
[2025-03-12T14:43:39.901+0200] {logging_mixin.py:190} INFO - [2025-03-12T14:43:39.901+0200] {dag.py:3239} INFO - Sync 2 DAGs
[2025-03-12T14:43:39.919+0200] {logging_mixin.py:190} INFO - [2025-03-12T14:43:39.918+0200] {dag.py:4180} INFO - Setting next_dagrun for example_external_task_marker_child to None, run_after=None
[2025-03-12T14:43:39.925+0200] {logging_mixin.py:190} INFO - [2025-03-12T14:43:39.924+0200] {dag.py:4180} INFO - Setting next_dagrun for example_external_task_marker_parent to None, run_after=None
[2025-03-12T14:43:39.948+0200] {processor.py:208} INFO - Processing /home/munyah/.local/lib/python3.10/site-packages/airflow/example_dags/example_external_task_marker_dag.py took 0.097 seconds
[2025-03-12T14:44:38.733+0200] {processor.py:186} INFO - Started process (PID=141769) to work on /home/munyah/.local/lib/python3.10/site-packages/airflow/example_dags/example_external_task_marker_dag.py
[2025-03-12T14:44:38.734+0200] {processor.py:914} INFO - Processing file /home/munyah/.local/lib/python3.10/site-packages/airflow/example_dags/example_external_task_marker_dag.py for tasks to queue
[2025-03-12T14:44:38.737+0200] {logging_mixin.py:190} INFO - [2025-03-12T14:44:38.736+0200] {dagbag.py:588} INFO - Filling up the DagBag from /home/munyah/.local/lib/python3.10/site-packages/airflow/example_dags/example_external_task_marker_dag.py
[2025-03-12T14:44:38.747+0200] {processor.py:925} INFO - DAG(s) 'example_external_task_marker_parent', 'example_external_task_marker_child' retrieved from /home/munyah/.local/lib/python3.10/site-packages/airflow/example_dags/example_external_task_marker_dag.py
[2025-03-12T14:44:38.768+0200] {logging_mixin.py:190} INFO - [2025-03-12T14:44:38.768+0200] {dag.py:3239} INFO - Sync 2 DAGs
[2025-03-12T14:44:38.784+0200] {logging_mixin.py:190} INFO - [2025-03-12T14:44:38.784+0200] {dag.py:4180} INFO - Setting next_dagrun for example_external_task_marker_child to None, run_after=None
[2025-03-12T14:44:38.788+0200] {logging_mixin.py:190} INFO - [2025-03-12T14:44:38.787+0200] {dag.py:4180} INFO - Setting next_dagrun for example_external_task_marker_parent to None, run_after=None
[2025-03-12T14:44:38.808+0200] {processor.py:208} INFO - Processing /home/munyah/.local/lib/python3.10/site-packages/airflow/example_dags/example_external_task_marker_dag.py took 0.082 seconds
[2025-03-12T14:45:39.513+0200] {processor.py:186} INFO - Started process (PID=141933) to work on /home/munyah/.local/lib/python3.10/site-packages/airflow/example_dags/example_external_task_marker_dag.py
[2025-03-12T14:45:39.514+0200] {processor.py:914} INFO - Processing file /home/munyah/.local/lib/python3.10/site-packages/airflow/example_dags/example_external_task_marker_dag.py for tasks to queue
[2025-03-12T14:45:39.516+0200] {logging_mixin.py:190} INFO - [2025-03-12T14:45:39.516+0200] {dagbag.py:588} INFO - Filling up the DagBag from /home/munyah/.local/lib/python3.10/site-packages/airflow/example_dags/example_external_task_marker_dag.py
[2025-03-12T14:45:39.526+0200] {processor.py:925} INFO - DAG(s) 'example_external_task_marker_child', 'example_external_task_marker_parent' retrieved from /home/munyah/.local/lib/python3.10/site-packages/airflow/example_dags/example_external_task_marker_dag.py
[2025-03-12T14:45:39.547+0200] {logging_mixin.py:190} INFO - [2025-03-12T14:45:39.547+0200] {dag.py:3239} INFO - Sync 2 DAGs
[2025-03-12T14:45:39.563+0200] {logging_mixin.py:190} INFO - [2025-03-12T14:45:39.563+0200] {dag.py:4180} INFO - Setting next_dagrun for example_external_task_marker_child to None, run_after=None
[2025-03-12T14:45:39.567+0200] {logging_mixin.py:190} INFO - [2025-03-12T14:45:39.566+0200] {dag.py:4180} INFO - Setting next_dagrun for example_external_task_marker_parent to None, run_after=None
[2025-03-12T14:45:39.587+0200] {processor.py:208} INFO - Processing /home/munyah/.local/lib/python3.10/site-packages/airflow/example_dags/example_external_task_marker_dag.py took 0.082 seconds
[2025-03-12T14:46:38.003+0200] {processor.py:186} INFO - Started process (PID=142184) to work on /home/munyah/.local/lib/python3.10/site-packages/airflow/example_dags/example_external_task_marker_dag.py
[2025-03-12T14:46:38.004+0200] {processor.py:914} INFO - Processing file /home/munyah/.local/lib/python3.10/site-packages/airflow/example_dags/example_external_task_marker_dag.py for tasks to queue
[2025-03-12T14:46:38.007+0200] {logging_mixin.py:190} INFO - [2025-03-12T14:46:38.006+0200] {dagbag.py:588} INFO - Filling up the DagBag from /home/munyah/.local/lib/python3.10/site-packages/airflow/example_dags/example_external_task_marker_dag.py
[2025-03-12T14:46:38.016+0200] {processor.py:925} INFO - DAG(s) 'example_external_task_marker_child', 'example_external_task_marker_parent' retrieved from /home/munyah/.local/lib/python3.10/site-packages/airflow/example_dags/example_external_task_marker_dag.py
[2025-03-12T14:46:38.036+0200] {logging_mixin.py:190} INFO - [2025-03-12T14:46:38.036+0200] {dag.py:3239} INFO - Sync 2 DAGs
[2025-03-12T14:46:38.050+0200] {logging_mixin.py:190} INFO - [2025-03-12T14:46:38.050+0200] {dag.py:4180} INFO - Setting next_dagrun for example_external_task_marker_child to None, run_after=None
[2025-03-12T14:46:38.054+0200] {logging_mixin.py:190} INFO - [2025-03-12T14:46:38.054+0200] {dag.py:4180} INFO - Setting next_dagrun for example_external_task_marker_parent to None, run_after=None
[2025-03-12T14:46:38.074+0200] {processor.py:208} INFO - Processing /home/munyah/.local/lib/python3.10/site-packages/airflow/example_dags/example_external_task_marker_dag.py took 0.079 seconds
[2025-03-12T14:49:39.548+0200] {processor.py:186} INFO - Started process (PID=142783) to work on /home/munyah/.local/lib/python3.10/site-packages/airflow/example_dags/example_external_task_marker_dag.py
[2025-03-12T14:49:39.643+0200] {processor.py:914} INFO - Processing file /home/munyah/.local/lib/python3.10/site-packages/airflow/example_dags/example_external_task_marker_dag.py for tasks to queue
[2025-03-12T14:49:39.659+0200] {logging_mixin.py:190} INFO - [2025-03-12T14:49:39.656+0200] {dagbag.py:588} INFO - Filling up the DagBag from /home/munyah/.local/lib/python3.10/site-packages/airflow/example_dags/example_external_task_marker_dag.py
[2025-03-12T14:49:39.739+0200] {processor.py:925} INFO - DAG(s) 'example_external_task_marker_parent', 'example_external_task_marker_child' retrieved from /home/munyah/.local/lib/python3.10/site-packages/airflow/example_dags/example_external_task_marker_dag.py
[2025-03-12T14:49:39.776+0200] {logging_mixin.py:190} INFO - [2025-03-12T14:49:39.776+0200] {dag.py:3239} INFO - Sync 2 DAGs
[2025-03-12T14:49:39.794+0200] {logging_mixin.py:190} INFO - [2025-03-12T14:49:39.794+0200] {dag.py:4180} INFO - Setting next_dagrun for example_external_task_marker_child to None, run_after=None
[2025-03-12T14:49:39.797+0200] {logging_mixin.py:190} INFO - [2025-03-12T14:49:39.797+0200] {dag.py:4180} INFO - Setting next_dagrun for example_external_task_marker_parent to None, run_after=None
[2025-03-12T14:49:40.008+0200] {processor.py:208} INFO - Processing /home/munyah/.local/lib/python3.10/site-packages/airflow/example_dags/example_external_task_marker_dag.py took 0.472 seconds
[2025-03-12T14:50:56.763+0200] {processor.py:186} INFO - Started process (PID=142997) to work on /home/munyah/.local/lib/python3.10/site-packages/airflow/example_dags/example_external_task_marker_dag.py
[2025-03-12T14:50:56.764+0200] {processor.py:914} INFO - Processing file /home/munyah/.local/lib/python3.10/site-packages/airflow/example_dags/example_external_task_marker_dag.py for tasks to queue
[2025-03-12T14:50:56.767+0200] {logging_mixin.py:190} INFO - [2025-03-12T14:50:56.766+0200] {dagbag.py:588} INFO - Filling up the DagBag from /home/munyah/.local/lib/python3.10/site-packages/airflow/example_dags/example_external_task_marker_dag.py
[2025-03-12T14:50:56.777+0200] {processor.py:925} INFO - DAG(s) 'example_external_task_marker_parent', 'example_external_task_marker_child' retrieved from /home/munyah/.local/lib/python3.10/site-packages/airflow/example_dags/example_external_task_marker_dag.py
[2025-03-12T14:50:56.799+0200] {logging_mixin.py:190} INFO - [2025-03-12T14:50:56.798+0200] {dag.py:3239} INFO - Sync 2 DAGs
[2025-03-12T14:50:56.813+0200] {logging_mixin.py:190} INFO - [2025-03-12T14:50:56.813+0200] {dag.py:4180} INFO - Setting next_dagrun for example_external_task_marker_child to None, run_after=None
[2025-03-12T14:50:56.817+0200] {logging_mixin.py:190} INFO - [2025-03-12T14:50:56.817+0200] {dag.py:4180} INFO - Setting next_dagrun for example_external_task_marker_parent to None, run_after=None
[2025-03-12T14:50:56.836+0200] {processor.py:208} INFO - Processing /home/munyah/.local/lib/python3.10/site-packages/airflow/example_dags/example_external_task_marker_dag.py took 0.081 seconds
[2025-03-12T14:52:04.562+0200] {processor.py:186} INFO - Started process (PID=143236) to work on /home/munyah/.local/lib/python3.10/site-packages/airflow/example_dags/example_external_task_marker_dag.py
[2025-03-12T14:52:04.563+0200] {processor.py:914} INFO - Processing file /home/munyah/.local/lib/python3.10/site-packages/airflow/example_dags/example_external_task_marker_dag.py for tasks to queue
[2025-03-12T14:52:04.567+0200] {logging_mixin.py:190} INFO - [2025-03-12T14:52:04.566+0200] {dagbag.py:588} INFO - Filling up the DagBag from /home/munyah/.local/lib/python3.10/site-packages/airflow/example_dags/example_external_task_marker_dag.py
[2025-03-12T14:52:04.799+0200] {processor.py:925} INFO - DAG(s) 'example_external_task_marker_child', 'example_external_task_marker_parent' retrieved from /home/munyah/.local/lib/python3.10/site-packages/airflow/example_dags/example_external_task_marker_dag.py
[2025-03-12T14:52:05.073+0200] {logging_mixin.py:190} INFO - [2025-03-12T14:52:05.072+0200] {dag.py:3239} INFO - Sync 2 DAGs
[2025-03-12T14:52:05.204+0200] {logging_mixin.py:190} INFO - [2025-03-12T14:52:05.204+0200] {dag.py:4180} INFO - Setting next_dagrun for example_external_task_marker_child to None, run_after=None
[2025-03-12T14:52:05.242+0200] {logging_mixin.py:190} INFO - [2025-03-12T14:52:05.240+0200] {dag.py:4180} INFO - Setting next_dagrun for example_external_task_marker_parent to None, run_after=None
[2025-03-12T14:52:05.600+0200] {processor.py:208} INFO - Processing /home/munyah/.local/lib/python3.10/site-packages/airflow/example_dags/example_external_task_marker_dag.py took 1.045 seconds
[2025-03-12T14:53:17.369+0200] {processor.py:186} INFO - Started process (PID=143489) to work on /home/munyah/.local/lib/python3.10/site-packages/airflow/example_dags/example_external_task_marker_dag.py
[2025-03-12T14:53:17.371+0200] {processor.py:914} INFO - Processing file /home/munyah/.local/lib/python3.10/site-packages/airflow/example_dags/example_external_task_marker_dag.py for tasks to queue
[2025-03-12T14:53:17.377+0200] {logging_mixin.py:190} INFO - [2025-03-12T14:53:17.374+0200] {dagbag.py:588} INFO - Filling up the DagBag from /home/munyah/.local/lib/python3.10/site-packages/airflow/example_dags/example_external_task_marker_dag.py
[2025-03-12T14:53:17.406+0200] {processor.py:925} INFO - DAG(s) 'example_external_task_marker_parent', 'example_external_task_marker_child' retrieved from /home/munyah/.local/lib/python3.10/site-packages/airflow/example_dags/example_external_task_marker_dag.py
[2025-03-12T14:53:17.447+0200] {logging_mixin.py:190} INFO - [2025-03-12T14:53:17.447+0200] {dag.py:3239} INFO - Sync 2 DAGs
[2025-03-12T14:53:17.474+0200] {logging_mixin.py:190} INFO - [2025-03-12T14:53:17.474+0200] {dag.py:4180} INFO - Setting next_dagrun for example_external_task_marker_child to None, run_after=None
[2025-03-12T14:53:17.480+0200] {logging_mixin.py:190} INFO - [2025-03-12T14:53:17.480+0200] {dag.py:4180} INFO - Setting next_dagrun for example_external_task_marker_parent to None, run_after=None
[2025-03-12T14:53:17.508+0200] {processor.py:208} INFO - Processing /home/munyah/.local/lib/python3.10/site-packages/airflow/example_dags/example_external_task_marker_dag.py took 0.157 seconds
