[2025-03-12T14:17:04.642+0200] {processor.py:186} INFO - Started process (PID=133964) to work on /home/munyah/.local/lib/python3.10/site-packages/airflow/example_dags/example_skip_dag.py
[2025-03-12T14:17:04.643+0200] {processor.py:914} INFO - Processing file /home/munyah/.local/lib/python3.10/site-packages/airflow/example_dags/example_skip_dag.py for tasks to queue
[2025-03-12T14:17:04.646+0200] {logging_mixin.py:190} INFO - [2025-03-12T14:17:04.646+0200] {dagbag.py:588} INFO - Filling up the DagBag from /home/munyah/.local/lib/python3.10/site-packages/airflow/example_dags/example_skip_dag.py
[2025-03-12T14:17:04.658+0200] {processor.py:925} INFO - DAG(s) 'example_skip_dag' retrieved from /home/munyah/.local/lib/python3.10/site-packages/airflow/example_dags/example_skip_dag.py
[2025-03-12T14:17:04.685+0200] {logging_mixin.py:190} INFO - [2025-03-12T14:17:04.685+0200] {dag.py:3239} INFO - Sync 1 DAGs
[2025-03-12T14:17:04.722+0200] {logging_mixin.py:190} INFO - [2025-03-12T14:17:04.722+0200] {dag.py:4180} INFO - Setting next_dagrun for example_skip_dag to 2025-03-11 00:00:00+00:00, run_after=2025-03-12 00:00:00+00:00
[2025-03-12T14:17:04.761+0200] {processor.py:208} INFO - Processing /home/munyah/.local/lib/python3.10/site-packages/airflow/example_dags/example_skip_dag.py took 0.127 seconds
[2025-03-12T14:18:08.907+0200] {processor.py:186} INFO - Started process (PID=134643) to work on /home/munyah/.local/lib/python3.10/site-packages/airflow/example_dags/example_skip_dag.py
[2025-03-12T14:18:08.909+0200] {processor.py:914} INFO - Processing file /home/munyah/.local/lib/python3.10/site-packages/airflow/example_dags/example_skip_dag.py for tasks to queue
[2025-03-12T14:18:08.915+0200] {logging_mixin.py:190} INFO - [2025-03-12T14:18:08.914+0200] {dagbag.py:588} INFO - Filling up the DagBag from /home/munyah/.local/lib/python3.10/site-packages/airflow/example_dags/example_skip_dag.py
[2025-03-12T14:18:08.934+0200] {processor.py:925} INFO - DAG(s) 'example_skip_dag' retrieved from /home/munyah/.local/lib/python3.10/site-packages/airflow/example_dags/example_skip_dag.py
[2025-03-12T14:18:08.954+0200] {logging_mixin.py:190} INFO - [2025-03-12T14:18:08.954+0200] {dag.py:3239} INFO - Sync 1 DAGs
[2025-03-12T14:18:08.978+0200] {logging_mixin.py:190} INFO - [2025-03-12T14:18:08.977+0200] {dag.py:4180} INFO - Setting next_dagrun for example_skip_dag to 2025-03-11 00:00:00+00:00, run_after=2025-03-12 00:00:00+00:00
[2025-03-12T14:18:08.999+0200] {processor.py:208} INFO - Processing /home/munyah/.local/lib/python3.10/site-packages/airflow/example_dags/example_skip_dag.py took 0.110 seconds
[2025-03-12T14:19:09.855+0200] {processor.py:186} INFO - Started process (PID=134908) to work on /home/munyah/.local/lib/python3.10/site-packages/airflow/example_dags/example_skip_dag.py
[2025-03-12T14:19:09.857+0200] {processor.py:914} INFO - Processing file /home/munyah/.local/lib/python3.10/site-packages/airflow/example_dags/example_skip_dag.py for tasks to queue
[2025-03-12T14:19:09.860+0200] {logging_mixin.py:190} INFO - [2025-03-12T14:19:09.860+0200] {dagbag.py:588} INFO - Filling up the DagBag from /home/munyah/.local/lib/python3.10/site-packages/airflow/example_dags/example_skip_dag.py
[2025-03-12T14:19:09.872+0200] {processor.py:925} INFO - DAG(s) 'example_skip_dag' retrieved from /home/munyah/.local/lib/python3.10/site-packages/airflow/example_dags/example_skip_dag.py
[2025-03-12T14:19:09.892+0200] {logging_mixin.py:190} INFO - [2025-03-12T14:19:09.891+0200] {dag.py:3239} INFO - Sync 1 DAGs
[2025-03-12T14:19:09.915+0200] {logging_mixin.py:190} INFO - [2025-03-12T14:19:09.915+0200] {dag.py:4180} INFO - Setting next_dagrun for example_skip_dag to 2025-03-11 00:00:00+00:00, run_after=2025-03-12 00:00:00+00:00
[2025-03-12T14:19:09.935+0200] {processor.py:208} INFO - Processing /home/munyah/.local/lib/python3.10/site-packages/airflow/example_dags/example_skip_dag.py took 0.087 seconds
[2025-03-12T14:20:07.146+0200] {processor.py:186} INFO - Started process (PID=135068) to work on /home/munyah/.local/lib/python3.10/site-packages/airflow/example_dags/example_skip_dag.py
[2025-03-12T14:20:07.148+0200] {processor.py:914} INFO - Processing file /home/munyah/.local/lib/python3.10/site-packages/airflow/example_dags/example_skip_dag.py for tasks to queue
[2025-03-12T14:20:07.150+0200] {logging_mixin.py:190} INFO - [2025-03-12T14:20:07.150+0200] {dagbag.py:588} INFO - Filling up the DagBag from /home/munyah/.local/lib/python3.10/site-packages/airflow/example_dags/example_skip_dag.py
[2025-03-12T14:20:07.160+0200] {processor.py:925} INFO - DAG(s) 'example_skip_dag' retrieved from /home/munyah/.local/lib/python3.10/site-packages/airflow/example_dags/example_skip_dag.py
[2025-03-12T14:20:07.180+0200] {logging_mixin.py:190} INFO - [2025-03-12T14:20:07.180+0200] {dag.py:3239} INFO - Sync 1 DAGs
[2025-03-12T14:20:07.203+0200] {logging_mixin.py:190} INFO - [2025-03-12T14:20:07.202+0200] {dag.py:4180} INFO - Setting next_dagrun for example_skip_dag to 2025-03-11 00:00:00+00:00, run_after=2025-03-12 00:00:00+00:00
[2025-03-12T14:20:07.223+0200] {processor.py:208} INFO - Processing /home/munyah/.local/lib/python3.10/site-packages/airflow/example_dags/example_skip_dag.py took 0.085 seconds
[2025-03-12T14:21:04.040+0200] {processor.py:186} INFO - Started process (PID=135263) to work on /home/munyah/.local/lib/python3.10/site-packages/airflow/example_dags/example_skip_dag.py
[2025-03-12T14:21:04.041+0200] {processor.py:914} INFO - Processing file /home/munyah/.local/lib/python3.10/site-packages/airflow/example_dags/example_skip_dag.py for tasks to queue
[2025-03-12T14:21:04.043+0200] {logging_mixin.py:190} INFO - [2025-03-12T14:21:04.043+0200] {dagbag.py:588} INFO - Filling up the DagBag from /home/munyah/.local/lib/python3.10/site-packages/airflow/example_dags/example_skip_dag.py
[2025-03-12T14:21:04.053+0200] {processor.py:925} INFO - DAG(s) 'example_skip_dag' retrieved from /home/munyah/.local/lib/python3.10/site-packages/airflow/example_dags/example_skip_dag.py
[2025-03-12T14:21:04.072+0200] {logging_mixin.py:190} INFO - [2025-03-12T14:21:04.072+0200] {dag.py:3239} INFO - Sync 1 DAGs
[2025-03-12T14:21:04.095+0200] {logging_mixin.py:190} INFO - [2025-03-12T14:21:04.095+0200] {dag.py:4180} INFO - Setting next_dagrun for example_skip_dag to 2025-03-11 00:00:00+00:00, run_after=2025-03-12 00:00:00+00:00
[2025-03-12T14:21:04.117+0200] {processor.py:208} INFO - Processing /home/munyah/.local/lib/python3.10/site-packages/airflow/example_dags/example_skip_dag.py took 0.086 seconds
[2025-03-12T14:22:00.869+0200] {processor.py:186} INFO - Started process (PID=135447) to work on /home/munyah/.local/lib/python3.10/site-packages/airflow/example_dags/example_skip_dag.py
[2025-03-12T14:22:00.871+0200] {processor.py:914} INFO - Processing file /home/munyah/.local/lib/python3.10/site-packages/airflow/example_dags/example_skip_dag.py for tasks to queue
[2025-03-12T14:22:00.873+0200] {logging_mixin.py:190} INFO - [2025-03-12T14:22:00.873+0200] {dagbag.py:588} INFO - Filling up the DagBag from /home/munyah/.local/lib/python3.10/site-packages/airflow/example_dags/example_skip_dag.py
[2025-03-12T14:22:00.884+0200] {processor.py:925} INFO - DAG(s) 'example_skip_dag' retrieved from /home/munyah/.local/lib/python3.10/site-packages/airflow/example_dags/example_skip_dag.py
[2025-03-12T14:22:00.906+0200] {logging_mixin.py:190} INFO - [2025-03-12T14:22:00.906+0200] {dag.py:3239} INFO - Sync 1 DAGs
[2025-03-12T14:22:00.929+0200] {logging_mixin.py:190} INFO - [2025-03-12T14:22:00.928+0200] {dag.py:4180} INFO - Setting next_dagrun for example_skip_dag to 2025-03-11 00:00:00+00:00, run_after=2025-03-12 00:00:00+00:00
[2025-03-12T14:22:00.951+0200] {processor.py:208} INFO - Processing /home/munyah/.local/lib/python3.10/site-packages/airflow/example_dags/example_skip_dag.py took 0.089 seconds
[2025-03-12T14:23:01.084+0200] {processor.py:186} INFO - Started process (PID=136385) to work on /home/munyah/.local/lib/python3.10/site-packages/airflow/example_dags/example_skip_dag.py
[2025-03-12T14:23:01.086+0200] {processor.py:914} INFO - Processing file /home/munyah/.local/lib/python3.10/site-packages/airflow/example_dags/example_skip_dag.py for tasks to queue
[2025-03-12T14:23:01.090+0200] {logging_mixin.py:190} INFO - [2025-03-12T14:23:01.090+0200] {dagbag.py:588} INFO - Filling up the DagBag from /home/munyah/.local/lib/python3.10/site-packages/airflow/example_dags/example_skip_dag.py
[2025-03-12T14:23:01.103+0200] {processor.py:925} INFO - DAG(s) 'example_skip_dag' retrieved from /home/munyah/.local/lib/python3.10/site-packages/airflow/example_dags/example_skip_dag.py
[2025-03-12T14:23:01.127+0200] {logging_mixin.py:190} INFO - [2025-03-12T14:23:01.127+0200] {dag.py:3239} INFO - Sync 1 DAGs
[2025-03-12T14:23:01.154+0200] {logging_mixin.py:190} INFO - [2025-03-12T14:23:01.154+0200] {dag.py:4180} INFO - Setting next_dagrun for example_skip_dag to 2025-03-11 00:00:00+00:00, run_after=2025-03-12 00:00:00+00:00
[2025-03-12T14:23:01.184+0200] {processor.py:208} INFO - Processing /home/munyah/.local/lib/python3.10/site-packages/airflow/example_dags/example_skip_dag.py took 0.116 seconds
[2025-03-12T14:24:14.626+0200] {processor.py:186} INFO - Started process (PID=136638) to work on /home/munyah/.local/lib/python3.10/site-packages/airflow/example_dags/example_skip_dag.py
[2025-03-12T14:24:14.627+0200] {processor.py:914} INFO - Processing file /home/munyah/.local/lib/python3.10/site-packages/airflow/example_dags/example_skip_dag.py for tasks to queue
[2025-03-12T14:24:14.630+0200] {logging_mixin.py:190} INFO - [2025-03-12T14:24:14.630+0200] {dagbag.py:588} INFO - Filling up the DagBag from /home/munyah/.local/lib/python3.10/site-packages/airflow/example_dags/example_skip_dag.py
[2025-03-12T14:24:14.641+0200] {processor.py:925} INFO - DAG(s) 'example_skip_dag' retrieved from /home/munyah/.local/lib/python3.10/site-packages/airflow/example_dags/example_skip_dag.py
[2025-03-12T14:24:14.665+0200] {logging_mixin.py:190} INFO - [2025-03-12T14:24:14.665+0200] {dag.py:3239} INFO - Sync 1 DAGs
[2025-03-12T14:24:14.690+0200] {logging_mixin.py:190} INFO - [2025-03-12T14:24:14.690+0200] {dag.py:4180} INFO - Setting next_dagrun for example_skip_dag to 2025-03-11 00:00:00+00:00, run_after=2025-03-12 00:00:00+00:00
[2025-03-12T14:24:14.719+0200] {processor.py:208} INFO - Processing /home/munyah/.local/lib/python3.10/site-packages/airflow/example_dags/example_skip_dag.py took 0.101 seconds
[2025-03-12T14:25:11.701+0200] {processor.py:186} INFO - Started process (PID=136846) to work on /home/munyah/.local/lib/python3.10/site-packages/airflow/example_dags/example_skip_dag.py
[2025-03-12T14:25:11.702+0200] {processor.py:914} INFO - Processing file /home/munyah/.local/lib/python3.10/site-packages/airflow/example_dags/example_skip_dag.py for tasks to queue
[2025-03-12T14:25:11.705+0200] {logging_mixin.py:190} INFO - [2025-03-12T14:25:11.704+0200] {dagbag.py:588} INFO - Filling up the DagBag from /home/munyah/.local/lib/python3.10/site-packages/airflow/example_dags/example_skip_dag.py
[2025-03-12T14:25:11.716+0200] {processor.py:925} INFO - DAG(s) 'example_skip_dag' retrieved from /home/munyah/.local/lib/python3.10/site-packages/airflow/example_dags/example_skip_dag.py
[2025-03-12T14:25:11.736+0200] {logging_mixin.py:190} INFO - [2025-03-12T14:25:11.735+0200] {dag.py:3239} INFO - Sync 1 DAGs
[2025-03-12T14:25:11.761+0200] {logging_mixin.py:190} INFO - [2025-03-12T14:25:11.760+0200] {dag.py:4180} INFO - Setting next_dagrun for example_skip_dag to 2025-03-11 00:00:00+00:00, run_after=2025-03-12 00:00:00+00:00
[2025-03-12T14:25:11.783+0200] {processor.py:208} INFO - Processing /home/munyah/.local/lib/python3.10/site-packages/airflow/example_dags/example_skip_dag.py took 0.089 seconds
[2025-03-12T14:26:10.647+0200] {processor.py:186} INFO - Started process (PID=137060) to work on /home/munyah/.local/lib/python3.10/site-packages/airflow/example_dags/example_skip_dag.py
[2025-03-12T14:26:10.648+0200] {processor.py:914} INFO - Processing file /home/munyah/.local/lib/python3.10/site-packages/airflow/example_dags/example_skip_dag.py for tasks to queue
[2025-03-12T14:26:10.650+0200] {logging_mixin.py:190} INFO - [2025-03-12T14:26:10.650+0200] {dagbag.py:588} INFO - Filling up the DagBag from /home/munyah/.local/lib/python3.10/site-packages/airflow/example_dags/example_skip_dag.py
[2025-03-12T14:26:10.661+0200] {processor.py:925} INFO - DAG(s) 'example_skip_dag' retrieved from /home/munyah/.local/lib/python3.10/site-packages/airflow/example_dags/example_skip_dag.py
[2025-03-12T14:26:10.682+0200] {logging_mixin.py:190} INFO - [2025-03-12T14:26:10.681+0200] {dag.py:3239} INFO - Sync 1 DAGs
[2025-03-12T14:26:10.707+0200] {logging_mixin.py:190} INFO - [2025-03-12T14:26:10.707+0200] {dag.py:4180} INFO - Setting next_dagrun for example_skip_dag to 2025-03-11 00:00:00+00:00, run_after=2025-03-12 00:00:00+00:00
[2025-03-12T14:26:10.730+0200] {processor.py:208} INFO - Processing /home/munyah/.local/lib/python3.10/site-packages/airflow/example_dags/example_skip_dag.py took 0.091 seconds
[2025-03-12T14:27:12.563+0200] {processor.py:186} INFO - Started process (PID=137252) to work on /home/munyah/.local/lib/python3.10/site-packages/airflow/example_dags/example_skip_dag.py
[2025-03-12T14:27:12.566+0200] {processor.py:914} INFO - Processing file /home/munyah/.local/lib/python3.10/site-packages/airflow/example_dags/example_skip_dag.py for tasks to queue
[2025-03-12T14:27:12.572+0200] {logging_mixin.py:190} INFO - [2025-03-12T14:27:12.572+0200] {dagbag.py:588} INFO - Filling up the DagBag from /home/munyah/.local/lib/python3.10/site-packages/airflow/example_dags/example_skip_dag.py
[2025-03-12T14:27:12.590+0200] {processor.py:925} INFO - DAG(s) 'example_skip_dag' retrieved from /home/munyah/.local/lib/python3.10/site-packages/airflow/example_dags/example_skip_dag.py
[2025-03-12T14:27:12.612+0200] {logging_mixin.py:190} INFO - [2025-03-12T14:27:12.611+0200] {dag.py:3239} INFO - Sync 1 DAGs
[2025-03-12T14:27:12.636+0200] {logging_mixin.py:190} INFO - [2025-03-12T14:27:12.635+0200] {dag.py:4180} INFO - Setting next_dagrun for example_skip_dag to 2025-03-11 00:00:00+00:00, run_after=2025-03-12 00:00:00+00:00
[2025-03-12T14:27:12.659+0200] {processor.py:208} INFO - Processing /home/munyah/.local/lib/python3.10/site-packages/airflow/example_dags/example_skip_dag.py took 0.119 seconds
[2025-03-12T14:28:15.414+0200] {processor.py:186} INFO - Started process (PID=137450) to work on /home/munyah/.local/lib/python3.10/site-packages/airflow/example_dags/example_skip_dag.py
[2025-03-12T14:28:15.415+0200] {processor.py:914} INFO - Processing file /home/munyah/.local/lib/python3.10/site-packages/airflow/example_dags/example_skip_dag.py for tasks to queue
[2025-03-12T14:28:15.417+0200] {logging_mixin.py:190} INFO - [2025-03-12T14:28:15.417+0200] {dagbag.py:588} INFO - Filling up the DagBag from /home/munyah/.local/lib/python3.10/site-packages/airflow/example_dags/example_skip_dag.py
[2025-03-12T14:28:15.428+0200] {processor.py:925} INFO - DAG(s) 'example_skip_dag' retrieved from /home/munyah/.local/lib/python3.10/site-packages/airflow/example_dags/example_skip_dag.py
[2025-03-12T14:28:15.449+0200] {logging_mixin.py:190} INFO - [2025-03-12T14:28:15.448+0200] {dag.py:3239} INFO - Sync 1 DAGs
[2025-03-12T14:28:15.471+0200] {logging_mixin.py:190} INFO - [2025-03-12T14:28:15.471+0200] {dag.py:4180} INFO - Setting next_dagrun for example_skip_dag to 2025-03-11 00:00:00+00:00, run_after=2025-03-12 00:00:00+00:00
[2025-03-12T14:28:15.495+0200] {processor.py:208} INFO - Processing /home/munyah/.local/lib/python3.10/site-packages/airflow/example_dags/example_skip_dag.py took 0.090 seconds
[2025-03-12T14:29:12.744+0200] {processor.py:186} INFO - Started process (PID=137913) to work on /home/munyah/.local/lib/python3.10/site-packages/airflow/example_dags/example_skip_dag.py
[2025-03-12T14:29:12.746+0200] {processor.py:914} INFO - Processing file /home/munyah/.local/lib/python3.10/site-packages/airflow/example_dags/example_skip_dag.py for tasks to queue
[2025-03-12T14:29:12.748+0200] {logging_mixin.py:190} INFO - [2025-03-12T14:29:12.748+0200] {dagbag.py:588} INFO - Filling up the DagBag from /home/munyah/.local/lib/python3.10/site-packages/airflow/example_dags/example_skip_dag.py
[2025-03-12T14:29:12.759+0200] {processor.py:925} INFO - DAG(s) 'example_skip_dag' retrieved from /home/munyah/.local/lib/python3.10/site-packages/airflow/example_dags/example_skip_dag.py
[2025-03-12T14:29:12.780+0200] {logging_mixin.py:190} INFO - [2025-03-12T14:29:12.780+0200] {dag.py:3239} INFO - Sync 1 DAGs
[2025-03-12T14:29:12.803+0200] {logging_mixin.py:190} INFO - [2025-03-12T14:29:12.803+0200] {dag.py:4180} INFO - Setting next_dagrun for example_skip_dag to 2025-03-11 00:00:00+00:00, run_after=2025-03-12 00:00:00+00:00
[2025-03-12T14:29:12.826+0200] {processor.py:208} INFO - Processing /home/munyah/.local/lib/python3.10/site-packages/airflow/example_dags/example_skip_dag.py took 0.091 seconds
[2025-03-12T14:30:12.253+0200] {processor.py:186} INFO - Started process (PID=138634) to work on /home/munyah/.local/lib/python3.10/site-packages/airflow/example_dags/example_skip_dag.py
[2025-03-12T14:30:12.255+0200] {processor.py:914} INFO - Processing file /home/munyah/.local/lib/python3.10/site-packages/airflow/example_dags/example_skip_dag.py for tasks to queue
[2025-03-12T14:30:12.258+0200] {logging_mixin.py:190} INFO - [2025-03-12T14:30:12.257+0200] {dagbag.py:588} INFO - Filling up the DagBag from /home/munyah/.local/lib/python3.10/site-packages/airflow/example_dags/example_skip_dag.py
[2025-03-12T14:30:12.268+0200] {processor.py:925} INFO - DAG(s) 'example_skip_dag' retrieved from /home/munyah/.local/lib/python3.10/site-packages/airflow/example_dags/example_skip_dag.py
[2025-03-12T14:30:12.289+0200] {logging_mixin.py:190} INFO - [2025-03-12T14:30:12.289+0200] {dag.py:3239} INFO - Sync 1 DAGs
[2025-03-12T14:30:12.314+0200] {logging_mixin.py:190} INFO - [2025-03-12T14:30:12.314+0200] {dag.py:4180} INFO - Setting next_dagrun for example_skip_dag to 2025-03-11 00:00:00+00:00, run_after=2025-03-12 00:00:00+00:00
[2025-03-12T14:30:12.337+0200] {processor.py:208} INFO - Processing /home/munyah/.local/lib/python3.10/site-packages/airflow/example_dags/example_skip_dag.py took 0.094 seconds
[2025-03-12T14:31:16.265+0200] {processor.py:186} INFO - Started process (PID=138887) to work on /home/munyah/.local/lib/python3.10/site-packages/airflow/example_dags/example_skip_dag.py
[2025-03-12T14:31:16.267+0200] {processor.py:914} INFO - Processing file /home/munyah/.local/lib/python3.10/site-packages/airflow/example_dags/example_skip_dag.py for tasks to queue
[2025-03-12T14:31:16.272+0200] {logging_mixin.py:190} INFO - [2025-03-12T14:31:16.271+0200] {dagbag.py:588} INFO - Filling up the DagBag from /home/munyah/.local/lib/python3.10/site-packages/airflow/example_dags/example_skip_dag.py
[2025-03-12T14:31:16.289+0200] {processor.py:925} INFO - DAG(s) 'example_skip_dag' retrieved from /home/munyah/.local/lib/python3.10/site-packages/airflow/example_dags/example_skip_dag.py
[2025-03-12T14:31:16.310+0200] {logging_mixin.py:190} INFO - [2025-03-12T14:31:16.310+0200] {dag.py:3239} INFO - Sync 1 DAGs
[2025-03-12T14:31:16.335+0200] {logging_mixin.py:190} INFO - [2025-03-12T14:31:16.334+0200] {dag.py:4180} INFO - Setting next_dagrun for example_skip_dag to 2025-03-11 00:00:00+00:00, run_after=2025-03-12 00:00:00+00:00
[2025-03-12T14:31:16.359+0200] {processor.py:208} INFO - Processing /home/munyah/.local/lib/python3.10/site-packages/airflow/example_dags/example_skip_dag.py took 0.111 seconds
[2025-03-12T14:32:19.444+0200] {processor.py:186} INFO - Started process (PID=139100) to work on /home/munyah/.local/lib/python3.10/site-packages/airflow/example_dags/example_skip_dag.py
[2025-03-12T14:32:19.445+0200] {processor.py:914} INFO - Processing file /home/munyah/.local/lib/python3.10/site-packages/airflow/example_dags/example_skip_dag.py for tasks to queue
[2025-03-12T14:32:19.448+0200] {logging_mixin.py:190} INFO - [2025-03-12T14:32:19.448+0200] {dagbag.py:588} INFO - Filling up the DagBag from /home/munyah/.local/lib/python3.10/site-packages/airflow/example_dags/example_skip_dag.py
[2025-03-12T14:32:19.459+0200] {processor.py:925} INFO - DAG(s) 'example_skip_dag' retrieved from /home/munyah/.local/lib/python3.10/site-packages/airflow/example_dags/example_skip_dag.py
[2025-03-12T14:32:19.481+0200] {logging_mixin.py:190} INFO - [2025-03-12T14:32:19.481+0200] {dag.py:3239} INFO - Sync 1 DAGs
[2025-03-12T14:32:19.507+0200] {logging_mixin.py:190} INFO - [2025-03-12T14:32:19.507+0200] {dag.py:4180} INFO - Setting next_dagrun for example_skip_dag to 2025-03-11 00:00:00+00:00, run_after=2025-03-12 00:00:00+00:00
[2025-03-12T14:32:19.534+0200] {processor.py:208} INFO - Processing /home/munyah/.local/lib/python3.10/site-packages/airflow/example_dags/example_skip_dag.py took 0.097 seconds
[2025-03-12T14:33:22.867+0200] {processor.py:186} INFO - Started process (PID=139797) to work on /home/munyah/.local/lib/python3.10/site-packages/airflow/example_dags/example_skip_dag.py
[2025-03-12T14:33:22.868+0200] {processor.py:914} INFO - Processing file /home/munyah/.local/lib/python3.10/site-packages/airflow/example_dags/example_skip_dag.py for tasks to queue
[2025-03-12T14:33:22.871+0200] {logging_mixin.py:190} INFO - [2025-03-12T14:33:22.870+0200] {dagbag.py:588} INFO - Filling up the DagBag from /home/munyah/.local/lib/python3.10/site-packages/airflow/example_dags/example_skip_dag.py
[2025-03-12T14:33:22.881+0200] {processor.py:925} INFO - DAG(s) 'example_skip_dag' retrieved from /home/munyah/.local/lib/python3.10/site-packages/airflow/example_dags/example_skip_dag.py
[2025-03-12T14:33:22.901+0200] {logging_mixin.py:190} INFO - [2025-03-12T14:33:22.900+0200] {dag.py:3239} INFO - Sync 1 DAGs
[2025-03-12T14:33:22.923+0200] {logging_mixin.py:190} INFO - [2025-03-12T14:33:22.923+0200] {dag.py:4180} INFO - Setting next_dagrun for example_skip_dag to 2025-03-11 00:00:00+00:00, run_after=2025-03-12 00:00:00+00:00
[2025-03-12T14:33:22.945+0200] {processor.py:208} INFO - Processing /home/munyah/.local/lib/python3.10/site-packages/airflow/example_dags/example_skip_dag.py took 0.085 seconds
[2025-03-12T14:34:27.530+0200] {processor.py:186} INFO - Started process (PID=140076) to work on /home/munyah/.local/lib/python3.10/site-packages/airflow/example_dags/example_skip_dag.py
[2025-03-12T14:34:27.531+0200] {processor.py:914} INFO - Processing file /home/munyah/.local/lib/python3.10/site-packages/airflow/example_dags/example_skip_dag.py for tasks to queue
[2025-03-12T14:34:27.535+0200] {logging_mixin.py:190} INFO - [2025-03-12T14:34:27.534+0200] {dagbag.py:588} INFO - Filling up the DagBag from /home/munyah/.local/lib/python3.10/site-packages/airflow/example_dags/example_skip_dag.py
[2025-03-12T14:34:27.548+0200] {processor.py:925} INFO - DAG(s) 'example_skip_dag' retrieved from /home/munyah/.local/lib/python3.10/site-packages/airflow/example_dags/example_skip_dag.py
[2025-03-12T14:34:27.571+0200] {logging_mixin.py:190} INFO - [2025-03-12T14:34:27.571+0200] {dag.py:3239} INFO - Sync 1 DAGs
[2025-03-12T14:34:27.594+0200] {logging_mixin.py:190} INFO - [2025-03-12T14:34:27.594+0200] {dag.py:4180} INFO - Setting next_dagrun for example_skip_dag to 2025-03-11 00:00:00+00:00, run_after=2025-03-12 00:00:00+00:00
[2025-03-12T14:34:27.618+0200] {processor.py:208} INFO - Processing /home/munyah/.local/lib/python3.10/site-packages/airflow/example_dags/example_skip_dag.py took 0.099 seconds
[2025-03-12T14:35:28.984+0200] {processor.py:186} INFO - Started process (PID=140243) to work on /home/munyah/.local/lib/python3.10/site-packages/airflow/example_dags/example_skip_dag.py
[2025-03-12T14:35:28.985+0200] {processor.py:914} INFO - Processing file /home/munyah/.local/lib/python3.10/site-packages/airflow/example_dags/example_skip_dag.py for tasks to queue
[2025-03-12T14:35:28.989+0200] {logging_mixin.py:190} INFO - [2025-03-12T14:35:28.988+0200] {dagbag.py:588} INFO - Filling up the DagBag from /home/munyah/.local/lib/python3.10/site-packages/airflow/example_dags/example_skip_dag.py
[2025-03-12T14:35:29.001+0200] {processor.py:925} INFO - DAG(s) 'example_skip_dag' retrieved from /home/munyah/.local/lib/python3.10/site-packages/airflow/example_dags/example_skip_dag.py
[2025-03-12T14:35:29.024+0200] {logging_mixin.py:190} INFO - [2025-03-12T14:35:29.023+0200] {dag.py:3239} INFO - Sync 1 DAGs
[2025-03-12T14:35:29.050+0200] {logging_mixin.py:190} INFO - [2025-03-12T14:35:29.050+0200] {dag.py:4180} INFO - Setting next_dagrun for example_skip_dag to 2025-03-11 00:00:00+00:00, run_after=2025-03-12 00:00:00+00:00
[2025-03-12T14:35:29.072+0200] {processor.py:208} INFO - Processing /home/munyah/.local/lib/python3.10/site-packages/airflow/example_dags/example_skip_dag.py took 0.099 seconds
[2025-03-12T14:36:38.582+0200] {processor.py:186} INFO - Started process (PID=140488) to work on /home/munyah/.local/lib/python3.10/site-packages/airflow/example_dags/example_skip_dag.py
[2025-03-12T14:36:38.583+0200] {processor.py:914} INFO - Processing file /home/munyah/.local/lib/python3.10/site-packages/airflow/example_dags/example_skip_dag.py for tasks to queue
[2025-03-12T14:36:38.585+0200] {logging_mixin.py:190} INFO - [2025-03-12T14:36:38.585+0200] {dagbag.py:588} INFO - Filling up the DagBag from /home/munyah/.local/lib/python3.10/site-packages/airflow/example_dags/example_skip_dag.py
[2025-03-12T14:36:38.595+0200] {processor.py:925} INFO - DAG(s) 'example_skip_dag' retrieved from /home/munyah/.local/lib/python3.10/site-packages/airflow/example_dags/example_skip_dag.py
[2025-03-12T14:36:38.614+0200] {logging_mixin.py:190} INFO - [2025-03-12T14:36:38.614+0200] {dag.py:3239} INFO - Sync 1 DAGs
[2025-03-12T14:36:38.636+0200] {logging_mixin.py:190} INFO - [2025-03-12T14:36:38.635+0200] {dag.py:4180} INFO - Setting next_dagrun for example_skip_dag to 2025-03-11 00:00:00+00:00, run_after=2025-03-12 00:00:00+00:00
[2025-03-12T14:36:38.657+0200] {processor.py:208} INFO - Processing /home/munyah/.local/lib/python3.10/site-packages/airflow/example_dags/example_skip_dag.py took 0.083 seconds
[2025-03-12T14:37:41.310+0200] {processor.py:186} INFO - Started process (PID=140627) to work on /home/munyah/.local/lib/python3.10/site-packages/airflow/example_dags/example_skip_dag.py
[2025-03-12T14:37:41.312+0200] {processor.py:914} INFO - Processing file /home/munyah/.local/lib/python3.10/site-packages/airflow/example_dags/example_skip_dag.py for tasks to queue
[2025-03-12T14:37:41.314+0200] {logging_mixin.py:190} INFO - [2025-03-12T14:37:41.314+0200] {dagbag.py:588} INFO - Filling up the DagBag from /home/munyah/.local/lib/python3.10/site-packages/airflow/example_dags/example_skip_dag.py
[2025-03-12T14:37:41.324+0200] {processor.py:925} INFO - DAG(s) 'example_skip_dag' retrieved from /home/munyah/.local/lib/python3.10/site-packages/airflow/example_dags/example_skip_dag.py
[2025-03-12T14:37:41.342+0200] {logging_mixin.py:190} INFO - [2025-03-12T14:37:41.342+0200] {dag.py:3239} INFO - Sync 1 DAGs
[2025-03-12T14:37:41.363+0200] {logging_mixin.py:190} INFO - [2025-03-12T14:37:41.363+0200] {dag.py:4180} INFO - Setting next_dagrun for example_skip_dag to 2025-03-11 00:00:00+00:00, run_after=2025-03-12 00:00:00+00:00
[2025-03-12T14:37:41.383+0200] {processor.py:208} INFO - Processing /home/munyah/.local/lib/python3.10/site-packages/airflow/example_dags/example_skip_dag.py took 0.080 seconds
[2025-03-12T14:38:45.936+0200] {processor.py:186} INFO - Started process (PID=140708) to work on /home/munyah/.local/lib/python3.10/site-packages/airflow/example_dags/example_skip_dag.py
[2025-03-12T14:38:45.938+0200] {processor.py:914} INFO - Processing file /home/munyah/.local/lib/python3.10/site-packages/airflow/example_dags/example_skip_dag.py for tasks to queue
[2025-03-12T14:38:45.942+0200] {logging_mixin.py:190} INFO - [2025-03-12T14:38:45.942+0200] {dagbag.py:588} INFO - Filling up the DagBag from /home/munyah/.local/lib/python3.10/site-packages/airflow/example_dags/example_skip_dag.py
[2025-03-12T14:38:45.955+0200] {processor.py:925} INFO - DAG(s) 'example_skip_dag' retrieved from /home/munyah/.local/lib/python3.10/site-packages/airflow/example_dags/example_skip_dag.py
[2025-03-12T14:38:45.975+0200] {logging_mixin.py:190} INFO - [2025-03-12T14:38:45.975+0200] {dag.py:3239} INFO - Sync 1 DAGs
[2025-03-12T14:38:45.998+0200] {logging_mixin.py:190} INFO - [2025-03-12T14:38:45.997+0200] {dag.py:4180} INFO - Setting next_dagrun for example_skip_dag to 2025-03-11 00:00:00+00:00, run_after=2025-03-12 00:00:00+00:00
[2025-03-12T14:38:46.019+0200] {processor.py:208} INFO - Processing /home/munyah/.local/lib/python3.10/site-packages/airflow/example_dags/example_skip_dag.py took 0.107 seconds
[2025-03-12T14:39:51.766+0200] {processor.py:186} INFO - Started process (PID=140814) to work on /home/munyah/.local/lib/python3.10/site-packages/airflow/example_dags/example_skip_dag.py
[2025-03-12T14:39:51.767+0200] {processor.py:914} INFO - Processing file /home/munyah/.local/lib/python3.10/site-packages/airflow/example_dags/example_skip_dag.py for tasks to queue
[2025-03-12T14:39:51.770+0200] {logging_mixin.py:190} INFO - [2025-03-12T14:39:51.769+0200] {dagbag.py:588} INFO - Filling up the DagBag from /home/munyah/.local/lib/python3.10/site-packages/airflow/example_dags/example_skip_dag.py
[2025-03-12T14:39:51.781+0200] {processor.py:925} INFO - DAG(s) 'example_skip_dag' retrieved from /home/munyah/.local/lib/python3.10/site-packages/airflow/example_dags/example_skip_dag.py
[2025-03-12T14:39:51.801+0200] {logging_mixin.py:190} INFO - [2025-03-12T14:39:51.800+0200] {dag.py:3239} INFO - Sync 1 DAGs
[2025-03-12T14:39:51.822+0200] {logging_mixin.py:190} INFO - [2025-03-12T14:39:51.822+0200] {dag.py:4180} INFO - Setting next_dagrun for example_skip_dag to 2025-03-11 00:00:00+00:00, run_after=2025-03-12 00:00:00+00:00
[2025-03-12T14:39:51.842+0200] {processor.py:208} INFO - Processing /home/munyah/.local/lib/python3.10/site-packages/airflow/example_dags/example_skip_dag.py took 0.083 seconds
[2025-03-12T14:40:54.346+0200] {processor.py:186} INFO - Started process (PID=140947) to work on /home/munyah/.local/lib/python3.10/site-packages/airflow/example_dags/example_skip_dag.py
[2025-03-12T14:40:54.348+0200] {processor.py:914} INFO - Processing file /home/munyah/.local/lib/python3.10/site-packages/airflow/example_dags/example_skip_dag.py for tasks to queue
[2025-03-12T14:40:54.351+0200] {logging_mixin.py:190} INFO - [2025-03-12T14:40:54.350+0200] {dagbag.py:588} INFO - Filling up the DagBag from /home/munyah/.local/lib/python3.10/site-packages/airflow/example_dags/example_skip_dag.py
[2025-03-12T14:40:54.363+0200] {processor.py:925} INFO - DAG(s) 'example_skip_dag' retrieved from /home/munyah/.local/lib/python3.10/site-packages/airflow/example_dags/example_skip_dag.py
[2025-03-12T14:40:54.384+0200] {logging_mixin.py:190} INFO - [2025-03-12T14:40:54.383+0200] {dag.py:3239} INFO - Sync 1 DAGs
[2025-03-12T14:40:54.405+0200] {logging_mixin.py:190} INFO - [2025-03-12T14:40:54.405+0200] {dag.py:4180} INFO - Setting next_dagrun for example_skip_dag to 2025-03-11 00:00:00+00:00, run_after=2025-03-12 00:00:00+00:00
[2025-03-12T14:40:54.427+0200] {processor.py:208} INFO - Processing /home/munyah/.local/lib/python3.10/site-packages/airflow/example_dags/example_skip_dag.py took 0.090 seconds
[2025-03-12T14:41:56.489+0200] {processor.py:186} INFO - Started process (PID=141258) to work on /home/munyah/.local/lib/python3.10/site-packages/airflow/example_dags/example_skip_dag.py
[2025-03-12T14:41:56.491+0200] {processor.py:914} INFO - Processing file /home/munyah/.local/lib/python3.10/site-packages/airflow/example_dags/example_skip_dag.py for tasks to queue
[2025-03-12T14:41:56.495+0200] {logging_mixin.py:190} INFO - [2025-03-12T14:41:56.495+0200] {dagbag.py:588} INFO - Filling up the DagBag from /home/munyah/.local/lib/python3.10/site-packages/airflow/example_dags/example_skip_dag.py
[2025-03-12T14:41:56.508+0200] {processor.py:925} INFO - DAG(s) 'example_skip_dag' retrieved from /home/munyah/.local/lib/python3.10/site-packages/airflow/example_dags/example_skip_dag.py
[2025-03-12T14:41:56.527+0200] {logging_mixin.py:190} INFO - [2025-03-12T14:41:56.527+0200] {dag.py:3239} INFO - Sync 1 DAGs
[2025-03-12T14:41:56.550+0200] {logging_mixin.py:190} INFO - [2025-03-12T14:41:56.549+0200] {dag.py:4180} INFO - Setting next_dagrun for example_skip_dag to 2025-03-11 00:00:00+00:00, run_after=2025-03-12 00:00:00+00:00
[2025-03-12T14:41:56.572+0200] {processor.py:208} INFO - Processing /home/munyah/.local/lib/python3.10/site-packages/airflow/example_dags/example_skip_dag.py took 0.095 seconds
[2025-03-12T14:42:57.790+0200] {processor.py:186} INFO - Started process (PID=141458) to work on /home/munyah/.local/lib/python3.10/site-packages/airflow/example_dags/example_skip_dag.py
[2025-03-12T14:42:57.791+0200] {processor.py:914} INFO - Processing file /home/munyah/.local/lib/python3.10/site-packages/airflow/example_dags/example_skip_dag.py for tasks to queue
[2025-03-12T14:42:57.794+0200] {logging_mixin.py:190} INFO - [2025-03-12T14:42:57.794+0200] {dagbag.py:588} INFO - Filling up the DagBag from /home/munyah/.local/lib/python3.10/site-packages/airflow/example_dags/example_skip_dag.py
[2025-03-12T14:42:57.804+0200] {processor.py:925} INFO - DAG(s) 'example_skip_dag' retrieved from /home/munyah/.local/lib/python3.10/site-packages/airflow/example_dags/example_skip_dag.py
[2025-03-12T14:42:57.823+0200] {logging_mixin.py:190} INFO - [2025-03-12T14:42:57.823+0200] {dag.py:3239} INFO - Sync 1 DAGs
[2025-03-12T14:42:57.846+0200] {logging_mixin.py:190} INFO - [2025-03-12T14:42:57.846+0200] {dag.py:4180} INFO - Setting next_dagrun for example_skip_dag to 2025-03-11 00:00:00+00:00, run_after=2025-03-12 00:00:00+00:00
[2025-03-12T14:42:57.869+0200] {processor.py:208} INFO - Processing /home/munyah/.local/lib/python3.10/site-packages/airflow/example_dags/example_skip_dag.py took 0.089 seconds
[2025-03-12T14:43:56.989+0200] {processor.py:186} INFO - Started process (PID=141624) to work on /home/munyah/.local/lib/python3.10/site-packages/airflow/example_dags/example_skip_dag.py
[2025-03-12T14:43:56.991+0200] {processor.py:914} INFO - Processing file /home/munyah/.local/lib/python3.10/site-packages/airflow/example_dags/example_skip_dag.py for tasks to queue
[2025-03-12T14:43:56.994+0200] {logging_mixin.py:190} INFO - [2025-03-12T14:43:56.993+0200] {dagbag.py:588} INFO - Filling up the DagBag from /home/munyah/.local/lib/python3.10/site-packages/airflow/example_dags/example_skip_dag.py
[2025-03-12T14:43:57.004+0200] {processor.py:925} INFO - DAG(s) 'example_skip_dag' retrieved from /home/munyah/.local/lib/python3.10/site-packages/airflow/example_dags/example_skip_dag.py
[2025-03-12T14:43:57.030+0200] {logging_mixin.py:190} INFO - [2025-03-12T14:43:57.030+0200] {dag.py:3239} INFO - Sync 1 DAGs
[2025-03-12T14:43:57.057+0200] {logging_mixin.py:190} INFO - [2025-03-12T14:43:57.057+0200] {dag.py:4180} INFO - Setting next_dagrun for example_skip_dag to 2025-03-11 00:00:00+00:00, run_after=2025-03-12 00:00:00+00:00
[2025-03-12T14:43:57.080+0200] {processor.py:208} INFO - Processing /home/munyah/.local/lib/python3.10/site-packages/airflow/example_dags/example_skip_dag.py took 0.099 seconds
[2025-03-12T14:44:57.814+0200] {processor.py:186} INFO - Started process (PID=141816) to work on /home/munyah/.local/lib/python3.10/site-packages/airflow/example_dags/example_skip_dag.py
[2025-03-12T14:44:57.816+0200] {processor.py:914} INFO - Processing file /home/munyah/.local/lib/python3.10/site-packages/airflow/example_dags/example_skip_dag.py for tasks to queue
[2025-03-12T14:44:57.818+0200] {logging_mixin.py:190} INFO - [2025-03-12T14:44:57.817+0200] {dagbag.py:588} INFO - Filling up the DagBag from /home/munyah/.local/lib/python3.10/site-packages/airflow/example_dags/example_skip_dag.py
[2025-03-12T14:44:57.829+0200] {processor.py:925} INFO - DAG(s) 'example_skip_dag' retrieved from /home/munyah/.local/lib/python3.10/site-packages/airflow/example_dags/example_skip_dag.py
[2025-03-12T14:44:57.851+0200] {logging_mixin.py:190} INFO - [2025-03-12T14:44:57.850+0200] {dag.py:3239} INFO - Sync 1 DAGs
[2025-03-12T14:44:57.877+0200] {logging_mixin.py:190} INFO - [2025-03-12T14:44:57.876+0200] {dag.py:4180} INFO - Setting next_dagrun for example_skip_dag to 2025-03-11 00:00:00+00:00, run_after=2025-03-12 00:00:00+00:00
[2025-03-12T14:44:57.899+0200] {processor.py:208} INFO - Processing /home/munyah/.local/lib/python3.10/site-packages/airflow/example_dags/example_skip_dag.py took 0.094 seconds
[2025-03-12T14:45:55.382+0200] {processor.py:186} INFO - Started process (PID=142021) to work on /home/munyah/.local/lib/python3.10/site-packages/airflow/example_dags/example_skip_dag.py
[2025-03-12T14:45:55.384+0200] {processor.py:914} INFO - Processing file /home/munyah/.local/lib/python3.10/site-packages/airflow/example_dags/example_skip_dag.py for tasks to queue
[2025-03-12T14:45:55.386+0200] {logging_mixin.py:190} INFO - [2025-03-12T14:45:55.386+0200] {dagbag.py:588} INFO - Filling up the DagBag from /home/munyah/.local/lib/python3.10/site-packages/airflow/example_dags/example_skip_dag.py
[2025-03-12T14:45:55.396+0200] {processor.py:925} INFO - DAG(s) 'example_skip_dag' retrieved from /home/munyah/.local/lib/python3.10/site-packages/airflow/example_dags/example_skip_dag.py
[2025-03-12T14:45:55.416+0200] {logging_mixin.py:190} INFO - [2025-03-12T14:45:55.415+0200] {dag.py:3239} INFO - Sync 1 DAGs
[2025-03-12T14:45:55.437+0200] {logging_mixin.py:190} INFO - [2025-03-12T14:45:55.437+0200] {dag.py:4180} INFO - Setting next_dagrun for example_skip_dag to 2025-03-11 00:00:00+00:00, run_after=2025-03-12 00:00:00+00:00
[2025-03-12T14:45:55.459+0200] {processor.py:208} INFO - Processing /home/munyah/.local/lib/python3.10/site-packages/airflow/example_dags/example_skip_dag.py took 0.084 seconds
[2025-03-12T14:48:38.472+0200] {processor.py:186} INFO - Started process (PID=142400) to work on /home/munyah/.local/lib/python3.10/site-packages/airflow/example_dags/example_skip_dag.py
[2025-03-12T14:48:38.487+0200] {processor.py:914} INFO - Processing file /home/munyah/.local/lib/python3.10/site-packages/airflow/example_dags/example_skip_dag.py for tasks to queue
[2025-03-12T14:48:38.491+0200] {logging_mixin.py:190} INFO - [2025-03-12T14:48:38.490+0200] {dagbag.py:588} INFO - Filling up the DagBag from /home/munyah/.local/lib/python3.10/site-packages/airflow/example_dags/example_skip_dag.py
[2025-03-12T14:48:38.512+0200] {processor.py:925} INFO - DAG(s) 'example_skip_dag' retrieved from /home/munyah/.local/lib/python3.10/site-packages/airflow/example_dags/example_skip_dag.py
[2025-03-12T14:48:38.549+0200] {logging_mixin.py:190} INFO - [2025-03-12T14:48:38.549+0200] {dag.py:3239} INFO - Sync 1 DAGs
[2025-03-12T14:48:38.596+0200] {logging_mixin.py:190} INFO - [2025-03-12T14:48:38.593+0200] {dag.py:4180} INFO - Setting next_dagrun for example_skip_dag to 2025-03-11 00:00:00+00:00, run_after=2025-03-12 00:00:00+00:00
[2025-03-12T14:48:38.697+0200] {processor.py:208} INFO - Processing /home/munyah/.local/lib/python3.10/site-packages/airflow/example_dags/example_skip_dag.py took 0.237 seconds
[2025-03-12T14:49:37.539+0200] {processor.py:186} INFO - Started process (PID=142779) to work on /home/munyah/.local/lib/python3.10/site-packages/airflow/example_dags/example_skip_dag.py
[2025-03-12T14:49:37.586+0200] {processor.py:914} INFO - Processing file /home/munyah/.local/lib/python3.10/site-packages/airflow/example_dags/example_skip_dag.py for tasks to queue
[2025-03-12T14:49:37.589+0200] {logging_mixin.py:190} INFO - [2025-03-12T14:49:37.589+0200] {dagbag.py:588} INFO - Filling up the DagBag from /home/munyah/.local/lib/python3.10/site-packages/airflow/example_dags/example_skip_dag.py
[2025-03-12T14:49:37.716+0200] {processor.py:925} INFO - DAG(s) 'example_skip_dag' retrieved from /home/munyah/.local/lib/python3.10/site-packages/airflow/example_dags/example_skip_dag.py
[2025-03-12T14:49:37.750+0200] {logging_mixin.py:190} INFO - [2025-03-12T14:49:37.750+0200] {dag.py:3239} INFO - Sync 1 DAGs
[2025-03-12T14:49:37.791+0200] {logging_mixin.py:190} INFO - [2025-03-12T14:49:37.791+0200] {dag.py:4180} INFO - Setting next_dagrun for example_skip_dag to 2025-03-11 00:00:00+00:00, run_after=2025-03-12 00:00:00+00:00
[2025-03-12T14:49:38.098+0200] {processor.py:208} INFO - Processing /home/munyah/.local/lib/python3.10/site-packages/airflow/example_dags/example_skip_dag.py took 0.732 seconds
[2025-03-12T14:50:56.058+0200] {processor.py:186} INFO - Started process (PID=142995) to work on /home/munyah/.local/lib/python3.10/site-packages/airflow/example_dags/example_skip_dag.py
[2025-03-12T14:50:56.059+0200] {processor.py:914} INFO - Processing file /home/munyah/.local/lib/python3.10/site-packages/airflow/example_dags/example_skip_dag.py for tasks to queue
[2025-03-12T14:50:56.062+0200] {logging_mixin.py:190} INFO - [2025-03-12T14:50:56.061+0200] {dagbag.py:588} INFO - Filling up the DagBag from /home/munyah/.local/lib/python3.10/site-packages/airflow/example_dags/example_skip_dag.py
[2025-03-12T14:50:56.072+0200] {processor.py:925} INFO - DAG(s) 'example_skip_dag' retrieved from /home/munyah/.local/lib/python3.10/site-packages/airflow/example_dags/example_skip_dag.py
[2025-03-12T14:50:56.092+0200] {logging_mixin.py:190} INFO - [2025-03-12T14:50:56.092+0200] {dag.py:3239} INFO - Sync 1 DAGs
[2025-03-12T14:50:56.117+0200] {logging_mixin.py:190} INFO - [2025-03-12T14:50:56.117+0200] {dag.py:4180} INFO - Setting next_dagrun for example_skip_dag to 2025-03-11 00:00:00+00:00, run_after=2025-03-12 00:00:00+00:00
[2025-03-12T14:50:56.139+0200] {processor.py:208} INFO - Processing /home/munyah/.local/lib/python3.10/site-packages/airflow/example_dags/example_skip_dag.py took 0.088 seconds
[2025-03-12T14:52:03.175+0200] {processor.py:186} INFO - Started process (PID=143232) to work on /home/munyah/.local/lib/python3.10/site-packages/airflow/example_dags/example_skip_dag.py
[2025-03-12T14:52:03.213+0200] {processor.py:914} INFO - Processing file /home/munyah/.local/lib/python3.10/site-packages/airflow/example_dags/example_skip_dag.py for tasks to queue
[2025-03-12T14:52:03.228+0200] {logging_mixin.py:190} INFO - [2025-03-12T14:52:03.225+0200] {dagbag.py:588} INFO - Filling up the DagBag from /home/munyah/.local/lib/python3.10/site-packages/airflow/example_dags/example_skip_dag.py
[2025-03-12T14:52:03.283+0200] {processor.py:925} INFO - DAG(s) 'example_skip_dag' retrieved from /home/munyah/.local/lib/python3.10/site-packages/airflow/example_dags/example_skip_dag.py
[2025-03-12T14:52:03.317+0200] {logging_mixin.py:190} INFO - [2025-03-12T14:52:03.317+0200] {dag.py:3239} INFO - Sync 1 DAGs
[2025-03-12T14:52:03.378+0200] {logging_mixin.py:190} INFO - [2025-03-12T14:52:03.377+0200] {dag.py:4180} INFO - Setting next_dagrun for example_skip_dag to 2025-03-11 00:00:00+00:00, run_after=2025-03-12 00:00:00+00:00
[2025-03-12T14:52:03.631+0200] {processor.py:208} INFO - Processing /home/munyah/.local/lib/python3.10/site-packages/airflow/example_dags/example_skip_dag.py took 0.522 seconds
[2025-03-12T14:53:15.850+0200] {processor.py:186} INFO - Started process (PID=143479) to work on /home/munyah/.local/lib/python3.10/site-packages/airflow/example_dags/example_skip_dag.py
[2025-03-12T14:53:15.854+0200] {processor.py:914} INFO - Processing file /home/munyah/.local/lib/python3.10/site-packages/airflow/example_dags/example_skip_dag.py for tasks to queue
[2025-03-12T14:53:15.874+0200] {logging_mixin.py:190} INFO - [2025-03-12T14:53:15.866+0200] {dagbag.py:588} INFO - Filling up the DagBag from /home/munyah/.local/lib/python3.10/site-packages/airflow/example_dags/example_skip_dag.py
[2025-03-12T14:53:15.895+0200] {processor.py:925} INFO - DAG(s) 'example_skip_dag' retrieved from /home/munyah/.local/lib/python3.10/site-packages/airflow/example_dags/example_skip_dag.py
[2025-03-12T14:53:15.931+0200] {logging_mixin.py:190} INFO - [2025-03-12T14:53:15.931+0200] {dag.py:3239} INFO - Sync 1 DAGs
[2025-03-12T14:53:15.970+0200] {logging_mixin.py:190} INFO - [2025-03-12T14:53:15.969+0200] {dag.py:4180} INFO - Setting next_dagrun for example_skip_dag to 2025-03-11 00:00:00+00:00, run_after=2025-03-12 00:00:00+00:00
[2025-03-12T14:53:16.012+0200] {processor.py:208} INFO - Processing /home/munyah/.local/lib/python3.10/site-packages/airflow/example_dags/example_skip_dag.py took 0.188 seconds
