[2025-03-12T14:17:15.488+0200] {processor.py:186} INFO - Started process (PID=134289) to work on /home/munyah/.local/lib/python3.10/site-packages/airflow/example_dags/example_python_decorator.py
[2025-03-12T14:17:15.489+0200] {processor.py:914} INFO - Processing file /home/munyah/.local/lib/python3.10/site-packages/airflow/example_dags/example_python_decorator.py for tasks to queue
[2025-03-12T14:17:15.491+0200] {logging_mixin.py:190} INFO - [2025-03-12T14:17:15.491+0200] {dagbag.py:588} INFO - Filling up the DagBag from /home/munyah/.local/lib/python3.10/site-packages/airflow/example_dags/example_python_decorator.py
[2025-03-12T14:17:15.501+0200] {logging_mixin.py:190} INFO - [2025-03-12T14:17:15.501+0200] {example_python_decorator.py:80} WARNING - The virtalenv_python example task requires virtualenv, please install it.
[2025-03-12T14:17:15.504+0200] {processor.py:925} INFO - DAG(s) 'example_python_decorator' retrieved from /home/munyah/.local/lib/python3.10/site-packages/airflow/example_dags/example_python_decorator.py
[2025-03-12T14:17:15.523+0200] {logging_mixin.py:190} INFO - [2025-03-12T14:17:15.523+0200] {dag.py:3239} INFO - Sync 1 DAGs
[2025-03-12T14:17:15.537+0200] {logging_mixin.py:190} INFO - [2025-03-12T14:17:15.537+0200] {dag.py:4180} INFO - Setting next_dagrun for example_python_decorator to None, run_after=None
[2025-03-12T14:17:15.560+0200] {processor.py:208} INFO - Processing /home/munyah/.local/lib/python3.10/site-packages/airflow/example_dags/example_python_decorator.py took 0.079 seconds
[2025-03-12T14:18:20.333+0200] {processor.py:186} INFO - Started process (PID=134676) to work on /home/munyah/.local/lib/python3.10/site-packages/airflow/example_dags/example_python_decorator.py
[2025-03-12T14:18:20.334+0200] {processor.py:914} INFO - Processing file /home/munyah/.local/lib/python3.10/site-packages/airflow/example_dags/example_python_decorator.py for tasks to queue
[2025-03-12T14:18:20.337+0200] {logging_mixin.py:190} INFO - [2025-03-12T14:18:20.337+0200] {dagbag.py:588} INFO - Filling up the DagBag from /home/munyah/.local/lib/python3.10/site-packages/airflow/example_dags/example_python_decorator.py
[2025-03-12T14:18:20.348+0200] {logging_mixin.py:190} INFO - [2025-03-12T14:18:20.348+0200] {example_python_decorator.py:80} WARNING - The virtalenv_python example task requires virtualenv, please install it.
[2025-03-12T14:18:20.350+0200] {processor.py:925} INFO - DAG(s) 'example_python_decorator' retrieved from /home/munyah/.local/lib/python3.10/site-packages/airflow/example_dags/example_python_decorator.py
[2025-03-12T14:18:20.381+0200] {logging_mixin.py:190} INFO - [2025-03-12T14:18:20.381+0200] {dag.py:3239} INFO - Sync 1 DAGs
[2025-03-12T14:18:20.405+0200] {logging_mixin.py:190} INFO - [2025-03-12T14:18:20.405+0200] {dag.py:4180} INFO - Setting next_dagrun for example_python_decorator to None, run_after=None
[2025-03-12T14:18:20.454+0200] {processor.py:208} INFO - Processing /home/munyah/.local/lib/python3.10/site-packages/airflow/example_dags/example_python_decorator.py took 0.130 seconds
[2025-03-12T14:19:19.988+0200] {processor.py:186} INFO - Started process (PID=134940) to work on /home/munyah/.local/lib/python3.10/site-packages/airflow/example_dags/example_python_decorator.py
[2025-03-12T14:19:19.990+0200] {processor.py:914} INFO - Processing file /home/munyah/.local/lib/python3.10/site-packages/airflow/example_dags/example_python_decorator.py for tasks to queue
[2025-03-12T14:19:19.994+0200] {logging_mixin.py:190} INFO - [2025-03-12T14:19:19.993+0200] {dagbag.py:588} INFO - Filling up the DagBag from /home/munyah/.local/lib/python3.10/site-packages/airflow/example_dags/example_python_decorator.py
[2025-03-12T14:19:20.008+0200] {logging_mixin.py:190} INFO - [2025-03-12T14:19:20.008+0200] {example_python_decorator.py:80} WARNING - The virtalenv_python example task requires virtualenv, please install it.
[2025-03-12T14:19:20.010+0200] {processor.py:925} INFO - DAG(s) 'example_python_decorator' retrieved from /home/munyah/.local/lib/python3.10/site-packages/airflow/example_dags/example_python_decorator.py
[2025-03-12T14:19:20.030+0200] {logging_mixin.py:190} INFO - [2025-03-12T14:19:20.030+0200] {dag.py:3239} INFO - Sync 1 DAGs
[2025-03-12T14:19:20.043+0200] {logging_mixin.py:190} INFO - [2025-03-12T14:19:20.043+0200] {dag.py:4180} INFO - Setting next_dagrun for example_python_decorator to None, run_after=None
[2025-03-12T14:19:20.064+0200] {processor.py:208} INFO - Processing /home/munyah/.local/lib/python3.10/site-packages/airflow/example_dags/example_python_decorator.py took 0.087 seconds
[2025-03-12T14:20:17.326+0200] {processor.py:186} INFO - Started process (PID=135098) to work on /home/munyah/.local/lib/python3.10/site-packages/airflow/example_dags/example_python_decorator.py
[2025-03-12T14:20:17.327+0200] {processor.py:914} INFO - Processing file /home/munyah/.local/lib/python3.10/site-packages/airflow/example_dags/example_python_decorator.py for tasks to queue
[2025-03-12T14:20:17.329+0200] {logging_mixin.py:190} INFO - [2025-03-12T14:20:17.329+0200] {dagbag.py:588} INFO - Filling up the DagBag from /home/munyah/.local/lib/python3.10/site-packages/airflow/example_dags/example_python_decorator.py
[2025-03-12T14:20:17.341+0200] {logging_mixin.py:190} INFO - [2025-03-12T14:20:17.341+0200] {example_python_decorator.py:80} WARNING - The virtalenv_python example task requires virtualenv, please install it.
[2025-03-12T14:20:17.343+0200] {processor.py:925} INFO - DAG(s) 'example_python_decorator' retrieved from /home/munyah/.local/lib/python3.10/site-packages/airflow/example_dags/example_python_decorator.py
[2025-03-12T14:20:17.363+0200] {logging_mixin.py:190} INFO - [2025-03-12T14:20:17.362+0200] {dag.py:3239} INFO - Sync 1 DAGs
[2025-03-12T14:20:17.377+0200] {logging_mixin.py:190} INFO - [2025-03-12T14:20:17.376+0200] {dag.py:4180} INFO - Setting next_dagrun for example_python_decorator to None, run_after=None
[2025-03-12T14:20:17.398+0200] {processor.py:208} INFO - Processing /home/munyah/.local/lib/python3.10/site-packages/airflow/example_dags/example_python_decorator.py took 0.082 seconds
[2025-03-12T14:21:13.381+0200] {processor.py:186} INFO - Started process (PID=135289) to work on /home/munyah/.local/lib/python3.10/site-packages/airflow/example_dags/example_python_decorator.py
[2025-03-12T14:21:13.382+0200] {processor.py:914} INFO - Processing file /home/munyah/.local/lib/python3.10/site-packages/airflow/example_dags/example_python_decorator.py for tasks to queue
[2025-03-12T14:21:13.384+0200] {logging_mixin.py:190} INFO - [2025-03-12T14:21:13.384+0200] {dagbag.py:588} INFO - Filling up the DagBag from /home/munyah/.local/lib/python3.10/site-packages/airflow/example_dags/example_python_decorator.py
[2025-03-12T14:21:13.395+0200] {logging_mixin.py:190} INFO - [2025-03-12T14:21:13.395+0200] {example_python_decorator.py:80} WARNING - The virtalenv_python example task requires virtualenv, please install it.
[2025-03-12T14:21:13.398+0200] {processor.py:925} INFO - DAG(s) 'example_python_decorator' retrieved from /home/munyah/.local/lib/python3.10/site-packages/airflow/example_dags/example_python_decorator.py
[2025-03-12T14:21:13.417+0200] {logging_mixin.py:190} INFO - [2025-03-12T14:21:13.417+0200] {dag.py:3239} INFO - Sync 1 DAGs
[2025-03-12T14:21:13.431+0200] {logging_mixin.py:190} INFO - [2025-03-12T14:21:13.431+0200] {dag.py:4180} INFO - Setting next_dagrun for example_python_decorator to None, run_after=None
[2025-03-12T14:21:13.453+0200] {processor.py:208} INFO - Processing /home/munyah/.local/lib/python3.10/site-packages/airflow/example_dags/example_python_decorator.py took 0.080 seconds
[2025-03-12T14:22:09.769+0200] {processor.py:186} INFO - Started process (PID=135499) to work on /home/munyah/.local/lib/python3.10/site-packages/airflow/example_dags/example_python_decorator.py
[2025-03-12T14:22:09.770+0200] {processor.py:914} INFO - Processing file /home/munyah/.local/lib/python3.10/site-packages/airflow/example_dags/example_python_decorator.py for tasks to queue
[2025-03-12T14:22:09.773+0200] {logging_mixin.py:190} INFO - [2025-03-12T14:22:09.772+0200] {dagbag.py:588} INFO - Filling up the DagBag from /home/munyah/.local/lib/python3.10/site-packages/airflow/example_dags/example_python_decorator.py
[2025-03-12T14:22:09.789+0200] {logging_mixin.py:190} INFO - [2025-03-12T14:22:09.789+0200] {example_python_decorator.py:80} WARNING - The virtalenv_python example task requires virtualenv, please install it.
[2025-03-12T14:22:09.793+0200] {processor.py:925} INFO - DAG(s) 'example_python_decorator' retrieved from /home/munyah/.local/lib/python3.10/site-packages/airflow/example_dags/example_python_decorator.py
[2025-03-12T14:22:09.821+0200] {logging_mixin.py:190} INFO - [2025-03-12T14:22:09.821+0200] {dag.py:3239} INFO - Sync 1 DAGs
[2025-03-12T14:22:09.839+0200] {logging_mixin.py:190} INFO - [2025-03-12T14:22:09.838+0200] {dag.py:4180} INFO - Setting next_dagrun for example_python_decorator to None, run_after=None
[2025-03-12T14:22:09.865+0200] {processor.py:208} INFO - Processing /home/munyah/.local/lib/python3.10/site-packages/airflow/example_dags/example_python_decorator.py took 0.105 seconds
[2025-03-12T14:23:13.659+0200] {processor.py:186} INFO - Started process (PID=136420) to work on /home/munyah/.local/lib/python3.10/site-packages/airflow/example_dags/example_python_decorator.py
[2025-03-12T14:23:13.661+0200] {processor.py:914} INFO - Processing file /home/munyah/.local/lib/python3.10/site-packages/airflow/example_dags/example_python_decorator.py for tasks to queue
[2025-03-12T14:23:13.665+0200] {logging_mixin.py:190} INFO - [2025-03-12T14:23:13.664+0200] {dagbag.py:588} INFO - Filling up the DagBag from /home/munyah/.local/lib/python3.10/site-packages/airflow/example_dags/example_python_decorator.py
[2025-03-12T14:23:13.682+0200] {logging_mixin.py:190} INFO - [2025-03-12T14:23:13.681+0200] {example_python_decorator.py:80} WARNING - The virtalenv_python example task requires virtualenv, please install it.
[2025-03-12T14:23:13.684+0200] {processor.py:925} INFO - DAG(s) 'example_python_decorator' retrieved from /home/munyah/.local/lib/python3.10/site-packages/airflow/example_dags/example_python_decorator.py
[2025-03-12T14:23:13.706+0200] {logging_mixin.py:190} INFO - [2025-03-12T14:23:13.706+0200] {dag.py:3239} INFO - Sync 1 DAGs
[2025-03-12T14:23:13.720+0200] {logging_mixin.py:190} INFO - [2025-03-12T14:23:13.720+0200] {dag.py:4180} INFO - Setting next_dagrun for example_python_decorator to None, run_after=None
[2025-03-12T14:23:13.743+0200] {processor.py:208} INFO - Processing /home/munyah/.local/lib/python3.10/site-packages/airflow/example_dags/example_python_decorator.py took 0.099 seconds
[2025-03-12T14:24:24.990+0200] {processor.py:186} INFO - Started process (PID=136669) to work on /home/munyah/.local/lib/python3.10/site-packages/airflow/example_dags/example_python_decorator.py
[2025-03-12T14:24:24.991+0200] {processor.py:914} INFO - Processing file /home/munyah/.local/lib/python3.10/site-packages/airflow/example_dags/example_python_decorator.py for tasks to queue
[2025-03-12T14:24:24.994+0200] {logging_mixin.py:190} INFO - [2025-03-12T14:24:24.994+0200] {dagbag.py:588} INFO - Filling up the DagBag from /home/munyah/.local/lib/python3.10/site-packages/airflow/example_dags/example_python_decorator.py
[2025-03-12T14:24:25.007+0200] {logging_mixin.py:190} INFO - [2025-03-12T14:24:25.007+0200] {example_python_decorator.py:80} WARNING - The virtalenv_python example task requires virtualenv, please install it.
[2025-03-12T14:24:25.010+0200] {processor.py:925} INFO - DAG(s) 'example_python_decorator' retrieved from /home/munyah/.local/lib/python3.10/site-packages/airflow/example_dags/example_python_decorator.py
[2025-03-12T14:24:25.031+0200] {logging_mixin.py:190} INFO - [2025-03-12T14:24:25.030+0200] {dag.py:3239} INFO - Sync 1 DAGs
[2025-03-12T14:24:25.050+0200] {logging_mixin.py:190} INFO - [2025-03-12T14:24:25.050+0200] {dag.py:4180} INFO - Setting next_dagrun for example_python_decorator to None, run_after=None
[2025-03-12T14:24:25.080+0200] {processor.py:208} INFO - Processing /home/munyah/.local/lib/python3.10/site-packages/airflow/example_dags/example_python_decorator.py took 0.100 seconds
[2025-03-12T14:25:22.269+0200] {processor.py:186} INFO - Started process (PID=136874) to work on /home/munyah/.local/lib/python3.10/site-packages/airflow/example_dags/example_python_decorator.py
[2025-03-12T14:25:22.270+0200] {processor.py:914} INFO - Processing file /home/munyah/.local/lib/python3.10/site-packages/airflow/example_dags/example_python_decorator.py for tasks to queue
[2025-03-12T14:25:22.272+0200] {logging_mixin.py:190} INFO - [2025-03-12T14:25:22.272+0200] {dagbag.py:588} INFO - Filling up the DagBag from /home/munyah/.local/lib/python3.10/site-packages/airflow/example_dags/example_python_decorator.py
[2025-03-12T14:25:22.285+0200] {logging_mixin.py:190} INFO - [2025-03-12T14:25:22.284+0200] {example_python_decorator.py:80} WARNING - The virtalenv_python example task requires virtualenv, please install it.
[2025-03-12T14:25:22.287+0200] {processor.py:925} INFO - DAG(s) 'example_python_decorator' retrieved from /home/munyah/.local/lib/python3.10/site-packages/airflow/example_dags/example_python_decorator.py
[2025-03-12T14:25:22.308+0200] {logging_mixin.py:190} INFO - [2025-03-12T14:25:22.308+0200] {dag.py:3239} INFO - Sync 1 DAGs
[2025-03-12T14:25:22.322+0200] {logging_mixin.py:190} INFO - [2025-03-12T14:25:22.322+0200] {dag.py:4180} INFO - Setting next_dagrun for example_python_decorator to None, run_after=None
[2025-03-12T14:25:22.344+0200] {processor.py:208} INFO - Processing /home/munyah/.local/lib/python3.10/site-packages/airflow/example_dags/example_python_decorator.py took 0.083 seconds
[2025-03-12T14:26:21.003+0200] {processor.py:186} INFO - Started process (PID=137087) to work on /home/munyah/.local/lib/python3.10/site-packages/airflow/example_dags/example_python_decorator.py
[2025-03-12T14:26:21.005+0200] {processor.py:914} INFO - Processing file /home/munyah/.local/lib/python3.10/site-packages/airflow/example_dags/example_python_decorator.py for tasks to queue
[2025-03-12T14:26:21.008+0200] {logging_mixin.py:190} INFO - [2025-03-12T14:26:21.007+0200] {dagbag.py:588} INFO - Filling up the DagBag from /home/munyah/.local/lib/python3.10/site-packages/airflow/example_dags/example_python_decorator.py
[2025-03-12T14:26:21.020+0200] {logging_mixin.py:190} INFO - [2025-03-12T14:26:21.020+0200] {example_python_decorator.py:80} WARNING - The virtalenv_python example task requires virtualenv, please install it.
[2025-03-12T14:26:21.023+0200] {processor.py:925} INFO - DAG(s) 'example_python_decorator' retrieved from /home/munyah/.local/lib/python3.10/site-packages/airflow/example_dags/example_python_decorator.py
[2025-03-12T14:26:21.043+0200] {logging_mixin.py:190} INFO - [2025-03-12T14:26:21.042+0200] {dag.py:3239} INFO - Sync 1 DAGs
[2025-03-12T14:26:21.058+0200] {logging_mixin.py:190} INFO - [2025-03-12T14:26:21.058+0200] {dag.py:4180} INFO - Setting next_dagrun for example_python_decorator to None, run_after=None
[2025-03-12T14:26:21.086+0200] {processor.py:208} INFO - Processing /home/munyah/.local/lib/python3.10/site-packages/airflow/example_dags/example_python_decorator.py took 0.091 seconds
[2025-03-12T14:27:22.993+0200] {processor.py:186} INFO - Started process (PID=137303) to work on /home/munyah/.local/lib/python3.10/site-packages/airflow/example_dags/example_python_decorator.py
[2025-03-12T14:27:22.995+0200] {processor.py:914} INFO - Processing file /home/munyah/.local/lib/python3.10/site-packages/airflow/example_dags/example_python_decorator.py for tasks to queue
[2025-03-12T14:27:23.000+0200] {logging_mixin.py:190} INFO - [2025-03-12T14:27:22.999+0200] {dagbag.py:588} INFO - Filling up the DagBag from /home/munyah/.local/lib/python3.10/site-packages/airflow/example_dags/example_python_decorator.py
[2025-03-12T14:27:23.022+0200] {logging_mixin.py:190} INFO - [2025-03-12T14:27:23.022+0200] {example_python_decorator.py:80} WARNING - The virtalenv_python example task requires virtualenv, please install it.
[2025-03-12T14:27:23.025+0200] {processor.py:925} INFO - DAG(s) 'example_python_decorator' retrieved from /home/munyah/.local/lib/python3.10/site-packages/airflow/example_dags/example_python_decorator.py
[2025-03-12T14:27:23.045+0200] {logging_mixin.py:190} INFO - [2025-03-12T14:27:23.045+0200] {dag.py:3239} INFO - Sync 1 DAGs
[2025-03-12T14:27:23.060+0200] {logging_mixin.py:190} INFO - [2025-03-12T14:27:23.060+0200] {dag.py:4180} INFO - Setting next_dagrun for example_python_decorator to None, run_after=None
[2025-03-12T14:27:23.084+0200] {processor.py:208} INFO - Processing /home/munyah/.local/lib/python3.10/site-packages/airflow/example_dags/example_python_decorator.py took 0.115 seconds
[2025-03-12T14:28:25.780+0200] {processor.py:186} INFO - Started process (PID=137476) to work on /home/munyah/.local/lib/python3.10/site-packages/airflow/example_dags/example_python_decorator.py
[2025-03-12T14:28:25.781+0200] {processor.py:914} INFO - Processing file /home/munyah/.local/lib/python3.10/site-packages/airflow/example_dags/example_python_decorator.py for tasks to queue
[2025-03-12T14:28:25.784+0200] {logging_mixin.py:190} INFO - [2025-03-12T14:28:25.783+0200] {dagbag.py:588} INFO - Filling up the DagBag from /home/munyah/.local/lib/python3.10/site-packages/airflow/example_dags/example_python_decorator.py
[2025-03-12T14:28:25.796+0200] {logging_mixin.py:190} INFO - [2025-03-12T14:28:25.796+0200] {example_python_decorator.py:80} WARNING - The virtalenv_python example task requires virtualenv, please install it.
[2025-03-12T14:28:25.798+0200] {processor.py:925} INFO - DAG(s) 'example_python_decorator' retrieved from /home/munyah/.local/lib/python3.10/site-packages/airflow/example_dags/example_python_decorator.py
[2025-03-12T14:28:25.818+0200] {logging_mixin.py:190} INFO - [2025-03-12T14:28:25.818+0200] {dag.py:3239} INFO - Sync 1 DAGs
[2025-03-12T14:28:25.833+0200] {logging_mixin.py:190} INFO - [2025-03-12T14:28:25.833+0200] {dag.py:4180} INFO - Setting next_dagrun for example_python_decorator to None, run_after=None
[2025-03-12T14:28:25.858+0200] {processor.py:208} INFO - Processing /home/munyah/.local/lib/python3.10/site-packages/airflow/example_dags/example_python_decorator.py took 0.090 seconds
[2025-03-12T14:29:23.206+0200] {processor.py:186} INFO - Started process (PID=138187) to work on /home/munyah/.local/lib/python3.10/site-packages/airflow/example_dags/example_python_decorator.py
[2025-03-12T14:29:23.207+0200] {processor.py:914} INFO - Processing file /home/munyah/.local/lib/python3.10/site-packages/airflow/example_dags/example_python_decorator.py for tasks to queue
[2025-03-12T14:29:23.211+0200] {logging_mixin.py:190} INFO - [2025-03-12T14:29:23.210+0200] {dagbag.py:588} INFO - Filling up the DagBag from /home/munyah/.local/lib/python3.10/site-packages/airflow/example_dags/example_python_decorator.py
[2025-03-12T14:29:23.233+0200] {logging_mixin.py:190} INFO - [2025-03-12T14:29:23.233+0200] {example_python_decorator.py:80} WARNING - The virtalenv_python example task requires virtualenv, please install it.
[2025-03-12T14:29:23.238+0200] {processor.py:925} INFO - DAG(s) 'example_python_decorator' retrieved from /home/munyah/.local/lib/python3.10/site-packages/airflow/example_dags/example_python_decorator.py
[2025-03-12T14:29:23.277+0200] {logging_mixin.py:190} INFO - [2025-03-12T14:29:23.277+0200] {dag.py:3239} INFO - Sync 1 DAGs
[2025-03-12T14:29:23.293+0200] {logging_mixin.py:190} INFO - [2025-03-12T14:29:23.293+0200] {dag.py:4180} INFO - Setting next_dagrun for example_python_decorator to None, run_after=None
[2025-03-12T14:29:23.330+0200] {processor.py:208} INFO - Processing /home/munyah/.local/lib/python3.10/site-packages/airflow/example_dags/example_python_decorator.py took 0.137 seconds
[2025-03-12T14:30:22.774+0200] {processor.py:186} INFO - Started process (PID=138686) to work on /home/munyah/.local/lib/python3.10/site-packages/airflow/example_dags/example_python_decorator.py
[2025-03-12T14:30:22.775+0200] {processor.py:914} INFO - Processing file /home/munyah/.local/lib/python3.10/site-packages/airflow/example_dags/example_python_decorator.py for tasks to queue
[2025-03-12T14:30:22.778+0200] {logging_mixin.py:190} INFO - [2025-03-12T14:30:22.777+0200] {dagbag.py:588} INFO - Filling up the DagBag from /home/munyah/.local/lib/python3.10/site-packages/airflow/example_dags/example_python_decorator.py
[2025-03-12T14:30:22.789+0200] {logging_mixin.py:190} INFO - [2025-03-12T14:30:22.788+0200] {example_python_decorator.py:80} WARNING - The virtalenv_python example task requires virtualenv, please install it.
[2025-03-12T14:30:22.791+0200] {processor.py:925} INFO - DAG(s) 'example_python_decorator' retrieved from /home/munyah/.local/lib/python3.10/site-packages/airflow/example_dags/example_python_decorator.py
[2025-03-12T14:30:22.811+0200] {logging_mixin.py:190} INFO - [2025-03-12T14:30:22.811+0200] {dag.py:3239} INFO - Sync 1 DAGs
[2025-03-12T14:30:22.826+0200] {logging_mixin.py:190} INFO - [2025-03-12T14:30:22.826+0200] {dag.py:4180} INFO - Setting next_dagrun for example_python_decorator to None, run_after=None
[2025-03-12T14:30:22.849+0200] {processor.py:208} INFO - Processing /home/munyah/.local/lib/python3.10/site-packages/airflow/example_dags/example_python_decorator.py took 0.082 seconds
[2025-03-12T14:31:26.606+0200] {processor.py:186} INFO - Started process (PID=138940) to work on /home/munyah/.local/lib/python3.10/site-packages/airflow/example_dags/example_python_decorator.py
[2025-03-12T14:31:26.607+0200] {processor.py:914} INFO - Processing file /home/munyah/.local/lib/python3.10/site-packages/airflow/example_dags/example_python_decorator.py for tasks to queue
[2025-03-12T14:31:26.609+0200] {logging_mixin.py:190} INFO - [2025-03-12T14:31:26.609+0200] {dagbag.py:588} INFO - Filling up the DagBag from /home/munyah/.local/lib/python3.10/site-packages/airflow/example_dags/example_python_decorator.py
[2025-03-12T14:31:26.621+0200] {logging_mixin.py:190} INFO - [2025-03-12T14:31:26.620+0200] {example_python_decorator.py:80} WARNING - The virtalenv_python example task requires virtualenv, please install it.
[2025-03-12T14:31:26.624+0200] {processor.py:925} INFO - DAG(s) 'example_python_decorator' retrieved from /home/munyah/.local/lib/python3.10/site-packages/airflow/example_dags/example_python_decorator.py
[2025-03-12T14:31:26.644+0200] {logging_mixin.py:190} INFO - [2025-03-12T14:31:26.643+0200] {dag.py:3239} INFO - Sync 1 DAGs
[2025-03-12T14:31:26.658+0200] {logging_mixin.py:190} INFO - [2025-03-12T14:31:26.658+0200] {dag.py:4180} INFO - Setting next_dagrun for example_python_decorator to None, run_after=None
[2025-03-12T14:31:26.682+0200] {processor.py:208} INFO - Processing /home/munyah/.local/lib/python3.10/site-packages/airflow/example_dags/example_python_decorator.py took 0.084 seconds
[2025-03-12T14:32:30.873+0200] {processor.py:186} INFO - Started process (PID=139374) to work on /home/munyah/.local/lib/python3.10/site-packages/airflow/example_dags/example_python_decorator.py
[2025-03-12T14:32:30.874+0200] {processor.py:914} INFO - Processing file /home/munyah/.local/lib/python3.10/site-packages/airflow/example_dags/example_python_decorator.py for tasks to queue
[2025-03-12T14:32:30.877+0200] {logging_mixin.py:190} INFO - [2025-03-12T14:32:30.876+0200] {dagbag.py:588} INFO - Filling up the DagBag from /home/munyah/.local/lib/python3.10/site-packages/airflow/example_dags/example_python_decorator.py
[2025-03-12T14:32:30.888+0200] {logging_mixin.py:190} INFO - [2025-03-12T14:32:30.888+0200] {example_python_decorator.py:80} WARNING - The virtalenv_python example task requires virtualenv, please install it.
[2025-03-12T14:32:30.891+0200] {processor.py:925} INFO - DAG(s) 'example_python_decorator' retrieved from /home/munyah/.local/lib/python3.10/site-packages/airflow/example_dags/example_python_decorator.py
[2025-03-12T14:32:30.917+0200] {logging_mixin.py:190} INFO - [2025-03-12T14:32:30.916+0200] {dag.py:3239} INFO - Sync 1 DAGs
[2025-03-12T14:32:30.934+0200] {logging_mixin.py:190} INFO - [2025-03-12T14:32:30.933+0200] {dag.py:4180} INFO - Setting next_dagrun for example_python_decorator to None, run_after=None
[2025-03-12T14:32:30.962+0200] {processor.py:208} INFO - Processing /home/munyah/.local/lib/python3.10/site-packages/airflow/example_dags/example_python_decorator.py took 0.096 seconds
[2025-03-12T14:33:33.201+0200] {processor.py:186} INFO - Started process (PID=139881) to work on /home/munyah/.local/lib/python3.10/site-packages/airflow/example_dags/example_python_decorator.py
[2025-03-12T14:33:33.202+0200] {processor.py:914} INFO - Processing file /home/munyah/.local/lib/python3.10/site-packages/airflow/example_dags/example_python_decorator.py for tasks to queue
[2025-03-12T14:33:33.205+0200] {logging_mixin.py:190} INFO - [2025-03-12T14:33:33.204+0200] {dagbag.py:588} INFO - Filling up the DagBag from /home/munyah/.local/lib/python3.10/site-packages/airflow/example_dags/example_python_decorator.py
[2025-03-12T14:33:33.219+0200] {logging_mixin.py:190} INFO - [2025-03-12T14:33:33.218+0200] {example_python_decorator.py:80} WARNING - The virtalenv_python example task requires virtualenv, please install it.
[2025-03-12T14:33:33.221+0200] {processor.py:925} INFO - DAG(s) 'example_python_decorator' retrieved from /home/munyah/.local/lib/python3.10/site-packages/airflow/example_dags/example_python_decorator.py
[2025-03-12T14:33:33.241+0200] {logging_mixin.py:190} INFO - [2025-03-12T14:33:33.241+0200] {dag.py:3239} INFO - Sync 1 DAGs
[2025-03-12T14:33:33.256+0200] {logging_mixin.py:190} INFO - [2025-03-12T14:33:33.256+0200] {dag.py:4180} INFO - Setting next_dagrun for example_python_decorator to None, run_after=None
[2025-03-12T14:33:33.280+0200] {processor.py:208} INFO - Processing /home/munyah/.local/lib/python3.10/site-packages/airflow/example_dags/example_python_decorator.py took 0.086 seconds
[2025-03-12T14:34:37.952+0200] {processor.py:186} INFO - Started process (PID=140105) to work on /home/munyah/.local/lib/python3.10/site-packages/airflow/example_dags/example_python_decorator.py
[2025-03-12T14:34:37.953+0200] {processor.py:914} INFO - Processing file /home/munyah/.local/lib/python3.10/site-packages/airflow/example_dags/example_python_decorator.py for tasks to queue
[2025-03-12T14:34:37.956+0200] {logging_mixin.py:190} INFO - [2025-03-12T14:34:37.955+0200] {dagbag.py:588} INFO - Filling up the DagBag from /home/munyah/.local/lib/python3.10/site-packages/airflow/example_dags/example_python_decorator.py
[2025-03-12T14:34:37.970+0200] {logging_mixin.py:190} INFO - [2025-03-12T14:34:37.969+0200] {example_python_decorator.py:80} WARNING - The virtalenv_python example task requires virtualenv, please install it.
[2025-03-12T14:34:37.972+0200] {processor.py:925} INFO - DAG(s) 'example_python_decorator' retrieved from /home/munyah/.local/lib/python3.10/site-packages/airflow/example_dags/example_python_decorator.py
[2025-03-12T14:34:37.992+0200] {logging_mixin.py:190} INFO - [2025-03-12T14:34:37.991+0200] {dag.py:3239} INFO - Sync 1 DAGs
[2025-03-12T14:34:38.007+0200] {logging_mixin.py:190} INFO - [2025-03-12T14:34:38.007+0200] {dag.py:4180} INFO - Setting next_dagrun for example_python_decorator to None, run_after=None
[2025-03-12T14:34:38.029+0200] {processor.py:208} INFO - Processing /home/munyah/.local/lib/python3.10/site-packages/airflow/example_dags/example_python_decorator.py took 0.085 seconds
[2025-03-12T14:35:40.389+0200] {processor.py:186} INFO - Started process (PID=140301) to work on /home/munyah/.local/lib/python3.10/site-packages/airflow/example_dags/example_python_decorator.py
[2025-03-12T14:35:40.390+0200] {processor.py:914} INFO - Processing file /home/munyah/.local/lib/python3.10/site-packages/airflow/example_dags/example_python_decorator.py for tasks to queue
[2025-03-12T14:35:40.392+0200] {logging_mixin.py:190} INFO - [2025-03-12T14:35:40.392+0200] {dagbag.py:588} INFO - Filling up the DagBag from /home/munyah/.local/lib/python3.10/site-packages/airflow/example_dags/example_python_decorator.py
[2025-03-12T14:35:40.403+0200] {logging_mixin.py:190} INFO - [2025-03-12T14:35:40.403+0200] {example_python_decorator.py:80} WARNING - The virtalenv_python example task requires virtualenv, please install it.
[2025-03-12T14:35:40.406+0200] {processor.py:925} INFO - DAG(s) 'example_python_decorator' retrieved from /home/munyah/.local/lib/python3.10/site-packages/airflow/example_dags/example_python_decorator.py
[2025-03-12T14:35:40.425+0200] {logging_mixin.py:190} INFO - [2025-03-12T14:35:40.425+0200] {dag.py:3239} INFO - Sync 1 DAGs
[2025-03-12T14:35:40.440+0200] {logging_mixin.py:190} INFO - [2025-03-12T14:35:40.440+0200] {dag.py:4180} INFO - Setting next_dagrun for example_python_decorator to None, run_after=None
[2025-03-12T14:35:40.462+0200] {processor.py:208} INFO - Processing /home/munyah/.local/lib/python3.10/site-packages/airflow/example_dags/example_python_decorator.py took 0.081 seconds
[2025-03-12T14:36:49.189+0200] {processor.py:186} INFO - Started process (PID=140505) to work on /home/munyah/.local/lib/python3.10/site-packages/airflow/example_dags/example_python_decorator.py
[2025-03-12T14:36:49.191+0200] {processor.py:914} INFO - Processing file /home/munyah/.local/lib/python3.10/site-packages/airflow/example_dags/example_python_decorator.py for tasks to queue
[2025-03-12T14:36:49.195+0200] {logging_mixin.py:190} INFO - [2025-03-12T14:36:49.194+0200] {dagbag.py:588} INFO - Filling up the DagBag from /home/munyah/.local/lib/python3.10/site-packages/airflow/example_dags/example_python_decorator.py
[2025-03-12T14:36:49.212+0200] {logging_mixin.py:190} INFO - [2025-03-12T14:36:49.211+0200] {example_python_decorator.py:80} WARNING - The virtalenv_python example task requires virtualenv, please install it.
[2025-03-12T14:36:49.215+0200] {processor.py:925} INFO - DAG(s) 'example_python_decorator' retrieved from /home/munyah/.local/lib/python3.10/site-packages/airflow/example_dags/example_python_decorator.py
[2025-03-12T14:36:49.234+0200] {logging_mixin.py:190} INFO - [2025-03-12T14:36:49.234+0200] {dag.py:3239} INFO - Sync 1 DAGs
[2025-03-12T14:36:49.248+0200] {logging_mixin.py:190} INFO - [2025-03-12T14:36:49.248+0200] {dag.py:4180} INFO - Setting next_dagrun for example_python_decorator to None, run_after=None
[2025-03-12T14:36:49.269+0200] {processor.py:208} INFO - Processing /home/munyah/.local/lib/python3.10/site-packages/airflow/example_dags/example_python_decorator.py took 0.091 seconds
[2025-03-12T14:37:51.439+0200] {processor.py:186} INFO - Started process (PID=140640) to work on /home/munyah/.local/lib/python3.10/site-packages/airflow/example_dags/example_python_decorator.py
[2025-03-12T14:37:51.440+0200] {processor.py:914} INFO - Processing file /home/munyah/.local/lib/python3.10/site-packages/airflow/example_dags/example_python_decorator.py for tasks to queue
[2025-03-12T14:37:51.443+0200] {logging_mixin.py:190} INFO - [2025-03-12T14:37:51.443+0200] {dagbag.py:588} INFO - Filling up the DagBag from /home/munyah/.local/lib/python3.10/site-packages/airflow/example_dags/example_python_decorator.py
[2025-03-12T14:37:51.455+0200] {logging_mixin.py:190} INFO - [2025-03-12T14:37:51.455+0200] {example_python_decorator.py:80} WARNING - The virtalenv_python example task requires virtualenv, please install it.
[2025-03-12T14:37:51.457+0200] {processor.py:925} INFO - DAG(s) 'example_python_decorator' retrieved from /home/munyah/.local/lib/python3.10/site-packages/airflow/example_dags/example_python_decorator.py
[2025-03-12T14:37:51.476+0200] {logging_mixin.py:190} INFO - [2025-03-12T14:37:51.476+0200] {dag.py:3239} INFO - Sync 1 DAGs
[2025-03-12T14:37:51.490+0200] {logging_mixin.py:190} INFO - [2025-03-12T14:37:51.490+0200] {dag.py:4180} INFO - Setting next_dagrun for example_python_decorator to None, run_after=None
[2025-03-12T14:37:51.511+0200] {processor.py:208} INFO - Processing /home/munyah/.local/lib/python3.10/site-packages/airflow/example_dags/example_python_decorator.py took 0.081 seconds
[2025-03-12T14:38:56.139+0200] {processor.py:186} INFO - Started process (PID=140719) to work on /home/munyah/.local/lib/python3.10/site-packages/airflow/example_dags/example_python_decorator.py
[2025-03-12T14:38:56.142+0200] {processor.py:914} INFO - Processing file /home/munyah/.local/lib/python3.10/site-packages/airflow/example_dags/example_python_decorator.py for tasks to queue
[2025-03-12T14:38:56.147+0200] {logging_mixin.py:190} INFO - [2025-03-12T14:38:56.146+0200] {dagbag.py:588} INFO - Filling up the DagBag from /home/munyah/.local/lib/python3.10/site-packages/airflow/example_dags/example_python_decorator.py
[2025-03-12T14:38:56.164+0200] {logging_mixin.py:190} INFO - [2025-03-12T14:38:56.164+0200] {example_python_decorator.py:80} WARNING - The virtalenv_python example task requires virtualenv, please install it.
[2025-03-12T14:38:56.168+0200] {processor.py:925} INFO - DAG(s) 'example_python_decorator' retrieved from /home/munyah/.local/lib/python3.10/site-packages/airflow/example_dags/example_python_decorator.py
[2025-03-12T14:38:56.187+0200] {logging_mixin.py:190} INFO - [2025-03-12T14:38:56.187+0200] {dag.py:3239} INFO - Sync 1 DAGs
[2025-03-12T14:38:56.200+0200] {logging_mixin.py:190} INFO - [2025-03-12T14:38:56.200+0200] {dag.py:4180} INFO - Setting next_dagrun for example_python_decorator to None, run_after=None
[2025-03-12T14:38:56.232+0200] {processor.py:208} INFO - Processing /home/munyah/.local/lib/python3.10/site-packages/airflow/example_dags/example_python_decorator.py took 0.107 seconds
[2025-03-12T14:40:03.167+0200] {processor.py:186} INFO - Started process (PID=140827) to work on /home/munyah/.local/lib/python3.10/site-packages/airflow/example_dags/example_python_decorator.py
[2025-03-12T14:40:03.169+0200] {processor.py:914} INFO - Processing file /home/munyah/.local/lib/python3.10/site-packages/airflow/example_dags/example_python_decorator.py for tasks to queue
[2025-03-12T14:40:03.173+0200] {logging_mixin.py:190} INFO - [2025-03-12T14:40:03.173+0200] {dagbag.py:588} INFO - Filling up the DagBag from /home/munyah/.local/lib/python3.10/site-packages/airflow/example_dags/example_python_decorator.py
[2025-03-12T14:40:03.190+0200] {logging_mixin.py:190} INFO - [2025-03-12T14:40:03.190+0200] {example_python_decorator.py:80} WARNING - The virtalenv_python example task requires virtualenv, please install it.
[2025-03-12T14:40:03.193+0200] {processor.py:925} INFO - DAG(s) 'example_python_decorator' retrieved from /home/munyah/.local/lib/python3.10/site-packages/airflow/example_dags/example_python_decorator.py
[2025-03-12T14:40:03.212+0200] {logging_mixin.py:190} INFO - [2025-03-12T14:40:03.212+0200] {dag.py:3239} INFO - Sync 1 DAGs
[2025-03-12T14:40:03.225+0200] {logging_mixin.py:190} INFO - [2025-03-12T14:40:03.225+0200] {dag.py:4180} INFO - Setting next_dagrun for example_python_decorator to None, run_after=None
[2025-03-12T14:40:03.246+0200] {processor.py:208} INFO - Processing /home/munyah/.local/lib/python3.10/site-packages/airflow/example_dags/example_python_decorator.py took 0.090 seconds
[2025-03-12T14:41:05.735+0200] {processor.py:186} INFO - Started process (PID=140993) to work on /home/munyah/.local/lib/python3.10/site-packages/airflow/example_dags/example_python_decorator.py
[2025-03-12T14:41:05.737+0200] {processor.py:914} INFO - Processing file /home/munyah/.local/lib/python3.10/site-packages/airflow/example_dags/example_python_decorator.py for tasks to queue
[2025-03-12T14:41:05.740+0200] {logging_mixin.py:190} INFO - [2025-03-12T14:41:05.739+0200] {dagbag.py:588} INFO - Filling up the DagBag from /home/munyah/.local/lib/python3.10/site-packages/airflow/example_dags/example_python_decorator.py
[2025-03-12T14:41:05.755+0200] {logging_mixin.py:190} INFO - [2025-03-12T14:41:05.755+0200] {example_python_decorator.py:80} WARNING - The virtalenv_python example task requires virtualenv, please install it.
[2025-03-12T14:41:05.759+0200] {processor.py:925} INFO - DAG(s) 'example_python_decorator' retrieved from /home/munyah/.local/lib/python3.10/site-packages/airflow/example_dags/example_python_decorator.py
[2025-03-12T14:41:05.787+0200] {logging_mixin.py:190} INFO - [2025-03-12T14:41:05.786+0200] {dag.py:3239} INFO - Sync 1 DAGs
[2025-03-12T14:41:05.802+0200] {logging_mixin.py:190} INFO - [2025-03-12T14:41:05.802+0200] {dag.py:4180} INFO - Setting next_dagrun for example_python_decorator to None, run_after=None
[2025-03-12T14:41:05.829+0200] {processor.py:208} INFO - Processing /home/munyah/.local/lib/python3.10/site-packages/airflow/example_dags/example_python_decorator.py took 0.104 seconds
[2025-03-12T14:42:06.630+0200] {processor.py:186} INFO - Started process (PID=141284) to work on /home/munyah/.local/lib/python3.10/site-packages/airflow/example_dags/example_python_decorator.py
[2025-03-12T14:42:06.631+0200] {processor.py:914} INFO - Processing file /home/munyah/.local/lib/python3.10/site-packages/airflow/example_dags/example_python_decorator.py for tasks to queue
[2025-03-12T14:42:06.633+0200] {logging_mixin.py:190} INFO - [2025-03-12T14:42:06.633+0200] {dagbag.py:588} INFO - Filling up the DagBag from /home/munyah/.local/lib/python3.10/site-packages/airflow/example_dags/example_python_decorator.py
[2025-03-12T14:42:06.646+0200] {logging_mixin.py:190} INFO - [2025-03-12T14:42:06.646+0200] {example_python_decorator.py:80} WARNING - The virtalenv_python example task requires virtualenv, please install it.
[2025-03-12T14:42:06.649+0200] {processor.py:925} INFO - DAG(s) 'example_python_decorator' retrieved from /home/munyah/.local/lib/python3.10/site-packages/airflow/example_dags/example_python_decorator.py
[2025-03-12T14:42:06.668+0200] {logging_mixin.py:190} INFO - [2025-03-12T14:42:06.667+0200] {dag.py:3239} INFO - Sync 1 DAGs
[2025-03-12T14:42:06.682+0200] {logging_mixin.py:190} INFO - [2025-03-12T14:42:06.682+0200] {dag.py:4180} INFO - Setting next_dagrun for example_python_decorator to None, run_after=None
[2025-03-12T14:42:06.707+0200] {processor.py:208} INFO - Processing /home/munyah/.local/lib/python3.10/site-packages/airflow/example_dags/example_python_decorator.py took 0.084 seconds
[2025-03-12T14:43:07.597+0200] {processor.py:186} INFO - Started process (PID=141485) to work on /home/munyah/.local/lib/python3.10/site-packages/airflow/example_dags/example_python_decorator.py
[2025-03-12T14:43:07.598+0200] {processor.py:914} INFO - Processing file /home/munyah/.local/lib/python3.10/site-packages/airflow/example_dags/example_python_decorator.py for tasks to queue
[2025-03-12T14:43:07.601+0200] {logging_mixin.py:190} INFO - [2025-03-12T14:43:07.600+0200] {dagbag.py:588} INFO - Filling up the DagBag from /home/munyah/.local/lib/python3.10/site-packages/airflow/example_dags/example_python_decorator.py
[2025-03-12T14:43:07.612+0200] {logging_mixin.py:190} INFO - [2025-03-12T14:43:07.612+0200] {example_python_decorator.py:80} WARNING - The virtalenv_python example task requires virtualenv, please install it.
[2025-03-12T14:43:07.615+0200] {processor.py:925} INFO - DAG(s) 'example_python_decorator' retrieved from /home/munyah/.local/lib/python3.10/site-packages/airflow/example_dags/example_python_decorator.py
[2025-03-12T14:43:07.636+0200] {logging_mixin.py:190} INFO - [2025-03-12T14:43:07.636+0200] {dag.py:3239} INFO - Sync 1 DAGs
[2025-03-12T14:43:07.651+0200] {logging_mixin.py:190} INFO - [2025-03-12T14:43:07.651+0200] {dag.py:4180} INFO - Setting next_dagrun for example_python_decorator to None, run_after=None
[2025-03-12T14:43:07.673+0200] {processor.py:208} INFO - Processing /home/munyah/.local/lib/python3.10/site-packages/airflow/example_dags/example_python_decorator.py took 0.084 seconds
[2025-03-12T14:44:07.377+0200] {processor.py:186} INFO - Started process (PID=141651) to work on /home/munyah/.local/lib/python3.10/site-packages/airflow/example_dags/example_python_decorator.py
[2025-03-12T14:44:07.378+0200] {processor.py:914} INFO - Processing file /home/munyah/.local/lib/python3.10/site-packages/airflow/example_dags/example_python_decorator.py for tasks to queue
[2025-03-12T14:44:07.381+0200] {logging_mixin.py:190} INFO - [2025-03-12T14:44:07.381+0200] {dagbag.py:588} INFO - Filling up the DagBag from /home/munyah/.local/lib/python3.10/site-packages/airflow/example_dags/example_python_decorator.py
[2025-03-12T14:44:07.392+0200] {logging_mixin.py:190} INFO - [2025-03-12T14:44:07.392+0200] {example_python_decorator.py:80} WARNING - The virtalenv_python example task requires virtualenv, please install it.
[2025-03-12T14:44:07.394+0200] {processor.py:925} INFO - DAG(s) 'example_python_decorator' retrieved from /home/munyah/.local/lib/python3.10/site-packages/airflow/example_dags/example_python_decorator.py
[2025-03-12T14:44:07.414+0200] {logging_mixin.py:190} INFO - [2025-03-12T14:44:07.414+0200] {dag.py:3239} INFO - Sync 1 DAGs
[2025-03-12T14:44:07.431+0200] {logging_mixin.py:190} INFO - [2025-03-12T14:44:07.431+0200] {dag.py:4180} INFO - Setting next_dagrun for example_python_decorator to None, run_after=None
[2025-03-12T14:44:07.454+0200] {processor.py:208} INFO - Processing /home/munyah/.local/lib/python3.10/site-packages/airflow/example_dags/example_python_decorator.py took 0.084 seconds
[2025-03-12T14:45:07.189+0200] {processor.py:186} INFO - Started process (PID=141842) to work on /home/munyah/.local/lib/python3.10/site-packages/airflow/example_dags/example_python_decorator.py
[2025-03-12T14:45:07.190+0200] {processor.py:914} INFO - Processing file /home/munyah/.local/lib/python3.10/site-packages/airflow/example_dags/example_python_decorator.py for tasks to queue
[2025-03-12T14:45:07.193+0200] {logging_mixin.py:190} INFO - [2025-03-12T14:45:07.192+0200] {dagbag.py:588} INFO - Filling up the DagBag from /home/munyah/.local/lib/python3.10/site-packages/airflow/example_dags/example_python_decorator.py
[2025-03-12T14:45:07.205+0200] {logging_mixin.py:190} INFO - [2025-03-12T14:45:07.204+0200] {example_python_decorator.py:80} WARNING - The virtalenv_python example task requires virtualenv, please install it.
[2025-03-12T14:45:07.207+0200] {processor.py:925} INFO - DAG(s) 'example_python_decorator' retrieved from /home/munyah/.local/lib/python3.10/site-packages/airflow/example_dags/example_python_decorator.py
[2025-03-12T14:45:07.227+0200] {logging_mixin.py:190} INFO - [2025-03-12T14:45:07.227+0200] {dag.py:3239} INFO - Sync 1 DAGs
[2025-03-12T14:45:07.242+0200] {logging_mixin.py:190} INFO - [2025-03-12T14:45:07.242+0200] {dag.py:4180} INFO - Setting next_dagrun for example_python_decorator to None, run_after=None
[2025-03-12T14:45:07.265+0200] {processor.py:208} INFO - Processing /home/munyah/.local/lib/python3.10/site-packages/airflow/example_dags/example_python_decorator.py took 0.084 seconds
[2025-03-12T14:46:05.723+0200] {processor.py:186} INFO - Started process (PID=142057) to work on /home/munyah/.local/lib/python3.10/site-packages/airflow/example_dags/example_python_decorator.py
[2025-03-12T14:46:05.725+0200] {processor.py:914} INFO - Processing file /home/munyah/.local/lib/python3.10/site-packages/airflow/example_dags/example_python_decorator.py for tasks to queue
[2025-03-12T14:46:05.728+0200] {logging_mixin.py:190} INFO - [2025-03-12T14:46:05.728+0200] {dagbag.py:588} INFO - Filling up the DagBag from /home/munyah/.local/lib/python3.10/site-packages/airflow/example_dags/example_python_decorator.py
[2025-03-12T14:46:05.750+0200] {logging_mixin.py:190} INFO - [2025-03-12T14:46:05.750+0200] {example_python_decorator.py:80} WARNING - The virtalenv_python example task requires virtualenv, please install it.
[2025-03-12T14:46:05.753+0200] {processor.py:925} INFO - DAG(s) 'example_python_decorator' retrieved from /home/munyah/.local/lib/python3.10/site-packages/airflow/example_dags/example_python_decorator.py
[2025-03-12T14:46:05.774+0200] {logging_mixin.py:190} INFO - [2025-03-12T14:46:05.774+0200] {dag.py:3239} INFO - Sync 1 DAGs
[2025-03-12T14:46:05.789+0200] {logging_mixin.py:190} INFO - [2025-03-12T14:46:05.789+0200] {dag.py:4180} INFO - Setting next_dagrun for example_python_decorator to None, run_after=None
[2025-03-12T14:46:05.811+0200] {processor.py:208} INFO - Processing /home/munyah/.local/lib/python3.10/site-packages/airflow/example_dags/example_python_decorator.py took 0.095 seconds
[2025-03-12T14:48:50.171+0200] {processor.py:186} INFO - Started process (PID=142541) to work on /home/munyah/.local/lib/python3.10/site-packages/airflow/example_dags/example_python_decorator.py
[2025-03-12T14:48:50.172+0200] {processor.py:914} INFO - Processing file /home/munyah/.local/lib/python3.10/site-packages/airflow/example_dags/example_python_decorator.py for tasks to queue
[2025-03-12T14:48:50.175+0200] {logging_mixin.py:190} INFO - [2025-03-12T14:48:50.174+0200] {dagbag.py:588} INFO - Filling up the DagBag from /home/munyah/.local/lib/python3.10/site-packages/airflow/example_dags/example_python_decorator.py
[2025-03-12T14:48:50.192+0200] {logging_mixin.py:190} INFO - [2025-03-12T14:48:50.191+0200] {example_python_decorator.py:80} WARNING - The virtalenv_python example task requires virtualenv, please install it.
[2025-03-12T14:48:50.194+0200] {processor.py:925} INFO - DAG(s) 'example_python_decorator' retrieved from /home/munyah/.local/lib/python3.10/site-packages/airflow/example_dags/example_python_decorator.py
[2025-03-12T14:48:50.215+0200] {logging_mixin.py:190} INFO - [2025-03-12T14:48:50.215+0200] {dag.py:3239} INFO - Sync 1 DAGs
[2025-03-12T14:48:50.229+0200] {logging_mixin.py:190} INFO - [2025-03-12T14:48:50.228+0200] {dag.py:4180} INFO - Setting next_dagrun for example_python_decorator to None, run_after=None
[2025-03-12T14:48:50.250+0200] {processor.py:208} INFO - Processing /home/munyah/.local/lib/python3.10/site-packages/airflow/example_dags/example_python_decorator.py took 0.086 seconds
[2025-03-12T14:50:22.287+0200] {processor.py:186} INFO - Started process (PID=142904) to work on /home/munyah/.local/lib/python3.10/site-packages/airflow/example_dags/example_python_decorator.py
[2025-03-12T14:50:22.288+0200] {processor.py:914} INFO - Processing file /home/munyah/.local/lib/python3.10/site-packages/airflow/example_dags/example_python_decorator.py for tasks to queue
[2025-03-12T14:50:22.291+0200] {logging_mixin.py:190} INFO - [2025-03-12T14:50:22.290+0200] {dagbag.py:588} INFO - Filling up the DagBag from /home/munyah/.local/lib/python3.10/site-packages/airflow/example_dags/example_python_decorator.py
[2025-03-12T14:50:22.302+0200] {logging_mixin.py:190} INFO - [2025-03-12T14:50:22.302+0200] {example_python_decorator.py:80} WARNING - The virtalenv_python example task requires virtualenv, please install it.
[2025-03-12T14:50:22.305+0200] {processor.py:925} INFO - DAG(s) 'example_python_decorator' retrieved from /home/munyah/.local/lib/python3.10/site-packages/airflow/example_dags/example_python_decorator.py
[2025-03-12T14:50:22.323+0200] {logging_mixin.py:190} INFO - [2025-03-12T14:50:22.323+0200] {dag.py:3239} INFO - Sync 1 DAGs
[2025-03-12T14:50:22.338+0200] {logging_mixin.py:190} INFO - [2025-03-12T14:50:22.337+0200] {dag.py:4180} INFO - Setting next_dagrun for example_python_decorator to None, run_after=None
[2025-03-12T14:50:22.360+0200] {processor.py:208} INFO - Processing /home/munyah/.local/lib/python3.10/site-packages/airflow/example_dags/example_python_decorator.py took 0.081 seconds
[2025-03-12T14:51:27.688+0200] {processor.py:186} INFO - Started process (PID=143137) to work on /home/munyah/.local/lib/python3.10/site-packages/airflow/example_dags/example_python_decorator.py
[2025-03-12T14:51:27.690+0200] {processor.py:914} INFO - Processing file /home/munyah/.local/lib/python3.10/site-packages/airflow/example_dags/example_python_decorator.py for tasks to queue
[2025-03-12T14:51:27.692+0200] {logging_mixin.py:190} INFO - [2025-03-12T14:51:27.692+0200] {dagbag.py:588} INFO - Filling up the DagBag from /home/munyah/.local/lib/python3.10/site-packages/airflow/example_dags/example_python_decorator.py
[2025-03-12T14:51:27.703+0200] {logging_mixin.py:190} INFO - [2025-03-12T14:51:27.703+0200] {example_python_decorator.py:80} WARNING - The virtalenv_python example task requires virtualenv, please install it.
[2025-03-12T14:51:27.706+0200] {processor.py:925} INFO - DAG(s) 'example_python_decorator' retrieved from /home/munyah/.local/lib/python3.10/site-packages/airflow/example_dags/example_python_decorator.py
[2025-03-12T14:51:27.725+0200] {logging_mixin.py:190} INFO - [2025-03-12T14:51:27.725+0200] {dag.py:3239} INFO - Sync 1 DAGs
[2025-03-12T14:51:27.742+0200] {logging_mixin.py:190} INFO - [2025-03-12T14:51:27.742+0200] {dag.py:4180} INFO - Setting next_dagrun for example_python_decorator to None, run_after=None
[2025-03-12T14:51:27.763+0200] {processor.py:208} INFO - Processing /home/munyah/.local/lib/python3.10/site-packages/airflow/example_dags/example_python_decorator.py took 0.083 seconds
[2025-03-12T14:52:37.415+0200] {processor.py:186} INFO - Started process (PID=143345) to work on /home/munyah/.local/lib/python3.10/site-packages/airflow/example_dags/example_python_decorator.py
[2025-03-12T14:52:37.423+0200] {processor.py:914} INFO - Processing file /home/munyah/.local/lib/python3.10/site-packages/airflow/example_dags/example_python_decorator.py for tasks to queue
[2025-03-12T14:52:37.432+0200] {logging_mixin.py:190} INFO - [2025-03-12T14:52:37.427+0200] {dagbag.py:588} INFO - Filling up the DagBag from /home/munyah/.local/lib/python3.10/site-packages/airflow/example_dags/example_python_decorator.py
[2025-03-12T14:52:37.554+0200] {logging_mixin.py:190} INFO - [2025-03-12T14:52:37.554+0200] {example_python_decorator.py:80} WARNING - The virtalenv_python example task requires virtualenv, please install it.
[2025-03-12T14:52:37.568+0200] {processor.py:925} INFO - DAG(s) 'example_python_decorator' retrieved from /home/munyah/.local/lib/python3.10/site-packages/airflow/example_dags/example_python_decorator.py
[2025-03-12T14:52:37.647+0200] {logging_mixin.py:190} INFO - [2025-03-12T14:52:37.646+0200] {dag.py:3239} INFO - Sync 1 DAGs
[2025-03-12T14:52:37.681+0200] {logging_mixin.py:190} INFO - [2025-03-12T14:52:37.681+0200] {dag.py:4180} INFO - Setting next_dagrun for example_python_decorator to None, run_after=None
[2025-03-12T14:52:37.738+0200] {processor.py:208} INFO - Processing /home/munyah/.local/lib/python3.10/site-packages/airflow/example_dags/example_python_decorator.py took 0.343 seconds
[2025-03-12T14:53:55.930+0200] {processor.py:186} INFO - Started process (PID=143606) to work on /home/munyah/.local/lib/python3.10/site-packages/airflow/example_dags/example_python_decorator.py
[2025-03-12T14:53:55.946+0200] {processor.py:914} INFO - Processing file /home/munyah/.local/lib/python3.10/site-packages/airflow/example_dags/example_python_decorator.py for tasks to queue
[2025-03-12T14:53:55.993+0200] {logging_mixin.py:190} INFO - [2025-03-12T14:53:55.953+0200] {dagbag.py:588} INFO - Filling up the DagBag from /home/munyah/.local/lib/python3.10/site-packages/airflow/example_dags/example_python_decorator.py
[2025-03-12T14:53:56.121+0200] {logging_mixin.py:190} INFO - [2025-03-12T14:53:56.121+0200] {example_python_decorator.py:80} WARNING - The virtalenv_python example task requires virtualenv, please install it.
[2025-03-12T14:53:56.144+0200] {processor.py:925} INFO - DAG(s) 'example_python_decorator' retrieved from /home/munyah/.local/lib/python3.10/site-packages/airflow/example_dags/example_python_decorator.py
[2025-03-12T14:53:56.254+0200] {logging_mixin.py:190} INFO - [2025-03-12T14:53:56.254+0200] {dag.py:3239} INFO - Sync 1 DAGs
[2025-03-12T14:53:56.317+0200] {logging_mixin.py:190} INFO - [2025-03-12T14:53:56.307+0200] {dag.py:4180} INFO - Setting next_dagrun for example_python_decorator to None, run_after=None
[2025-03-12T14:53:56.478+0200] {processor.py:208} INFO - Processing /home/munyah/.local/lib/python3.10/site-packages/airflow/example_dags/example_python_decorator.py took 0.582 seconds
