[2025-03-12T08:21:11.666+0200] {processor.py:186} INFO - Started process (PID=133849) to work on /home/munyah/.local/lib/python3.10/site-packages/airflow/example_dags/example_time_delta_sensor_async.py
[2025-03-12T08:21:11.667+0200] {processor.py:914} INFO - Processing file /home/munyah/.local/lib/python3.10/site-packages/airflow/example_dags/example_time_delta_sensor_async.py for tasks to queue
[2025-03-12T08:21:11.670+0200] {logging_mixin.py:190} INFO - [2025-03-12T08:21:11.670+0200] {dagbag.py:588} INFO - Filling up the DagBag from /home/munyah/.local/lib/python3.10/site-packages/airflow/example_dags/example_time_delta_sensor_async.py
[2025-03-12T08:21:11.679+0200] {processor.py:925} INFO - DAG(s) 'example_time_delta_sensor_async' retrieved from /home/munyah/.local/lib/python3.10/site-packages/airflow/example_dags/example_time_delta_sensor_async.py
[2025-03-12T08:21:11.695+0200] {logging_mixin.py:190} INFO - [2025-03-12T08:21:11.694+0200] {dag.py:3239} INFO - Sync 1 DAGs
[2025-03-12T08:21:11.708+0200] {logging_mixin.py:190} INFO - [2025-03-12T08:21:11.707+0200] {dag.py:4180} INFO - Setting next_dagrun for example_time_delta_sensor_async to None, run_after=None
[2025-03-12T08:21:11.727+0200] {processor.py:208} INFO - Processing /home/munyah/.local/lib/python3.10/site-packages/airflow/example_dags/example_time_delta_sensor_async.py took 0.070 seconds
[2025-03-12T14:17:48.465+0200] {processor.py:186} INFO - Started process (PID=134584) to work on /home/munyah/.local/lib/python3.10/site-packages/airflow/example_dags/example_time_delta_sensor_async.py
[2025-03-12T14:17:48.466+0200] {processor.py:914} INFO - Processing file /home/munyah/.local/lib/python3.10/site-packages/airflow/example_dags/example_time_delta_sensor_async.py for tasks to queue
[2025-03-12T14:17:48.470+0200] {logging_mixin.py:190} INFO - [2025-03-12T14:17:48.469+0200] {dagbag.py:588} INFO - Filling up the DagBag from /home/munyah/.local/lib/python3.10/site-packages/airflow/example_dags/example_time_delta_sensor_async.py
[2025-03-12T14:17:48.481+0200] {processor.py:925} INFO - DAG(s) 'example_time_delta_sensor_async' retrieved from /home/munyah/.local/lib/python3.10/site-packages/airflow/example_dags/example_time_delta_sensor_async.py
[2025-03-12T14:17:48.502+0200] {logging_mixin.py:190} INFO - [2025-03-12T14:17:48.502+0200] {dag.py:3239} INFO - Sync 1 DAGs
[2025-03-12T14:17:48.524+0200] {logging_mixin.py:190} INFO - [2025-03-12T14:17:48.524+0200] {dag.py:4180} INFO - Setting next_dagrun for example_time_delta_sensor_async to None, run_after=None
[2025-03-12T14:17:48.552+0200] {processor.py:208} INFO - Processing /home/munyah/.local/lib/python3.10/site-packages/airflow/example_dags/example_time_delta_sensor_async.py took 0.097 seconds
[2025-03-12T14:18:48.248+0200] {processor.py:186} INFO - Started process (PID=134847) to work on /home/munyah/.local/lib/python3.10/site-packages/airflow/example_dags/example_time_delta_sensor_async.py
[2025-03-12T14:18:48.250+0200] {processor.py:914} INFO - Processing file /home/munyah/.local/lib/python3.10/site-packages/airflow/example_dags/example_time_delta_sensor_async.py for tasks to queue
[2025-03-12T14:18:48.253+0200] {logging_mixin.py:190} INFO - [2025-03-12T14:18:48.252+0200] {dagbag.py:588} INFO - Filling up the DagBag from /home/munyah/.local/lib/python3.10/site-packages/airflow/example_dags/example_time_delta_sensor_async.py
[2025-03-12T14:18:48.262+0200] {processor.py:925} INFO - DAG(s) 'example_time_delta_sensor_async' retrieved from /home/munyah/.local/lib/python3.10/site-packages/airflow/example_dags/example_time_delta_sensor_async.py
[2025-03-12T14:18:48.280+0200] {logging_mixin.py:190} INFO - [2025-03-12T14:18:48.280+0200] {dag.py:3239} INFO - Sync 1 DAGs
[2025-03-12T14:18:48.296+0200] {logging_mixin.py:190} INFO - [2025-03-12T14:18:48.296+0200] {dag.py:4180} INFO - Setting next_dagrun for example_time_delta_sensor_async to None, run_after=None
[2025-03-12T14:18:48.319+0200] {processor.py:208} INFO - Processing /home/munyah/.local/lib/python3.10/site-packages/airflow/example_dags/example_time_delta_sensor_async.py took 0.083 seconds
[2025-03-12T14:19:45.832+0200] {processor.py:186} INFO - Started process (PID=135011) to work on /home/munyah/.local/lib/python3.10/site-packages/airflow/example_dags/example_time_delta_sensor_async.py
[2025-03-12T14:19:45.833+0200] {processor.py:914} INFO - Processing file /home/munyah/.local/lib/python3.10/site-packages/airflow/example_dags/example_time_delta_sensor_async.py for tasks to queue
[2025-03-12T14:19:45.836+0200] {logging_mixin.py:190} INFO - [2025-03-12T14:19:45.835+0200] {dagbag.py:588} INFO - Filling up the DagBag from /home/munyah/.local/lib/python3.10/site-packages/airflow/example_dags/example_time_delta_sensor_async.py
[2025-03-12T14:19:45.844+0200] {processor.py:925} INFO - DAG(s) 'example_time_delta_sensor_async' retrieved from /home/munyah/.local/lib/python3.10/site-packages/airflow/example_dags/example_time_delta_sensor_async.py
[2025-03-12T14:19:45.861+0200] {logging_mixin.py:190} INFO - [2025-03-12T14:19:45.861+0200] {dag.py:3239} INFO - Sync 1 DAGs
[2025-03-12T14:19:45.876+0200] {logging_mixin.py:190} INFO - [2025-03-12T14:19:45.876+0200] {dag.py:4180} INFO - Setting next_dagrun for example_time_delta_sensor_async to None, run_after=None
[2025-03-12T14:19:45.900+0200] {processor.py:208} INFO - Processing /home/munyah/.local/lib/python3.10/site-packages/airflow/example_dags/example_time_delta_sensor_async.py took 0.076 seconds
[2025-03-12T14:20:40.299+0200] {processor.py:186} INFO - Started process (PID=135179) to work on /home/munyah/.local/lib/python3.10/site-packages/airflow/example_dags/example_time_delta_sensor_async.py
[2025-03-12T14:20:40.300+0200] {processor.py:914} INFO - Processing file /home/munyah/.local/lib/python3.10/site-packages/airflow/example_dags/example_time_delta_sensor_async.py for tasks to queue
[2025-03-12T14:20:40.302+0200] {logging_mixin.py:190} INFO - [2025-03-12T14:20:40.302+0200] {dagbag.py:588} INFO - Filling up the DagBag from /home/munyah/.local/lib/python3.10/site-packages/airflow/example_dags/example_time_delta_sensor_async.py
[2025-03-12T14:20:40.311+0200] {processor.py:925} INFO - DAG(s) 'example_time_delta_sensor_async' retrieved from /home/munyah/.local/lib/python3.10/site-packages/airflow/example_dags/example_time_delta_sensor_async.py
[2025-03-12T14:20:40.327+0200] {logging_mixin.py:190} INFO - [2025-03-12T14:20:40.327+0200] {dag.py:3239} INFO - Sync 1 DAGs
[2025-03-12T14:20:40.341+0200] {logging_mixin.py:190} INFO - [2025-03-12T14:20:40.341+0200] {dag.py:4180} INFO - Setting next_dagrun for example_time_delta_sensor_async to None, run_after=None
[2025-03-12T14:20:40.364+0200] {processor.py:208} INFO - Processing /home/munyah/.local/lib/python3.10/site-packages/airflow/example_dags/example_time_delta_sensor_async.py took 0.073 seconds
[2025-03-12T14:21:38.709+0200] {processor.py:186} INFO - Started process (PID=135388) to work on /home/munyah/.local/lib/python3.10/site-packages/airflow/example_dags/example_time_delta_sensor_async.py
[2025-03-12T14:21:38.710+0200] {processor.py:914} INFO - Processing file /home/munyah/.local/lib/python3.10/site-packages/airflow/example_dags/example_time_delta_sensor_async.py for tasks to queue
[2025-03-12T14:21:38.713+0200] {logging_mixin.py:190} INFO - [2025-03-12T14:21:38.712+0200] {dagbag.py:588} INFO - Filling up the DagBag from /home/munyah/.local/lib/python3.10/site-packages/airflow/example_dags/example_time_delta_sensor_async.py
[2025-03-12T14:21:38.722+0200] {processor.py:925} INFO - DAG(s) 'example_time_delta_sensor_async' retrieved from /home/munyah/.local/lib/python3.10/site-packages/airflow/example_dags/example_time_delta_sensor_async.py
[2025-03-12T14:21:38.738+0200] {logging_mixin.py:190} INFO - [2025-03-12T14:21:38.738+0200] {dag.py:3239} INFO - Sync 1 DAGs
[2025-03-12T14:21:38.753+0200] {logging_mixin.py:190} INFO - [2025-03-12T14:21:38.752+0200] {dag.py:4180} INFO - Setting next_dagrun for example_time_delta_sensor_async to None, run_after=None
[2025-03-12T14:21:38.773+0200] {processor.py:208} INFO - Processing /home/munyah/.local/lib/python3.10/site-packages/airflow/example_dags/example_time_delta_sensor_async.py took 0.071 seconds
[2025-03-12T14:22:35.091+0200] {processor.py:186} INFO - Started process (PID=135784) to work on /home/munyah/.local/lib/python3.10/site-packages/airflow/example_dags/example_time_delta_sensor_async.py
[2025-03-12T14:22:35.094+0200] {processor.py:914} INFO - Processing file /home/munyah/.local/lib/python3.10/site-packages/airflow/example_dags/example_time_delta_sensor_async.py for tasks to queue
[2025-03-12T14:22:35.100+0200] {logging_mixin.py:190} INFO - [2025-03-12T14:22:35.097+0200] {dagbag.py:588} INFO - Filling up the DagBag from /home/munyah/.local/lib/python3.10/site-packages/airflow/example_dags/example_time_delta_sensor_async.py
[2025-03-12T14:22:35.113+0200] {processor.py:925} INFO - DAG(s) 'example_time_delta_sensor_async' retrieved from /home/munyah/.local/lib/python3.10/site-packages/airflow/example_dags/example_time_delta_sensor_async.py
[2025-03-12T14:22:35.142+0200] {logging_mixin.py:190} INFO - [2025-03-12T14:22:35.141+0200] {dag.py:3239} INFO - Sync 1 DAGs
[2025-03-12T14:22:35.169+0200] {logging_mixin.py:190} INFO - [2025-03-12T14:22:35.169+0200] {dag.py:4180} INFO - Setting next_dagrun for example_time_delta_sensor_async to None, run_after=None
[2025-03-12T14:22:35.205+0200] {processor.py:208} INFO - Processing /home/munyah/.local/lib/python3.10/site-packages/airflow/example_dags/example_time_delta_sensor_async.py took 0.131 seconds
[2025-03-12T14:23:49.584+0200] {processor.py:186} INFO - Started process (PID=136565) to work on /home/munyah/.local/lib/python3.10/site-packages/airflow/example_dags/example_time_delta_sensor_async.py
[2025-03-12T14:23:49.585+0200] {processor.py:914} INFO - Processing file /home/munyah/.local/lib/python3.10/site-packages/airflow/example_dags/example_time_delta_sensor_async.py for tasks to queue
[2025-03-12T14:23:49.588+0200] {logging_mixin.py:190} INFO - [2025-03-12T14:23:49.588+0200] {dagbag.py:588} INFO - Filling up the DagBag from /home/munyah/.local/lib/python3.10/site-packages/airflow/example_dags/example_time_delta_sensor_async.py
[2025-03-12T14:23:49.601+0200] {processor.py:925} INFO - DAG(s) 'example_time_delta_sensor_async' retrieved from /home/munyah/.local/lib/python3.10/site-packages/airflow/example_dags/example_time_delta_sensor_async.py
[2025-03-12T14:23:49.621+0200] {logging_mixin.py:190} INFO - [2025-03-12T14:23:49.621+0200] {dag.py:3239} INFO - Sync 1 DAGs
[2025-03-12T14:23:49.637+0200] {logging_mixin.py:190} INFO - [2025-03-12T14:23:49.637+0200] {dag.py:4180} INFO - Setting next_dagrun for example_time_delta_sensor_async to None, run_after=None
[2025-03-12T14:23:49.665+0200] {processor.py:208} INFO - Processing /home/munyah/.local/lib/python3.10/site-packages/airflow/example_dags/example_time_delta_sensor_async.py took 0.095 seconds
[2025-03-12T14:24:48.468+0200] {processor.py:186} INFO - Started process (PID=136787) to work on /home/munyah/.local/lib/python3.10/site-packages/airflow/example_dags/example_time_delta_sensor_async.py
[2025-03-12T14:24:48.470+0200] {processor.py:914} INFO - Processing file /home/munyah/.local/lib/python3.10/site-packages/airflow/example_dags/example_time_delta_sensor_async.py for tasks to queue
[2025-03-12T14:24:48.472+0200] {logging_mixin.py:190} INFO - [2025-03-12T14:24:48.472+0200] {dagbag.py:588} INFO - Filling up the DagBag from /home/munyah/.local/lib/python3.10/site-packages/airflow/example_dags/example_time_delta_sensor_async.py
[2025-03-12T14:24:48.481+0200] {processor.py:925} INFO - DAG(s) 'example_time_delta_sensor_async' retrieved from /home/munyah/.local/lib/python3.10/site-packages/airflow/example_dags/example_time_delta_sensor_async.py
[2025-03-12T14:24:48.499+0200] {logging_mixin.py:190} INFO - [2025-03-12T14:24:48.499+0200] {dag.py:3239} INFO - Sync 1 DAGs
[2025-03-12T14:24:48.514+0200] {logging_mixin.py:190} INFO - [2025-03-12T14:24:48.514+0200] {dag.py:4180} INFO - Setting next_dagrun for example_time_delta_sensor_async to None, run_after=None
[2025-03-12T14:24:48.539+0200] {processor.py:208} INFO - Processing /home/munyah/.local/lib/python3.10/site-packages/airflow/example_dags/example_time_delta_sensor_async.py took 0.079 seconds
[2025-03-12T14:25:45.686+0200] {processor.py:186} INFO - Started process (PID=136970) to work on /home/munyah/.local/lib/python3.10/site-packages/airflow/example_dags/example_time_delta_sensor_async.py
[2025-03-12T14:25:45.688+0200] {processor.py:914} INFO - Processing file /home/munyah/.local/lib/python3.10/site-packages/airflow/example_dags/example_time_delta_sensor_async.py for tasks to queue
[2025-03-12T14:25:45.691+0200] {logging_mixin.py:190} INFO - [2025-03-12T14:25:45.690+0200] {dagbag.py:588} INFO - Filling up the DagBag from /home/munyah/.local/lib/python3.10/site-packages/airflow/example_dags/example_time_delta_sensor_async.py
[2025-03-12T14:25:45.701+0200] {processor.py:925} INFO - DAG(s) 'example_time_delta_sensor_async' retrieved from /home/munyah/.local/lib/python3.10/site-packages/airflow/example_dags/example_time_delta_sensor_async.py
[2025-03-12T14:25:45.718+0200] {logging_mixin.py:190} INFO - [2025-03-12T14:25:45.718+0200] {dag.py:3239} INFO - Sync 1 DAGs
[2025-03-12T14:25:45.732+0200] {logging_mixin.py:190} INFO - [2025-03-12T14:25:45.732+0200] {dag.py:4180} INFO - Setting next_dagrun for example_time_delta_sensor_async to None, run_after=None
[2025-03-12T14:25:45.753+0200] {processor.py:208} INFO - Processing /home/munyah/.local/lib/python3.10/site-packages/airflow/example_dags/example_time_delta_sensor_async.py took 0.075 seconds
[2025-03-12T14:26:45.086+0200] {processor.py:186} INFO - Started process (PID=137157) to work on /home/munyah/.local/lib/python3.10/site-packages/airflow/example_dags/example_time_delta_sensor_async.py
[2025-03-12T14:26:45.087+0200] {processor.py:914} INFO - Processing file /home/munyah/.local/lib/python3.10/site-packages/airflow/example_dags/example_time_delta_sensor_async.py for tasks to queue
[2025-03-12T14:26:45.091+0200] {logging_mixin.py:190} INFO - [2025-03-12T14:26:45.090+0200] {dagbag.py:588} INFO - Filling up the DagBag from /home/munyah/.local/lib/python3.10/site-packages/airflow/example_dags/example_time_delta_sensor_async.py
[2025-03-12T14:26:45.101+0200] {processor.py:925} INFO - DAG(s) 'example_time_delta_sensor_async' retrieved from /home/munyah/.local/lib/python3.10/site-packages/airflow/example_dags/example_time_delta_sensor_async.py
[2025-03-12T14:26:45.119+0200] {logging_mixin.py:190} INFO - [2025-03-12T14:26:45.119+0200] {dag.py:3239} INFO - Sync 1 DAGs
[2025-03-12T14:26:45.136+0200] {logging_mixin.py:190} INFO - [2025-03-12T14:26:45.136+0200] {dag.py:4180} INFO - Setting next_dagrun for example_time_delta_sensor_async to None, run_after=None
[2025-03-12T14:26:45.159+0200] {processor.py:208} INFO - Processing /home/munyah/.local/lib/python3.10/site-packages/airflow/example_dags/example_time_delta_sensor_async.py took 0.081 seconds
[2025-03-12T14:27:49.902+0200] {processor.py:186} INFO - Started process (PID=137384) to work on /home/munyah/.local/lib/python3.10/site-packages/airflow/example_dags/example_time_delta_sensor_async.py
[2025-03-12T14:27:49.904+0200] {processor.py:914} INFO - Processing file /home/munyah/.local/lib/python3.10/site-packages/airflow/example_dags/example_time_delta_sensor_async.py for tasks to queue
[2025-03-12T14:27:49.907+0200] {logging_mixin.py:190} INFO - [2025-03-12T14:27:49.906+0200] {dagbag.py:588} INFO - Filling up the DagBag from /home/munyah/.local/lib/python3.10/site-packages/airflow/example_dags/example_time_delta_sensor_async.py
[2025-03-12T14:27:49.916+0200] {processor.py:925} INFO - DAG(s) 'example_time_delta_sensor_async' retrieved from /home/munyah/.local/lib/python3.10/site-packages/airflow/example_dags/example_time_delta_sensor_async.py
[2025-03-12T14:27:49.934+0200] {logging_mixin.py:190} INFO - [2025-03-12T14:27:49.934+0200] {dag.py:3239} INFO - Sync 1 DAGs
[2025-03-12T14:27:49.948+0200] {logging_mixin.py:190} INFO - [2025-03-12T14:27:49.948+0200] {dag.py:4180} INFO - Setting next_dagrun for example_time_delta_sensor_async to None, run_after=None
[2025-03-12T14:27:49.970+0200] {processor.py:208} INFO - Processing /home/munyah/.local/lib/python3.10/site-packages/airflow/example_dags/example_time_delta_sensor_async.py took 0.079 seconds
[2025-03-12T14:28:50.865+0200] {processor.py:186} INFO - Started process (PID=137574) to work on /home/munyah/.local/lib/python3.10/site-packages/airflow/example_dags/example_time_delta_sensor_async.py
[2025-03-12T14:28:50.867+0200] {processor.py:914} INFO - Processing file /home/munyah/.local/lib/python3.10/site-packages/airflow/example_dags/example_time_delta_sensor_async.py for tasks to queue
[2025-03-12T14:28:50.869+0200] {logging_mixin.py:190} INFO - [2025-03-12T14:28:50.869+0200] {dagbag.py:588} INFO - Filling up the DagBag from /home/munyah/.local/lib/python3.10/site-packages/airflow/example_dags/example_time_delta_sensor_async.py
[2025-03-12T14:28:50.878+0200] {processor.py:925} INFO - DAG(s) 'example_time_delta_sensor_async' retrieved from /home/munyah/.local/lib/python3.10/site-packages/airflow/example_dags/example_time_delta_sensor_async.py
[2025-03-12T14:28:50.897+0200] {logging_mixin.py:190} INFO - [2025-03-12T14:28:50.897+0200] {dag.py:3239} INFO - Sync 1 DAGs
[2025-03-12T14:28:50.913+0200] {logging_mixin.py:190} INFO - [2025-03-12T14:28:50.912+0200] {dag.py:4180} INFO - Setting next_dagrun for example_time_delta_sensor_async to None, run_after=None
[2025-03-12T14:28:50.940+0200] {processor.py:208} INFO - Processing /home/munyah/.local/lib/python3.10/site-packages/airflow/example_dags/example_time_delta_sensor_async.py took 0.082 seconds
[2025-03-12T14:29:49.200+0200] {processor.py:186} INFO - Started process (PID=138574) to work on /home/munyah/.local/lib/python3.10/site-packages/airflow/example_dags/example_time_delta_sensor_async.py
[2025-03-12T14:29:49.202+0200] {processor.py:914} INFO - Processing file /home/munyah/.local/lib/python3.10/site-packages/airflow/example_dags/example_time_delta_sensor_async.py for tasks to queue
[2025-03-12T14:29:49.204+0200] {logging_mixin.py:190} INFO - [2025-03-12T14:29:49.204+0200] {dagbag.py:588} INFO - Filling up the DagBag from /home/munyah/.local/lib/python3.10/site-packages/airflow/example_dags/example_time_delta_sensor_async.py
[2025-03-12T14:29:49.215+0200] {processor.py:925} INFO - DAG(s) 'example_time_delta_sensor_async' retrieved from /home/munyah/.local/lib/python3.10/site-packages/airflow/example_dags/example_time_delta_sensor_async.py
[2025-03-12T14:29:49.232+0200] {logging_mixin.py:190} INFO - [2025-03-12T14:29:49.231+0200] {dag.py:3239} INFO - Sync 1 DAGs
[2025-03-12T14:29:49.246+0200] {logging_mixin.py:190} INFO - [2025-03-12T14:29:49.246+0200] {dag.py:4180} INFO - Setting next_dagrun for example_time_delta_sensor_async to None, run_after=None
[2025-03-12T14:29:49.269+0200] {processor.py:208} INFO - Processing /home/munyah/.local/lib/python3.10/site-packages/airflow/example_dags/example_time_delta_sensor_async.py took 0.076 seconds
[2025-03-12T14:30:53.108+0200] {processor.py:186} INFO - Started process (PID=138822) to work on /home/munyah/.local/lib/python3.10/site-packages/airflow/example_dags/example_time_delta_sensor_async.py
[2025-03-12T14:30:53.109+0200] {processor.py:914} INFO - Processing file /home/munyah/.local/lib/python3.10/site-packages/airflow/example_dags/example_time_delta_sensor_async.py for tasks to queue
[2025-03-12T14:30:53.112+0200] {logging_mixin.py:190} INFO - [2025-03-12T14:30:53.111+0200] {dagbag.py:588} INFO - Filling up the DagBag from /home/munyah/.local/lib/python3.10/site-packages/airflow/example_dags/example_time_delta_sensor_async.py
[2025-03-12T14:30:53.120+0200] {processor.py:925} INFO - DAG(s) 'example_time_delta_sensor_async' retrieved from /home/munyah/.local/lib/python3.10/site-packages/airflow/example_dags/example_time_delta_sensor_async.py
[2025-03-12T14:30:53.139+0200] {logging_mixin.py:190} INFO - [2025-03-12T14:30:53.139+0200] {dag.py:3239} INFO - Sync 1 DAGs
[2025-03-12T14:30:53.153+0200] {logging_mixin.py:190} INFO - [2025-03-12T14:30:53.153+0200] {dag.py:4180} INFO - Setting next_dagrun for example_time_delta_sensor_async to None, run_after=None
[2025-03-12T14:30:53.176+0200] {processor.py:208} INFO - Processing /home/munyah/.local/lib/python3.10/site-packages/airflow/example_dags/example_time_delta_sensor_async.py took 0.075 seconds
[2025-03-12T14:31:57.075+0200] {processor.py:186} INFO - Started process (PID=139026) to work on /home/munyah/.local/lib/python3.10/site-packages/airflow/example_dags/example_time_delta_sensor_async.py
[2025-03-12T14:31:57.077+0200] {processor.py:914} INFO - Processing file /home/munyah/.local/lib/python3.10/site-packages/airflow/example_dags/example_time_delta_sensor_async.py for tasks to queue
[2025-03-12T14:31:57.080+0200] {logging_mixin.py:190} INFO - [2025-03-12T14:31:57.080+0200] {dagbag.py:588} INFO - Filling up the DagBag from /home/munyah/.local/lib/python3.10/site-packages/airflow/example_dags/example_time_delta_sensor_async.py
[2025-03-12T14:31:57.094+0200] {processor.py:925} INFO - DAG(s) 'example_time_delta_sensor_async' retrieved from /home/munyah/.local/lib/python3.10/site-packages/airflow/example_dags/example_time_delta_sensor_async.py
[2025-03-12T14:31:57.117+0200] {logging_mixin.py:190} INFO - [2025-03-12T14:31:57.117+0200] {dag.py:3239} INFO - Sync 1 DAGs
[2025-03-12T14:31:57.133+0200] {logging_mixin.py:190} INFO - [2025-03-12T14:31:57.133+0200] {dag.py:4180} INFO - Setting next_dagrun for example_time_delta_sensor_async to None, run_after=None
[2025-03-12T14:31:57.156+0200] {processor.py:208} INFO - Processing /home/munyah/.local/lib/python3.10/site-packages/airflow/example_dags/example_time_delta_sensor_async.py took 0.097 seconds
[2025-03-12T14:32:59.475+0200] {processor.py:186} INFO - Started process (PID=139736) to work on /home/munyah/.local/lib/python3.10/site-packages/airflow/example_dags/example_time_delta_sensor_async.py
[2025-03-12T14:32:59.476+0200] {processor.py:914} INFO - Processing file /home/munyah/.local/lib/python3.10/site-packages/airflow/example_dags/example_time_delta_sensor_async.py for tasks to queue
[2025-03-12T14:32:59.478+0200] {logging_mixin.py:190} INFO - [2025-03-12T14:32:59.478+0200] {dagbag.py:588} INFO - Filling up the DagBag from /home/munyah/.local/lib/python3.10/site-packages/airflow/example_dags/example_time_delta_sensor_async.py
[2025-03-12T14:32:59.487+0200] {processor.py:925} INFO - DAG(s) 'example_time_delta_sensor_async' retrieved from /home/munyah/.local/lib/python3.10/site-packages/airflow/example_dags/example_time_delta_sensor_async.py
[2025-03-12T14:32:59.504+0200] {logging_mixin.py:190} INFO - [2025-03-12T14:32:59.504+0200] {dag.py:3239} INFO - Sync 1 DAGs
[2025-03-12T14:32:59.519+0200] {logging_mixin.py:190} INFO - [2025-03-12T14:32:59.519+0200] {dag.py:4180} INFO - Setting next_dagrun for example_time_delta_sensor_async to None, run_after=None
[2025-03-12T14:32:59.541+0200] {processor.py:208} INFO - Processing /home/munyah/.local/lib/python3.10/site-packages/airflow/example_dags/example_time_delta_sensor_async.py took 0.075 seconds
[2025-03-12T14:34:03.998+0200] {processor.py:186} INFO - Started process (PID=140010) to work on /home/munyah/.local/lib/python3.10/site-packages/airflow/example_dags/example_time_delta_sensor_async.py
[2025-03-12T14:34:03.999+0200] {processor.py:914} INFO - Processing file /home/munyah/.local/lib/python3.10/site-packages/airflow/example_dags/example_time_delta_sensor_async.py for tasks to queue
[2025-03-12T14:34:04.002+0200] {logging_mixin.py:190} INFO - [2025-03-12T14:34:04.002+0200] {dagbag.py:588} INFO - Filling up the DagBag from /home/munyah/.local/lib/python3.10/site-packages/airflow/example_dags/example_time_delta_sensor_async.py
[2025-03-12T14:34:04.011+0200] {processor.py:925} INFO - DAG(s) 'example_time_delta_sensor_async' retrieved from /home/munyah/.local/lib/python3.10/site-packages/airflow/example_dags/example_time_delta_sensor_async.py
[2025-03-12T14:34:04.030+0200] {logging_mixin.py:190} INFO - [2025-03-12T14:34:04.029+0200] {dag.py:3239} INFO - Sync 1 DAGs
[2025-03-12T14:34:04.045+0200] {logging_mixin.py:190} INFO - [2025-03-12T14:34:04.045+0200] {dag.py:4180} INFO - Setting next_dagrun for example_time_delta_sensor_async to None, run_after=None
[2025-03-12T14:34:04.068+0200] {processor.py:208} INFO - Processing /home/munyah/.local/lib/python3.10/site-packages/airflow/example_dags/example_time_delta_sensor_async.py took 0.078 seconds
[2025-03-12T14:35:08.544+0200] {processor.py:186} INFO - Started process (PID=140189) to work on /home/munyah/.local/lib/python3.10/site-packages/airflow/example_dags/example_time_delta_sensor_async.py
[2025-03-12T14:35:08.545+0200] {processor.py:914} INFO - Processing file /home/munyah/.local/lib/python3.10/site-packages/airflow/example_dags/example_time_delta_sensor_async.py for tasks to queue
[2025-03-12T14:35:08.548+0200] {logging_mixin.py:190} INFO - [2025-03-12T14:35:08.548+0200] {dagbag.py:588} INFO - Filling up the DagBag from /home/munyah/.local/lib/python3.10/site-packages/airflow/example_dags/example_time_delta_sensor_async.py
[2025-03-12T14:35:08.558+0200] {processor.py:925} INFO - DAG(s) 'example_time_delta_sensor_async' retrieved from /home/munyah/.local/lib/python3.10/site-packages/airflow/example_dags/example_time_delta_sensor_async.py
[2025-03-12T14:35:08.576+0200] {logging_mixin.py:190} INFO - [2025-03-12T14:35:08.576+0200] {dag.py:3239} INFO - Sync 1 DAGs
[2025-03-12T14:35:08.590+0200] {logging_mixin.py:190} INFO - [2025-03-12T14:35:08.590+0200] {dag.py:4180} INFO - Setting next_dagrun for example_time_delta_sensor_async to None, run_after=None
[2025-03-12T14:35:08.617+0200] {processor.py:208} INFO - Processing /home/munyah/.local/lib/python3.10/site-packages/airflow/example_dags/example_time_delta_sensor_async.py took 0.082 seconds
[2025-03-12T14:36:13.530+0200] {processor.py:186} INFO - Started process (PID=140390) to work on /home/munyah/.local/lib/python3.10/site-packages/airflow/example_dags/example_time_delta_sensor_async.py
[2025-03-12T14:36:13.532+0200] {processor.py:914} INFO - Processing file /home/munyah/.local/lib/python3.10/site-packages/airflow/example_dags/example_time_delta_sensor_async.py for tasks to queue
[2025-03-12T14:36:13.535+0200] {logging_mixin.py:190} INFO - [2025-03-12T14:36:13.535+0200] {dagbag.py:588} INFO - Filling up the DagBag from /home/munyah/.local/lib/python3.10/site-packages/airflow/example_dags/example_time_delta_sensor_async.py
[2025-03-12T14:36:13.544+0200] {processor.py:925} INFO - DAG(s) 'example_time_delta_sensor_async' retrieved from /home/munyah/.local/lib/python3.10/site-packages/airflow/example_dags/example_time_delta_sensor_async.py
[2025-03-12T14:36:13.567+0200] {logging_mixin.py:190} INFO - [2025-03-12T14:36:13.567+0200] {dag.py:3239} INFO - Sync 1 DAGs
[2025-03-12T14:36:13.583+0200] {logging_mixin.py:190} INFO - [2025-03-12T14:36:13.583+0200] {dag.py:4180} INFO - Setting next_dagrun for example_time_delta_sensor_async to None, run_after=None
[2025-03-12T14:36:13.607+0200] {processor.py:208} INFO - Processing /home/munyah/.local/lib/python3.10/site-packages/airflow/example_dags/example_time_delta_sensor_async.py took 0.085 seconds
[2025-03-12T14:37:17.736+0200] {processor.py:186} INFO - Started process (PID=140568) to work on /home/munyah/.local/lib/python3.10/site-packages/airflow/example_dags/example_time_delta_sensor_async.py
[2025-03-12T14:37:17.739+0200] {processor.py:914} INFO - Processing file /home/munyah/.local/lib/python3.10/site-packages/airflow/example_dags/example_time_delta_sensor_async.py for tasks to queue
[2025-03-12T14:37:17.745+0200] {logging_mixin.py:190} INFO - [2025-03-12T14:37:17.744+0200] {dagbag.py:588} INFO - Filling up the DagBag from /home/munyah/.local/lib/python3.10/site-packages/airflow/example_dags/example_time_delta_sensor_async.py
[2025-03-12T14:37:17.759+0200] {processor.py:925} INFO - DAG(s) 'example_time_delta_sensor_async' retrieved from /home/munyah/.local/lib/python3.10/site-packages/airflow/example_dags/example_time_delta_sensor_async.py
[2025-03-12T14:37:17.778+0200] {logging_mixin.py:190} INFO - [2025-03-12T14:37:17.778+0200] {dag.py:3239} INFO - Sync 1 DAGs
[2025-03-12T14:37:17.795+0200] {logging_mixin.py:190} INFO - [2025-03-12T14:37:17.795+0200] {dag.py:4180} INFO - Setting next_dagrun for example_time_delta_sensor_async to None, run_after=None
[2025-03-12T14:37:17.817+0200] {processor.py:208} INFO - Processing /home/munyah/.local/lib/python3.10/site-packages/airflow/example_dags/example_time_delta_sensor_async.py took 0.096 seconds
[2025-03-12T14:38:20.156+0200] {processor.py:186} INFO - Started process (PID=140676) to work on /home/munyah/.local/lib/python3.10/site-packages/airflow/example_dags/example_time_delta_sensor_async.py
[2025-03-12T14:38:20.158+0200] {processor.py:914} INFO - Processing file /home/munyah/.local/lib/python3.10/site-packages/airflow/example_dags/example_time_delta_sensor_async.py for tasks to queue
[2025-03-12T14:38:20.160+0200] {logging_mixin.py:190} INFO - [2025-03-12T14:38:20.160+0200] {dagbag.py:588} INFO - Filling up the DagBag from /home/munyah/.local/lib/python3.10/site-packages/airflow/example_dags/example_time_delta_sensor_async.py
[2025-03-12T14:38:20.168+0200] {processor.py:925} INFO - DAG(s) 'example_time_delta_sensor_async' retrieved from /home/munyah/.local/lib/python3.10/site-packages/airflow/example_dags/example_time_delta_sensor_async.py
[2025-03-12T14:38:20.185+0200] {logging_mixin.py:190} INFO - [2025-03-12T14:38:20.184+0200] {dag.py:3239} INFO - Sync 1 DAGs
[2025-03-12T14:38:20.199+0200] {logging_mixin.py:190} INFO - [2025-03-12T14:38:20.198+0200] {dag.py:4180} INFO - Setting next_dagrun for example_time_delta_sensor_async to None, run_after=None
[2025-03-12T14:38:20.219+0200] {processor.py:208} INFO - Processing /home/munyah/.local/lib/python3.10/site-packages/airflow/example_dags/example_time_delta_sensor_async.py took 0.071 seconds
[2025-03-12T14:39:27.167+0200] {processor.py:186} INFO - Started process (PID=140756) to work on /home/munyah/.local/lib/python3.10/site-packages/airflow/example_dags/example_time_delta_sensor_async.py
[2025-03-12T14:39:27.169+0200] {processor.py:914} INFO - Processing file /home/munyah/.local/lib/python3.10/site-packages/airflow/example_dags/example_time_delta_sensor_async.py for tasks to queue
[2025-03-12T14:39:27.174+0200] {logging_mixin.py:190} INFO - [2025-03-12T14:39:27.173+0200] {dagbag.py:588} INFO - Filling up the DagBag from /home/munyah/.local/lib/python3.10/site-packages/airflow/example_dags/example_time_delta_sensor_async.py
[2025-03-12T14:39:27.186+0200] {processor.py:925} INFO - DAG(s) 'example_time_delta_sensor_async' retrieved from /home/munyah/.local/lib/python3.10/site-packages/airflow/example_dags/example_time_delta_sensor_async.py
[2025-03-12T14:39:27.205+0200] {logging_mixin.py:190} INFO - [2025-03-12T14:39:27.204+0200] {dag.py:3239} INFO - Sync 1 DAGs
[2025-03-12T14:39:27.219+0200] {logging_mixin.py:190} INFO - [2025-03-12T14:39:27.219+0200] {dag.py:4180} INFO - Setting next_dagrun for example_time_delta_sensor_async to None, run_after=None
[2025-03-12T14:39:27.240+0200] {processor.py:208} INFO - Processing /home/munyah/.local/lib/python3.10/site-packages/airflow/example_dags/example_time_delta_sensor_async.py took 0.087 seconds
[2025-03-12T14:40:32.958+0200] {processor.py:186} INFO - Started process (PID=140893) to work on /home/munyah/.local/lib/python3.10/site-packages/airflow/example_dags/example_time_delta_sensor_async.py
[2025-03-12T14:40:32.959+0200] {processor.py:914} INFO - Processing file /home/munyah/.local/lib/python3.10/site-packages/airflow/example_dags/example_time_delta_sensor_async.py for tasks to queue
[2025-03-12T14:40:32.961+0200] {logging_mixin.py:190} INFO - [2025-03-12T14:40:32.961+0200] {dagbag.py:588} INFO - Filling up the DagBag from /home/munyah/.local/lib/python3.10/site-packages/airflow/example_dags/example_time_delta_sensor_async.py
[2025-03-12T14:40:32.969+0200] {processor.py:925} INFO - DAG(s) 'example_time_delta_sensor_async' retrieved from /home/munyah/.local/lib/python3.10/site-packages/airflow/example_dags/example_time_delta_sensor_async.py
[2025-03-12T14:40:32.986+0200] {logging_mixin.py:190} INFO - [2025-03-12T14:40:32.985+0200] {dag.py:3239} INFO - Sync 1 DAGs
[2025-03-12T14:40:32.999+0200] {logging_mixin.py:190} INFO - [2025-03-12T14:40:32.999+0200] {dag.py:4180} INFO - Setting next_dagrun for example_time_delta_sensor_async to None, run_after=None
[2025-03-12T14:40:33.021+0200] {processor.py:208} INFO - Processing /home/munyah/.local/lib/python3.10/site-packages/airflow/example_dags/example_time_delta_sensor_async.py took 0.071 seconds
[2025-03-12T14:41:36.350+0200] {processor.py:186} INFO - Started process (PID=141200) to work on /home/munyah/.local/lib/python3.10/site-packages/airflow/example_dags/example_time_delta_sensor_async.py
[2025-03-12T14:41:36.352+0200] {processor.py:914} INFO - Processing file /home/munyah/.local/lib/python3.10/site-packages/airflow/example_dags/example_time_delta_sensor_async.py for tasks to queue
[2025-03-12T14:41:36.354+0200] {logging_mixin.py:190} INFO - [2025-03-12T14:41:36.354+0200] {dagbag.py:588} INFO - Filling up the DagBag from /home/munyah/.local/lib/python3.10/site-packages/airflow/example_dags/example_time_delta_sensor_async.py
[2025-03-12T14:41:36.364+0200] {processor.py:925} INFO - DAG(s) 'example_time_delta_sensor_async' retrieved from /home/munyah/.local/lib/python3.10/site-packages/airflow/example_dags/example_time_delta_sensor_async.py
[2025-03-12T14:41:36.382+0200] {logging_mixin.py:190} INFO - [2025-03-12T14:41:36.381+0200] {dag.py:3239} INFO - Sync 1 DAGs
[2025-03-12T14:41:36.399+0200] {logging_mixin.py:190} INFO - [2025-03-12T14:41:36.398+0200] {dag.py:4180} INFO - Setting next_dagrun for example_time_delta_sensor_async to None, run_after=None
[2025-03-12T14:41:36.420+0200] {processor.py:208} INFO - Processing /home/munyah/.local/lib/python3.10/site-packages/airflow/example_dags/example_time_delta_sensor_async.py took 0.081 seconds
[2025-03-12T14:42:37.555+0200] {processor.py:186} INFO - Started process (PID=141402) to work on /home/munyah/.local/lib/python3.10/site-packages/airflow/example_dags/example_time_delta_sensor_async.py
[2025-03-12T14:42:37.556+0200] {processor.py:914} INFO - Processing file /home/munyah/.local/lib/python3.10/site-packages/airflow/example_dags/example_time_delta_sensor_async.py for tasks to queue
[2025-03-12T14:42:37.558+0200] {logging_mixin.py:190} INFO - [2025-03-12T14:42:37.558+0200] {dagbag.py:588} INFO - Filling up the DagBag from /home/munyah/.local/lib/python3.10/site-packages/airflow/example_dags/example_time_delta_sensor_async.py
[2025-03-12T14:42:37.568+0200] {processor.py:925} INFO - DAG(s) 'example_time_delta_sensor_async' retrieved from /home/munyah/.local/lib/python3.10/site-packages/airflow/example_dags/example_time_delta_sensor_async.py
[2025-03-12T14:42:37.585+0200] {logging_mixin.py:190} INFO - [2025-03-12T14:42:37.585+0200] {dag.py:3239} INFO - Sync 1 DAGs
[2025-03-12T14:42:37.601+0200] {logging_mixin.py:190} INFO - [2025-03-12T14:42:37.601+0200] {dag.py:4180} INFO - Setting next_dagrun for example_time_delta_sensor_async to None, run_after=None
[2025-03-12T14:42:37.623+0200] {processor.py:208} INFO - Processing /home/munyah/.local/lib/python3.10/site-packages/airflow/example_dags/example_time_delta_sensor_async.py took 0.075 seconds
[2025-03-12T14:43:36.172+0200] {processor.py:186} INFO - Started process (PID=141564) to work on /home/munyah/.local/lib/python3.10/site-packages/airflow/example_dags/example_time_delta_sensor_async.py
[2025-03-12T14:43:36.174+0200] {processor.py:914} INFO - Processing file /home/munyah/.local/lib/python3.10/site-packages/airflow/example_dags/example_time_delta_sensor_async.py for tasks to queue
[2025-03-12T14:43:36.177+0200] {logging_mixin.py:190} INFO - [2025-03-12T14:43:36.177+0200] {dagbag.py:588} INFO - Filling up the DagBag from /home/munyah/.local/lib/python3.10/site-packages/airflow/example_dags/example_time_delta_sensor_async.py
[2025-03-12T14:43:36.190+0200] {processor.py:925} INFO - DAG(s) 'example_time_delta_sensor_async' retrieved from /home/munyah/.local/lib/python3.10/site-packages/airflow/example_dags/example_time_delta_sensor_async.py
[2025-03-12T14:43:36.214+0200] {logging_mixin.py:190} INFO - [2025-03-12T14:43:36.214+0200] {dag.py:3239} INFO - Sync 1 DAGs
[2025-03-12T14:43:36.232+0200] {logging_mixin.py:190} INFO - [2025-03-12T14:43:36.232+0200] {dag.py:4180} INFO - Setting next_dagrun for example_time_delta_sensor_async to None, run_after=None
[2025-03-12T14:43:36.255+0200] {processor.py:208} INFO - Processing /home/munyah/.local/lib/python3.10/site-packages/airflow/example_dags/example_time_delta_sensor_async.py took 0.094 seconds
[2025-03-12T14:44:35.757+0200] {processor.py:186} INFO - Started process (PID=141758) to work on /home/munyah/.local/lib/python3.10/site-packages/airflow/example_dags/example_time_delta_sensor_async.py
[2025-03-12T14:44:35.759+0200] {processor.py:914} INFO - Processing file /home/munyah/.local/lib/python3.10/site-packages/airflow/example_dags/example_time_delta_sensor_async.py for tasks to queue
[2025-03-12T14:44:35.762+0200] {logging_mixin.py:190} INFO - [2025-03-12T14:44:35.761+0200] {dagbag.py:588} INFO - Filling up the DagBag from /home/munyah/.local/lib/python3.10/site-packages/airflow/example_dags/example_time_delta_sensor_async.py
[2025-03-12T14:44:35.772+0200] {processor.py:925} INFO - DAG(s) 'example_time_delta_sensor_async' retrieved from /home/munyah/.local/lib/python3.10/site-packages/airflow/example_dags/example_time_delta_sensor_async.py
[2025-03-12T14:44:35.789+0200] {logging_mixin.py:190} INFO - [2025-03-12T14:44:35.789+0200] {dag.py:3239} INFO - Sync 1 DAGs
[2025-03-12T14:44:35.804+0200] {logging_mixin.py:190} INFO - [2025-03-12T14:44:35.804+0200] {dag.py:4180} INFO - Setting next_dagrun for example_time_delta_sensor_async to None, run_after=None
[2025-03-12T14:44:35.827+0200] {processor.py:208} INFO - Processing /home/munyah/.local/lib/python3.10/site-packages/airflow/example_dags/example_time_delta_sensor_async.py took 0.078 seconds
[2025-03-12T14:45:35.711+0200] {processor.py:186} INFO - Started process (PID=141920) to work on /home/munyah/.local/lib/python3.10/site-packages/airflow/example_dags/example_time_delta_sensor_async.py
[2025-03-12T14:45:35.713+0200] {processor.py:914} INFO - Processing file /home/munyah/.local/lib/python3.10/site-packages/airflow/example_dags/example_time_delta_sensor_async.py for tasks to queue
[2025-03-12T14:45:35.717+0200] {logging_mixin.py:190} INFO - [2025-03-12T14:45:35.716+0200] {dagbag.py:588} INFO - Filling up the DagBag from /home/munyah/.local/lib/python3.10/site-packages/airflow/example_dags/example_time_delta_sensor_async.py
[2025-03-12T14:45:35.731+0200] {processor.py:925} INFO - DAG(s) 'example_time_delta_sensor_async' retrieved from /home/munyah/.local/lib/python3.10/site-packages/airflow/example_dags/example_time_delta_sensor_async.py
[2025-03-12T14:45:35.757+0200] {logging_mixin.py:190} INFO - [2025-03-12T14:45:35.756+0200] {dag.py:3239} INFO - Sync 1 DAGs
[2025-03-12T14:45:35.779+0200] {logging_mixin.py:190} INFO - [2025-03-12T14:45:35.778+0200] {dag.py:4180} INFO - Setting next_dagrun for example_time_delta_sensor_async to None, run_after=None
[2025-03-12T14:45:35.810+0200] {processor.py:208} INFO - Processing /home/munyah/.local/lib/python3.10/site-packages/airflow/example_dags/example_time_delta_sensor_async.py took 0.113 seconds
[2025-03-12T14:46:34.268+0200] {processor.py:186} INFO - Started process (PID=142177) to work on /home/munyah/.local/lib/python3.10/site-packages/airflow/example_dags/example_time_delta_sensor_async.py
[2025-03-12T14:46:34.270+0200] {processor.py:914} INFO - Processing file /home/munyah/.local/lib/python3.10/site-packages/airflow/example_dags/example_time_delta_sensor_async.py for tasks to queue
[2025-03-12T14:46:34.274+0200] {logging_mixin.py:190} INFO - [2025-03-12T14:46:34.273+0200] {dagbag.py:588} INFO - Filling up the DagBag from /home/munyah/.local/lib/python3.10/site-packages/airflow/example_dags/example_time_delta_sensor_async.py
[2025-03-12T14:46:34.288+0200] {processor.py:925} INFO - DAG(s) 'example_time_delta_sensor_async' retrieved from /home/munyah/.local/lib/python3.10/site-packages/airflow/example_dags/example_time_delta_sensor_async.py
[2025-03-12T14:46:34.306+0200] {logging_mixin.py:190} INFO - [2025-03-12T14:46:34.306+0200] {dag.py:3239} INFO - Sync 1 DAGs
[2025-03-12T14:46:34.320+0200] {logging_mixin.py:190} INFO - [2025-03-12T14:46:34.319+0200] {dag.py:4180} INFO - Setting next_dagrun for example_time_delta_sensor_async to None, run_after=None
[2025-03-12T14:46:34.342+0200] {processor.py:208} INFO - Processing /home/munyah/.local/lib/python3.10/site-packages/airflow/example_dags/example_time_delta_sensor_async.py took 0.086 seconds
[2025-03-12T14:49:30.678+0200] {processor.py:186} INFO - Started process (PID=142761) to work on /home/munyah/.local/lib/python3.10/site-packages/airflow/example_dags/example_time_delta_sensor_async.py
[2025-03-12T14:49:30.715+0200] {processor.py:914} INFO - Processing file /home/munyah/.local/lib/python3.10/site-packages/airflow/example_dags/example_time_delta_sensor_async.py for tasks to queue
[2025-03-12T14:49:30.738+0200] {logging_mixin.py:190} INFO - [2025-03-12T14:49:30.735+0200] {dagbag.py:588} INFO - Filling up the DagBag from /home/munyah/.local/lib/python3.10/site-packages/airflow/example_dags/example_time_delta_sensor_async.py
[2025-03-12T14:49:30.798+0200] {processor.py:925} INFO - DAG(s) 'example_time_delta_sensor_async' retrieved from /home/munyah/.local/lib/python3.10/site-packages/airflow/example_dags/example_time_delta_sensor_async.py
[2025-03-12T14:49:30.839+0200] {logging_mixin.py:190} INFO - [2025-03-12T14:49:30.838+0200] {dag.py:3239} INFO - Sync 1 DAGs
[2025-03-12T14:49:30.867+0200] {logging_mixin.py:190} INFO - [2025-03-12T14:49:30.867+0200] {dag.py:4180} INFO - Setting next_dagrun for example_time_delta_sensor_async to None, run_after=None
[2025-03-12T14:49:31.111+0200] {processor.py:208} INFO - Processing /home/munyah/.local/lib/python3.10/site-packages/airflow/example_dags/example_time_delta_sensor_async.py took 0.463 seconds
[2025-03-12T14:50:51.564+0200] {processor.py:186} INFO - Started process (PID=142983) to work on /home/munyah/.local/lib/python3.10/site-packages/airflow/example_dags/example_time_delta_sensor_async.py
[2025-03-12T14:50:51.566+0200] {processor.py:914} INFO - Processing file /home/munyah/.local/lib/python3.10/site-packages/airflow/example_dags/example_time_delta_sensor_async.py for tasks to queue
[2025-03-12T14:50:51.569+0200] {logging_mixin.py:190} INFO - [2025-03-12T14:50:51.569+0200] {dagbag.py:588} INFO - Filling up the DagBag from /home/munyah/.local/lib/python3.10/site-packages/airflow/example_dags/example_time_delta_sensor_async.py
[2025-03-12T14:50:51.578+0200] {processor.py:925} INFO - DAG(s) 'example_time_delta_sensor_async' retrieved from /home/munyah/.local/lib/python3.10/site-packages/airflow/example_dags/example_time_delta_sensor_async.py
[2025-03-12T14:50:51.597+0200] {logging_mixin.py:190} INFO - [2025-03-12T14:50:51.597+0200] {dag.py:3239} INFO - Sync 1 DAGs
[2025-03-12T14:50:51.616+0200] {logging_mixin.py:190} INFO - [2025-03-12T14:50:51.615+0200] {dag.py:4180} INFO - Setting next_dagrun for example_time_delta_sensor_async to None, run_after=None
[2025-03-12T14:50:51.649+0200] {processor.py:208} INFO - Processing /home/munyah/.local/lib/python3.10/site-packages/airflow/example_dags/example_time_delta_sensor_async.py took 0.092 seconds
[2025-03-12T14:51:56.842+0200] {processor.py:186} INFO - Started process (PID=143219) to work on /home/munyah/.local/lib/python3.10/site-packages/airflow/example_dags/example_time_delta_sensor_async.py
[2025-03-12T14:51:56.844+0200] {processor.py:914} INFO - Processing file /home/munyah/.local/lib/python3.10/site-packages/airflow/example_dags/example_time_delta_sensor_async.py for tasks to queue
[2025-03-12T14:51:56.846+0200] {logging_mixin.py:190} INFO - [2025-03-12T14:51:56.846+0200] {dagbag.py:588} INFO - Filling up the DagBag from /home/munyah/.local/lib/python3.10/site-packages/airflow/example_dags/example_time_delta_sensor_async.py
[2025-03-12T14:51:56.856+0200] {processor.py:925} INFO - DAG(s) 'example_time_delta_sensor_async' retrieved from /home/munyah/.local/lib/python3.10/site-packages/airflow/example_dags/example_time_delta_sensor_async.py
[2025-03-12T14:51:56.872+0200] {logging_mixin.py:190} INFO - [2025-03-12T14:51:56.872+0200] {dag.py:3239} INFO - Sync 1 DAGs
[2025-03-12T14:51:56.888+0200] {logging_mixin.py:190} INFO - [2025-03-12T14:51:56.888+0200] {dag.py:4180} INFO - Setting next_dagrun for example_time_delta_sensor_async to None, run_after=None
[2025-03-12T14:51:56.910+0200] {processor.py:208} INFO - Processing /home/munyah/.local/lib/python3.10/site-packages/airflow/example_dags/example_time_delta_sensor_async.py took 0.075 seconds
[2025-03-12T14:53:10.186+0200] {processor.py:186} INFO - Started process (PID=143443) to work on /home/munyah/.local/lib/python3.10/site-packages/airflow/example_dags/example_time_delta_sensor_async.py
[2025-03-12T14:53:10.188+0200] {processor.py:914} INFO - Processing file /home/munyah/.local/lib/python3.10/site-packages/airflow/example_dags/example_time_delta_sensor_async.py for tasks to queue
[2025-03-12T14:53:10.191+0200] {logging_mixin.py:190} INFO - [2025-03-12T14:53:10.191+0200] {dagbag.py:588} INFO - Filling up the DagBag from /home/munyah/.local/lib/python3.10/site-packages/airflow/example_dags/example_time_delta_sensor_async.py
[2025-03-12T14:53:10.206+0200] {processor.py:925} INFO - DAG(s) 'example_time_delta_sensor_async' retrieved from /home/munyah/.local/lib/python3.10/site-packages/airflow/example_dags/example_time_delta_sensor_async.py
[2025-03-12T14:53:10.233+0200] {logging_mixin.py:190} INFO - [2025-03-12T14:53:10.232+0200] {dag.py:3239} INFO - Sync 1 DAGs
[2025-03-12T14:53:10.258+0200] {logging_mixin.py:190} INFO - [2025-03-12T14:53:10.258+0200] {dag.py:4180} INFO - Setting next_dagrun for example_time_delta_sensor_async to None, run_after=None
[2025-03-12T14:53:10.290+0200] {processor.py:208} INFO - Processing /home/munyah/.local/lib/python3.10/site-packages/airflow/example_dags/example_time_delta_sensor_async.py took 0.115 seconds
