[2025-03-12T14:17:22.030+0200] {processor.py:186} INFO - Started process (PID=134371) to work on /home/munyah/.local/lib/python3.10/site-packages/airflow/example_dags/example_latest_only_with_trigger.py
[2025-03-12T14:17:22.031+0200] {processor.py:914} INFO - Processing file /home/munyah/.local/lib/python3.10/site-packages/airflow/example_dags/example_latest_only_with_trigger.py for tasks to queue
[2025-03-12T14:17:22.035+0200] {logging_mixin.py:190} INFO - [2025-03-12T14:17:22.035+0200] {dagbag.py:588} INFO - Filling up the DagBag from /home/munyah/.local/lib/python3.10/site-packages/airflow/example_dags/example_latest_only_with_trigger.py
[2025-03-12T14:17:22.049+0200] {processor.py:925} INFO - DAG(s) 'latest_only_with_trigger' retrieved from /home/munyah/.local/lib/python3.10/site-packages/airflow/example_dags/example_latest_only_with_trigger.py
[2025-03-12T14:17:22.068+0200] {logging_mixin.py:190} INFO - [2025-03-12T14:17:22.067+0200] {dag.py:3239} INFO - Sync 1 DAGs
[2025-03-12T14:17:22.089+0200] {logging_mixin.py:190} INFO - [2025-03-12T14:17:22.088+0200] {dag.py:4180} INFO - Setting next_dagrun for latest_only_with_trigger to 2025-03-12 08:00:00+00:00, run_after=2025-03-12 12:00:00+00:00
[2025-03-12T14:17:22.113+0200] {processor.py:208} INFO - Processing /home/munyah/.local/lib/python3.10/site-packages/airflow/example_dags/example_latest_only_with_trigger.py took 0.099 seconds
[2025-03-12T14:18:26.770+0200] {processor.py:186} INFO - Started process (PID=134699) to work on /home/munyah/.local/lib/python3.10/site-packages/airflow/example_dags/example_latest_only_with_trigger.py
[2025-03-12T14:18:26.771+0200] {processor.py:914} INFO - Processing file /home/munyah/.local/lib/python3.10/site-packages/airflow/example_dags/example_latest_only_with_trigger.py for tasks to queue
[2025-03-12T14:18:26.773+0200] {logging_mixin.py:190} INFO - [2025-03-12T14:18:26.773+0200] {dagbag.py:588} INFO - Filling up the DagBag from /home/munyah/.local/lib/python3.10/site-packages/airflow/example_dags/example_latest_only_with_trigger.py
[2025-03-12T14:18:26.783+0200] {processor.py:925} INFO - DAG(s) 'latest_only_with_trigger' retrieved from /home/munyah/.local/lib/python3.10/site-packages/airflow/example_dags/example_latest_only_with_trigger.py
[2025-03-12T14:18:26.803+0200] {logging_mixin.py:190} INFO - [2025-03-12T14:18:26.803+0200] {dag.py:3239} INFO - Sync 1 DAGs
[2025-03-12T14:18:26.827+0200] {logging_mixin.py:190} INFO - [2025-03-12T14:18:26.827+0200] {dag.py:4180} INFO - Setting next_dagrun for latest_only_with_trigger to 2025-03-12 08:00:00+00:00, run_after=2025-03-12 12:00:00+00:00
[2025-03-12T14:18:26.850+0200] {processor.py:208} INFO - Processing /home/munyah/.local/lib/python3.10/site-packages/airflow/example_dags/example_latest_only_with_trigger.py took 0.088 seconds
[2025-03-12T14:19:25.538+0200] {processor.py:186} INFO - Started process (PID=134954) to work on /home/munyah/.local/lib/python3.10/site-packages/airflow/example_dags/example_latest_only_with_trigger.py
[2025-03-12T14:19:25.540+0200] {processor.py:914} INFO - Processing file /home/munyah/.local/lib/python3.10/site-packages/airflow/example_dags/example_latest_only_with_trigger.py for tasks to queue
[2025-03-12T14:19:25.542+0200] {logging_mixin.py:190} INFO - [2025-03-12T14:19:25.542+0200] {dagbag.py:588} INFO - Filling up the DagBag from /home/munyah/.local/lib/python3.10/site-packages/airflow/example_dags/example_latest_only_with_trigger.py
[2025-03-12T14:19:25.551+0200] {processor.py:925} INFO - DAG(s) 'latest_only_with_trigger' retrieved from /home/munyah/.local/lib/python3.10/site-packages/airflow/example_dags/example_latest_only_with_trigger.py
[2025-03-12T14:19:25.569+0200] {logging_mixin.py:190} INFO - [2025-03-12T14:19:25.569+0200] {dag.py:3239} INFO - Sync 1 DAGs
[2025-03-12T14:19:25.591+0200] {logging_mixin.py:190} INFO - [2025-03-12T14:19:25.591+0200] {dag.py:4180} INFO - Setting next_dagrun for latest_only_with_trigger to 2025-03-12 08:00:00+00:00, run_after=2025-03-12 12:00:00+00:00
[2025-03-12T14:19:25.613+0200] {processor.py:208} INFO - Processing /home/munyah/.local/lib/python3.10/site-packages/airflow/example_dags/example_latest_only_with_trigger.py took 0.082 seconds
[2025-03-12T14:20:23.189+0200] {processor.py:186} INFO - Started process (PID=135114) to work on /home/munyah/.local/lib/python3.10/site-packages/airflow/example_dags/example_latest_only_with_trigger.py
[2025-03-12T14:20:23.191+0200] {processor.py:914} INFO - Processing file /home/munyah/.local/lib/python3.10/site-packages/airflow/example_dags/example_latest_only_with_trigger.py for tasks to queue
[2025-03-12T14:20:23.194+0200] {logging_mixin.py:190} INFO - [2025-03-12T14:20:23.193+0200] {dagbag.py:588} INFO - Filling up the DagBag from /home/munyah/.local/lib/python3.10/site-packages/airflow/example_dags/example_latest_only_with_trigger.py
[2025-03-12T14:20:23.203+0200] {processor.py:925} INFO - DAG(s) 'latest_only_with_trigger' retrieved from /home/munyah/.local/lib/python3.10/site-packages/airflow/example_dags/example_latest_only_with_trigger.py
[2025-03-12T14:20:23.220+0200] {logging_mixin.py:190} INFO - [2025-03-12T14:20:23.220+0200] {dag.py:3239} INFO - Sync 1 DAGs
[2025-03-12T14:20:23.242+0200] {logging_mixin.py:190} INFO - [2025-03-12T14:20:23.242+0200] {dag.py:4180} INFO - Setting next_dagrun for latest_only_with_trigger to 2025-03-12 08:00:00+00:00, run_after=2025-03-12 12:00:00+00:00
[2025-03-12T14:20:23.265+0200] {processor.py:208} INFO - Processing /home/munyah/.local/lib/python3.10/site-packages/airflow/example_dags/example_latest_only_with_trigger.py took 0.085 seconds
[2025-03-12T14:21:20.711+0200] {processor.py:186} INFO - Started process (PID=135308) to work on /home/munyah/.local/lib/python3.10/site-packages/airflow/example_dags/example_latest_only_with_trigger.py
[2025-03-12T14:21:20.712+0200] {processor.py:914} INFO - Processing file /home/munyah/.local/lib/python3.10/site-packages/airflow/example_dags/example_latest_only_with_trigger.py for tasks to queue
[2025-03-12T14:21:20.714+0200] {logging_mixin.py:190} INFO - [2025-03-12T14:21:20.714+0200] {dagbag.py:588} INFO - Filling up the DagBag from /home/munyah/.local/lib/python3.10/site-packages/airflow/example_dags/example_latest_only_with_trigger.py
[2025-03-12T14:21:20.724+0200] {processor.py:925} INFO - DAG(s) 'latest_only_with_trigger' retrieved from /home/munyah/.local/lib/python3.10/site-packages/airflow/example_dags/example_latest_only_with_trigger.py
[2025-03-12T14:21:20.742+0200] {logging_mixin.py:190} INFO - [2025-03-12T14:21:20.742+0200] {dag.py:3239} INFO - Sync 1 DAGs
[2025-03-12T14:21:20.764+0200] {logging_mixin.py:190} INFO - [2025-03-12T14:21:20.764+0200] {dag.py:4180} INFO - Setting next_dagrun for latest_only_with_trigger to 2025-03-12 08:00:00+00:00, run_after=2025-03-12 12:00:00+00:00
[2025-03-12T14:21:20.787+0200] {processor.py:208} INFO - Processing /home/munyah/.local/lib/python3.10/site-packages/airflow/example_dags/example_latest_only_with_trigger.py took 0.083 seconds
[2025-03-12T14:22:15.838+0200] {processor.py:186} INFO - Started process (PID=135530) to work on /home/munyah/.local/lib/python3.10/site-packages/airflow/example_dags/example_latest_only_with_trigger.py
[2025-03-12T14:22:15.839+0200] {processor.py:914} INFO - Processing file /home/munyah/.local/lib/python3.10/site-packages/airflow/example_dags/example_latest_only_with_trigger.py for tasks to queue
[2025-03-12T14:22:15.842+0200] {logging_mixin.py:190} INFO - [2025-03-12T14:22:15.842+0200] {dagbag.py:588} INFO - Filling up the DagBag from /home/munyah/.local/lib/python3.10/site-packages/airflow/example_dags/example_latest_only_with_trigger.py
[2025-03-12T14:22:15.854+0200] {processor.py:925} INFO - DAG(s) 'latest_only_with_trigger' retrieved from /home/munyah/.local/lib/python3.10/site-packages/airflow/example_dags/example_latest_only_with_trigger.py
[2025-03-12T14:22:15.874+0200] {logging_mixin.py:190} INFO - [2025-03-12T14:22:15.873+0200] {dag.py:3239} INFO - Sync 1 DAGs
[2025-03-12T14:22:15.897+0200] {logging_mixin.py:190} INFO - [2025-03-12T14:22:15.897+0200] {dag.py:4180} INFO - Setting next_dagrun for latest_only_with_trigger to 2025-03-12 08:00:00+00:00, run_after=2025-03-12 12:00:00+00:00
[2025-03-12T14:22:15.921+0200] {processor.py:208} INFO - Processing /home/munyah/.local/lib/python3.10/site-packages/airflow/example_dags/example_latest_only_with_trigger.py took 0.092 seconds
[2025-03-12T14:23:21.219+0200] {processor.py:186} INFO - Started process (PID=136442) to work on /home/munyah/.local/lib/python3.10/site-packages/airflow/example_dags/example_latest_only_with_trigger.py
[2025-03-12T14:23:21.220+0200] {processor.py:914} INFO - Processing file /home/munyah/.local/lib/python3.10/site-packages/airflow/example_dags/example_latest_only_with_trigger.py for tasks to queue
[2025-03-12T14:23:21.222+0200] {logging_mixin.py:190} INFO - [2025-03-12T14:23:21.222+0200] {dagbag.py:588} INFO - Filling up the DagBag from /home/munyah/.local/lib/python3.10/site-packages/airflow/example_dags/example_latest_only_with_trigger.py
[2025-03-12T14:23:21.232+0200] {processor.py:925} INFO - DAG(s) 'latest_only_with_trigger' retrieved from /home/munyah/.local/lib/python3.10/site-packages/airflow/example_dags/example_latest_only_with_trigger.py
[2025-03-12T14:23:21.251+0200] {logging_mixin.py:190} INFO - [2025-03-12T14:23:21.250+0200] {dag.py:3239} INFO - Sync 1 DAGs
[2025-03-12T14:23:21.275+0200] {logging_mixin.py:190} INFO - [2025-03-12T14:23:21.274+0200] {dag.py:4180} INFO - Setting next_dagrun for latest_only_with_trigger to 2025-03-12 08:00:00+00:00, run_after=2025-03-12 12:00:00+00:00
[2025-03-12T14:23:21.298+0200] {processor.py:208} INFO - Processing /home/munyah/.local/lib/python3.10/site-packages/airflow/example_dags/example_latest_only_with_trigger.py took 0.087 seconds
[2025-03-12T14:24:31.138+0200] {processor.py:186} INFO - Started process (PID=136734) to work on /home/munyah/.local/lib/python3.10/site-packages/airflow/example_dags/example_latest_only_with_trigger.py
[2025-03-12T14:24:31.139+0200] {processor.py:914} INFO - Processing file /home/munyah/.local/lib/python3.10/site-packages/airflow/example_dags/example_latest_only_with_trigger.py for tasks to queue
[2025-03-12T14:24:31.141+0200] {logging_mixin.py:190} INFO - [2025-03-12T14:24:31.141+0200] {dagbag.py:588} INFO - Filling up the DagBag from /home/munyah/.local/lib/python3.10/site-packages/airflow/example_dags/example_latest_only_with_trigger.py
[2025-03-12T14:24:31.152+0200] {processor.py:925} INFO - DAG(s) 'latest_only_with_trigger' retrieved from /home/munyah/.local/lib/python3.10/site-packages/airflow/example_dags/example_latest_only_with_trigger.py
[2025-03-12T14:24:31.171+0200] {logging_mixin.py:190} INFO - [2025-03-12T14:24:31.171+0200] {dag.py:3239} INFO - Sync 1 DAGs
[2025-03-12T14:24:31.195+0200] {logging_mixin.py:190} INFO - [2025-03-12T14:24:31.195+0200] {dag.py:4180} INFO - Setting next_dagrun for latest_only_with_trigger to 2025-03-12 08:00:00+00:00, run_after=2025-03-12 12:00:00+00:00
[2025-03-12T14:24:31.220+0200] {processor.py:208} INFO - Processing /home/munyah/.local/lib/python3.10/site-packages/airflow/example_dags/example_latest_only_with_trigger.py took 0.090 seconds
[2025-03-12T14:25:28.041+0200] {processor.py:186} INFO - Started process (PID=136891) to work on /home/munyah/.local/lib/python3.10/site-packages/airflow/example_dags/example_latest_only_with_trigger.py
[2025-03-12T14:25:28.043+0200] {processor.py:914} INFO - Processing file /home/munyah/.local/lib/python3.10/site-packages/airflow/example_dags/example_latest_only_with_trigger.py for tasks to queue
[2025-03-12T14:25:28.045+0200] {logging_mixin.py:190} INFO - [2025-03-12T14:25:28.045+0200] {dagbag.py:588} INFO - Filling up the DagBag from /home/munyah/.local/lib/python3.10/site-packages/airflow/example_dags/example_latest_only_with_trigger.py
[2025-03-12T14:25:28.055+0200] {processor.py:925} INFO - DAG(s) 'latest_only_with_trigger' retrieved from /home/munyah/.local/lib/python3.10/site-packages/airflow/example_dags/example_latest_only_with_trigger.py
[2025-03-12T14:25:28.075+0200] {logging_mixin.py:190} INFO - [2025-03-12T14:25:28.075+0200] {dag.py:3239} INFO - Sync 1 DAGs
[2025-03-12T14:25:28.098+0200] {logging_mixin.py:190} INFO - [2025-03-12T14:25:28.098+0200] {dag.py:4180} INFO - Setting next_dagrun for latest_only_with_trigger to 2025-03-12 08:00:00+00:00, run_after=2025-03-12 12:00:00+00:00
[2025-03-12T14:25:28.123+0200] {processor.py:208} INFO - Processing /home/munyah/.local/lib/python3.10/site-packages/airflow/example_dags/example_latest_only_with_trigger.py took 0.089 seconds
[2025-03-12T14:26:27.343+0200] {processor.py:186} INFO - Started process (PID=137102) to work on /home/munyah/.local/lib/python3.10/site-packages/airflow/example_dags/example_latest_only_with_trigger.py
[2025-03-12T14:26:27.345+0200] {processor.py:914} INFO - Processing file /home/munyah/.local/lib/python3.10/site-packages/airflow/example_dags/example_latest_only_with_trigger.py for tasks to queue
[2025-03-12T14:26:27.347+0200] {logging_mixin.py:190} INFO - [2025-03-12T14:26:27.347+0200] {dagbag.py:588} INFO - Filling up the DagBag from /home/munyah/.local/lib/python3.10/site-packages/airflow/example_dags/example_latest_only_with_trigger.py
[2025-03-12T14:26:27.358+0200] {processor.py:925} INFO - DAG(s) 'latest_only_with_trigger' retrieved from /home/munyah/.local/lib/python3.10/site-packages/airflow/example_dags/example_latest_only_with_trigger.py
[2025-03-12T14:26:27.376+0200] {logging_mixin.py:190} INFO - [2025-03-12T14:26:27.376+0200] {dag.py:3239} INFO - Sync 1 DAGs
[2025-03-12T14:26:27.398+0200] {logging_mixin.py:190} INFO - [2025-03-12T14:26:27.398+0200] {dag.py:4180} INFO - Setting next_dagrun for latest_only_with_trigger to 2025-03-12 08:00:00+00:00, run_after=2025-03-12 12:00:00+00:00
[2025-03-12T14:26:27.422+0200] {processor.py:208} INFO - Processing /home/munyah/.local/lib/python3.10/site-packages/airflow/example_dags/example_latest_only_with_trigger.py took 0.086 seconds
[2025-03-12T14:27:28.778+0200] {processor.py:186} INFO - Started process (PID=137321) to work on /home/munyah/.local/lib/python3.10/site-packages/airflow/example_dags/example_latest_only_with_trigger.py
[2025-03-12T14:27:28.780+0200] {processor.py:914} INFO - Processing file /home/munyah/.local/lib/python3.10/site-packages/airflow/example_dags/example_latest_only_with_trigger.py for tasks to queue
[2025-03-12T14:27:28.783+0200] {logging_mixin.py:190} INFO - [2025-03-12T14:27:28.782+0200] {dagbag.py:588} INFO - Filling up the DagBag from /home/munyah/.local/lib/python3.10/site-packages/airflow/example_dags/example_latest_only_with_trigger.py
[2025-03-12T14:27:28.796+0200] {processor.py:925} INFO - DAG(s) 'latest_only_with_trigger' retrieved from /home/munyah/.local/lib/python3.10/site-packages/airflow/example_dags/example_latest_only_with_trigger.py
[2025-03-12T14:27:28.816+0200] {logging_mixin.py:190} INFO - [2025-03-12T14:27:28.815+0200] {dag.py:3239} INFO - Sync 1 DAGs
[2025-03-12T14:27:28.840+0200] {logging_mixin.py:190} INFO - [2025-03-12T14:27:28.840+0200] {dag.py:4180} INFO - Setting next_dagrun for latest_only_with_trigger to 2025-03-12 08:00:00+00:00, run_after=2025-03-12 12:00:00+00:00
[2025-03-12T14:27:28.861+0200] {processor.py:208} INFO - Processing /home/munyah/.local/lib/python3.10/site-packages/airflow/example_dags/example_latest_only_with_trigger.py took 0.091 seconds
[2025-03-12T14:28:30.963+0200] {processor.py:186} INFO - Started process (PID=137491) to work on /home/munyah/.local/lib/python3.10/site-packages/airflow/example_dags/example_latest_only_with_trigger.py
[2025-03-12T14:28:30.964+0200] {processor.py:914} INFO - Processing file /home/munyah/.local/lib/python3.10/site-packages/airflow/example_dags/example_latest_only_with_trigger.py for tasks to queue
[2025-03-12T14:28:30.968+0200] {logging_mixin.py:190} INFO - [2025-03-12T14:28:30.967+0200] {dagbag.py:588} INFO - Filling up the DagBag from /home/munyah/.local/lib/python3.10/site-packages/airflow/example_dags/example_latest_only_with_trigger.py
[2025-03-12T14:28:30.982+0200] {processor.py:925} INFO - DAG(s) 'latest_only_with_trigger' retrieved from /home/munyah/.local/lib/python3.10/site-packages/airflow/example_dags/example_latest_only_with_trigger.py
[2025-03-12T14:28:31.003+0200] {logging_mixin.py:190} INFO - [2025-03-12T14:28:31.003+0200] {dag.py:3239} INFO - Sync 1 DAGs
[2025-03-12T14:28:31.026+0200] {logging_mixin.py:190} INFO - [2025-03-12T14:28:31.025+0200] {dag.py:4180} INFO - Setting next_dagrun for latest_only_with_trigger to 2025-03-12 08:00:00+00:00, run_after=2025-03-12 12:00:00+00:00
[2025-03-12T14:28:31.049+0200] {processor.py:208} INFO - Processing /home/munyah/.local/lib/python3.10/site-packages/airflow/example_dags/example_latest_only_with_trigger.py took 0.097 seconds
[2025-03-12T14:29:29.661+0200] {processor.py:186} INFO - Started process (PID=138329) to work on /home/munyah/.local/lib/python3.10/site-packages/airflow/example_dags/example_latest_only_with_trigger.py
[2025-03-12T14:29:29.662+0200] {processor.py:914} INFO - Processing file /home/munyah/.local/lib/python3.10/site-packages/airflow/example_dags/example_latest_only_with_trigger.py for tasks to queue
[2025-03-12T14:29:29.665+0200] {logging_mixin.py:190} INFO - [2025-03-12T14:29:29.664+0200] {dagbag.py:588} INFO - Filling up the DagBag from /home/munyah/.local/lib/python3.10/site-packages/airflow/example_dags/example_latest_only_with_trigger.py
[2025-03-12T14:29:29.674+0200] {processor.py:925} INFO - DAG(s) 'latest_only_with_trigger' retrieved from /home/munyah/.local/lib/python3.10/site-packages/airflow/example_dags/example_latest_only_with_trigger.py
[2025-03-12T14:29:29.693+0200] {logging_mixin.py:190} INFO - [2025-03-12T14:29:29.693+0200] {dag.py:3239} INFO - Sync 1 DAGs
[2025-03-12T14:29:29.717+0200] {logging_mixin.py:190} INFO - [2025-03-12T14:29:29.717+0200] {dag.py:4180} INFO - Setting next_dagrun for latest_only_with_trigger to 2025-03-12 08:00:00+00:00, run_after=2025-03-12 12:00:00+00:00
[2025-03-12T14:29:29.740+0200] {processor.py:208} INFO - Processing /home/munyah/.local/lib/python3.10/site-packages/airflow/example_dags/example_latest_only_with_trigger.py took 0.087 seconds
[2025-03-12T14:30:29.341+0200] {processor.py:186} INFO - Started process (PID=138754) to work on /home/munyah/.local/lib/python3.10/site-packages/airflow/example_dags/example_latest_only_with_trigger.py
[2025-03-12T14:30:29.342+0200] {processor.py:914} INFO - Processing file /home/munyah/.local/lib/python3.10/site-packages/airflow/example_dags/example_latest_only_with_trigger.py for tasks to queue
[2025-03-12T14:30:29.346+0200] {logging_mixin.py:190} INFO - [2025-03-12T14:30:29.345+0200] {dagbag.py:588} INFO - Filling up the DagBag from /home/munyah/.local/lib/python3.10/site-packages/airflow/example_dags/example_latest_only_with_trigger.py
[2025-03-12T14:30:29.359+0200] {processor.py:925} INFO - DAG(s) 'latest_only_with_trigger' retrieved from /home/munyah/.local/lib/python3.10/site-packages/airflow/example_dags/example_latest_only_with_trigger.py
[2025-03-12T14:30:29.386+0200] {logging_mixin.py:190} INFO - [2025-03-12T14:30:29.386+0200] {dag.py:3239} INFO - Sync 1 DAGs
[2025-03-12T14:30:29.420+0200] {logging_mixin.py:190} INFO - [2025-03-12T14:30:29.420+0200] {dag.py:4180} INFO - Setting next_dagrun for latest_only_with_trigger to 2025-03-12 08:00:00+00:00, run_after=2025-03-12 12:00:00+00:00
[2025-03-12T14:30:29.449+0200] {processor.py:208} INFO - Processing /home/munyah/.local/lib/python3.10/site-packages/airflow/example_dags/example_latest_only_with_trigger.py took 0.118 seconds
[2025-03-12T14:31:32.705+0200] {processor.py:186} INFO - Started process (PID=138959) to work on /home/munyah/.local/lib/python3.10/site-packages/airflow/example_dags/example_latest_only_with_trigger.py
[2025-03-12T14:31:32.706+0200] {processor.py:914} INFO - Processing file /home/munyah/.local/lib/python3.10/site-packages/airflow/example_dags/example_latest_only_with_trigger.py for tasks to queue
[2025-03-12T14:31:32.709+0200] {logging_mixin.py:190} INFO - [2025-03-12T14:31:32.709+0200] {dagbag.py:588} INFO - Filling up the DagBag from /home/munyah/.local/lib/python3.10/site-packages/airflow/example_dags/example_latest_only_with_trigger.py
[2025-03-12T14:31:32.719+0200] {processor.py:925} INFO - DAG(s) 'latest_only_with_trigger' retrieved from /home/munyah/.local/lib/python3.10/site-packages/airflow/example_dags/example_latest_only_with_trigger.py
[2025-03-12T14:31:32.739+0200] {logging_mixin.py:190} INFO - [2025-03-12T14:31:32.739+0200] {dag.py:3239} INFO - Sync 1 DAGs
[2025-03-12T14:31:32.764+0200] {logging_mixin.py:190} INFO - [2025-03-12T14:31:32.764+0200] {dag.py:4180} INFO - Setting next_dagrun for latest_only_with_trigger to 2025-03-12 08:00:00+00:00, run_after=2025-03-12 12:00:00+00:00
[2025-03-12T14:31:32.787+0200] {processor.py:208} INFO - Processing /home/munyah/.local/lib/python3.10/site-packages/airflow/example_dags/example_latest_only_with_trigger.py took 0.089 seconds
[2025-03-12T14:32:36.276+0200] {processor.py:186} INFO - Started process (PID=139569) to work on /home/munyah/.local/lib/python3.10/site-packages/airflow/example_dags/example_latest_only_with_trigger.py
[2025-03-12T14:32:36.278+0200] {processor.py:914} INFO - Processing file /home/munyah/.local/lib/python3.10/site-packages/airflow/example_dags/example_latest_only_with_trigger.py for tasks to queue
[2025-03-12T14:32:36.282+0200] {logging_mixin.py:190} INFO - [2025-03-12T14:32:36.282+0200] {dagbag.py:588} INFO - Filling up the DagBag from /home/munyah/.local/lib/python3.10/site-packages/airflow/example_dags/example_latest_only_with_trigger.py
[2025-03-12T14:32:36.298+0200] {processor.py:925} INFO - DAG(s) 'latest_only_with_trigger' retrieved from /home/munyah/.local/lib/python3.10/site-packages/airflow/example_dags/example_latest_only_with_trigger.py
[2025-03-12T14:32:36.320+0200] {logging_mixin.py:190} INFO - [2025-03-12T14:32:36.320+0200] {dag.py:3239} INFO - Sync 1 DAGs
[2025-03-12T14:32:36.346+0200] {logging_mixin.py:190} INFO - [2025-03-12T14:32:36.346+0200] {dag.py:4180} INFO - Setting next_dagrun for latest_only_with_trigger to 2025-03-12 08:00:00+00:00, run_after=2025-03-12 12:00:00+00:00
[2025-03-12T14:32:36.378+0200] {processor.py:208} INFO - Processing /home/munyah/.local/lib/python3.10/site-packages/airflow/example_dags/example_latest_only_with_trigger.py took 0.114 seconds
[2025-03-12T14:33:39.539+0200] {processor.py:186} INFO - Started process (PID=139902) to work on /home/munyah/.local/lib/python3.10/site-packages/airflow/example_dags/example_latest_only_with_trigger.py
[2025-03-12T14:33:39.540+0200] {processor.py:914} INFO - Processing file /home/munyah/.local/lib/python3.10/site-packages/airflow/example_dags/example_latest_only_with_trigger.py for tasks to queue
[2025-03-12T14:33:39.542+0200] {logging_mixin.py:190} INFO - [2025-03-12T14:33:39.542+0200] {dagbag.py:588} INFO - Filling up the DagBag from /home/munyah/.local/lib/python3.10/site-packages/airflow/example_dags/example_latest_only_with_trigger.py
[2025-03-12T14:33:39.552+0200] {processor.py:925} INFO - DAG(s) 'latest_only_with_trigger' retrieved from /home/munyah/.local/lib/python3.10/site-packages/airflow/example_dags/example_latest_only_with_trigger.py
[2025-03-12T14:33:39.572+0200] {logging_mixin.py:190} INFO - [2025-03-12T14:33:39.572+0200] {dag.py:3239} INFO - Sync 1 DAGs
[2025-03-12T14:33:39.595+0200] {logging_mixin.py:190} INFO - [2025-03-12T14:33:39.595+0200] {dag.py:4180} INFO - Setting next_dagrun for latest_only_with_trigger to 2025-03-12 08:00:00+00:00, run_after=2025-03-12 12:00:00+00:00
[2025-03-12T14:33:39.618+0200] {processor.py:208} INFO - Processing /home/munyah/.local/lib/python3.10/site-packages/airflow/example_dags/example_latest_only_with_trigger.py took 0.087 seconds
[2025-03-12T14:34:44.481+0200] {processor.py:186} INFO - Started process (PID=140126) to work on /home/munyah/.local/lib/python3.10/site-packages/airflow/example_dags/example_latest_only_with_trigger.py
[2025-03-12T14:34:44.483+0200] {processor.py:914} INFO - Processing file /home/munyah/.local/lib/python3.10/site-packages/airflow/example_dags/example_latest_only_with_trigger.py for tasks to queue
[2025-03-12T14:34:44.486+0200] {logging_mixin.py:190} INFO - [2025-03-12T14:34:44.485+0200] {dagbag.py:588} INFO - Filling up the DagBag from /home/munyah/.local/lib/python3.10/site-packages/airflow/example_dags/example_latest_only_with_trigger.py
[2025-03-12T14:34:44.496+0200] {processor.py:925} INFO - DAG(s) 'latest_only_with_trigger' retrieved from /home/munyah/.local/lib/python3.10/site-packages/airflow/example_dags/example_latest_only_with_trigger.py
[2025-03-12T14:34:44.515+0200] {logging_mixin.py:190} INFO - [2025-03-12T14:34:44.515+0200] {dag.py:3239} INFO - Sync 1 DAGs
[2025-03-12T14:34:44.539+0200] {logging_mixin.py:190} INFO - [2025-03-12T14:34:44.539+0200] {dag.py:4180} INFO - Setting next_dagrun for latest_only_with_trigger to 2025-03-12 08:00:00+00:00, run_after=2025-03-12 12:00:00+00:00
[2025-03-12T14:34:44.562+0200] {processor.py:208} INFO - Processing /home/munyah/.local/lib/python3.10/site-packages/airflow/example_dags/example_latest_only_with_trigger.py took 0.093 seconds
[2025-03-12T14:35:47.824+0200] {processor.py:186} INFO - Started process (PID=140321) to work on /home/munyah/.local/lib/python3.10/site-packages/airflow/example_dags/example_latest_only_with_trigger.py
[2025-03-12T14:35:47.826+0200] {processor.py:914} INFO - Processing file /home/munyah/.local/lib/python3.10/site-packages/airflow/example_dags/example_latest_only_with_trigger.py for tasks to queue
[2025-03-12T14:35:47.828+0200] {logging_mixin.py:190} INFO - [2025-03-12T14:35:47.828+0200] {dagbag.py:588} INFO - Filling up the DagBag from /home/munyah/.local/lib/python3.10/site-packages/airflow/example_dags/example_latest_only_with_trigger.py
[2025-03-12T14:35:47.837+0200] {processor.py:925} INFO - DAG(s) 'latest_only_with_trigger' retrieved from /home/munyah/.local/lib/python3.10/site-packages/airflow/example_dags/example_latest_only_with_trigger.py
[2025-03-12T14:35:47.856+0200] {logging_mixin.py:190} INFO - [2025-03-12T14:35:47.856+0200] {dag.py:3239} INFO - Sync 1 DAGs
[2025-03-12T14:35:47.879+0200] {logging_mixin.py:190} INFO - [2025-03-12T14:35:47.879+0200] {dag.py:4180} INFO - Setting next_dagrun for latest_only_with_trigger to 2025-03-12 08:00:00+00:00, run_after=2025-03-12 12:00:00+00:00
[2025-03-12T14:35:47.902+0200] {processor.py:208} INFO - Processing /home/munyah/.local/lib/python3.10/site-packages/airflow/example_dags/example_latest_only_with_trigger.py took 0.084 seconds
[2025-03-12T14:36:53.986+0200] {processor.py:186} INFO - Started process (PID=140511) to work on /home/munyah/.local/lib/python3.10/site-packages/airflow/example_dags/example_latest_only_with_trigger.py
[2025-03-12T14:36:53.988+0200] {processor.py:914} INFO - Processing file /home/munyah/.local/lib/python3.10/site-packages/airflow/example_dags/example_latest_only_with_trigger.py for tasks to queue
[2025-03-12T14:36:53.991+0200] {logging_mixin.py:190} INFO - [2025-03-12T14:36:53.991+0200] {dagbag.py:588} INFO - Filling up the DagBag from /home/munyah/.local/lib/python3.10/site-packages/airflow/example_dags/example_latest_only_with_trigger.py
[2025-03-12T14:36:54.006+0200] {processor.py:925} INFO - DAG(s) 'latest_only_with_trigger' retrieved from /home/munyah/.local/lib/python3.10/site-packages/airflow/example_dags/example_latest_only_with_trigger.py
[2025-03-12T14:36:54.028+0200] {logging_mixin.py:190} INFO - [2025-03-12T14:36:54.028+0200] {dag.py:3239} INFO - Sync 1 DAGs
[2025-03-12T14:36:54.049+0200] {logging_mixin.py:190} INFO - [2025-03-12T14:36:54.049+0200] {dag.py:4180} INFO - Setting next_dagrun for latest_only_with_trigger to 2025-03-12 08:00:00+00:00, run_after=2025-03-12 12:00:00+00:00
[2025-03-12T14:36:54.070+0200] {processor.py:208} INFO - Processing /home/munyah/.local/lib/python3.10/site-packages/airflow/example_dags/example_latest_only_with_trigger.py took 0.093 seconds
[2025-03-12T14:37:57.852+0200] {processor.py:186} INFO - Started process (PID=140646) to work on /home/munyah/.local/lib/python3.10/site-packages/airflow/example_dags/example_latest_only_with_trigger.py
[2025-03-12T14:37:57.854+0200] {processor.py:914} INFO - Processing file /home/munyah/.local/lib/python3.10/site-packages/airflow/example_dags/example_latest_only_with_trigger.py for tasks to queue
[2025-03-12T14:37:57.857+0200] {logging_mixin.py:190} INFO - [2025-03-12T14:37:57.857+0200] {dagbag.py:588} INFO - Filling up the DagBag from /home/munyah/.local/lib/python3.10/site-packages/airflow/example_dags/example_latest_only_with_trigger.py
[2025-03-12T14:37:57.871+0200] {processor.py:925} INFO - DAG(s) 'latest_only_with_trigger' retrieved from /home/munyah/.local/lib/python3.10/site-packages/airflow/example_dags/example_latest_only_with_trigger.py
[2025-03-12T14:37:57.896+0200] {logging_mixin.py:190} INFO - [2025-03-12T14:37:57.896+0200] {dag.py:3239} INFO - Sync 1 DAGs
[2025-03-12T14:37:57.928+0200] {logging_mixin.py:190} INFO - [2025-03-12T14:37:57.927+0200] {dag.py:4180} INFO - Setting next_dagrun for latest_only_with_trigger to 2025-03-12 08:00:00+00:00, run_after=2025-03-12 12:00:00+00:00
[2025-03-12T14:37:57.966+0200] {processor.py:208} INFO - Processing /home/munyah/.local/lib/python3.10/site-packages/airflow/example_dags/example_latest_only_with_trigger.py took 0.123 seconds
[2025-03-12T14:39:03.475+0200] {processor.py:186} INFO - Started process (PID=140727) to work on /home/munyah/.local/lib/python3.10/site-packages/airflow/example_dags/example_latest_only_with_trigger.py
[2025-03-12T14:39:03.477+0200] {processor.py:914} INFO - Processing file /home/munyah/.local/lib/python3.10/site-packages/airflow/example_dags/example_latest_only_with_trigger.py for tasks to queue
[2025-03-12T14:39:03.480+0200] {logging_mixin.py:190} INFO - [2025-03-12T14:39:03.480+0200] {dagbag.py:588} INFO - Filling up the DagBag from /home/munyah/.local/lib/python3.10/site-packages/airflow/example_dags/example_latest_only_with_trigger.py
[2025-03-12T14:39:03.491+0200] {processor.py:925} INFO - DAG(s) 'latest_only_with_trigger' retrieved from /home/munyah/.local/lib/python3.10/site-packages/airflow/example_dags/example_latest_only_with_trigger.py
[2025-03-12T14:39:03.509+0200] {logging_mixin.py:190} INFO - [2025-03-12T14:39:03.509+0200] {dag.py:3239} INFO - Sync 1 DAGs
[2025-03-12T14:39:03.531+0200] {logging_mixin.py:190} INFO - [2025-03-12T14:39:03.530+0200] {dag.py:4180} INFO - Setting next_dagrun for latest_only_with_trigger to 2025-03-12 08:00:00+00:00, run_after=2025-03-12 12:00:00+00:00
[2025-03-12T14:39:03.552+0200] {processor.py:208} INFO - Processing /home/munyah/.local/lib/python3.10/site-packages/airflow/example_dags/example_latest_only_with_trigger.py took 0.090 seconds
[2025-03-12T14:40:09.283+0200] {processor.py:186} INFO - Started process (PID=140835) to work on /home/munyah/.local/lib/python3.10/site-packages/airflow/example_dags/example_latest_only_with_trigger.py
[2025-03-12T14:40:09.285+0200] {processor.py:914} INFO - Processing file /home/munyah/.local/lib/python3.10/site-packages/airflow/example_dags/example_latest_only_with_trigger.py for tasks to queue
[2025-03-12T14:40:09.289+0200] {logging_mixin.py:190} INFO - [2025-03-12T14:40:09.288+0200] {dagbag.py:588} INFO - Filling up the DagBag from /home/munyah/.local/lib/python3.10/site-packages/airflow/example_dags/example_latest_only_with_trigger.py
[2025-03-12T14:40:09.303+0200] {processor.py:925} INFO - DAG(s) 'latest_only_with_trigger' retrieved from /home/munyah/.local/lib/python3.10/site-packages/airflow/example_dags/example_latest_only_with_trigger.py
[2025-03-12T14:40:09.322+0200] {logging_mixin.py:190} INFO - [2025-03-12T14:40:09.322+0200] {dag.py:3239} INFO - Sync 1 DAGs
[2025-03-12T14:40:09.343+0200] {logging_mixin.py:190} INFO - [2025-03-12T14:40:09.343+0200] {dag.py:4180} INFO - Setting next_dagrun for latest_only_with_trigger to 2025-03-12 08:00:00+00:00, run_after=2025-03-12 12:00:00+00:00
[2025-03-12T14:40:09.368+0200] {processor.py:208} INFO - Processing /home/munyah/.local/lib/python3.10/site-packages/airflow/example_dags/example_latest_only_with_trigger.py took 0.096 seconds
[2025-03-12T14:41:12.690+0200] {processor.py:186} INFO - Started process (PID=141114) to work on /home/munyah/.local/lib/python3.10/site-packages/airflow/example_dags/example_latest_only_with_trigger.py
[2025-03-12T14:41:12.691+0200] {processor.py:914} INFO - Processing file /home/munyah/.local/lib/python3.10/site-packages/airflow/example_dags/example_latest_only_with_trigger.py for tasks to queue
[2025-03-12T14:41:12.694+0200] {logging_mixin.py:190} INFO - [2025-03-12T14:41:12.694+0200] {dagbag.py:588} INFO - Filling up the DagBag from /home/munyah/.local/lib/python3.10/site-packages/airflow/example_dags/example_latest_only_with_trigger.py
[2025-03-12T14:41:12.708+0200] {processor.py:925} INFO - DAG(s) 'latest_only_with_trigger' retrieved from /home/munyah/.local/lib/python3.10/site-packages/airflow/example_dags/example_latest_only_with_trigger.py
[2025-03-12T14:41:12.728+0200] {logging_mixin.py:190} INFO - [2025-03-12T14:41:12.727+0200] {dag.py:3239} INFO - Sync 1 DAGs
[2025-03-12T14:41:12.753+0200] {logging_mixin.py:190} INFO - [2025-03-12T14:41:12.753+0200] {dag.py:4180} INFO - Setting next_dagrun for latest_only_with_trigger to 2025-03-12 08:00:00+00:00, run_after=2025-03-12 12:00:00+00:00
[2025-03-12T14:41:12.785+0200] {processor.py:208} INFO - Processing /home/munyah/.local/lib/python3.10/site-packages/airflow/example_dags/example_latest_only_with_trigger.py took 0.104 seconds
[2025-03-12T14:42:12.163+0200] {processor.py:186} INFO - Started process (PID=141300) to work on /home/munyah/.local/lib/python3.10/site-packages/airflow/example_dags/example_latest_only_with_trigger.py
[2025-03-12T14:42:12.164+0200] {processor.py:914} INFO - Processing file /home/munyah/.local/lib/python3.10/site-packages/airflow/example_dags/example_latest_only_with_trigger.py for tasks to queue
[2025-03-12T14:42:12.166+0200] {logging_mixin.py:190} INFO - [2025-03-12T14:42:12.166+0200] {dagbag.py:588} INFO - Filling up the DagBag from /home/munyah/.local/lib/python3.10/site-packages/airflow/example_dags/example_latest_only_with_trigger.py
[2025-03-12T14:42:12.176+0200] {processor.py:925} INFO - DAG(s) 'latest_only_with_trigger' retrieved from /home/munyah/.local/lib/python3.10/site-packages/airflow/example_dags/example_latest_only_with_trigger.py
[2025-03-12T14:42:12.194+0200] {logging_mixin.py:190} INFO - [2025-03-12T14:42:12.194+0200] {dag.py:3239} INFO - Sync 1 DAGs
[2025-03-12T14:42:12.218+0200] {logging_mixin.py:190} INFO - [2025-03-12T14:42:12.218+0200] {dag.py:4180} INFO - Setting next_dagrun for latest_only_with_trigger to 2025-03-12 08:00:00+00:00, run_after=2025-03-12 12:00:00+00:00
[2025-03-12T14:42:12.242+0200] {processor.py:208} INFO - Processing /home/munyah/.local/lib/python3.10/site-packages/airflow/example_dags/example_latest_only_with_trigger.py took 0.087 seconds
[2025-03-12T14:43:12.910+0200] {processor.py:186} INFO - Started process (PID=141500) to work on /home/munyah/.local/lib/python3.10/site-packages/airflow/example_dags/example_latest_only_with_trigger.py
[2025-03-12T14:43:12.912+0200] {processor.py:914} INFO - Processing file /home/munyah/.local/lib/python3.10/site-packages/airflow/example_dags/example_latest_only_with_trigger.py for tasks to queue
[2025-03-12T14:43:12.915+0200] {logging_mixin.py:190} INFO - [2025-03-12T14:43:12.914+0200] {dagbag.py:588} INFO - Filling up the DagBag from /home/munyah/.local/lib/python3.10/site-packages/airflow/example_dags/example_latest_only_with_trigger.py
[2025-03-12T14:43:12.924+0200] {processor.py:925} INFO - DAG(s) 'latest_only_with_trigger' retrieved from /home/munyah/.local/lib/python3.10/site-packages/airflow/example_dags/example_latest_only_with_trigger.py
[2025-03-12T14:43:12.942+0200] {logging_mixin.py:190} INFO - [2025-03-12T14:43:12.942+0200] {dag.py:3239} INFO - Sync 1 DAGs
[2025-03-12T14:43:12.964+0200] {logging_mixin.py:190} INFO - [2025-03-12T14:43:12.964+0200] {dag.py:4180} INFO - Setting next_dagrun for latest_only_with_trigger to 2025-03-12 08:00:00+00:00, run_after=2025-03-12 12:00:00+00:00
[2025-03-12T14:43:12.987+0200] {processor.py:208} INFO - Processing /home/munyah/.local/lib/python3.10/site-packages/airflow/example_dags/example_latest_only_with_trigger.py took 0.085 seconds
[2025-03-12T14:44:13.708+0200] {processor.py:186} INFO - Started process (PID=141671) to work on /home/munyah/.local/lib/python3.10/site-packages/airflow/example_dags/example_latest_only_with_trigger.py
[2025-03-12T14:44:13.710+0200] {processor.py:914} INFO - Processing file /home/munyah/.local/lib/python3.10/site-packages/airflow/example_dags/example_latest_only_with_trigger.py for tasks to queue
[2025-03-12T14:44:13.713+0200] {logging_mixin.py:190} INFO - [2025-03-12T14:44:13.712+0200] {dagbag.py:588} INFO - Filling up the DagBag from /home/munyah/.local/lib/python3.10/site-packages/airflow/example_dags/example_latest_only_with_trigger.py
[2025-03-12T14:44:13.722+0200] {processor.py:925} INFO - DAG(s) 'latest_only_with_trigger' retrieved from /home/munyah/.local/lib/python3.10/site-packages/airflow/example_dags/example_latest_only_with_trigger.py
[2025-03-12T14:44:13.741+0200] {logging_mixin.py:190} INFO - [2025-03-12T14:44:13.740+0200] {dag.py:3239} INFO - Sync 1 DAGs
[2025-03-12T14:44:13.764+0200] {logging_mixin.py:190} INFO - [2025-03-12T14:44:13.764+0200] {dag.py:4180} INFO - Setting next_dagrun for latest_only_with_trigger to 2025-03-12 08:00:00+00:00, run_after=2025-03-12 12:00:00+00:00
[2025-03-12T14:44:13.787+0200] {processor.py:208} INFO - Processing /home/munyah/.local/lib/python3.10/site-packages/airflow/example_dags/example_latest_only_with_trigger.py took 0.086 seconds
[2025-03-12T14:45:13.222+0200] {processor.py:186} INFO - Started process (PID=141859) to work on /home/munyah/.local/lib/python3.10/site-packages/airflow/example_dags/example_latest_only_with_trigger.py
[2025-03-12T14:45:13.223+0200] {processor.py:914} INFO - Processing file /home/munyah/.local/lib/python3.10/site-packages/airflow/example_dags/example_latest_only_with_trigger.py for tasks to queue
[2025-03-12T14:45:13.226+0200] {logging_mixin.py:190} INFO - [2025-03-12T14:45:13.225+0200] {dagbag.py:588} INFO - Filling up the DagBag from /home/munyah/.local/lib/python3.10/site-packages/airflow/example_dags/example_latest_only_with_trigger.py
[2025-03-12T14:45:13.236+0200] {processor.py:925} INFO - DAG(s) 'latest_only_with_trigger' retrieved from /home/munyah/.local/lib/python3.10/site-packages/airflow/example_dags/example_latest_only_with_trigger.py
[2025-03-12T14:45:13.255+0200] {logging_mixin.py:190} INFO - [2025-03-12T14:45:13.254+0200] {dag.py:3239} INFO - Sync 1 DAGs
[2025-03-12T14:45:13.278+0200] {logging_mixin.py:190} INFO - [2025-03-12T14:45:13.278+0200] {dag.py:4180} INFO - Setting next_dagrun for latest_only_with_trigger to 2025-03-12 08:00:00+00:00, run_after=2025-03-12 12:00:00+00:00
[2025-03-12T14:45:13.303+0200] {processor.py:208} INFO - Processing /home/munyah/.local/lib/python3.10/site-packages/airflow/example_dags/example_latest_only_with_trigger.py took 0.088 seconds
[2025-03-12T14:46:11.413+0200] {processor.py:186} INFO - Started process (PID=142073) to work on /home/munyah/.local/lib/python3.10/site-packages/airflow/example_dags/example_latest_only_with_trigger.py
[2025-03-12T14:46:11.414+0200] {processor.py:914} INFO - Processing file /home/munyah/.local/lib/python3.10/site-packages/airflow/example_dags/example_latest_only_with_trigger.py for tasks to queue
[2025-03-12T14:46:11.417+0200] {logging_mixin.py:190} INFO - [2025-03-12T14:46:11.416+0200] {dagbag.py:588} INFO - Filling up the DagBag from /home/munyah/.local/lib/python3.10/site-packages/airflow/example_dags/example_latest_only_with_trigger.py
[2025-03-12T14:46:11.426+0200] {processor.py:925} INFO - DAG(s) 'latest_only_with_trigger' retrieved from /home/munyah/.local/lib/python3.10/site-packages/airflow/example_dags/example_latest_only_with_trigger.py
[2025-03-12T14:46:11.444+0200] {logging_mixin.py:190} INFO - [2025-03-12T14:46:11.444+0200] {dag.py:3239} INFO - Sync 1 DAGs
[2025-03-12T14:46:11.467+0200] {logging_mixin.py:190} INFO - [2025-03-12T14:46:11.467+0200] {dag.py:4180} INFO - Setting next_dagrun for latest_only_with_trigger to 2025-03-12 08:00:00+00:00, run_after=2025-03-12 12:00:00+00:00
[2025-03-12T14:46:11.490+0200] {processor.py:208} INFO - Processing /home/munyah/.local/lib/python3.10/site-packages/airflow/example_dags/example_latest_only_with_trigger.py took 0.085 seconds
[2025-03-12T14:48:56.715+0200] {processor.py:186} INFO - Started process (PID=142568) to work on /home/munyah/.local/lib/python3.10/site-packages/airflow/example_dags/example_latest_only_with_trigger.py
[2025-03-12T14:48:56.717+0200] {processor.py:914} INFO - Processing file /home/munyah/.local/lib/python3.10/site-packages/airflow/example_dags/example_latest_only_with_trigger.py for tasks to queue
[2025-03-12T14:48:56.720+0200] {logging_mixin.py:190} INFO - [2025-03-12T14:48:56.719+0200] {dagbag.py:588} INFO - Filling up the DagBag from /home/munyah/.local/lib/python3.10/site-packages/airflow/example_dags/example_latest_only_with_trigger.py
[2025-03-12T14:48:56.734+0200] {processor.py:925} INFO - DAG(s) 'latest_only_with_trigger' retrieved from /home/munyah/.local/lib/python3.10/site-packages/airflow/example_dags/example_latest_only_with_trigger.py
[2025-03-12T14:48:56.762+0200] {logging_mixin.py:190} INFO - [2025-03-12T14:48:56.762+0200] {dag.py:3239} INFO - Sync 1 DAGs
[2025-03-12T14:48:56.872+0200] {logging_mixin.py:190} INFO - [2025-03-12T14:48:56.872+0200] {dag.py:4180} INFO - Setting next_dagrun for latest_only_with_trigger to 2025-03-12 08:00:00+00:00, run_after=2025-03-12 12:00:00+00:00
[2025-03-12T14:48:57.236+0200] {processor.py:208} INFO - Processing /home/munyah/.local/lib/python3.10/site-packages/airflow/example_dags/example_latest_only_with_trigger.py took 0.531 seconds
[2025-03-12T14:50:28.427+0200] {processor.py:186} INFO - Started process (PID=142921) to work on /home/munyah/.local/lib/python3.10/site-packages/airflow/example_dags/example_latest_only_with_trigger.py
[2025-03-12T14:50:28.429+0200] {processor.py:914} INFO - Processing file /home/munyah/.local/lib/python3.10/site-packages/airflow/example_dags/example_latest_only_with_trigger.py for tasks to queue
[2025-03-12T14:50:28.432+0200] {logging_mixin.py:190} INFO - [2025-03-12T14:50:28.432+0200] {dagbag.py:588} INFO - Filling up the DagBag from /home/munyah/.local/lib/python3.10/site-packages/airflow/example_dags/example_latest_only_with_trigger.py
[2025-03-12T14:50:28.445+0200] {processor.py:925} INFO - DAG(s) 'latest_only_with_trigger' retrieved from /home/munyah/.local/lib/python3.10/site-packages/airflow/example_dags/example_latest_only_with_trigger.py
[2025-03-12T14:50:28.467+0200] {logging_mixin.py:190} INFO - [2025-03-12T14:50:28.467+0200] {dag.py:3239} INFO - Sync 1 DAGs
[2025-03-12T14:50:28.489+0200] {logging_mixin.py:190} INFO - [2025-03-12T14:50:28.489+0200] {dag.py:4180} INFO - Setting next_dagrun for latest_only_with_trigger to 2025-03-12 08:00:00+00:00, run_after=2025-03-12 12:00:00+00:00
[2025-03-12T14:50:28.515+0200] {processor.py:208} INFO - Processing /home/munyah/.local/lib/python3.10/site-packages/airflow/example_dags/example_latest_only_with_trigger.py took 0.098 seconds
[2025-03-12T14:51:33.116+0200] {processor.py:186} INFO - Started process (PID=143151) to work on /home/munyah/.local/lib/python3.10/site-packages/airflow/example_dags/example_latest_only_with_trigger.py
[2025-03-12T14:51:33.117+0200] {processor.py:914} INFO - Processing file /home/munyah/.local/lib/python3.10/site-packages/airflow/example_dags/example_latest_only_with_trigger.py for tasks to queue
[2025-03-12T14:51:33.120+0200] {logging_mixin.py:190} INFO - [2025-03-12T14:51:33.119+0200] {dagbag.py:588} INFO - Filling up the DagBag from /home/munyah/.local/lib/python3.10/site-packages/airflow/example_dags/example_latest_only_with_trigger.py
[2025-03-12T14:51:33.130+0200] {processor.py:925} INFO - DAG(s) 'latest_only_with_trigger' retrieved from /home/munyah/.local/lib/python3.10/site-packages/airflow/example_dags/example_latest_only_with_trigger.py
[2025-03-12T14:51:33.148+0200] {logging_mixin.py:190} INFO - [2025-03-12T14:51:33.147+0200] {dag.py:3239} INFO - Sync 1 DAGs
[2025-03-12T14:51:33.170+0200] {logging_mixin.py:190} INFO - [2025-03-12T14:51:33.170+0200] {dag.py:4180} INFO - Setting next_dagrun for latest_only_with_trigger to 2025-03-12 08:00:00+00:00, run_after=2025-03-12 12:00:00+00:00
[2025-03-12T14:51:33.198+0200] {processor.py:208} INFO - Processing /home/munyah/.local/lib/python3.10/site-packages/airflow/example_dags/example_latest_only_with_trigger.py took 0.089 seconds
[2025-03-12T14:52:44.083+0200] {processor.py:186} INFO - Started process (PID=143370) to work on /home/munyah/.local/lib/python3.10/site-packages/airflow/example_dags/example_latest_only_with_trigger.py
[2025-03-12T14:52:44.084+0200] {processor.py:914} INFO - Processing file /home/munyah/.local/lib/python3.10/site-packages/airflow/example_dags/example_latest_only_with_trigger.py for tasks to queue
[2025-03-12T14:52:44.088+0200] {logging_mixin.py:190} INFO - [2025-03-12T14:52:44.088+0200] {dagbag.py:588} INFO - Filling up the DagBag from /home/munyah/.local/lib/python3.10/site-packages/airflow/example_dags/example_latest_only_with_trigger.py
[2025-03-12T14:52:44.105+0200] {processor.py:925} INFO - DAG(s) 'latest_only_with_trigger' retrieved from /home/munyah/.local/lib/python3.10/site-packages/airflow/example_dags/example_latest_only_with_trigger.py
[2025-03-12T14:52:44.128+0200] {logging_mixin.py:190} INFO - [2025-03-12T14:52:44.127+0200] {dag.py:3239} INFO - Sync 1 DAGs
[2025-03-12T14:52:44.163+0200] {logging_mixin.py:190} INFO - [2025-03-12T14:52:44.163+0200] {dag.py:4180} INFO - Setting next_dagrun for latest_only_with_trigger to 2025-03-12 08:00:00+00:00, run_after=2025-03-12 12:00:00+00:00
[2025-03-12T14:52:44.189+0200] {processor.py:208} INFO - Processing /home/munyah/.local/lib/python3.10/site-packages/airflow/example_dags/example_latest_only_with_trigger.py took 0.117 seconds
[2025-03-12T14:54:08.180+0200] {processor.py:186} INFO - Started process (PID=143633) to work on /home/munyah/.local/lib/python3.10/site-packages/airflow/example_dags/example_latest_only_with_trigger.py
[2025-03-12T14:54:08.187+0200] {processor.py:914} INFO - Processing file /home/munyah/.local/lib/python3.10/site-packages/airflow/example_dags/example_latest_only_with_trigger.py for tasks to queue
[2025-03-12T14:54:08.199+0200] {logging_mixin.py:190} INFO - [2025-03-12T14:54:08.192+0200] {dagbag.py:588} INFO - Filling up the DagBag from /home/munyah/.local/lib/python3.10/site-packages/airflow/example_dags/example_latest_only_with_trigger.py
[2025-03-12T14:54:08.341+0200] {processor.py:925} INFO - DAG(s) 'latest_only_with_trigger' retrieved from /home/munyah/.local/lib/python3.10/site-packages/airflow/example_dags/example_latest_only_with_trigger.py
[2025-03-12T14:54:08.405+0200] {logging_mixin.py:190} INFO - [2025-03-12T14:54:08.404+0200] {dag.py:3239} INFO - Sync 1 DAGs
[2025-03-12T14:54:08.482+0200] {logging_mixin.py:190} INFO - [2025-03-12T14:54:08.482+0200] {dag.py:4180} INFO - Setting next_dagrun for latest_only_with_trigger to 2025-03-12 08:00:00+00:00, run_after=2025-03-12 12:00:00+00:00
[2025-03-12T14:54:08.616+0200] {processor.py:208} INFO - Processing /home/munyah/.local/lib/python3.10/site-packages/airflow/example_dags/example_latest_only_with_trigger.py took 0.454 seconds
