[2025-03-12T14:17:29.304+0200] {processor.py:186} INFO - Started process (PID=134485) to work on /home/munyah/.local/lib/python3.10/site-packages/airflow/example_dags/example_display_name.py
[2025-03-12T14:17:29.305+0200] {processor.py:914} INFO - Processing file /home/munyah/.local/lib/python3.10/site-packages/airflow/example_dags/example_display_name.py for tasks to queue
[2025-03-12T14:17:29.307+0200] {logging_mixin.py:190} INFO - [2025-03-12T14:17:29.307+0200] {dagbag.py:588} INFO - Filling up the DagBag from /home/munyah/.local/lib/python3.10/site-packages/airflow/example_dags/example_display_name.py
[2025-03-12T14:17:29.317+0200] {processor.py:925} INFO - DAG(s) 'example_display_name' retrieved from /home/munyah/.local/lib/python3.10/site-packages/airflow/example_dags/example_display_name.py
[2025-03-12T14:17:29.336+0200] {logging_mixin.py:190} INFO - [2025-03-12T14:17:29.335+0200] {dag.py:3239} INFO - Sync 1 DAGs
[2025-03-12T14:17:29.350+0200] {logging_mixin.py:190} INFO - [2025-03-12T14:17:29.350+0200] {dag.py:4180} INFO - Setting next_dagrun for example_display_name to None, run_after=None
[2025-03-12T14:17:29.374+0200] {processor.py:208} INFO - Processing /home/munyah/.local/lib/python3.10/site-packages/airflow/example_dags/example_display_name.py took 0.078 seconds
[2025-03-12T14:18:32.990+0200] {processor.py:186} INFO - Started process (PID=134729) to work on /home/munyah/.local/lib/python3.10/site-packages/airflow/example_dags/example_display_name.py
[2025-03-12T14:18:32.992+0200] {processor.py:914} INFO - Processing file /home/munyah/.local/lib/python3.10/site-packages/airflow/example_dags/example_display_name.py for tasks to queue
[2025-03-12T14:18:32.996+0200] {logging_mixin.py:190} INFO - [2025-03-12T14:18:32.995+0200] {dagbag.py:588} INFO - Filling up the DagBag from /home/munyah/.local/lib/python3.10/site-packages/airflow/example_dags/example_display_name.py
[2025-03-12T14:18:33.010+0200] {processor.py:925} INFO - DAG(s) 'example_display_name' retrieved from /home/munyah/.local/lib/python3.10/site-packages/airflow/example_dags/example_display_name.py
[2025-03-12T14:18:33.035+0200] {logging_mixin.py:190} INFO - [2025-03-12T14:18:33.035+0200] {dag.py:3239} INFO - Sync 1 DAGs
[2025-03-12T14:18:33.057+0200] {logging_mixin.py:190} INFO - [2025-03-12T14:18:33.057+0200] {dag.py:4180} INFO - Setting next_dagrun for example_display_name to None, run_after=None
[2025-03-12T14:18:33.090+0200] {processor.py:208} INFO - Processing /home/munyah/.local/lib/python3.10/site-packages/airflow/example_dags/example_display_name.py took 0.110 seconds
[2025-03-12T14:19:31.934+0200] {processor.py:186} INFO - Started process (PID=134970) to work on /home/munyah/.local/lib/python3.10/site-packages/airflow/example_dags/example_display_name.py
[2025-03-12T14:19:31.935+0200] {processor.py:914} INFO - Processing file /home/munyah/.local/lib/python3.10/site-packages/airflow/example_dags/example_display_name.py for tasks to queue
[2025-03-12T14:19:31.938+0200] {logging_mixin.py:190} INFO - [2025-03-12T14:19:31.937+0200] {dagbag.py:588} INFO - Filling up the DagBag from /home/munyah/.local/lib/python3.10/site-packages/airflow/example_dags/example_display_name.py
[2025-03-12T14:19:31.947+0200] {processor.py:925} INFO - DAG(s) 'example_display_name' retrieved from /home/munyah/.local/lib/python3.10/site-packages/airflow/example_dags/example_display_name.py
[2025-03-12T14:19:31.966+0200] {logging_mixin.py:190} INFO - [2025-03-12T14:19:31.966+0200] {dag.py:3239} INFO - Sync 1 DAGs
[2025-03-12T14:19:31.981+0200] {logging_mixin.py:190} INFO - [2025-03-12T14:19:31.981+0200] {dag.py:4180} INFO - Setting next_dagrun for example_display_name to None, run_after=None
[2025-03-12T14:19:32.005+0200] {processor.py:208} INFO - Processing /home/munyah/.local/lib/python3.10/site-packages/airflow/example_dags/example_display_name.py took 0.078 seconds
[2025-03-12T14:20:44.431+0200] {processor.py:186} INFO - Started process (PID=135191) to work on /home/munyah/.local/lib/python3.10/site-packages/airflow/example_dags/example_display_name.py
[2025-03-12T14:20:44.433+0200] {processor.py:914} INFO - Processing file /home/munyah/.local/lib/python3.10/site-packages/airflow/example_dags/example_display_name.py for tasks to queue
[2025-03-12T14:20:44.437+0200] {logging_mixin.py:190} INFO - [2025-03-12T14:20:44.436+0200] {dagbag.py:588} INFO - Filling up the DagBag from /home/munyah/.local/lib/python3.10/site-packages/airflow/example_dags/example_display_name.py
[2025-03-12T14:20:44.448+0200] {processor.py:925} INFO - DAG(s) 'example_display_name' retrieved from /home/munyah/.local/lib/python3.10/site-packages/airflow/example_dags/example_display_name.py
[2025-03-12T14:20:44.467+0200] {logging_mixin.py:190} INFO - [2025-03-12T14:20:44.467+0200] {dag.py:3239} INFO - Sync 1 DAGs
[2025-03-12T14:20:44.486+0200] {logging_mixin.py:190} INFO - [2025-03-12T14:20:44.486+0200] {dag.py:4180} INFO - Setting next_dagrun for example_display_name to None, run_after=None
[2025-03-12T14:20:44.511+0200] {processor.py:208} INFO - Processing /home/munyah/.local/lib/python3.10/site-packages/airflow/example_dags/example_display_name.py took 0.088 seconds
[2025-03-12T14:21:42.762+0200] {processor.py:186} INFO - Started process (PID=135398) to work on /home/munyah/.local/lib/python3.10/site-packages/airflow/example_dags/example_display_name.py
[2025-03-12T14:21:42.764+0200] {processor.py:914} INFO - Processing file /home/munyah/.local/lib/python3.10/site-packages/airflow/example_dags/example_display_name.py for tasks to queue
[2025-03-12T14:21:42.766+0200] {logging_mixin.py:190} INFO - [2025-03-12T14:21:42.766+0200] {dagbag.py:588} INFO - Filling up the DagBag from /home/munyah/.local/lib/python3.10/site-packages/airflow/example_dags/example_display_name.py
[2025-03-12T14:21:42.776+0200] {processor.py:925} INFO - DAG(s) 'example_display_name' retrieved from /home/munyah/.local/lib/python3.10/site-packages/airflow/example_dags/example_display_name.py
[2025-03-12T14:21:42.792+0200] {logging_mixin.py:190} INFO - [2025-03-12T14:21:42.792+0200] {dag.py:3239} INFO - Sync 1 DAGs
[2025-03-12T14:21:42.807+0200] {logging_mixin.py:190} INFO - [2025-03-12T14:21:42.807+0200] {dag.py:4180} INFO - Setting next_dagrun for example_display_name to None, run_after=None
[2025-03-12T14:21:42.841+0200] {processor.py:208} INFO - Processing /home/munyah/.local/lib/python3.10/site-packages/airflow/example_dags/example_display_name.py took 0.086 seconds
[2025-03-12T14:22:40.070+0200] {processor.py:186} INFO - Started process (PID=135929) to work on /home/munyah/.local/lib/python3.10/site-packages/airflow/example_dags/example_display_name.py
[2025-03-12T14:22:40.071+0200] {processor.py:914} INFO - Processing file /home/munyah/.local/lib/python3.10/site-packages/airflow/example_dags/example_display_name.py for tasks to queue
[2025-03-12T14:22:40.074+0200] {logging_mixin.py:190} INFO - [2025-03-12T14:22:40.074+0200] {dagbag.py:588} INFO - Filling up the DagBag from /home/munyah/.local/lib/python3.10/site-packages/airflow/example_dags/example_display_name.py
[2025-03-12T14:22:40.085+0200] {processor.py:925} INFO - DAG(s) 'example_display_name' retrieved from /home/munyah/.local/lib/python3.10/site-packages/airflow/example_dags/example_display_name.py
[2025-03-12T14:22:40.104+0200] {logging_mixin.py:190} INFO - [2025-03-12T14:22:40.104+0200] {dag.py:3239} INFO - Sync 1 DAGs
[2025-03-12T14:22:40.120+0200] {logging_mixin.py:190} INFO - [2025-03-12T14:22:40.120+0200] {dag.py:4180} INFO - Setting next_dagrun for example_display_name to None, run_after=None
[2025-03-12T14:22:40.146+0200] {processor.py:208} INFO - Processing /home/munyah/.local/lib/python3.10/site-packages/airflow/example_dags/example_display_name.py took 0.086 seconds
[2025-03-12T14:23:54.838+0200] {processor.py:186} INFO - Started process (PID=136585) to work on /home/munyah/.local/lib/python3.10/site-packages/airflow/example_dags/example_display_name.py
[2025-03-12T14:23:54.839+0200] {processor.py:914} INFO - Processing file /home/munyah/.local/lib/python3.10/site-packages/airflow/example_dags/example_display_name.py for tasks to queue
[2025-03-12T14:23:54.842+0200] {logging_mixin.py:190} INFO - [2025-03-12T14:23:54.841+0200] {dagbag.py:588} INFO - Filling up the DagBag from /home/munyah/.local/lib/python3.10/site-packages/airflow/example_dags/example_display_name.py
[2025-03-12T14:23:54.855+0200] {processor.py:925} INFO - DAG(s) 'example_display_name' retrieved from /home/munyah/.local/lib/python3.10/site-packages/airflow/example_dags/example_display_name.py
[2025-03-12T14:23:54.876+0200] {logging_mixin.py:190} INFO - [2025-03-12T14:23:54.876+0200] {dag.py:3239} INFO - Sync 1 DAGs
[2025-03-12T14:23:54.893+0200] {logging_mixin.py:190} INFO - [2025-03-12T14:23:54.893+0200] {dag.py:4180} INFO - Setting next_dagrun for example_display_name to None, run_after=None
[2025-03-12T14:23:54.927+0200] {processor.py:208} INFO - Processing /home/munyah/.local/lib/python3.10/site-packages/airflow/example_dags/example_display_name.py took 0.101 seconds
[2025-03-12T14:24:53.648+0200] {processor.py:186} INFO - Started process (PID=136800) to work on /home/munyah/.local/lib/python3.10/site-packages/airflow/example_dags/example_display_name.py
[2025-03-12T14:24:53.650+0200] {processor.py:914} INFO - Processing file /home/munyah/.local/lib/python3.10/site-packages/airflow/example_dags/example_display_name.py for tasks to queue
[2025-03-12T14:24:53.652+0200] {logging_mixin.py:190} INFO - [2025-03-12T14:24:53.652+0200] {dagbag.py:588} INFO - Filling up the DagBag from /home/munyah/.local/lib/python3.10/site-packages/airflow/example_dags/example_display_name.py
[2025-03-12T14:24:53.662+0200] {processor.py:925} INFO - DAG(s) 'example_display_name' retrieved from /home/munyah/.local/lib/python3.10/site-packages/airflow/example_dags/example_display_name.py
[2025-03-12T14:24:53.680+0200] {logging_mixin.py:190} INFO - [2025-03-12T14:24:53.679+0200] {dag.py:3239} INFO - Sync 1 DAGs
[2025-03-12T14:24:53.695+0200] {logging_mixin.py:190} INFO - [2025-03-12T14:24:53.695+0200] {dag.py:4180} INFO - Setting next_dagrun for example_display_name to None, run_after=None
[2025-03-12T14:24:53.719+0200] {processor.py:208} INFO - Processing /home/munyah/.local/lib/python3.10/site-packages/airflow/example_dags/example_display_name.py took 0.079 seconds
[2025-03-12T14:25:50.859+0200] {processor.py:186} INFO - Started process (PID=137006) to work on /home/munyah/.local/lib/python3.10/site-packages/airflow/example_dags/example_display_name.py
[2025-03-12T14:25:50.860+0200] {processor.py:914} INFO - Processing file /home/munyah/.local/lib/python3.10/site-packages/airflow/example_dags/example_display_name.py for tasks to queue
[2025-03-12T14:25:50.863+0200] {logging_mixin.py:190} INFO - [2025-03-12T14:25:50.862+0200] {dagbag.py:588} INFO - Filling up the DagBag from /home/munyah/.local/lib/python3.10/site-packages/airflow/example_dags/example_display_name.py
[2025-03-12T14:25:50.874+0200] {processor.py:925} INFO - DAG(s) 'example_display_name' retrieved from /home/munyah/.local/lib/python3.10/site-packages/airflow/example_dags/example_display_name.py
[2025-03-12T14:25:50.891+0200] {logging_mixin.py:190} INFO - [2025-03-12T14:25:50.891+0200] {dag.py:3239} INFO - Sync 1 DAGs
[2025-03-12T14:25:50.906+0200] {logging_mixin.py:190} INFO - [2025-03-12T14:25:50.906+0200] {dag.py:4180} INFO - Setting next_dagrun for example_display_name to None, run_after=None
[2025-03-12T14:25:50.928+0200] {processor.py:208} INFO - Processing /home/munyah/.local/lib/python3.10/site-packages/airflow/example_dags/example_display_name.py took 0.078 seconds
[2025-03-12T14:26:50.759+0200] {processor.py:186} INFO - Started process (PID=137176) to work on /home/munyah/.local/lib/python3.10/site-packages/airflow/example_dags/example_display_name.py
[2025-03-12T14:26:50.761+0200] {processor.py:914} INFO - Processing file /home/munyah/.local/lib/python3.10/site-packages/airflow/example_dags/example_display_name.py for tasks to queue
[2025-03-12T14:26:50.765+0200] {logging_mixin.py:190} INFO - [2025-03-12T14:26:50.764+0200] {dagbag.py:588} INFO - Filling up the DagBag from /home/munyah/.local/lib/python3.10/site-packages/airflow/example_dags/example_display_name.py
[2025-03-12T14:26:50.781+0200] {processor.py:925} INFO - DAG(s) 'example_display_name' retrieved from /home/munyah/.local/lib/python3.10/site-packages/airflow/example_dags/example_display_name.py
[2025-03-12T14:26:50.804+0200] {logging_mixin.py:190} INFO - [2025-03-12T14:26:50.803+0200] {dag.py:3239} INFO - Sync 1 DAGs
[2025-03-12T14:26:50.820+0200] {logging_mixin.py:190} INFO - [2025-03-12T14:26:50.820+0200] {dag.py:4180} INFO - Setting next_dagrun for example_display_name to None, run_after=None
[2025-03-12T14:26:50.845+0200] {processor.py:208} INFO - Processing /home/munyah/.local/lib/python3.10/site-packages/airflow/example_dags/example_display_name.py took 0.105 seconds
[2025-03-12T14:27:55.969+0200] {processor.py:186} INFO - Started process (PID=137399) to work on /home/munyah/.local/lib/python3.10/site-packages/airflow/example_dags/example_display_name.py
[2025-03-12T14:27:55.970+0200] {processor.py:914} INFO - Processing file /home/munyah/.local/lib/python3.10/site-packages/airflow/example_dags/example_display_name.py for tasks to queue
[2025-03-12T14:27:55.973+0200] {logging_mixin.py:190} INFO - [2025-03-12T14:27:55.972+0200] {dagbag.py:588} INFO - Filling up the DagBag from /home/munyah/.local/lib/python3.10/site-packages/airflow/example_dags/example_display_name.py
[2025-03-12T14:27:55.982+0200] {processor.py:925} INFO - DAG(s) 'example_display_name' retrieved from /home/munyah/.local/lib/python3.10/site-packages/airflow/example_dags/example_display_name.py
[2025-03-12T14:27:56.000+0200] {logging_mixin.py:190} INFO - [2025-03-12T14:27:56.000+0200] {dag.py:3239} INFO - Sync 1 DAGs
[2025-03-12T14:27:56.016+0200] {logging_mixin.py:190} INFO - [2025-03-12T14:27:56.016+0200] {dag.py:4180} INFO - Setting next_dagrun for example_display_name to None, run_after=None
[2025-03-12T14:27:56.039+0200] {processor.py:208} INFO - Processing /home/munyah/.local/lib/python3.10/site-packages/airflow/example_dags/example_display_name.py took 0.078 seconds
[2025-03-12T14:28:56.868+0200] {processor.py:186} INFO - Started process (PID=137593) to work on /home/munyah/.local/lib/python3.10/site-packages/airflow/example_dags/example_display_name.py
[2025-03-12T14:28:56.869+0200] {processor.py:914} INFO - Processing file /home/munyah/.local/lib/python3.10/site-packages/airflow/example_dags/example_display_name.py for tasks to queue
[2025-03-12T14:28:56.872+0200] {logging_mixin.py:190} INFO - [2025-03-12T14:28:56.872+0200] {dagbag.py:588} INFO - Filling up the DagBag from /home/munyah/.local/lib/python3.10/site-packages/airflow/example_dags/example_display_name.py
[2025-03-12T14:28:56.882+0200] {processor.py:925} INFO - DAG(s) 'example_display_name' retrieved from /home/munyah/.local/lib/python3.10/site-packages/airflow/example_dags/example_display_name.py
[2025-03-12T14:28:56.898+0200] {logging_mixin.py:190} INFO - [2025-03-12T14:28:56.898+0200] {dag.py:3239} INFO - Sync 1 DAGs
[2025-03-12T14:28:56.914+0200] {logging_mixin.py:190} INFO - [2025-03-12T14:28:56.914+0200] {dag.py:4180} INFO - Setting next_dagrun for example_display_name to None, run_after=None
[2025-03-12T14:28:56.938+0200] {processor.py:208} INFO - Processing /home/munyah/.local/lib/python3.10/site-packages/airflow/example_dags/example_display_name.py took 0.077 seconds
[2025-03-12T14:29:54.384+0200] {processor.py:186} INFO - Started process (PID=138589) to work on /home/munyah/.local/lib/python3.10/site-packages/airflow/example_dags/example_display_name.py
[2025-03-12T14:29:54.386+0200] {processor.py:914} INFO - Processing file /home/munyah/.local/lib/python3.10/site-packages/airflow/example_dags/example_display_name.py for tasks to queue
[2025-03-12T14:29:54.388+0200] {logging_mixin.py:190} INFO - [2025-03-12T14:29:54.388+0200] {dagbag.py:588} INFO - Filling up the DagBag from /home/munyah/.local/lib/python3.10/site-packages/airflow/example_dags/example_display_name.py
[2025-03-12T14:29:54.398+0200] {processor.py:925} INFO - DAG(s) 'example_display_name' retrieved from /home/munyah/.local/lib/python3.10/site-packages/airflow/example_dags/example_display_name.py
[2025-03-12T14:29:54.415+0200] {logging_mixin.py:190} INFO - [2025-03-12T14:29:54.415+0200] {dag.py:3239} INFO - Sync 1 DAGs
[2025-03-12T14:29:54.431+0200] {logging_mixin.py:190} INFO - [2025-03-12T14:29:54.430+0200] {dag.py:4180} INFO - Setting next_dagrun for example_display_name to None, run_after=None
[2025-03-12T14:29:54.453+0200] {processor.py:208} INFO - Processing /home/munyah/.local/lib/python3.10/site-packages/airflow/example_dags/example_display_name.py took 0.077 seconds
[2025-03-12T14:30:58.330+0200] {processor.py:186} INFO - Started process (PID=138836) to work on /home/munyah/.local/lib/python3.10/site-packages/airflow/example_dags/example_display_name.py
[2025-03-12T14:30:58.331+0200] {processor.py:914} INFO - Processing file /home/munyah/.local/lib/python3.10/site-packages/airflow/example_dags/example_display_name.py for tasks to queue
[2025-03-12T14:30:58.334+0200] {logging_mixin.py:190} INFO - [2025-03-12T14:30:58.333+0200] {dagbag.py:588} INFO - Filling up the DagBag from /home/munyah/.local/lib/python3.10/site-packages/airflow/example_dags/example_display_name.py
[2025-03-12T14:30:58.343+0200] {processor.py:925} INFO - DAG(s) 'example_display_name' retrieved from /home/munyah/.local/lib/python3.10/site-packages/airflow/example_dags/example_display_name.py
[2025-03-12T14:30:58.361+0200] {logging_mixin.py:190} INFO - [2025-03-12T14:30:58.361+0200] {dag.py:3239} INFO - Sync 1 DAGs
[2025-03-12T14:30:58.376+0200] {logging_mixin.py:190} INFO - [2025-03-12T14:30:58.376+0200] {dag.py:4180} INFO - Setting next_dagrun for example_display_name to None, run_after=None
[2025-03-12T14:30:58.398+0200] {processor.py:208} INFO - Processing /home/munyah/.local/lib/python3.10/site-packages/airflow/example_dags/example_display_name.py took 0.075 seconds
[2025-03-12T14:32:03.088+0200] {processor.py:186} INFO - Started process (PID=139042) to work on /home/munyah/.local/lib/python3.10/site-packages/airflow/example_dags/example_display_name.py
[2025-03-12T14:32:03.090+0200] {processor.py:914} INFO - Processing file /home/munyah/.local/lib/python3.10/site-packages/airflow/example_dags/example_display_name.py for tasks to queue
[2025-03-12T14:32:03.093+0200] {logging_mixin.py:190} INFO - [2025-03-12T14:32:03.092+0200] {dagbag.py:588} INFO - Filling up the DagBag from /home/munyah/.local/lib/python3.10/site-packages/airflow/example_dags/example_display_name.py
[2025-03-12T14:32:03.106+0200] {processor.py:925} INFO - DAG(s) 'example_display_name' retrieved from /home/munyah/.local/lib/python3.10/site-packages/airflow/example_dags/example_display_name.py
[2025-03-12T14:32:03.124+0200] {logging_mixin.py:190} INFO - [2025-03-12T14:32:03.124+0200] {dag.py:3239} INFO - Sync 1 DAGs
[2025-03-12T14:32:03.139+0200] {logging_mixin.py:190} INFO - [2025-03-12T14:32:03.139+0200] {dag.py:4180} INFO - Setting next_dagrun for example_display_name to None, run_after=None
[2025-03-12T14:32:03.172+0200] {processor.py:208} INFO - Processing /home/munyah/.local/lib/python3.10/site-packages/airflow/example_dags/example_display_name.py took 0.094 seconds
[2025-03-12T14:33:04.972+0200] {processor.py:186} INFO - Started process (PID=139750) to work on /home/munyah/.local/lib/python3.10/site-packages/airflow/example_dags/example_display_name.py
[2025-03-12T14:33:04.974+0200] {processor.py:914} INFO - Processing file /home/munyah/.local/lib/python3.10/site-packages/airflow/example_dags/example_display_name.py for tasks to queue
[2025-03-12T14:33:04.976+0200] {logging_mixin.py:190} INFO - [2025-03-12T14:33:04.976+0200] {dagbag.py:588} INFO - Filling up the DagBag from /home/munyah/.local/lib/python3.10/site-packages/airflow/example_dags/example_display_name.py
[2025-03-12T14:33:04.986+0200] {processor.py:925} INFO - DAG(s) 'example_display_name' retrieved from /home/munyah/.local/lib/python3.10/site-packages/airflow/example_dags/example_display_name.py
[2025-03-12T14:33:05.004+0200] {logging_mixin.py:190} INFO - [2025-03-12T14:33:05.003+0200] {dag.py:3239} INFO - Sync 1 DAGs
[2025-03-12T14:33:05.019+0200] {logging_mixin.py:190} INFO - [2025-03-12T14:33:05.018+0200] {dag.py:4180} INFO - Setting next_dagrun for example_display_name to None, run_after=None
[2025-03-12T14:33:05.042+0200] {processor.py:208} INFO - Processing /home/munyah/.local/lib/python3.10/site-packages/airflow/example_dags/example_display_name.py took 0.080 seconds
[2025-03-12T14:34:08.435+0200] {processor.py:186} INFO - Started process (PID=140022) to work on /home/munyah/.local/lib/python3.10/site-packages/airflow/example_dags/example_display_name.py
[2025-03-12T14:34:08.436+0200] {processor.py:914} INFO - Processing file /home/munyah/.local/lib/python3.10/site-packages/airflow/example_dags/example_display_name.py for tasks to queue
[2025-03-12T14:34:08.439+0200] {logging_mixin.py:190} INFO - [2025-03-12T14:34:08.438+0200] {dagbag.py:588} INFO - Filling up the DagBag from /home/munyah/.local/lib/python3.10/site-packages/airflow/example_dags/example_display_name.py
[2025-03-12T14:34:08.449+0200] {processor.py:925} INFO - DAG(s) 'example_display_name' retrieved from /home/munyah/.local/lib/python3.10/site-packages/airflow/example_dags/example_display_name.py
[2025-03-12T14:34:08.469+0200] {logging_mixin.py:190} INFO - [2025-03-12T14:34:08.469+0200] {dag.py:3239} INFO - Sync 1 DAGs
[2025-03-12T14:34:08.488+0200] {logging_mixin.py:190} INFO - [2025-03-12T14:34:08.488+0200] {dag.py:4180} INFO - Setting next_dagrun for example_display_name to None, run_after=None
[2025-03-12T14:34:08.514+0200] {processor.py:208} INFO - Processing /home/munyah/.local/lib/python3.10/site-packages/airflow/example_dags/example_display_name.py took 0.087 seconds
[2025-03-12T14:35:14.216+0200] {processor.py:186} INFO - Started process (PID=140205) to work on /home/munyah/.local/lib/python3.10/site-packages/airflow/example_dags/example_display_name.py
[2025-03-12T14:35:14.218+0200] {processor.py:914} INFO - Processing file /home/munyah/.local/lib/python3.10/site-packages/airflow/example_dags/example_display_name.py for tasks to queue
[2025-03-12T14:35:14.222+0200] {logging_mixin.py:190} INFO - [2025-03-12T14:35:14.221+0200] {dagbag.py:588} INFO - Filling up the DagBag from /home/munyah/.local/lib/python3.10/site-packages/airflow/example_dags/example_display_name.py
[2025-03-12T14:35:14.233+0200] {processor.py:925} INFO - DAG(s) 'example_display_name' retrieved from /home/munyah/.local/lib/python3.10/site-packages/airflow/example_dags/example_display_name.py
[2025-03-12T14:35:14.253+0200] {logging_mixin.py:190} INFO - [2025-03-12T14:35:14.252+0200] {dag.py:3239} INFO - Sync 1 DAGs
[2025-03-12T14:35:14.268+0200] {logging_mixin.py:190} INFO - [2025-03-12T14:35:14.268+0200] {dag.py:4180} INFO - Setting next_dagrun for example_display_name to None, run_after=None
[2025-03-12T14:35:14.292+0200] {processor.py:208} INFO - Processing /home/munyah/.local/lib/python3.10/site-packages/airflow/example_dags/example_display_name.py took 0.088 seconds
[2025-03-12T14:36:19.248+0200] {processor.py:186} INFO - Started process (PID=140464) to work on /home/munyah/.local/lib/python3.10/site-packages/airflow/example_dags/example_display_name.py
[2025-03-12T14:36:19.249+0200] {processor.py:914} INFO - Processing file /home/munyah/.local/lib/python3.10/site-packages/airflow/example_dags/example_display_name.py for tasks to queue
[2025-03-12T14:36:19.251+0200] {logging_mixin.py:190} INFO - [2025-03-12T14:36:19.251+0200] {dagbag.py:588} INFO - Filling up the DagBag from /home/munyah/.local/lib/python3.10/site-packages/airflow/example_dags/example_display_name.py
[2025-03-12T14:36:19.263+0200] {processor.py:925} INFO - DAG(s) 'example_display_name' retrieved from /home/munyah/.local/lib/python3.10/site-packages/airflow/example_dags/example_display_name.py
[2025-03-12T14:36:19.281+0200] {logging_mixin.py:190} INFO - [2025-03-12T14:36:19.281+0200] {dag.py:3239} INFO - Sync 1 DAGs
[2025-03-12T14:36:19.301+0200] {logging_mixin.py:190} INFO - [2025-03-12T14:36:19.301+0200] {dag.py:4180} INFO - Setting next_dagrun for example_display_name to None, run_after=None
[2025-03-12T14:36:19.329+0200] {processor.py:208} INFO - Processing /home/munyah/.local/lib/python3.10/site-packages/airflow/example_dags/example_display_name.py took 0.089 seconds
[2025-03-12T14:37:23.220+0200] {processor.py:186} INFO - Started process (PID=140573) to work on /home/munyah/.local/lib/python3.10/site-packages/airflow/example_dags/example_display_name.py
[2025-03-12T14:37:23.222+0200] {processor.py:914} INFO - Processing file /home/munyah/.local/lib/python3.10/site-packages/airflow/example_dags/example_display_name.py for tasks to queue
[2025-03-12T14:37:23.224+0200] {logging_mixin.py:190} INFO - [2025-03-12T14:37:23.224+0200] {dagbag.py:588} INFO - Filling up the DagBag from /home/munyah/.local/lib/python3.10/site-packages/airflow/example_dags/example_display_name.py
[2025-03-12T14:37:23.233+0200] {processor.py:925} INFO - DAG(s) 'example_display_name' retrieved from /home/munyah/.local/lib/python3.10/site-packages/airflow/example_dags/example_display_name.py
[2025-03-12T14:37:23.249+0200] {logging_mixin.py:190} INFO - [2025-03-12T14:37:23.249+0200] {dag.py:3239} INFO - Sync 1 DAGs
[2025-03-12T14:37:23.263+0200] {logging_mixin.py:190} INFO - [2025-03-12T14:37:23.263+0200] {dag.py:4180} INFO - Setting next_dagrun for example_display_name to None, run_after=None
[2025-03-12T14:37:23.283+0200] {processor.py:208} INFO - Processing /home/munyah/.local/lib/python3.10/site-packages/airflow/example_dags/example_display_name.py took 0.071 seconds
[2025-03-12T14:38:25.353+0200] {processor.py:186} INFO - Started process (PID=140681) to work on /home/munyah/.local/lib/python3.10/site-packages/airflow/example_dags/example_display_name.py
[2025-03-12T14:38:25.355+0200] {processor.py:914} INFO - Processing file /home/munyah/.local/lib/python3.10/site-packages/airflow/example_dags/example_display_name.py for tasks to queue
[2025-03-12T14:38:25.358+0200] {logging_mixin.py:190} INFO - [2025-03-12T14:38:25.357+0200] {dagbag.py:588} INFO - Filling up the DagBag from /home/munyah/.local/lib/python3.10/site-packages/airflow/example_dags/example_display_name.py
[2025-03-12T14:38:25.368+0200] {processor.py:925} INFO - DAG(s) 'example_display_name' retrieved from /home/munyah/.local/lib/python3.10/site-packages/airflow/example_dags/example_display_name.py
[2025-03-12T14:38:25.385+0200] {logging_mixin.py:190} INFO - [2025-03-12T14:38:25.385+0200] {dag.py:3239} INFO - Sync 1 DAGs
[2025-03-12T14:38:25.400+0200] {logging_mixin.py:190} INFO - [2025-03-12T14:38:25.400+0200] {dag.py:4180} INFO - Setting next_dagrun for example_display_name to None, run_after=None
[2025-03-12T14:38:25.436+0200] {processor.py:208} INFO - Processing /home/munyah/.local/lib/python3.10/site-packages/airflow/example_dags/example_display_name.py took 0.094 seconds
[2025-03-12T14:39:33.415+0200] {processor.py:186} INFO - Started process (PID=140786) to work on /home/munyah/.local/lib/python3.10/site-packages/airflow/example_dags/example_display_name.py
[2025-03-12T14:39:33.417+0200] {processor.py:914} INFO - Processing file /home/munyah/.local/lib/python3.10/site-packages/airflow/example_dags/example_display_name.py for tasks to queue
[2025-03-12T14:39:33.420+0200] {logging_mixin.py:190} INFO - [2025-03-12T14:39:33.419+0200] {dagbag.py:588} INFO - Filling up the DagBag from /home/munyah/.local/lib/python3.10/site-packages/airflow/example_dags/example_display_name.py
[2025-03-12T14:39:33.432+0200] {processor.py:925} INFO - DAG(s) 'example_display_name' retrieved from /home/munyah/.local/lib/python3.10/site-packages/airflow/example_dags/example_display_name.py
[2025-03-12T14:39:33.448+0200] {logging_mixin.py:190} INFO - [2025-03-12T14:39:33.448+0200] {dag.py:3239} INFO - Sync 1 DAGs
[2025-03-12T14:39:33.462+0200] {logging_mixin.py:190} INFO - [2025-03-12T14:39:33.462+0200] {dag.py:4180} INFO - Setting next_dagrun for example_display_name to None, run_after=None
[2025-03-12T14:39:33.483+0200] {processor.py:208} INFO - Processing /home/munyah/.local/lib/python3.10/site-packages/airflow/example_dags/example_display_name.py took 0.077 seconds
[2025-03-12T14:40:37.618+0200] {processor.py:186} INFO - Started process (PID=140900) to work on /home/munyah/.local/lib/python3.10/site-packages/airflow/example_dags/example_display_name.py
[2025-03-12T14:40:37.619+0200] {processor.py:914} INFO - Processing file /home/munyah/.local/lib/python3.10/site-packages/airflow/example_dags/example_display_name.py for tasks to queue
[2025-03-12T14:40:37.622+0200] {logging_mixin.py:190} INFO - [2025-03-12T14:40:37.621+0200] {dagbag.py:588} INFO - Filling up the DagBag from /home/munyah/.local/lib/python3.10/site-packages/airflow/example_dags/example_display_name.py
[2025-03-12T14:40:37.632+0200] {processor.py:925} INFO - DAG(s) 'example_display_name' retrieved from /home/munyah/.local/lib/python3.10/site-packages/airflow/example_dags/example_display_name.py
[2025-03-12T14:40:37.649+0200] {logging_mixin.py:190} INFO - [2025-03-12T14:40:37.648+0200] {dag.py:3239} INFO - Sync 1 DAGs
[2025-03-12T14:40:37.662+0200] {logging_mixin.py:190} INFO - [2025-03-12T14:40:37.662+0200] {dag.py:4180} INFO - Setting next_dagrun for example_display_name to None, run_after=None
[2025-03-12T14:40:37.684+0200] {processor.py:208} INFO - Processing /home/munyah/.local/lib/python3.10/site-packages/airflow/example_dags/example_display_name.py took 0.076 seconds
[2025-03-12T14:41:40.936+0200] {processor.py:186} INFO - Started process (PID=141217) to work on /home/munyah/.local/lib/python3.10/site-packages/airflow/example_dags/example_display_name.py
[2025-03-12T14:41:40.937+0200] {processor.py:914} INFO - Processing file /home/munyah/.local/lib/python3.10/site-packages/airflow/example_dags/example_display_name.py for tasks to queue
[2025-03-12T14:41:40.940+0200] {logging_mixin.py:190} INFO - [2025-03-12T14:41:40.939+0200] {dagbag.py:588} INFO - Filling up the DagBag from /home/munyah/.local/lib/python3.10/site-packages/airflow/example_dags/example_display_name.py
[2025-03-12T14:41:40.949+0200] {processor.py:925} INFO - DAG(s) 'example_display_name' retrieved from /home/munyah/.local/lib/python3.10/site-packages/airflow/example_dags/example_display_name.py
[2025-03-12T14:41:40.967+0200] {logging_mixin.py:190} INFO - [2025-03-12T14:41:40.966+0200] {dag.py:3239} INFO - Sync 1 DAGs
[2025-03-12T14:41:40.984+0200] {logging_mixin.py:190} INFO - [2025-03-12T14:41:40.984+0200] {dag.py:4180} INFO - Setting next_dagrun for example_display_name to None, run_after=None
[2025-03-12T14:41:41.007+0200] {processor.py:208} INFO - Processing /home/munyah/.local/lib/python3.10/site-packages/airflow/example_dags/example_display_name.py took 0.077 seconds
[2025-03-12T14:42:42.598+0200] {processor.py:186} INFO - Started process (PID=141418) to work on /home/munyah/.local/lib/python3.10/site-packages/airflow/example_dags/example_display_name.py
[2025-03-12T14:42:42.600+0200] {processor.py:914} INFO - Processing file /home/munyah/.local/lib/python3.10/site-packages/airflow/example_dags/example_display_name.py for tasks to queue
[2025-03-12T14:42:42.602+0200] {logging_mixin.py:190} INFO - [2025-03-12T14:42:42.602+0200] {dagbag.py:588} INFO - Filling up the DagBag from /home/munyah/.local/lib/python3.10/site-packages/airflow/example_dags/example_display_name.py
[2025-03-12T14:42:42.612+0200] {processor.py:925} INFO - DAG(s) 'example_display_name' retrieved from /home/munyah/.local/lib/python3.10/site-packages/airflow/example_dags/example_display_name.py
[2025-03-12T14:42:42.630+0200] {logging_mixin.py:190} INFO - [2025-03-12T14:42:42.630+0200] {dag.py:3239} INFO - Sync 1 DAGs
[2025-03-12T14:42:42.645+0200] {logging_mixin.py:190} INFO - [2025-03-12T14:42:42.644+0200] {dag.py:4180} INFO - Setting next_dagrun for example_display_name to None, run_after=None
[2025-03-12T14:42:42.668+0200] {processor.py:208} INFO - Processing /home/munyah/.local/lib/python3.10/site-packages/airflow/example_dags/example_display_name.py took 0.078 seconds
[2025-03-12T14:43:41.363+0200] {processor.py:186} INFO - Started process (PID=141581) to work on /home/munyah/.local/lib/python3.10/site-packages/airflow/example_dags/example_display_name.py
[2025-03-12T14:43:41.364+0200] {processor.py:914} INFO - Processing file /home/munyah/.local/lib/python3.10/site-packages/airflow/example_dags/example_display_name.py for tasks to queue
[2025-03-12T14:43:41.367+0200] {logging_mixin.py:190} INFO - [2025-03-12T14:43:41.367+0200] {dagbag.py:588} INFO - Filling up the DagBag from /home/munyah/.local/lib/python3.10/site-packages/airflow/example_dags/example_display_name.py
[2025-03-12T14:43:41.376+0200] {processor.py:925} INFO - DAG(s) 'example_display_name' retrieved from /home/munyah/.local/lib/python3.10/site-packages/airflow/example_dags/example_display_name.py
[2025-03-12T14:43:41.394+0200] {logging_mixin.py:190} INFO - [2025-03-12T14:43:41.393+0200] {dag.py:3239} INFO - Sync 1 DAGs
[2025-03-12T14:43:41.409+0200] {logging_mixin.py:190} INFO - [2025-03-12T14:43:41.408+0200] {dag.py:4180} INFO - Setting next_dagrun for example_display_name to None, run_after=None
[2025-03-12T14:43:41.435+0200] {processor.py:208} INFO - Processing /home/munyah/.local/lib/python3.10/site-packages/airflow/example_dags/example_display_name.py took 0.079 seconds
[2025-03-12T14:44:40.997+0200] {processor.py:186} INFO - Started process (PID=141774) to work on /home/munyah/.local/lib/python3.10/site-packages/airflow/example_dags/example_display_name.py
[2025-03-12T14:44:40.998+0200] {processor.py:914} INFO - Processing file /home/munyah/.local/lib/python3.10/site-packages/airflow/example_dags/example_display_name.py for tasks to queue
[2025-03-12T14:44:41.001+0200] {logging_mixin.py:190} INFO - [2025-03-12T14:44:41.000+0200] {dagbag.py:588} INFO - Filling up the DagBag from /home/munyah/.local/lib/python3.10/site-packages/airflow/example_dags/example_display_name.py
[2025-03-12T14:44:41.011+0200] {processor.py:925} INFO - DAG(s) 'example_display_name' retrieved from /home/munyah/.local/lib/python3.10/site-packages/airflow/example_dags/example_display_name.py
[2025-03-12T14:44:41.028+0200] {logging_mixin.py:190} INFO - [2025-03-12T14:44:41.027+0200] {dag.py:3239} INFO - Sync 1 DAGs
[2025-03-12T14:44:41.044+0200] {logging_mixin.py:190} INFO - [2025-03-12T14:44:41.044+0200] {dag.py:4180} INFO - Setting next_dagrun for example_display_name to None, run_after=None
[2025-03-12T14:44:41.066+0200] {processor.py:208} INFO - Processing /home/munyah/.local/lib/python3.10/site-packages/airflow/example_dags/example_display_name.py took 0.078 seconds
[2025-03-12T14:45:40.878+0200] {processor.py:186} INFO - Started process (PID=141937) to work on /home/munyah/.local/lib/python3.10/site-packages/airflow/example_dags/example_display_name.py
[2025-03-12T14:45:40.880+0200] {processor.py:914} INFO - Processing file /home/munyah/.local/lib/python3.10/site-packages/airflow/example_dags/example_display_name.py for tasks to queue
[2025-03-12T14:45:40.883+0200] {logging_mixin.py:190} INFO - [2025-03-12T14:45:40.882+0200] {dagbag.py:588} INFO - Filling up the DagBag from /home/munyah/.local/lib/python3.10/site-packages/airflow/example_dags/example_display_name.py
[2025-03-12T14:45:40.895+0200] {processor.py:925} INFO - DAG(s) 'example_display_name' retrieved from /home/munyah/.local/lib/python3.10/site-packages/airflow/example_dags/example_display_name.py
[2025-03-12T14:45:40.914+0200] {logging_mixin.py:190} INFO - [2025-03-12T14:45:40.914+0200] {dag.py:3239} INFO - Sync 1 DAGs
[2025-03-12T14:45:40.929+0200] {logging_mixin.py:190} INFO - [2025-03-12T14:45:40.929+0200] {dag.py:4180} INFO - Setting next_dagrun for example_display_name to None, run_after=None
[2025-03-12T14:45:40.953+0200] {processor.py:208} INFO - Processing /home/munyah/.local/lib/python3.10/site-packages/airflow/example_dags/example_display_name.py took 0.085 seconds
[2025-03-12T14:46:40.428+0200] {processor.py:186} INFO - Started process (PID=142188) to work on /home/munyah/.local/lib/python3.10/site-packages/airflow/example_dags/example_display_name.py
[2025-03-12T14:46:40.431+0200] {processor.py:914} INFO - Processing file /home/munyah/.local/lib/python3.10/site-packages/airflow/example_dags/example_display_name.py for tasks to queue
[2025-03-12T14:46:40.436+0200] {logging_mixin.py:190} INFO - [2025-03-12T14:46:40.435+0200] {dagbag.py:588} INFO - Filling up the DagBag from /home/munyah/.local/lib/python3.10/site-packages/airflow/example_dags/example_display_name.py
[2025-03-12T14:46:40.448+0200] {processor.py:925} INFO - DAG(s) 'example_display_name' retrieved from /home/munyah/.local/lib/python3.10/site-packages/airflow/example_dags/example_display_name.py
[2025-03-12T14:46:40.465+0200] {logging_mixin.py:190} INFO - [2025-03-12T14:46:40.464+0200] {dag.py:3239} INFO - Sync 1 DAGs
[2025-03-12T14:46:40.480+0200] {logging_mixin.py:190} INFO - [2025-03-12T14:46:40.480+0200] {dag.py:4180} INFO - Setting next_dagrun for example_display_name to None, run_after=None
[2025-03-12T14:46:40.502+0200] {processor.py:208} INFO - Processing /home/munyah/.local/lib/python3.10/site-packages/airflow/example_dags/example_display_name.py took 0.097 seconds
[2025-03-12T14:49:42.561+0200] {processor.py:186} INFO - Started process (PID=142791) to work on /home/munyah/.local/lib/python3.10/site-packages/airflow/example_dags/example_display_name.py
[2025-03-12T14:49:42.724+0200] {processor.py:914} INFO - Processing file /home/munyah/.local/lib/python3.10/site-packages/airflow/example_dags/example_display_name.py for tasks to queue
[2025-03-12T14:49:42.740+0200] {logging_mixin.py:190} INFO - [2025-03-12T14:49:42.737+0200] {dagbag.py:588} INFO - Filling up the DagBag from /home/munyah/.local/lib/python3.10/site-packages/airflow/example_dags/example_display_name.py
[2025-03-12T14:49:42.828+0200] {processor.py:925} INFO - DAG(s) 'example_display_name' retrieved from /home/munyah/.local/lib/python3.10/site-packages/airflow/example_dags/example_display_name.py
[2025-03-12T14:49:42.856+0200] {logging_mixin.py:190} INFO - [2025-03-12T14:49:42.856+0200] {dag.py:3239} INFO - Sync 1 DAGs
[2025-03-12T14:49:42.873+0200] {logging_mixin.py:190} INFO - [2025-03-12T14:49:42.873+0200] {dag.py:4180} INFO - Setting next_dagrun for example_display_name to None, run_after=None
[2025-03-12T14:49:43.398+0200] {processor.py:208} INFO - Processing /home/munyah/.local/lib/python3.10/site-packages/airflow/example_dags/example_display_name.py took 0.864 seconds
[2025-03-12T14:50:59.115+0200] {processor.py:186} INFO - Started process (PID=143003) to work on /home/munyah/.local/lib/python3.10/site-packages/airflow/example_dags/example_display_name.py
[2025-03-12T14:50:59.116+0200] {processor.py:914} INFO - Processing file /home/munyah/.local/lib/python3.10/site-packages/airflow/example_dags/example_display_name.py for tasks to queue
[2025-03-12T14:50:59.118+0200] {logging_mixin.py:190} INFO - [2025-03-12T14:50:59.118+0200] {dagbag.py:588} INFO - Filling up the DagBag from /home/munyah/.local/lib/python3.10/site-packages/airflow/example_dags/example_display_name.py
[2025-03-12T14:50:59.129+0200] {processor.py:925} INFO - DAG(s) 'example_display_name' retrieved from /home/munyah/.local/lib/python3.10/site-packages/airflow/example_dags/example_display_name.py
[2025-03-12T14:50:59.146+0200] {logging_mixin.py:190} INFO - [2025-03-12T14:50:59.146+0200] {dag.py:3239} INFO - Sync 1 DAGs
[2025-03-12T14:50:59.160+0200] {logging_mixin.py:190} INFO - [2025-03-12T14:50:59.160+0200] {dag.py:4180} INFO - Setting next_dagrun for example_display_name to None, run_after=None
[2025-03-12T14:50:59.182+0200] {processor.py:208} INFO - Processing /home/munyah/.local/lib/python3.10/site-packages/airflow/example_dags/example_display_name.py took 0.075 seconds
[2025-03-12T14:52:09.043+0200] {processor.py:186} INFO - Started process (PID=143247) to work on /home/munyah/.local/lib/python3.10/site-packages/airflow/example_dags/example_display_name.py
[2025-03-12T14:52:09.044+0200] {processor.py:914} INFO - Processing file /home/munyah/.local/lib/python3.10/site-packages/airflow/example_dags/example_display_name.py for tasks to queue
[2025-03-12T14:52:09.048+0200] {logging_mixin.py:190} INFO - [2025-03-12T14:52:09.047+0200] {dagbag.py:588} INFO - Filling up the DagBag from /home/munyah/.local/lib/python3.10/site-packages/airflow/example_dags/example_display_name.py
[2025-03-12T14:52:09.066+0200] {processor.py:925} INFO - DAG(s) 'example_display_name' retrieved from /home/munyah/.local/lib/python3.10/site-packages/airflow/example_dags/example_display_name.py
[2025-03-12T14:52:09.101+0200] {logging_mixin.py:190} INFO - [2025-03-12T14:52:09.101+0200] {dag.py:3239} INFO - Sync 1 DAGs
[2025-03-12T14:52:09.125+0200] {logging_mixin.py:190} INFO - [2025-03-12T14:52:09.124+0200] {dag.py:4180} INFO - Setting next_dagrun for example_display_name to None, run_after=None
[2025-03-12T14:52:09.171+0200] {processor.py:208} INFO - Processing /home/munyah/.local/lib/python3.10/site-packages/airflow/example_dags/example_display_name.py took 0.139 seconds
[2025-03-12T14:53:19.766+0200] {processor.py:186} INFO - Started process (PID=143495) to work on /home/munyah/.local/lib/python3.10/site-packages/airflow/example_dags/example_display_name.py
[2025-03-12T14:53:19.767+0200] {processor.py:914} INFO - Processing file /home/munyah/.local/lib/python3.10/site-packages/airflow/example_dags/example_display_name.py for tasks to queue
[2025-03-12T14:53:19.771+0200] {logging_mixin.py:190} INFO - [2025-03-12T14:53:19.770+0200] {dagbag.py:588} INFO - Filling up the DagBag from /home/munyah/.local/lib/python3.10/site-packages/airflow/example_dags/example_display_name.py
[2025-03-12T14:53:19.789+0200] {processor.py:925} INFO - DAG(s) 'example_display_name' retrieved from /home/munyah/.local/lib/python3.10/site-packages/airflow/example_dags/example_display_name.py
[2025-03-12T14:53:19.816+0200] {logging_mixin.py:190} INFO - [2025-03-12T14:53:19.816+0200] {dag.py:3239} INFO - Sync 1 DAGs
[2025-03-12T14:53:19.841+0200] {logging_mixin.py:190} INFO - [2025-03-12T14:53:19.841+0200] {dag.py:4180} INFO - Setting next_dagrun for example_display_name to None, run_after=None
[2025-03-12T14:53:19.885+0200] {processor.py:208} INFO - Processing /home/munyah/.local/lib/python3.10/site-packages/airflow/example_dags/example_display_name.py took 0.127 seconds
