[2025-03-12T14:17:17.333+0200] {processor.py:186} INFO - Started process (PID=134298) to work on /home/munyah/.local/lib/python3.10/site-packages/airflow/example_dags/example_params_trigger_ui.py
[2025-03-12T14:17:17.335+0200] {processor.py:914} INFO - Processing file /home/munyah/.local/lib/python3.10/site-packages/airflow/example_dags/example_params_trigger_ui.py for tasks to queue
[2025-03-12T14:17:17.338+0200] {logging_mixin.py:190} INFO - [2025-03-12T14:17:17.338+0200] {dagbag.py:588} INFO - Filling up the DagBag from /home/munyah/.local/lib/python3.10/site-packages/airflow/example_dags/example_params_trigger_ui.py
[2025-03-12T14:17:17.354+0200] {processor.py:925} INFO - DAG(s) 'example_params_trigger_ui' retrieved from /home/munyah/.local/lib/python3.10/site-packages/airflow/example_dags/example_params_trigger_ui.py
[2025-03-12T14:17:17.400+0200] {logging_mixin.py:190} INFO - [2025-03-12T14:17:17.400+0200] {dag.py:3239} INFO - Sync 1 DAGs
[2025-03-12T14:17:17.416+0200] {logging_mixin.py:190} INFO - [2025-03-12T14:17:17.416+0200] {dag.py:4180} INFO - Setting next_dagrun for example_params_trigger_ui to None, run_after=None
[2025-03-12T14:17:17.438+0200] {processor.py:208} INFO - Processing /home/munyah/.local/lib/python3.10/site-packages/airflow/example_dags/example_params_trigger_ui.py took 0.116 seconds
[2025-03-12T14:18:22.752+0200] {processor.py:186} INFO - Started process (PID=134686) to work on /home/munyah/.local/lib/python3.10/site-packages/airflow/example_dags/example_params_trigger_ui.py
[2025-03-12T14:18:22.753+0200] {processor.py:914} INFO - Processing file /home/munyah/.local/lib/python3.10/site-packages/airflow/example_dags/example_params_trigger_ui.py for tasks to queue
[2025-03-12T14:18:22.756+0200] {logging_mixin.py:190} INFO - [2025-03-12T14:18:22.755+0200] {dagbag.py:588} INFO - Filling up the DagBag from /home/munyah/.local/lib/python3.10/site-packages/airflow/example_dags/example_params_trigger_ui.py
[2025-03-12T14:18:22.770+0200] {processor.py:925} INFO - DAG(s) 'example_params_trigger_ui' retrieved from /home/munyah/.local/lib/python3.10/site-packages/airflow/example_dags/example_params_trigger_ui.py
[2025-03-12T14:18:22.829+0200] {logging_mixin.py:190} INFO - [2025-03-12T14:18:22.828+0200] {dag.py:3239} INFO - Sync 1 DAGs
[2025-03-12T14:18:22.845+0200] {logging_mixin.py:190} INFO - [2025-03-12T14:18:22.844+0200] {dag.py:4180} INFO - Setting next_dagrun for example_params_trigger_ui to None, run_after=None
[2025-03-12T14:18:22.871+0200] {processor.py:208} INFO - Processing /home/munyah/.local/lib/python3.10/site-packages/airflow/example_dags/example_params_trigger_ui.py took 0.126 seconds
[2025-03-12T14:19:21.548+0200] {processor.py:186} INFO - Started process (PID=134944) to work on /home/munyah/.local/lib/python3.10/site-packages/airflow/example_dags/example_params_trigger_ui.py
[2025-03-12T14:19:21.549+0200] {processor.py:914} INFO - Processing file /home/munyah/.local/lib/python3.10/site-packages/airflow/example_dags/example_params_trigger_ui.py for tasks to queue
[2025-03-12T14:19:21.552+0200] {logging_mixin.py:190} INFO - [2025-03-12T14:19:21.551+0200] {dagbag.py:588} INFO - Filling up the DagBag from /home/munyah/.local/lib/python3.10/site-packages/airflow/example_dags/example_params_trigger_ui.py
[2025-03-12T14:19:21.566+0200] {processor.py:925} INFO - DAG(s) 'example_params_trigger_ui' retrieved from /home/munyah/.local/lib/python3.10/site-packages/airflow/example_dags/example_params_trigger_ui.py
[2025-03-12T14:19:21.615+0200] {logging_mixin.py:190} INFO - [2025-03-12T14:19:21.615+0200] {dag.py:3239} INFO - Sync 1 DAGs
[2025-03-12T14:19:21.629+0200] {logging_mixin.py:190} INFO - [2025-03-12T14:19:21.629+0200] {dag.py:4180} INFO - Setting next_dagrun for example_params_trigger_ui to None, run_after=None
[2025-03-12T14:19:21.653+0200] {processor.py:208} INFO - Processing /home/munyah/.local/lib/python3.10/site-packages/airflow/example_dags/example_params_trigger_ui.py took 0.113 seconds
[2025-03-12T14:20:19.665+0200] {processor.py:186} INFO - Started process (PID=135105) to work on /home/munyah/.local/lib/python3.10/site-packages/airflow/example_dags/example_params_trigger_ui.py
[2025-03-12T14:20:19.666+0200] {processor.py:914} INFO - Processing file /home/munyah/.local/lib/python3.10/site-packages/airflow/example_dags/example_params_trigger_ui.py for tasks to queue
[2025-03-12T14:20:19.670+0200] {logging_mixin.py:190} INFO - [2025-03-12T14:20:19.669+0200] {dagbag.py:588} INFO - Filling up the DagBag from /home/munyah/.local/lib/python3.10/site-packages/airflow/example_dags/example_params_trigger_ui.py
[2025-03-12T14:20:19.683+0200] {processor.py:925} INFO - DAG(s) 'example_params_trigger_ui' retrieved from /home/munyah/.local/lib/python3.10/site-packages/airflow/example_dags/example_params_trigger_ui.py
[2025-03-12T14:20:19.732+0200] {logging_mixin.py:190} INFO - [2025-03-12T14:20:19.731+0200] {dag.py:3239} INFO - Sync 1 DAGs
[2025-03-12T14:20:19.746+0200] {logging_mixin.py:190} INFO - [2025-03-12T14:20:19.746+0200] {dag.py:4180} INFO - Setting next_dagrun for example_params_trigger_ui to None, run_after=None
[2025-03-12T14:20:19.767+0200] {processor.py:208} INFO - Processing /home/munyah/.local/lib/python3.10/site-packages/airflow/example_dags/example_params_trigger_ui.py took 0.109 seconds
[2025-03-12T14:21:15.673+0200] {processor.py:186} INFO - Started process (PID=135296) to work on /home/munyah/.local/lib/python3.10/site-packages/airflow/example_dags/example_params_trigger_ui.py
[2025-03-12T14:21:15.674+0200] {processor.py:914} INFO - Processing file /home/munyah/.local/lib/python3.10/site-packages/airflow/example_dags/example_params_trigger_ui.py for tasks to queue
[2025-03-12T14:21:15.677+0200] {logging_mixin.py:190} INFO - [2025-03-12T14:21:15.677+0200] {dagbag.py:588} INFO - Filling up the DagBag from /home/munyah/.local/lib/python3.10/site-packages/airflow/example_dags/example_params_trigger_ui.py
[2025-03-12T14:21:15.695+0200] {processor.py:925} INFO - DAG(s) 'example_params_trigger_ui' retrieved from /home/munyah/.local/lib/python3.10/site-packages/airflow/example_dags/example_params_trigger_ui.py
[2025-03-12T14:21:15.743+0200] {logging_mixin.py:190} INFO - [2025-03-12T14:21:15.742+0200] {dag.py:3239} INFO - Sync 1 DAGs
[2025-03-12T14:21:15.756+0200] {logging_mixin.py:190} INFO - [2025-03-12T14:21:15.756+0200] {dag.py:4180} INFO - Setting next_dagrun for example_params_trigger_ui to None, run_after=None
[2025-03-12T14:21:15.776+0200] {processor.py:208} INFO - Processing /home/munyah/.local/lib/python3.10/site-packages/airflow/example_dags/example_params_trigger_ui.py took 0.112 seconds
[2025-03-12T14:22:11.613+0200] {processor.py:186} INFO - Started process (PID=135506) to work on /home/munyah/.local/lib/python3.10/site-packages/airflow/example_dags/example_params_trigger_ui.py
[2025-03-12T14:22:11.614+0200] {processor.py:914} INFO - Processing file /home/munyah/.local/lib/python3.10/site-packages/airflow/example_dags/example_params_trigger_ui.py for tasks to queue
[2025-03-12T14:22:11.616+0200] {logging_mixin.py:190} INFO - [2025-03-12T14:22:11.616+0200] {dagbag.py:588} INFO - Filling up the DagBag from /home/munyah/.local/lib/python3.10/site-packages/airflow/example_dags/example_params_trigger_ui.py
[2025-03-12T14:22:11.630+0200] {processor.py:925} INFO - DAG(s) 'example_params_trigger_ui' retrieved from /home/munyah/.local/lib/python3.10/site-packages/airflow/example_dags/example_params_trigger_ui.py
[2025-03-12T14:22:11.675+0200] {logging_mixin.py:190} INFO - [2025-03-12T14:22:11.674+0200] {dag.py:3239} INFO - Sync 1 DAGs
[2025-03-12T14:22:11.688+0200] {logging_mixin.py:190} INFO - [2025-03-12T14:22:11.688+0200] {dag.py:4180} INFO - Setting next_dagrun for example_params_trigger_ui to None, run_after=None
[2025-03-12T14:22:11.711+0200] {processor.py:208} INFO - Processing /home/munyah/.local/lib/python3.10/site-packages/airflow/example_dags/example_params_trigger_ui.py took 0.105 seconds
[2025-03-12T14:23:16.098+0200] {processor.py:186} INFO - Started process (PID=136427) to work on /home/munyah/.local/lib/python3.10/site-packages/airflow/example_dags/example_params_trigger_ui.py
[2025-03-12T14:23:16.099+0200] {processor.py:914} INFO - Processing file /home/munyah/.local/lib/python3.10/site-packages/airflow/example_dags/example_params_trigger_ui.py for tasks to queue
[2025-03-12T14:23:16.102+0200] {logging_mixin.py:190} INFO - [2025-03-12T14:23:16.101+0200] {dagbag.py:588} INFO - Filling up the DagBag from /home/munyah/.local/lib/python3.10/site-packages/airflow/example_dags/example_params_trigger_ui.py
[2025-03-12T14:23:16.117+0200] {processor.py:925} INFO - DAG(s) 'example_params_trigger_ui' retrieved from /home/munyah/.local/lib/python3.10/site-packages/airflow/example_dags/example_params_trigger_ui.py
[2025-03-12T14:23:16.165+0200] {logging_mixin.py:190} INFO - [2025-03-12T14:23:16.165+0200] {dag.py:3239} INFO - Sync 1 DAGs
[2025-03-12T14:23:16.179+0200] {logging_mixin.py:190} INFO - [2025-03-12T14:23:16.179+0200] {dag.py:4180} INFO - Setting next_dagrun for example_params_trigger_ui to None, run_after=None
[2025-03-12T14:23:16.202+0200] {processor.py:208} INFO - Processing /home/munyah/.local/lib/python3.10/site-packages/airflow/example_dags/example_params_trigger_ui.py took 0.114 seconds
[2025-03-12T14:24:26.405+0200] {processor.py:186} INFO - Started process (PID=136677) to work on /home/munyah/.local/lib/python3.10/site-packages/airflow/example_dags/example_params_trigger_ui.py
[2025-03-12T14:24:26.406+0200] {processor.py:914} INFO - Processing file /home/munyah/.local/lib/python3.10/site-packages/airflow/example_dags/example_params_trigger_ui.py for tasks to queue
[2025-03-12T14:24:26.409+0200] {logging_mixin.py:190} INFO - [2025-03-12T14:24:26.409+0200] {dagbag.py:588} INFO - Filling up the DagBag from /home/munyah/.local/lib/python3.10/site-packages/airflow/example_dags/example_params_trigger_ui.py
[2025-03-12T14:24:26.424+0200] {processor.py:925} INFO - DAG(s) 'example_params_trigger_ui' retrieved from /home/munyah/.local/lib/python3.10/site-packages/airflow/example_dags/example_params_trigger_ui.py
[2025-03-12T14:24:26.489+0200] {logging_mixin.py:190} INFO - [2025-03-12T14:24:26.489+0200] {dag.py:3239} INFO - Sync 1 DAGs
[2025-03-12T14:24:26.511+0200] {logging_mixin.py:190} INFO - [2025-03-12T14:24:26.510+0200] {dag.py:4180} INFO - Setting next_dagrun for example_params_trigger_ui to None, run_after=None
[2025-03-12T14:24:26.538+0200] {processor.py:208} INFO - Processing /home/munyah/.local/lib/python3.10/site-packages/airflow/example_dags/example_params_trigger_ui.py took 0.143 seconds
[2025-03-12T14:25:23.804+0200] {processor.py:186} INFO - Started process (PID=136881) to work on /home/munyah/.local/lib/python3.10/site-packages/airflow/example_dags/example_params_trigger_ui.py
[2025-03-12T14:25:23.806+0200] {processor.py:914} INFO - Processing file /home/munyah/.local/lib/python3.10/site-packages/airflow/example_dags/example_params_trigger_ui.py for tasks to queue
[2025-03-12T14:25:23.808+0200] {logging_mixin.py:190} INFO - [2025-03-12T14:25:23.808+0200] {dagbag.py:588} INFO - Filling up the DagBag from /home/munyah/.local/lib/python3.10/site-packages/airflow/example_dags/example_params_trigger_ui.py
[2025-03-12T14:25:23.823+0200] {processor.py:925} INFO - DAG(s) 'example_params_trigger_ui' retrieved from /home/munyah/.local/lib/python3.10/site-packages/airflow/example_dags/example_params_trigger_ui.py
[2025-03-12T14:25:23.875+0200] {logging_mixin.py:190} INFO - [2025-03-12T14:25:23.874+0200] {dag.py:3239} INFO - Sync 1 DAGs
[2025-03-12T14:25:23.890+0200] {logging_mixin.py:190} INFO - [2025-03-12T14:25:23.889+0200] {dag.py:4180} INFO - Setting next_dagrun for example_params_trigger_ui to None, run_after=None
[2025-03-12T14:25:23.911+0200] {processor.py:208} INFO - Processing /home/munyah/.local/lib/python3.10/site-packages/airflow/example_dags/example_params_trigger_ui.py took 0.115 seconds
[2025-03-12T14:26:23.336+0200] {processor.py:186} INFO - Started process (PID=137093) to work on /home/munyah/.local/lib/python3.10/site-packages/airflow/example_dags/example_params_trigger_ui.py
[2025-03-12T14:26:23.337+0200] {processor.py:914} INFO - Processing file /home/munyah/.local/lib/python3.10/site-packages/airflow/example_dags/example_params_trigger_ui.py for tasks to queue
[2025-03-12T14:26:23.339+0200] {logging_mixin.py:190} INFO - [2025-03-12T14:26:23.339+0200] {dagbag.py:588} INFO - Filling up the DagBag from /home/munyah/.local/lib/python3.10/site-packages/airflow/example_dags/example_params_trigger_ui.py
[2025-03-12T14:26:23.353+0200] {processor.py:925} INFO - DAG(s) 'example_params_trigger_ui' retrieved from /home/munyah/.local/lib/python3.10/site-packages/airflow/example_dags/example_params_trigger_ui.py
[2025-03-12T14:26:23.403+0200] {logging_mixin.py:190} INFO - [2025-03-12T14:26:23.402+0200] {dag.py:3239} INFO - Sync 1 DAGs
[2025-03-12T14:26:23.417+0200] {logging_mixin.py:190} INFO - [2025-03-12T14:26:23.416+0200] {dag.py:4180} INFO - Setting next_dagrun for example_params_trigger_ui to None, run_after=None
[2025-03-12T14:26:23.438+0200] {processor.py:208} INFO - Processing /home/munyah/.local/lib/python3.10/site-packages/airflow/example_dags/example_params_trigger_ui.py took 0.110 seconds
[2025-03-12T14:27:24.781+0200] {processor.py:186} INFO - Started process (PID=137307) to work on /home/munyah/.local/lib/python3.10/site-packages/airflow/example_dags/example_params_trigger_ui.py
[2025-03-12T14:27:24.783+0200] {processor.py:914} INFO - Processing file /home/munyah/.local/lib/python3.10/site-packages/airflow/example_dags/example_params_trigger_ui.py for tasks to queue
[2025-03-12T14:27:24.785+0200] {logging_mixin.py:190} INFO - [2025-03-12T14:27:24.785+0200] {dagbag.py:588} INFO - Filling up the DagBag from /home/munyah/.local/lib/python3.10/site-packages/airflow/example_dags/example_params_trigger_ui.py
[2025-03-12T14:27:24.800+0200] {processor.py:925} INFO - DAG(s) 'example_params_trigger_ui' retrieved from /home/munyah/.local/lib/python3.10/site-packages/airflow/example_dags/example_params_trigger_ui.py
[2025-03-12T14:27:24.847+0200] {logging_mixin.py:190} INFO - [2025-03-12T14:27:24.847+0200] {dag.py:3239} INFO - Sync 1 DAGs
[2025-03-12T14:27:24.862+0200] {logging_mixin.py:190} INFO - [2025-03-12T14:27:24.861+0200] {dag.py:4180} INFO - Setting next_dagrun for example_params_trigger_ui to None, run_after=None
[2025-03-12T14:27:24.884+0200] {processor.py:208} INFO - Processing /home/munyah/.local/lib/python3.10/site-packages/airflow/example_dags/example_params_trigger_ui.py took 0.112 seconds
[2025-03-12T14:28:28.112+0200] {processor.py:186} INFO - Started process (PID=137483) to work on /home/munyah/.local/lib/python3.10/site-packages/airflow/example_dags/example_params_trigger_ui.py
[2025-03-12T14:28:28.113+0200] {processor.py:914} INFO - Processing file /home/munyah/.local/lib/python3.10/site-packages/airflow/example_dags/example_params_trigger_ui.py for tasks to queue
[2025-03-12T14:28:28.116+0200] {logging_mixin.py:190} INFO - [2025-03-12T14:28:28.115+0200] {dagbag.py:588} INFO - Filling up the DagBag from /home/munyah/.local/lib/python3.10/site-packages/airflow/example_dags/example_params_trigger_ui.py
[2025-03-12T14:28:28.132+0200] {processor.py:925} INFO - DAG(s) 'example_params_trigger_ui' retrieved from /home/munyah/.local/lib/python3.10/site-packages/airflow/example_dags/example_params_trigger_ui.py
[2025-03-12T14:28:28.181+0200] {logging_mixin.py:190} INFO - [2025-03-12T14:28:28.181+0200] {dag.py:3239} INFO - Sync 1 DAGs
[2025-03-12T14:28:28.195+0200] {logging_mixin.py:190} INFO - [2025-03-12T14:28:28.195+0200] {dag.py:4180} INFO - Setting next_dagrun for example_params_trigger_ui to None, run_after=None
[2025-03-12T14:28:28.218+0200] {processor.py:208} INFO - Processing /home/munyah/.local/lib/python3.10/site-packages/airflow/example_dags/example_params_trigger_ui.py took 0.113 seconds
[2025-03-12T14:29:25.675+0200] {processor.py:186} INFO - Started process (PID=138257) to work on /home/munyah/.local/lib/python3.10/site-packages/airflow/example_dags/example_params_trigger_ui.py
[2025-03-12T14:29:25.676+0200] {processor.py:914} INFO - Processing file /home/munyah/.local/lib/python3.10/site-packages/airflow/example_dags/example_params_trigger_ui.py for tasks to queue
[2025-03-12T14:29:25.679+0200] {logging_mixin.py:190} INFO - [2025-03-12T14:29:25.678+0200] {dagbag.py:588} INFO - Filling up the DagBag from /home/munyah/.local/lib/python3.10/site-packages/airflow/example_dags/example_params_trigger_ui.py
[2025-03-12T14:29:25.694+0200] {processor.py:925} INFO - DAG(s) 'example_params_trigger_ui' retrieved from /home/munyah/.local/lib/python3.10/site-packages/airflow/example_dags/example_params_trigger_ui.py
[2025-03-12T14:29:25.746+0200] {logging_mixin.py:190} INFO - [2025-03-12T14:29:25.746+0200] {dag.py:3239} INFO - Sync 1 DAGs
[2025-03-12T14:29:25.760+0200] {logging_mixin.py:190} INFO - [2025-03-12T14:29:25.760+0200] {dag.py:4180} INFO - Setting next_dagrun for example_params_trigger_ui to None, run_after=None
[2025-03-12T14:29:25.783+0200] {processor.py:208} INFO - Processing /home/munyah/.local/lib/python3.10/site-packages/airflow/example_dags/example_params_trigger_ui.py took 0.118 seconds
[2025-03-12T14:30:25.100+0200] {processor.py:186} INFO - Started process (PID=138697) to work on /home/munyah/.local/lib/python3.10/site-packages/airflow/example_dags/example_params_trigger_ui.py
[2025-03-12T14:30:25.101+0200] {processor.py:914} INFO - Processing file /home/munyah/.local/lib/python3.10/site-packages/airflow/example_dags/example_params_trigger_ui.py for tasks to queue
[2025-03-12T14:30:25.104+0200] {logging_mixin.py:190} INFO - [2025-03-12T14:30:25.103+0200] {dagbag.py:588} INFO - Filling up the DagBag from /home/munyah/.local/lib/python3.10/site-packages/airflow/example_dags/example_params_trigger_ui.py
[2025-03-12T14:30:25.119+0200] {processor.py:925} INFO - DAG(s) 'example_params_trigger_ui' retrieved from /home/munyah/.local/lib/python3.10/site-packages/airflow/example_dags/example_params_trigger_ui.py
[2025-03-12T14:30:25.173+0200] {logging_mixin.py:190} INFO - [2025-03-12T14:30:25.172+0200] {dag.py:3239} INFO - Sync 1 DAGs
[2025-03-12T14:30:25.191+0200] {logging_mixin.py:190} INFO - [2025-03-12T14:30:25.190+0200] {dag.py:4180} INFO - Setting next_dagrun for example_params_trigger_ui to None, run_after=None
[2025-03-12T14:30:25.213+0200] {processor.py:208} INFO - Processing /home/munyah/.local/lib/python3.10/site-packages/airflow/example_dags/example_params_trigger_ui.py took 0.121 seconds
[2025-03-12T14:31:28.141+0200] {processor.py:186} INFO - Started process (PID=138944) to work on /home/munyah/.local/lib/python3.10/site-packages/airflow/example_dags/example_params_trigger_ui.py
[2025-03-12T14:31:28.142+0200] {processor.py:914} INFO - Processing file /home/munyah/.local/lib/python3.10/site-packages/airflow/example_dags/example_params_trigger_ui.py for tasks to queue
[2025-03-12T14:31:28.146+0200] {logging_mixin.py:190} INFO - [2025-03-12T14:31:28.145+0200] {dagbag.py:588} INFO - Filling up the DagBag from /home/munyah/.local/lib/python3.10/site-packages/airflow/example_dags/example_params_trigger_ui.py
[2025-03-12T14:31:28.161+0200] {processor.py:925} INFO - DAG(s) 'example_params_trigger_ui' retrieved from /home/munyah/.local/lib/python3.10/site-packages/airflow/example_dags/example_params_trigger_ui.py
[2025-03-12T14:31:28.213+0200] {logging_mixin.py:190} INFO - [2025-03-12T14:31:28.213+0200] {dag.py:3239} INFO - Sync 1 DAGs
[2025-03-12T14:31:28.227+0200] {logging_mixin.py:190} INFO - [2025-03-12T14:31:28.227+0200] {dag.py:4180} INFO - Setting next_dagrun for example_params_trigger_ui to None, run_after=None
[2025-03-12T14:31:28.249+0200] {processor.py:208} INFO - Processing /home/munyah/.local/lib/python3.10/site-packages/airflow/example_dags/example_params_trigger_ui.py took 0.118 seconds
[2025-03-12T14:32:32.339+0200] {processor.py:186} INFO - Started process (PID=139408) to work on /home/munyah/.local/lib/python3.10/site-packages/airflow/example_dags/example_params_trigger_ui.py
[2025-03-12T14:32:32.341+0200] {processor.py:914} INFO - Processing file /home/munyah/.local/lib/python3.10/site-packages/airflow/example_dags/example_params_trigger_ui.py for tasks to queue
[2025-03-12T14:32:32.347+0200] {logging_mixin.py:190} INFO - [2025-03-12T14:32:32.346+0200] {dagbag.py:588} INFO - Filling up the DagBag from /home/munyah/.local/lib/python3.10/site-packages/airflow/example_dags/example_params_trigger_ui.py
[2025-03-12T14:32:32.363+0200] {processor.py:925} INFO - DAG(s) 'example_params_trigger_ui' retrieved from /home/munyah/.local/lib/python3.10/site-packages/airflow/example_dags/example_params_trigger_ui.py
[2025-03-12T14:32:32.421+0200] {logging_mixin.py:190} INFO - [2025-03-12T14:32:32.421+0200] {dag.py:3239} INFO - Sync 1 DAGs
[2025-03-12T14:32:32.435+0200] {logging_mixin.py:190} INFO - [2025-03-12T14:32:32.435+0200] {dag.py:4180} INFO - Setting next_dagrun for example_params_trigger_ui to None, run_after=None
[2025-03-12T14:32:32.458+0200] {processor.py:208} INFO - Processing /home/munyah/.local/lib/python3.10/site-packages/airflow/example_dags/example_params_trigger_ui.py took 0.140 seconds
[2025-03-12T14:33:35.230+0200] {processor.py:186} INFO - Started process (PID=139887) to work on /home/munyah/.local/lib/python3.10/site-packages/airflow/example_dags/example_params_trigger_ui.py
[2025-03-12T14:33:35.231+0200] {processor.py:914} INFO - Processing file /home/munyah/.local/lib/python3.10/site-packages/airflow/example_dags/example_params_trigger_ui.py for tasks to queue
[2025-03-12T14:33:35.234+0200] {logging_mixin.py:190} INFO - [2025-03-12T14:33:35.233+0200] {dagbag.py:588} INFO - Filling up the DagBag from /home/munyah/.local/lib/python3.10/site-packages/airflow/example_dags/example_params_trigger_ui.py
[2025-03-12T14:33:35.248+0200] {processor.py:925} INFO - DAG(s) 'example_params_trigger_ui' retrieved from /home/munyah/.local/lib/python3.10/site-packages/airflow/example_dags/example_params_trigger_ui.py
[2025-03-12T14:33:35.302+0200] {logging_mixin.py:190} INFO - [2025-03-12T14:33:35.302+0200] {dag.py:3239} INFO - Sync 1 DAGs
[2025-03-12T14:33:35.317+0200] {logging_mixin.py:190} INFO - [2025-03-12T14:33:35.317+0200] {dag.py:4180} INFO - Setting next_dagrun for example_params_trigger_ui to None, run_after=None
[2025-03-12T14:33:35.346+0200] {processor.py:208} INFO - Processing /home/munyah/.local/lib/python3.10/site-packages/airflow/example_dags/example_params_trigger_ui.py took 0.124 seconds
[2025-03-12T14:34:40.383+0200] {processor.py:186} INFO - Started process (PID=140114) to work on /home/munyah/.local/lib/python3.10/site-packages/airflow/example_dags/example_params_trigger_ui.py
[2025-03-12T14:34:40.385+0200] {processor.py:914} INFO - Processing file /home/munyah/.local/lib/python3.10/site-packages/airflow/example_dags/example_params_trigger_ui.py for tasks to queue
[2025-03-12T14:34:40.388+0200] {logging_mixin.py:190} INFO - [2025-03-12T14:34:40.387+0200] {dagbag.py:588} INFO - Filling up the DagBag from /home/munyah/.local/lib/python3.10/site-packages/airflow/example_dags/example_params_trigger_ui.py
[2025-03-12T14:34:40.403+0200] {processor.py:925} INFO - DAG(s) 'example_params_trigger_ui' retrieved from /home/munyah/.local/lib/python3.10/site-packages/airflow/example_dags/example_params_trigger_ui.py
[2025-03-12T14:34:40.457+0200] {logging_mixin.py:190} INFO - [2025-03-12T14:34:40.456+0200] {dag.py:3239} INFO - Sync 1 DAGs
[2025-03-12T14:34:40.472+0200] {logging_mixin.py:190} INFO - [2025-03-12T14:34:40.472+0200] {dag.py:4180} INFO - Setting next_dagrun for example_params_trigger_ui to None, run_after=None
[2025-03-12T14:34:40.495+0200] {processor.py:208} INFO - Processing /home/munyah/.local/lib/python3.10/site-packages/airflow/example_dags/example_params_trigger_ui.py took 0.120 seconds
[2025-03-12T14:35:42.827+0200] {processor.py:186} INFO - Started process (PID=140308) to work on /home/munyah/.local/lib/python3.10/site-packages/airflow/example_dags/example_params_trigger_ui.py
[2025-03-12T14:35:42.828+0200] {processor.py:914} INFO - Processing file /home/munyah/.local/lib/python3.10/site-packages/airflow/example_dags/example_params_trigger_ui.py for tasks to queue
[2025-03-12T14:35:42.831+0200] {logging_mixin.py:190} INFO - [2025-03-12T14:35:42.830+0200] {dagbag.py:588} INFO - Filling up the DagBag from /home/munyah/.local/lib/python3.10/site-packages/airflow/example_dags/example_params_trigger_ui.py
[2025-03-12T14:35:42.844+0200] {processor.py:925} INFO - DAG(s) 'example_params_trigger_ui' retrieved from /home/munyah/.local/lib/python3.10/site-packages/airflow/example_dags/example_params_trigger_ui.py
[2025-03-12T14:35:42.895+0200] {logging_mixin.py:190} INFO - [2025-03-12T14:35:42.895+0200] {dag.py:3239} INFO - Sync 1 DAGs
[2025-03-12T14:35:42.910+0200] {logging_mixin.py:190} INFO - [2025-03-12T14:35:42.910+0200] {dag.py:4180} INFO - Setting next_dagrun for example_params_trigger_ui to None, run_after=None
[2025-03-12T14:35:42.933+0200] {processor.py:208} INFO - Processing /home/munyah/.local/lib/python3.10/site-packages/airflow/example_dags/example_params_trigger_ui.py took 0.114 seconds
[2025-03-12T14:36:50.815+0200] {processor.py:186} INFO - Started process (PID=140507) to work on /home/munyah/.local/lib/python3.10/site-packages/airflow/example_dags/example_params_trigger_ui.py
[2025-03-12T14:36:50.816+0200] {processor.py:914} INFO - Processing file /home/munyah/.local/lib/python3.10/site-packages/airflow/example_dags/example_params_trigger_ui.py for tasks to queue
[2025-03-12T14:36:50.818+0200] {logging_mixin.py:190} INFO - [2025-03-12T14:36:50.818+0200] {dagbag.py:588} INFO - Filling up the DagBag from /home/munyah/.local/lib/python3.10/site-packages/airflow/example_dags/example_params_trigger_ui.py
[2025-03-12T14:36:50.833+0200] {processor.py:925} INFO - DAG(s) 'example_params_trigger_ui' retrieved from /home/munyah/.local/lib/python3.10/site-packages/airflow/example_dags/example_params_trigger_ui.py
[2025-03-12T14:36:50.880+0200] {logging_mixin.py:190} INFO - [2025-03-12T14:36:50.880+0200] {dag.py:3239} INFO - Sync 1 DAGs
[2025-03-12T14:36:50.895+0200] {logging_mixin.py:190} INFO - [2025-03-12T14:36:50.894+0200] {dag.py:4180} INFO - Setting next_dagrun for example_params_trigger_ui to None, run_after=None
[2025-03-12T14:36:50.914+0200] {processor.py:208} INFO - Processing /home/munyah/.local/lib/python3.10/site-packages/airflow/example_dags/example_params_trigger_ui.py took 0.107 seconds
[2025-03-12T14:37:52.872+0200] {processor.py:186} INFO - Started process (PID=140642) to work on /home/munyah/.local/lib/python3.10/site-packages/airflow/example_dags/example_params_trigger_ui.py
[2025-03-12T14:37:52.874+0200] {processor.py:914} INFO - Processing file /home/munyah/.local/lib/python3.10/site-packages/airflow/example_dags/example_params_trigger_ui.py for tasks to queue
[2025-03-12T14:37:52.877+0200] {logging_mixin.py:190} INFO - [2025-03-12T14:37:52.877+0200] {dagbag.py:588} INFO - Filling up the DagBag from /home/munyah/.local/lib/python3.10/site-packages/airflow/example_dags/example_params_trigger_ui.py
[2025-03-12T14:37:52.893+0200] {processor.py:925} INFO - DAG(s) 'example_params_trigger_ui' retrieved from /home/munyah/.local/lib/python3.10/site-packages/airflow/example_dags/example_params_trigger_ui.py
[2025-03-12T14:37:52.939+0200] {logging_mixin.py:190} INFO - [2025-03-12T14:37:52.939+0200] {dag.py:3239} INFO - Sync 1 DAGs
[2025-03-12T14:37:52.953+0200] {logging_mixin.py:190} INFO - [2025-03-12T14:37:52.952+0200] {dag.py:4180} INFO - Setting next_dagrun for example_params_trigger_ui to None, run_after=None
[2025-03-12T14:37:52.976+0200] {processor.py:208} INFO - Processing /home/munyah/.local/lib/python3.10/site-packages/airflow/example_dags/example_params_trigger_ui.py took 0.119 seconds
[2025-03-12T14:38:58.650+0200] {processor.py:186} INFO - Started process (PID=140721) to work on /home/munyah/.local/lib/python3.10/site-packages/airflow/example_dags/example_params_trigger_ui.py
[2025-03-12T14:38:58.652+0200] {processor.py:914} INFO - Processing file /home/munyah/.local/lib/python3.10/site-packages/airflow/example_dags/example_params_trigger_ui.py for tasks to queue
[2025-03-12T14:38:58.654+0200] {logging_mixin.py:190} INFO - [2025-03-12T14:38:58.654+0200] {dagbag.py:588} INFO - Filling up the DagBag from /home/munyah/.local/lib/python3.10/site-packages/airflow/example_dags/example_params_trigger_ui.py
[2025-03-12T14:38:58.668+0200] {processor.py:925} INFO - DAG(s) 'example_params_trigger_ui' retrieved from /home/munyah/.local/lib/python3.10/site-packages/airflow/example_dags/example_params_trigger_ui.py
[2025-03-12T14:38:58.716+0200] {logging_mixin.py:190} INFO - [2025-03-12T14:38:58.716+0200] {dag.py:3239} INFO - Sync 1 DAGs
[2025-03-12T14:38:58.730+0200] {logging_mixin.py:190} INFO - [2025-03-12T14:38:58.730+0200] {dag.py:4180} INFO - Setting next_dagrun for example_params_trigger_ui to None, run_after=None
[2025-03-12T14:38:58.751+0200] {processor.py:208} INFO - Processing /home/munyah/.local/lib/python3.10/site-packages/airflow/example_dags/example_params_trigger_ui.py took 0.110 seconds
[2025-03-12T14:40:04.621+0200] {processor.py:186} INFO - Started process (PID=140829) to work on /home/munyah/.local/lib/python3.10/site-packages/airflow/example_dags/example_params_trigger_ui.py
[2025-03-12T14:40:04.622+0200] {processor.py:914} INFO - Processing file /home/munyah/.local/lib/python3.10/site-packages/airflow/example_dags/example_params_trigger_ui.py for tasks to queue
[2025-03-12T14:40:04.625+0200] {logging_mixin.py:190} INFO - [2025-03-12T14:40:04.624+0200] {dagbag.py:588} INFO - Filling up the DagBag from /home/munyah/.local/lib/python3.10/site-packages/airflow/example_dags/example_params_trigger_ui.py
[2025-03-12T14:40:04.638+0200] {processor.py:925} INFO - DAG(s) 'example_params_trigger_ui' retrieved from /home/munyah/.local/lib/python3.10/site-packages/airflow/example_dags/example_params_trigger_ui.py
[2025-03-12T14:40:04.685+0200] {logging_mixin.py:190} INFO - [2025-03-12T14:40:04.684+0200] {dag.py:3239} INFO - Sync 1 DAGs
[2025-03-12T14:40:04.699+0200] {logging_mixin.py:190} INFO - [2025-03-12T14:40:04.698+0200] {dag.py:4180} INFO - Setting next_dagrun for example_params_trigger_ui to None, run_after=None
[2025-03-12T14:40:04.719+0200] {processor.py:208} INFO - Processing /home/munyah/.local/lib/python3.10/site-packages/airflow/example_dags/example_params_trigger_ui.py took 0.106 seconds
[2025-03-12T14:41:08.296+0200] {processor.py:186} INFO - Started process (PID=141070) to work on /home/munyah/.local/lib/python3.10/site-packages/airflow/example_dags/example_params_trigger_ui.py
[2025-03-12T14:41:08.297+0200] {processor.py:914} INFO - Processing file /home/munyah/.local/lib/python3.10/site-packages/airflow/example_dags/example_params_trigger_ui.py for tasks to queue
[2025-03-12T14:41:08.301+0200] {logging_mixin.py:190} INFO - [2025-03-12T14:41:08.300+0200] {dagbag.py:588} INFO - Filling up the DagBag from /home/munyah/.local/lib/python3.10/site-packages/airflow/example_dags/example_params_trigger_ui.py
[2025-03-12T14:41:08.322+0200] {processor.py:925} INFO - DAG(s) 'example_params_trigger_ui' retrieved from /home/munyah/.local/lib/python3.10/site-packages/airflow/example_dags/example_params_trigger_ui.py
[2025-03-12T14:41:08.397+0200] {logging_mixin.py:190} INFO - [2025-03-12T14:41:08.397+0200] {dag.py:3239} INFO - Sync 1 DAGs
[2025-03-12T14:41:08.418+0200] {logging_mixin.py:190} INFO - [2025-03-12T14:41:08.418+0200] {dag.py:4180} INFO - Setting next_dagrun for example_params_trigger_ui to None, run_after=None
[2025-03-12T14:41:08.460+0200] {processor.py:208} INFO - Processing /home/munyah/.local/lib/python3.10/site-packages/airflow/example_dags/example_params_trigger_ui.py took 0.174 seconds
[2025-03-12T14:42:08.173+0200] {processor.py:186} INFO - Started process (PID=141288) to work on /home/munyah/.local/lib/python3.10/site-packages/airflow/example_dags/example_params_trigger_ui.py
[2025-03-12T14:42:08.174+0200] {processor.py:914} INFO - Processing file /home/munyah/.local/lib/python3.10/site-packages/airflow/example_dags/example_params_trigger_ui.py for tasks to queue
[2025-03-12T14:42:08.177+0200] {logging_mixin.py:190} INFO - [2025-03-12T14:42:08.176+0200] {dagbag.py:588} INFO - Filling up the DagBag from /home/munyah/.local/lib/python3.10/site-packages/airflow/example_dags/example_params_trigger_ui.py
[2025-03-12T14:42:08.191+0200] {processor.py:925} INFO - DAG(s) 'example_params_trigger_ui' retrieved from /home/munyah/.local/lib/python3.10/site-packages/airflow/example_dags/example_params_trigger_ui.py
[2025-03-12T14:42:08.240+0200] {logging_mixin.py:190} INFO - [2025-03-12T14:42:08.240+0200] {dag.py:3239} INFO - Sync 1 DAGs
[2025-03-12T14:42:08.255+0200] {logging_mixin.py:190} INFO - [2025-03-12T14:42:08.254+0200] {dag.py:4180} INFO - Setting next_dagrun for example_params_trigger_ui to None, run_after=None
[2025-03-12T14:42:08.276+0200] {processor.py:208} INFO - Processing /home/munyah/.local/lib/python3.10/site-packages/airflow/example_dags/example_params_trigger_ui.py took 0.111 seconds
[2025-03-12T14:43:08.992+0200] {processor.py:186} INFO - Started process (PID=141490) to work on /home/munyah/.local/lib/python3.10/site-packages/airflow/example_dags/example_params_trigger_ui.py
[2025-03-12T14:43:08.993+0200] {processor.py:914} INFO - Processing file /home/munyah/.local/lib/python3.10/site-packages/airflow/example_dags/example_params_trigger_ui.py for tasks to queue
[2025-03-12T14:43:08.995+0200] {logging_mixin.py:190} INFO - [2025-03-12T14:43:08.995+0200] {dagbag.py:588} INFO - Filling up the DagBag from /home/munyah/.local/lib/python3.10/site-packages/airflow/example_dags/example_params_trigger_ui.py
[2025-03-12T14:43:09.010+0200] {processor.py:925} INFO - DAG(s) 'example_params_trigger_ui' retrieved from /home/munyah/.local/lib/python3.10/site-packages/airflow/example_dags/example_params_trigger_ui.py
[2025-03-12T14:43:09.059+0200] {logging_mixin.py:190} INFO - [2025-03-12T14:43:09.059+0200] {dag.py:3239} INFO - Sync 1 DAGs
[2025-03-12T14:43:09.074+0200] {logging_mixin.py:190} INFO - [2025-03-12T14:43:09.074+0200] {dag.py:4180} INFO - Setting next_dagrun for example_params_trigger_ui to None, run_after=None
[2025-03-12T14:43:09.097+0200] {processor.py:208} INFO - Processing /home/munyah/.local/lib/python3.10/site-packages/airflow/example_dags/example_params_trigger_ui.py took 0.114 seconds
[2025-03-12T14:44:09.193+0200] {processor.py:186} INFO - Started process (PID=141657) to work on /home/munyah/.local/lib/python3.10/site-packages/airflow/example_dags/example_params_trigger_ui.py
[2025-03-12T14:44:09.194+0200] {processor.py:914} INFO - Processing file /home/munyah/.local/lib/python3.10/site-packages/airflow/example_dags/example_params_trigger_ui.py for tasks to queue
[2025-03-12T14:44:09.196+0200] {logging_mixin.py:190} INFO - [2025-03-12T14:44:09.196+0200] {dagbag.py:588} INFO - Filling up the DagBag from /home/munyah/.local/lib/python3.10/site-packages/airflow/example_dags/example_params_trigger_ui.py
[2025-03-12T14:44:09.210+0200] {processor.py:925} INFO - DAG(s) 'example_params_trigger_ui' retrieved from /home/munyah/.local/lib/python3.10/site-packages/airflow/example_dags/example_params_trigger_ui.py
[2025-03-12T14:44:09.257+0200] {logging_mixin.py:190} INFO - [2025-03-12T14:44:09.257+0200] {dag.py:3239} INFO - Sync 1 DAGs
[2025-03-12T14:44:09.271+0200] {logging_mixin.py:190} INFO - [2025-03-12T14:44:09.271+0200] {dag.py:4180} INFO - Setting next_dagrun for example_params_trigger_ui to None, run_after=None
[2025-03-12T14:44:09.295+0200] {processor.py:208} INFO - Processing /home/munyah/.local/lib/python3.10/site-packages/airflow/example_dags/example_params_trigger_ui.py took 0.111 seconds
[2025-03-12T14:45:09.668+0200] {processor.py:186} INFO - Started process (PID=141848) to work on /home/munyah/.local/lib/python3.10/site-packages/airflow/example_dags/example_params_trigger_ui.py
[2025-03-12T14:45:09.670+0200] {processor.py:914} INFO - Processing file /home/munyah/.local/lib/python3.10/site-packages/airflow/example_dags/example_params_trigger_ui.py for tasks to queue
[2025-03-12T14:45:09.673+0200] {logging_mixin.py:190} INFO - [2025-03-12T14:45:09.672+0200] {dagbag.py:588} INFO - Filling up the DagBag from /home/munyah/.local/lib/python3.10/site-packages/airflow/example_dags/example_params_trigger_ui.py
[2025-03-12T14:45:09.691+0200] {processor.py:925} INFO - DAG(s) 'example_params_trigger_ui' retrieved from /home/munyah/.local/lib/python3.10/site-packages/airflow/example_dags/example_params_trigger_ui.py
[2025-03-12T14:45:09.741+0200] {logging_mixin.py:190} INFO - [2025-03-12T14:45:09.740+0200] {dag.py:3239} INFO - Sync 1 DAGs
[2025-03-12T14:45:09.755+0200] {logging_mixin.py:190} INFO - [2025-03-12T14:45:09.755+0200] {dag.py:4180} INFO - Setting next_dagrun for example_params_trigger_ui to None, run_after=None
[2025-03-12T14:45:09.777+0200] {processor.py:208} INFO - Processing /home/munyah/.local/lib/python3.10/site-packages/airflow/example_dags/example_params_trigger_ui.py took 0.119 seconds
[2025-03-12T14:46:08.083+0200] {processor.py:186} INFO - Started process (PID=142062) to work on /home/munyah/.local/lib/python3.10/site-packages/airflow/example_dags/example_params_trigger_ui.py
[2025-03-12T14:46:08.087+0200] {processor.py:914} INFO - Processing file /home/munyah/.local/lib/python3.10/site-packages/airflow/example_dags/example_params_trigger_ui.py for tasks to queue
[2025-03-12T14:46:08.091+0200] {logging_mixin.py:190} INFO - [2025-03-12T14:46:08.091+0200] {dagbag.py:588} INFO - Filling up the DagBag from /home/munyah/.local/lib/python3.10/site-packages/airflow/example_dags/example_params_trigger_ui.py
[2025-03-12T14:46:08.112+0200] {processor.py:925} INFO - DAG(s) 'example_params_trigger_ui' retrieved from /home/munyah/.local/lib/python3.10/site-packages/airflow/example_dags/example_params_trigger_ui.py
[2025-03-12T14:46:08.164+0200] {logging_mixin.py:190} INFO - [2025-03-12T14:46:08.164+0200] {dag.py:3239} INFO - Sync 1 DAGs
[2025-03-12T14:46:08.179+0200] {logging_mixin.py:190} INFO - [2025-03-12T14:46:08.179+0200] {dag.py:4180} INFO - Setting next_dagrun for example_params_trigger_ui to None, run_after=None
[2025-03-12T14:46:08.201+0200] {processor.py:208} INFO - Processing /home/munyah/.local/lib/python3.10/site-packages/airflow/example_dags/example_params_trigger_ui.py took 0.132 seconds
[2025-03-12T14:48:52.536+0200] {processor.py:186} INFO - Started process (PID=142550) to work on /home/munyah/.local/lib/python3.10/site-packages/airflow/example_dags/example_params_trigger_ui.py
[2025-03-12T14:48:52.539+0200] {processor.py:914} INFO - Processing file /home/munyah/.local/lib/python3.10/site-packages/airflow/example_dags/example_params_trigger_ui.py for tasks to queue
[2025-03-12T14:48:52.543+0200] {logging_mixin.py:190} INFO - [2025-03-12T14:48:52.543+0200] {dagbag.py:588} INFO - Filling up the DagBag from /home/munyah/.local/lib/python3.10/site-packages/airflow/example_dags/example_params_trigger_ui.py
[2025-03-12T14:48:52.564+0200] {processor.py:925} INFO - DAG(s) 'example_params_trigger_ui' retrieved from /home/munyah/.local/lib/python3.10/site-packages/airflow/example_dags/example_params_trigger_ui.py
[2025-03-12T14:48:52.622+0200] {logging_mixin.py:190} INFO - [2025-03-12T14:48:52.621+0200] {dag.py:3239} INFO - Sync 1 DAGs
[2025-03-12T14:48:52.636+0200] {logging_mixin.py:190} INFO - [2025-03-12T14:48:52.636+0200] {dag.py:4180} INFO - Setting next_dagrun for example_params_trigger_ui to None, run_after=None
[2025-03-12T14:48:52.656+0200] {processor.py:208} INFO - Processing /home/munyah/.local/lib/python3.10/site-packages/airflow/example_dags/example_params_trigger_ui.py took 0.130 seconds
[2025-03-12T14:50:24.748+0200] {processor.py:186} INFO - Started process (PID=142910) to work on /home/munyah/.local/lib/python3.10/site-packages/airflow/example_dags/example_params_trigger_ui.py
[2025-03-12T14:50:24.751+0200] {processor.py:914} INFO - Processing file /home/munyah/.local/lib/python3.10/site-packages/airflow/example_dags/example_params_trigger_ui.py for tasks to queue
[2025-03-12T14:50:24.754+0200] {logging_mixin.py:190} INFO - [2025-03-12T14:50:24.753+0200] {dagbag.py:588} INFO - Filling up the DagBag from /home/munyah/.local/lib/python3.10/site-packages/airflow/example_dags/example_params_trigger_ui.py
[2025-03-12T14:50:24.768+0200] {processor.py:925} INFO - DAG(s) 'example_params_trigger_ui' retrieved from /home/munyah/.local/lib/python3.10/site-packages/airflow/example_dags/example_params_trigger_ui.py
[2025-03-12T14:50:24.814+0200] {logging_mixin.py:190} INFO - [2025-03-12T14:50:24.814+0200] {dag.py:3239} INFO - Sync 1 DAGs
[2025-03-12T14:50:24.828+0200] {logging_mixin.py:190} INFO - [2025-03-12T14:50:24.828+0200] {dag.py:4180} INFO - Setting next_dagrun for example_params_trigger_ui to None, run_after=None
[2025-03-12T14:50:24.850+0200] {processor.py:208} INFO - Processing /home/munyah/.local/lib/python3.10/site-packages/airflow/example_dags/example_params_trigger_ui.py took 0.110 seconds
[2025-03-12T14:51:29.114+0200] {processor.py:186} INFO - Started process (PID=143142) to work on /home/munyah/.local/lib/python3.10/site-packages/airflow/example_dags/example_params_trigger_ui.py
[2025-03-12T14:51:29.117+0200] {processor.py:914} INFO - Processing file /home/munyah/.local/lib/python3.10/site-packages/airflow/example_dags/example_params_trigger_ui.py for tasks to queue
[2025-03-12T14:51:29.119+0200] {logging_mixin.py:190} INFO - [2025-03-12T14:51:29.119+0200] {dagbag.py:588} INFO - Filling up the DagBag from /home/munyah/.local/lib/python3.10/site-packages/airflow/example_dags/example_params_trigger_ui.py
[2025-03-12T14:51:29.134+0200] {processor.py:925} INFO - DAG(s) 'example_params_trigger_ui' retrieved from /home/munyah/.local/lib/python3.10/site-packages/airflow/example_dags/example_params_trigger_ui.py
[2025-03-12T14:51:29.192+0200] {logging_mixin.py:190} INFO - [2025-03-12T14:51:29.192+0200] {dag.py:3239} INFO - Sync 1 DAGs
[2025-03-12T14:51:29.207+0200] {logging_mixin.py:190} INFO - [2025-03-12T14:51:29.207+0200] {dag.py:4180} INFO - Setting next_dagrun for example_params_trigger_ui to None, run_after=None
[2025-03-12T14:51:29.233+0200] {processor.py:208} INFO - Processing /home/munyah/.local/lib/python3.10/site-packages/airflow/example_dags/example_params_trigger_ui.py took 0.126 seconds
[2025-03-12T14:52:40.189+0200] {processor.py:186} INFO - Started process (PID=143357) to work on /home/munyah/.local/lib/python3.10/site-packages/airflow/example_dags/example_params_trigger_ui.py
[2025-03-12T14:52:40.193+0200] {processor.py:914} INFO - Processing file /home/munyah/.local/lib/python3.10/site-packages/airflow/example_dags/example_params_trigger_ui.py for tasks to queue
[2025-03-12T14:52:40.201+0200] {logging_mixin.py:190} INFO - [2025-03-12T14:52:40.196+0200] {dagbag.py:588} INFO - Filling up the DagBag from /home/munyah/.local/lib/python3.10/site-packages/airflow/example_dags/example_params_trigger_ui.py
[2025-03-12T14:52:40.229+0200] {processor.py:925} INFO - DAG(s) 'example_params_trigger_ui' retrieved from /home/munyah/.local/lib/python3.10/site-packages/airflow/example_dags/example_params_trigger_ui.py
[2025-03-12T14:52:40.314+0200] {logging_mixin.py:190} INFO - [2025-03-12T14:52:40.314+0200] {dag.py:3239} INFO - Sync 1 DAGs
[2025-03-12T14:52:40.335+0200] {logging_mixin.py:190} INFO - [2025-03-12T14:52:40.334+0200] {dag.py:4180} INFO - Setting next_dagrun for example_params_trigger_ui to None, run_after=None
[2025-03-12T14:52:40.368+0200] {processor.py:208} INFO - Processing /home/munyah/.local/lib/python3.10/site-packages/airflow/example_dags/example_params_trigger_ui.py took 0.191 seconds
[2025-03-12T14:53:59.645+0200] {processor.py:186} INFO - Started process (PID=143614) to work on /home/munyah/.local/lib/python3.10/site-packages/airflow/example_dags/example_params_trigger_ui.py
[2025-03-12T14:53:59.657+0200] {processor.py:914} INFO - Processing file /home/munyah/.local/lib/python3.10/site-packages/airflow/example_dags/example_params_trigger_ui.py for tasks to queue
[2025-03-12T14:53:59.743+0200] {logging_mixin.py:190} INFO - [2025-03-12T14:53:59.664+0200] {dagbag.py:588} INFO - Filling up the DagBag from /home/munyah/.local/lib/python3.10/site-packages/airflow/example_dags/example_params_trigger_ui.py
[2025-03-12T14:53:59.939+0200] {processor.py:925} INFO - DAG(s) 'example_params_trigger_ui' retrieved from /home/munyah/.local/lib/python3.10/site-packages/airflow/example_dags/example_params_trigger_ui.py
[2025-03-12T14:54:00.169+0200] {logging_mixin.py:190} INFO - [2025-03-12T14:54:00.148+0200] {dag.py:3239} INFO - Sync 1 DAGs
[2025-03-12T14:54:00.241+0200] {logging_mixin.py:190} INFO - [2025-03-12T14:54:00.240+0200] {dag.py:4180} INFO - Setting next_dagrun for example_params_trigger_ui to None, run_after=None
[2025-03-12T14:54:00.359+0200] {processor.py:208} INFO - Processing /home/munyah/.local/lib/python3.10/site-packages/airflow/example_dags/example_params_trigger_ui.py took 0.740 seconds
