[2025-03-12T14:17:23.353+0200] {processor.py:186} INFO - Started process (PID=134397) to work on /home/munyah/.local/lib/python3.10/site-packages/airflow/example_dags/example_inlet_event_extra.py
[2025-03-12T14:17:23.354+0200] {processor.py:914} INFO - Processing file /home/munyah/.local/lib/python3.10/site-packages/airflow/example_dags/example_inlet_event_extra.py for tasks to queue
[2025-03-12T14:17:23.357+0200] {logging_mixin.py:190} INFO - [2025-03-12T14:17:23.356+0200] {dagbag.py:588} INFO - Filling up the DagBag from /home/munyah/.local/lib/python3.10/site-packages/airflow/example_dags/example_inlet_event_extra.py
[2025-03-12T14:17:23.374+0200] {processor.py:925} INFO - DAG(s) 'read_dataset_event', 'read_dataset_event_from_classic' retrieved from /home/munyah/.local/lib/python3.10/site-packages/airflow/example_dags/example_inlet_event_extra.py
[2025-03-12T14:17:23.395+0200] {logging_mixin.py:190} INFO - [2025-03-12T14:17:23.395+0200] {dag.py:3239} INFO - Sync 2 DAGs
[2025-03-12T14:17:23.424+0200] {logging_mixin.py:190} INFO - [2025-03-12T14:17:23.424+0200] {dag.py:4180} INFO - Setting next_dagrun for read_dataset_event to 2025-03-11 00:00:00+00:00, run_after=2025-03-12 00:00:00+00:00
[2025-03-12T14:17:23.431+0200] {logging_mixin.py:190} INFO - [2025-03-12T14:17:23.431+0200] {dag.py:4180} INFO - Setting next_dagrun for read_dataset_event_from_classic to 2025-03-11 00:00:00+00:00, run_after=2025-03-12 00:00:00+00:00
[2025-03-12T14:17:23.453+0200] {processor.py:208} INFO - Processing /home/munyah/.local/lib/python3.10/site-packages/airflow/example_dags/example_inlet_event_extra.py took 0.108 seconds
[2025-03-12T14:18:27.919+0200] {processor.py:186} INFO - Started process (PID=134708) to work on /home/munyah/.local/lib/python3.10/site-packages/airflow/example_dags/example_inlet_event_extra.py
[2025-03-12T14:18:27.920+0200] {processor.py:914} INFO - Processing file /home/munyah/.local/lib/python3.10/site-packages/airflow/example_dags/example_inlet_event_extra.py for tasks to queue
[2025-03-12T14:18:27.923+0200] {logging_mixin.py:190} INFO - [2025-03-12T14:18:27.922+0200] {dagbag.py:588} INFO - Filling up the DagBag from /home/munyah/.local/lib/python3.10/site-packages/airflow/example_dags/example_inlet_event_extra.py
[2025-03-12T14:18:27.942+0200] {processor.py:925} INFO - DAG(s) 'read_dataset_event_from_classic', 'read_dataset_event' retrieved from /home/munyah/.local/lib/python3.10/site-packages/airflow/example_dags/example_inlet_event_extra.py
[2025-03-12T14:18:27.963+0200] {logging_mixin.py:190} INFO - [2025-03-12T14:18:27.963+0200] {dag.py:3239} INFO - Sync 2 DAGs
[2025-03-12T14:18:27.997+0200] {logging_mixin.py:190} INFO - [2025-03-12T14:18:27.996+0200] {dag.py:4180} INFO - Setting next_dagrun for read_dataset_event to 2025-03-11 00:00:00+00:00, run_after=2025-03-12 00:00:00+00:00
[2025-03-12T14:18:28.004+0200] {logging_mixin.py:190} INFO - [2025-03-12T14:18:28.004+0200] {dag.py:4180} INFO - Setting next_dagrun for read_dataset_event_from_classic to 2025-03-11 00:00:00+00:00, run_after=2025-03-12 00:00:00+00:00
[2025-03-12T14:18:28.028+0200] {processor.py:208} INFO - Processing /home/munyah/.local/lib/python3.10/site-packages/airflow/example_dags/example_inlet_event_extra.py took 0.118 seconds
[2025-03-12T14:19:26.718+0200] {processor.py:186} INFO - Started process (PID=134956) to work on /home/munyah/.local/lib/python3.10/site-packages/airflow/example_dags/example_inlet_event_extra.py
[2025-03-12T14:19:26.720+0200] {processor.py:914} INFO - Processing file /home/munyah/.local/lib/python3.10/site-packages/airflow/example_dags/example_inlet_event_extra.py for tasks to queue
[2025-03-12T14:19:26.722+0200] {logging_mixin.py:190} INFO - [2025-03-12T14:19:26.722+0200] {dagbag.py:588} INFO - Filling up the DagBag from /home/munyah/.local/lib/python3.10/site-packages/airflow/example_dags/example_inlet_event_extra.py
[2025-03-12T14:19:26.738+0200] {processor.py:925} INFO - DAG(s) 'read_dataset_event', 'read_dataset_event_from_classic' retrieved from /home/munyah/.local/lib/python3.10/site-packages/airflow/example_dags/example_inlet_event_extra.py
[2025-03-12T14:19:26.758+0200] {logging_mixin.py:190} INFO - [2025-03-12T14:19:26.757+0200] {dag.py:3239} INFO - Sync 2 DAGs
[2025-03-12T14:19:26.781+0200] {logging_mixin.py:190} INFO - [2025-03-12T14:19:26.781+0200] {dag.py:4180} INFO - Setting next_dagrun for read_dataset_event to 2025-03-11 00:00:00+00:00, run_after=2025-03-12 00:00:00+00:00
[2025-03-12T14:19:26.787+0200] {logging_mixin.py:190} INFO - [2025-03-12T14:19:26.787+0200] {dag.py:4180} INFO - Setting next_dagrun for read_dataset_event_from_classic to 2025-03-11 00:00:00+00:00, run_after=2025-03-12 00:00:00+00:00
[2025-03-12T14:19:26.807+0200] {processor.py:208} INFO - Processing /home/munyah/.local/lib/python3.10/site-packages/airflow/example_dags/example_inlet_event_extra.py took 0.096 seconds
[2025-03-12T14:20:24.360+0200] {processor.py:186} INFO - Started process (PID=135117) to work on /home/munyah/.local/lib/python3.10/site-packages/airflow/example_dags/example_inlet_event_extra.py
[2025-03-12T14:20:24.361+0200] {processor.py:914} INFO - Processing file /home/munyah/.local/lib/python3.10/site-packages/airflow/example_dags/example_inlet_event_extra.py for tasks to queue
[2025-03-12T14:20:24.364+0200] {logging_mixin.py:190} INFO - [2025-03-12T14:20:24.363+0200] {dagbag.py:588} INFO - Filling up the DagBag from /home/munyah/.local/lib/python3.10/site-packages/airflow/example_dags/example_inlet_event_extra.py
[2025-03-12T14:20:24.379+0200] {processor.py:925} INFO - DAG(s) 'read_dataset_event_from_classic', 'read_dataset_event' retrieved from /home/munyah/.local/lib/python3.10/site-packages/airflow/example_dags/example_inlet_event_extra.py
[2025-03-12T14:20:24.398+0200] {logging_mixin.py:190} INFO - [2025-03-12T14:20:24.398+0200] {dag.py:3239} INFO - Sync 2 DAGs
[2025-03-12T14:20:24.422+0200] {logging_mixin.py:190} INFO - [2025-03-12T14:20:24.422+0200] {dag.py:4180} INFO - Setting next_dagrun for read_dataset_event to 2025-03-11 00:00:00+00:00, run_after=2025-03-12 00:00:00+00:00
[2025-03-12T14:20:24.427+0200] {logging_mixin.py:190} INFO - [2025-03-12T14:20:24.427+0200] {dag.py:4180} INFO - Setting next_dagrun for read_dataset_event_from_classic to 2025-03-11 00:00:00+00:00, run_after=2025-03-12 00:00:00+00:00
[2025-03-12T14:20:24.447+0200] {processor.py:208} INFO - Processing /home/munyah/.local/lib/python3.10/site-packages/airflow/example_dags/example_inlet_event_extra.py took 0.095 seconds
[2025-03-12T14:21:21.204+0200] {processor.py:186} INFO - Started process (PID=135310) to work on /home/munyah/.local/lib/python3.10/site-packages/airflow/example_dags/example_inlet_event_extra.py
[2025-03-12T14:21:21.206+0200] {processor.py:914} INFO - Processing file /home/munyah/.local/lib/python3.10/site-packages/airflow/example_dags/example_inlet_event_extra.py for tasks to queue
[2025-03-12T14:21:21.208+0200] {logging_mixin.py:190} INFO - [2025-03-12T14:21:21.208+0200] {dagbag.py:588} INFO - Filling up the DagBag from /home/munyah/.local/lib/python3.10/site-packages/airflow/example_dags/example_inlet_event_extra.py
[2025-03-12T14:21:21.224+0200] {processor.py:925} INFO - DAG(s) 'read_dataset_event', 'read_dataset_event_from_classic' retrieved from /home/munyah/.local/lib/python3.10/site-packages/airflow/example_dags/example_inlet_event_extra.py
[2025-03-12T14:21:21.245+0200] {logging_mixin.py:190} INFO - [2025-03-12T14:21:21.245+0200] {dag.py:3239} INFO - Sync 2 DAGs
[2025-03-12T14:21:21.269+0200] {logging_mixin.py:190} INFO - [2025-03-12T14:21:21.269+0200] {dag.py:4180} INFO - Setting next_dagrun for read_dataset_event to 2025-03-11 00:00:00+00:00, run_after=2025-03-12 00:00:00+00:00
[2025-03-12T14:21:21.274+0200] {logging_mixin.py:190} INFO - [2025-03-12T14:21:21.274+0200] {dag.py:4180} INFO - Setting next_dagrun for read_dataset_event_from_classic to 2025-03-11 00:00:00+00:00, run_after=2025-03-12 00:00:00+00:00
[2025-03-12T14:21:21.294+0200] {processor.py:208} INFO - Processing /home/munyah/.local/lib/python3.10/site-packages/airflow/example_dags/example_inlet_event_extra.py took 0.098 seconds
[2025-03-12T14:22:16.896+0200] {processor.py:186} INFO - Started process (PID=135533) to work on /home/munyah/.local/lib/python3.10/site-packages/airflow/example_dags/example_inlet_event_extra.py
[2025-03-12T14:22:16.897+0200] {processor.py:914} INFO - Processing file /home/munyah/.local/lib/python3.10/site-packages/airflow/example_dags/example_inlet_event_extra.py for tasks to queue
[2025-03-12T14:22:16.900+0200] {logging_mixin.py:190} INFO - [2025-03-12T14:22:16.899+0200] {dagbag.py:588} INFO - Filling up the DagBag from /home/munyah/.local/lib/python3.10/site-packages/airflow/example_dags/example_inlet_event_extra.py
[2025-03-12T14:22:16.916+0200] {processor.py:925} INFO - DAG(s) 'read_dataset_event', 'read_dataset_event_from_classic' retrieved from /home/munyah/.local/lib/python3.10/site-packages/airflow/example_dags/example_inlet_event_extra.py
[2025-03-12T14:22:16.936+0200] {logging_mixin.py:190} INFO - [2025-03-12T14:22:16.935+0200] {dag.py:3239} INFO - Sync 2 DAGs
[2025-03-12T14:22:16.961+0200] {logging_mixin.py:190} INFO - [2025-03-12T14:22:16.961+0200] {dag.py:4180} INFO - Setting next_dagrun for read_dataset_event to 2025-03-11 00:00:00+00:00, run_after=2025-03-12 00:00:00+00:00
[2025-03-12T14:22:16.966+0200] {logging_mixin.py:190} INFO - [2025-03-12T14:22:16.966+0200] {dag.py:4180} INFO - Setting next_dagrun for read_dataset_event_from_classic to 2025-03-11 00:00:00+00:00, run_after=2025-03-12 00:00:00+00:00
[2025-03-12T14:22:16.988+0200] {processor.py:208} INFO - Processing /home/munyah/.local/lib/python3.10/site-packages/airflow/example_dags/example_inlet_event_extra.py took 0.099 seconds
[2025-03-12T14:23:22.369+0200] {processor.py:186} INFO - Started process (PID=136463) to work on /home/munyah/.local/lib/python3.10/site-packages/airflow/example_dags/example_inlet_event_extra.py
[2025-03-12T14:23:22.370+0200] {processor.py:914} INFO - Processing file /home/munyah/.local/lib/python3.10/site-packages/airflow/example_dags/example_inlet_event_extra.py for tasks to queue
[2025-03-12T14:23:22.373+0200] {logging_mixin.py:190} INFO - [2025-03-12T14:23:22.373+0200] {dagbag.py:588} INFO - Filling up the DagBag from /home/munyah/.local/lib/python3.10/site-packages/airflow/example_dags/example_inlet_event_extra.py
[2025-03-12T14:23:22.393+0200] {processor.py:925} INFO - DAG(s) 'read_dataset_event', 'read_dataset_event_from_classic' retrieved from /home/munyah/.local/lib/python3.10/site-packages/airflow/example_dags/example_inlet_event_extra.py
[2025-03-12T14:23:22.413+0200] {logging_mixin.py:190} INFO - [2025-03-12T14:23:22.413+0200] {dag.py:3239} INFO - Sync 2 DAGs
[2025-03-12T14:23:22.437+0200] {logging_mixin.py:190} INFO - [2025-03-12T14:23:22.437+0200] {dag.py:4180} INFO - Setting next_dagrun for read_dataset_event to 2025-03-11 00:00:00+00:00, run_after=2025-03-12 00:00:00+00:00
[2025-03-12T14:23:22.443+0200] {logging_mixin.py:190} INFO - [2025-03-12T14:23:22.442+0200] {dag.py:4180} INFO - Setting next_dagrun for read_dataset_event_from_classic to 2025-03-11 00:00:00+00:00, run_after=2025-03-12 00:00:00+00:00
[2025-03-12T14:23:22.466+0200] {processor.py:208} INFO - Processing /home/munyah/.local/lib/python3.10/site-packages/airflow/example_dags/example_inlet_event_extra.py took 0.106 seconds
[2025-03-12T14:24:31.674+0200] {processor.py:186} INFO - Started process (PID=136735) to work on /home/munyah/.local/lib/python3.10/site-packages/airflow/example_dags/example_inlet_event_extra.py
[2025-03-12T14:24:31.675+0200] {processor.py:914} INFO - Processing file /home/munyah/.local/lib/python3.10/site-packages/airflow/example_dags/example_inlet_event_extra.py for tasks to queue
[2025-03-12T14:24:31.677+0200] {logging_mixin.py:190} INFO - [2025-03-12T14:24:31.677+0200] {dagbag.py:588} INFO - Filling up the DagBag from /home/munyah/.local/lib/python3.10/site-packages/airflow/example_dags/example_inlet_event_extra.py
[2025-03-12T14:24:31.693+0200] {processor.py:925} INFO - DAG(s) 'read_dataset_event_from_classic', 'read_dataset_event' retrieved from /home/munyah/.local/lib/python3.10/site-packages/airflow/example_dags/example_inlet_event_extra.py
[2025-03-12T14:24:31.717+0200] {logging_mixin.py:190} INFO - [2025-03-12T14:24:31.717+0200] {dag.py:3239} INFO - Sync 2 DAGs
[2025-03-12T14:24:31.741+0200] {logging_mixin.py:190} INFO - [2025-03-12T14:24:31.741+0200] {dag.py:4180} INFO - Setting next_dagrun for read_dataset_event to 2025-03-11 00:00:00+00:00, run_after=2025-03-12 00:00:00+00:00
[2025-03-12T14:24:31.746+0200] {logging_mixin.py:190} INFO - [2025-03-12T14:24:31.746+0200] {dag.py:4180} INFO - Setting next_dagrun for read_dataset_event_from_classic to 2025-03-11 00:00:00+00:00, run_after=2025-03-12 00:00:00+00:00
[2025-03-12T14:24:31.765+0200] {processor.py:208} INFO - Processing /home/munyah/.local/lib/python3.10/site-packages/airflow/example_dags/example_inlet_event_extra.py took 0.099 seconds
[2025-03-12T14:25:29.077+0200] {processor.py:186} INFO - Started process (PID=136893) to work on /home/munyah/.local/lib/python3.10/site-packages/airflow/example_dags/example_inlet_event_extra.py
[2025-03-12T14:25:29.078+0200] {processor.py:914} INFO - Processing file /home/munyah/.local/lib/python3.10/site-packages/airflow/example_dags/example_inlet_event_extra.py for tasks to queue
[2025-03-12T14:25:29.080+0200] {logging_mixin.py:190} INFO - [2025-03-12T14:25:29.080+0200] {dagbag.py:588} INFO - Filling up the DagBag from /home/munyah/.local/lib/python3.10/site-packages/airflow/example_dags/example_inlet_event_extra.py
[2025-03-12T14:25:29.096+0200] {processor.py:925} INFO - DAG(s) 'read_dataset_event_from_classic', 'read_dataset_event' retrieved from /home/munyah/.local/lib/python3.10/site-packages/airflow/example_dags/example_inlet_event_extra.py
[2025-03-12T14:25:29.116+0200] {logging_mixin.py:190} INFO - [2025-03-12T14:25:29.116+0200] {dag.py:3239} INFO - Sync 2 DAGs
[2025-03-12T14:25:29.142+0200] {logging_mixin.py:190} INFO - [2025-03-12T14:25:29.141+0200] {dag.py:4180} INFO - Setting next_dagrun for read_dataset_event to 2025-03-11 00:00:00+00:00, run_after=2025-03-12 00:00:00+00:00
[2025-03-12T14:25:29.147+0200] {logging_mixin.py:190} INFO - [2025-03-12T14:25:29.147+0200] {dag.py:4180} INFO - Setting next_dagrun for read_dataset_event_from_classic to 2025-03-11 00:00:00+00:00, run_after=2025-03-12 00:00:00+00:00
[2025-03-12T14:25:29.167+0200] {processor.py:208} INFO - Processing /home/munyah/.local/lib/python3.10/site-packages/airflow/example_dags/example_inlet_event_extra.py took 0.099 seconds
[2025-03-12T14:26:28.063+0200] {processor.py:186} INFO - Started process (PID=137104) to work on /home/munyah/.local/lib/python3.10/site-packages/airflow/example_dags/example_inlet_event_extra.py
[2025-03-12T14:26:28.065+0200] {processor.py:914} INFO - Processing file /home/munyah/.local/lib/python3.10/site-packages/airflow/example_dags/example_inlet_event_extra.py for tasks to queue
[2025-03-12T14:26:28.068+0200] {logging_mixin.py:190} INFO - [2025-03-12T14:26:28.067+0200] {dagbag.py:588} INFO - Filling up the DagBag from /home/munyah/.local/lib/python3.10/site-packages/airflow/example_dags/example_inlet_event_extra.py
[2025-03-12T14:26:28.083+0200] {processor.py:925} INFO - DAG(s) 'read_dataset_event', 'read_dataset_event_from_classic' retrieved from /home/munyah/.local/lib/python3.10/site-packages/airflow/example_dags/example_inlet_event_extra.py
[2025-03-12T14:26:28.106+0200] {logging_mixin.py:190} INFO - [2025-03-12T14:26:28.106+0200] {dag.py:3239} INFO - Sync 2 DAGs
[2025-03-12T14:26:28.132+0200] {logging_mixin.py:190} INFO - [2025-03-12T14:26:28.132+0200] {dag.py:4180} INFO - Setting next_dagrun for read_dataset_event to 2025-03-11 00:00:00+00:00, run_after=2025-03-12 00:00:00+00:00
[2025-03-12T14:26:28.138+0200] {logging_mixin.py:190} INFO - [2025-03-12T14:26:28.137+0200] {dag.py:4180} INFO - Setting next_dagrun for read_dataset_event_from_classic to 2025-03-11 00:00:00+00:00, run_after=2025-03-12 00:00:00+00:00
[2025-03-12T14:26:28.160+0200] {processor.py:208} INFO - Processing /home/munyah/.local/lib/python3.10/site-packages/airflow/example_dags/example_inlet_event_extra.py took 0.103 seconds
[2025-03-12T14:27:29.309+0200] {processor.py:186} INFO - Started process (PID=137323) to work on /home/munyah/.local/lib/python3.10/site-packages/airflow/example_dags/example_inlet_event_extra.py
[2025-03-12T14:27:29.310+0200] {processor.py:914} INFO - Processing file /home/munyah/.local/lib/python3.10/site-packages/airflow/example_dags/example_inlet_event_extra.py for tasks to queue
[2025-03-12T14:27:29.313+0200] {logging_mixin.py:190} INFO - [2025-03-12T14:27:29.313+0200] {dagbag.py:588} INFO - Filling up the DagBag from /home/munyah/.local/lib/python3.10/site-packages/airflow/example_dags/example_inlet_event_extra.py
[2025-03-12T14:27:29.329+0200] {processor.py:925} INFO - DAG(s) 'read_dataset_event', 'read_dataset_event_from_classic' retrieved from /home/munyah/.local/lib/python3.10/site-packages/airflow/example_dags/example_inlet_event_extra.py
[2025-03-12T14:27:29.348+0200] {logging_mixin.py:190} INFO - [2025-03-12T14:27:29.348+0200] {dag.py:3239} INFO - Sync 2 DAGs
[2025-03-12T14:27:29.374+0200] {logging_mixin.py:190} INFO - [2025-03-12T14:27:29.374+0200] {dag.py:4180} INFO - Setting next_dagrun for read_dataset_event to 2025-03-11 00:00:00+00:00, run_after=2025-03-12 00:00:00+00:00
[2025-03-12T14:27:29.379+0200] {logging_mixin.py:190} INFO - [2025-03-12T14:27:29.379+0200] {dag.py:4180} INFO - Setting next_dagrun for read_dataset_event_from_classic to 2025-03-11 00:00:00+00:00, run_after=2025-03-12 00:00:00+00:00
[2025-03-12T14:27:29.399+0200] {processor.py:208} INFO - Processing /home/munyah/.local/lib/python3.10/site-packages/airflow/example_dags/example_inlet_event_extra.py took 0.097 seconds
[2025-03-12T14:28:32.304+0200] {processor.py:186} INFO - Started process (PID=137495) to work on /home/munyah/.local/lib/python3.10/site-packages/airflow/example_dags/example_inlet_event_extra.py
[2025-03-12T14:28:32.306+0200] {processor.py:914} INFO - Processing file /home/munyah/.local/lib/python3.10/site-packages/airflow/example_dags/example_inlet_event_extra.py for tasks to queue
[2025-03-12T14:28:32.310+0200] {logging_mixin.py:190} INFO - [2025-03-12T14:28:32.310+0200] {dagbag.py:588} INFO - Filling up the DagBag from /home/munyah/.local/lib/python3.10/site-packages/airflow/example_dags/example_inlet_event_extra.py
[2025-03-12T14:28:32.328+0200] {processor.py:925} INFO - DAG(s) 'read_dataset_event_from_classic', 'read_dataset_event' retrieved from /home/munyah/.local/lib/python3.10/site-packages/airflow/example_dags/example_inlet_event_extra.py
[2025-03-12T14:28:32.348+0200] {logging_mixin.py:190} INFO - [2025-03-12T14:28:32.348+0200] {dag.py:3239} INFO - Sync 2 DAGs
[2025-03-12T14:28:32.373+0200] {logging_mixin.py:190} INFO - [2025-03-12T14:28:32.373+0200] {dag.py:4180} INFO - Setting next_dagrun for read_dataset_event to 2025-03-11 00:00:00+00:00, run_after=2025-03-12 00:00:00+00:00
[2025-03-12T14:28:32.379+0200] {logging_mixin.py:190} INFO - [2025-03-12T14:28:32.379+0200] {dag.py:4180} INFO - Setting next_dagrun for read_dataset_event_from_classic to 2025-03-11 00:00:00+00:00, run_after=2025-03-12 00:00:00+00:00
[2025-03-12T14:28:32.401+0200] {processor.py:208} INFO - Processing /home/munyah/.local/lib/python3.10/site-packages/airflow/example_dags/example_inlet_event_extra.py took 0.112 seconds
[2025-03-12T14:29:30.821+0200] {processor.py:186} INFO - Started process (PID=138365) to work on /home/munyah/.local/lib/python3.10/site-packages/airflow/example_dags/example_inlet_event_extra.py
[2025-03-12T14:29:30.822+0200] {processor.py:914} INFO - Processing file /home/munyah/.local/lib/python3.10/site-packages/airflow/example_dags/example_inlet_event_extra.py for tasks to queue
[2025-03-12T14:29:30.824+0200] {logging_mixin.py:190} INFO - [2025-03-12T14:29:30.824+0200] {dagbag.py:588} INFO - Filling up the DagBag from /home/munyah/.local/lib/python3.10/site-packages/airflow/example_dags/example_inlet_event_extra.py
[2025-03-12T14:29:30.840+0200] {processor.py:925} INFO - DAG(s) 'read_dataset_event_from_classic', 'read_dataset_event' retrieved from /home/munyah/.local/lib/python3.10/site-packages/airflow/example_dags/example_inlet_event_extra.py
[2025-03-12T14:29:30.860+0200] {logging_mixin.py:190} INFO - [2025-03-12T14:29:30.860+0200] {dag.py:3239} INFO - Sync 2 DAGs
[2025-03-12T14:29:30.887+0200] {logging_mixin.py:190} INFO - [2025-03-12T14:29:30.887+0200] {dag.py:4180} INFO - Setting next_dagrun for read_dataset_event to 2025-03-11 00:00:00+00:00, run_after=2025-03-12 00:00:00+00:00
[2025-03-12T14:29:30.894+0200] {logging_mixin.py:190} INFO - [2025-03-12T14:29:30.894+0200] {dag.py:4180} INFO - Setting next_dagrun for read_dataset_event_from_classic to 2025-03-11 00:00:00+00:00, run_after=2025-03-12 00:00:00+00:00
[2025-03-12T14:29:30.916+0200] {processor.py:208} INFO - Processing /home/munyah/.local/lib/python3.10/site-packages/airflow/example_dags/example_inlet_event_extra.py took 0.102 seconds
[2025-03-12T14:30:30.603+0200] {processor.py:186} INFO - Started process (PID=138757) to work on /home/munyah/.local/lib/python3.10/site-packages/airflow/example_dags/example_inlet_event_extra.py
[2025-03-12T14:30:30.604+0200] {processor.py:914} INFO - Processing file /home/munyah/.local/lib/python3.10/site-packages/airflow/example_dags/example_inlet_event_extra.py for tasks to queue
[2025-03-12T14:30:30.607+0200] {logging_mixin.py:190} INFO - [2025-03-12T14:30:30.606+0200] {dagbag.py:588} INFO - Filling up the DagBag from /home/munyah/.local/lib/python3.10/site-packages/airflow/example_dags/example_inlet_event_extra.py
[2025-03-12T14:30:30.622+0200] {processor.py:925} INFO - DAG(s) 'read_dataset_event_from_classic', 'read_dataset_event' retrieved from /home/munyah/.local/lib/python3.10/site-packages/airflow/example_dags/example_inlet_event_extra.py
[2025-03-12T14:30:30.642+0200] {logging_mixin.py:190} INFO - [2025-03-12T14:30:30.642+0200] {dag.py:3239} INFO - Sync 2 DAGs
[2025-03-12T14:30:30.671+0200] {logging_mixin.py:190} INFO - [2025-03-12T14:30:30.670+0200] {dag.py:4180} INFO - Setting next_dagrun for read_dataset_event to 2025-03-11 00:00:00+00:00, run_after=2025-03-12 00:00:00+00:00
[2025-03-12T14:30:30.676+0200] {logging_mixin.py:190} INFO - [2025-03-12T14:30:30.676+0200] {dag.py:4180} INFO - Setting next_dagrun for read_dataset_event_from_classic to 2025-03-11 00:00:00+00:00, run_after=2025-03-12 00:00:00+00:00
[2025-03-12T14:30:30.699+0200] {processor.py:208} INFO - Processing /home/munyah/.local/lib/python3.10/site-packages/airflow/example_dags/example_inlet_event_extra.py took 0.103 seconds
[2025-03-12T14:31:33.400+0200] {processor.py:186} INFO - Started process (PID=138961) to work on /home/munyah/.local/lib/python3.10/site-packages/airflow/example_dags/example_inlet_event_extra.py
[2025-03-12T14:31:33.402+0200] {processor.py:914} INFO - Processing file /home/munyah/.local/lib/python3.10/site-packages/airflow/example_dags/example_inlet_event_extra.py for tasks to queue
[2025-03-12T14:31:33.404+0200] {logging_mixin.py:190} INFO - [2025-03-12T14:31:33.404+0200] {dagbag.py:588} INFO - Filling up the DagBag from /home/munyah/.local/lib/python3.10/site-packages/airflow/example_dags/example_inlet_event_extra.py
[2025-03-12T14:31:33.421+0200] {processor.py:925} INFO - DAG(s) 'read_dataset_event', 'read_dataset_event_from_classic' retrieved from /home/munyah/.local/lib/python3.10/site-packages/airflow/example_dags/example_inlet_event_extra.py
[2025-03-12T14:31:33.441+0200] {logging_mixin.py:190} INFO - [2025-03-12T14:31:33.440+0200] {dag.py:3239} INFO - Sync 2 DAGs
[2025-03-12T14:31:33.466+0200] {logging_mixin.py:190} INFO - [2025-03-12T14:31:33.465+0200] {dag.py:4180} INFO - Setting next_dagrun for read_dataset_event to 2025-03-11 00:00:00+00:00, run_after=2025-03-12 00:00:00+00:00
[2025-03-12T14:31:33.471+0200] {logging_mixin.py:190} INFO - [2025-03-12T14:31:33.471+0200] {dag.py:4180} INFO - Setting next_dagrun for read_dataset_event_from_classic to 2025-03-11 00:00:00+00:00, run_after=2025-03-12 00:00:00+00:00
[2025-03-12T14:31:33.491+0200] {processor.py:208} INFO - Processing /home/munyah/.local/lib/python3.10/site-packages/airflow/example_dags/example_inlet_event_extra.py took 0.099 seconds
[2025-03-12T14:32:37.548+0200] {processor.py:186} INFO - Started process (PID=139585) to work on /home/munyah/.local/lib/python3.10/site-packages/airflow/example_dags/example_inlet_event_extra.py
[2025-03-12T14:32:37.550+0200] {processor.py:914} INFO - Processing file /home/munyah/.local/lib/python3.10/site-packages/airflow/example_dags/example_inlet_event_extra.py for tasks to queue
[2025-03-12T14:32:37.553+0200] {logging_mixin.py:190} INFO - [2025-03-12T14:32:37.553+0200] {dagbag.py:588} INFO - Filling up the DagBag from /home/munyah/.local/lib/python3.10/site-packages/airflow/example_dags/example_inlet_event_extra.py
[2025-03-12T14:32:37.573+0200] {processor.py:925} INFO - DAG(s) 'read_dataset_event_from_classic', 'read_dataset_event' retrieved from /home/munyah/.local/lib/python3.10/site-packages/airflow/example_dags/example_inlet_event_extra.py
[2025-03-12T14:32:37.602+0200] {logging_mixin.py:190} INFO - [2025-03-12T14:32:37.602+0200] {dag.py:3239} INFO - Sync 2 DAGs
[2025-03-12T14:32:37.629+0200] {logging_mixin.py:190} INFO - [2025-03-12T14:32:37.629+0200] {dag.py:4180} INFO - Setting next_dagrun for read_dataset_event to 2025-03-11 00:00:00+00:00, run_after=2025-03-12 00:00:00+00:00
[2025-03-12T14:32:37.635+0200] {logging_mixin.py:190} INFO - [2025-03-12T14:32:37.634+0200] {dag.py:4180} INFO - Setting next_dagrun for read_dataset_event_from_classic to 2025-03-11 00:00:00+00:00, run_after=2025-03-12 00:00:00+00:00
[2025-03-12T14:32:37.655+0200] {processor.py:208} INFO - Processing /home/munyah/.local/lib/python3.10/site-packages/airflow/example_dags/example_inlet_event_extra.py took 0.116 seconds
[2025-03-12T14:33:40.693+0200] {processor.py:186} INFO - Started process (PID=139913) to work on /home/munyah/.local/lib/python3.10/site-packages/airflow/example_dags/example_inlet_event_extra.py
[2025-03-12T14:33:40.694+0200] {processor.py:914} INFO - Processing file /home/munyah/.local/lib/python3.10/site-packages/airflow/example_dags/example_inlet_event_extra.py for tasks to queue
[2025-03-12T14:33:40.697+0200] {logging_mixin.py:190} INFO - [2025-03-12T14:33:40.696+0200] {dagbag.py:588} INFO - Filling up the DagBag from /home/munyah/.local/lib/python3.10/site-packages/airflow/example_dags/example_inlet_event_extra.py
[2025-03-12T14:33:40.713+0200] {processor.py:925} INFO - DAG(s) 'read_dataset_event', 'read_dataset_event_from_classic' retrieved from /home/munyah/.local/lib/python3.10/site-packages/airflow/example_dags/example_inlet_event_extra.py
[2025-03-12T14:33:40.737+0200] {logging_mixin.py:190} INFO - [2025-03-12T14:33:40.736+0200] {dag.py:3239} INFO - Sync 2 DAGs
[2025-03-12T14:33:40.762+0200] {logging_mixin.py:190} INFO - [2025-03-12T14:33:40.761+0200] {dag.py:4180} INFO - Setting next_dagrun for read_dataset_event to 2025-03-11 00:00:00+00:00, run_after=2025-03-12 00:00:00+00:00
[2025-03-12T14:33:40.769+0200] {logging_mixin.py:190} INFO - [2025-03-12T14:33:40.768+0200] {dag.py:4180} INFO - Setting next_dagrun for read_dataset_event_from_classic to 2025-03-11 00:00:00+00:00, run_after=2025-03-12 00:00:00+00:00
[2025-03-12T14:33:40.799+0200] {processor.py:208} INFO - Processing /home/munyah/.local/lib/python3.10/site-packages/airflow/example_dags/example_inlet_event_extra.py took 0.114 seconds
[2025-03-12T14:34:45.754+0200] {processor.py:186} INFO - Started process (PID=140129) to work on /home/munyah/.local/lib/python3.10/site-packages/airflow/example_dags/example_inlet_event_extra.py
[2025-03-12T14:34:45.755+0200] {processor.py:914} INFO - Processing file /home/munyah/.local/lib/python3.10/site-packages/airflow/example_dags/example_inlet_event_extra.py for tasks to queue
[2025-03-12T14:34:45.758+0200] {logging_mixin.py:190} INFO - [2025-03-12T14:34:45.757+0200] {dagbag.py:588} INFO - Filling up the DagBag from /home/munyah/.local/lib/python3.10/site-packages/airflow/example_dags/example_inlet_event_extra.py
[2025-03-12T14:34:45.774+0200] {processor.py:925} INFO - DAG(s) 'read_dataset_event', 'read_dataset_event_from_classic' retrieved from /home/munyah/.local/lib/python3.10/site-packages/airflow/example_dags/example_inlet_event_extra.py
[2025-03-12T14:34:45.794+0200] {logging_mixin.py:190} INFO - [2025-03-12T14:34:45.794+0200] {dag.py:3239} INFO - Sync 2 DAGs
[2025-03-12T14:34:45.820+0200] {logging_mixin.py:190} INFO - [2025-03-12T14:34:45.820+0200] {dag.py:4180} INFO - Setting next_dagrun for read_dataset_event to 2025-03-11 00:00:00+00:00, run_after=2025-03-12 00:00:00+00:00
[2025-03-12T14:34:45.826+0200] {logging_mixin.py:190} INFO - [2025-03-12T14:34:45.825+0200] {dag.py:4180} INFO - Setting next_dagrun for read_dataset_event_from_classic to 2025-03-11 00:00:00+00:00, run_after=2025-03-12 00:00:00+00:00
[2025-03-12T14:34:45.845+0200] {processor.py:208} INFO - Processing /home/munyah/.local/lib/python3.10/site-packages/airflow/example_dags/example_inlet_event_extra.py took 0.099 seconds
[2025-03-12T14:35:48.116+0200] {processor.py:186} INFO - Started process (PID=140322) to work on /home/munyah/.local/lib/python3.10/site-packages/airflow/example_dags/example_inlet_event_extra.py
[2025-03-12T14:35:48.118+0200] {processor.py:914} INFO - Processing file /home/munyah/.local/lib/python3.10/site-packages/airflow/example_dags/example_inlet_event_extra.py for tasks to queue
[2025-03-12T14:35:48.120+0200] {logging_mixin.py:190} INFO - [2025-03-12T14:35:48.120+0200] {dagbag.py:588} INFO - Filling up the DagBag from /home/munyah/.local/lib/python3.10/site-packages/airflow/example_dags/example_inlet_event_extra.py
[2025-03-12T14:35:48.137+0200] {processor.py:925} INFO - DAG(s) 'read_dataset_event', 'read_dataset_event_from_classic' retrieved from /home/munyah/.local/lib/python3.10/site-packages/airflow/example_dags/example_inlet_event_extra.py
[2025-03-12T14:35:48.160+0200] {logging_mixin.py:190} INFO - [2025-03-12T14:35:48.160+0200] {dag.py:3239} INFO - Sync 2 DAGs
[2025-03-12T14:35:48.186+0200] {logging_mixin.py:190} INFO - [2025-03-12T14:35:48.186+0200] {dag.py:4180} INFO - Setting next_dagrun for read_dataset_event to 2025-03-11 00:00:00+00:00, run_after=2025-03-12 00:00:00+00:00
[2025-03-12T14:35:48.192+0200] {logging_mixin.py:190} INFO - [2025-03-12T14:35:48.191+0200] {dag.py:4180} INFO - Setting next_dagrun for read_dataset_event_from_classic to 2025-03-11 00:00:00+00:00, run_after=2025-03-12 00:00:00+00:00
[2025-03-12T14:35:48.212+0200] {processor.py:208} INFO - Processing /home/munyah/.local/lib/python3.10/site-packages/airflow/example_dags/example_inlet_event_extra.py took 0.105 seconds
[2025-03-12T14:36:55.189+0200] {processor.py:186} INFO - Started process (PID=140512) to work on /home/munyah/.local/lib/python3.10/site-packages/airflow/example_dags/example_inlet_event_extra.py
[2025-03-12T14:36:55.191+0200] {processor.py:914} INFO - Processing file /home/munyah/.local/lib/python3.10/site-packages/airflow/example_dags/example_inlet_event_extra.py for tasks to queue
[2025-03-12T14:36:55.194+0200] {logging_mixin.py:190} INFO - [2025-03-12T14:36:55.194+0200] {dagbag.py:588} INFO - Filling up the DagBag from /home/munyah/.local/lib/python3.10/site-packages/airflow/example_dags/example_inlet_event_extra.py
[2025-03-12T14:36:55.215+0200] {processor.py:925} INFO - DAG(s) 'read_dataset_event', 'read_dataset_event_from_classic' retrieved from /home/munyah/.local/lib/python3.10/site-packages/airflow/example_dags/example_inlet_event_extra.py
[2025-03-12T14:36:55.235+0200] {logging_mixin.py:190} INFO - [2025-03-12T14:36:55.235+0200] {dag.py:3239} INFO - Sync 2 DAGs
[2025-03-12T14:36:55.259+0200] {logging_mixin.py:190} INFO - [2025-03-12T14:36:55.258+0200] {dag.py:4180} INFO - Setting next_dagrun for read_dataset_event to 2025-03-11 00:00:00+00:00, run_after=2025-03-12 00:00:00+00:00
[2025-03-12T14:36:55.267+0200] {logging_mixin.py:190} INFO - [2025-03-12T14:36:55.267+0200] {dag.py:4180} INFO - Setting next_dagrun for read_dataset_event_from_classic to 2025-03-11 00:00:00+00:00, run_after=2025-03-12 00:00:00+00:00
[2025-03-12T14:36:55.295+0200] {processor.py:208} INFO - Processing /home/munyah/.local/lib/python3.10/site-packages/airflow/example_dags/example_inlet_event_extra.py took 0.117 seconds
[2025-03-12T14:37:58.113+0200] {processor.py:186} INFO - Started process (PID=140647) to work on /home/munyah/.local/lib/python3.10/site-packages/airflow/example_dags/example_inlet_event_extra.py
[2025-03-12T14:37:58.114+0200] {processor.py:914} INFO - Processing file /home/munyah/.local/lib/python3.10/site-packages/airflow/example_dags/example_inlet_event_extra.py for tasks to queue
[2025-03-12T14:37:58.117+0200] {logging_mixin.py:190} INFO - [2025-03-12T14:37:58.116+0200] {dagbag.py:588} INFO - Filling up the DagBag from /home/munyah/.local/lib/python3.10/site-packages/airflow/example_dags/example_inlet_event_extra.py
[2025-03-12T14:37:58.135+0200] {processor.py:925} INFO - DAG(s) 'read_dataset_event_from_classic', 'read_dataset_event' retrieved from /home/munyah/.local/lib/python3.10/site-packages/airflow/example_dags/example_inlet_event_extra.py
[2025-03-12T14:37:58.162+0200] {logging_mixin.py:190} INFO - [2025-03-12T14:37:58.162+0200] {dag.py:3239} INFO - Sync 2 DAGs
[2025-03-12T14:37:58.192+0200] {logging_mixin.py:190} INFO - [2025-03-12T14:37:58.192+0200] {dag.py:4180} INFO - Setting next_dagrun for read_dataset_event to 2025-03-11 00:00:00+00:00, run_after=2025-03-12 00:00:00+00:00
[2025-03-12T14:37:58.198+0200] {logging_mixin.py:190} INFO - [2025-03-12T14:37:58.198+0200] {dag.py:4180} INFO - Setting next_dagrun for read_dataset_event_from_classic to 2025-03-11 00:00:00+00:00, run_after=2025-03-12 00:00:00+00:00
[2025-03-12T14:37:58.216+0200] {processor.py:208} INFO - Processing /home/munyah/.local/lib/python3.10/site-packages/airflow/example_dags/example_inlet_event_extra.py took 0.112 seconds
[2025-03-12T14:39:04.655+0200] {processor.py:186} INFO - Started process (PID=140728) to work on /home/munyah/.local/lib/python3.10/site-packages/airflow/example_dags/example_inlet_event_extra.py
[2025-03-12T14:39:04.656+0200] {processor.py:914} INFO - Processing file /home/munyah/.local/lib/python3.10/site-packages/airflow/example_dags/example_inlet_event_extra.py for tasks to queue
[2025-03-12T14:39:04.658+0200] {logging_mixin.py:190} INFO - [2025-03-12T14:39:04.658+0200] {dagbag.py:588} INFO - Filling up the DagBag from /home/munyah/.local/lib/python3.10/site-packages/airflow/example_dags/example_inlet_event_extra.py
[2025-03-12T14:39:04.673+0200] {processor.py:925} INFO - DAG(s) 'read_dataset_event', 'read_dataset_event_from_classic' retrieved from /home/munyah/.local/lib/python3.10/site-packages/airflow/example_dags/example_inlet_event_extra.py
[2025-03-12T14:39:04.691+0200] {logging_mixin.py:190} INFO - [2025-03-12T14:39:04.691+0200] {dag.py:3239} INFO - Sync 2 DAGs
[2025-03-12T14:39:04.714+0200] {logging_mixin.py:190} INFO - [2025-03-12T14:39:04.714+0200] {dag.py:4180} INFO - Setting next_dagrun for read_dataset_event to 2025-03-11 00:00:00+00:00, run_after=2025-03-12 00:00:00+00:00
[2025-03-12T14:39:04.720+0200] {logging_mixin.py:190} INFO - [2025-03-12T14:39:04.720+0200] {dag.py:4180} INFO - Setting next_dagrun for read_dataset_event_from_classic to 2025-03-11 00:00:00+00:00, run_after=2025-03-12 00:00:00+00:00
[2025-03-12T14:39:04.748+0200] {processor.py:208} INFO - Processing /home/munyah/.local/lib/python3.10/site-packages/airflow/example_dags/example_inlet_event_extra.py took 0.103 seconds
[2025-03-12T14:40:10.603+0200] {processor.py:186} INFO - Started process (PID=140836) to work on /home/munyah/.local/lib/python3.10/site-packages/airflow/example_dags/example_inlet_event_extra.py
[2025-03-12T14:40:10.605+0200] {processor.py:914} INFO - Processing file /home/munyah/.local/lib/python3.10/site-packages/airflow/example_dags/example_inlet_event_extra.py for tasks to queue
[2025-03-12T14:40:10.608+0200] {logging_mixin.py:190} INFO - [2025-03-12T14:40:10.607+0200] {dagbag.py:588} INFO - Filling up the DagBag from /home/munyah/.local/lib/python3.10/site-packages/airflow/example_dags/example_inlet_event_extra.py
[2025-03-12T14:40:10.625+0200] {processor.py:925} INFO - DAG(s) 'read_dataset_event', 'read_dataset_event_from_classic' retrieved from /home/munyah/.local/lib/python3.10/site-packages/airflow/example_dags/example_inlet_event_extra.py
[2025-03-12T14:40:10.645+0200] {logging_mixin.py:190} INFO - [2025-03-12T14:40:10.644+0200] {dag.py:3239} INFO - Sync 2 DAGs
[2025-03-12T14:40:10.671+0200] {logging_mixin.py:190} INFO - [2025-03-12T14:40:10.671+0200] {dag.py:4180} INFO - Setting next_dagrun for read_dataset_event to 2025-03-11 00:00:00+00:00, run_after=2025-03-12 00:00:00+00:00
[2025-03-12T14:40:10.676+0200] {logging_mixin.py:190} INFO - [2025-03-12T14:40:10.676+0200] {dag.py:4180} INFO - Setting next_dagrun for read_dataset_event_from_classic to 2025-03-11 00:00:00+00:00, run_after=2025-03-12 00:00:00+00:00
[2025-03-12T14:40:10.695+0200] {processor.py:208} INFO - Processing /home/munyah/.local/lib/python3.10/site-packages/airflow/example_dags/example_inlet_event_extra.py took 0.100 seconds
[2025-03-12T14:41:14.111+0200] {processor.py:186} INFO - Started process (PID=141134) to work on /home/munyah/.local/lib/python3.10/site-packages/airflow/example_dags/example_inlet_event_extra.py
[2025-03-12T14:41:14.113+0200] {processor.py:914} INFO - Processing file /home/munyah/.local/lib/python3.10/site-packages/airflow/example_dags/example_inlet_event_extra.py for tasks to queue
[2025-03-12T14:41:14.117+0200] {logging_mixin.py:190} INFO - [2025-03-12T14:41:14.116+0200] {dagbag.py:588} INFO - Filling up the DagBag from /home/munyah/.local/lib/python3.10/site-packages/airflow/example_dags/example_inlet_event_extra.py
[2025-03-12T14:41:14.138+0200] {processor.py:925} INFO - DAG(s) 'read_dataset_event_from_classic', 'read_dataset_event' retrieved from /home/munyah/.local/lib/python3.10/site-packages/airflow/example_dags/example_inlet_event_extra.py
[2025-03-12T14:41:14.159+0200] {logging_mixin.py:190} INFO - [2025-03-12T14:41:14.158+0200] {dag.py:3239} INFO - Sync 2 DAGs
[2025-03-12T14:41:14.191+0200] {logging_mixin.py:190} INFO - [2025-03-12T14:41:14.191+0200] {dag.py:4180} INFO - Setting next_dagrun for read_dataset_event to 2025-03-11 00:00:00+00:00, run_after=2025-03-12 00:00:00+00:00
[2025-03-12T14:41:14.199+0200] {logging_mixin.py:190} INFO - [2025-03-12T14:41:14.199+0200] {dag.py:4180} INFO - Setting next_dagrun for read_dataset_event_from_classic to 2025-03-11 00:00:00+00:00, run_after=2025-03-12 00:00:00+00:00
[2025-03-12T14:41:14.224+0200] {processor.py:208} INFO - Processing /home/munyah/.local/lib/python3.10/site-packages/airflow/example_dags/example_inlet_event_extra.py took 0.127 seconds
[2025-03-12T14:42:13.341+0200] {processor.py:186} INFO - Started process (PID=141305) to work on /home/munyah/.local/lib/python3.10/site-packages/airflow/example_dags/example_inlet_event_extra.py
[2025-03-12T14:42:13.342+0200] {processor.py:914} INFO - Processing file /home/munyah/.local/lib/python3.10/site-packages/airflow/example_dags/example_inlet_event_extra.py for tasks to queue
[2025-03-12T14:42:13.345+0200] {logging_mixin.py:190} INFO - [2025-03-12T14:42:13.344+0200] {dagbag.py:588} INFO - Filling up the DagBag from /home/munyah/.local/lib/python3.10/site-packages/airflow/example_dags/example_inlet_event_extra.py
[2025-03-12T14:42:13.361+0200] {processor.py:925} INFO - DAG(s) 'read_dataset_event_from_classic', 'read_dataset_event' retrieved from /home/munyah/.local/lib/python3.10/site-packages/airflow/example_dags/example_inlet_event_extra.py
[2025-03-12T14:42:13.382+0200] {logging_mixin.py:190} INFO - [2025-03-12T14:42:13.381+0200] {dag.py:3239} INFO - Sync 2 DAGs
[2025-03-12T14:42:13.410+0200] {logging_mixin.py:190} INFO - [2025-03-12T14:42:13.410+0200] {dag.py:4180} INFO - Setting next_dagrun for read_dataset_event to 2025-03-11 00:00:00+00:00, run_after=2025-03-12 00:00:00+00:00
[2025-03-12T14:42:13.417+0200] {logging_mixin.py:190} INFO - [2025-03-12T14:42:13.417+0200] {dag.py:4180} INFO - Setting next_dagrun for read_dataset_event_from_classic to 2025-03-11 00:00:00+00:00, run_after=2025-03-12 00:00:00+00:00
[2025-03-12T14:42:13.436+0200] {processor.py:208} INFO - Processing /home/munyah/.local/lib/python3.10/site-packages/airflow/example_dags/example_inlet_event_extra.py took 0.104 seconds
[2025-03-12T14:43:14.103+0200] {processor.py:186} INFO - Started process (PID=141505) to work on /home/munyah/.local/lib/python3.10/site-packages/airflow/example_dags/example_inlet_event_extra.py
[2025-03-12T14:43:14.104+0200] {processor.py:914} INFO - Processing file /home/munyah/.local/lib/python3.10/site-packages/airflow/example_dags/example_inlet_event_extra.py for tasks to queue
[2025-03-12T14:43:14.106+0200] {logging_mixin.py:190} INFO - [2025-03-12T14:43:14.106+0200] {dagbag.py:588} INFO - Filling up the DagBag from /home/munyah/.local/lib/python3.10/site-packages/airflow/example_dags/example_inlet_event_extra.py
[2025-03-12T14:43:14.122+0200] {processor.py:925} INFO - DAG(s) 'read_dataset_event', 'read_dataset_event_from_classic' retrieved from /home/munyah/.local/lib/python3.10/site-packages/airflow/example_dags/example_inlet_event_extra.py
[2025-03-12T14:43:14.142+0200] {logging_mixin.py:190} INFO - [2025-03-12T14:43:14.141+0200] {dag.py:3239} INFO - Sync 2 DAGs
[2025-03-12T14:43:14.169+0200] {logging_mixin.py:190} INFO - [2025-03-12T14:43:14.169+0200] {dag.py:4180} INFO - Setting next_dagrun for read_dataset_event to 2025-03-11 00:00:00+00:00, run_after=2025-03-12 00:00:00+00:00
[2025-03-12T14:43:14.174+0200] {logging_mixin.py:190} INFO - [2025-03-12T14:43:14.174+0200] {dag.py:4180} INFO - Setting next_dagrun for read_dataset_event_from_classic to 2025-03-11 00:00:00+00:00, run_after=2025-03-12 00:00:00+00:00
[2025-03-12T14:43:14.195+0200] {processor.py:208} INFO - Processing /home/munyah/.local/lib/python3.10/site-packages/airflow/example_dags/example_inlet_event_extra.py took 0.103 seconds
[2025-03-12T14:44:14.876+0200] {processor.py:186} INFO - Started process (PID=141674) to work on /home/munyah/.local/lib/python3.10/site-packages/airflow/example_dags/example_inlet_event_extra.py
[2025-03-12T14:44:14.878+0200] {processor.py:914} INFO - Processing file /home/munyah/.local/lib/python3.10/site-packages/airflow/example_dags/example_inlet_event_extra.py for tasks to queue
[2025-03-12T14:44:14.881+0200] {logging_mixin.py:190} INFO - [2025-03-12T14:44:14.880+0200] {dagbag.py:588} INFO - Filling up the DagBag from /home/munyah/.local/lib/python3.10/site-packages/airflow/example_dags/example_inlet_event_extra.py
[2025-03-12T14:44:14.899+0200] {processor.py:925} INFO - DAG(s) 'read_dataset_event_from_classic', 'read_dataset_event' retrieved from /home/munyah/.local/lib/python3.10/site-packages/airflow/example_dags/example_inlet_event_extra.py
[2025-03-12T14:44:14.920+0200] {logging_mixin.py:190} INFO - [2025-03-12T14:44:14.920+0200] {dag.py:3239} INFO - Sync 2 DAGs
[2025-03-12T14:44:14.947+0200] {logging_mixin.py:190} INFO - [2025-03-12T14:44:14.947+0200] {dag.py:4180} INFO - Setting next_dagrun for read_dataset_event to 2025-03-11 00:00:00+00:00, run_after=2025-03-12 00:00:00+00:00
[2025-03-12T14:44:14.954+0200] {logging_mixin.py:190} INFO - [2025-03-12T14:44:14.954+0200] {dag.py:4180} INFO - Setting next_dagrun for read_dataset_event_from_classic to 2025-03-11 00:00:00+00:00, run_after=2025-03-12 00:00:00+00:00
[2025-03-12T14:44:14.974+0200] {processor.py:208} INFO - Processing /home/munyah/.local/lib/python3.10/site-packages/airflow/example_dags/example_inlet_event_extra.py took 0.108 seconds
[2025-03-12T14:45:13.681+0200] {processor.py:186} INFO - Started process (PID=141861) to work on /home/munyah/.local/lib/python3.10/site-packages/airflow/example_dags/example_inlet_event_extra.py
[2025-03-12T14:45:13.682+0200] {processor.py:914} INFO - Processing file /home/munyah/.local/lib/python3.10/site-packages/airflow/example_dags/example_inlet_event_extra.py for tasks to queue
[2025-03-12T14:45:13.685+0200] {logging_mixin.py:190} INFO - [2025-03-12T14:45:13.685+0200] {dagbag.py:588} INFO - Filling up the DagBag from /home/munyah/.local/lib/python3.10/site-packages/airflow/example_dags/example_inlet_event_extra.py
[2025-03-12T14:45:13.704+0200] {processor.py:925} INFO - DAG(s) 'read_dataset_event', 'read_dataset_event_from_classic' retrieved from /home/munyah/.local/lib/python3.10/site-packages/airflow/example_dags/example_inlet_event_extra.py
[2025-03-12T14:45:13.724+0200] {logging_mixin.py:190} INFO - [2025-03-12T14:45:13.724+0200] {dag.py:3239} INFO - Sync 2 DAGs
[2025-03-12T14:45:13.749+0200] {logging_mixin.py:190} INFO - [2025-03-12T14:45:13.749+0200] {dag.py:4180} INFO - Setting next_dagrun for read_dataset_event to 2025-03-11 00:00:00+00:00, run_after=2025-03-12 00:00:00+00:00
[2025-03-12T14:45:13.754+0200] {logging_mixin.py:190} INFO - [2025-03-12T14:45:13.754+0200] {dag.py:4180} INFO - Setting next_dagrun for read_dataset_event_from_classic to 2025-03-11 00:00:00+00:00, run_after=2025-03-12 00:00:00+00:00
[2025-03-12T14:45:13.774+0200] {processor.py:208} INFO - Processing /home/munyah/.local/lib/python3.10/site-packages/airflow/example_dags/example_inlet_event_extra.py took 0.102 seconds
[2025-03-12T14:46:12.566+0200] {processor.py:186} INFO - Started process (PID=142076) to work on /home/munyah/.local/lib/python3.10/site-packages/airflow/example_dags/example_inlet_event_extra.py
[2025-03-12T14:46:12.568+0200] {processor.py:914} INFO - Processing file /home/munyah/.local/lib/python3.10/site-packages/airflow/example_dags/example_inlet_event_extra.py for tasks to queue
[2025-03-12T14:46:12.570+0200] {logging_mixin.py:190} INFO - [2025-03-12T14:46:12.570+0200] {dagbag.py:588} INFO - Filling up the DagBag from /home/munyah/.local/lib/python3.10/site-packages/airflow/example_dags/example_inlet_event_extra.py
[2025-03-12T14:46:12.586+0200] {processor.py:925} INFO - DAG(s) 'read_dataset_event_from_classic', 'read_dataset_event' retrieved from /home/munyah/.local/lib/python3.10/site-packages/airflow/example_dags/example_inlet_event_extra.py
[2025-03-12T14:46:12.605+0200] {logging_mixin.py:190} INFO - [2025-03-12T14:46:12.605+0200] {dag.py:3239} INFO - Sync 2 DAGs
[2025-03-12T14:46:12.630+0200] {logging_mixin.py:190} INFO - [2025-03-12T14:46:12.630+0200] {dag.py:4180} INFO - Setting next_dagrun for read_dataset_event to 2025-03-11 00:00:00+00:00, run_after=2025-03-12 00:00:00+00:00
[2025-03-12T14:46:12.636+0200] {logging_mixin.py:190} INFO - [2025-03-12T14:46:12.636+0200] {dag.py:4180} INFO - Setting next_dagrun for read_dataset_event_from_classic to 2025-03-11 00:00:00+00:00, run_after=2025-03-12 00:00:00+00:00
[2025-03-12T14:46:12.656+0200] {processor.py:208} INFO - Processing /home/munyah/.local/lib/python3.10/site-packages/airflow/example_dags/example_inlet_event_extra.py took 0.097 seconds
[2025-03-12T14:48:58.408+0200] {processor.py:186} INFO - Started process (PID=142575) to work on /home/munyah/.local/lib/python3.10/site-packages/airflow/example_dags/example_inlet_event_extra.py
[2025-03-12T14:48:58.442+0200] {processor.py:914} INFO - Processing file /home/munyah/.local/lib/python3.10/site-packages/airflow/example_dags/example_inlet_event_extra.py for tasks to queue
[2025-03-12T14:48:58.449+0200] {logging_mixin.py:190} INFO - [2025-03-12T14:48:58.448+0200] {dagbag.py:588} INFO - Filling up the DagBag from /home/munyah/.local/lib/python3.10/site-packages/airflow/example_dags/example_inlet_event_extra.py
[2025-03-12T14:48:58.666+0200] {processor.py:925} INFO - DAG(s) 'read_dataset_event', 'read_dataset_event_from_classic' retrieved from /home/munyah/.local/lib/python3.10/site-packages/airflow/example_dags/example_inlet_event_extra.py
[2025-03-12T14:48:58.815+0200] {logging_mixin.py:190} INFO - [2025-03-12T14:48:58.813+0200] {dag.py:3239} INFO - Sync 2 DAGs
[2025-03-12T14:48:58.864+0200] {logging_mixin.py:190} INFO - [2025-03-12T14:48:58.864+0200] {dag.py:4180} INFO - Setting next_dagrun for read_dataset_event to 2025-03-11 00:00:00+00:00, run_after=2025-03-12 00:00:00+00:00
[2025-03-12T14:48:58.940+0200] {logging_mixin.py:190} INFO - [2025-03-12T14:48:58.938+0200] {dag.py:4180} INFO - Setting next_dagrun for read_dataset_event_from_classic to 2025-03-11 00:00:00+00:00, run_after=2025-03-12 00:00:00+00:00
[2025-03-12T14:48:59.718+0200] {processor.py:208} INFO - Processing /home/munyah/.local/lib/python3.10/site-packages/airflow/example_dags/example_inlet_event_extra.py took 1.319 seconds
[2025-03-12T14:50:29.686+0200] {processor.py:186} INFO - Started process (PID=142924) to work on /home/munyah/.local/lib/python3.10/site-packages/airflow/example_dags/example_inlet_event_extra.py
[2025-03-12T14:50:29.687+0200] {processor.py:914} INFO - Processing file /home/munyah/.local/lib/python3.10/site-packages/airflow/example_dags/example_inlet_event_extra.py for tasks to queue
[2025-03-12T14:50:29.690+0200] {logging_mixin.py:190} INFO - [2025-03-12T14:50:29.689+0200] {dagbag.py:588} INFO - Filling up the DagBag from /home/munyah/.local/lib/python3.10/site-packages/airflow/example_dags/example_inlet_event_extra.py
[2025-03-12T14:50:29.705+0200] {processor.py:925} INFO - DAG(s) 'read_dataset_event_from_classic', 'read_dataset_event' retrieved from /home/munyah/.local/lib/python3.10/site-packages/airflow/example_dags/example_inlet_event_extra.py
[2025-03-12T14:50:29.723+0200] {logging_mixin.py:190} INFO - [2025-03-12T14:50:29.723+0200] {dag.py:3239} INFO - Sync 2 DAGs
[2025-03-12T14:50:29.750+0200] {logging_mixin.py:190} INFO - [2025-03-12T14:50:29.750+0200] {dag.py:4180} INFO - Setting next_dagrun for read_dataset_event to 2025-03-11 00:00:00+00:00, run_after=2025-03-12 00:00:00+00:00
[2025-03-12T14:50:29.760+0200] {logging_mixin.py:190} INFO - [2025-03-12T14:50:29.760+0200] {dag.py:4180} INFO - Setting next_dagrun for read_dataset_event_from_classic to 2025-03-11 00:00:00+00:00, run_after=2025-03-12 00:00:00+00:00
[2025-03-12T14:50:29.789+0200] {processor.py:208} INFO - Processing /home/munyah/.local/lib/python3.10/site-packages/airflow/example_dags/example_inlet_event_extra.py took 0.110 seconds
[2025-03-12T14:51:33.840+0200] {processor.py:186} INFO - Started process (PID=143153) to work on /home/munyah/.local/lib/python3.10/site-packages/airflow/example_dags/example_inlet_event_extra.py
[2025-03-12T14:51:33.841+0200] {processor.py:914} INFO - Processing file /home/munyah/.local/lib/python3.10/site-packages/airflow/example_dags/example_inlet_event_extra.py for tasks to queue
[2025-03-12T14:51:33.844+0200] {logging_mixin.py:190} INFO - [2025-03-12T14:51:33.843+0200] {dagbag.py:588} INFO - Filling up the DagBag from /home/munyah/.local/lib/python3.10/site-packages/airflow/example_dags/example_inlet_event_extra.py
[2025-03-12T14:51:33.860+0200] {processor.py:925} INFO - DAG(s) 'read_dataset_event', 'read_dataset_event_from_classic' retrieved from /home/munyah/.local/lib/python3.10/site-packages/airflow/example_dags/example_inlet_event_extra.py
[2025-03-12T14:51:33.882+0200] {logging_mixin.py:190} INFO - [2025-03-12T14:51:33.882+0200] {dag.py:3239} INFO - Sync 2 DAGs
[2025-03-12T14:51:33.908+0200] {logging_mixin.py:190} INFO - [2025-03-12T14:51:33.908+0200] {dag.py:4180} INFO - Setting next_dagrun for read_dataset_event to 2025-03-11 00:00:00+00:00, run_after=2025-03-12 00:00:00+00:00
[2025-03-12T14:51:33.914+0200] {logging_mixin.py:190} INFO - [2025-03-12T14:51:33.914+0200] {dag.py:4180} INFO - Setting next_dagrun for read_dataset_event_from_classic to 2025-03-11 00:00:00+00:00, run_after=2025-03-12 00:00:00+00:00
[2025-03-12T14:51:33.933+0200] {processor.py:208} INFO - Processing /home/munyah/.local/lib/python3.10/site-packages/airflow/example_dags/example_inlet_event_extra.py took 0.104 seconds
[2025-03-12T14:52:45.339+0200] {processor.py:186} INFO - Started process (PID=143374) to work on /home/munyah/.local/lib/python3.10/site-packages/airflow/example_dags/example_inlet_event_extra.py
[2025-03-12T14:52:45.340+0200] {processor.py:914} INFO - Processing file /home/munyah/.local/lib/python3.10/site-packages/airflow/example_dags/example_inlet_event_extra.py for tasks to queue
[2025-03-12T14:52:45.344+0200] {logging_mixin.py:190} INFO - [2025-03-12T14:52:45.344+0200] {dagbag.py:588} INFO - Filling up the DagBag from /home/munyah/.local/lib/python3.10/site-packages/airflow/example_dags/example_inlet_event_extra.py
[2025-03-12T14:52:45.368+0200] {processor.py:925} INFO - DAG(s) 'read_dataset_event', 'read_dataset_event_from_classic' retrieved from /home/munyah/.local/lib/python3.10/site-packages/airflow/example_dags/example_inlet_event_extra.py
[2025-03-12T14:52:45.396+0200] {logging_mixin.py:190} INFO - [2025-03-12T14:52:45.396+0200] {dag.py:3239} INFO - Sync 2 DAGs
[2025-03-12T14:52:45.436+0200] {logging_mixin.py:190} INFO - [2025-03-12T14:52:45.436+0200] {dag.py:4180} INFO - Setting next_dagrun for read_dataset_event to 2025-03-11 00:00:00+00:00, run_after=2025-03-12 00:00:00+00:00
[2025-03-12T14:52:45.444+0200] {logging_mixin.py:190} INFO - [2025-03-12T14:52:45.444+0200] {dag.py:4180} INFO - Setting next_dagrun for read_dataset_event_from_classic to 2025-03-11 00:00:00+00:00, run_after=2025-03-12 00:00:00+00:00
[2025-03-12T14:52:45.476+0200] {processor.py:208} INFO - Processing /home/munyah/.local/lib/python3.10/site-packages/airflow/example_dags/example_inlet_event_extra.py took 0.146 seconds
[2025-03-12T14:54:10.130+0200] {processor.py:186} INFO - Started process (PID=143637) to work on /home/munyah/.local/lib/python3.10/site-packages/airflow/example_dags/example_inlet_event_extra.py
[2025-03-12T14:54:10.139+0200] {processor.py:914} INFO - Processing file /home/munyah/.local/lib/python3.10/site-packages/airflow/example_dags/example_inlet_event_extra.py for tasks to queue
[2025-03-12T14:54:10.151+0200] {logging_mixin.py:190} INFO - [2025-03-12T14:54:10.142+0200] {dagbag.py:588} INFO - Filling up the DagBag from /home/munyah/.local/lib/python3.10/site-packages/airflow/example_dags/example_inlet_event_extra.py
[2025-03-12T14:54:10.347+0200] {processor.py:925} INFO - DAG(s) 'read_dataset_event_from_classic', 'read_dataset_event' retrieved from /home/munyah/.local/lib/python3.10/site-packages/airflow/example_dags/example_inlet_event_extra.py
[2025-03-12T14:54:10.596+0200] {logging_mixin.py:190} INFO - [2025-03-12T14:54:10.595+0200] {dag.py:3239} INFO - Sync 2 DAGs
[2025-03-12T14:54:10.811+0200] {logging_mixin.py:190} INFO - [2025-03-12T14:54:10.805+0200] {dag.py:4180} INFO - Setting next_dagrun for read_dataset_event to 2025-03-11 00:00:00+00:00, run_after=2025-03-12 00:00:00+00:00
[2025-03-12T14:54:10.838+0200] {logging_mixin.py:190} INFO - [2025-03-12T14:54:10.838+0200] {dag.py:4180} INFO - Setting next_dagrun for read_dataset_event_from_classic to 2025-03-11 00:00:00+00:00, run_after=2025-03-12 00:00:00+00:00
[2025-03-12T14:54:10.945+0200] {processor.py:208} INFO - Processing /home/munyah/.local/lib/python3.10/site-packages/airflow/example_dags/example_inlet_event_extra.py took 0.852 seconds
