[2025-03-12T08:21:07.639+0200] {processor.py:186} INFO - Started process (PID=133839) to work on /home/munyah/.local/lib/python3.10/site-packages/airflow/example_dags/example_trigger_controller_dag.py
[2025-03-12T08:21:07.641+0200] {processor.py:914} INFO - Processing file /home/munyah/.local/lib/python3.10/site-packages/airflow/example_dags/example_trigger_controller_dag.py for tasks to queue
[2025-03-12T08:21:07.645+0200] {logging_mixin.py:190} INFO - [2025-03-12T08:21:07.645+0200] {dagbag.py:588} INFO - Filling up the DagBag from /home/munyah/.local/lib/python3.10/site-packages/airflow/example_dags/example_trigger_controller_dag.py
[2025-03-12T08:21:07.655+0200] {processor.py:925} INFO - DAG(s) 'example_trigger_controller_dag' retrieved from /home/munyah/.local/lib/python3.10/site-packages/airflow/example_dags/example_trigger_controller_dag.py
[2025-03-12T08:21:07.671+0200] {logging_mixin.py:190} INFO - [2025-03-12T08:21:07.671+0200] {dag.py:3239} INFO - Sync 1 DAGs
[2025-03-12T08:21:07.691+0200] {logging_mixin.py:190} INFO - [2025-03-12T08:21:07.691+0200] {dag.py:4180} INFO - Setting next_dagrun for example_trigger_controller_dag to 2021-01-01 00:00:00+00:00, run_after=2021-01-01 00:00:00+00:00
[2025-03-12T08:21:07.712+0200] {processor.py:208} INFO - Processing /home/munyah/.local/lib/python3.10/site-packages/airflow/example_dags/example_trigger_controller_dag.py took 0.087 seconds
[2025-03-12T14:17:44.850+0200] {processor.py:186} INFO - Started process (PID=134572) to work on /home/munyah/.local/lib/python3.10/site-packages/airflow/example_dags/example_trigger_controller_dag.py
[2025-03-12T14:17:44.852+0200] {processor.py:914} INFO - Processing file /home/munyah/.local/lib/python3.10/site-packages/airflow/example_dags/example_trigger_controller_dag.py for tasks to queue
[2025-03-12T14:17:44.859+0200] {logging_mixin.py:190} INFO - [2025-03-12T14:17:44.858+0200] {dagbag.py:588} INFO - Filling up the DagBag from /home/munyah/.local/lib/python3.10/site-packages/airflow/example_dags/example_trigger_controller_dag.py
[2025-03-12T14:17:44.874+0200] {processor.py:925} INFO - DAG(s) 'example_trigger_controller_dag' retrieved from /home/munyah/.local/lib/python3.10/site-packages/airflow/example_dags/example_trigger_controller_dag.py
[2025-03-12T14:17:44.895+0200] {logging_mixin.py:190} INFO - [2025-03-12T14:17:44.894+0200] {dag.py:3239} INFO - Sync 1 DAGs
[2025-03-12T14:17:44.917+0200] {logging_mixin.py:190} INFO - [2025-03-12T14:17:44.917+0200] {dag.py:4180} INFO - Setting next_dagrun for example_trigger_controller_dag to 2021-01-01 00:00:00+00:00, run_after=2021-01-01 00:00:00+00:00
[2025-03-12T14:17:44.945+0200] {processor.py:208} INFO - Processing /home/munyah/.local/lib/python3.10/site-packages/airflow/example_dags/example_trigger_controller_dag.py took 0.112 seconds
[2025-03-12T14:18:43.885+0200] {processor.py:186} INFO - Started process (PID=134817) to work on /home/munyah/.local/lib/python3.10/site-packages/airflow/example_dags/example_trigger_controller_dag.py
[2025-03-12T14:18:43.887+0200] {processor.py:914} INFO - Processing file /home/munyah/.local/lib/python3.10/site-packages/airflow/example_dags/example_trigger_controller_dag.py for tasks to queue
[2025-03-12T14:18:43.891+0200] {logging_mixin.py:190} INFO - [2025-03-12T14:18:43.890+0200] {dagbag.py:588} INFO - Filling up the DagBag from /home/munyah/.local/lib/python3.10/site-packages/airflow/example_dags/example_trigger_controller_dag.py
[2025-03-12T14:18:43.899+0200] {processor.py:925} INFO - DAG(s) 'example_trigger_controller_dag' retrieved from /home/munyah/.local/lib/python3.10/site-packages/airflow/example_dags/example_trigger_controller_dag.py
[2025-03-12T14:18:43.916+0200] {logging_mixin.py:190} INFO - [2025-03-12T14:18:43.916+0200] {dag.py:3239} INFO - Sync 1 DAGs
[2025-03-12T14:18:43.939+0200] {logging_mixin.py:190} INFO - [2025-03-12T14:18:43.939+0200] {dag.py:4180} INFO - Setting next_dagrun for example_trigger_controller_dag to 2021-01-01 00:00:00+00:00, run_after=2021-01-01 00:00:00+00:00
[2025-03-12T14:18:43.964+0200] {processor.py:208} INFO - Processing /home/munyah/.local/lib/python3.10/site-packages/airflow/example_dags/example_trigger_controller_dag.py took 0.091 seconds
[2025-03-12T14:19:41.081+0200] {processor.py:186} INFO - Started process (PID=134998) to work on /home/munyah/.local/lib/python3.10/site-packages/airflow/example_dags/example_trigger_controller_dag.py
[2025-03-12T14:19:41.082+0200] {processor.py:914} INFO - Processing file /home/munyah/.local/lib/python3.10/site-packages/airflow/example_dags/example_trigger_controller_dag.py for tasks to queue
[2025-03-12T14:19:41.086+0200] {logging_mixin.py:190} INFO - [2025-03-12T14:19:41.085+0200] {dagbag.py:588} INFO - Filling up the DagBag from /home/munyah/.local/lib/python3.10/site-packages/airflow/example_dags/example_trigger_controller_dag.py
[2025-03-12T14:19:41.095+0200] {processor.py:925} INFO - DAG(s) 'example_trigger_controller_dag' retrieved from /home/munyah/.local/lib/python3.10/site-packages/airflow/example_dags/example_trigger_controller_dag.py
[2025-03-12T14:19:41.113+0200] {logging_mixin.py:190} INFO - [2025-03-12T14:19:41.113+0200] {dag.py:3239} INFO - Sync 1 DAGs
[2025-03-12T14:19:41.136+0200] {logging_mixin.py:190} INFO - [2025-03-12T14:19:41.135+0200] {dag.py:4180} INFO - Setting next_dagrun for example_trigger_controller_dag to 2021-01-01 00:00:00+00:00, run_after=2021-01-01 00:00:00+00:00
[2025-03-12T14:19:41.157+0200] {processor.py:208} INFO - Processing /home/munyah/.local/lib/python3.10/site-packages/airflow/example_dags/example_trigger_controller_dag.py took 0.085 seconds
[2025-03-12T14:20:37.426+0200] {processor.py:186} INFO - Started process (PID=135170) to work on /home/munyah/.local/lib/python3.10/site-packages/airflow/example_dags/example_trigger_controller_dag.py
[2025-03-12T14:20:37.427+0200] {processor.py:914} INFO - Processing file /home/munyah/.local/lib/python3.10/site-packages/airflow/example_dags/example_trigger_controller_dag.py for tasks to queue
[2025-03-12T14:20:37.431+0200] {logging_mixin.py:190} INFO - [2025-03-12T14:20:37.431+0200] {dagbag.py:588} INFO - Filling up the DagBag from /home/munyah/.local/lib/python3.10/site-packages/airflow/example_dags/example_trigger_controller_dag.py
[2025-03-12T14:20:37.439+0200] {processor.py:925} INFO - DAG(s) 'example_trigger_controller_dag' retrieved from /home/munyah/.local/lib/python3.10/site-packages/airflow/example_dags/example_trigger_controller_dag.py
[2025-03-12T14:20:37.456+0200] {logging_mixin.py:190} INFO - [2025-03-12T14:20:37.455+0200] {dag.py:3239} INFO - Sync 1 DAGs
[2025-03-12T14:20:37.479+0200] {logging_mixin.py:190} INFO - [2025-03-12T14:20:37.479+0200] {dag.py:4180} INFO - Setting next_dagrun for example_trigger_controller_dag to 2021-01-01 00:00:00+00:00, run_after=2021-01-01 00:00:00+00:00
[2025-03-12T14:20:37.511+0200] {processor.py:208} INFO - Processing /home/munyah/.local/lib/python3.10/site-packages/airflow/example_dags/example_trigger_controller_dag.py took 0.093 seconds
[2025-03-12T14:21:33.870+0200] {processor.py:186} INFO - Started process (PID=135369) to work on /home/munyah/.local/lib/python3.10/site-packages/airflow/example_dags/example_trigger_controller_dag.py
[2025-03-12T14:21:33.871+0200] {processor.py:914} INFO - Processing file /home/munyah/.local/lib/python3.10/site-packages/airflow/example_dags/example_trigger_controller_dag.py for tasks to queue
[2025-03-12T14:21:33.873+0200] {logging_mixin.py:190} INFO - [2025-03-12T14:21:33.873+0200] {dagbag.py:588} INFO - Filling up the DagBag from /home/munyah/.local/lib/python3.10/site-packages/airflow/example_dags/example_trigger_controller_dag.py
[2025-03-12T14:21:33.881+0200] {processor.py:925} INFO - DAG(s) 'example_trigger_controller_dag' retrieved from /home/munyah/.local/lib/python3.10/site-packages/airflow/example_dags/example_trigger_controller_dag.py
[2025-03-12T14:21:33.900+0200] {logging_mixin.py:190} INFO - [2025-03-12T14:21:33.900+0200] {dag.py:3239} INFO - Sync 1 DAGs
[2025-03-12T14:21:33.921+0200] {logging_mixin.py:190} INFO - [2025-03-12T14:21:33.921+0200] {dag.py:4180} INFO - Setting next_dagrun for example_trigger_controller_dag to 2021-01-01 00:00:00+00:00, run_after=2021-01-01 00:00:00+00:00
[2025-03-12T14:21:33.944+0200] {processor.py:208} INFO - Processing /home/munyah/.local/lib/python3.10/site-packages/airflow/example_dags/example_trigger_controller_dag.py took 0.082 seconds
[2025-03-12T14:22:31.051+0200] {processor.py:186} INFO - Started process (PID=135715) to work on /home/munyah/.local/lib/python3.10/site-packages/airflow/example_dags/example_trigger_controller_dag.py
[2025-03-12T14:22:31.053+0200] {processor.py:914} INFO - Processing file /home/munyah/.local/lib/python3.10/site-packages/airflow/example_dags/example_trigger_controller_dag.py for tasks to queue
[2025-03-12T14:22:31.058+0200] {logging_mixin.py:190} INFO - [2025-03-12T14:22:31.057+0200] {dagbag.py:588} INFO - Filling up the DagBag from /home/munyah/.local/lib/python3.10/site-packages/airflow/example_dags/example_trigger_controller_dag.py
[2025-03-12T14:22:31.071+0200] {processor.py:925} INFO - DAG(s) 'example_trigger_controller_dag' retrieved from /home/munyah/.local/lib/python3.10/site-packages/airflow/example_dags/example_trigger_controller_dag.py
[2025-03-12T14:22:31.096+0200] {logging_mixin.py:190} INFO - [2025-03-12T14:22:31.095+0200] {dag.py:3239} INFO - Sync 1 DAGs
[2025-03-12T14:22:31.132+0200] {logging_mixin.py:190} INFO - [2025-03-12T14:22:31.131+0200] {dag.py:4180} INFO - Setting next_dagrun for example_trigger_controller_dag to 2021-01-01 00:00:00+00:00, run_after=2021-01-01 00:00:00+00:00
[2025-03-12T14:22:31.164+0200] {processor.py:208} INFO - Processing /home/munyah/.local/lib/python3.10/site-packages/airflow/example_dags/example_trigger_controller_dag.py took 0.124 seconds
[2025-03-12T14:23:44.364+0200] {processor.py:186} INFO - Started process (PID=136530) to work on /home/munyah/.local/lib/python3.10/site-packages/airflow/example_dags/example_trigger_controller_dag.py
[2025-03-12T14:23:44.366+0200] {processor.py:914} INFO - Processing file /home/munyah/.local/lib/python3.10/site-packages/airflow/example_dags/example_trigger_controller_dag.py for tasks to queue
[2025-03-12T14:23:44.371+0200] {logging_mixin.py:190} INFO - [2025-03-12T14:23:44.370+0200] {dagbag.py:588} INFO - Filling up the DagBag from /home/munyah/.local/lib/python3.10/site-packages/airflow/example_dags/example_trigger_controller_dag.py
[2025-03-12T14:23:44.381+0200] {processor.py:925} INFO - DAG(s) 'example_trigger_controller_dag' retrieved from /home/munyah/.local/lib/python3.10/site-packages/airflow/example_dags/example_trigger_controller_dag.py
[2025-03-12T14:23:44.399+0200] {logging_mixin.py:190} INFO - [2025-03-12T14:23:44.399+0200] {dag.py:3239} INFO - Sync 1 DAGs
[2025-03-12T14:23:44.424+0200] {logging_mixin.py:190} INFO - [2025-03-12T14:23:44.424+0200] {dag.py:4180} INFO - Setting next_dagrun for example_trigger_controller_dag to 2021-01-01 00:00:00+00:00, run_after=2021-01-01 00:00:00+00:00
[2025-03-12T14:23:44.451+0200] {processor.py:208} INFO - Processing /home/munyah/.local/lib/python3.10/site-packages/airflow/example_dags/example_trigger_controller_dag.py took 0.101 seconds
[2025-03-12T14:24:45.012+0200] {processor.py:186} INFO - Started process (PID=136776) to work on /home/munyah/.local/lib/python3.10/site-packages/airflow/example_dags/example_trigger_controller_dag.py
[2025-03-12T14:24:45.013+0200] {processor.py:914} INFO - Processing file /home/munyah/.local/lib/python3.10/site-packages/airflow/example_dags/example_trigger_controller_dag.py for tasks to queue
[2025-03-12T14:24:45.016+0200] {logging_mixin.py:190} INFO - [2025-03-12T14:24:45.015+0200] {dagbag.py:588} INFO - Filling up the DagBag from /home/munyah/.local/lib/python3.10/site-packages/airflow/example_dags/example_trigger_controller_dag.py
[2025-03-12T14:24:45.025+0200] {processor.py:925} INFO - DAG(s) 'example_trigger_controller_dag' retrieved from /home/munyah/.local/lib/python3.10/site-packages/airflow/example_dags/example_trigger_controller_dag.py
[2025-03-12T14:24:45.043+0200] {logging_mixin.py:190} INFO - [2025-03-12T14:24:45.043+0200] {dag.py:3239} INFO - Sync 1 DAGs
[2025-03-12T14:24:45.067+0200] {logging_mixin.py:190} INFO - [2025-03-12T14:24:45.067+0200] {dag.py:4180} INFO - Setting next_dagrun for example_trigger_controller_dag to 2021-01-01 00:00:00+00:00, run_after=2021-01-01 00:00:00+00:00
[2025-03-12T14:24:45.093+0200] {processor.py:208} INFO - Processing /home/munyah/.local/lib/python3.10/site-packages/airflow/example_dags/example_trigger_controller_dag.py took 0.089 seconds
[2025-03-12T14:25:41.707+0200] {processor.py:186} INFO - Started process (PID=136959) to work on /home/munyah/.local/lib/python3.10/site-packages/airflow/example_dags/example_trigger_controller_dag.py
[2025-03-12T14:25:41.708+0200] {processor.py:914} INFO - Processing file /home/munyah/.local/lib/python3.10/site-packages/airflow/example_dags/example_trigger_controller_dag.py for tasks to queue
[2025-03-12T14:25:41.711+0200] {logging_mixin.py:190} INFO - [2025-03-12T14:25:41.711+0200] {dagbag.py:588} INFO - Filling up the DagBag from /home/munyah/.local/lib/python3.10/site-packages/airflow/example_dags/example_trigger_controller_dag.py
[2025-03-12T14:25:41.720+0200] {processor.py:925} INFO - DAG(s) 'example_trigger_controller_dag' retrieved from /home/munyah/.local/lib/python3.10/site-packages/airflow/example_dags/example_trigger_controller_dag.py
[2025-03-12T14:25:41.738+0200] {logging_mixin.py:190} INFO - [2025-03-12T14:25:41.738+0200] {dag.py:3239} INFO - Sync 1 DAGs
[2025-03-12T14:25:41.761+0200] {logging_mixin.py:190} INFO - [2025-03-12T14:25:41.761+0200] {dag.py:4180} INFO - Setting next_dagrun for example_trigger_controller_dag to 2021-01-01 00:00:00+00:00, run_after=2021-01-01 00:00:00+00:00
[2025-03-12T14:25:41.784+0200] {processor.py:208} INFO - Processing /home/munyah/.local/lib/python3.10/site-packages/airflow/example_dags/example_trigger_controller_dag.py took 0.085 seconds
[2025-03-12T14:26:40.699+0200] {processor.py:186} INFO - Started process (PID=137143) to work on /home/munyah/.local/lib/python3.10/site-packages/airflow/example_dags/example_trigger_controller_dag.py
[2025-03-12T14:26:40.701+0200] {processor.py:914} INFO - Processing file /home/munyah/.local/lib/python3.10/site-packages/airflow/example_dags/example_trigger_controller_dag.py for tasks to queue
[2025-03-12T14:26:40.704+0200] {logging_mixin.py:190} INFO - [2025-03-12T14:26:40.703+0200] {dagbag.py:588} INFO - Filling up the DagBag from /home/munyah/.local/lib/python3.10/site-packages/airflow/example_dags/example_trigger_controller_dag.py
[2025-03-12T14:26:40.715+0200] {processor.py:925} INFO - DAG(s) 'example_trigger_controller_dag' retrieved from /home/munyah/.local/lib/python3.10/site-packages/airflow/example_dags/example_trigger_controller_dag.py
[2025-03-12T14:26:40.738+0200] {logging_mixin.py:190} INFO - [2025-03-12T14:26:40.737+0200] {dag.py:3239} INFO - Sync 1 DAGs
[2025-03-12T14:26:40.767+0200] {logging_mixin.py:190} INFO - [2025-03-12T14:26:40.767+0200] {dag.py:4180} INFO - Setting next_dagrun for example_trigger_controller_dag to 2021-01-01 00:00:00+00:00, run_after=2021-01-01 00:00:00+00:00
[2025-03-12T14:26:40.790+0200] {processor.py:208} INFO - Processing /home/munyah/.local/lib/python3.10/site-packages/airflow/example_dags/example_trigger_controller_dag.py took 0.101 seconds
[2025-03-12T14:27:45.875+0200] {processor.py:186} INFO - Started process (PID=137372) to work on /home/munyah/.local/lib/python3.10/site-packages/airflow/example_dags/example_trigger_controller_dag.py
[2025-03-12T14:27:45.877+0200] {processor.py:914} INFO - Processing file /home/munyah/.local/lib/python3.10/site-packages/airflow/example_dags/example_trigger_controller_dag.py for tasks to queue
[2025-03-12T14:27:45.881+0200] {logging_mixin.py:190} INFO - [2025-03-12T14:27:45.881+0200] {dagbag.py:588} INFO - Filling up the DagBag from /home/munyah/.local/lib/python3.10/site-packages/airflow/example_dags/example_trigger_controller_dag.py
[2025-03-12T14:27:45.893+0200] {processor.py:925} INFO - DAG(s) 'example_trigger_controller_dag' retrieved from /home/munyah/.local/lib/python3.10/site-packages/airflow/example_dags/example_trigger_controller_dag.py
[2025-03-12T14:27:45.911+0200] {logging_mixin.py:190} INFO - [2025-03-12T14:27:45.911+0200] {dag.py:3239} INFO - Sync 1 DAGs
[2025-03-12T14:27:45.934+0200] {logging_mixin.py:190} INFO - [2025-03-12T14:27:45.933+0200] {dag.py:4180} INFO - Setting next_dagrun for example_trigger_controller_dag to 2021-01-01 00:00:00+00:00, run_after=2021-01-01 00:00:00+00:00
[2025-03-12T14:27:45.959+0200] {processor.py:208} INFO - Processing /home/munyah/.local/lib/python3.10/site-packages/airflow/example_dags/example_trigger_controller_dag.py took 0.116 seconds
[2025-03-12T14:28:46.842+0200] {processor.py:186} INFO - Started process (PID=137543) to work on /home/munyah/.local/lib/python3.10/site-packages/airflow/example_dags/example_trigger_controller_dag.py
[2025-03-12T14:28:46.843+0200] {processor.py:914} INFO - Processing file /home/munyah/.local/lib/python3.10/site-packages/airflow/example_dags/example_trigger_controller_dag.py for tasks to queue
[2025-03-12T14:28:46.846+0200] {logging_mixin.py:190} INFO - [2025-03-12T14:28:46.845+0200] {dagbag.py:588} INFO - Filling up the DagBag from /home/munyah/.local/lib/python3.10/site-packages/airflow/example_dags/example_trigger_controller_dag.py
[2025-03-12T14:28:46.855+0200] {processor.py:925} INFO - DAG(s) 'example_trigger_controller_dag' retrieved from /home/munyah/.local/lib/python3.10/site-packages/airflow/example_dags/example_trigger_controller_dag.py
[2025-03-12T14:28:46.873+0200] {logging_mixin.py:190} INFO - [2025-03-12T14:28:46.873+0200] {dag.py:3239} INFO - Sync 1 DAGs
[2025-03-12T14:28:46.896+0200] {logging_mixin.py:190} INFO - [2025-03-12T14:28:46.896+0200] {dag.py:4180} INFO - Setting next_dagrun for example_trigger_controller_dag to 2021-01-01 00:00:00+00:00, run_after=2021-01-01 00:00:00+00:00
[2025-03-12T14:28:46.920+0200] {processor.py:208} INFO - Processing /home/munyah/.local/lib/python3.10/site-packages/airflow/example_dags/example_trigger_controller_dag.py took 0.086 seconds
[2025-03-12T14:29:45.223+0200] {processor.py:186} INFO - Started process (PID=138563) to work on /home/munyah/.local/lib/python3.10/site-packages/airflow/example_dags/example_trigger_controller_dag.py
[2025-03-12T14:29:45.224+0200] {processor.py:914} INFO - Processing file /home/munyah/.local/lib/python3.10/site-packages/airflow/example_dags/example_trigger_controller_dag.py for tasks to queue
[2025-03-12T14:29:45.227+0200] {logging_mixin.py:190} INFO - [2025-03-12T14:29:45.226+0200] {dagbag.py:588} INFO - Filling up the DagBag from /home/munyah/.local/lib/python3.10/site-packages/airflow/example_dags/example_trigger_controller_dag.py
[2025-03-12T14:29:45.236+0200] {processor.py:925} INFO - DAG(s) 'example_trigger_controller_dag' retrieved from /home/munyah/.local/lib/python3.10/site-packages/airflow/example_dags/example_trigger_controller_dag.py
[2025-03-12T14:29:45.253+0200] {logging_mixin.py:190} INFO - [2025-03-12T14:29:45.253+0200] {dag.py:3239} INFO - Sync 1 DAGs
[2025-03-12T14:29:45.276+0200] {logging_mixin.py:190} INFO - [2025-03-12T14:29:45.276+0200] {dag.py:4180} INFO - Setting next_dagrun for example_trigger_controller_dag to 2021-01-01 00:00:00+00:00, run_after=2021-01-01 00:00:00+00:00
[2025-03-12T14:29:45.301+0200] {processor.py:208} INFO - Processing /home/munyah/.local/lib/python3.10/site-packages/airflow/example_dags/example_trigger_controller_dag.py took 0.086 seconds
[2025-03-12T14:30:48.343+0200] {processor.py:186} INFO - Started process (PID=138812) to work on /home/munyah/.local/lib/python3.10/site-packages/airflow/example_dags/example_trigger_controller_dag.py
[2025-03-12T14:30:48.344+0200] {processor.py:914} INFO - Processing file /home/munyah/.local/lib/python3.10/site-packages/airflow/example_dags/example_trigger_controller_dag.py for tasks to queue
[2025-03-12T14:30:48.347+0200] {logging_mixin.py:190} INFO - [2025-03-12T14:30:48.347+0200] {dagbag.py:588} INFO - Filling up the DagBag from /home/munyah/.local/lib/python3.10/site-packages/airflow/example_dags/example_trigger_controller_dag.py
[2025-03-12T14:30:48.355+0200] {processor.py:925} INFO - DAG(s) 'example_trigger_controller_dag' retrieved from /home/munyah/.local/lib/python3.10/site-packages/airflow/example_dags/example_trigger_controller_dag.py
[2025-03-12T14:30:48.373+0200] {logging_mixin.py:190} INFO - [2025-03-12T14:30:48.372+0200] {dag.py:3239} INFO - Sync 1 DAGs
[2025-03-12T14:30:48.395+0200] {logging_mixin.py:190} INFO - [2025-03-12T14:30:48.395+0200] {dag.py:4180} INFO - Setting next_dagrun for example_trigger_controller_dag to 2021-01-01 00:00:00+00:00, run_after=2021-01-01 00:00:00+00:00
[2025-03-12T14:30:48.418+0200] {processor.py:208} INFO - Processing /home/munyah/.local/lib/python3.10/site-packages/airflow/example_dags/example_trigger_controller_dag.py took 0.083 seconds
[2025-03-12T14:31:53.761+0200] {processor.py:186} INFO - Started process (PID=139016) to work on /home/munyah/.local/lib/python3.10/site-packages/airflow/example_dags/example_trigger_controller_dag.py
[2025-03-12T14:31:53.762+0200] {processor.py:914} INFO - Processing file /home/munyah/.local/lib/python3.10/site-packages/airflow/example_dags/example_trigger_controller_dag.py for tasks to queue
[2025-03-12T14:31:53.766+0200] {logging_mixin.py:190} INFO - [2025-03-12T14:31:53.766+0200] {dagbag.py:588} INFO - Filling up the DagBag from /home/munyah/.local/lib/python3.10/site-packages/airflow/example_dags/example_trigger_controller_dag.py
[2025-03-12T14:31:53.778+0200] {processor.py:925} INFO - DAG(s) 'example_trigger_controller_dag' retrieved from /home/munyah/.local/lib/python3.10/site-packages/airflow/example_dags/example_trigger_controller_dag.py
[2025-03-12T14:31:53.797+0200] {logging_mixin.py:190} INFO - [2025-03-12T14:31:53.797+0200] {dag.py:3239} INFO - Sync 1 DAGs
[2025-03-12T14:31:53.822+0200] {logging_mixin.py:190} INFO - [2025-03-12T14:31:53.822+0200] {dag.py:4180} INFO - Setting next_dagrun for example_trigger_controller_dag to 2021-01-01 00:00:00+00:00, run_after=2021-01-01 00:00:00+00:00
[2025-03-12T14:31:53.844+0200] {processor.py:208} INFO - Processing /home/munyah/.local/lib/python3.10/site-packages/airflow/example_dags/example_trigger_controller_dag.py took 0.102 seconds
[2025-03-12T14:32:55.418+0200] {processor.py:186} INFO - Started process (PID=139725) to work on /home/munyah/.local/lib/python3.10/site-packages/airflow/example_dags/example_trigger_controller_dag.py
[2025-03-12T14:32:55.420+0200] {processor.py:914} INFO - Processing file /home/munyah/.local/lib/python3.10/site-packages/airflow/example_dags/example_trigger_controller_dag.py for tasks to queue
[2025-03-12T14:32:55.423+0200] {logging_mixin.py:190} INFO - [2025-03-12T14:32:55.423+0200] {dagbag.py:588} INFO - Filling up the DagBag from /home/munyah/.local/lib/python3.10/site-packages/airflow/example_dags/example_trigger_controller_dag.py
[2025-03-12T14:32:55.433+0200] {processor.py:925} INFO - DAG(s) 'example_trigger_controller_dag' retrieved from /home/munyah/.local/lib/python3.10/site-packages/airflow/example_dags/example_trigger_controller_dag.py
[2025-03-12T14:32:55.452+0200] {logging_mixin.py:190} INFO - [2025-03-12T14:32:55.452+0200] {dag.py:3239} INFO - Sync 1 DAGs
[2025-03-12T14:32:55.475+0200] {logging_mixin.py:190} INFO - [2025-03-12T14:32:55.474+0200] {dag.py:4180} INFO - Setting next_dagrun for example_trigger_controller_dag to 2021-01-01 00:00:00+00:00, run_after=2021-01-01 00:00:00+00:00
[2025-03-12T14:32:55.497+0200] {processor.py:208} INFO - Processing /home/munyah/.local/lib/python3.10/site-packages/airflow/example_dags/example_trigger_controller_dag.py took 0.086 seconds
[2025-03-12T14:33:59.202+0200] {processor.py:186} INFO - Started process (PID=139999) to work on /home/munyah/.local/lib/python3.10/site-packages/airflow/example_dags/example_trigger_controller_dag.py
[2025-03-12T14:33:59.203+0200] {processor.py:914} INFO - Processing file /home/munyah/.local/lib/python3.10/site-packages/airflow/example_dags/example_trigger_controller_dag.py for tasks to queue
[2025-03-12T14:33:59.207+0200] {logging_mixin.py:190} INFO - [2025-03-12T14:33:59.207+0200] {dagbag.py:588} INFO - Filling up the DagBag from /home/munyah/.local/lib/python3.10/site-packages/airflow/example_dags/example_trigger_controller_dag.py
[2025-03-12T14:33:59.216+0200] {processor.py:925} INFO - DAG(s) 'example_trigger_controller_dag' retrieved from /home/munyah/.local/lib/python3.10/site-packages/airflow/example_dags/example_trigger_controller_dag.py
[2025-03-12T14:33:59.236+0200] {logging_mixin.py:190} INFO - [2025-03-12T14:33:59.236+0200] {dag.py:3239} INFO - Sync 1 DAGs
[2025-03-12T14:33:59.259+0200] {logging_mixin.py:190} INFO - [2025-03-12T14:33:59.259+0200] {dag.py:4180} INFO - Setting next_dagrun for example_trigger_controller_dag to 2021-01-01 00:00:00+00:00, run_after=2021-01-01 00:00:00+00:00
[2025-03-12T14:33:59.283+0200] {processor.py:208} INFO - Processing /home/munyah/.local/lib/python3.10/site-packages/airflow/example_dags/example_trigger_controller_dag.py took 0.091 seconds
[2025-03-12T14:35:05.294+0200] {processor.py:186} INFO - Started process (PID=140179) to work on /home/munyah/.local/lib/python3.10/site-packages/airflow/example_dags/example_trigger_controller_dag.py
[2025-03-12T14:35:05.295+0200] {processor.py:914} INFO - Processing file /home/munyah/.local/lib/python3.10/site-packages/airflow/example_dags/example_trigger_controller_dag.py for tasks to queue
[2025-03-12T14:35:05.298+0200] {logging_mixin.py:190} INFO - [2025-03-12T14:35:05.298+0200] {dagbag.py:588} INFO - Filling up the DagBag from /home/munyah/.local/lib/python3.10/site-packages/airflow/example_dags/example_trigger_controller_dag.py
[2025-03-12T14:35:05.306+0200] {processor.py:925} INFO - DAG(s) 'example_trigger_controller_dag' retrieved from /home/munyah/.local/lib/python3.10/site-packages/airflow/example_dags/example_trigger_controller_dag.py
[2025-03-12T14:35:05.325+0200] {logging_mixin.py:190} INFO - [2025-03-12T14:35:05.325+0200] {dag.py:3239} INFO - Sync 1 DAGs
[2025-03-12T14:35:05.349+0200] {logging_mixin.py:190} INFO - [2025-03-12T14:35:05.348+0200] {dag.py:4180} INFO - Setting next_dagrun for example_trigger_controller_dag to 2021-01-01 00:00:00+00:00, run_after=2021-01-01 00:00:00+00:00
[2025-03-12T14:35:05.371+0200] {processor.py:208} INFO - Processing /home/munyah/.local/lib/python3.10/site-packages/airflow/example_dags/example_trigger_controller_dag.py took 0.085 seconds
[2025-03-12T14:36:08.770+0200] {processor.py:186} INFO - Started process (PID=140376) to work on /home/munyah/.local/lib/python3.10/site-packages/airflow/example_dags/example_trigger_controller_dag.py
[2025-03-12T14:36:08.772+0200] {processor.py:914} INFO - Processing file /home/munyah/.local/lib/python3.10/site-packages/airflow/example_dags/example_trigger_controller_dag.py for tasks to queue
[2025-03-12T14:36:08.777+0200] {logging_mixin.py:190} INFO - [2025-03-12T14:36:08.776+0200] {dagbag.py:588} INFO - Filling up the DagBag from /home/munyah/.local/lib/python3.10/site-packages/airflow/example_dags/example_trigger_controller_dag.py
[2025-03-12T14:36:08.789+0200] {processor.py:925} INFO - DAG(s) 'example_trigger_controller_dag' retrieved from /home/munyah/.local/lib/python3.10/site-packages/airflow/example_dags/example_trigger_controller_dag.py
[2025-03-12T14:36:08.811+0200] {logging_mixin.py:190} INFO - [2025-03-12T14:36:08.811+0200] {dag.py:3239} INFO - Sync 1 DAGs
[2025-03-12T14:36:08.836+0200] {logging_mixin.py:190} INFO - [2025-03-12T14:36:08.836+0200] {dag.py:4180} INFO - Setting next_dagrun for example_trigger_controller_dag to 2021-01-01 00:00:00+00:00, run_after=2021-01-01 00:00:00+00:00
[2025-03-12T14:36:08.863+0200] {processor.py:208} INFO - Processing /home/munyah/.local/lib/python3.10/site-packages/airflow/example_dags/example_trigger_controller_dag.py took 0.122 seconds
[2025-03-12T14:37:12.600+0200] {processor.py:186} INFO - Started process (PID=140561) to work on /home/munyah/.local/lib/python3.10/site-packages/airflow/example_dags/example_trigger_controller_dag.py
[2025-03-12T14:37:12.602+0200] {processor.py:914} INFO - Processing file /home/munyah/.local/lib/python3.10/site-packages/airflow/example_dags/example_trigger_controller_dag.py for tasks to queue
[2025-03-12T14:37:12.605+0200] {logging_mixin.py:190} INFO - [2025-03-12T14:37:12.604+0200] {dagbag.py:588} INFO - Filling up the DagBag from /home/munyah/.local/lib/python3.10/site-packages/airflow/example_dags/example_trigger_controller_dag.py
[2025-03-12T14:37:12.616+0200] {processor.py:925} INFO - DAG(s) 'example_trigger_controller_dag' retrieved from /home/munyah/.local/lib/python3.10/site-packages/airflow/example_dags/example_trigger_controller_dag.py
[2025-03-12T14:37:12.638+0200] {logging_mixin.py:190} INFO - [2025-03-12T14:37:12.637+0200] {dag.py:3239} INFO - Sync 1 DAGs
[2025-03-12T14:37:12.660+0200] {logging_mixin.py:190} INFO - [2025-03-12T14:37:12.660+0200] {dag.py:4180} INFO - Setting next_dagrun for example_trigger_controller_dag to 2021-01-01 00:00:00+00:00, run_after=2021-01-01 00:00:00+00:00
[2025-03-12T14:37:12.681+0200] {processor.py:208} INFO - Processing /home/munyah/.local/lib/python3.10/site-packages/airflow/example_dags/example_trigger_controller_dag.py took 0.090 seconds
[2025-03-12T14:38:16.179+0200] {processor.py:186} INFO - Started process (PID=140669) to work on /home/munyah/.local/lib/python3.10/site-packages/airflow/example_dags/example_trigger_controller_dag.py
[2025-03-12T14:38:16.181+0200] {processor.py:914} INFO - Processing file /home/munyah/.local/lib/python3.10/site-packages/airflow/example_dags/example_trigger_controller_dag.py for tasks to queue
[2025-03-12T14:38:16.186+0200] {logging_mixin.py:190} INFO - [2025-03-12T14:38:16.185+0200] {dagbag.py:588} INFO - Filling up the DagBag from /home/munyah/.local/lib/python3.10/site-packages/airflow/example_dags/example_trigger_controller_dag.py
[2025-03-12T14:38:16.195+0200] {processor.py:925} INFO - DAG(s) 'example_trigger_controller_dag' retrieved from /home/munyah/.local/lib/python3.10/site-packages/airflow/example_dags/example_trigger_controller_dag.py
[2025-03-12T14:38:16.212+0200] {logging_mixin.py:190} INFO - [2025-03-12T14:38:16.212+0200] {dag.py:3239} INFO - Sync 1 DAGs
[2025-03-12T14:38:16.237+0200] {logging_mixin.py:190} INFO - [2025-03-12T14:38:16.237+0200] {dag.py:4180} INFO - Setting next_dagrun for example_trigger_controller_dag to 2021-01-01 00:00:00+00:00, run_after=2021-01-01 00:00:00+00:00
[2025-03-12T14:38:16.258+0200] {processor.py:208} INFO - Processing /home/munyah/.local/lib/python3.10/site-packages/airflow/example_dags/example_trigger_controller_dag.py took 0.089 seconds
[2025-03-12T14:39:23.596+0200] {processor.py:186} INFO - Started process (PID=140752) to work on /home/munyah/.local/lib/python3.10/site-packages/airflow/example_dags/example_trigger_controller_dag.py
[2025-03-12T14:39:23.598+0200] {processor.py:914} INFO - Processing file /home/munyah/.local/lib/python3.10/site-packages/airflow/example_dags/example_trigger_controller_dag.py for tasks to queue
[2025-03-12T14:39:23.603+0200] {logging_mixin.py:190} INFO - [2025-03-12T14:39:23.602+0200] {dagbag.py:588} INFO - Filling up the DagBag from /home/munyah/.local/lib/python3.10/site-packages/airflow/example_dags/example_trigger_controller_dag.py
[2025-03-12T14:39:23.612+0200] {processor.py:925} INFO - DAG(s) 'example_trigger_controller_dag' retrieved from /home/munyah/.local/lib/python3.10/site-packages/airflow/example_dags/example_trigger_controller_dag.py
[2025-03-12T14:39:23.629+0200] {logging_mixin.py:190} INFO - [2025-03-12T14:39:23.629+0200] {dag.py:3239} INFO - Sync 1 DAGs
[2025-03-12T14:39:23.651+0200] {logging_mixin.py:190} INFO - [2025-03-12T14:39:23.650+0200] {dag.py:4180} INFO - Setting next_dagrun for example_trigger_controller_dag to 2021-01-01 00:00:00+00:00, run_after=2021-01-01 00:00:00+00:00
[2025-03-12T14:39:23.671+0200] {processor.py:208} INFO - Processing /home/munyah/.local/lib/python3.10/site-packages/airflow/example_dags/example_trigger_controller_dag.py took 0.088 seconds
[2025-03-12T14:40:28.176+0200] {processor.py:186} INFO - Started process (PID=140887) to work on /home/munyah/.local/lib/python3.10/site-packages/airflow/example_dags/example_trigger_controller_dag.py
[2025-03-12T14:40:28.177+0200] {processor.py:914} INFO - Processing file /home/munyah/.local/lib/python3.10/site-packages/airflow/example_dags/example_trigger_controller_dag.py for tasks to queue
[2025-03-12T14:40:28.182+0200] {logging_mixin.py:190} INFO - [2025-03-12T14:40:28.181+0200] {dagbag.py:588} INFO - Filling up the DagBag from /home/munyah/.local/lib/python3.10/site-packages/airflow/example_dags/example_trigger_controller_dag.py
[2025-03-12T14:40:28.190+0200] {processor.py:925} INFO - DAG(s) 'example_trigger_controller_dag' retrieved from /home/munyah/.local/lib/python3.10/site-packages/airflow/example_dags/example_trigger_controller_dag.py
[2025-03-12T14:40:28.207+0200] {logging_mixin.py:190} INFO - [2025-03-12T14:40:28.206+0200] {dag.py:3239} INFO - Sync 1 DAGs
[2025-03-12T14:40:28.228+0200] {logging_mixin.py:190} INFO - [2025-03-12T14:40:28.227+0200] {dag.py:4180} INFO - Setting next_dagrun for example_trigger_controller_dag to 2021-01-01 00:00:00+00:00, run_after=2021-01-01 00:00:00+00:00
[2025-03-12T14:40:28.249+0200] {processor.py:208} INFO - Processing /home/munyah/.local/lib/python3.10/site-packages/airflow/example_dags/example_trigger_controller_dag.py took 0.083 seconds
[2025-03-12T14:41:32.920+0200] {processor.py:186} INFO - Started process (PID=141191) to work on /home/munyah/.local/lib/python3.10/site-packages/airflow/example_dags/example_trigger_controller_dag.py
[2025-03-12T14:41:32.921+0200] {processor.py:914} INFO - Processing file /home/munyah/.local/lib/python3.10/site-packages/airflow/example_dags/example_trigger_controller_dag.py for tasks to queue
[2025-03-12T14:41:32.924+0200] {logging_mixin.py:190} INFO - [2025-03-12T14:41:32.924+0200] {dagbag.py:588} INFO - Filling up the DagBag from /home/munyah/.local/lib/python3.10/site-packages/airflow/example_dags/example_trigger_controller_dag.py
[2025-03-12T14:41:32.932+0200] {processor.py:925} INFO - DAG(s) 'example_trigger_controller_dag' retrieved from /home/munyah/.local/lib/python3.10/site-packages/airflow/example_dags/example_trigger_controller_dag.py
[2025-03-12T14:41:32.949+0200] {logging_mixin.py:190} INFO - [2025-03-12T14:41:32.949+0200] {dag.py:3239} INFO - Sync 1 DAGs
[2025-03-12T14:41:32.971+0200] {logging_mixin.py:190} INFO - [2025-03-12T14:41:32.971+0200] {dag.py:4180} INFO - Setting next_dagrun for example_trigger_controller_dag to 2021-01-01 00:00:00+00:00, run_after=2021-01-01 00:00:00+00:00
[2025-03-12T14:41:32.998+0200] {processor.py:208} INFO - Processing /home/munyah/.local/lib/python3.10/site-packages/airflow/example_dags/example_trigger_controller_dag.py took 0.086 seconds
[2025-03-12T14:42:33.740+0200] {processor.py:186} INFO - Started process (PID=141391) to work on /home/munyah/.local/lib/python3.10/site-packages/airflow/example_dags/example_trigger_controller_dag.py
[2025-03-12T14:42:33.741+0200] {processor.py:914} INFO - Processing file /home/munyah/.local/lib/python3.10/site-packages/airflow/example_dags/example_trigger_controller_dag.py for tasks to queue
[2025-03-12T14:42:33.744+0200] {logging_mixin.py:190} INFO - [2025-03-12T14:42:33.743+0200] {dagbag.py:588} INFO - Filling up the DagBag from /home/munyah/.local/lib/python3.10/site-packages/airflow/example_dags/example_trigger_controller_dag.py
[2025-03-12T14:42:33.752+0200] {processor.py:925} INFO - DAG(s) 'example_trigger_controller_dag' retrieved from /home/munyah/.local/lib/python3.10/site-packages/airflow/example_dags/example_trigger_controller_dag.py
[2025-03-12T14:42:33.768+0200] {logging_mixin.py:190} INFO - [2025-03-12T14:42:33.768+0200] {dag.py:3239} INFO - Sync 1 DAGs
[2025-03-12T14:42:33.792+0200] {logging_mixin.py:190} INFO - [2025-03-12T14:42:33.791+0200] {dag.py:4180} INFO - Setting next_dagrun for example_trigger_controller_dag to 2021-01-01 00:00:00+00:00, run_after=2021-01-01 00:00:00+00:00
[2025-03-12T14:42:33.815+0200] {processor.py:208} INFO - Processing /home/munyah/.local/lib/python3.10/site-packages/airflow/example_dags/example_trigger_controller_dag.py took 0.082 seconds
[2025-03-12T14:43:32.144+0200] {processor.py:186} INFO - Started process (PID=141554) to work on /home/munyah/.local/lib/python3.10/site-packages/airflow/example_dags/example_trigger_controller_dag.py
[2025-03-12T14:43:32.145+0200] {processor.py:914} INFO - Processing file /home/munyah/.local/lib/python3.10/site-packages/airflow/example_dags/example_trigger_controller_dag.py for tasks to queue
[2025-03-12T14:43:32.148+0200] {logging_mixin.py:190} INFO - [2025-03-12T14:43:32.148+0200] {dagbag.py:588} INFO - Filling up the DagBag from /home/munyah/.local/lib/python3.10/site-packages/airflow/example_dags/example_trigger_controller_dag.py
[2025-03-12T14:43:32.156+0200] {processor.py:925} INFO - DAG(s) 'example_trigger_controller_dag' retrieved from /home/munyah/.local/lib/python3.10/site-packages/airflow/example_dags/example_trigger_controller_dag.py
[2025-03-12T14:43:32.172+0200] {logging_mixin.py:190} INFO - [2025-03-12T14:43:32.172+0200] {dag.py:3239} INFO - Sync 1 DAGs
[2025-03-12T14:43:32.198+0200] {logging_mixin.py:190} INFO - [2025-03-12T14:43:32.198+0200] {dag.py:4180} INFO - Setting next_dagrun for example_trigger_controller_dag to 2021-01-01 00:00:00+00:00, run_after=2021-01-01 00:00:00+00:00
[2025-03-12T14:43:32.221+0200] {processor.py:208} INFO - Processing /home/munyah/.local/lib/python3.10/site-packages/airflow/example_dags/example_trigger_controller_dag.py took 0.084 seconds
[2025-03-12T14:44:31.962+0200] {processor.py:186} INFO - Started process (PID=141747) to work on /home/munyah/.local/lib/python3.10/site-packages/airflow/example_dags/example_trigger_controller_dag.py
[2025-03-12T14:44:31.964+0200] {processor.py:914} INFO - Processing file /home/munyah/.local/lib/python3.10/site-packages/airflow/example_dags/example_trigger_controller_dag.py for tasks to queue
[2025-03-12T14:44:31.967+0200] {logging_mixin.py:190} INFO - [2025-03-12T14:44:31.967+0200] {dagbag.py:588} INFO - Filling up the DagBag from /home/munyah/.local/lib/python3.10/site-packages/airflow/example_dags/example_trigger_controller_dag.py
[2025-03-12T14:44:31.977+0200] {processor.py:925} INFO - DAG(s) 'example_trigger_controller_dag' retrieved from /home/munyah/.local/lib/python3.10/site-packages/airflow/example_dags/example_trigger_controller_dag.py
[2025-03-12T14:44:31.995+0200] {logging_mixin.py:190} INFO - [2025-03-12T14:44:31.995+0200] {dag.py:3239} INFO - Sync 1 DAGs
[2025-03-12T14:44:32.021+0200] {logging_mixin.py:190} INFO - [2025-03-12T14:44:32.021+0200] {dag.py:4180} INFO - Setting next_dagrun for example_trigger_controller_dag to 2021-01-01 00:00:00+00:00, run_after=2021-01-01 00:00:00+00:00
[2025-03-12T14:44:32.045+0200] {processor.py:208} INFO - Processing /home/munyah/.local/lib/python3.10/site-packages/airflow/example_dags/example_trigger_controller_dag.py took 0.095 seconds
[2025-03-12T14:45:30.852+0200] {processor.py:186} INFO - Started process (PID=141907) to work on /home/munyah/.local/lib/python3.10/site-packages/airflow/example_dags/example_trigger_controller_dag.py
[2025-03-12T14:45:30.853+0200] {processor.py:914} INFO - Processing file /home/munyah/.local/lib/python3.10/site-packages/airflow/example_dags/example_trigger_controller_dag.py for tasks to queue
[2025-03-12T14:45:30.856+0200] {logging_mixin.py:190} INFO - [2025-03-12T14:45:30.856+0200] {dagbag.py:588} INFO - Filling up the DagBag from /home/munyah/.local/lib/python3.10/site-packages/airflow/example_dags/example_trigger_controller_dag.py
[2025-03-12T14:45:30.865+0200] {processor.py:925} INFO - DAG(s) 'example_trigger_controller_dag' retrieved from /home/munyah/.local/lib/python3.10/site-packages/airflow/example_dags/example_trigger_controller_dag.py
[2025-03-12T14:45:30.883+0200] {logging_mixin.py:190} INFO - [2025-03-12T14:45:30.882+0200] {dag.py:3239} INFO - Sync 1 DAGs
[2025-03-12T14:45:30.905+0200] {logging_mixin.py:190} INFO - [2025-03-12T14:45:30.905+0200] {dag.py:4180} INFO - Setting next_dagrun for example_trigger_controller_dag to 2021-01-01 00:00:00+00:00, run_after=2021-01-01 00:00:00+00:00
[2025-03-12T14:45:30.929+0200] {processor.py:208} INFO - Processing /home/munyah/.local/lib/python3.10/site-packages/airflow/example_dags/example_trigger_controller_dag.py took 0.085 seconds
[2025-03-12T14:46:29.214+0200] {processor.py:186} INFO - Started process (PID=142173) to work on /home/munyah/.local/lib/python3.10/site-packages/airflow/example_dags/example_trigger_controller_dag.py
[2025-03-12T14:46:29.215+0200] {processor.py:914} INFO - Processing file /home/munyah/.local/lib/python3.10/site-packages/airflow/example_dags/example_trigger_controller_dag.py for tasks to queue
[2025-03-12T14:46:29.218+0200] {logging_mixin.py:190} INFO - [2025-03-12T14:46:29.218+0200] {dagbag.py:588} INFO - Filling up the DagBag from /home/munyah/.local/lib/python3.10/site-packages/airflow/example_dags/example_trigger_controller_dag.py
[2025-03-12T14:46:29.226+0200] {processor.py:925} INFO - DAG(s) 'example_trigger_controller_dag' retrieved from /home/munyah/.local/lib/python3.10/site-packages/airflow/example_dags/example_trigger_controller_dag.py
[2025-03-12T14:46:29.242+0200] {logging_mixin.py:190} INFO - [2025-03-12T14:46:29.242+0200] {dag.py:3239} INFO - Sync 1 DAGs
[2025-03-12T14:46:29.263+0200] {logging_mixin.py:190} INFO - [2025-03-12T14:46:29.263+0200] {dag.py:4180} INFO - Setting next_dagrun for example_trigger_controller_dag to 2021-01-01 00:00:00+00:00, run_after=2021-01-01 00:00:00+00:00
[2025-03-12T14:46:29.284+0200] {processor.py:208} INFO - Processing /home/munyah/.local/lib/python3.10/site-packages/airflow/example_dags/example_trigger_controller_dag.py took 0.079 seconds
[2025-03-12T14:49:23.853+0200] {processor.py:186} INFO - Started process (PID=142745) to work on /home/munyah/.local/lib/python3.10/site-packages/airflow/example_dags/example_trigger_controller_dag.py
[2025-03-12T14:49:23.855+0200] {processor.py:914} INFO - Processing file /home/munyah/.local/lib/python3.10/site-packages/airflow/example_dags/example_trigger_controller_dag.py for tasks to queue
[2025-03-12T14:49:23.860+0200] {logging_mixin.py:190} INFO - [2025-03-12T14:49:23.859+0200] {dagbag.py:588} INFO - Filling up the DagBag from /home/munyah/.local/lib/python3.10/site-packages/airflow/example_dags/example_trigger_controller_dag.py
[2025-03-12T14:49:23.869+0200] {processor.py:925} INFO - DAG(s) 'example_trigger_controller_dag' retrieved from /home/munyah/.local/lib/python3.10/site-packages/airflow/example_dags/example_trigger_controller_dag.py
[2025-03-12T14:49:23.889+0200] {logging_mixin.py:190} INFO - [2025-03-12T14:49:23.888+0200] {dag.py:3239} INFO - Sync 1 DAGs
[2025-03-12T14:49:23.922+0200] {logging_mixin.py:190} INFO - [2025-03-12T14:49:23.922+0200] {dag.py:4180} INFO - Setting next_dagrun for example_trigger_controller_dag to 2021-01-01 00:00:00+00:00, run_after=2021-01-01 00:00:00+00:00
[2025-03-12T14:49:24.298+0200] {processor.py:208} INFO - Processing /home/munyah/.local/lib/python3.10/site-packages/airflow/example_dags/example_trigger_controller_dag.py took 0.456 seconds
[2025-03-12T14:50:10.482+0200] {processor.py:186} INFO - Started process (PID=142868) to work on /home/munyah/.local/lib/python3.10/site-packages/airflow/example_dags/example_trigger_controller_dag.py
[2025-03-12T14:50:10.483+0200] {processor.py:914} INFO - Processing file /home/munyah/.local/lib/python3.10/site-packages/airflow/example_dags/example_trigger_controller_dag.py for tasks to queue
[2025-03-12T14:50:10.487+0200] {logging_mixin.py:190} INFO - [2025-03-12T14:50:10.486+0200] {dagbag.py:588} INFO - Filling up the DagBag from /home/munyah/.local/lib/python3.10/site-packages/airflow/example_dags/example_trigger_controller_dag.py
[2025-03-12T14:50:10.496+0200] {processor.py:925} INFO - DAG(s) 'example_trigger_controller_dag' retrieved from /home/munyah/.local/lib/python3.10/site-packages/airflow/example_dags/example_trigger_controller_dag.py
[2025-03-12T14:50:10.513+0200] {logging_mixin.py:190} INFO - [2025-03-12T14:50:10.513+0200] {dag.py:3239} INFO - Sync 1 DAGs
[2025-03-12T14:50:10.538+0200] {logging_mixin.py:190} INFO - [2025-03-12T14:50:10.538+0200] {dag.py:4180} INFO - Setting next_dagrun for example_trigger_controller_dag to 2021-01-01 00:00:00+00:00, run_after=2021-01-01 00:00:00+00:00
[2025-03-12T14:50:10.560+0200] {processor.py:208} INFO - Processing /home/munyah/.local/lib/python3.10/site-packages/airflow/example_dags/example_trigger_controller_dag.py took 0.087 seconds
[2025-03-12T14:51:15.843+0200] {processor.py:186} INFO - Started process (PID=143107) to work on /home/munyah/.local/lib/python3.10/site-packages/airflow/example_dags/example_trigger_controller_dag.py
[2025-03-12T14:51:15.844+0200] {processor.py:914} INFO - Processing file /home/munyah/.local/lib/python3.10/site-packages/airflow/example_dags/example_trigger_controller_dag.py for tasks to queue
[2025-03-12T14:51:15.847+0200] {logging_mixin.py:190} INFO - [2025-03-12T14:51:15.846+0200] {dagbag.py:588} INFO - Filling up the DagBag from /home/munyah/.local/lib/python3.10/site-packages/airflow/example_dags/example_trigger_controller_dag.py
[2025-03-12T14:51:15.855+0200] {processor.py:925} INFO - DAG(s) 'example_trigger_controller_dag' retrieved from /home/munyah/.local/lib/python3.10/site-packages/airflow/example_dags/example_trigger_controller_dag.py
[2025-03-12T14:51:15.872+0200] {logging_mixin.py:190} INFO - [2025-03-12T14:51:15.872+0200] {dag.py:3239} INFO - Sync 1 DAGs
[2025-03-12T14:51:15.893+0200] {logging_mixin.py:190} INFO - [2025-03-12T14:51:15.893+0200] {dag.py:4180} INFO - Setting next_dagrun for example_trigger_controller_dag to 2021-01-01 00:00:00+00:00, run_after=2021-01-01 00:00:00+00:00
[2025-03-12T14:51:15.916+0200] {processor.py:208} INFO - Processing /home/munyah/.local/lib/python3.10/site-packages/airflow/example_dags/example_trigger_controller_dag.py took 0.080 seconds
[2025-03-12T14:52:26.310+0200] {processor.py:186} INFO - Started process (PID=143297) to work on /home/munyah/.local/lib/python3.10/site-packages/airflow/example_dags/example_trigger_controller_dag.py
[2025-03-12T14:52:26.312+0200] {processor.py:914} INFO - Processing file /home/munyah/.local/lib/python3.10/site-packages/airflow/example_dags/example_trigger_controller_dag.py for tasks to queue
[2025-03-12T14:52:26.314+0200] {logging_mixin.py:190} INFO - [2025-03-12T14:52:26.314+0200] {dagbag.py:588} INFO - Filling up the DagBag from /home/munyah/.local/lib/python3.10/site-packages/airflow/example_dags/example_trigger_controller_dag.py
[2025-03-12T14:52:26.323+0200] {processor.py:925} INFO - DAG(s) 'example_trigger_controller_dag' retrieved from /home/munyah/.local/lib/python3.10/site-packages/airflow/example_dags/example_trigger_controller_dag.py
[2025-03-12T14:52:26.340+0200] {logging_mixin.py:190} INFO - [2025-03-12T14:52:26.340+0200] {dag.py:3239} INFO - Sync 1 DAGs
[2025-03-12T14:52:26.363+0200] {logging_mixin.py:190} INFO - [2025-03-12T14:52:26.363+0200] {dag.py:4180} INFO - Setting next_dagrun for example_trigger_controller_dag to 2021-01-01 00:00:00+00:00, run_after=2021-01-01 00:00:00+00:00
[2025-03-12T14:52:26.385+0200] {processor.py:208} INFO - Processing /home/munyah/.local/lib/python3.10/site-packages/airflow/example_dags/example_trigger_controller_dag.py took 0.084 seconds
[2025-03-12T14:53:38.554+0200] {processor.py:186} INFO - Started process (PID=143542) to work on /home/munyah/.local/lib/python3.10/site-packages/airflow/example_dags/example_trigger_controller_dag.py
[2025-03-12T14:53:38.560+0200] {processor.py:914} INFO - Processing file /home/munyah/.local/lib/python3.10/site-packages/airflow/example_dags/example_trigger_controller_dag.py for tasks to queue
[2025-03-12T14:53:38.574+0200] {logging_mixin.py:190} INFO - [2025-03-12T14:53:38.563+0200] {dagbag.py:588} INFO - Filling up the DagBag from /home/munyah/.local/lib/python3.10/site-packages/airflow/example_dags/example_trigger_controller_dag.py
[2025-03-12T14:53:38.613+0200] {processor.py:925} INFO - DAG(s) 'example_trigger_controller_dag' retrieved from /home/munyah/.local/lib/python3.10/site-packages/airflow/example_dags/example_trigger_controller_dag.py
[2025-03-12T14:53:38.670+0200] {logging_mixin.py:190} INFO - [2025-03-12T14:53:38.670+0200] {dag.py:3239} INFO - Sync 1 DAGs
[2025-03-12T14:53:38.727+0200] {logging_mixin.py:190} INFO - [2025-03-12T14:53:38.727+0200] {dag.py:4180} INFO - Setting next_dagrun for example_trigger_controller_dag to 2021-01-01 00:00:00+00:00, run_after=2021-01-01 00:00:00+00:00
[2025-03-12T14:53:38.802+0200] {processor.py:208} INFO - Processing /home/munyah/.local/lib/python3.10/site-packages/airflow/example_dags/example_trigger_controller_dag.py took 0.265 seconds
