[2025-03-12T14:17:28.143+0200] {processor.py:186} INFO - Started process (PID=134482) to work on /home/munyah/.local/lib/python3.10/site-packages/airflow/example_dags/example_kubernetes_executor.py
[2025-03-12T14:17:28.144+0200] {processor.py:914} INFO - Processing file /home/munyah/.local/lib/python3.10/site-packages/airflow/example_dags/example_kubernetes_executor.py for tasks to queue
[2025-03-12T14:17:28.147+0200] {logging_mixin.py:190} INFO - [2025-03-12T14:17:28.147+0200] {dagbag.py:588} INFO - Filling up the DagBag from /home/munyah/.local/lib/python3.10/site-packages/airflow/example_dags/example_kubernetes_executor.py
[2025-03-12T14:17:28.152+0200] {logging_mixin.py:190} INFO - [2025-03-12T14:17:28.151+0200] {example_kubernetes_executor.py:39} WARNING - The example_kubernetes_executor example DAG requires the kubernetes provider. Please install it with: pip install apache-airflow[cncf.kubernetes]
[2025-03-12T14:17:28.152+0200] {processor.py:927} WARNING - No viable dags retrieved from /home/munyah/.local/lib/python3.10/site-packages/airflow/example_dags/example_kubernetes_executor.py
[2025-03-12T14:17:28.166+0200] {processor.py:208} INFO - Processing /home/munyah/.local/lib/python3.10/site-packages/airflow/example_dags/example_kubernetes_executor.py took 0.033 seconds
[2025-03-12T14:18:31.814+0200] {processor.py:186} INFO - Started process (PID=134726) to work on /home/munyah/.local/lib/python3.10/site-packages/airflow/example_dags/example_kubernetes_executor.py
[2025-03-12T14:18:31.815+0200] {processor.py:914} INFO - Processing file /home/munyah/.local/lib/python3.10/site-packages/airflow/example_dags/example_kubernetes_executor.py for tasks to queue
[2025-03-12T14:18:31.818+0200] {logging_mixin.py:190} INFO - [2025-03-12T14:18:31.817+0200] {dagbag.py:588} INFO - Filling up the DagBag from /home/munyah/.local/lib/python3.10/site-packages/airflow/example_dags/example_kubernetes_executor.py
[2025-03-12T14:18:31.821+0200] {logging_mixin.py:190} INFO - [2025-03-12T14:18:31.821+0200] {example_kubernetes_executor.py:39} WARNING - The example_kubernetes_executor example DAG requires the kubernetes provider. Please install it with: pip install apache-airflow[cncf.kubernetes]
[2025-03-12T14:18:31.821+0200] {processor.py:927} WARNING - No viable dags retrieved from /home/munyah/.local/lib/python3.10/site-packages/airflow/example_dags/example_kubernetes_executor.py
[2025-03-12T14:18:31.834+0200] {processor.py:208} INFO - Processing /home/munyah/.local/lib/python3.10/site-packages/airflow/example_dags/example_kubernetes_executor.py took 0.028 seconds
[2025-03-12T14:19:30.718+0200] {processor.py:186} INFO - Started process (PID=134967) to work on /home/munyah/.local/lib/python3.10/site-packages/airflow/example_dags/example_kubernetes_executor.py
[2025-03-12T14:19:30.719+0200] {processor.py:914} INFO - Processing file /home/munyah/.local/lib/python3.10/site-packages/airflow/example_dags/example_kubernetes_executor.py for tasks to queue
[2025-03-12T14:19:30.722+0200] {logging_mixin.py:190} INFO - [2025-03-12T14:19:30.721+0200] {dagbag.py:588} INFO - Filling up the DagBag from /home/munyah/.local/lib/python3.10/site-packages/airflow/example_dags/example_kubernetes_executor.py
[2025-03-12T14:19:30.726+0200] {logging_mixin.py:190} INFO - [2025-03-12T14:19:30.726+0200] {example_kubernetes_executor.py:39} WARNING - The example_kubernetes_executor example DAG requires the kubernetes provider. Please install it with: pip install apache-airflow[cncf.kubernetes]
[2025-03-12T14:19:30.727+0200] {processor.py:927} WARNING - No viable dags retrieved from /home/munyah/.local/lib/python3.10/site-packages/airflow/example_dags/example_kubernetes_executor.py
[2025-03-12T14:19:30.738+0200] {processor.py:208} INFO - Processing /home/munyah/.local/lib/python3.10/site-packages/airflow/example_dags/example_kubernetes_executor.py took 0.028 seconds
[2025-03-12T14:20:43.258+0200] {processor.py:186} INFO - Started process (PID=135187) to work on /home/munyah/.local/lib/python3.10/site-packages/airflow/example_dags/example_kubernetes_executor.py
[2025-03-12T14:20:43.260+0200] {processor.py:914} INFO - Processing file /home/munyah/.local/lib/python3.10/site-packages/airflow/example_dags/example_kubernetes_executor.py for tasks to queue
[2025-03-12T14:20:43.264+0200] {logging_mixin.py:190} INFO - [2025-03-12T14:20:43.264+0200] {dagbag.py:588} INFO - Filling up the DagBag from /home/munyah/.local/lib/python3.10/site-packages/airflow/example_dags/example_kubernetes_executor.py
[2025-03-12T14:20:43.269+0200] {logging_mixin.py:190} INFO - [2025-03-12T14:20:43.269+0200] {example_kubernetes_executor.py:39} WARNING - The example_kubernetes_executor example DAG requires the kubernetes provider. Please install it with: pip install apache-airflow[cncf.kubernetes]
[2025-03-12T14:20:43.269+0200] {processor.py:927} WARNING - No viable dags retrieved from /home/munyah/.local/lib/python3.10/site-packages/airflow/example_dags/example_kubernetes_executor.py
[2025-03-12T14:20:43.285+0200] {processor.py:208} INFO - Processing /home/munyah/.local/lib/python3.10/site-packages/airflow/example_dags/example_kubernetes_executor.py took 0.035 seconds
[2025-03-12T14:21:41.590+0200] {processor.py:186} INFO - Started process (PID=135396) to work on /home/munyah/.local/lib/python3.10/site-packages/airflow/example_dags/example_kubernetes_executor.py
[2025-03-12T14:21:41.593+0200] {processor.py:914} INFO - Processing file /home/munyah/.local/lib/python3.10/site-packages/airflow/example_dags/example_kubernetes_executor.py for tasks to queue
[2025-03-12T14:21:41.595+0200] {logging_mixin.py:190} INFO - [2025-03-12T14:21:41.595+0200] {dagbag.py:588} INFO - Filling up the DagBag from /home/munyah/.local/lib/python3.10/site-packages/airflow/example_dags/example_kubernetes_executor.py
[2025-03-12T14:21:41.599+0200] {logging_mixin.py:190} INFO - [2025-03-12T14:21:41.599+0200] {example_kubernetes_executor.py:39} WARNING - The example_kubernetes_executor example DAG requires the kubernetes provider. Please install it with: pip install apache-airflow[cncf.kubernetes]
[2025-03-12T14:21:41.599+0200] {processor.py:927} WARNING - No viable dags retrieved from /home/munyah/.local/lib/python3.10/site-packages/airflow/example_dags/example_kubernetes_executor.py
[2025-03-12T14:21:41.611+0200] {processor.py:208} INFO - Processing /home/munyah/.local/lib/python3.10/site-packages/airflow/example_dags/example_kubernetes_executor.py took 0.028 seconds
[2025-03-12T14:22:38.850+0200] {processor.py:186} INFO - Started process (PID=135909) to work on /home/munyah/.local/lib/python3.10/site-packages/airflow/example_dags/example_kubernetes_executor.py
[2025-03-12T14:22:38.851+0200] {processor.py:914} INFO - Processing file /home/munyah/.local/lib/python3.10/site-packages/airflow/example_dags/example_kubernetes_executor.py for tasks to queue
[2025-03-12T14:22:38.855+0200] {logging_mixin.py:190} INFO - [2025-03-12T14:22:38.854+0200] {dagbag.py:588} INFO - Filling up the DagBag from /home/munyah/.local/lib/python3.10/site-packages/airflow/example_dags/example_kubernetes_executor.py
[2025-03-12T14:22:38.859+0200] {logging_mixin.py:190} INFO - [2025-03-12T14:22:38.859+0200] {example_kubernetes_executor.py:39} WARNING - The example_kubernetes_executor example DAG requires the kubernetes provider. Please install it with: pip install apache-airflow[cncf.kubernetes]
[2025-03-12T14:22:38.859+0200] {processor.py:927} WARNING - No viable dags retrieved from /home/munyah/.local/lib/python3.10/site-packages/airflow/example_dags/example_kubernetes_executor.py
[2025-03-12T14:22:38.874+0200] {processor.py:208} INFO - Processing /home/munyah/.local/lib/python3.10/site-packages/airflow/example_dags/example_kubernetes_executor.py took 0.031 seconds
[2025-03-12T14:23:54.621+0200] {processor.py:186} INFO - Started process (PID=136583) to work on /home/munyah/.local/lib/python3.10/site-packages/airflow/example_dags/example_kubernetes_executor.py
[2025-03-12T14:23:54.623+0200] {processor.py:914} INFO - Processing file /home/munyah/.local/lib/python3.10/site-packages/airflow/example_dags/example_kubernetes_executor.py for tasks to queue
[2025-03-12T14:23:54.625+0200] {logging_mixin.py:190} INFO - [2025-03-12T14:23:54.625+0200] {dagbag.py:588} INFO - Filling up the DagBag from /home/munyah/.local/lib/python3.10/site-packages/airflow/example_dags/example_kubernetes_executor.py
[2025-03-12T14:23:54.630+0200] {logging_mixin.py:190} INFO - [2025-03-12T14:23:54.629+0200] {example_kubernetes_executor.py:39} WARNING - The example_kubernetes_executor example DAG requires the kubernetes provider. Please install it with: pip install apache-airflow[cncf.kubernetes]
[2025-03-12T14:23:54.630+0200] {processor.py:927} WARNING - No viable dags retrieved from /home/munyah/.local/lib/python3.10/site-packages/airflow/example_dags/example_kubernetes_executor.py
[2025-03-12T14:23:54.643+0200] {processor.py:208} INFO - Processing /home/munyah/.local/lib/python3.10/site-packages/airflow/example_dags/example_kubernetes_executor.py took 0.029 seconds
[2025-03-12T14:24:52.469+0200] {processor.py:186} INFO - Started process (PID=136797) to work on /home/munyah/.local/lib/python3.10/site-packages/airflow/example_dags/example_kubernetes_executor.py
[2025-03-12T14:24:52.470+0200] {processor.py:914} INFO - Processing file /home/munyah/.local/lib/python3.10/site-packages/airflow/example_dags/example_kubernetes_executor.py for tasks to queue
[2025-03-12T14:24:52.472+0200] {logging_mixin.py:190} INFO - [2025-03-12T14:24:52.472+0200] {dagbag.py:588} INFO - Filling up the DagBag from /home/munyah/.local/lib/python3.10/site-packages/airflow/example_dags/example_kubernetes_executor.py
[2025-03-12T14:24:52.476+0200] {logging_mixin.py:190} INFO - [2025-03-12T14:24:52.476+0200] {example_kubernetes_executor.py:39} WARNING - The example_kubernetes_executor example DAG requires the kubernetes provider. Please install it with: pip install apache-airflow[cncf.kubernetes]
[2025-03-12T14:24:52.477+0200] {processor.py:927} WARNING - No viable dags retrieved from /home/munyah/.local/lib/python3.10/site-packages/airflow/example_dags/example_kubernetes_executor.py
[2025-03-12T14:24:52.488+0200] {processor.py:208} INFO - Processing /home/munyah/.local/lib/python3.10/site-packages/airflow/example_dags/example_kubernetes_executor.py took 0.027 seconds
[2025-03-12T14:25:49.702+0200] {processor.py:186} INFO - Started process (PID=137004) to work on /home/munyah/.local/lib/python3.10/site-packages/airflow/example_dags/example_kubernetes_executor.py
[2025-03-12T14:25:49.704+0200] {processor.py:914} INFO - Processing file /home/munyah/.local/lib/python3.10/site-packages/airflow/example_dags/example_kubernetes_executor.py for tasks to queue
[2025-03-12T14:25:49.706+0200] {logging_mixin.py:190} INFO - [2025-03-12T14:25:49.706+0200] {dagbag.py:588} INFO - Filling up the DagBag from /home/munyah/.local/lib/python3.10/site-packages/airflow/example_dags/example_kubernetes_executor.py
[2025-03-12T14:25:49.710+0200] {logging_mixin.py:190} INFO - [2025-03-12T14:25:49.710+0200] {example_kubernetes_executor.py:39} WARNING - The example_kubernetes_executor example DAG requires the kubernetes provider. Please install it with: pip install apache-airflow[cncf.kubernetes]
[2025-03-12T14:25:49.711+0200] {processor.py:927} WARNING - No viable dags retrieved from /home/munyah/.local/lib/python3.10/site-packages/airflow/example_dags/example_kubernetes_executor.py
[2025-03-12T14:25:49.724+0200] {processor.py:208} INFO - Processing /home/munyah/.local/lib/python3.10/site-packages/airflow/example_dags/example_kubernetes_executor.py took 0.030 seconds
[2025-03-12T14:26:49.717+0200] {processor.py:186} INFO - Started process (PID=137170) to work on /home/munyah/.local/lib/python3.10/site-packages/airflow/example_dags/example_kubernetes_executor.py
[2025-03-12T14:26:49.720+0200] {processor.py:914} INFO - Processing file /home/munyah/.local/lib/python3.10/site-packages/airflow/example_dags/example_kubernetes_executor.py for tasks to queue
[2025-03-12T14:26:49.727+0200] {logging_mixin.py:190} INFO - [2025-03-12T14:26:49.726+0200] {dagbag.py:588} INFO - Filling up the DagBag from /home/munyah/.local/lib/python3.10/site-packages/airflow/example_dags/example_kubernetes_executor.py
[2025-03-12T14:26:49.740+0200] {logging_mixin.py:190} INFO - [2025-03-12T14:26:49.739+0200] {example_kubernetes_executor.py:39} WARNING - The example_kubernetes_executor example DAG requires the kubernetes provider. Please install it with: pip install apache-airflow[cncf.kubernetes]
[2025-03-12T14:26:49.741+0200] {processor.py:927} WARNING - No viable dags retrieved from /home/munyah/.local/lib/python3.10/site-packages/airflow/example_dags/example_kubernetes_executor.py
[2025-03-12T14:26:49.765+0200] {processor.py:208} INFO - Processing /home/munyah/.local/lib/python3.10/site-packages/airflow/example_dags/example_kubernetes_executor.py took 0.070 seconds
[2025-03-12T14:27:54.783+0200] {processor.py:186} INFO - Started process (PID=137396) to work on /home/munyah/.local/lib/python3.10/site-packages/airflow/example_dags/example_kubernetes_executor.py
[2025-03-12T14:27:54.784+0200] {processor.py:914} INFO - Processing file /home/munyah/.local/lib/python3.10/site-packages/airflow/example_dags/example_kubernetes_executor.py for tasks to queue
[2025-03-12T14:27:54.787+0200] {logging_mixin.py:190} INFO - [2025-03-12T14:27:54.786+0200] {dagbag.py:588} INFO - Filling up the DagBag from /home/munyah/.local/lib/python3.10/site-packages/airflow/example_dags/example_kubernetes_executor.py
[2025-03-12T14:27:54.791+0200] {logging_mixin.py:190} INFO - [2025-03-12T14:27:54.790+0200] {example_kubernetes_executor.py:39} WARNING - The example_kubernetes_executor example DAG requires the kubernetes provider. Please install it with: pip install apache-airflow[cncf.kubernetes]
[2025-03-12T14:27:54.791+0200] {processor.py:927} WARNING - No viable dags retrieved from /home/munyah/.local/lib/python3.10/site-packages/airflow/example_dags/example_kubernetes_executor.py
[2025-03-12T14:27:54.803+0200] {processor.py:208} INFO - Processing /home/munyah/.local/lib/python3.10/site-packages/airflow/example_dags/example_kubernetes_executor.py took 0.029 seconds
[2025-03-12T14:28:55.714+0200] {processor.py:186} INFO - Started process (PID=137590) to work on /home/munyah/.local/lib/python3.10/site-packages/airflow/example_dags/example_kubernetes_executor.py
[2025-03-12T14:28:55.715+0200] {processor.py:914} INFO - Processing file /home/munyah/.local/lib/python3.10/site-packages/airflow/example_dags/example_kubernetes_executor.py for tasks to queue
[2025-03-12T14:28:55.717+0200] {logging_mixin.py:190} INFO - [2025-03-12T14:28:55.717+0200] {dagbag.py:588} INFO - Filling up the DagBag from /home/munyah/.local/lib/python3.10/site-packages/airflow/example_dags/example_kubernetes_executor.py
[2025-03-12T14:28:55.721+0200] {logging_mixin.py:190} INFO - [2025-03-12T14:28:55.721+0200] {example_kubernetes_executor.py:39} WARNING - The example_kubernetes_executor example DAG requires the kubernetes provider. Please install it with: pip install apache-airflow[cncf.kubernetes]
[2025-03-12T14:28:55.721+0200] {processor.py:927} WARNING - No viable dags retrieved from /home/munyah/.local/lib/python3.10/site-packages/airflow/example_dags/example_kubernetes_executor.py
[2025-03-12T14:28:55.734+0200] {processor.py:208} INFO - Processing /home/munyah/.local/lib/python3.10/site-packages/airflow/example_dags/example_kubernetes_executor.py took 0.028 seconds
[2025-03-12T14:29:53.328+0200] {processor.py:186} INFO - Started process (PID=138586) to work on /home/munyah/.local/lib/python3.10/site-packages/airflow/example_dags/example_kubernetes_executor.py
[2025-03-12T14:29:53.329+0200] {processor.py:914} INFO - Processing file /home/munyah/.local/lib/python3.10/site-packages/airflow/example_dags/example_kubernetes_executor.py for tasks to queue
[2025-03-12T14:29:53.332+0200] {logging_mixin.py:190} INFO - [2025-03-12T14:29:53.332+0200] {dagbag.py:588} INFO - Filling up the DagBag from /home/munyah/.local/lib/python3.10/site-packages/airflow/example_dags/example_kubernetes_executor.py
[2025-03-12T14:29:53.337+0200] {logging_mixin.py:190} INFO - [2025-03-12T14:29:53.336+0200] {example_kubernetes_executor.py:39} WARNING - The example_kubernetes_executor example DAG requires the kubernetes provider. Please install it with: pip install apache-airflow[cncf.kubernetes]
[2025-03-12T14:29:53.337+0200] {processor.py:927} WARNING - No viable dags retrieved from /home/munyah/.local/lib/python3.10/site-packages/airflow/example_dags/example_kubernetes_executor.py
[2025-03-12T14:29:53.357+0200] {processor.py:208} INFO - Processing /home/munyah/.local/lib/python3.10/site-packages/airflow/example_dags/example_kubernetes_executor.py took 0.039 seconds
[2025-03-12T14:30:57.132+0200] {processor.py:186} INFO - Started process (PID=138833) to work on /home/munyah/.local/lib/python3.10/site-packages/airflow/example_dags/example_kubernetes_executor.py
[2025-03-12T14:30:57.133+0200] {processor.py:914} INFO - Processing file /home/munyah/.local/lib/python3.10/site-packages/airflow/example_dags/example_kubernetes_executor.py for tasks to queue
[2025-03-12T14:30:57.136+0200] {logging_mixin.py:190} INFO - [2025-03-12T14:30:57.136+0200] {dagbag.py:588} INFO - Filling up the DagBag from /home/munyah/.local/lib/python3.10/site-packages/airflow/example_dags/example_kubernetes_executor.py
[2025-03-12T14:30:57.141+0200] {logging_mixin.py:190} INFO - [2025-03-12T14:30:57.140+0200] {example_kubernetes_executor.py:39} WARNING - The example_kubernetes_executor example DAG requires the kubernetes provider. Please install it with: pip install apache-airflow[cncf.kubernetes]
[2025-03-12T14:30:57.141+0200] {processor.py:927} WARNING - No viable dags retrieved from /home/munyah/.local/lib/python3.10/site-packages/airflow/example_dags/example_kubernetes_executor.py
[2025-03-12T14:30:57.153+0200] {processor.py:208} INFO - Processing /home/munyah/.local/lib/python3.10/site-packages/airflow/example_dags/example_kubernetes_executor.py took 0.030 seconds
[2025-03-12T14:32:01.999+0200] {processor.py:186} INFO - Started process (PID=139040) to work on /home/munyah/.local/lib/python3.10/site-packages/airflow/example_dags/example_kubernetes_executor.py
[2025-03-12T14:32:02.001+0200] {processor.py:914} INFO - Processing file /home/munyah/.local/lib/python3.10/site-packages/airflow/example_dags/example_kubernetes_executor.py for tasks to queue
[2025-03-12T14:32:02.005+0200] {logging_mixin.py:190} INFO - [2025-03-12T14:32:02.004+0200] {dagbag.py:588} INFO - Filling up the DagBag from /home/munyah/.local/lib/python3.10/site-packages/airflow/example_dags/example_kubernetes_executor.py
[2025-03-12T14:32:02.010+0200] {logging_mixin.py:190} INFO - [2025-03-12T14:32:02.009+0200] {example_kubernetes_executor.py:39} WARNING - The example_kubernetes_executor example DAG requires the kubernetes provider. Please install it with: pip install apache-airflow[cncf.kubernetes]
[2025-03-12T14:32:02.010+0200] {processor.py:927} WARNING - No viable dags retrieved from /home/munyah/.local/lib/python3.10/site-packages/airflow/example_dags/example_kubernetes_executor.py
[2025-03-12T14:32:02.025+0200] {processor.py:208} INFO - Processing /home/munyah/.local/lib/python3.10/site-packages/airflow/example_dags/example_kubernetes_executor.py took 0.036 seconds
[2025-03-12T14:33:03.788+0200] {processor.py:186} INFO - Started process (PID=139747) to work on /home/munyah/.local/lib/python3.10/site-packages/airflow/example_dags/example_kubernetes_executor.py
[2025-03-12T14:33:03.789+0200] {processor.py:914} INFO - Processing file /home/munyah/.local/lib/python3.10/site-packages/airflow/example_dags/example_kubernetes_executor.py for tasks to queue
[2025-03-12T14:33:03.791+0200] {logging_mixin.py:190} INFO - [2025-03-12T14:33:03.791+0200] {dagbag.py:588} INFO - Filling up the DagBag from /home/munyah/.local/lib/python3.10/site-packages/airflow/example_dags/example_kubernetes_executor.py
[2025-03-12T14:33:03.795+0200] {logging_mixin.py:190} INFO - [2025-03-12T14:33:03.795+0200] {example_kubernetes_executor.py:39} WARNING - The example_kubernetes_executor example DAG requires the kubernetes provider. Please install it with: pip install apache-airflow[cncf.kubernetes]
[2025-03-12T14:33:03.795+0200] {processor.py:927} WARNING - No viable dags retrieved from /home/munyah/.local/lib/python3.10/site-packages/airflow/example_dags/example_kubernetes_executor.py
[2025-03-12T14:33:03.807+0200] {processor.py:208} INFO - Processing /home/munyah/.local/lib/python3.10/site-packages/airflow/example_dags/example_kubernetes_executor.py took 0.027 seconds
[2025-03-12T14:34:07.367+0200] {processor.py:186} INFO - Started process (PID=140020) to work on /home/munyah/.local/lib/python3.10/site-packages/airflow/example_dags/example_kubernetes_executor.py
[2025-03-12T14:34:07.368+0200] {processor.py:914} INFO - Processing file /home/munyah/.local/lib/python3.10/site-packages/airflow/example_dags/example_kubernetes_executor.py for tasks to queue
[2025-03-12T14:34:07.371+0200] {logging_mixin.py:190} INFO - [2025-03-12T14:34:07.370+0200] {dagbag.py:588} INFO - Filling up the DagBag from /home/munyah/.local/lib/python3.10/site-packages/airflow/example_dags/example_kubernetes_executor.py
[2025-03-12T14:34:07.374+0200] {logging_mixin.py:190} INFO - [2025-03-12T14:34:07.374+0200] {example_kubernetes_executor.py:39} WARNING - The example_kubernetes_executor example DAG requires the kubernetes provider. Please install it with: pip install apache-airflow[cncf.kubernetes]
[2025-03-12T14:34:07.375+0200] {processor.py:927} WARNING - No viable dags retrieved from /home/munyah/.local/lib/python3.10/site-packages/airflow/example_dags/example_kubernetes_executor.py
[2025-03-12T14:34:07.387+0200] {processor.py:208} INFO - Processing /home/munyah/.local/lib/python3.10/site-packages/airflow/example_dags/example_kubernetes_executor.py took 0.028 seconds
[2025-03-12T14:35:12.961+0200] {processor.py:186} INFO - Started process (PID=140200) to work on /home/munyah/.local/lib/python3.10/site-packages/airflow/example_dags/example_kubernetes_executor.py
[2025-03-12T14:35:12.963+0200] {processor.py:914} INFO - Processing file /home/munyah/.local/lib/python3.10/site-packages/airflow/example_dags/example_kubernetes_executor.py for tasks to queue
[2025-03-12T14:35:12.965+0200] {logging_mixin.py:190} INFO - [2025-03-12T14:35:12.965+0200] {dagbag.py:588} INFO - Filling up the DagBag from /home/munyah/.local/lib/python3.10/site-packages/airflow/example_dags/example_kubernetes_executor.py
[2025-03-12T14:35:12.969+0200] {logging_mixin.py:190} INFO - [2025-03-12T14:35:12.969+0200] {example_kubernetes_executor.py:39} WARNING - The example_kubernetes_executor example DAG requires the kubernetes provider. Please install it with: pip install apache-airflow[cncf.kubernetes]
[2025-03-12T14:35:12.969+0200] {processor.py:927} WARNING - No viable dags retrieved from /home/munyah/.local/lib/python3.10/site-packages/airflow/example_dags/example_kubernetes_executor.py
[2025-03-12T14:35:12.982+0200] {processor.py:208} INFO - Processing /home/munyah/.local/lib/python3.10/site-packages/airflow/example_dags/example_kubernetes_executor.py took 0.029 seconds
[2025-03-12T14:36:18.091+0200] {processor.py:186} INFO - Started process (PID=140449) to work on /home/munyah/.local/lib/python3.10/site-packages/airflow/example_dags/example_kubernetes_executor.py
[2025-03-12T14:36:18.092+0200] {processor.py:914} INFO - Processing file /home/munyah/.local/lib/python3.10/site-packages/airflow/example_dags/example_kubernetes_executor.py for tasks to queue
[2025-03-12T14:36:18.095+0200] {logging_mixin.py:190} INFO - [2025-03-12T14:36:18.094+0200] {dagbag.py:588} INFO - Filling up the DagBag from /home/munyah/.local/lib/python3.10/site-packages/airflow/example_dags/example_kubernetes_executor.py
[2025-03-12T14:36:18.100+0200] {logging_mixin.py:190} INFO - [2025-03-12T14:36:18.100+0200] {example_kubernetes_executor.py:39} WARNING - The example_kubernetes_executor example DAG requires the kubernetes provider. Please install it with: pip install apache-airflow[cncf.kubernetes]
[2025-03-12T14:36:18.101+0200] {processor.py:927} WARNING - No viable dags retrieved from /home/munyah/.local/lib/python3.10/site-packages/airflow/example_dags/example_kubernetes_executor.py
[2025-03-12T14:36:18.113+0200] {processor.py:208} INFO - Processing /home/munyah/.local/lib/python3.10/site-packages/airflow/example_dags/example_kubernetes_executor.py took 0.033 seconds
[2025-03-12T14:37:22.040+0200] {processor.py:186} INFO - Started process (PID=140572) to work on /home/munyah/.local/lib/python3.10/site-packages/airflow/example_dags/example_kubernetes_executor.py
[2025-03-12T14:37:22.041+0200] {processor.py:914} INFO - Processing file /home/munyah/.local/lib/python3.10/site-packages/airflow/example_dags/example_kubernetes_executor.py for tasks to queue
[2025-03-12T14:37:22.044+0200] {logging_mixin.py:190} INFO - [2025-03-12T14:37:22.043+0200] {dagbag.py:588} INFO - Filling up the DagBag from /home/munyah/.local/lib/python3.10/site-packages/airflow/example_dags/example_kubernetes_executor.py
[2025-03-12T14:37:22.048+0200] {logging_mixin.py:190} INFO - [2025-03-12T14:37:22.048+0200] {example_kubernetes_executor.py:39} WARNING - The example_kubernetes_executor example DAG requires the kubernetes provider. Please install it with: pip install apache-airflow[cncf.kubernetes]
[2025-03-12T14:37:22.048+0200] {processor.py:927} WARNING - No viable dags retrieved from /home/munyah/.local/lib/python3.10/site-packages/airflow/example_dags/example_kubernetes_executor.py
[2025-03-12T14:37:22.059+0200] {processor.py:208} INFO - Processing /home/munyah/.local/lib/python3.10/site-packages/airflow/example_dags/example_kubernetes_executor.py took 0.028 seconds
[2025-03-12T14:38:24.116+0200] {processor.py:186} INFO - Started process (PID=140680) to work on /home/munyah/.local/lib/python3.10/site-packages/airflow/example_dags/example_kubernetes_executor.py
[2025-03-12T14:38:24.118+0200] {processor.py:914} INFO - Processing file /home/munyah/.local/lib/python3.10/site-packages/airflow/example_dags/example_kubernetes_executor.py for tasks to queue
[2025-03-12T14:38:24.120+0200] {logging_mixin.py:190} INFO - [2025-03-12T14:38:24.120+0200] {dagbag.py:588} INFO - Filling up the DagBag from /home/munyah/.local/lib/python3.10/site-packages/airflow/example_dags/example_kubernetes_executor.py
[2025-03-12T14:38:24.124+0200] {logging_mixin.py:190} INFO - [2025-03-12T14:38:24.124+0200] {example_kubernetes_executor.py:39} WARNING - The example_kubernetes_executor example DAG requires the kubernetes provider. Please install it with: pip install apache-airflow[cncf.kubernetes]
[2025-03-12T14:38:24.124+0200] {processor.py:927} WARNING - No viable dags retrieved from /home/munyah/.local/lib/python3.10/site-packages/airflow/example_dags/example_kubernetes_executor.py
[2025-03-12T14:38:24.135+0200] {processor.py:208} INFO - Processing /home/munyah/.local/lib/python3.10/site-packages/airflow/example_dags/example_kubernetes_executor.py took 0.027 seconds
[2025-03-12T14:39:32.219+0200] {processor.py:186} INFO - Started process (PID=140785) to work on /home/munyah/.local/lib/python3.10/site-packages/airflow/example_dags/example_kubernetes_executor.py
[2025-03-12T14:39:32.221+0200] {processor.py:914} INFO - Processing file /home/munyah/.local/lib/python3.10/site-packages/airflow/example_dags/example_kubernetes_executor.py for tasks to queue
[2025-03-12T14:39:32.225+0200] {logging_mixin.py:190} INFO - [2025-03-12T14:39:32.224+0200] {dagbag.py:588} INFO - Filling up the DagBag from /home/munyah/.local/lib/python3.10/site-packages/airflow/example_dags/example_kubernetes_executor.py
[2025-03-12T14:39:32.230+0200] {logging_mixin.py:190} INFO - [2025-03-12T14:39:32.230+0200] {example_kubernetes_executor.py:39} WARNING - The example_kubernetes_executor example DAG requires the kubernetes provider. Please install it with: pip install apache-airflow[cncf.kubernetes]
[2025-03-12T14:39:32.231+0200] {processor.py:927} WARNING - No viable dags retrieved from /home/munyah/.local/lib/python3.10/site-packages/airflow/example_dags/example_kubernetes_executor.py
[2025-03-12T14:39:32.245+0200] {processor.py:208} INFO - Processing /home/munyah/.local/lib/python3.10/site-packages/airflow/example_dags/example_kubernetes_executor.py took 0.037 seconds
[2025-03-12T14:40:36.418+0200] {processor.py:186} INFO - Started process (PID=140897) to work on /home/munyah/.local/lib/python3.10/site-packages/airflow/example_dags/example_kubernetes_executor.py
[2025-03-12T14:40:36.420+0200] {processor.py:914} INFO - Processing file /home/munyah/.local/lib/python3.10/site-packages/airflow/example_dags/example_kubernetes_executor.py for tasks to queue
[2025-03-12T14:40:36.426+0200] {logging_mixin.py:190} INFO - [2025-03-12T14:40:36.425+0200] {dagbag.py:588} INFO - Filling up the DagBag from /home/munyah/.local/lib/python3.10/site-packages/airflow/example_dags/example_kubernetes_executor.py
[2025-03-12T14:40:36.433+0200] {logging_mixin.py:190} INFO - [2025-03-12T14:40:36.432+0200] {example_kubernetes_executor.py:39} WARNING - The example_kubernetes_executor example DAG requires the kubernetes provider. Please install it with: pip install apache-airflow[cncf.kubernetes]
[2025-03-12T14:40:36.433+0200] {processor.py:927} WARNING - No viable dags retrieved from /home/munyah/.local/lib/python3.10/site-packages/airflow/example_dags/example_kubernetes_executor.py
[2025-03-12T14:40:36.453+0200] {processor.py:208} INFO - Processing /home/munyah/.local/lib/python3.10/site-packages/airflow/example_dags/example_kubernetes_executor.py took 0.049 seconds
[2025-03-12T14:41:40.719+0200] {processor.py:186} INFO - Started process (PID=141216) to work on /home/munyah/.local/lib/python3.10/site-packages/airflow/example_dags/example_kubernetes_executor.py
[2025-03-12T14:41:40.720+0200] {processor.py:914} INFO - Processing file /home/munyah/.local/lib/python3.10/site-packages/airflow/example_dags/example_kubernetes_executor.py for tasks to queue
[2025-03-12T14:41:40.723+0200] {logging_mixin.py:190} INFO - [2025-03-12T14:41:40.723+0200] {dagbag.py:588} INFO - Filling up the DagBag from /home/munyah/.local/lib/python3.10/site-packages/airflow/example_dags/example_kubernetes_executor.py
[2025-03-12T14:41:40.727+0200] {logging_mixin.py:190} INFO - [2025-03-12T14:41:40.727+0200] {example_kubernetes_executor.py:39} WARNING - The example_kubernetes_executor example DAG requires the kubernetes provider. Please install it with: pip install apache-airflow[cncf.kubernetes]
[2025-03-12T14:41:40.728+0200] {processor.py:927} WARNING - No viable dags retrieved from /home/munyah/.local/lib/python3.10/site-packages/airflow/example_dags/example_kubernetes_executor.py
[2025-03-12T14:41:40.739+0200] {processor.py:208} INFO - Processing /home/munyah/.local/lib/python3.10/site-packages/airflow/example_dags/example_kubernetes_executor.py took 0.028 seconds
[2025-03-12T14:42:41.406+0200] {processor.py:186} INFO - Started process (PID=141416) to work on /home/munyah/.local/lib/python3.10/site-packages/airflow/example_dags/example_kubernetes_executor.py
[2025-03-12T14:42:41.407+0200] {processor.py:914} INFO - Processing file /home/munyah/.local/lib/python3.10/site-packages/airflow/example_dags/example_kubernetes_executor.py for tasks to queue
[2025-03-12T14:42:41.410+0200] {logging_mixin.py:190} INFO - [2025-03-12T14:42:41.409+0200] {dagbag.py:588} INFO - Filling up the DagBag from /home/munyah/.local/lib/python3.10/site-packages/airflow/example_dags/example_kubernetes_executor.py
[2025-03-12T14:42:41.413+0200] {logging_mixin.py:190} INFO - [2025-03-12T14:42:41.413+0200] {example_kubernetes_executor.py:39} WARNING - The example_kubernetes_executor example DAG requires the kubernetes provider. Please install it with: pip install apache-airflow[cncf.kubernetes]
[2025-03-12T14:42:41.414+0200] {processor.py:927} WARNING - No viable dags retrieved from /home/munyah/.local/lib/python3.10/site-packages/airflow/example_dags/example_kubernetes_executor.py
[2025-03-12T14:42:41.425+0200] {processor.py:208} INFO - Processing /home/munyah/.local/lib/python3.10/site-packages/airflow/example_dags/example_kubernetes_executor.py took 0.028 seconds
[2025-03-12T14:43:40.181+0200] {processor.py:186} INFO - Started process (PID=141577) to work on /home/munyah/.local/lib/python3.10/site-packages/airflow/example_dags/example_kubernetes_executor.py
[2025-03-12T14:43:40.182+0200] {processor.py:914} INFO - Processing file /home/munyah/.local/lib/python3.10/site-packages/airflow/example_dags/example_kubernetes_executor.py for tasks to queue
[2025-03-12T14:43:40.184+0200] {logging_mixin.py:190} INFO - [2025-03-12T14:43:40.184+0200] {dagbag.py:588} INFO - Filling up the DagBag from /home/munyah/.local/lib/python3.10/site-packages/airflow/example_dags/example_kubernetes_executor.py
[2025-03-12T14:43:40.189+0200] {logging_mixin.py:190} INFO - [2025-03-12T14:43:40.188+0200] {example_kubernetes_executor.py:39} WARNING - The example_kubernetes_executor example DAG requires the kubernetes provider. Please install it with: pip install apache-airflow[cncf.kubernetes]
[2025-03-12T14:43:40.189+0200] {processor.py:927} WARNING - No viable dags retrieved from /home/munyah/.local/lib/python3.10/site-packages/airflow/example_dags/example_kubernetes_executor.py
[2025-03-12T14:43:40.202+0200] {processor.py:208} INFO - Processing /home/munyah/.local/lib/python3.10/site-packages/airflow/example_dags/example_kubernetes_executor.py took 0.031 seconds
[2025-03-12T14:44:39.807+0200] {processor.py:186} INFO - Started process (PID=141771) to work on /home/munyah/.local/lib/python3.10/site-packages/airflow/example_dags/example_kubernetes_executor.py
[2025-03-12T14:44:39.809+0200] {processor.py:914} INFO - Processing file /home/munyah/.local/lib/python3.10/site-packages/airflow/example_dags/example_kubernetes_executor.py for tasks to queue
[2025-03-12T14:44:39.811+0200] {logging_mixin.py:190} INFO - [2025-03-12T14:44:39.811+0200] {dagbag.py:588} INFO - Filling up the DagBag from /home/munyah/.local/lib/python3.10/site-packages/airflow/example_dags/example_kubernetes_executor.py
[2025-03-12T14:44:39.815+0200] {logging_mixin.py:190} INFO - [2025-03-12T14:44:39.815+0200] {example_kubernetes_executor.py:39} WARNING - The example_kubernetes_executor example DAG requires the kubernetes provider. Please install it with: pip install apache-airflow[cncf.kubernetes]
[2025-03-12T14:44:39.816+0200] {processor.py:927} WARNING - No viable dags retrieved from /home/munyah/.local/lib/python3.10/site-packages/airflow/example_dags/example_kubernetes_executor.py
[2025-03-12T14:44:39.828+0200] {processor.py:208} INFO - Processing /home/munyah/.local/lib/python3.10/site-packages/airflow/example_dags/example_kubernetes_executor.py took 0.029 seconds
[2025-03-12T14:45:39.708+0200] {processor.py:186} INFO - Started process (PID=141934) to work on /home/munyah/.local/lib/python3.10/site-packages/airflow/example_dags/example_kubernetes_executor.py
[2025-03-12T14:45:39.710+0200] {processor.py:914} INFO - Processing file /home/munyah/.local/lib/python3.10/site-packages/airflow/example_dags/example_kubernetes_executor.py for tasks to queue
[2025-03-12T14:45:39.712+0200] {logging_mixin.py:190} INFO - [2025-03-12T14:45:39.712+0200] {dagbag.py:588} INFO - Filling up the DagBag from /home/munyah/.local/lib/python3.10/site-packages/airflow/example_dags/example_kubernetes_executor.py
[2025-03-12T14:45:39.716+0200] {logging_mixin.py:190} INFO - [2025-03-12T14:45:39.716+0200] {example_kubernetes_executor.py:39} WARNING - The example_kubernetes_executor example DAG requires the kubernetes provider. Please install it with: pip install apache-airflow[cncf.kubernetes]
[2025-03-12T14:45:39.716+0200] {processor.py:927} WARNING - No viable dags retrieved from /home/munyah/.local/lib/python3.10/site-packages/airflow/example_dags/example_kubernetes_executor.py
[2025-03-12T14:45:39.729+0200] {processor.py:208} INFO - Processing /home/munyah/.local/lib/python3.10/site-packages/airflow/example_dags/example_kubernetes_executor.py took 0.029 seconds
[2025-03-12T14:46:39.179+0200] {processor.py:186} INFO - Started process (PID=142187) to work on /home/munyah/.local/lib/python3.10/site-packages/airflow/example_dags/example_kubernetes_executor.py
[2025-03-12T14:46:39.180+0200] {processor.py:914} INFO - Processing file /home/munyah/.local/lib/python3.10/site-packages/airflow/example_dags/example_kubernetes_executor.py for tasks to queue
[2025-03-12T14:46:39.182+0200] {logging_mixin.py:190} INFO - [2025-03-12T14:46:39.182+0200] {dagbag.py:588} INFO - Filling up the DagBag from /home/munyah/.local/lib/python3.10/site-packages/airflow/example_dags/example_kubernetes_executor.py
[2025-03-12T14:46:39.187+0200] {logging_mixin.py:190} INFO - [2025-03-12T14:46:39.187+0200] {example_kubernetes_executor.py:39} WARNING - The example_kubernetes_executor example DAG requires the kubernetes provider. Please install it with: pip install apache-airflow[cncf.kubernetes]
[2025-03-12T14:46:39.187+0200] {processor.py:927} WARNING - No viable dags retrieved from /home/munyah/.local/lib/python3.10/site-packages/airflow/example_dags/example_kubernetes_executor.py
[2025-03-12T14:46:39.199+0200] {processor.py:208} INFO - Processing /home/munyah/.local/lib/python3.10/site-packages/airflow/example_dags/example_kubernetes_executor.py took 0.028 seconds
[2025-03-12T14:49:41.274+0200] {processor.py:186} INFO - Started process (PID=142789) to work on /home/munyah/.local/lib/python3.10/site-packages/airflow/example_dags/example_kubernetes_executor.py
[2025-03-12T14:49:41.277+0200] {processor.py:914} INFO - Processing file /home/munyah/.local/lib/python3.10/site-packages/airflow/example_dags/example_kubernetes_executor.py for tasks to queue
[2025-03-12T14:49:41.279+0200] {logging_mixin.py:190} INFO - [2025-03-12T14:49:41.279+0200] {dagbag.py:588} INFO - Filling up the DagBag from /home/munyah/.local/lib/python3.10/site-packages/airflow/example_dags/example_kubernetes_executor.py
[2025-03-12T14:49:41.285+0200] {logging_mixin.py:190} INFO - [2025-03-12T14:49:41.285+0200] {example_kubernetes_executor.py:39} WARNING - The example_kubernetes_executor example DAG requires the kubernetes provider. Please install it with: pip install apache-airflow[cncf.kubernetes]
[2025-03-12T14:49:41.285+0200] {processor.py:927} WARNING - No viable dags retrieved from /home/munyah/.local/lib/python3.10/site-packages/airflow/example_dags/example_kubernetes_executor.py
[2025-03-12T14:49:41.298+0200] {processor.py:208} INFO - Processing /home/munyah/.local/lib/python3.10/site-packages/airflow/example_dags/example_kubernetes_executor.py took 0.036 seconds
[2025-03-12T14:50:57.949+0200] {processor.py:186} INFO - Started process (PID=143000) to work on /home/munyah/.local/lib/python3.10/site-packages/airflow/example_dags/example_kubernetes_executor.py
[2025-03-12T14:50:57.950+0200] {processor.py:914} INFO - Processing file /home/munyah/.local/lib/python3.10/site-packages/airflow/example_dags/example_kubernetes_executor.py for tasks to queue
[2025-03-12T14:50:57.953+0200] {logging_mixin.py:190} INFO - [2025-03-12T14:50:57.952+0200] {dagbag.py:588} INFO - Filling up the DagBag from /home/munyah/.local/lib/python3.10/site-packages/airflow/example_dags/example_kubernetes_executor.py
[2025-03-12T14:50:57.957+0200] {logging_mixin.py:190} INFO - [2025-03-12T14:50:57.957+0200] {example_kubernetes_executor.py:39} WARNING - The example_kubernetes_executor example DAG requires the kubernetes provider. Please install it with: pip install apache-airflow[cncf.kubernetes]
[2025-03-12T14:50:57.957+0200] {processor.py:927} WARNING - No viable dags retrieved from /home/munyah/.local/lib/python3.10/site-packages/airflow/example_dags/example_kubernetes_executor.py
[2025-03-12T14:50:57.970+0200] {processor.py:208} INFO - Processing /home/munyah/.local/lib/python3.10/site-packages/airflow/example_dags/example_kubernetes_executor.py took 0.030 seconds
[2025-03-12T14:52:07.371+0200] {processor.py:186} INFO - Started process (PID=143244) to work on /home/munyah/.local/lib/python3.10/site-packages/airflow/example_dags/example_kubernetes_executor.py
[2025-03-12T14:52:07.379+0200] {processor.py:914} INFO - Processing file /home/munyah/.local/lib/python3.10/site-packages/airflow/example_dags/example_kubernetes_executor.py for tasks to queue
[2025-03-12T14:52:07.385+0200] {logging_mixin.py:190} INFO - [2025-03-12T14:52:07.384+0200] {dagbag.py:588} INFO - Filling up the DagBag from /home/munyah/.local/lib/python3.10/site-packages/airflow/example_dags/example_kubernetes_executor.py
[2025-03-12T14:52:07.579+0200] {logging_mixin.py:190} INFO - [2025-03-12T14:52:07.578+0200] {example_kubernetes_executor.py:39} WARNING - The example_kubernetes_executor example DAG requires the kubernetes provider. Please install it with: pip install apache-airflow[cncf.kubernetes]
[2025-03-12T14:52:07.581+0200] {processor.py:927} WARNING - No viable dags retrieved from /home/munyah/.local/lib/python3.10/site-packages/airflow/example_dags/example_kubernetes_executor.py
[2025-03-12T14:52:07.752+0200] {processor.py:208} INFO - Processing /home/munyah/.local/lib/python3.10/site-packages/airflow/example_dags/example_kubernetes_executor.py took 0.400 seconds
[2025-03-12T14:53:18.648+0200] {processor.py:186} INFO - Started process (PID=143493) to work on /home/munyah/.local/lib/python3.10/site-packages/airflow/example_dags/example_kubernetes_executor.py
[2025-03-12T14:53:18.651+0200] {processor.py:914} INFO - Processing file /home/munyah/.local/lib/python3.10/site-packages/airflow/example_dags/example_kubernetes_executor.py for tasks to queue
[2025-03-12T14:53:18.655+0200] {logging_mixin.py:190} INFO - [2025-03-12T14:53:18.654+0200] {dagbag.py:588} INFO - Filling up the DagBag from /home/munyah/.local/lib/python3.10/site-packages/airflow/example_dags/example_kubernetes_executor.py
[2025-03-12T14:53:18.667+0200] {logging_mixin.py:190} INFO - [2025-03-12T14:53:18.666+0200] {example_kubernetes_executor.py:39} WARNING - The example_kubernetes_executor example DAG requires the kubernetes provider. Please install it with: pip install apache-airflow[cncf.kubernetes]
[2025-03-12T14:53:18.667+0200] {processor.py:927} WARNING - No viable dags retrieved from /home/munyah/.local/lib/python3.10/site-packages/airflow/example_dags/example_kubernetes_executor.py
[2025-03-12T14:53:18.683+0200] {processor.py:208} INFO - Processing /home/munyah/.local/lib/python3.10/site-packages/airflow/example_dags/example_kubernetes_executor.py took 0.057 seconds
