[2025-03-12T08:20:45.619+0200] {processor.py:186} INFO - Started process (PID=133591) to work on /home/munyah/.local/lib/python3.10/site-packages/airflow/example_dags/example_branch_operator_decorator.py
[2025-03-12T08:20:45.622+0200] {processor.py:914} INFO - Processing file /home/munyah/.local/lib/python3.10/site-packages/airflow/example_dags/example_branch_operator_decorator.py for tasks to queue
[2025-03-12T08:20:45.630+0200] {logging_mixin.py:190} INFO - [2025-03-12T08:20:45.629+0200] {dagbag.py:588} INFO - Filling up the DagBag from /home/munyah/.local/lib/python3.10/site-packages/airflow/example_dags/example_branch_operator_decorator.py
[2025-03-12T08:20:45.640+0200] {processor.py:927} WARNING - No viable dags retrieved from /home/munyah/.local/lib/python3.10/site-packages/airflow/example_dags/example_branch_operator_decorator.py
[2025-03-12T08:20:45.660+0200] {processor.py:208} INFO - Processing /home/munyah/.local/lib/python3.10/site-packages/airflow/example_dags/example_branch_operator_decorator.py took 0.065 seconds
[2025-03-12T14:17:56.652+0200] {processor.py:186} INFO - Started process (PID=134606) to work on /home/munyah/.local/lib/python3.10/site-packages/airflow/example_dags/example_branch_operator_decorator.py
[2025-03-12T14:17:56.654+0200] {processor.py:914} INFO - Processing file /home/munyah/.local/lib/python3.10/site-packages/airflow/example_dags/example_branch_operator_decorator.py for tasks to queue
[2025-03-12T14:17:56.657+0200] {logging_mixin.py:190} INFO - [2025-03-12T14:17:56.657+0200] {dagbag.py:588} INFO - Filling up the DagBag from /home/munyah/.local/lib/python3.10/site-packages/airflow/example_dags/example_branch_operator_decorator.py
[2025-03-12T14:17:56.662+0200] {processor.py:927} WARNING - No viable dags retrieved from /home/munyah/.local/lib/python3.10/site-packages/airflow/example_dags/example_branch_operator_decorator.py
[2025-03-12T14:17:56.674+0200] {processor.py:208} INFO - Processing /home/munyah/.local/lib/python3.10/site-packages/airflow/example_dags/example_branch_operator_decorator.py took 0.033 seconds
[2025-03-12T14:18:56.822+0200] {processor.py:186} INFO - Started process (PID=134873) to work on /home/munyah/.local/lib/python3.10/site-packages/airflow/example_dags/example_branch_operator_decorator.py
[2025-03-12T14:18:56.824+0200] {processor.py:914} INFO - Processing file /home/munyah/.local/lib/python3.10/site-packages/airflow/example_dags/example_branch_operator_decorator.py for tasks to queue
[2025-03-12T14:18:56.826+0200] {logging_mixin.py:190} INFO - [2025-03-12T14:18:56.826+0200] {dagbag.py:588} INFO - Filling up the DagBag from /home/munyah/.local/lib/python3.10/site-packages/airflow/example_dags/example_branch_operator_decorator.py
[2025-03-12T14:18:56.830+0200] {processor.py:927} WARNING - No viable dags retrieved from /home/munyah/.local/lib/python3.10/site-packages/airflow/example_dags/example_branch_operator_decorator.py
[2025-03-12T14:18:56.842+0200] {processor.py:208} INFO - Processing /home/munyah/.local/lib/python3.10/site-packages/airflow/example_dags/example_branch_operator_decorator.py took 0.027 seconds
[2025-03-12T14:19:53.995+0200] {processor.py:186} INFO - Started process (PID=135032) to work on /home/munyah/.local/lib/python3.10/site-packages/airflow/example_dags/example_branch_operator_decorator.py
[2025-03-12T14:19:53.996+0200] {processor.py:914} INFO - Processing file /home/munyah/.local/lib/python3.10/site-packages/airflow/example_dags/example_branch_operator_decorator.py for tasks to queue
[2025-03-12T14:19:53.999+0200] {logging_mixin.py:190} INFO - [2025-03-12T14:19:53.999+0200] {dagbag.py:588} INFO - Filling up the DagBag from /home/munyah/.local/lib/python3.10/site-packages/airflow/example_dags/example_branch_operator_decorator.py
[2025-03-12T14:19:54.003+0200] {processor.py:927} WARNING - No viable dags retrieved from /home/munyah/.local/lib/python3.10/site-packages/airflow/example_dags/example_branch_operator_decorator.py
[2025-03-12T14:19:54.016+0200] {processor.py:208} INFO - Processing /home/munyah/.local/lib/python3.10/site-packages/airflow/example_dags/example_branch_operator_decorator.py took 0.031 seconds
[2025-03-12T14:20:51.764+0200] {processor.py:186} INFO - Started process (PID=135211) to work on /home/munyah/.local/lib/python3.10/site-packages/airflow/example_dags/example_branch_operator_decorator.py
[2025-03-12T14:20:51.765+0200] {processor.py:914} INFO - Processing file /home/munyah/.local/lib/python3.10/site-packages/airflow/example_dags/example_branch_operator_decorator.py for tasks to queue
[2025-03-12T14:20:51.768+0200] {logging_mixin.py:190} INFO - [2025-03-12T14:20:51.767+0200] {dagbag.py:588} INFO - Filling up the DagBag from /home/munyah/.local/lib/python3.10/site-packages/airflow/example_dags/example_branch_operator_decorator.py
[2025-03-12T14:20:51.771+0200] {processor.py:927} WARNING - No viable dags retrieved from /home/munyah/.local/lib/python3.10/site-packages/airflow/example_dags/example_branch_operator_decorator.py
[2025-03-12T14:20:51.784+0200] {processor.py:208} INFO - Processing /home/munyah/.local/lib/python3.10/site-packages/airflow/example_dags/example_branch_operator_decorator.py took 0.027 seconds
[2025-03-12T14:21:50.534+0200] {processor.py:186} INFO - Started process (PID=135419) to work on /home/munyah/.local/lib/python3.10/site-packages/airflow/example_dags/example_branch_operator_decorator.py
[2025-03-12T14:21:50.535+0200] {processor.py:914} INFO - Processing file /home/munyah/.local/lib/python3.10/site-packages/airflow/example_dags/example_branch_operator_decorator.py for tasks to queue
[2025-03-12T14:21:50.537+0200] {logging_mixin.py:190} INFO - [2025-03-12T14:21:50.537+0200] {dagbag.py:588} INFO - Filling up the DagBag from /home/munyah/.local/lib/python3.10/site-packages/airflow/example_dags/example_branch_operator_decorator.py
[2025-03-12T14:21:50.541+0200] {processor.py:927} WARNING - No viable dags retrieved from /home/munyah/.local/lib/python3.10/site-packages/airflow/example_dags/example_branch_operator_decorator.py
[2025-03-12T14:21:50.554+0200] {processor.py:208} INFO - Processing /home/munyah/.local/lib/python3.10/site-packages/airflow/example_dags/example_branch_operator_decorator.py took 0.028 seconds
[2025-03-12T14:22:48.092+0200] {processor.py:186} INFO - Started process (PID=136351) to work on /home/munyah/.local/lib/python3.10/site-packages/airflow/example_dags/example_branch_operator_decorator.py
[2025-03-12T14:22:48.094+0200] {processor.py:914} INFO - Processing file /home/munyah/.local/lib/python3.10/site-packages/airflow/example_dags/example_branch_operator_decorator.py for tasks to queue
[2025-03-12T14:22:48.099+0200] {logging_mixin.py:190} INFO - [2025-03-12T14:22:48.099+0200] {dagbag.py:588} INFO - Filling up the DagBag from /home/munyah/.local/lib/python3.10/site-packages/airflow/example_dags/example_branch_operator_decorator.py
[2025-03-12T14:22:48.105+0200] {processor.py:927} WARNING - No viable dags retrieved from /home/munyah/.local/lib/python3.10/site-packages/airflow/example_dags/example_branch_operator_decorator.py
[2025-03-12T14:22:48.126+0200] {processor.py:208} INFO - Processing /home/munyah/.local/lib/python3.10/site-packages/airflow/example_dags/example_branch_operator_decorator.py took 0.047 seconds
[2025-03-12T14:24:02.873+0200] {processor.py:186} INFO - Started process (PID=136605) to work on /home/munyah/.local/lib/python3.10/site-packages/airflow/example_dags/example_branch_operator_decorator.py
[2025-03-12T14:24:02.875+0200] {processor.py:914} INFO - Processing file /home/munyah/.local/lib/python3.10/site-packages/airflow/example_dags/example_branch_operator_decorator.py for tasks to queue
[2025-03-12T14:24:02.877+0200] {logging_mixin.py:190} INFO - [2025-03-12T14:24:02.877+0200] {dagbag.py:588} INFO - Filling up the DagBag from /home/munyah/.local/lib/python3.10/site-packages/airflow/example_dags/example_branch_operator_decorator.py
[2025-03-12T14:24:02.881+0200] {processor.py:927} WARNING - No viable dags retrieved from /home/munyah/.local/lib/python3.10/site-packages/airflow/example_dags/example_branch_operator_decorator.py
[2025-03-12T14:24:02.894+0200] {processor.py:208} INFO - Processing /home/munyah/.local/lib/python3.10/site-packages/airflow/example_dags/example_branch_operator_decorator.py took 0.034 seconds
[2025-03-12T14:25:01.519+0200] {processor.py:186} INFO - Started process (PID=136819) to work on /home/munyah/.local/lib/python3.10/site-packages/airflow/example_dags/example_branch_operator_decorator.py
[2025-03-12T14:25:01.520+0200] {processor.py:914} INFO - Processing file /home/munyah/.local/lib/python3.10/site-packages/airflow/example_dags/example_branch_operator_decorator.py for tasks to queue
[2025-03-12T14:25:01.522+0200] {logging_mixin.py:190} INFO - [2025-03-12T14:25:01.522+0200] {dagbag.py:588} INFO - Filling up the DagBag from /home/munyah/.local/lib/python3.10/site-packages/airflow/example_dags/example_branch_operator_decorator.py
[2025-03-12T14:25:01.526+0200] {processor.py:927} WARNING - No viable dags retrieved from /home/munyah/.local/lib/python3.10/site-packages/airflow/example_dags/example_branch_operator_decorator.py
[2025-03-12T14:25:01.539+0200] {processor.py:208} INFO - Processing /home/munyah/.local/lib/python3.10/site-packages/airflow/example_dags/example_branch_operator_decorator.py took 0.028 seconds
[2025-03-12T14:25:58.430+0200] {processor.py:186} INFO - Started process (PID=137029) to work on /home/munyah/.local/lib/python3.10/site-packages/airflow/example_dags/example_branch_operator_decorator.py
[2025-03-12T14:25:58.431+0200] {processor.py:914} INFO - Processing file /home/munyah/.local/lib/python3.10/site-packages/airflow/example_dags/example_branch_operator_decorator.py for tasks to queue
[2025-03-12T14:25:58.434+0200] {logging_mixin.py:190} INFO - [2025-03-12T14:25:58.433+0200] {dagbag.py:588} INFO - Filling up the DagBag from /home/munyah/.local/lib/python3.10/site-packages/airflow/example_dags/example_branch_operator_decorator.py
[2025-03-12T14:25:58.437+0200] {processor.py:927} WARNING - No viable dags retrieved from /home/munyah/.local/lib/python3.10/site-packages/airflow/example_dags/example_branch_operator_decorator.py
[2025-03-12T14:25:58.449+0200] {processor.py:208} INFO - Processing /home/munyah/.local/lib/python3.10/site-packages/airflow/example_dags/example_branch_operator_decorator.py took 0.029 seconds
[2025-03-12T14:26:59.095+0200] {processor.py:186} INFO - Started process (PID=137219) to work on /home/munyah/.local/lib/python3.10/site-packages/airflow/example_dags/example_branch_operator_decorator.py
[2025-03-12T14:26:59.099+0200] {processor.py:914} INFO - Processing file /home/munyah/.local/lib/python3.10/site-packages/airflow/example_dags/example_branch_operator_decorator.py for tasks to queue
[2025-03-12T14:26:59.101+0200] {logging_mixin.py:190} INFO - [2025-03-12T14:26:59.101+0200] {dagbag.py:588} INFO - Filling up the DagBag from /home/munyah/.local/lib/python3.10/site-packages/airflow/example_dags/example_branch_operator_decorator.py
[2025-03-12T14:26:59.105+0200] {processor.py:927} WARNING - No viable dags retrieved from /home/munyah/.local/lib/python3.10/site-packages/airflow/example_dags/example_branch_operator_decorator.py
[2025-03-12T14:26:59.118+0200] {processor.py:208} INFO - Processing /home/munyah/.local/lib/python3.10/site-packages/airflow/example_dags/example_branch_operator_decorator.py took 0.031 seconds
[2025-03-12T14:28:03.665+0200] {processor.py:186} INFO - Started process (PID=137418) to work on /home/munyah/.local/lib/python3.10/site-packages/airflow/example_dags/example_branch_operator_decorator.py
[2025-03-12T14:28:03.666+0200] {processor.py:914} INFO - Processing file /home/munyah/.local/lib/python3.10/site-packages/airflow/example_dags/example_branch_operator_decorator.py for tasks to queue
[2025-03-12T14:28:03.669+0200] {logging_mixin.py:190} INFO - [2025-03-12T14:28:03.669+0200] {dagbag.py:588} INFO - Filling up the DagBag from /home/munyah/.local/lib/python3.10/site-packages/airflow/example_dags/example_branch_operator_decorator.py
[2025-03-12T14:28:03.673+0200] {processor.py:927} WARNING - No viable dags retrieved from /home/munyah/.local/lib/python3.10/site-packages/airflow/example_dags/example_branch_operator_decorator.py
[2025-03-12T14:28:03.687+0200] {processor.py:208} INFO - Processing /home/munyah/.local/lib/python3.10/site-packages/airflow/example_dags/example_branch_operator_decorator.py took 0.031 seconds
[2025-03-12T14:29:03.576+0200] {processor.py:186} INFO - Started process (PID=137681) to work on /home/munyah/.local/lib/python3.10/site-packages/airflow/example_dags/example_branch_operator_decorator.py
[2025-03-12T14:29:03.577+0200] {processor.py:914} INFO - Processing file /home/munyah/.local/lib/python3.10/site-packages/airflow/example_dags/example_branch_operator_decorator.py for tasks to queue
[2025-03-12T14:29:03.581+0200] {logging_mixin.py:190} INFO - [2025-03-12T14:29:03.580+0200] {dagbag.py:588} INFO - Filling up the DagBag from /home/munyah/.local/lib/python3.10/site-packages/airflow/example_dags/example_branch_operator_decorator.py
[2025-03-12T14:29:03.586+0200] {processor.py:927} WARNING - No viable dags retrieved from /home/munyah/.local/lib/python3.10/site-packages/airflow/example_dags/example_branch_operator_decorator.py
[2025-03-12T14:29:03.601+0200] {processor.py:208} INFO - Processing /home/munyah/.local/lib/python3.10/site-packages/airflow/example_dags/example_branch_operator_decorator.py took 0.035 seconds
[2025-03-12T14:30:02.328+0200] {processor.py:186} INFO - Started process (PID=138611) to work on /home/munyah/.local/lib/python3.10/site-packages/airflow/example_dags/example_branch_operator_decorator.py
[2025-03-12T14:30:02.330+0200] {processor.py:914} INFO - Processing file /home/munyah/.local/lib/python3.10/site-packages/airflow/example_dags/example_branch_operator_decorator.py for tasks to queue
[2025-03-12T14:30:02.332+0200] {logging_mixin.py:190} INFO - [2025-03-12T14:30:02.332+0200] {dagbag.py:588} INFO - Filling up the DagBag from /home/munyah/.local/lib/python3.10/site-packages/airflow/example_dags/example_branch_operator_decorator.py
[2025-03-12T14:30:02.336+0200] {processor.py:927} WARNING - No viable dags retrieved from /home/munyah/.local/lib/python3.10/site-packages/airflow/example_dags/example_branch_operator_decorator.py
[2025-03-12T14:30:02.348+0200] {processor.py:208} INFO - Processing /home/munyah/.local/lib/python3.10/site-packages/airflow/example_dags/example_branch_operator_decorator.py took 0.028 seconds
[2025-03-12T14:31:06.166+0200] {processor.py:186} INFO - Started process (PID=138861) to work on /home/munyah/.local/lib/python3.10/site-packages/airflow/example_dags/example_branch_operator_decorator.py
[2025-03-12T14:31:06.167+0200] {processor.py:914} INFO - Processing file /home/munyah/.local/lib/python3.10/site-packages/airflow/example_dags/example_branch_operator_decorator.py for tasks to queue
[2025-03-12T14:31:06.170+0200] {logging_mixin.py:190} INFO - [2025-03-12T14:31:06.169+0200] {dagbag.py:588} INFO - Filling up the DagBag from /home/munyah/.local/lib/python3.10/site-packages/airflow/example_dags/example_branch_operator_decorator.py
[2025-03-12T14:31:06.174+0200] {processor.py:927} WARNING - No viable dags retrieved from /home/munyah/.local/lib/python3.10/site-packages/airflow/example_dags/example_branch_operator_decorator.py
[2025-03-12T14:31:06.188+0200] {processor.py:208} INFO - Processing /home/munyah/.local/lib/python3.10/site-packages/airflow/example_dags/example_branch_operator_decorator.py took 0.031 seconds
[2025-03-12T14:32:10.166+0200] {processor.py:186} INFO - Started process (PID=139061) to work on /home/munyah/.local/lib/python3.10/site-packages/airflow/example_dags/example_branch_operator_decorator.py
[2025-03-12T14:32:10.168+0200] {processor.py:914} INFO - Processing file /home/munyah/.local/lib/python3.10/site-packages/airflow/example_dags/example_branch_operator_decorator.py for tasks to queue
[2025-03-12T14:32:10.170+0200] {logging_mixin.py:190} INFO - [2025-03-12T14:32:10.170+0200] {dagbag.py:588} INFO - Filling up the DagBag from /home/munyah/.local/lib/python3.10/site-packages/airflow/example_dags/example_branch_operator_decorator.py
[2025-03-12T14:32:10.174+0200] {processor.py:927} WARNING - No viable dags retrieved from /home/munyah/.local/lib/python3.10/site-packages/airflow/example_dags/example_branch_operator_decorator.py
[2025-03-12T14:32:10.186+0200] {processor.py:208} INFO - Processing /home/munyah/.local/lib/python3.10/site-packages/airflow/example_dags/example_branch_operator_decorator.py took 0.027 seconds
[2025-03-12T14:33:12.522+0200] {processor.py:186} INFO - Started process (PID=139768) to work on /home/munyah/.local/lib/python3.10/site-packages/airflow/example_dags/example_branch_operator_decorator.py
[2025-03-12T14:33:12.523+0200] {processor.py:914} INFO - Processing file /home/munyah/.local/lib/python3.10/site-packages/airflow/example_dags/example_branch_operator_decorator.py for tasks to queue
[2025-03-12T14:33:12.526+0200] {logging_mixin.py:190} INFO - [2025-03-12T14:33:12.525+0200] {dagbag.py:588} INFO - Filling up the DagBag from /home/munyah/.local/lib/python3.10/site-packages/airflow/example_dags/example_branch_operator_decorator.py
[2025-03-12T14:33:12.529+0200] {processor.py:927} WARNING - No viable dags retrieved from /home/munyah/.local/lib/python3.10/site-packages/airflow/example_dags/example_branch_operator_decorator.py
[2025-03-12T14:33:12.541+0200] {processor.py:208} INFO - Processing /home/munyah/.local/lib/python3.10/site-packages/airflow/example_dags/example_branch_operator_decorator.py took 0.027 seconds
[2025-03-12T14:34:17.219+0200] {processor.py:186} INFO - Started process (PID=140045) to work on /home/munyah/.local/lib/python3.10/site-packages/airflow/example_dags/example_branch_operator_decorator.py
[2025-03-12T14:34:17.220+0200] {processor.py:914} INFO - Processing file /home/munyah/.local/lib/python3.10/site-packages/airflow/example_dags/example_branch_operator_decorator.py for tasks to queue
[2025-03-12T14:34:17.223+0200] {logging_mixin.py:190} INFO - [2025-03-12T14:34:17.223+0200] {dagbag.py:588} INFO - Filling up the DagBag from /home/munyah/.local/lib/python3.10/site-packages/airflow/example_dags/example_branch_operator_decorator.py
[2025-03-12T14:34:17.228+0200] {processor.py:927} WARNING - No viable dags retrieved from /home/munyah/.local/lib/python3.10/site-packages/airflow/example_dags/example_branch_operator_decorator.py
[2025-03-12T14:34:17.240+0200] {processor.py:208} INFO - Processing /home/munyah/.local/lib/python3.10/site-packages/airflow/example_dags/example_branch_operator_decorator.py took 0.029 seconds
[2025-03-12T14:35:21.782+0200] {processor.py:186} INFO - Started process (PID=140224) to work on /home/munyah/.local/lib/python3.10/site-packages/airflow/example_dags/example_branch_operator_decorator.py
[2025-03-12T14:35:21.784+0200] {processor.py:914} INFO - Processing file /home/munyah/.local/lib/python3.10/site-packages/airflow/example_dags/example_branch_operator_decorator.py for tasks to queue
[2025-03-12T14:35:21.788+0200] {logging_mixin.py:190} INFO - [2025-03-12T14:35:21.787+0200] {dagbag.py:588} INFO - Filling up the DagBag from /home/munyah/.local/lib/python3.10/site-packages/airflow/example_dags/example_branch_operator_decorator.py
[2025-03-12T14:35:21.793+0200] {processor.py:927} WARNING - No viable dags retrieved from /home/munyah/.local/lib/python3.10/site-packages/airflow/example_dags/example_branch_operator_decorator.py
[2025-03-12T14:35:21.807+0200] {processor.py:208} INFO - Processing /home/munyah/.local/lib/python3.10/site-packages/airflow/example_dags/example_branch_operator_decorator.py took 0.037 seconds
[2025-03-12T14:36:27.164+0200] {processor.py:186} INFO - Started process (PID=140473) to work on /home/munyah/.local/lib/python3.10/site-packages/airflow/example_dags/example_branch_operator_decorator.py
[2025-03-12T14:36:27.168+0200] {processor.py:914} INFO - Processing file /home/munyah/.local/lib/python3.10/site-packages/airflow/example_dags/example_branch_operator_decorator.py for tasks to queue
[2025-03-12T14:36:27.174+0200] {logging_mixin.py:190} INFO - [2025-03-12T14:36:27.173+0200] {dagbag.py:588} INFO - Filling up the DagBag from /home/munyah/.local/lib/python3.10/site-packages/airflow/example_dags/example_branch_operator_decorator.py
[2025-03-12T14:36:27.184+0200] {processor.py:927} WARNING - No viable dags retrieved from /home/munyah/.local/lib/python3.10/site-packages/airflow/example_dags/example_branch_operator_decorator.py
[2025-03-12T14:36:27.200+0200] {processor.py:208} INFO - Processing /home/munyah/.local/lib/python3.10/site-packages/airflow/example_dags/example_branch_operator_decorator.py took 0.071 seconds
[2025-03-12T14:37:31.847+0200] {processor.py:186} INFO - Started process (PID=140606) to work on /home/munyah/.local/lib/python3.10/site-packages/airflow/example_dags/example_branch_operator_decorator.py
[2025-03-12T14:37:31.848+0200] {processor.py:914} INFO - Processing file /home/munyah/.local/lib/python3.10/site-packages/airflow/example_dags/example_branch_operator_decorator.py for tasks to queue
[2025-03-12T14:37:31.851+0200] {logging_mixin.py:190} INFO - [2025-03-12T14:37:31.850+0200] {dagbag.py:588} INFO - Filling up the DagBag from /home/munyah/.local/lib/python3.10/site-packages/airflow/example_dags/example_branch_operator_decorator.py
[2025-03-12T14:37:31.854+0200] {processor.py:927} WARNING - No viable dags retrieved from /home/munyah/.local/lib/python3.10/site-packages/airflow/example_dags/example_branch_operator_decorator.py
[2025-03-12T14:37:31.866+0200] {processor.py:208} INFO - Processing /home/munyah/.local/lib/python3.10/site-packages/airflow/example_dags/example_branch_operator_decorator.py took 0.027 seconds
[2025-03-12T14:38:34.298+0200] {processor.py:186} INFO - Started process (PID=140690) to work on /home/munyah/.local/lib/python3.10/site-packages/airflow/example_dags/example_branch_operator_decorator.py
[2025-03-12T14:38:34.299+0200] {processor.py:914} INFO - Processing file /home/munyah/.local/lib/python3.10/site-packages/airflow/example_dags/example_branch_operator_decorator.py for tasks to queue
[2025-03-12T14:38:34.302+0200] {logging_mixin.py:190} INFO - [2025-03-12T14:38:34.301+0200] {dagbag.py:588} INFO - Filling up the DagBag from /home/munyah/.local/lib/python3.10/site-packages/airflow/example_dags/example_branch_operator_decorator.py
[2025-03-12T14:38:34.305+0200] {processor.py:927} WARNING - No viable dags retrieved from /home/munyah/.local/lib/python3.10/site-packages/airflow/example_dags/example_branch_operator_decorator.py
[2025-03-12T14:38:34.318+0200] {processor.py:208} INFO - Processing /home/munyah/.local/lib/python3.10/site-packages/airflow/example_dags/example_branch_operator_decorator.py took 0.030 seconds
[2025-03-12T14:39:41.343+0200] {processor.py:186} INFO - Started process (PID=140802) to work on /home/munyah/.local/lib/python3.10/site-packages/airflow/example_dags/example_branch_operator_decorator.py
[2025-03-12T14:39:41.344+0200] {processor.py:914} INFO - Processing file /home/munyah/.local/lib/python3.10/site-packages/airflow/example_dags/example_branch_operator_decorator.py for tasks to queue
[2025-03-12T14:39:41.347+0200] {logging_mixin.py:190} INFO - [2025-03-12T14:39:41.347+0200] {dagbag.py:588} INFO - Filling up the DagBag from /home/munyah/.local/lib/python3.10/site-packages/airflow/example_dags/example_branch_operator_decorator.py
[2025-03-12T14:39:41.351+0200] {processor.py:927} WARNING - No viable dags retrieved from /home/munyah/.local/lib/python3.10/site-packages/airflow/example_dags/example_branch_operator_decorator.py
[2025-03-12T14:39:41.363+0200] {processor.py:208} INFO - Processing /home/munyah/.local/lib/python3.10/site-packages/airflow/example_dags/example_branch_operator_decorator.py took 0.029 seconds
[2025-03-12T14:40:45.367+0200] {processor.py:186} INFO - Started process (PID=140912) to work on /home/munyah/.local/lib/python3.10/site-packages/airflow/example_dags/example_branch_operator_decorator.py
[2025-03-12T14:40:45.391+0200] {processor.py:914} INFO - Processing file /home/munyah/.local/lib/python3.10/site-packages/airflow/example_dags/example_branch_operator_decorator.py for tasks to queue
[2025-03-12T14:40:45.394+0200] {logging_mixin.py:190} INFO - [2025-03-12T14:40:45.394+0200] {dagbag.py:588} INFO - Filling up the DagBag from /home/munyah/.local/lib/python3.10/site-packages/airflow/example_dags/example_branch_operator_decorator.py
[2025-03-12T14:40:45.399+0200] {processor.py:927} WARNING - No viable dags retrieved from /home/munyah/.local/lib/python3.10/site-packages/airflow/example_dags/example_branch_operator_decorator.py
[2025-03-12T14:40:45.411+0200] {processor.py:208} INFO - Processing /home/munyah/.local/lib/python3.10/site-packages/airflow/example_dags/example_branch_operator_decorator.py took 0.053 seconds
[2025-03-12T14:41:49.085+0200] {processor.py:186} INFO - Started process (PID=141240) to work on /home/munyah/.local/lib/python3.10/site-packages/airflow/example_dags/example_branch_operator_decorator.py
[2025-03-12T14:41:49.087+0200] {processor.py:914} INFO - Processing file /home/munyah/.local/lib/python3.10/site-packages/airflow/example_dags/example_branch_operator_decorator.py for tasks to queue
[2025-03-12T14:41:49.089+0200] {logging_mixin.py:190} INFO - [2025-03-12T14:41:49.089+0200] {dagbag.py:588} INFO - Filling up the DagBag from /home/munyah/.local/lib/python3.10/site-packages/airflow/example_dags/example_branch_operator_decorator.py
[2025-03-12T14:41:49.093+0200] {processor.py:927} WARNING - No viable dags retrieved from /home/munyah/.local/lib/python3.10/site-packages/airflow/example_dags/example_branch_operator_decorator.py
[2025-03-12T14:41:49.106+0200] {processor.py:208} INFO - Processing /home/munyah/.local/lib/python3.10/site-packages/airflow/example_dags/example_branch_operator_decorator.py took 0.029 seconds
[2025-03-12T14:42:49.494+0200] {processor.py:186} INFO - Started process (PID=141438) to work on /home/munyah/.local/lib/python3.10/site-packages/airflow/example_dags/example_branch_operator_decorator.py
[2025-03-12T14:42:49.495+0200] {processor.py:914} INFO - Processing file /home/munyah/.local/lib/python3.10/site-packages/airflow/example_dags/example_branch_operator_decorator.py for tasks to queue
[2025-03-12T14:42:49.499+0200] {logging_mixin.py:190} INFO - [2025-03-12T14:42:49.498+0200] {dagbag.py:588} INFO - Filling up the DagBag from /home/munyah/.local/lib/python3.10/site-packages/airflow/example_dags/example_branch_operator_decorator.py
[2025-03-12T14:42:49.502+0200] {processor.py:927} WARNING - No viable dags retrieved from /home/munyah/.local/lib/python3.10/site-packages/airflow/example_dags/example_branch_operator_decorator.py
[2025-03-12T14:42:49.514+0200] {processor.py:208} INFO - Processing /home/munyah/.local/lib/python3.10/site-packages/airflow/example_dags/example_branch_operator_decorator.py took 0.031 seconds
[2025-03-12T14:43:48.872+0200] {processor.py:186} INFO - Started process (PID=141602) to work on /home/munyah/.local/lib/python3.10/site-packages/airflow/example_dags/example_branch_operator_decorator.py
[2025-03-12T14:43:48.873+0200] {processor.py:914} INFO - Processing file /home/munyah/.local/lib/python3.10/site-packages/airflow/example_dags/example_branch_operator_decorator.py for tasks to queue
[2025-03-12T14:43:48.876+0200] {logging_mixin.py:190} INFO - [2025-03-12T14:43:48.875+0200] {dagbag.py:588} INFO - Filling up the DagBag from /home/munyah/.local/lib/python3.10/site-packages/airflow/example_dags/example_branch_operator_decorator.py
[2025-03-12T14:43:48.879+0200] {processor.py:927} WARNING - No viable dags retrieved from /home/munyah/.local/lib/python3.10/site-packages/airflow/example_dags/example_branch_operator_decorator.py
[2025-03-12T14:43:48.892+0200] {processor.py:208} INFO - Processing /home/munyah/.local/lib/python3.10/site-packages/airflow/example_dags/example_branch_operator_decorator.py took 0.027 seconds
[2025-03-12T14:44:49.112+0200] {processor.py:186} INFO - Started process (PID=141795) to work on /home/munyah/.local/lib/python3.10/site-packages/airflow/example_dags/example_branch_operator_decorator.py
[2025-03-12T14:44:49.114+0200] {processor.py:914} INFO - Processing file /home/munyah/.local/lib/python3.10/site-packages/airflow/example_dags/example_branch_operator_decorator.py for tasks to queue
[2025-03-12T14:44:49.117+0200] {logging_mixin.py:190} INFO - [2025-03-12T14:44:49.117+0200] {dagbag.py:588} INFO - Filling up the DagBag from /home/munyah/.local/lib/python3.10/site-packages/airflow/example_dags/example_branch_operator_decorator.py
[2025-03-12T14:44:49.124+0200] {processor.py:927} WARNING - No viable dags retrieved from /home/munyah/.local/lib/python3.10/site-packages/airflow/example_dags/example_branch_operator_decorator.py
[2025-03-12T14:44:49.137+0200] {processor.py:208} INFO - Processing /home/munyah/.local/lib/python3.10/site-packages/airflow/example_dags/example_branch_operator_decorator.py took 0.032 seconds
[2025-03-12T14:45:48.548+0200] {processor.py:186} INFO - Started process (PID=141958) to work on /home/munyah/.local/lib/python3.10/site-packages/airflow/example_dags/example_branch_operator_decorator.py
[2025-03-12T14:45:48.549+0200] {processor.py:914} INFO - Processing file /home/munyah/.local/lib/python3.10/site-packages/airflow/example_dags/example_branch_operator_decorator.py for tasks to queue
[2025-03-12T14:45:48.552+0200] {logging_mixin.py:190} INFO - [2025-03-12T14:45:48.552+0200] {dagbag.py:588} INFO - Filling up the DagBag from /home/munyah/.local/lib/python3.10/site-packages/airflow/example_dags/example_branch_operator_decorator.py
[2025-03-12T14:45:48.556+0200] {processor.py:927} WARNING - No viable dags retrieved from /home/munyah/.local/lib/python3.10/site-packages/airflow/example_dags/example_branch_operator_decorator.py
[2025-03-12T14:45:48.568+0200] {processor.py:208} INFO - Processing /home/munyah/.local/lib/python3.10/site-packages/airflow/example_dags/example_branch_operator_decorator.py took 0.028 seconds
[2025-03-12T14:46:49.606+0200] {processor.py:186} INFO - Started process (PID=142200) to work on /home/munyah/.local/lib/python3.10/site-packages/airflow/example_dags/example_branch_operator_decorator.py
[2025-03-12T14:46:49.608+0200] {processor.py:914} INFO - Processing file /home/munyah/.local/lib/python3.10/site-packages/airflow/example_dags/example_branch_operator_decorator.py for tasks to queue
[2025-03-12T14:46:49.612+0200] {logging_mixin.py:190} INFO - [2025-03-12T14:46:49.612+0200] {dagbag.py:588} INFO - Filling up the DagBag from /home/munyah/.local/lib/python3.10/site-packages/airflow/example_dags/example_branch_operator_decorator.py
[2025-03-12T14:46:49.618+0200] {processor.py:927} WARNING - No viable dags retrieved from /home/munyah/.local/lib/python3.10/site-packages/airflow/example_dags/example_branch_operator_decorator.py
[2025-03-12T14:46:49.634+0200] {processor.py:208} INFO - Processing /home/munyah/.local/lib/python3.10/site-packages/airflow/example_dags/example_branch_operator_decorator.py took 0.040 seconds
[2025-03-12T14:49:54.510+0200] {processor.py:186} INFO - Started process (PID=142830) to work on /home/munyah/.local/lib/python3.10/site-packages/airflow/example_dags/example_branch_operator_decorator.py
[2025-03-12T14:49:54.511+0200] {processor.py:914} INFO - Processing file /home/munyah/.local/lib/python3.10/site-packages/airflow/example_dags/example_branch_operator_decorator.py for tasks to queue
[2025-03-12T14:49:54.514+0200] {logging_mixin.py:190} INFO - [2025-03-12T14:49:54.513+0200] {dagbag.py:588} INFO - Filling up the DagBag from /home/munyah/.local/lib/python3.10/site-packages/airflow/example_dags/example_branch_operator_decorator.py
[2025-03-12T14:49:54.532+0200] {processor.py:927} WARNING - No viable dags retrieved from /home/munyah/.local/lib/python3.10/site-packages/airflow/example_dags/example_branch_operator_decorator.py
[2025-03-12T14:49:54.546+0200] {processor.py:208} INFO - Processing /home/munyah/.local/lib/python3.10/site-packages/airflow/example_dags/example_branch_operator_decorator.py took 0.044 seconds
[2025-03-12T14:51:08.329+0200] {processor.py:186} INFO - Started process (PID=143082) to work on /home/munyah/.local/lib/python3.10/site-packages/airflow/example_dags/example_branch_operator_decorator.py
[2025-03-12T14:51:08.332+0200] {processor.py:914} INFO - Processing file /home/munyah/.local/lib/python3.10/site-packages/airflow/example_dags/example_branch_operator_decorator.py for tasks to queue
[2025-03-12T14:51:08.337+0200] {logging_mixin.py:190} INFO - [2025-03-12T14:51:08.336+0200] {dagbag.py:588} INFO - Filling up the DagBag from /home/munyah/.local/lib/python3.10/site-packages/airflow/example_dags/example_branch_operator_decorator.py
[2025-03-12T14:51:08.356+0200] {processor.py:927} WARNING - No viable dags retrieved from /home/munyah/.local/lib/python3.10/site-packages/airflow/example_dags/example_branch_operator_decorator.py
[2025-03-12T14:51:08.372+0200] {processor.py:208} INFO - Processing /home/munyah/.local/lib/python3.10/site-packages/airflow/example_dags/example_branch_operator_decorator.py took 0.073 seconds
[2025-03-12T14:52:16.162+0200] {processor.py:186} INFO - Started process (PID=143270) to work on /home/munyah/.local/lib/python3.10/site-packages/airflow/example_dags/example_branch_operator_decorator.py
[2025-03-12T14:52:16.164+0200] {processor.py:914} INFO - Processing file /home/munyah/.local/lib/python3.10/site-packages/airflow/example_dags/example_branch_operator_decorator.py for tasks to queue
[2025-03-12T14:52:16.167+0200] {logging_mixin.py:190} INFO - [2025-03-12T14:52:16.167+0200] {dagbag.py:588} INFO - Filling up the DagBag from /home/munyah/.local/lib/python3.10/site-packages/airflow/example_dags/example_branch_operator_decorator.py
[2025-03-12T14:52:16.186+0200] {processor.py:927} WARNING - No viable dags retrieved from /home/munyah/.local/lib/python3.10/site-packages/airflow/example_dags/example_branch_operator_decorator.py
[2025-03-12T14:52:16.202+0200] {processor.py:208} INFO - Processing /home/munyah/.local/lib/python3.10/site-packages/airflow/example_dags/example_branch_operator_decorator.py took 0.051 seconds
[2025-03-12T14:53:28.781+0200] {processor.py:186} INFO - Started process (PID=143519) to work on /home/munyah/.local/lib/python3.10/site-packages/airflow/example_dags/example_branch_operator_decorator.py
[2025-03-12T14:53:28.782+0200] {processor.py:914} INFO - Processing file /home/munyah/.local/lib/python3.10/site-packages/airflow/example_dags/example_branch_operator_decorator.py for tasks to queue
[2025-03-12T14:53:28.785+0200] {logging_mixin.py:190} INFO - [2025-03-12T14:53:28.785+0200] {dagbag.py:588} INFO - Filling up the DagBag from /home/munyah/.local/lib/python3.10/site-packages/airflow/example_dags/example_branch_operator_decorator.py
[2025-03-12T14:53:28.814+0200] {processor.py:927} WARNING - No viable dags retrieved from /home/munyah/.local/lib/python3.10/site-packages/airflow/example_dags/example_branch_operator_decorator.py
[2025-03-12T14:53:28.838+0200] {processor.py:208} INFO - Processing /home/munyah/.local/lib/python3.10/site-packages/airflow/example_dags/example_branch_operator_decorator.py took 0.072 seconds
