[2025-03-12T08:20:44.171+0200] {processor.py:186} INFO - Started process (PID=133549) to work on /home/munyah/.local/lib/python3.10/site-packages/airflow/example_dags/example_branch_python_dop_operator_3.py
[2025-03-12T08:20:44.172+0200] {processor.py:914} INFO - Processing file /home/munyah/.local/lib/python3.10/site-packages/airflow/example_dags/example_branch_python_dop_operator_3.py for tasks to queue
[2025-03-12T08:20:44.176+0200] {logging_mixin.py:190} INFO - [2025-03-12T08:20:44.175+0200] {dagbag.py:588} INFO - Filling up the DagBag from /home/munyah/.local/lib/python3.10/site-packages/airflow/example_dags/example_branch_python_dop_operator_3.py
[2025-03-12T08:20:44.210+0200] {processor.py:925} INFO - DAG(s) 'example_branch_dop_operator_v3' retrieved from /home/munyah/.local/lib/python3.10/site-packages/airflow/example_dags/example_branch_python_dop_operator_3.py
[2025-03-12T08:20:44.239+0200] {logging_mixin.py:190} INFO - [2025-03-12T08:20:44.239+0200] {dag.py:3239} INFO - Sync 1 DAGs
[2025-03-12T08:20:44.288+0200] {logging_mixin.py:190} INFO - [2025-03-12T08:20:44.288+0200] {dag.py:4180} INFO - Setting next_dagrun for example_branch_dop_operator_v3 to 2025-03-12 06:19:00+00:00, run_after=2025-03-12 06:20:00+00:00
[2025-03-12T08:20:44.352+0200] {processor.py:208} INFO - Processing /home/munyah/.local/lib/python3.10/site-packages/airflow/example_dags/example_branch_python_dop_operator_3.py took 0.212 seconds
[2025-03-12T14:17:55.436+0200] {processor.py:186} INFO - Started process (PID=134603) to work on /home/munyah/.local/lib/python3.10/site-packages/airflow/example_dags/example_branch_python_dop_operator_3.py
[2025-03-12T14:17:55.438+0200] {processor.py:914} INFO - Processing file /home/munyah/.local/lib/python3.10/site-packages/airflow/example_dags/example_branch_python_dop_operator_3.py for tasks to queue
[2025-03-12T14:17:55.440+0200] {logging_mixin.py:190} INFO - [2025-03-12T14:17:55.440+0200] {dagbag.py:588} INFO - Filling up the DagBag from /home/munyah/.local/lib/python3.10/site-packages/airflow/example_dags/example_branch_python_dop_operator_3.py
[2025-03-12T14:17:55.453+0200] {processor.py:925} INFO - DAG(s) 'example_branch_dop_operator_v3' retrieved from /home/munyah/.local/lib/python3.10/site-packages/airflow/example_dags/example_branch_python_dop_operator_3.py
[2025-03-12T14:17:55.471+0200] {logging_mixin.py:190} INFO - [2025-03-12T14:17:55.471+0200] {dag.py:3239} INFO - Sync 1 DAGs
[2025-03-12T14:17:55.499+0200] {logging_mixin.py:190} INFO - [2025-03-12T14:17:55.498+0200] {dag.py:4180} INFO - Setting next_dagrun for example_branch_dop_operator_v3 to 2025-03-12 12:16:00+00:00, run_after=2025-03-12 12:17:00+00:00
[2025-03-12T14:17:55.521+0200] {processor.py:208} INFO - Processing /home/munyah/.local/lib/python3.10/site-packages/airflow/example_dags/example_branch_python_dop_operator_3.py took 0.094 seconds
[2025-03-12T14:18:55.655+0200] {processor.py:186} INFO - Started process (PID=134870) to work on /home/munyah/.local/lib/python3.10/site-packages/airflow/example_dags/example_branch_python_dop_operator_3.py
[2025-03-12T14:18:55.656+0200] {processor.py:914} INFO - Processing file /home/munyah/.local/lib/python3.10/site-packages/airflow/example_dags/example_branch_python_dop_operator_3.py for tasks to queue
[2025-03-12T14:18:55.659+0200] {logging_mixin.py:190} INFO - [2025-03-12T14:18:55.658+0200] {dagbag.py:588} INFO - Filling up the DagBag from /home/munyah/.local/lib/python3.10/site-packages/airflow/example_dags/example_branch_python_dop_operator_3.py
[2025-03-12T14:18:55.672+0200] {processor.py:925} INFO - DAG(s) 'example_branch_dop_operator_v3' retrieved from /home/munyah/.local/lib/python3.10/site-packages/airflow/example_dags/example_branch_python_dop_operator_3.py
[2025-03-12T14:18:55.690+0200] {logging_mixin.py:190} INFO - [2025-03-12T14:18:55.690+0200] {dag.py:3239} INFO - Sync 1 DAGs
[2025-03-12T14:18:55.716+0200] {logging_mixin.py:190} INFO - [2025-03-12T14:18:55.716+0200] {dag.py:4180} INFO - Setting next_dagrun for example_branch_dop_operator_v3 to 2025-03-12 12:17:00+00:00, run_after=2025-03-12 12:18:00+00:00
[2025-03-12T14:18:55.737+0200] {processor.py:208} INFO - Processing /home/munyah/.local/lib/python3.10/site-packages/airflow/example_dags/example_branch_python_dop_operator_3.py took 0.090 seconds
[2025-03-12T14:19:52.834+0200] {processor.py:186} INFO - Started process (PID=135029) to work on /home/munyah/.local/lib/python3.10/site-packages/airflow/example_dags/example_branch_python_dop_operator_3.py
[2025-03-12T14:19:52.835+0200] {processor.py:914} INFO - Processing file /home/munyah/.local/lib/python3.10/site-packages/airflow/example_dags/example_branch_python_dop_operator_3.py for tasks to queue
[2025-03-12T14:19:52.837+0200] {logging_mixin.py:190} INFO - [2025-03-12T14:19:52.837+0200] {dagbag.py:588} INFO - Filling up the DagBag from /home/munyah/.local/lib/python3.10/site-packages/airflow/example_dags/example_branch_python_dop_operator_3.py
[2025-03-12T14:19:52.850+0200] {processor.py:925} INFO - DAG(s) 'example_branch_dop_operator_v3' retrieved from /home/munyah/.local/lib/python3.10/site-packages/airflow/example_dags/example_branch_python_dop_operator_3.py
[2025-03-12T14:19:52.868+0200] {logging_mixin.py:190} INFO - [2025-03-12T14:19:52.868+0200] {dag.py:3239} INFO - Sync 1 DAGs
[2025-03-12T14:19:52.897+0200] {logging_mixin.py:190} INFO - [2025-03-12T14:19:52.896+0200] {dag.py:4180} INFO - Setting next_dagrun for example_branch_dop_operator_v3 to 2025-03-12 12:18:00+00:00, run_after=2025-03-12 12:19:00+00:00
[2025-03-12T14:19:52.920+0200] {processor.py:208} INFO - Processing /home/munyah/.local/lib/python3.10/site-packages/airflow/example_dags/example_branch_python_dop_operator_3.py took 0.093 seconds
[2025-03-12T14:20:50.477+0200] {processor.py:186} INFO - Started process (PID=135208) to work on /home/munyah/.local/lib/python3.10/site-packages/airflow/example_dags/example_branch_python_dop_operator_3.py
[2025-03-12T14:20:50.478+0200] {processor.py:914} INFO - Processing file /home/munyah/.local/lib/python3.10/site-packages/airflow/example_dags/example_branch_python_dop_operator_3.py for tasks to queue
[2025-03-12T14:20:50.481+0200] {logging_mixin.py:190} INFO - [2025-03-12T14:20:50.481+0200] {dagbag.py:588} INFO - Filling up the DagBag from /home/munyah/.local/lib/python3.10/site-packages/airflow/example_dags/example_branch_python_dop_operator_3.py
[2025-03-12T14:20:50.497+0200] {processor.py:925} INFO - DAG(s) 'example_branch_dop_operator_v3' retrieved from /home/munyah/.local/lib/python3.10/site-packages/airflow/example_dags/example_branch_python_dop_operator_3.py
[2025-03-12T14:20:50.515+0200] {logging_mixin.py:190} INFO - [2025-03-12T14:20:50.515+0200] {dag.py:3239} INFO - Sync 1 DAGs
[2025-03-12T14:20:50.545+0200] {logging_mixin.py:190} INFO - [2025-03-12T14:20:50.544+0200] {dag.py:4180} INFO - Setting next_dagrun for example_branch_dop_operator_v3 to 2025-03-12 12:19:00+00:00, run_after=2025-03-12 12:20:00+00:00
[2025-03-12T14:20:50.567+0200] {processor.py:208} INFO - Processing /home/munyah/.local/lib/python3.10/site-packages/airflow/example_dags/example_branch_python_dop_operator_3.py took 0.098 seconds
[2025-03-12T14:21:49.382+0200] {processor.py:186} INFO - Started process (PID=135417) to work on /home/munyah/.local/lib/python3.10/site-packages/airflow/example_dags/example_branch_python_dop_operator_3.py
[2025-03-12T14:21:49.383+0200] {processor.py:914} INFO - Processing file /home/munyah/.local/lib/python3.10/site-packages/airflow/example_dags/example_branch_python_dop_operator_3.py for tasks to queue
[2025-03-12T14:21:49.385+0200] {logging_mixin.py:190} INFO - [2025-03-12T14:21:49.385+0200] {dagbag.py:588} INFO - Filling up the DagBag from /home/munyah/.local/lib/python3.10/site-packages/airflow/example_dags/example_branch_python_dop_operator_3.py
[2025-03-12T14:21:49.398+0200] {processor.py:925} INFO - DAG(s) 'example_branch_dop_operator_v3' retrieved from /home/munyah/.local/lib/python3.10/site-packages/airflow/example_dags/example_branch_python_dop_operator_3.py
[2025-03-12T14:21:49.416+0200] {logging_mixin.py:190} INFO - [2025-03-12T14:21:49.416+0200] {dag.py:3239} INFO - Sync 1 DAGs
[2025-03-12T14:21:49.443+0200] {logging_mixin.py:190} INFO - [2025-03-12T14:21:49.443+0200] {dag.py:4180} INFO - Setting next_dagrun for example_branch_dop_operator_v3 to 2025-03-12 12:20:00+00:00, run_after=2025-03-12 12:21:00+00:00
[2025-03-12T14:21:49.465+0200] {processor.py:208} INFO - Processing /home/munyah/.local/lib/python3.10/site-packages/airflow/example_dags/example_branch_python_dop_operator_3.py took 0.091 seconds
[2025-03-12T14:22:46.823+0200] {processor.py:186} INFO - Started process (PID=136347) to work on /home/munyah/.local/lib/python3.10/site-packages/airflow/example_dags/example_branch_python_dop_operator_3.py
[2025-03-12T14:22:46.825+0200] {processor.py:914} INFO - Processing file /home/munyah/.local/lib/python3.10/site-packages/airflow/example_dags/example_branch_python_dop_operator_3.py for tasks to queue
[2025-03-12T14:22:46.828+0200] {logging_mixin.py:190} INFO - [2025-03-12T14:22:46.827+0200] {dagbag.py:588} INFO - Filling up the DagBag from /home/munyah/.local/lib/python3.10/site-packages/airflow/example_dags/example_branch_python_dop_operator_3.py
[2025-03-12T14:22:46.842+0200] {processor.py:925} INFO - DAG(s) 'example_branch_dop_operator_v3' retrieved from /home/munyah/.local/lib/python3.10/site-packages/airflow/example_dags/example_branch_python_dop_operator_3.py
[2025-03-12T14:22:46.862+0200] {logging_mixin.py:190} INFO - [2025-03-12T14:22:46.862+0200] {dag.py:3239} INFO - Sync 1 DAGs
[2025-03-12T14:22:46.893+0200] {logging_mixin.py:190} INFO - [2025-03-12T14:22:46.892+0200] {dag.py:4180} INFO - Setting next_dagrun for example_branch_dop_operator_v3 to 2025-03-12 12:21:00+00:00, run_after=2025-03-12 12:22:00+00:00
[2025-03-12T14:22:46.916+0200] {processor.py:208} INFO - Processing /home/munyah/.local/lib/python3.10/site-packages/airflow/example_dags/example_branch_python_dop_operator_3.py took 0.102 seconds
[2025-03-12T14:24:01.521+0200] {processor.py:186} INFO - Started process (PID=136602) to work on /home/munyah/.local/lib/python3.10/site-packages/airflow/example_dags/example_branch_python_dop_operator_3.py
[2025-03-12T14:24:01.523+0200] {processor.py:914} INFO - Processing file /home/munyah/.local/lib/python3.10/site-packages/airflow/example_dags/example_branch_python_dop_operator_3.py for tasks to queue
[2025-03-12T14:24:01.528+0200] {logging_mixin.py:190} INFO - [2025-03-12T14:24:01.527+0200] {dagbag.py:588} INFO - Filling up the DagBag from /home/munyah/.local/lib/python3.10/site-packages/airflow/example_dags/example_branch_python_dop_operator_3.py
[2025-03-12T14:24:01.554+0200] {processor.py:925} INFO - DAG(s) 'example_branch_dop_operator_v3' retrieved from /home/munyah/.local/lib/python3.10/site-packages/airflow/example_dags/example_branch_python_dop_operator_3.py
[2025-03-12T14:24:01.574+0200] {logging_mixin.py:190} INFO - [2025-03-12T14:24:01.574+0200] {dag.py:3239} INFO - Sync 1 DAGs
[2025-03-12T14:24:01.605+0200] {logging_mixin.py:190} INFO - [2025-03-12T14:24:01.605+0200] {dag.py:4180} INFO - Setting next_dagrun for example_branch_dop_operator_v3 to 2025-03-12 12:23:00+00:00, run_after=2025-03-12 12:24:00+00:00
[2025-03-12T14:24:01.627+0200] {processor.py:208} INFO - Processing /home/munyah/.local/lib/python3.10/site-packages/airflow/example_dags/example_branch_python_dop_operator_3.py took 0.121 seconds
[2025-03-12T14:25:00.226+0200] {processor.py:186} INFO - Started process (PID=136816) to work on /home/munyah/.local/lib/python3.10/site-packages/airflow/example_dags/example_branch_python_dop_operator_3.py
[2025-03-12T14:25:00.228+0200] {processor.py:914} INFO - Processing file /home/munyah/.local/lib/python3.10/site-packages/airflow/example_dags/example_branch_python_dop_operator_3.py for tasks to queue
[2025-03-12T14:25:00.232+0200] {logging_mixin.py:190} INFO - [2025-03-12T14:25:00.231+0200] {dagbag.py:588} INFO - Filling up the DagBag from /home/munyah/.local/lib/python3.10/site-packages/airflow/example_dags/example_branch_python_dop_operator_3.py
[2025-03-12T14:25:00.246+0200] {processor.py:925} INFO - DAG(s) 'example_branch_dop_operator_v3' retrieved from /home/munyah/.local/lib/python3.10/site-packages/airflow/example_dags/example_branch_python_dop_operator_3.py
[2025-03-12T14:25:00.265+0200] {logging_mixin.py:190} INFO - [2025-03-12T14:25:00.265+0200] {dag.py:3239} INFO - Sync 1 DAGs
[2025-03-12T14:25:00.294+0200] {logging_mixin.py:190} INFO - [2025-03-12T14:25:00.294+0200] {dag.py:4180} INFO - Setting next_dagrun for example_branch_dop_operator_v3 to 2025-03-12 12:24:00+00:00, run_after=2025-03-12 12:25:00+00:00
[2025-03-12T14:25:00.316+0200] {processor.py:208} INFO - Processing /home/munyah/.local/lib/python3.10/site-packages/airflow/example_dags/example_branch_python_dop_operator_3.py took 0.105 seconds
[2025-03-12T14:25:57.506+0200] {processor.py:186} INFO - Started process (PID=137026) to work on /home/munyah/.local/lib/python3.10/site-packages/airflow/example_dags/example_branch_python_dop_operator_3.py
[2025-03-12T14:25:57.509+0200] {processor.py:914} INFO - Processing file /home/munyah/.local/lib/python3.10/site-packages/airflow/example_dags/example_branch_python_dop_operator_3.py for tasks to queue
[2025-03-12T14:25:57.514+0200] {logging_mixin.py:190} INFO - [2025-03-12T14:25:57.513+0200] {dagbag.py:588} INFO - Filling up the DagBag from /home/munyah/.local/lib/python3.10/site-packages/airflow/example_dags/example_branch_python_dop_operator_3.py
[2025-03-12T14:25:57.533+0200] {processor.py:925} INFO - DAG(s) 'example_branch_dop_operator_v3' retrieved from /home/munyah/.local/lib/python3.10/site-packages/airflow/example_dags/example_branch_python_dop_operator_3.py
[2025-03-12T14:25:57.552+0200] {logging_mixin.py:190} INFO - [2025-03-12T14:25:57.551+0200] {dag.py:3239} INFO - Sync 1 DAGs
[2025-03-12T14:25:57.584+0200] {logging_mixin.py:190} INFO - [2025-03-12T14:25:57.583+0200] {dag.py:4180} INFO - Setting next_dagrun for example_branch_dop_operator_v3 to 2025-03-12 12:24:00+00:00, run_after=2025-03-12 12:25:00+00:00
[2025-03-12T14:25:57.609+0200] {processor.py:208} INFO - Processing /home/munyah/.local/lib/python3.10/site-packages/airflow/example_dags/example_branch_python_dop_operator_3.py took 0.136 seconds
[2025-03-12T14:26:58.655+0200] {processor.py:186} INFO - Started process (PID=137217) to work on /home/munyah/.local/lib/python3.10/site-packages/airflow/example_dags/example_branch_python_dop_operator_3.py
[2025-03-12T14:26:58.657+0200] {processor.py:914} INFO - Processing file /home/munyah/.local/lib/python3.10/site-packages/airflow/example_dags/example_branch_python_dop_operator_3.py for tasks to queue
[2025-03-12T14:26:58.660+0200] {logging_mixin.py:190} INFO - [2025-03-12T14:26:58.659+0200] {dagbag.py:588} INFO - Filling up the DagBag from /home/munyah/.local/lib/python3.10/site-packages/airflow/example_dags/example_branch_python_dop_operator_3.py
[2025-03-12T14:26:58.680+0200] {processor.py:925} INFO - DAG(s) 'example_branch_dop_operator_v3' retrieved from /home/munyah/.local/lib/python3.10/site-packages/airflow/example_dags/example_branch_python_dop_operator_3.py
[2025-03-12T14:26:58.700+0200] {logging_mixin.py:190} INFO - [2025-03-12T14:26:58.700+0200] {dag.py:3239} INFO - Sync 1 DAGs
[2025-03-12T14:26:58.729+0200] {logging_mixin.py:190} INFO - [2025-03-12T14:26:58.728+0200] {dag.py:4180} INFO - Setting next_dagrun for example_branch_dop_operator_v3 to 2025-03-12 12:25:00+00:00, run_after=2025-03-12 12:26:00+00:00
[2025-03-12T14:26:58.754+0200] {processor.py:208} INFO - Processing /home/munyah/.local/lib/python3.10/site-packages/airflow/example_dags/example_branch_python_dop_operator_3.py took 0.107 seconds
[2025-03-12T14:28:02.495+0200] {processor.py:186} INFO - Started process (PID=137415) to work on /home/munyah/.local/lib/python3.10/site-packages/airflow/example_dags/example_branch_python_dop_operator_3.py
[2025-03-12T14:28:02.496+0200] {processor.py:914} INFO - Processing file /home/munyah/.local/lib/python3.10/site-packages/airflow/example_dags/example_branch_python_dop_operator_3.py for tasks to queue
[2025-03-12T14:28:02.499+0200] {logging_mixin.py:190} INFO - [2025-03-12T14:28:02.498+0200] {dagbag.py:588} INFO - Filling up the DagBag from /home/munyah/.local/lib/python3.10/site-packages/airflow/example_dags/example_branch_python_dop_operator_3.py
[2025-03-12T14:28:02.512+0200] {processor.py:925} INFO - DAG(s) 'example_branch_dop_operator_v3' retrieved from /home/munyah/.local/lib/python3.10/site-packages/airflow/example_dags/example_branch_python_dop_operator_3.py
[2025-03-12T14:28:02.530+0200] {logging_mixin.py:190} INFO - [2025-03-12T14:28:02.530+0200] {dag.py:3239} INFO - Sync 1 DAGs
[2025-03-12T14:28:02.559+0200] {logging_mixin.py:190} INFO - [2025-03-12T14:28:02.559+0200] {dag.py:4180} INFO - Setting next_dagrun for example_branch_dop_operator_v3 to 2025-03-12 12:27:00+00:00, run_after=2025-03-12 12:28:00+00:00
[2025-03-12T14:28:02.582+0200] {processor.py:208} INFO - Processing /home/munyah/.local/lib/python3.10/site-packages/airflow/example_dags/example_branch_python_dop_operator_3.py took 0.095 seconds
[2025-03-12T14:29:02.307+0200] {processor.py:186} INFO - Started process (PID=137615) to work on /home/munyah/.local/lib/python3.10/site-packages/airflow/example_dags/example_branch_python_dop_operator_3.py
[2025-03-12T14:29:02.308+0200] {processor.py:914} INFO - Processing file /home/munyah/.local/lib/python3.10/site-packages/airflow/example_dags/example_branch_python_dop_operator_3.py for tasks to queue
[2025-03-12T14:29:02.312+0200] {logging_mixin.py:190} INFO - [2025-03-12T14:29:02.311+0200] {dagbag.py:588} INFO - Filling up the DagBag from /home/munyah/.local/lib/python3.10/site-packages/airflow/example_dags/example_branch_python_dop_operator_3.py
[2025-03-12T14:29:02.327+0200] {processor.py:925} INFO - DAG(s) 'example_branch_dop_operator_v3' retrieved from /home/munyah/.local/lib/python3.10/site-packages/airflow/example_dags/example_branch_python_dop_operator_3.py
[2025-03-12T14:29:02.347+0200] {logging_mixin.py:190} INFO - [2025-03-12T14:29:02.347+0200] {dag.py:3239} INFO - Sync 1 DAGs
[2025-03-12T14:29:02.385+0200] {logging_mixin.py:190} INFO - [2025-03-12T14:29:02.385+0200] {dag.py:4180} INFO - Setting next_dagrun for example_branch_dop_operator_v3 to 2025-03-12 12:28:00+00:00, run_after=2025-03-12 12:29:00+00:00
[2025-03-12T14:29:02.416+0200] {processor.py:208} INFO - Processing /home/munyah/.local/lib/python3.10/site-packages/airflow/example_dags/example_branch_python_dop_operator_3.py took 0.120 seconds
[2025-03-12T14:30:01.570+0200] {processor.py:186} INFO - Started process (PID=138608) to work on /home/munyah/.local/lib/python3.10/site-packages/airflow/example_dags/example_branch_python_dop_operator_3.py
[2025-03-12T14:30:01.571+0200] {processor.py:914} INFO - Processing file /home/munyah/.local/lib/python3.10/site-packages/airflow/example_dags/example_branch_python_dop_operator_3.py for tasks to queue
[2025-03-12T14:30:01.574+0200] {logging_mixin.py:190} INFO - [2025-03-12T14:30:01.574+0200] {dagbag.py:588} INFO - Filling up the DagBag from /home/munyah/.local/lib/python3.10/site-packages/airflow/example_dags/example_branch_python_dop_operator_3.py
[2025-03-12T14:30:01.591+0200] {processor.py:925} INFO - DAG(s) 'example_branch_dop_operator_v3' retrieved from /home/munyah/.local/lib/python3.10/site-packages/airflow/example_dags/example_branch_python_dop_operator_3.py
[2025-03-12T14:30:01.613+0200] {logging_mixin.py:190} INFO - [2025-03-12T14:30:01.612+0200] {dag.py:3239} INFO - Sync 1 DAGs
[2025-03-12T14:30:01.642+0200] {logging_mixin.py:190} INFO - [2025-03-12T14:30:01.642+0200] {dag.py:4180} INFO - Setting next_dagrun for example_branch_dop_operator_v3 to 2025-03-12 12:29:00+00:00, run_after=2025-03-12 12:30:00+00:00
[2025-03-12T14:30:01.666+0200] {processor.py:208} INFO - Processing /home/munyah/.local/lib/python3.10/site-packages/airflow/example_dags/example_branch_python_dop_operator_3.py took 0.106 seconds
[2025-03-12T14:31:04.905+0200] {processor.py:186} INFO - Started process (PID=138858) to work on /home/munyah/.local/lib/python3.10/site-packages/airflow/example_dags/example_branch_python_dop_operator_3.py
[2025-03-12T14:31:04.907+0200] {processor.py:914} INFO - Processing file /home/munyah/.local/lib/python3.10/site-packages/airflow/example_dags/example_branch_python_dop_operator_3.py for tasks to queue
[2025-03-12T14:31:04.911+0200] {logging_mixin.py:190} INFO - [2025-03-12T14:31:04.910+0200] {dagbag.py:588} INFO - Filling up the DagBag from /home/munyah/.local/lib/python3.10/site-packages/airflow/example_dags/example_branch_python_dop_operator_3.py
[2025-03-12T14:31:04.925+0200] {processor.py:925} INFO - DAG(s) 'example_branch_dop_operator_v3' retrieved from /home/munyah/.local/lib/python3.10/site-packages/airflow/example_dags/example_branch_python_dop_operator_3.py
[2025-03-12T14:31:04.943+0200] {logging_mixin.py:190} INFO - [2025-03-12T14:31:04.943+0200] {dag.py:3239} INFO - Sync 1 DAGs
[2025-03-12T14:31:04.972+0200] {logging_mixin.py:190} INFO - [2025-03-12T14:31:04.972+0200] {dag.py:4180} INFO - Setting next_dagrun for example_branch_dop_operator_v3 to 2025-03-12 12:30:00+00:00, run_after=2025-03-12 12:31:00+00:00
[2025-03-12T14:31:04.994+0200] {processor.py:208} INFO - Processing /home/munyah/.local/lib/python3.10/site-packages/airflow/example_dags/example_branch_python_dop_operator_3.py took 0.100 seconds
[2025-03-12T14:32:09.187+0200] {processor.py:186} INFO - Started process (PID=139058) to work on /home/munyah/.local/lib/python3.10/site-packages/airflow/example_dags/example_branch_python_dop_operator_3.py
[2025-03-12T14:32:09.189+0200] {processor.py:914} INFO - Processing file /home/munyah/.local/lib/python3.10/site-packages/airflow/example_dags/example_branch_python_dop_operator_3.py for tasks to queue
[2025-03-12T14:32:09.193+0200] {logging_mixin.py:190} INFO - [2025-03-12T14:32:09.192+0200] {dagbag.py:588} INFO - Filling up the DagBag from /home/munyah/.local/lib/python3.10/site-packages/airflow/example_dags/example_branch_python_dop_operator_3.py
[2025-03-12T14:32:09.206+0200] {processor.py:925} INFO - DAG(s) 'example_branch_dop_operator_v3' retrieved from /home/munyah/.local/lib/python3.10/site-packages/airflow/example_dags/example_branch_python_dop_operator_3.py
[2025-03-12T14:32:09.224+0200] {logging_mixin.py:190} INFO - [2025-03-12T14:32:09.223+0200] {dag.py:3239} INFO - Sync 1 DAGs
[2025-03-12T14:32:09.252+0200] {logging_mixin.py:190} INFO - [2025-03-12T14:32:09.251+0200] {dag.py:4180} INFO - Setting next_dagrun for example_branch_dop_operator_v3 to 2025-03-12 12:31:00+00:00, run_after=2025-03-12 12:32:00+00:00
[2025-03-12T14:32:09.275+0200] {processor.py:208} INFO - Processing /home/munyah/.local/lib/python3.10/site-packages/airflow/example_dags/example_branch_python_dop_operator_3.py took 0.096 seconds
[2025-03-12T14:33:12.007+0200] {processor.py:186} INFO - Started process (PID=139767) to work on /home/munyah/.local/lib/python3.10/site-packages/airflow/example_dags/example_branch_python_dop_operator_3.py
[2025-03-12T14:33:12.008+0200] {processor.py:914} INFO - Processing file /home/munyah/.local/lib/python3.10/site-packages/airflow/example_dags/example_branch_python_dop_operator_3.py for tasks to queue
[2025-03-12T14:33:12.011+0200] {logging_mixin.py:190} INFO - [2025-03-12T14:33:12.010+0200] {dagbag.py:588} INFO - Filling up the DagBag from /home/munyah/.local/lib/python3.10/site-packages/airflow/example_dags/example_branch_python_dop_operator_3.py
[2025-03-12T14:33:12.026+0200] {processor.py:925} INFO - DAG(s) 'example_branch_dop_operator_v3' retrieved from /home/munyah/.local/lib/python3.10/site-packages/airflow/example_dags/example_branch_python_dop_operator_3.py
[2025-03-12T14:33:12.044+0200] {logging_mixin.py:190} INFO - [2025-03-12T14:33:12.044+0200] {dag.py:3239} INFO - Sync 1 DAGs
[2025-03-12T14:33:12.073+0200] {logging_mixin.py:190} INFO - [2025-03-12T14:33:12.073+0200] {dag.py:4180} INFO - Setting next_dagrun for example_branch_dop_operator_v3 to 2025-03-12 12:32:00+00:00, run_after=2025-03-12 12:33:00+00:00
[2025-03-12T14:33:12.095+0200] {processor.py:208} INFO - Processing /home/munyah/.local/lib/python3.10/site-packages/airflow/example_dags/example_branch_python_dop_operator_3.py took 0.096 seconds
[2025-03-12T14:34:15.974+0200] {processor.py:186} INFO - Started process (PID=140042) to work on /home/munyah/.local/lib/python3.10/site-packages/airflow/example_dags/example_branch_python_dop_operator_3.py
[2025-03-12T14:34:15.976+0200] {processor.py:914} INFO - Processing file /home/munyah/.local/lib/python3.10/site-packages/airflow/example_dags/example_branch_python_dop_operator_3.py for tasks to queue
[2025-03-12T14:34:15.979+0200] {logging_mixin.py:190} INFO - [2025-03-12T14:34:15.978+0200] {dagbag.py:588} INFO - Filling up the DagBag from /home/munyah/.local/lib/python3.10/site-packages/airflow/example_dags/example_branch_python_dop_operator_3.py
[2025-03-12T14:34:15.993+0200] {processor.py:925} INFO - DAG(s) 'example_branch_dop_operator_v3' retrieved from /home/munyah/.local/lib/python3.10/site-packages/airflow/example_dags/example_branch_python_dop_operator_3.py
[2025-03-12T14:34:16.012+0200] {logging_mixin.py:190} INFO - [2025-03-12T14:34:16.011+0200] {dag.py:3239} INFO - Sync 1 DAGs
[2025-03-12T14:34:16.040+0200] {logging_mixin.py:190} INFO - [2025-03-12T14:34:16.040+0200] {dag.py:4180} INFO - Setting next_dagrun for example_branch_dop_operator_v3 to 2025-03-12 12:33:00+00:00, run_after=2025-03-12 12:34:00+00:00
[2025-03-12T14:34:16.063+0200] {processor.py:208} INFO - Processing /home/munyah/.local/lib/python3.10/site-packages/airflow/example_dags/example_branch_python_dop_operator_3.py took 0.100 seconds
[2025-03-12T14:35:20.448+0200] {processor.py:186} INFO - Started process (PID=140221) to work on /home/munyah/.local/lib/python3.10/site-packages/airflow/example_dags/example_branch_python_dop_operator_3.py
[2025-03-12T14:35:20.449+0200] {processor.py:914} INFO - Processing file /home/munyah/.local/lib/python3.10/site-packages/airflow/example_dags/example_branch_python_dop_operator_3.py for tasks to queue
[2025-03-12T14:35:20.452+0200] {logging_mixin.py:190} INFO - [2025-03-12T14:35:20.452+0200] {dagbag.py:588} INFO - Filling up the DagBag from /home/munyah/.local/lib/python3.10/site-packages/airflow/example_dags/example_branch_python_dop_operator_3.py
[2025-03-12T14:35:20.466+0200] {processor.py:925} INFO - DAG(s) 'example_branch_dop_operator_v3' retrieved from /home/munyah/.local/lib/python3.10/site-packages/airflow/example_dags/example_branch_python_dop_operator_3.py
[2025-03-12T14:35:20.484+0200] {logging_mixin.py:190} INFO - [2025-03-12T14:35:20.484+0200] {dag.py:3239} INFO - Sync 1 DAGs
[2025-03-12T14:35:20.512+0200] {logging_mixin.py:190} INFO - [2025-03-12T14:35:20.512+0200] {dag.py:4180} INFO - Setting next_dagrun for example_branch_dop_operator_v3 to 2025-03-12 12:34:00+00:00, run_after=2025-03-12 12:35:00+00:00
[2025-03-12T14:35:20.535+0200] {processor.py:208} INFO - Processing /home/munyah/.local/lib/python3.10/site-packages/airflow/example_dags/example_branch_python_dop_operator_3.py took 0.097 seconds
[2025-03-12T14:36:25.776+0200] {processor.py:186} INFO - Started process (PID=140470) to work on /home/munyah/.local/lib/python3.10/site-packages/airflow/example_dags/example_branch_python_dop_operator_3.py
[2025-03-12T14:36:25.777+0200] {processor.py:914} INFO - Processing file /home/munyah/.local/lib/python3.10/site-packages/airflow/example_dags/example_branch_python_dop_operator_3.py for tasks to queue
[2025-03-12T14:36:25.780+0200] {logging_mixin.py:190} INFO - [2025-03-12T14:36:25.779+0200] {dagbag.py:588} INFO - Filling up the DagBag from /home/munyah/.local/lib/python3.10/site-packages/airflow/example_dags/example_branch_python_dop_operator_3.py
[2025-03-12T14:36:25.794+0200] {processor.py:925} INFO - DAG(s) 'example_branch_dop_operator_v3' retrieved from /home/munyah/.local/lib/python3.10/site-packages/airflow/example_dags/example_branch_python_dop_operator_3.py
[2025-03-12T14:36:25.811+0200] {logging_mixin.py:190} INFO - [2025-03-12T14:36:25.811+0200] {dag.py:3239} INFO - Sync 1 DAGs
[2025-03-12T14:36:25.837+0200] {logging_mixin.py:190} INFO - [2025-03-12T14:36:25.837+0200] {dag.py:4180} INFO - Setting next_dagrun for example_branch_dop_operator_v3 to 2025-03-12 12:35:00+00:00, run_after=2025-03-12 12:36:00+00:00
[2025-03-12T14:36:25.859+0200] {processor.py:208} INFO - Processing /home/munyah/.local/lib/python3.10/site-packages/airflow/example_dags/example_branch_python_dop_operator_3.py took 0.097 seconds
[2025-03-12T14:37:30.815+0200] {processor.py:186} INFO - Started process (PID=140604) to work on /home/munyah/.local/lib/python3.10/site-packages/airflow/example_dags/example_branch_python_dop_operator_3.py
[2025-03-12T14:37:30.817+0200] {processor.py:914} INFO - Processing file /home/munyah/.local/lib/python3.10/site-packages/airflow/example_dags/example_branch_python_dop_operator_3.py for tasks to queue
[2025-03-12T14:37:30.820+0200] {logging_mixin.py:190} INFO - [2025-03-12T14:37:30.819+0200] {dagbag.py:588} INFO - Filling up the DagBag from /home/munyah/.local/lib/python3.10/site-packages/airflow/example_dags/example_branch_python_dop_operator_3.py
[2025-03-12T14:37:30.836+0200] {processor.py:925} INFO - DAG(s) 'example_branch_dop_operator_v3' retrieved from /home/munyah/.local/lib/python3.10/site-packages/airflow/example_dags/example_branch_python_dop_operator_3.py
[2025-03-12T14:37:30.856+0200] {logging_mixin.py:190} INFO - [2025-03-12T14:37:30.856+0200] {dag.py:3239} INFO - Sync 1 DAGs
[2025-03-12T14:37:30.884+0200] {logging_mixin.py:190} INFO - [2025-03-12T14:37:30.884+0200] {dag.py:4180} INFO - Setting next_dagrun for example_branch_dop_operator_v3 to 2025-03-12 12:36:00+00:00, run_after=2025-03-12 12:37:00+00:00
[2025-03-12T14:37:30.905+0200] {processor.py:208} INFO - Processing /home/munyah/.local/lib/python3.10/site-packages/airflow/example_dags/example_branch_python_dop_operator_3.py took 0.100 seconds
[2025-03-12T14:38:32.970+0200] {processor.py:186} INFO - Started process (PID=140689) to work on /home/munyah/.local/lib/python3.10/site-packages/airflow/example_dags/example_branch_python_dop_operator_3.py
[2025-03-12T14:38:32.972+0200] {processor.py:914} INFO - Processing file /home/munyah/.local/lib/python3.10/site-packages/airflow/example_dags/example_branch_python_dop_operator_3.py for tasks to queue
[2025-03-12T14:38:32.975+0200] {logging_mixin.py:190} INFO - [2025-03-12T14:38:32.975+0200] {dagbag.py:588} INFO - Filling up the DagBag from /home/munyah/.local/lib/python3.10/site-packages/airflow/example_dags/example_branch_python_dop_operator_3.py
[2025-03-12T14:38:32.994+0200] {processor.py:925} INFO - DAG(s) 'example_branch_dop_operator_v3' retrieved from /home/munyah/.local/lib/python3.10/site-packages/airflow/example_dags/example_branch_python_dop_operator_3.py
[2025-03-12T14:38:33.018+0200] {logging_mixin.py:190} INFO - [2025-03-12T14:38:33.018+0200] {dag.py:3239} INFO - Sync 1 DAGs
[2025-03-12T14:38:33.045+0200] {logging_mixin.py:190} INFO - [2025-03-12T14:38:33.045+0200] {dag.py:4180} INFO - Setting next_dagrun for example_branch_dop_operator_v3 to 2025-03-12 12:37:00+00:00, run_after=2025-03-12 12:38:00+00:00
[2025-03-12T14:38:33.066+0200] {processor.py:208} INFO - Processing /home/munyah/.local/lib/python3.10/site-packages/airflow/example_dags/example_branch_python_dop_operator_3.py took 0.107 seconds
[2025-03-12T14:39:40.083+0200] {processor.py:186} INFO - Started process (PID=140800) to work on /home/munyah/.local/lib/python3.10/site-packages/airflow/example_dags/example_branch_python_dop_operator_3.py
[2025-03-12T14:39:40.086+0200] {processor.py:914} INFO - Processing file /home/munyah/.local/lib/python3.10/site-packages/airflow/example_dags/example_branch_python_dop_operator_3.py for tasks to queue
[2025-03-12T14:39:40.090+0200] {logging_mixin.py:190} INFO - [2025-03-12T14:39:40.089+0200] {dagbag.py:588} INFO - Filling up the DagBag from /home/munyah/.local/lib/python3.10/site-packages/airflow/example_dags/example_branch_python_dop_operator_3.py
[2025-03-12T14:39:40.106+0200] {processor.py:925} INFO - DAG(s) 'example_branch_dop_operator_v3' retrieved from /home/munyah/.local/lib/python3.10/site-packages/airflow/example_dags/example_branch_python_dop_operator_3.py
[2025-03-12T14:39:40.124+0200] {logging_mixin.py:190} INFO - [2025-03-12T14:39:40.124+0200] {dag.py:3239} INFO - Sync 1 DAGs
[2025-03-12T14:39:40.151+0200] {logging_mixin.py:190} INFO - [2025-03-12T14:39:40.151+0200] {dag.py:4180} INFO - Setting next_dagrun for example_branch_dop_operator_v3 to 2025-03-12 12:38:00+00:00, run_after=2025-03-12 12:39:00+00:00
[2025-03-12T14:39:40.172+0200] {processor.py:208} INFO - Processing /home/munyah/.local/lib/python3.10/site-packages/airflow/example_dags/example_branch_python_dop_operator_3.py took 0.109 seconds
[2025-03-12T14:40:45.020+0200] {processor.py:186} INFO - Started process (PID=140910) to work on /home/munyah/.local/lib/python3.10/site-packages/airflow/example_dags/example_branch_python_dop_operator_3.py
[2025-03-12T14:40:45.021+0200] {processor.py:914} INFO - Processing file /home/munyah/.local/lib/python3.10/site-packages/airflow/example_dags/example_branch_python_dop_operator_3.py for tasks to queue
[2025-03-12T14:40:45.024+0200] {logging_mixin.py:190} INFO - [2025-03-12T14:40:45.024+0200] {dagbag.py:588} INFO - Filling up the DagBag from /home/munyah/.local/lib/python3.10/site-packages/airflow/example_dags/example_branch_python_dop_operator_3.py
[2025-03-12T14:40:45.037+0200] {processor.py:925} INFO - DAG(s) 'example_branch_dop_operator_v3' retrieved from /home/munyah/.local/lib/python3.10/site-packages/airflow/example_dags/example_branch_python_dop_operator_3.py
[2025-03-12T14:40:45.054+0200] {logging_mixin.py:190} INFO - [2025-03-12T14:40:45.053+0200] {dag.py:3239} INFO - Sync 1 DAGs
[2025-03-12T14:40:45.080+0200] {logging_mixin.py:190} INFO - [2025-03-12T14:40:45.080+0200] {dag.py:4180} INFO - Setting next_dagrun for example_branch_dop_operator_v3 to 2025-03-12 12:39:00+00:00, run_after=2025-03-12 12:40:00+00:00
[2025-03-12T14:40:45.100+0200] {processor.py:208} INFO - Processing /home/munyah/.local/lib/python3.10/site-packages/airflow/example_dags/example_branch_python_dop_operator_3.py took 0.091 seconds
[2025-03-12T14:41:47.805+0200] {processor.py:186} INFO - Started process (PID=141236) to work on /home/munyah/.local/lib/python3.10/site-packages/airflow/example_dags/example_branch_python_dop_operator_3.py
[2025-03-12T14:41:47.807+0200] {processor.py:914} INFO - Processing file /home/munyah/.local/lib/python3.10/site-packages/airflow/example_dags/example_branch_python_dop_operator_3.py for tasks to queue
[2025-03-12T14:41:47.809+0200] {logging_mixin.py:190} INFO - [2025-03-12T14:41:47.809+0200] {dagbag.py:588} INFO - Filling up the DagBag from /home/munyah/.local/lib/python3.10/site-packages/airflow/example_dags/example_branch_python_dop_operator_3.py
[2025-03-12T14:41:47.823+0200] {processor.py:925} INFO - DAG(s) 'example_branch_dop_operator_v3' retrieved from /home/munyah/.local/lib/python3.10/site-packages/airflow/example_dags/example_branch_python_dop_operator_3.py
[2025-03-12T14:41:47.842+0200] {logging_mixin.py:190} INFO - [2025-03-12T14:41:47.842+0200] {dag.py:3239} INFO - Sync 1 DAGs
[2025-03-12T14:41:47.871+0200] {logging_mixin.py:190} INFO - [2025-03-12T14:41:47.871+0200] {dag.py:4180} INFO - Setting next_dagrun for example_branch_dop_operator_v3 to 2025-03-12 12:40:00+00:00, run_after=2025-03-12 12:41:00+00:00
[2025-03-12T14:41:47.898+0200] {processor.py:208} INFO - Processing /home/munyah/.local/lib/python3.10/site-packages/airflow/example_dags/example_branch_python_dop_operator_3.py took 0.101 seconds
[2025-03-12T14:42:48.282+0200] {processor.py:186} INFO - Started process (PID=141433) to work on /home/munyah/.local/lib/python3.10/site-packages/airflow/example_dags/example_branch_python_dop_operator_3.py
[2025-03-12T14:42:48.283+0200] {processor.py:914} INFO - Processing file /home/munyah/.local/lib/python3.10/site-packages/airflow/example_dags/example_branch_python_dop_operator_3.py for tasks to queue
[2025-03-12T14:42:48.286+0200] {logging_mixin.py:190} INFO - [2025-03-12T14:42:48.286+0200] {dagbag.py:588} INFO - Filling up the DagBag from /home/munyah/.local/lib/python3.10/site-packages/airflow/example_dags/example_branch_python_dop_operator_3.py
[2025-03-12T14:42:48.299+0200] {processor.py:925} INFO - DAG(s) 'example_branch_dop_operator_v3' retrieved from /home/munyah/.local/lib/python3.10/site-packages/airflow/example_dags/example_branch_python_dop_operator_3.py
[2025-03-12T14:42:48.317+0200] {logging_mixin.py:190} INFO - [2025-03-12T14:42:48.316+0200] {dag.py:3239} INFO - Sync 1 DAGs
[2025-03-12T14:42:48.345+0200] {logging_mixin.py:190} INFO - [2025-03-12T14:42:48.345+0200] {dag.py:4180} INFO - Setting next_dagrun for example_branch_dop_operator_v3 to 2025-03-12 12:41:00+00:00, run_after=2025-03-12 12:42:00+00:00
[2025-03-12T14:42:48.370+0200] {processor.py:208} INFO - Processing /home/munyah/.local/lib/python3.10/site-packages/airflow/example_dags/example_branch_python_dop_operator_3.py took 0.095 seconds
[2025-03-12T14:43:47.910+0200] {processor.py:186} INFO - Started process (PID=141599) to work on /home/munyah/.local/lib/python3.10/site-packages/airflow/example_dags/example_branch_python_dop_operator_3.py
[2025-03-12T14:43:47.912+0200] {processor.py:914} INFO - Processing file /home/munyah/.local/lib/python3.10/site-packages/airflow/example_dags/example_branch_python_dop_operator_3.py for tasks to queue
[2025-03-12T14:43:47.914+0200] {logging_mixin.py:190} INFO - [2025-03-12T14:43:47.914+0200] {dagbag.py:588} INFO - Filling up the DagBag from /home/munyah/.local/lib/python3.10/site-packages/airflow/example_dags/example_branch_python_dop_operator_3.py
[2025-03-12T14:43:47.929+0200] {processor.py:925} INFO - DAG(s) 'example_branch_dop_operator_v3' retrieved from /home/munyah/.local/lib/python3.10/site-packages/airflow/example_dags/example_branch_python_dop_operator_3.py
[2025-03-12T14:43:47.950+0200] {logging_mixin.py:190} INFO - [2025-03-12T14:43:47.949+0200] {dag.py:3239} INFO - Sync 1 DAGs
[2025-03-12T14:43:47.976+0200] {logging_mixin.py:190} INFO - [2025-03-12T14:43:47.976+0200] {dag.py:4180} INFO - Setting next_dagrun for example_branch_dop_operator_v3 to 2025-03-12 12:42:00+00:00, run_after=2025-03-12 12:43:00+00:00
[2025-03-12T14:43:47.997+0200] {processor.py:208} INFO - Processing /home/munyah/.local/lib/python3.10/site-packages/airflow/example_dags/example_branch_python_dop_operator_3.py took 0.094 seconds
[2025-03-12T14:44:47.845+0200] {processor.py:186} INFO - Started process (PID=141792) to work on /home/munyah/.local/lib/python3.10/site-packages/airflow/example_dags/example_branch_python_dop_operator_3.py
[2025-03-12T14:44:47.848+0200] {processor.py:914} INFO - Processing file /home/munyah/.local/lib/python3.10/site-packages/airflow/example_dags/example_branch_python_dop_operator_3.py for tasks to queue
[2025-03-12T14:44:47.853+0200] {logging_mixin.py:190} INFO - [2025-03-12T14:44:47.852+0200] {dagbag.py:588} INFO - Filling up the DagBag from /home/munyah/.local/lib/python3.10/site-packages/airflow/example_dags/example_branch_python_dop_operator_3.py
[2025-03-12T14:44:47.874+0200] {processor.py:925} INFO - DAG(s) 'example_branch_dop_operator_v3' retrieved from /home/munyah/.local/lib/python3.10/site-packages/airflow/example_dags/example_branch_python_dop_operator_3.py
[2025-03-12T14:44:47.894+0200] {logging_mixin.py:190} INFO - [2025-03-12T14:44:47.893+0200] {dag.py:3239} INFO - Sync 1 DAGs
[2025-03-12T14:44:47.922+0200] {logging_mixin.py:190} INFO - [2025-03-12T14:44:47.921+0200] {dag.py:4180} INFO - Setting next_dagrun for example_branch_dop_operator_v3 to 2025-03-12 12:43:00+00:00, run_after=2025-03-12 12:44:00+00:00
[2025-03-12T14:44:47.946+0200] {processor.py:208} INFO - Processing /home/munyah/.local/lib/python3.10/site-packages/airflow/example_dags/example_branch_python_dop_operator_3.py took 0.118 seconds
[2025-03-12T14:45:47.382+0200] {processor.py:186} INFO - Started process (PID=141955) to work on /home/munyah/.local/lib/python3.10/site-packages/airflow/example_dags/example_branch_python_dop_operator_3.py
[2025-03-12T14:45:47.383+0200] {processor.py:914} INFO - Processing file /home/munyah/.local/lib/python3.10/site-packages/airflow/example_dags/example_branch_python_dop_operator_3.py for tasks to queue
[2025-03-12T14:45:47.385+0200] {logging_mixin.py:190} INFO - [2025-03-12T14:45:47.385+0200] {dagbag.py:588} INFO - Filling up the DagBag from /home/munyah/.local/lib/python3.10/site-packages/airflow/example_dags/example_branch_python_dop_operator_3.py
[2025-03-12T14:45:47.399+0200] {processor.py:925} INFO - DAG(s) 'example_branch_dop_operator_v3' retrieved from /home/munyah/.local/lib/python3.10/site-packages/airflow/example_dags/example_branch_python_dop_operator_3.py
[2025-03-12T14:45:47.417+0200] {logging_mixin.py:190} INFO - [2025-03-12T14:45:47.416+0200] {dag.py:3239} INFO - Sync 1 DAGs
[2025-03-12T14:45:47.445+0200] {logging_mixin.py:190} INFO - [2025-03-12T14:45:47.444+0200] {dag.py:4180} INFO - Setting next_dagrun for example_branch_dop_operator_v3 to 2025-03-12 12:44:00+00:00, run_after=2025-03-12 12:45:00+00:00
[2025-03-12T14:45:47.471+0200] {processor.py:208} INFO - Processing /home/munyah/.local/lib/python3.10/site-packages/airflow/example_dags/example_branch_python_dop_operator_3.py took 0.097 seconds
[2025-03-12T14:46:48.334+0200] {processor.py:186} INFO - Started process (PID=142198) to work on /home/munyah/.local/lib/python3.10/site-packages/airflow/example_dags/example_branch_python_dop_operator_3.py
[2025-03-12T14:46:48.336+0200] {processor.py:914} INFO - Processing file /home/munyah/.local/lib/python3.10/site-packages/airflow/example_dags/example_branch_python_dop_operator_3.py for tasks to queue
[2025-03-12T14:46:48.339+0200] {logging_mixin.py:190} INFO - [2025-03-12T14:46:48.339+0200] {dagbag.py:588} INFO - Filling up the DagBag from /home/munyah/.local/lib/python3.10/site-packages/airflow/example_dags/example_branch_python_dop_operator_3.py
[2025-03-12T14:46:48.357+0200] {processor.py:925} INFO - DAG(s) 'example_branch_dop_operator_v3' retrieved from /home/munyah/.local/lib/python3.10/site-packages/airflow/example_dags/example_branch_python_dop_operator_3.py
[2025-03-12T14:46:48.375+0200] {logging_mixin.py:190} INFO - [2025-03-12T14:46:48.374+0200] {dag.py:3239} INFO - Sync 1 DAGs
[2025-03-12T14:46:48.402+0200] {logging_mixin.py:190} INFO - [2025-03-12T14:46:48.402+0200] {dag.py:4180} INFO - Setting next_dagrun for example_branch_dop_operator_v3 to 2025-03-12 12:45:00+00:00, run_after=2025-03-12 12:46:00+00:00
[2025-03-12T14:46:48.422+0200] {processor.py:208} INFO - Processing /home/munyah/.local/lib/python3.10/site-packages/airflow/example_dags/example_branch_python_dop_operator_3.py took 0.100 seconds
[2025-03-12T14:49:52.962+0200] {processor.py:186} INFO - Started process (PID=142824) to work on /home/munyah/.local/lib/python3.10/site-packages/airflow/example_dags/example_branch_python_dop_operator_3.py
[2025-03-12T14:49:52.964+0200] {processor.py:914} INFO - Processing file /home/munyah/.local/lib/python3.10/site-packages/airflow/example_dags/example_branch_python_dop_operator_3.py for tasks to queue
[2025-03-12T14:49:52.967+0200] {logging_mixin.py:190} INFO - [2025-03-12T14:49:52.966+0200] {dagbag.py:588} INFO - Filling up the DagBag from /home/munyah/.local/lib/python3.10/site-packages/airflow/example_dags/example_branch_python_dop_operator_3.py
[2025-03-12T14:49:52.982+0200] {processor.py:925} INFO - DAG(s) 'example_branch_dop_operator_v3' retrieved from /home/munyah/.local/lib/python3.10/site-packages/airflow/example_dags/example_branch_python_dop_operator_3.py
[2025-03-12T14:49:53.007+0200] {logging_mixin.py:190} INFO - [2025-03-12T14:49:53.007+0200] {dag.py:3239} INFO - Sync 1 DAGs
[2025-03-12T14:49:53.328+0200] {logging_mixin.py:190} INFO - [2025-03-12T14:49:53.327+0200] {dag.py:4180} INFO - Setting next_dagrun for example_branch_dop_operator_v3 to 2025-03-12 12:48:00+00:00, run_after=2025-03-12 12:49:00+00:00
[2025-03-12T14:49:53.487+0200] {processor.py:208} INFO - Processing /home/munyah/.local/lib/python3.10/site-packages/airflow/example_dags/example_branch_python_dop_operator_3.py took 0.541 seconds
[2025-03-12T14:51:06.976+0200] {processor.py:186} INFO - Started process (PID=143079) to work on /home/munyah/.local/lib/python3.10/site-packages/airflow/example_dags/example_branch_python_dop_operator_3.py
[2025-03-12T14:51:06.978+0200] {processor.py:914} INFO - Processing file /home/munyah/.local/lib/python3.10/site-packages/airflow/example_dags/example_branch_python_dop_operator_3.py for tasks to queue
[2025-03-12T14:51:06.981+0200] {logging_mixin.py:190} INFO - [2025-03-12T14:51:06.981+0200] {dagbag.py:588} INFO - Filling up the DagBag from /home/munyah/.local/lib/python3.10/site-packages/airflow/example_dags/example_branch_python_dop_operator_3.py
[2025-03-12T14:51:07.000+0200] {processor.py:925} INFO - DAG(s) 'example_branch_dop_operator_v3' retrieved from /home/munyah/.local/lib/python3.10/site-packages/airflow/example_dags/example_branch_python_dop_operator_3.py
[2025-03-12T14:51:07.026+0200] {logging_mixin.py:190} INFO - [2025-03-12T14:51:07.025+0200] {dag.py:3239} INFO - Sync 1 DAGs
[2025-03-12T14:51:07.074+0200] {logging_mixin.py:190} INFO - [2025-03-12T14:51:07.074+0200] {dag.py:4180} INFO - Setting next_dagrun for example_branch_dop_operator_v3 to 2025-03-12 12:50:00+00:00, run_after=2025-03-12 12:51:00+00:00
[2025-03-12T14:51:07.096+0200] {processor.py:208} INFO - Processing /home/munyah/.local/lib/python3.10/site-packages/airflow/example_dags/example_branch_python_dop_operator_3.py took 0.130 seconds
[2025-03-12T14:52:15.815+0200] {processor.py:186} INFO - Started process (PID=143268) to work on /home/munyah/.local/lib/python3.10/site-packages/airflow/example_dags/example_branch_python_dop_operator_3.py
[2025-03-12T14:52:15.816+0200] {processor.py:914} INFO - Processing file /home/munyah/.local/lib/python3.10/site-packages/airflow/example_dags/example_branch_python_dop_operator_3.py for tasks to queue
[2025-03-12T14:52:15.820+0200] {logging_mixin.py:190} INFO - [2025-03-12T14:52:15.819+0200] {dagbag.py:588} INFO - Filling up the DagBag from /home/munyah/.local/lib/python3.10/site-packages/airflow/example_dags/example_branch_python_dop_operator_3.py
[2025-03-12T14:52:15.848+0200] {processor.py:925} INFO - DAG(s) 'example_branch_dop_operator_v3' retrieved from /home/munyah/.local/lib/python3.10/site-packages/airflow/example_dags/example_branch_python_dop_operator_3.py
[2025-03-12T14:52:15.886+0200] {logging_mixin.py:190} INFO - [2025-03-12T14:52:15.885+0200] {dag.py:3239} INFO - Sync 1 DAGs
[2025-03-12T14:52:15.944+0200] {logging_mixin.py:190} INFO - [2025-03-12T14:52:15.943+0200] {dag.py:4180} INFO - Setting next_dagrun for example_branch_dop_operator_v3 to 2025-03-12 12:51:00+00:00, run_after=2025-03-12 12:52:00+00:00
[2025-03-12T14:52:15.969+0200] {processor.py:208} INFO - Processing /home/munyah/.local/lib/python3.10/site-packages/airflow/example_dags/example_branch_python_dop_operator_3.py took 0.170 seconds
[2025-03-12T14:53:27.822+0200] {processor.py:186} INFO - Started process (PID=143516) to work on /home/munyah/.local/lib/python3.10/site-packages/airflow/example_dags/example_branch_python_dop_operator_3.py
[2025-03-12T14:53:27.840+0200] {processor.py:914} INFO - Processing file /home/munyah/.local/lib/python3.10/site-packages/airflow/example_dags/example_branch_python_dop_operator_3.py for tasks to queue
[2025-03-12T14:53:27.874+0200] {logging_mixin.py:190} INFO - [2025-03-12T14:53:27.850+0200] {dagbag.py:588} INFO - Filling up the DagBag from /home/munyah/.local/lib/python3.10/site-packages/airflow/example_dags/example_branch_python_dop_operator_3.py
[2025-03-12T14:53:27.941+0200] {processor.py:925} INFO - DAG(s) 'example_branch_dop_operator_v3' retrieved from /home/munyah/.local/lib/python3.10/site-packages/airflow/example_dags/example_branch_python_dop_operator_3.py
[2025-03-12T14:53:28.068+0200] {logging_mixin.py:190} INFO - [2025-03-12T14:53:28.067+0200] {dag.py:3239} INFO - Sync 1 DAGs
[2025-03-12T14:53:28.209+0200] {logging_mixin.py:190} INFO - [2025-03-12T14:53:28.209+0200] {dag.py:4180} INFO - Setting next_dagrun for example_branch_dop_operator_v3 to 2025-03-12 12:52:00+00:00, run_after=2025-03-12 12:53:00+00:00
[2025-03-12T14:53:28.302+0200] {processor.py:208} INFO - Processing /home/munyah/.local/lib/python3.10/site-packages/airflow/example_dags/example_branch_python_dop_operator_3.py took 0.538 seconds
