[2025-03-12T14:17:09.056+0200] {processor.py:186} INFO - Started process (PID=134048) to work on /home/munyah/.local/lib/python3.10/site-packages/airflow/example_dags/example_python_operator.py
[2025-03-12T14:17:09.057+0200] {processor.py:914} INFO - Processing file /home/munyah/.local/lib/python3.10/site-packages/airflow/example_dags/example_python_operator.py for tasks to queue
[2025-03-12T14:17:09.060+0200] {logging_mixin.py:190} INFO - [2025-03-12T14:17:09.059+0200] {dagbag.py:588} INFO - Filling up the DagBag from /home/munyah/.local/lib/python3.10/site-packages/airflow/example_dags/example_python_operator.py
[2025-03-12T14:17:09.068+0200] {logging_mixin.py:190} INFO - [2025-03-12T14:17:09.068+0200] {example_python_operator.py:93} WARNING - The virtalenv_python example task requires virtualenv, please install it.
[2025-03-12T14:17:09.071+0200] {processor.py:925} INFO - DAG(s) 'example_python_operator' retrieved from /home/munyah/.local/lib/python3.10/site-packages/airflow/example_dags/example_python_operator.py
[2025-03-12T14:17:09.090+0200] {logging_mixin.py:190} INFO - [2025-03-12T14:17:09.089+0200] {dag.py:3239} INFO - Sync 1 DAGs
[2025-03-12T14:17:09.105+0200] {logging_mixin.py:190} INFO - [2025-03-12T14:17:09.104+0200] {dag.py:4180} INFO - Setting next_dagrun for example_python_operator to None, run_after=None
[2025-03-12T14:17:09.127+0200] {processor.py:208} INFO - Processing /home/munyah/.local/lib/python3.10/site-packages/airflow/example_dags/example_python_operator.py took 0.078 seconds
[2025-03-12T14:18:13.776+0200] {processor.py:186} INFO - Started process (PID=134656) to work on /home/munyah/.local/lib/python3.10/site-packages/airflow/example_dags/example_python_operator.py
[2025-03-12T14:18:13.777+0200] {processor.py:914} INFO - Processing file /home/munyah/.local/lib/python3.10/site-packages/airflow/example_dags/example_python_operator.py for tasks to queue
[2025-03-12T14:18:13.779+0200] {logging_mixin.py:190} INFO - [2025-03-12T14:18:13.779+0200] {dagbag.py:588} INFO - Filling up the DagBag from /home/munyah/.local/lib/python3.10/site-packages/airflow/example_dags/example_python_operator.py
[2025-03-12T14:18:13.787+0200] {logging_mixin.py:190} INFO - [2025-03-12T14:18:13.787+0200] {example_python_operator.py:93} WARNING - The virtalenv_python example task requires virtualenv, please install it.
[2025-03-12T14:18:13.790+0200] {processor.py:925} INFO - DAG(s) 'example_python_operator' retrieved from /home/munyah/.local/lib/python3.10/site-packages/airflow/example_dags/example_python_operator.py
[2025-03-12T14:18:13.809+0200] {logging_mixin.py:190} INFO - [2025-03-12T14:18:13.809+0200] {dag.py:3239} INFO - Sync 1 DAGs
[2025-03-12T14:18:13.823+0200] {logging_mixin.py:190} INFO - [2025-03-12T14:18:13.822+0200] {dag.py:4180} INFO - Setting next_dagrun for example_python_operator to None, run_after=None
[2025-03-12T14:18:13.845+0200] {processor.py:208} INFO - Processing /home/munyah/.local/lib/python3.10/site-packages/airflow/example_dags/example_python_operator.py took 0.076 seconds
[2025-03-12T14:19:13.510+0200] {processor.py:186} INFO - Started process (PID=134919) to work on /home/munyah/.local/lib/python3.10/site-packages/airflow/example_dags/example_python_operator.py
[2025-03-12T14:19:13.511+0200] {processor.py:914} INFO - Processing file /home/munyah/.local/lib/python3.10/site-packages/airflow/example_dags/example_python_operator.py for tasks to queue
[2025-03-12T14:19:13.513+0200] {logging_mixin.py:190} INFO - [2025-03-12T14:19:13.513+0200] {dagbag.py:588} INFO - Filling up the DagBag from /home/munyah/.local/lib/python3.10/site-packages/airflow/example_dags/example_python_operator.py
[2025-03-12T14:19:13.523+0200] {logging_mixin.py:190} INFO - [2025-03-12T14:19:13.523+0200] {example_python_operator.py:93} WARNING - The virtalenv_python example task requires virtualenv, please install it.
[2025-03-12T14:19:13.526+0200] {processor.py:925} INFO - DAG(s) 'example_python_operator' retrieved from /home/munyah/.local/lib/python3.10/site-packages/airflow/example_dags/example_python_operator.py
[2025-03-12T14:19:13.545+0200] {logging_mixin.py:190} INFO - [2025-03-12T14:19:13.545+0200] {dag.py:3239} INFO - Sync 1 DAGs
[2025-03-12T14:19:13.559+0200] {logging_mixin.py:190} INFO - [2025-03-12T14:19:13.558+0200] {dag.py:4180} INFO - Setting next_dagrun for example_python_operator to None, run_after=None
[2025-03-12T14:19:13.581+0200] {processor.py:208} INFO - Processing /home/munyah/.local/lib/python3.10/site-packages/airflow/example_dags/example_python_operator.py took 0.079 seconds
[2025-03-12T14:20:10.981+0200] {processor.py:186} INFO - Started process (PID=135078) to work on /home/munyah/.local/lib/python3.10/site-packages/airflow/example_dags/example_python_operator.py
[2025-03-12T14:20:10.982+0200] {processor.py:914} INFO - Processing file /home/munyah/.local/lib/python3.10/site-packages/airflow/example_dags/example_python_operator.py for tasks to queue
[2025-03-12T14:20:10.985+0200] {logging_mixin.py:190} INFO - [2025-03-12T14:20:10.984+0200] {dagbag.py:588} INFO - Filling up the DagBag from /home/munyah/.local/lib/python3.10/site-packages/airflow/example_dags/example_python_operator.py
[2025-03-12T14:20:10.993+0200] {logging_mixin.py:190} INFO - [2025-03-12T14:20:10.992+0200] {example_python_operator.py:93} WARNING - The virtalenv_python example task requires virtualenv, please install it.
[2025-03-12T14:20:10.995+0200] {processor.py:925} INFO - DAG(s) 'example_python_operator' retrieved from /home/munyah/.local/lib/python3.10/site-packages/airflow/example_dags/example_python_operator.py
[2025-03-12T14:20:11.017+0200] {logging_mixin.py:190} INFO - [2025-03-12T14:20:11.017+0200] {dag.py:3239} INFO - Sync 1 DAGs
[2025-03-12T14:20:11.032+0200] {logging_mixin.py:190} INFO - [2025-03-12T14:20:11.032+0200] {dag.py:4180} INFO - Setting next_dagrun for example_python_operator to None, run_after=None
[2025-03-12T14:20:11.053+0200] {processor.py:208} INFO - Processing /home/munyah/.local/lib/python3.10/site-packages/airflow/example_dags/example_python_operator.py took 0.081 seconds
[2025-03-12T14:21:08.177+0200] {processor.py:186} INFO - Started process (PID=135274) to work on /home/munyah/.local/lib/python3.10/site-packages/airflow/example_dags/example_python_operator.py
[2025-03-12T14:21:08.178+0200] {processor.py:914} INFO - Processing file /home/munyah/.local/lib/python3.10/site-packages/airflow/example_dags/example_python_operator.py for tasks to queue
[2025-03-12T14:21:08.181+0200] {logging_mixin.py:190} INFO - [2025-03-12T14:21:08.180+0200] {dagbag.py:588} INFO - Filling up the DagBag from /home/munyah/.local/lib/python3.10/site-packages/airflow/example_dags/example_python_operator.py
[2025-03-12T14:21:08.189+0200] {logging_mixin.py:190} INFO - [2025-03-12T14:21:08.189+0200] {example_python_operator.py:93} WARNING - The virtalenv_python example task requires virtualenv, please install it.
[2025-03-12T14:21:08.192+0200] {processor.py:925} INFO - DAG(s) 'example_python_operator' retrieved from /home/munyah/.local/lib/python3.10/site-packages/airflow/example_dags/example_python_operator.py
[2025-03-12T14:21:08.212+0200] {logging_mixin.py:190} INFO - [2025-03-12T14:21:08.212+0200] {dag.py:3239} INFO - Sync 1 DAGs
[2025-03-12T14:21:08.227+0200] {logging_mixin.py:190} INFO - [2025-03-12T14:21:08.226+0200] {dag.py:4180} INFO - Setting next_dagrun for example_python_operator to None, run_after=None
[2025-03-12T14:21:08.249+0200] {processor.py:208} INFO - Processing /home/munyah/.local/lib/python3.10/site-packages/airflow/example_dags/example_python_operator.py took 0.080 seconds
[2025-03-12T14:22:04.368+0200] {processor.py:186} INFO - Started process (PID=135480) to work on /home/munyah/.local/lib/python3.10/site-packages/airflow/example_dags/example_python_operator.py
[2025-03-12T14:22:04.369+0200] {processor.py:914} INFO - Processing file /home/munyah/.local/lib/python3.10/site-packages/airflow/example_dags/example_python_operator.py for tasks to queue
[2025-03-12T14:22:04.371+0200] {logging_mixin.py:190} INFO - [2025-03-12T14:22:04.371+0200] {dagbag.py:588} INFO - Filling up the DagBag from /home/munyah/.local/lib/python3.10/site-packages/airflow/example_dags/example_python_operator.py
[2025-03-12T14:22:04.380+0200] {logging_mixin.py:190} INFO - [2025-03-12T14:22:04.380+0200] {example_python_operator.py:93} WARNING - The virtalenv_python example task requires virtualenv, please install it.
[2025-03-12T14:22:04.383+0200] {processor.py:925} INFO - DAG(s) 'example_python_operator' retrieved from /home/munyah/.local/lib/python3.10/site-packages/airflow/example_dags/example_python_operator.py
[2025-03-12T14:22:04.404+0200] {logging_mixin.py:190} INFO - [2025-03-12T14:22:04.404+0200] {dag.py:3239} INFO - Sync 1 DAGs
[2025-03-12T14:22:04.419+0200] {logging_mixin.py:190} INFO - [2025-03-12T14:22:04.418+0200] {dag.py:4180} INFO - Setting next_dagrun for example_python_operator to None, run_after=None
[2025-03-12T14:22:04.442+0200] {processor.py:208} INFO - Processing /home/munyah/.local/lib/python3.10/site-packages/airflow/example_dags/example_python_operator.py took 0.082 seconds
[2025-03-12T14:23:06.119+0200] {processor.py:186} INFO - Started process (PID=136399) to work on /home/munyah/.local/lib/python3.10/site-packages/airflow/example_dags/example_python_operator.py
[2025-03-12T14:23:06.121+0200] {processor.py:914} INFO - Processing file /home/munyah/.local/lib/python3.10/site-packages/airflow/example_dags/example_python_operator.py for tasks to queue
[2025-03-12T14:23:06.125+0200] {logging_mixin.py:190} INFO - [2025-03-12T14:23:06.124+0200] {dagbag.py:588} INFO - Filling up the DagBag from /home/munyah/.local/lib/python3.10/site-packages/airflow/example_dags/example_python_operator.py
[2025-03-12T14:23:06.139+0200] {logging_mixin.py:190} INFO - [2025-03-12T14:23:06.139+0200] {example_python_operator.py:93} WARNING - The virtalenv_python example task requires virtualenv, please install it.
[2025-03-12T14:23:06.143+0200] {processor.py:925} INFO - DAG(s) 'example_python_operator' retrieved from /home/munyah/.local/lib/python3.10/site-packages/airflow/example_dags/example_python_operator.py
[2025-03-12T14:23:06.178+0200] {logging_mixin.py:190} INFO - [2025-03-12T14:23:06.177+0200] {dag.py:3239} INFO - Sync 1 DAGs
[2025-03-12T14:23:06.205+0200] {logging_mixin.py:190} INFO - [2025-03-12T14:23:06.205+0200] {dag.py:4180} INFO - Setting next_dagrun for example_python_operator to None, run_after=None
[2025-03-12T14:23:06.244+0200] {processor.py:208} INFO - Processing /home/munyah/.local/lib/python3.10/site-packages/airflow/example_dags/example_python_operator.py took 0.137 seconds
[2025-03-12T14:24:18.394+0200] {processor.py:186} INFO - Started process (PID=136650) to work on /home/munyah/.local/lib/python3.10/site-packages/airflow/example_dags/example_python_operator.py
[2025-03-12T14:24:18.395+0200] {processor.py:914} INFO - Processing file /home/munyah/.local/lib/python3.10/site-packages/airflow/example_dags/example_python_operator.py for tasks to queue
[2025-03-12T14:24:18.399+0200] {logging_mixin.py:190} INFO - [2025-03-12T14:24:18.398+0200] {dagbag.py:588} INFO - Filling up the DagBag from /home/munyah/.local/lib/python3.10/site-packages/airflow/example_dags/example_python_operator.py
[2025-03-12T14:24:18.409+0200] {logging_mixin.py:190} INFO - [2025-03-12T14:24:18.409+0200] {example_python_operator.py:93} WARNING - The virtalenv_python example task requires virtualenv, please install it.
[2025-03-12T14:24:18.412+0200] {processor.py:925} INFO - DAG(s) 'example_python_operator' retrieved from /home/munyah/.local/lib/python3.10/site-packages/airflow/example_dags/example_python_operator.py
[2025-03-12T14:24:18.433+0200] {logging_mixin.py:190} INFO - [2025-03-12T14:24:18.433+0200] {dag.py:3239} INFO - Sync 1 DAGs
[2025-03-12T14:24:18.448+0200] {logging_mixin.py:190} INFO - [2025-03-12T14:24:18.447+0200] {dag.py:4180} INFO - Setting next_dagrun for example_python_operator to None, run_after=None
[2025-03-12T14:24:18.471+0200] {processor.py:208} INFO - Processing /home/munyah/.local/lib/python3.10/site-packages/airflow/example_dags/example_python_operator.py took 0.087 seconds
[2025-03-12T14:25:15.730+0200] {processor.py:186} INFO - Started process (PID=136857) to work on /home/munyah/.local/lib/python3.10/site-packages/airflow/example_dags/example_python_operator.py
[2025-03-12T14:25:15.732+0200] {processor.py:914} INFO - Processing file /home/munyah/.local/lib/python3.10/site-packages/airflow/example_dags/example_python_operator.py for tasks to queue
[2025-03-12T14:25:15.735+0200] {logging_mixin.py:190} INFO - [2025-03-12T14:25:15.735+0200] {dagbag.py:588} INFO - Filling up the DagBag from /home/munyah/.local/lib/python3.10/site-packages/airflow/example_dags/example_python_operator.py
[2025-03-12T14:25:15.745+0200] {logging_mixin.py:190} INFO - [2025-03-12T14:25:15.745+0200] {example_python_operator.py:93} WARNING - The virtalenv_python example task requires virtualenv, please install it.
[2025-03-12T14:25:15.749+0200] {processor.py:925} INFO - DAG(s) 'example_python_operator' retrieved from /home/munyah/.local/lib/python3.10/site-packages/airflow/example_dags/example_python_operator.py
[2025-03-12T14:25:15.770+0200] {logging_mixin.py:190} INFO - [2025-03-12T14:25:15.770+0200] {dag.py:3239} INFO - Sync 1 DAGs
[2025-03-12T14:25:15.788+0200] {logging_mixin.py:190} INFO - [2025-03-12T14:25:15.787+0200] {dag.py:4180} INFO - Setting next_dagrun for example_python_operator to None, run_after=None
[2025-03-12T14:25:15.811+0200] {processor.py:208} INFO - Processing /home/munyah/.local/lib/python3.10/site-packages/airflow/example_dags/example_python_operator.py took 0.096 seconds
[2025-03-12T14:26:14.763+0200] {processor.py:186} INFO - Started process (PID=137071) to work on /home/munyah/.local/lib/python3.10/site-packages/airflow/example_dags/example_python_operator.py
[2025-03-12T14:26:14.764+0200] {processor.py:914} INFO - Processing file /home/munyah/.local/lib/python3.10/site-packages/airflow/example_dags/example_python_operator.py for tasks to queue
[2025-03-12T14:26:14.767+0200] {logging_mixin.py:190} INFO - [2025-03-12T14:26:14.767+0200] {dagbag.py:588} INFO - Filling up the DagBag from /home/munyah/.local/lib/python3.10/site-packages/airflow/example_dags/example_python_operator.py
[2025-03-12T14:26:14.775+0200] {logging_mixin.py:190} INFO - [2025-03-12T14:26:14.775+0200] {example_python_operator.py:93} WARNING - The virtalenv_python example task requires virtualenv, please install it.
[2025-03-12T14:26:14.779+0200] {processor.py:925} INFO - DAG(s) 'example_python_operator' retrieved from /home/munyah/.local/lib/python3.10/site-packages/airflow/example_dags/example_python_operator.py
[2025-03-12T14:26:14.799+0200] {logging_mixin.py:190} INFO - [2025-03-12T14:26:14.798+0200] {dag.py:3239} INFO - Sync 1 DAGs
[2025-03-12T14:26:14.814+0200] {logging_mixin.py:190} INFO - [2025-03-12T14:26:14.813+0200] {dag.py:4180} INFO - Setting next_dagrun for example_python_operator to None, run_after=None
[2025-03-12T14:26:14.837+0200] {processor.py:208} INFO - Processing /home/munyah/.local/lib/python3.10/site-packages/airflow/example_dags/example_python_operator.py took 0.082 seconds
[2025-03-12T14:27:16.761+0200] {processor.py:186} INFO - Started process (PID=137264) to work on /home/munyah/.local/lib/python3.10/site-packages/airflow/example_dags/example_python_operator.py
[2025-03-12T14:27:16.763+0200] {processor.py:914} INFO - Processing file /home/munyah/.local/lib/python3.10/site-packages/airflow/example_dags/example_python_operator.py for tasks to queue
[2025-03-12T14:27:16.766+0200] {logging_mixin.py:190} INFO - [2025-03-12T14:27:16.765+0200] {dagbag.py:588} INFO - Filling up the DagBag from /home/munyah/.local/lib/python3.10/site-packages/airflow/example_dags/example_python_operator.py
[2025-03-12T14:27:16.775+0200] {logging_mixin.py:190} INFO - [2025-03-12T14:27:16.774+0200] {example_python_operator.py:93} WARNING - The virtalenv_python example task requires virtualenv, please install it.
[2025-03-12T14:27:16.777+0200] {processor.py:925} INFO - DAG(s) 'example_python_operator' retrieved from /home/munyah/.local/lib/python3.10/site-packages/airflow/example_dags/example_python_operator.py
[2025-03-12T14:27:16.798+0200] {logging_mixin.py:190} INFO - [2025-03-12T14:27:16.797+0200] {dag.py:3239} INFO - Sync 1 DAGs
[2025-03-12T14:27:16.813+0200] {logging_mixin.py:190} INFO - [2025-03-12T14:27:16.812+0200] {dag.py:4180} INFO - Setting next_dagrun for example_python_operator to None, run_after=None
[2025-03-12T14:27:16.836+0200] {processor.py:208} INFO - Processing /home/munyah/.local/lib/python3.10/site-packages/airflow/example_dags/example_python_operator.py took 0.087 seconds
[2025-03-12T14:28:20.283+0200] {processor.py:186} INFO - Started process (PID=137461) to work on /home/munyah/.local/lib/python3.10/site-packages/airflow/example_dags/example_python_operator.py
[2025-03-12T14:28:20.284+0200] {processor.py:914} INFO - Processing file /home/munyah/.local/lib/python3.10/site-packages/airflow/example_dags/example_python_operator.py for tasks to queue
[2025-03-12T14:28:20.287+0200] {logging_mixin.py:190} INFO - [2025-03-12T14:28:20.287+0200] {dagbag.py:588} INFO - Filling up the DagBag from /home/munyah/.local/lib/python3.10/site-packages/airflow/example_dags/example_python_operator.py
[2025-03-12T14:28:20.296+0200] {logging_mixin.py:190} INFO - [2025-03-12T14:28:20.296+0200] {example_python_operator.py:93} WARNING - The virtalenv_python example task requires virtualenv, please install it.
[2025-03-12T14:28:20.299+0200] {processor.py:925} INFO - DAG(s) 'example_python_operator' retrieved from /home/munyah/.local/lib/python3.10/site-packages/airflow/example_dags/example_python_operator.py
[2025-03-12T14:28:20.322+0200] {logging_mixin.py:190} INFO - [2025-03-12T14:28:20.322+0200] {dag.py:3239} INFO - Sync 1 DAGs
[2025-03-12T14:28:20.339+0200] {logging_mixin.py:190} INFO - [2025-03-12T14:28:20.338+0200] {dag.py:4180} INFO - Setting next_dagrun for example_python_operator to None, run_after=None
[2025-03-12T14:28:20.362+0200] {processor.py:208} INFO - Processing /home/munyah/.local/lib/python3.10/site-packages/airflow/example_dags/example_python_operator.py took 0.088 seconds
[2025-03-12T14:29:17.037+0200] {processor.py:186} INFO - Started process (PID=138074) to work on /home/munyah/.local/lib/python3.10/site-packages/airflow/example_dags/example_python_operator.py
[2025-03-12T14:29:17.039+0200] {processor.py:914} INFO - Processing file /home/munyah/.local/lib/python3.10/site-packages/airflow/example_dags/example_python_operator.py for tasks to queue
[2025-03-12T14:29:17.042+0200] {logging_mixin.py:190} INFO - [2025-03-12T14:29:17.041+0200] {dagbag.py:588} INFO - Filling up the DagBag from /home/munyah/.local/lib/python3.10/site-packages/airflow/example_dags/example_python_operator.py
[2025-03-12T14:29:17.056+0200] {logging_mixin.py:190} INFO - [2025-03-12T14:29:17.056+0200] {example_python_operator.py:93} WARNING - The virtalenv_python example task requires virtualenv, please install it.
[2025-03-12T14:29:17.061+0200] {processor.py:925} INFO - DAG(s) 'example_python_operator' retrieved from /home/munyah/.local/lib/python3.10/site-packages/airflow/example_dags/example_python_operator.py
[2025-03-12T14:29:17.085+0200] {logging_mixin.py:190} INFO - [2025-03-12T14:29:17.084+0200] {dag.py:3239} INFO - Sync 1 DAGs
[2025-03-12T14:29:17.105+0200] {logging_mixin.py:190} INFO - [2025-03-12T14:29:17.105+0200] {dag.py:4180} INFO - Setting next_dagrun for example_python_operator to None, run_after=None
[2025-03-12T14:29:17.131+0200] {processor.py:208} INFO - Processing /home/munyah/.local/lib/python3.10/site-packages/airflow/example_dags/example_python_operator.py took 0.103 seconds
[2025-03-12T14:30:16.366+0200] {processor.py:186} INFO - Started process (PID=138646) to work on /home/munyah/.local/lib/python3.10/site-packages/airflow/example_dags/example_python_operator.py
[2025-03-12T14:30:16.368+0200] {processor.py:914} INFO - Processing file /home/munyah/.local/lib/python3.10/site-packages/airflow/example_dags/example_python_operator.py for tasks to queue
[2025-03-12T14:30:16.371+0200] {logging_mixin.py:190} INFO - [2025-03-12T14:30:16.371+0200] {dagbag.py:588} INFO - Filling up the DagBag from /home/munyah/.local/lib/python3.10/site-packages/airflow/example_dags/example_python_operator.py
[2025-03-12T14:30:16.385+0200] {logging_mixin.py:190} INFO - [2025-03-12T14:30:16.384+0200] {example_python_operator.py:93} WARNING - The virtalenv_python example task requires virtualenv, please install it.
[2025-03-12T14:30:16.387+0200] {processor.py:925} INFO - DAG(s) 'example_python_operator' retrieved from /home/munyah/.local/lib/python3.10/site-packages/airflow/example_dags/example_python_operator.py
[2025-03-12T14:30:16.408+0200] {logging_mixin.py:190} INFO - [2025-03-12T14:30:16.408+0200] {dag.py:3239} INFO - Sync 1 DAGs
[2025-03-12T14:30:16.424+0200] {logging_mixin.py:190} INFO - [2025-03-12T14:30:16.424+0200] {dag.py:4180} INFO - Setting next_dagrun for example_python_operator to None, run_after=None
[2025-03-12T14:30:16.448+0200] {processor.py:208} INFO - Processing /home/munyah/.local/lib/python3.10/site-packages/airflow/example_dags/example_python_operator.py took 0.091 seconds
[2025-03-12T14:31:20.245+0200] {processor.py:186} INFO - Started process (PID=138900) to work on /home/munyah/.local/lib/python3.10/site-packages/airflow/example_dags/example_python_operator.py
[2025-03-12T14:31:20.246+0200] {processor.py:914} INFO - Processing file /home/munyah/.local/lib/python3.10/site-packages/airflow/example_dags/example_python_operator.py for tasks to queue
[2025-03-12T14:31:20.251+0200] {logging_mixin.py:190} INFO - [2025-03-12T14:31:20.250+0200] {dagbag.py:588} INFO - Filling up the DagBag from /home/munyah/.local/lib/python3.10/site-packages/airflow/example_dags/example_python_operator.py
[2025-03-12T14:31:20.261+0200] {logging_mixin.py:190} INFO - [2025-03-12T14:31:20.260+0200] {example_python_operator.py:93} WARNING - The virtalenv_python example task requires virtualenv, please install it.
[2025-03-12T14:31:20.263+0200] {processor.py:925} INFO - DAG(s) 'example_python_operator' retrieved from /home/munyah/.local/lib/python3.10/site-packages/airflow/example_dags/example_python_operator.py
[2025-03-12T14:31:20.284+0200] {logging_mixin.py:190} INFO - [2025-03-12T14:31:20.284+0200] {dag.py:3239} INFO - Sync 1 DAGs
[2025-03-12T14:31:20.299+0200] {logging_mixin.py:190} INFO - [2025-03-12T14:31:20.299+0200] {dag.py:4180} INFO - Setting next_dagrun for example_python_operator to None, run_after=None
[2025-03-12T14:31:20.322+0200] {processor.py:208} INFO - Processing /home/munyah/.local/lib/python3.10/site-packages/airflow/example_dags/example_python_operator.py took 0.090 seconds
[2025-03-12T14:32:24.440+0200] {processor.py:186} INFO - Started process (PID=139112) to work on /home/munyah/.local/lib/python3.10/site-packages/airflow/example_dags/example_python_operator.py
[2025-03-12T14:32:24.441+0200] {processor.py:914} INFO - Processing file /home/munyah/.local/lib/python3.10/site-packages/airflow/example_dags/example_python_operator.py for tasks to queue
[2025-03-12T14:32:24.443+0200] {logging_mixin.py:190} INFO - [2025-03-12T14:32:24.443+0200] {dagbag.py:588} INFO - Filling up the DagBag from /home/munyah/.local/lib/python3.10/site-packages/airflow/example_dags/example_python_operator.py
[2025-03-12T14:32:24.452+0200] {logging_mixin.py:190} INFO - [2025-03-12T14:32:24.452+0200] {example_python_operator.py:93} WARNING - The virtalenv_python example task requires virtualenv, please install it.
[2025-03-12T14:32:24.455+0200] {processor.py:925} INFO - DAG(s) 'example_python_operator' retrieved from /home/munyah/.local/lib/python3.10/site-packages/airflow/example_dags/example_python_operator.py
[2025-03-12T14:32:24.475+0200] {logging_mixin.py:190} INFO - [2025-03-12T14:32:24.475+0200] {dag.py:3239} INFO - Sync 1 DAGs
[2025-03-12T14:32:24.490+0200] {logging_mixin.py:190} INFO - [2025-03-12T14:32:24.490+0200] {dag.py:4180} INFO - Setting next_dagrun for example_python_operator to None, run_after=None
[2025-03-12T14:32:24.512+0200] {processor.py:208} INFO - Processing /home/munyah/.local/lib/python3.10/site-packages/airflow/example_dags/example_python_operator.py took 0.080 seconds
[2025-03-12T14:33:27.554+0200] {processor.py:186} INFO - Started process (PID=139815) to work on /home/munyah/.local/lib/python3.10/site-packages/airflow/example_dags/example_python_operator.py
[2025-03-12T14:33:27.556+0200] {processor.py:914} INFO - Processing file /home/munyah/.local/lib/python3.10/site-packages/airflow/example_dags/example_python_operator.py for tasks to queue
[2025-03-12T14:33:27.560+0200] {logging_mixin.py:190} INFO - [2025-03-12T14:33:27.559+0200] {dagbag.py:588} INFO - Filling up the DagBag from /home/munyah/.local/lib/python3.10/site-packages/airflow/example_dags/example_python_operator.py
[2025-03-12T14:33:27.572+0200] {logging_mixin.py:190} INFO - [2025-03-12T14:33:27.572+0200] {example_python_operator.py:93} WARNING - The virtalenv_python example task requires virtualenv, please install it.
[2025-03-12T14:33:27.575+0200] {processor.py:925} INFO - DAG(s) 'example_python_operator' retrieved from /home/munyah/.local/lib/python3.10/site-packages/airflow/example_dags/example_python_operator.py
[2025-03-12T14:33:27.600+0200] {logging_mixin.py:190} INFO - [2025-03-12T14:33:27.600+0200] {dag.py:3239} INFO - Sync 1 DAGs
[2025-03-12T14:33:27.617+0200] {logging_mixin.py:190} INFO - [2025-03-12T14:33:27.617+0200] {dag.py:4180} INFO - Setting next_dagrun for example_python_operator to None, run_after=None
[2025-03-12T14:33:27.648+0200] {processor.py:208} INFO - Processing /home/munyah/.local/lib/python3.10/site-packages/airflow/example_dags/example_python_operator.py took 0.105 seconds
[2025-03-12T14:34:31.435+0200] {processor.py:186} INFO - Started process (PID=140086) to work on /home/munyah/.local/lib/python3.10/site-packages/airflow/example_dags/example_python_operator.py
[2025-03-12T14:34:31.436+0200] {processor.py:914} INFO - Processing file /home/munyah/.local/lib/python3.10/site-packages/airflow/example_dags/example_python_operator.py for tasks to queue
[2025-03-12T14:34:31.438+0200] {logging_mixin.py:190} INFO - [2025-03-12T14:34:31.438+0200] {dagbag.py:588} INFO - Filling up the DagBag from /home/munyah/.local/lib/python3.10/site-packages/airflow/example_dags/example_python_operator.py
[2025-03-12T14:34:31.448+0200] {logging_mixin.py:190} INFO - [2025-03-12T14:34:31.447+0200] {example_python_operator.py:93} WARNING - The virtalenv_python example task requires virtualenv, please install it.
[2025-03-12T14:34:31.450+0200] {processor.py:925} INFO - DAG(s) 'example_python_operator' retrieved from /home/munyah/.local/lib/python3.10/site-packages/airflow/example_dags/example_python_operator.py
[2025-03-12T14:34:31.470+0200] {logging_mixin.py:190} INFO - [2025-03-12T14:34:31.469+0200] {dag.py:3239} INFO - Sync 1 DAGs
[2025-03-12T14:34:31.484+0200] {logging_mixin.py:190} INFO - [2025-03-12T14:34:31.484+0200] {dag.py:4180} INFO - Setting next_dagrun for example_python_operator to None, run_after=None
[2025-03-12T14:34:31.508+0200] {processor.py:208} INFO - Processing /home/munyah/.local/lib/python3.10/site-packages/airflow/example_dags/example_python_operator.py took 0.080 seconds
[2025-03-12T14:35:33.812+0200] {processor.py:186} INFO - Started process (PID=140278) to work on /home/munyah/.local/lib/python3.10/site-packages/airflow/example_dags/example_python_operator.py
[2025-03-12T14:35:33.813+0200] {processor.py:914} INFO - Processing file /home/munyah/.local/lib/python3.10/site-packages/airflow/example_dags/example_python_operator.py for tasks to queue
[2025-03-12T14:35:33.816+0200] {logging_mixin.py:190} INFO - [2025-03-12T14:35:33.816+0200] {dagbag.py:588} INFO - Filling up the DagBag from /home/munyah/.local/lib/python3.10/site-packages/airflow/example_dags/example_python_operator.py
[2025-03-12T14:35:33.827+0200] {logging_mixin.py:190} INFO - [2025-03-12T14:35:33.827+0200] {example_python_operator.py:93} WARNING - The virtalenv_python example task requires virtualenv, please install it.
[2025-03-12T14:35:33.830+0200] {processor.py:925} INFO - DAG(s) 'example_python_operator' retrieved from /home/munyah/.local/lib/python3.10/site-packages/airflow/example_dags/example_python_operator.py
[2025-03-12T14:35:33.851+0200] {logging_mixin.py:190} INFO - [2025-03-12T14:35:33.850+0200] {dag.py:3239} INFO - Sync 1 DAGs
[2025-03-12T14:35:33.866+0200] {logging_mixin.py:190} INFO - [2025-03-12T14:35:33.866+0200] {dag.py:4180} INFO - Setting next_dagrun for example_python_operator to None, run_after=None
[2025-03-12T14:35:33.890+0200] {processor.py:208} INFO - Processing /home/munyah/.local/lib/python3.10/site-packages/airflow/example_dags/example_python_operator.py took 0.088 seconds
[2025-03-12T14:36:41.802+0200] {processor.py:186} INFO - Started process (PID=140493) to work on /home/munyah/.local/lib/python3.10/site-packages/airflow/example_dags/example_python_operator.py
[2025-03-12T14:36:41.803+0200] {processor.py:914} INFO - Processing file /home/munyah/.local/lib/python3.10/site-packages/airflow/example_dags/example_python_operator.py for tasks to queue
[2025-03-12T14:36:41.805+0200] {logging_mixin.py:190} INFO - [2025-03-12T14:36:41.805+0200] {dagbag.py:588} INFO - Filling up the DagBag from /home/munyah/.local/lib/python3.10/site-packages/airflow/example_dags/example_python_operator.py
[2025-03-12T14:36:41.814+0200] {logging_mixin.py:190} INFO - [2025-03-12T14:36:41.813+0200] {example_python_operator.py:93} WARNING - The virtalenv_python example task requires virtualenv, please install it.
[2025-03-12T14:36:41.816+0200] {processor.py:925} INFO - DAG(s) 'example_python_operator' retrieved from /home/munyah/.local/lib/python3.10/site-packages/airflow/example_dags/example_python_operator.py
[2025-03-12T14:36:41.836+0200] {logging_mixin.py:190} INFO - [2025-03-12T14:36:41.835+0200] {dag.py:3239} INFO - Sync 1 DAGs
[2025-03-12T14:36:41.849+0200] {logging_mixin.py:190} INFO - [2025-03-12T14:36:41.849+0200] {dag.py:4180} INFO - Setting next_dagrun for example_python_operator to None, run_after=None
[2025-03-12T14:36:41.881+0200] {processor.py:208} INFO - Processing /home/munyah/.local/lib/python3.10/site-packages/airflow/example_dags/example_python_operator.py took 0.087 seconds
[2025-03-12T14:37:44.828+0200] {processor.py:186} INFO - Started process (PID=140632) to work on /home/munyah/.local/lib/python3.10/site-packages/airflow/example_dags/example_python_operator.py
[2025-03-12T14:37:44.830+0200] {processor.py:914} INFO - Processing file /home/munyah/.local/lib/python3.10/site-packages/airflow/example_dags/example_python_operator.py for tasks to queue
[2025-03-12T14:37:44.833+0200] {logging_mixin.py:190} INFO - [2025-03-12T14:37:44.832+0200] {dagbag.py:588} INFO - Filling up the DagBag from /home/munyah/.local/lib/python3.10/site-packages/airflow/example_dags/example_python_operator.py
[2025-03-12T14:37:44.843+0200] {logging_mixin.py:190} INFO - [2025-03-12T14:37:44.842+0200] {example_python_operator.py:93} WARNING - The virtalenv_python example task requires virtualenv, please install it.
[2025-03-12T14:37:44.846+0200] {processor.py:925} INFO - DAG(s) 'example_python_operator' retrieved from /home/munyah/.local/lib/python3.10/site-packages/airflow/example_dags/example_python_operator.py
[2025-03-12T14:37:44.866+0200] {logging_mixin.py:190} INFO - [2025-03-12T14:37:44.866+0200] {dag.py:3239} INFO - Sync 1 DAGs
[2025-03-12T14:37:44.879+0200] {logging_mixin.py:190} INFO - [2025-03-12T14:37:44.879+0200] {dag.py:4180} INFO - Setting next_dagrun for example_python_operator to None, run_after=None
[2025-03-12T14:37:44.901+0200] {processor.py:208} INFO - Processing /home/munyah/.local/lib/python3.10/site-packages/airflow/example_dags/example_python_operator.py took 0.082 seconds
[2025-03-12T14:38:50.909+0200] {processor.py:186} INFO - Started process (PID=140713) to work on /home/munyah/.local/lib/python3.10/site-packages/airflow/example_dags/example_python_operator.py
[2025-03-12T14:38:50.912+0200] {processor.py:914} INFO - Processing file /home/munyah/.local/lib/python3.10/site-packages/airflow/example_dags/example_python_operator.py for tasks to queue
[2025-03-12T14:38:50.917+0200] {logging_mixin.py:190} INFO - [2025-03-12T14:38:50.916+0200] {dagbag.py:588} INFO - Filling up the DagBag from /home/munyah/.local/lib/python3.10/site-packages/airflow/example_dags/example_python_operator.py
[2025-03-12T14:38:50.931+0200] {logging_mixin.py:190} INFO - [2025-03-12T14:38:50.931+0200] {example_python_operator.py:93} WARNING - The virtalenv_python example task requires virtualenv, please install it.
[2025-03-12T14:38:50.935+0200] {processor.py:925} INFO - DAG(s) 'example_python_operator' retrieved from /home/munyah/.local/lib/python3.10/site-packages/airflow/example_dags/example_python_operator.py
[2025-03-12T14:38:50.961+0200] {logging_mixin.py:190} INFO - [2025-03-12T14:38:50.961+0200] {dag.py:3239} INFO - Sync 1 DAGs
[2025-03-12T14:38:50.974+0200] {logging_mixin.py:190} INFO - [2025-03-12T14:38:50.974+0200] {dag.py:4180} INFO - Setting next_dagrun for example_python_operator to None, run_after=None
[2025-03-12T14:38:50.995+0200] {processor.py:208} INFO - Processing /home/munyah/.local/lib/python3.10/site-packages/airflow/example_dags/example_python_operator.py took 0.103 seconds
[2025-03-12T14:39:55.661+0200] {processor.py:186} INFO - Started process (PID=140818) to work on /home/munyah/.local/lib/python3.10/site-packages/airflow/example_dags/example_python_operator.py
[2025-03-12T14:39:55.663+0200] {processor.py:914} INFO - Processing file /home/munyah/.local/lib/python3.10/site-packages/airflow/example_dags/example_python_operator.py for tasks to queue
[2025-03-12T14:39:55.669+0200] {logging_mixin.py:190} INFO - [2025-03-12T14:39:55.668+0200] {dagbag.py:588} INFO - Filling up the DagBag from /home/munyah/.local/lib/python3.10/site-packages/airflow/example_dags/example_python_operator.py
[2025-03-12T14:39:55.683+0200] {logging_mixin.py:190} INFO - [2025-03-12T14:39:55.683+0200] {example_python_operator.py:93} WARNING - The virtalenv_python example task requires virtualenv, please install it.
[2025-03-12T14:39:55.687+0200] {processor.py:925} INFO - DAG(s) 'example_python_operator' retrieved from /home/munyah/.local/lib/python3.10/site-packages/airflow/example_dags/example_python_operator.py
[2025-03-12T14:39:55.708+0200] {logging_mixin.py:190} INFO - [2025-03-12T14:39:55.707+0200] {dag.py:3239} INFO - Sync 1 DAGs
[2025-03-12T14:39:55.721+0200] {logging_mixin.py:190} INFO - [2025-03-12T14:39:55.721+0200] {dag.py:4180} INFO - Setting next_dagrun for example_python_operator to None, run_after=None
[2025-03-12T14:39:55.742+0200] {processor.py:208} INFO - Processing /home/munyah/.local/lib/python3.10/site-packages/airflow/example_dags/example_python_operator.py took 0.096 seconds
[2025-03-12T14:40:58.065+0200] {processor.py:186} INFO - Started process (PID=140971) to work on /home/munyah/.local/lib/python3.10/site-packages/airflow/example_dags/example_python_operator.py
[2025-03-12T14:40:58.067+0200] {processor.py:914} INFO - Processing file /home/munyah/.local/lib/python3.10/site-packages/airflow/example_dags/example_python_operator.py for tasks to queue
[2025-03-12T14:40:58.071+0200] {logging_mixin.py:190} INFO - [2025-03-12T14:40:58.071+0200] {dagbag.py:588} INFO - Filling up the DagBag from /home/munyah/.local/lib/python3.10/site-packages/airflow/example_dags/example_python_operator.py
[2025-03-12T14:40:58.084+0200] {logging_mixin.py:190} INFO - [2025-03-12T14:40:58.084+0200] {example_python_operator.py:93} WARNING - The virtalenv_python example task requires virtualenv, please install it.
[2025-03-12T14:40:58.089+0200] {processor.py:925} INFO - DAG(s) 'example_python_operator' retrieved from /home/munyah/.local/lib/python3.10/site-packages/airflow/example_dags/example_python_operator.py
[2025-03-12T14:40:58.110+0200] {logging_mixin.py:190} INFO - [2025-03-12T14:40:58.110+0200] {dag.py:3239} INFO - Sync 1 DAGs
[2025-03-12T14:40:58.125+0200] {logging_mixin.py:190} INFO - [2025-03-12T14:40:58.124+0200] {dag.py:4180} INFO - Setting next_dagrun for example_python_operator to None, run_after=None
[2025-03-12T14:40:58.145+0200] {processor.py:208} INFO - Processing /home/munyah/.local/lib/python3.10/site-packages/airflow/example_dags/example_python_operator.py took 0.092 seconds
[2025-03-12T14:42:00.399+0200] {processor.py:186} INFO - Started process (PID=141269) to work on /home/munyah/.local/lib/python3.10/site-packages/airflow/example_dags/example_python_operator.py
[2025-03-12T14:42:00.400+0200] {processor.py:914} INFO - Processing file /home/munyah/.local/lib/python3.10/site-packages/airflow/example_dags/example_python_operator.py for tasks to queue
[2025-03-12T14:42:00.403+0200] {logging_mixin.py:190} INFO - [2025-03-12T14:42:00.402+0200] {dagbag.py:588} INFO - Filling up the DagBag from /home/munyah/.local/lib/python3.10/site-packages/airflow/example_dags/example_python_operator.py
[2025-03-12T14:42:00.411+0200] {logging_mixin.py:190} INFO - [2025-03-12T14:42:00.411+0200] {example_python_operator.py:93} WARNING - The virtalenv_python example task requires virtualenv, please install it.
[2025-03-12T14:42:00.414+0200] {processor.py:925} INFO - DAG(s) 'example_python_operator' retrieved from /home/munyah/.local/lib/python3.10/site-packages/airflow/example_dags/example_python_operator.py
[2025-03-12T14:42:00.434+0200] {logging_mixin.py:190} INFO - [2025-03-12T14:42:00.434+0200] {dag.py:3239} INFO - Sync 1 DAGs
[2025-03-12T14:42:00.449+0200] {logging_mixin.py:190} INFO - [2025-03-12T14:42:00.449+0200] {dag.py:4180} INFO - Setting next_dagrun for example_python_operator to None, run_after=None
[2025-03-12T14:42:00.473+0200] {processor.py:208} INFO - Processing /home/munyah/.local/lib/python3.10/site-packages/airflow/example_dags/example_python_operator.py took 0.083 seconds
[2025-03-12T14:43:00.990+0200] {processor.py:186} INFO - Started process (PID=141469) to work on /home/munyah/.local/lib/python3.10/site-packages/airflow/example_dags/example_python_operator.py
[2025-03-12T14:43:00.991+0200] {processor.py:914} INFO - Processing file /home/munyah/.local/lib/python3.10/site-packages/airflow/example_dags/example_python_operator.py for tasks to queue
[2025-03-12T14:43:00.994+0200] {logging_mixin.py:190} INFO - [2025-03-12T14:43:00.994+0200] {dagbag.py:588} INFO - Filling up the DagBag from /home/munyah/.local/lib/python3.10/site-packages/airflow/example_dags/example_python_operator.py
[2025-03-12T14:43:01.004+0200] {logging_mixin.py:190} INFO - [2025-03-12T14:43:01.003+0200] {example_python_operator.py:93} WARNING - The virtalenv_python example task requires virtualenv, please install it.
[2025-03-12T14:43:01.006+0200] {processor.py:925} INFO - DAG(s) 'example_python_operator' retrieved from /home/munyah/.local/lib/python3.10/site-packages/airflow/example_dags/example_python_operator.py
[2025-03-12T14:43:01.032+0200] {logging_mixin.py:190} INFO - [2025-03-12T14:43:01.031+0200] {dag.py:3239} INFO - Sync 1 DAGs
[2025-03-12T14:43:01.048+0200] {logging_mixin.py:190} INFO - [2025-03-12T14:43:01.047+0200] {dag.py:4180} INFO - Setting next_dagrun for example_python_operator to None, run_after=None
[2025-03-12T14:43:01.072+0200] {processor.py:208} INFO - Processing /home/munyah/.local/lib/python3.10/site-packages/airflow/example_dags/example_python_operator.py took 0.091 seconds
[2025-03-12T14:44:00.211+0200] {processor.py:186} INFO - Started process (PID=141634) to work on /home/munyah/.local/lib/python3.10/site-packages/airflow/example_dags/example_python_operator.py
[2025-03-12T14:44:00.212+0200] {processor.py:914} INFO - Processing file /home/munyah/.local/lib/python3.10/site-packages/airflow/example_dags/example_python_operator.py for tasks to queue
[2025-03-12T14:44:00.215+0200] {logging_mixin.py:190} INFO - [2025-03-12T14:44:00.214+0200] {dagbag.py:588} INFO - Filling up the DagBag from /home/munyah/.local/lib/python3.10/site-packages/airflow/example_dags/example_python_operator.py
[2025-03-12T14:44:00.223+0200] {logging_mixin.py:190} INFO - [2025-03-12T14:44:00.223+0200] {example_python_operator.py:93} WARNING - The virtalenv_python example task requires virtualenv, please install it.
[2025-03-12T14:44:00.226+0200] {processor.py:925} INFO - DAG(s) 'example_python_operator' retrieved from /home/munyah/.local/lib/python3.10/site-packages/airflow/example_dags/example_python_operator.py
[2025-03-12T14:44:00.245+0200] {logging_mixin.py:190} INFO - [2025-03-12T14:44:00.245+0200] {dag.py:3239} INFO - Sync 1 DAGs
[2025-03-12T14:44:00.261+0200] {logging_mixin.py:190} INFO - [2025-03-12T14:44:00.260+0200] {dag.py:4180} INFO - Setting next_dagrun for example_python_operator to None, run_after=None
[2025-03-12T14:44:00.283+0200] {processor.py:208} INFO - Processing /home/munyah/.local/lib/python3.10/site-packages/airflow/example_dags/example_python_operator.py took 0.079 seconds
[2025-03-12T14:45:00.305+0200] {processor.py:186} INFO - Started process (PID=141825) to work on /home/munyah/.local/lib/python3.10/site-packages/airflow/example_dags/example_python_operator.py
[2025-03-12T14:45:00.306+0200] {processor.py:914} INFO - Processing file /home/munyah/.local/lib/python3.10/site-packages/airflow/example_dags/example_python_operator.py for tasks to queue
[2025-03-12T14:45:00.308+0200] {logging_mixin.py:190} INFO - [2025-03-12T14:45:00.308+0200] {dagbag.py:588} INFO - Filling up the DagBag from /home/munyah/.local/lib/python3.10/site-packages/airflow/example_dags/example_python_operator.py
[2025-03-12T14:45:00.317+0200] {logging_mixin.py:190} INFO - [2025-03-12T14:45:00.317+0200] {example_python_operator.py:93} WARNING - The virtalenv_python example task requires virtualenv, please install it.
[2025-03-12T14:45:00.320+0200] {processor.py:925} INFO - DAG(s) 'example_python_operator' retrieved from /home/munyah/.local/lib/python3.10/site-packages/airflow/example_dags/example_python_operator.py
[2025-03-12T14:45:00.339+0200] {logging_mixin.py:190} INFO - [2025-03-12T14:45:00.339+0200] {dag.py:3239} INFO - Sync 1 DAGs
[2025-03-12T14:45:00.354+0200] {logging_mixin.py:190} INFO - [2025-03-12T14:45:00.353+0200] {dag.py:4180} INFO - Setting next_dagrun for example_python_operator to None, run_after=None
[2025-03-12T14:45:00.375+0200] {processor.py:208} INFO - Processing /home/munyah/.local/lib/python3.10/site-packages/airflow/example_dags/example_python_operator.py took 0.078 seconds
[2025-03-12T14:46:00.055+0200] {processor.py:186} INFO - Started process (PID=142043) to work on /home/munyah/.local/lib/python3.10/site-packages/airflow/example_dags/example_python_operator.py
[2025-03-12T14:46:00.056+0200] {processor.py:914} INFO - Processing file /home/munyah/.local/lib/python3.10/site-packages/airflow/example_dags/example_python_operator.py for tasks to queue
[2025-03-12T14:46:00.059+0200] {logging_mixin.py:190} INFO - [2025-03-12T14:46:00.059+0200] {dagbag.py:588} INFO - Filling up the DagBag from /home/munyah/.local/lib/python3.10/site-packages/airflow/example_dags/example_python_operator.py
[2025-03-12T14:46:00.067+0200] {logging_mixin.py:190} INFO - [2025-03-12T14:46:00.067+0200] {example_python_operator.py:93} WARNING - The virtalenv_python example task requires virtualenv, please install it.
[2025-03-12T14:46:00.071+0200] {processor.py:925} INFO - DAG(s) 'example_python_operator' retrieved from /home/munyah/.local/lib/python3.10/site-packages/airflow/example_dags/example_python_operator.py
[2025-03-12T14:46:00.091+0200] {logging_mixin.py:190} INFO - [2025-03-12T14:46:00.091+0200] {dag.py:3239} INFO - Sync 1 DAGs
[2025-03-12T14:46:00.106+0200] {logging_mixin.py:190} INFO - [2025-03-12T14:46:00.106+0200] {dag.py:4180} INFO - Setting next_dagrun for example_python_operator to None, run_after=None
[2025-03-12T14:46:00.130+0200] {processor.py:208} INFO - Processing /home/munyah/.local/lib/python3.10/site-packages/airflow/example_dags/example_python_operator.py took 0.083 seconds
[2025-03-12T14:48:43.669+0200] {processor.py:186} INFO - Started process (PID=142480) to work on /home/munyah/.local/lib/python3.10/site-packages/airflow/example_dags/example_python_operator.py
[2025-03-12T14:48:43.671+0200] {processor.py:914} INFO - Processing file /home/munyah/.local/lib/python3.10/site-packages/airflow/example_dags/example_python_operator.py for tasks to queue
[2025-03-12T14:48:43.675+0200] {logging_mixin.py:190} INFO - [2025-03-12T14:48:43.674+0200] {dagbag.py:588} INFO - Filling up the DagBag from /home/munyah/.local/lib/python3.10/site-packages/airflow/example_dags/example_python_operator.py
[2025-03-12T14:48:43.729+0200] {logging_mixin.py:190} INFO - [2025-03-12T14:48:43.728+0200] {example_python_operator.py:93} WARNING - The virtalenv_python example task requires virtualenv, please install it.
[2025-03-12T14:48:43.732+0200] {processor.py:925} INFO - DAG(s) 'example_python_operator' retrieved from /home/munyah/.local/lib/python3.10/site-packages/airflow/example_dags/example_python_operator.py
[2025-03-12T14:48:43.760+0200] {logging_mixin.py:190} INFO - [2025-03-12T14:48:43.760+0200] {dag.py:3239} INFO - Sync 1 DAGs
[2025-03-12T14:48:43.779+0200] {logging_mixin.py:190} INFO - [2025-03-12T14:48:43.779+0200] {dag.py:4180} INFO - Setting next_dagrun for example_python_operator to None, run_after=None
[2025-03-12T14:48:43.820+0200] {processor.py:208} INFO - Processing /home/munyah/.local/lib/python3.10/site-packages/airflow/example_dags/example_python_operator.py took 0.160 seconds
[2025-03-12T14:50:15.305+0200] {processor.py:186} INFO - Started process (PID=142885) to work on /home/munyah/.local/lib/python3.10/site-packages/airflow/example_dags/example_python_operator.py
[2025-03-12T14:50:15.306+0200] {processor.py:914} INFO - Processing file /home/munyah/.local/lib/python3.10/site-packages/airflow/example_dags/example_python_operator.py for tasks to queue
[2025-03-12T14:50:15.308+0200] {logging_mixin.py:190} INFO - [2025-03-12T14:50:15.308+0200] {dagbag.py:588} INFO - Filling up the DagBag from /home/munyah/.local/lib/python3.10/site-packages/airflow/example_dags/example_python_operator.py
[2025-03-12T14:50:15.326+0200] {logging_mixin.py:190} INFO - [2025-03-12T14:50:15.326+0200] {example_python_operator.py:93} WARNING - The virtalenv_python example task requires virtualenv, please install it.
[2025-03-12T14:50:15.329+0200] {processor.py:925} INFO - DAG(s) 'example_python_operator' retrieved from /home/munyah/.local/lib/python3.10/site-packages/airflow/example_dags/example_python_operator.py
[2025-03-12T14:50:15.347+0200] {logging_mixin.py:190} INFO - [2025-03-12T14:50:15.346+0200] {dag.py:3239} INFO - Sync 1 DAGs
[2025-03-12T14:50:15.362+0200] {logging_mixin.py:190} INFO - [2025-03-12T14:50:15.361+0200] {dag.py:4180} INFO - Setting next_dagrun for example_python_operator to None, run_after=None
[2025-03-12T14:50:15.391+0200] {processor.py:208} INFO - Processing /home/munyah/.local/lib/python3.10/site-packages/airflow/example_dags/example_python_operator.py took 0.094 seconds
[2025-03-12T14:51:21.452+0200] {processor.py:186} INFO - Started process (PID=143121) to work on /home/munyah/.local/lib/python3.10/site-packages/airflow/example_dags/example_python_operator.py
[2025-03-12T14:51:21.453+0200] {processor.py:914} INFO - Processing file /home/munyah/.local/lib/python3.10/site-packages/airflow/example_dags/example_python_operator.py for tasks to queue
[2025-03-12T14:51:21.457+0200] {logging_mixin.py:190} INFO - [2025-03-12T14:51:21.456+0200] {dagbag.py:588} INFO - Filling up the DagBag from /home/munyah/.local/lib/python3.10/site-packages/airflow/example_dags/example_python_operator.py
[2025-03-12T14:51:21.473+0200] {logging_mixin.py:190} INFO - [2025-03-12T14:51:21.473+0200] {example_python_operator.py:93} WARNING - The virtalenv_python example task requires virtualenv, please install it.
[2025-03-12T14:51:21.477+0200] {processor.py:925} INFO - DAG(s) 'example_python_operator' retrieved from /home/munyah/.local/lib/python3.10/site-packages/airflow/example_dags/example_python_operator.py
[2025-03-12T14:51:21.508+0200] {logging_mixin.py:190} INFO - [2025-03-12T14:51:21.508+0200] {dag.py:3239} INFO - Sync 1 DAGs
[2025-03-12T14:51:21.523+0200] {logging_mixin.py:190} INFO - [2025-03-12T14:51:21.523+0200] {dag.py:4180} INFO - Setting next_dagrun for example_python_operator to None, run_after=None
[2025-03-12T14:51:21.546+0200] {processor.py:208} INFO - Processing /home/munyah/.local/lib/python3.10/site-packages/airflow/example_dags/example_python_operator.py took 0.105 seconds
[2025-03-12T14:52:30.919+0200] {processor.py:186} INFO - Started process (PID=143310) to work on /home/munyah/.local/lib/python3.10/site-packages/airflow/example_dags/example_python_operator.py
[2025-03-12T14:52:30.920+0200] {processor.py:914} INFO - Processing file /home/munyah/.local/lib/python3.10/site-packages/airflow/example_dags/example_python_operator.py for tasks to queue
[2025-03-12T14:52:30.923+0200] {logging_mixin.py:190} INFO - [2025-03-12T14:52:30.922+0200] {dagbag.py:588} INFO - Filling up the DagBag from /home/munyah/.local/lib/python3.10/site-packages/airflow/example_dags/example_python_operator.py
[2025-03-12T14:52:30.944+0200] {logging_mixin.py:190} INFO - [2025-03-12T14:52:30.944+0200] {example_python_operator.py:93} WARNING - The virtalenv_python example task requires virtualenv, please install it.
[2025-03-12T14:52:30.949+0200] {processor.py:925} INFO - DAG(s) 'example_python_operator' retrieved from /home/munyah/.local/lib/python3.10/site-packages/airflow/example_dags/example_python_operator.py
[2025-03-12T14:52:30.971+0200] {logging_mixin.py:190} INFO - [2025-03-12T14:52:30.971+0200] {dag.py:3239} INFO - Sync 1 DAGs
[2025-03-12T14:52:30.985+0200] {logging_mixin.py:190} INFO - [2025-03-12T14:52:30.985+0200] {dag.py:4180} INFO - Setting next_dagrun for example_python_operator to None, run_after=None
[2025-03-12T14:52:31.008+0200] {processor.py:208} INFO - Processing /home/munyah/.local/lib/python3.10/site-packages/airflow/example_dags/example_python_operator.py took 0.097 seconds
[2025-03-12T14:53:45.983+0200] {processor.py:186} INFO - Started process (PID=143570) to work on /home/munyah/.local/lib/python3.10/site-packages/airflow/example_dags/example_python_operator.py
[2025-03-12T14:53:45.987+0200] {processor.py:914} INFO - Processing file /home/munyah/.local/lib/python3.10/site-packages/airflow/example_dags/example_python_operator.py for tasks to queue
[2025-03-12T14:53:45.999+0200] {logging_mixin.py:190} INFO - [2025-03-12T14:53:45.990+0200] {dagbag.py:588} INFO - Filling up the DagBag from /home/munyah/.local/lib/python3.10/site-packages/airflow/example_dags/example_python_operator.py
[2025-03-12T14:53:46.161+0200] {logging_mixin.py:190} INFO - [2025-03-12T14:53:46.159+0200] {example_python_operator.py:93} WARNING - The virtalenv_python example task requires virtualenv, please install it.
[2025-03-12T14:53:46.197+0200] {processor.py:925} INFO - DAG(s) 'example_python_operator' retrieved from /home/munyah/.local/lib/python3.10/site-packages/airflow/example_dags/example_python_operator.py
[2025-03-12T14:53:46.299+0200] {logging_mixin.py:190} INFO - [2025-03-12T14:53:46.299+0200] {dag.py:3239} INFO - Sync 1 DAGs
[2025-03-12T14:53:46.360+0200] {logging_mixin.py:190} INFO - [2025-03-12T14:53:46.359+0200] {dag.py:4180} INFO - Setting next_dagrun for example_python_operator to None, run_after=None
[2025-03-12T14:53:46.482+0200] {processor.py:208} INFO - Processing /home/munyah/.local/lib/python3.10/site-packages/airflow/example_dags/example_python_operator.py took 0.519 seconds
