[2025-03-12T14:17:24.659+0200] {processor.py:186} INFO - Started process (PID=134407) to work on /home/munyah/.local/lib/python3.10/site-packages/airflow/example_dags/example_dynamic_task_mapping.py
[2025-03-12T14:17:24.660+0200] {processor.py:914} INFO - Processing file /home/munyah/.local/lib/python3.10/site-packages/airflow/example_dags/example_dynamic_task_mapping.py for tasks to queue
[2025-03-12T14:17:24.666+0200] {logging_mixin.py:190} INFO - [2025-03-12T14:17:24.665+0200] {dagbag.py:588} INFO - Filling up the DagBag from /home/munyah/.local/lib/python3.10/site-packages/airflow/example_dags/example_dynamic_task_mapping.py
[2025-03-12T14:17:24.683+0200] {processor.py:925} INFO - DAG(s) 'example_dynamic_task_mapping' retrieved from /home/munyah/.local/lib/python3.10/site-packages/airflow/example_dags/example_dynamic_task_mapping.py
[2025-03-12T14:17:24.708+0200] {logging_mixin.py:190} INFO - [2025-03-12T14:17:24.707+0200] {dag.py:3239} INFO - Sync 1 DAGs
[2025-03-12T14:17:24.745+0200] {logging_mixin.py:190} INFO - [2025-03-12T14:17:24.744+0200] {dag.py:4180} INFO - Setting next_dagrun for example_dynamic_task_mapping to None, run_after=None
[2025-03-12T14:17:24.803+0200] {processor.py:208} INFO - Processing /home/munyah/.local/lib/python3.10/site-packages/airflow/example_dags/example_dynamic_task_mapping.py took 0.156 seconds
[2025-03-12T14:18:28.313+0200] {processor.py:186} INFO - Started process (PID=134718) to work on /home/munyah/.local/lib/python3.10/site-packages/airflow/example_dags/example_dynamic_task_mapping.py
[2025-03-12T14:18:28.314+0200] {processor.py:914} INFO - Processing file /home/munyah/.local/lib/python3.10/site-packages/airflow/example_dags/example_dynamic_task_mapping.py for tasks to queue
[2025-03-12T14:18:28.317+0200] {logging_mixin.py:190} INFO - [2025-03-12T14:18:28.317+0200] {dagbag.py:588} INFO - Filling up the DagBag from /home/munyah/.local/lib/python3.10/site-packages/airflow/example_dags/example_dynamic_task_mapping.py
[2025-03-12T14:18:28.327+0200] {processor.py:925} INFO - DAG(s) 'example_dynamic_task_mapping' retrieved from /home/munyah/.local/lib/python3.10/site-packages/airflow/example_dags/example_dynamic_task_mapping.py
[2025-03-12T14:18:28.345+0200] {logging_mixin.py:190} INFO - [2025-03-12T14:18:28.345+0200] {dag.py:3239} INFO - Sync 1 DAGs
[2025-03-12T14:18:28.359+0200] {logging_mixin.py:190} INFO - [2025-03-12T14:18:28.359+0200] {dag.py:4180} INFO - Setting next_dagrun for example_dynamic_task_mapping to None, run_after=None
[2025-03-12T14:18:28.381+0200] {processor.py:208} INFO - Processing /home/munyah/.local/lib/python3.10/site-packages/airflow/example_dags/example_dynamic_task_mapping.py took 0.075 seconds
[2025-03-12T14:19:27.892+0200] {processor.py:186} INFO - Started process (PID=134960) to work on /home/munyah/.local/lib/python3.10/site-packages/airflow/example_dags/example_dynamic_task_mapping.py
[2025-03-12T14:19:27.894+0200] {processor.py:914} INFO - Processing file /home/munyah/.local/lib/python3.10/site-packages/airflow/example_dags/example_dynamic_task_mapping.py for tasks to queue
[2025-03-12T14:19:27.896+0200] {logging_mixin.py:190} INFO - [2025-03-12T14:19:27.896+0200] {dagbag.py:588} INFO - Filling up the DagBag from /home/munyah/.local/lib/python3.10/site-packages/airflow/example_dags/example_dynamic_task_mapping.py
[2025-03-12T14:19:27.906+0200] {processor.py:925} INFO - DAG(s) 'example_dynamic_task_mapping' retrieved from /home/munyah/.local/lib/python3.10/site-packages/airflow/example_dags/example_dynamic_task_mapping.py
[2025-03-12T14:19:27.924+0200] {logging_mixin.py:190} INFO - [2025-03-12T14:19:27.923+0200] {dag.py:3239} INFO - Sync 1 DAGs
[2025-03-12T14:19:27.937+0200] {logging_mixin.py:190} INFO - [2025-03-12T14:19:27.937+0200] {dag.py:4180} INFO - Setting next_dagrun for example_dynamic_task_mapping to None, run_after=None
[2025-03-12T14:19:27.960+0200] {processor.py:208} INFO - Processing /home/munyah/.local/lib/python3.10/site-packages/airflow/example_dags/example_dynamic_task_mapping.py took 0.076 seconds
[2025-03-12T14:20:25.524+0200] {processor.py:186} INFO - Started process (PID=135119) to work on /home/munyah/.local/lib/python3.10/site-packages/airflow/example_dags/example_dynamic_task_mapping.py
[2025-03-12T14:20:25.525+0200] {processor.py:914} INFO - Processing file /home/munyah/.local/lib/python3.10/site-packages/airflow/example_dags/example_dynamic_task_mapping.py for tasks to queue
[2025-03-12T14:20:25.527+0200] {logging_mixin.py:190} INFO - [2025-03-12T14:20:25.527+0200] {dagbag.py:588} INFO - Filling up the DagBag from /home/munyah/.local/lib/python3.10/site-packages/airflow/example_dags/example_dynamic_task_mapping.py
[2025-03-12T14:20:25.538+0200] {processor.py:925} INFO - DAG(s) 'example_dynamic_task_mapping' retrieved from /home/munyah/.local/lib/python3.10/site-packages/airflow/example_dags/example_dynamic_task_mapping.py
[2025-03-12T14:20:25.555+0200] {logging_mixin.py:190} INFO - [2025-03-12T14:20:25.554+0200] {dag.py:3239} INFO - Sync 1 DAGs
[2025-03-12T14:20:25.569+0200] {logging_mixin.py:190} INFO - [2025-03-12T14:20:25.568+0200] {dag.py:4180} INFO - Setting next_dagrun for example_dynamic_task_mapping to None, run_after=None
[2025-03-12T14:20:25.591+0200] {processor.py:208} INFO - Processing /home/munyah/.local/lib/python3.10/site-packages/airflow/example_dags/example_dynamic_task_mapping.py took 0.074 seconds
[2025-03-12T14:21:22.511+0200] {processor.py:186} INFO - Started process (PID=135312) to work on /home/munyah/.local/lib/python3.10/site-packages/airflow/example_dags/example_dynamic_task_mapping.py
[2025-03-12T14:21:22.512+0200] {processor.py:914} INFO - Processing file /home/munyah/.local/lib/python3.10/site-packages/airflow/example_dags/example_dynamic_task_mapping.py for tasks to queue
[2025-03-12T14:21:22.515+0200] {logging_mixin.py:190} INFO - [2025-03-12T14:21:22.515+0200] {dagbag.py:588} INFO - Filling up the DagBag from /home/munyah/.local/lib/python3.10/site-packages/airflow/example_dags/example_dynamic_task_mapping.py
[2025-03-12T14:21:22.526+0200] {processor.py:925} INFO - DAG(s) 'example_dynamic_task_mapping' retrieved from /home/munyah/.local/lib/python3.10/site-packages/airflow/example_dags/example_dynamic_task_mapping.py
[2025-03-12T14:21:22.543+0200] {logging_mixin.py:190} INFO - [2025-03-12T14:21:22.543+0200] {dag.py:3239} INFO - Sync 1 DAGs
[2025-03-12T14:21:22.558+0200] {logging_mixin.py:190} INFO - [2025-03-12T14:21:22.558+0200] {dag.py:4180} INFO - Setting next_dagrun for example_dynamic_task_mapping to None, run_after=None
[2025-03-12T14:21:22.579+0200] {processor.py:208} INFO - Processing /home/munyah/.local/lib/python3.10/site-packages/airflow/example_dags/example_dynamic_task_mapping.py took 0.076 seconds
[2025-03-12T14:22:18.174+0200] {processor.py:186} INFO - Started process (PID=135537) to work on /home/munyah/.local/lib/python3.10/site-packages/airflow/example_dags/example_dynamic_task_mapping.py
[2025-03-12T14:22:18.175+0200] {processor.py:914} INFO - Processing file /home/munyah/.local/lib/python3.10/site-packages/airflow/example_dags/example_dynamic_task_mapping.py for tasks to queue
[2025-03-12T14:22:18.178+0200] {logging_mixin.py:190} INFO - [2025-03-12T14:22:18.178+0200] {dagbag.py:588} INFO - Filling up the DagBag from /home/munyah/.local/lib/python3.10/site-packages/airflow/example_dags/example_dynamic_task_mapping.py
[2025-03-12T14:22:18.189+0200] {processor.py:925} INFO - DAG(s) 'example_dynamic_task_mapping' retrieved from /home/munyah/.local/lib/python3.10/site-packages/airflow/example_dags/example_dynamic_task_mapping.py
[2025-03-12T14:22:18.207+0200] {logging_mixin.py:190} INFO - [2025-03-12T14:22:18.207+0200] {dag.py:3239} INFO - Sync 1 DAGs
[2025-03-12T14:22:18.222+0200] {logging_mixin.py:190} INFO - [2025-03-12T14:22:18.222+0200] {dag.py:4180} INFO - Setting next_dagrun for example_dynamic_task_mapping to None, run_after=None
[2025-03-12T14:22:18.244+0200] {processor.py:208} INFO - Processing /home/munyah/.local/lib/python3.10/site-packages/airflow/example_dags/example_dynamic_task_mapping.py took 0.078 seconds
[2025-03-12T14:23:23.641+0200] {processor.py:186} INFO - Started process (PID=136466) to work on /home/munyah/.local/lib/python3.10/site-packages/airflow/example_dags/example_dynamic_task_mapping.py
[2025-03-12T14:23:23.642+0200] {processor.py:914} INFO - Processing file /home/munyah/.local/lib/python3.10/site-packages/airflow/example_dags/example_dynamic_task_mapping.py for tasks to queue
[2025-03-12T14:23:23.644+0200] {logging_mixin.py:190} INFO - [2025-03-12T14:23:23.644+0200] {dagbag.py:588} INFO - Filling up the DagBag from /home/munyah/.local/lib/python3.10/site-packages/airflow/example_dags/example_dynamic_task_mapping.py
[2025-03-12T14:23:23.655+0200] {processor.py:925} INFO - DAG(s) 'example_dynamic_task_mapping' retrieved from /home/munyah/.local/lib/python3.10/site-packages/airflow/example_dags/example_dynamic_task_mapping.py
[2025-03-12T14:23:23.673+0200] {logging_mixin.py:190} INFO - [2025-03-12T14:23:23.672+0200] {dag.py:3239} INFO - Sync 1 DAGs
[2025-03-12T14:23:23.688+0200] {logging_mixin.py:190} INFO - [2025-03-12T14:23:23.687+0200] {dag.py:4180} INFO - Setting next_dagrun for example_dynamic_task_mapping to None, run_after=None
[2025-03-12T14:23:23.712+0200] {processor.py:208} INFO - Processing /home/munyah/.local/lib/python3.10/site-packages/airflow/example_dags/example_dynamic_task_mapping.py took 0.080 seconds
[2025-03-12T14:24:32.964+0200] {processor.py:186} INFO - Started process (PID=136738) to work on /home/munyah/.local/lib/python3.10/site-packages/airflow/example_dags/example_dynamic_task_mapping.py
[2025-03-12T14:24:32.965+0200] {processor.py:914} INFO - Processing file /home/munyah/.local/lib/python3.10/site-packages/airflow/example_dags/example_dynamic_task_mapping.py for tasks to queue
[2025-03-12T14:24:32.968+0200] {logging_mixin.py:190} INFO - [2025-03-12T14:24:32.968+0200] {dagbag.py:588} INFO - Filling up the DagBag from /home/munyah/.local/lib/python3.10/site-packages/airflow/example_dags/example_dynamic_task_mapping.py
[2025-03-12T14:24:32.980+0200] {processor.py:925} INFO - DAG(s) 'example_dynamic_task_mapping' retrieved from /home/munyah/.local/lib/python3.10/site-packages/airflow/example_dags/example_dynamic_task_mapping.py
[2025-03-12T14:24:32.998+0200] {logging_mixin.py:190} INFO - [2025-03-12T14:24:32.997+0200] {dag.py:3239} INFO - Sync 1 DAGs
[2025-03-12T14:24:33.014+0200] {logging_mixin.py:190} INFO - [2025-03-12T14:24:33.014+0200] {dag.py:4180} INFO - Setting next_dagrun for example_dynamic_task_mapping to None, run_after=None
[2025-03-12T14:24:33.036+0200] {processor.py:208} INFO - Processing /home/munyah/.local/lib/python3.10/site-packages/airflow/example_dags/example_dynamic_task_mapping.py took 0.082 seconds
[2025-03-12T14:25:30.367+0200] {processor.py:186} INFO - Started process (PID=136897) to work on /home/munyah/.local/lib/python3.10/site-packages/airflow/example_dags/example_dynamic_task_mapping.py
[2025-03-12T14:25:30.369+0200] {processor.py:914} INFO - Processing file /home/munyah/.local/lib/python3.10/site-packages/airflow/example_dags/example_dynamic_task_mapping.py for tasks to queue
[2025-03-12T14:25:30.372+0200] {logging_mixin.py:190} INFO - [2025-03-12T14:25:30.371+0200] {dagbag.py:588} INFO - Filling up the DagBag from /home/munyah/.local/lib/python3.10/site-packages/airflow/example_dags/example_dynamic_task_mapping.py
[2025-03-12T14:25:30.382+0200] {processor.py:925} INFO - DAG(s) 'example_dynamic_task_mapping' retrieved from /home/munyah/.local/lib/python3.10/site-packages/airflow/example_dags/example_dynamic_task_mapping.py
[2025-03-12T14:25:30.400+0200] {logging_mixin.py:190} INFO - [2025-03-12T14:25:30.399+0200] {dag.py:3239} INFO - Sync 1 DAGs
[2025-03-12T14:25:30.414+0200] {logging_mixin.py:190} INFO - [2025-03-12T14:25:30.413+0200] {dag.py:4180} INFO - Setting next_dagrun for example_dynamic_task_mapping to None, run_after=None
[2025-03-12T14:25:30.437+0200] {processor.py:208} INFO - Processing /home/munyah/.local/lib/python3.10/site-packages/airflow/example_dags/example_dynamic_task_mapping.py took 0.081 seconds
[2025-03-12T14:26:28.762+0200] {processor.py:186} INFO - Started process (PID=137106) to work on /home/munyah/.local/lib/python3.10/site-packages/airflow/example_dags/example_dynamic_task_mapping.py
[2025-03-12T14:26:28.764+0200] {processor.py:914} INFO - Processing file /home/munyah/.local/lib/python3.10/site-packages/airflow/example_dags/example_dynamic_task_mapping.py for tasks to queue
[2025-03-12T14:26:28.768+0200] {logging_mixin.py:190} INFO - [2025-03-12T14:26:28.767+0200] {dagbag.py:588} INFO - Filling up the DagBag from /home/munyah/.local/lib/python3.10/site-packages/airflow/example_dags/example_dynamic_task_mapping.py
[2025-03-12T14:26:28.781+0200] {processor.py:925} INFO - DAG(s) 'example_dynamic_task_mapping' retrieved from /home/munyah/.local/lib/python3.10/site-packages/airflow/example_dags/example_dynamic_task_mapping.py
[2025-03-12T14:26:28.802+0200] {logging_mixin.py:190} INFO - [2025-03-12T14:26:28.802+0200] {dag.py:3239} INFO - Sync 1 DAGs
[2025-03-12T14:26:28.816+0200] {logging_mixin.py:190} INFO - [2025-03-12T14:26:28.816+0200] {dag.py:4180} INFO - Setting next_dagrun for example_dynamic_task_mapping to None, run_after=None
[2025-03-12T14:26:28.839+0200] {processor.py:208} INFO - Processing /home/munyah/.local/lib/python3.10/site-packages/airflow/example_dags/example_dynamic_task_mapping.py took 0.089 seconds
[2025-03-12T14:27:30.593+0200] {processor.py:186} INFO - Started process (PID=137326) to work on /home/munyah/.local/lib/python3.10/site-packages/airflow/example_dags/example_dynamic_task_mapping.py
[2025-03-12T14:27:30.594+0200] {processor.py:914} INFO - Processing file /home/munyah/.local/lib/python3.10/site-packages/airflow/example_dags/example_dynamic_task_mapping.py for tasks to queue
[2025-03-12T14:27:30.597+0200] {logging_mixin.py:190} INFO - [2025-03-12T14:27:30.596+0200] {dagbag.py:588} INFO - Filling up the DagBag from /home/munyah/.local/lib/python3.10/site-packages/airflow/example_dags/example_dynamic_task_mapping.py
[2025-03-12T14:27:30.609+0200] {processor.py:925} INFO - DAG(s) 'example_dynamic_task_mapping' retrieved from /home/munyah/.local/lib/python3.10/site-packages/airflow/example_dags/example_dynamic_task_mapping.py
[2025-03-12T14:27:30.627+0200] {logging_mixin.py:190} INFO - [2025-03-12T14:27:30.626+0200] {dag.py:3239} INFO - Sync 1 DAGs
[2025-03-12T14:27:30.641+0200] {logging_mixin.py:190} INFO - [2025-03-12T14:27:30.641+0200] {dag.py:4180} INFO - Setting next_dagrun for example_dynamic_task_mapping to None, run_after=None
[2025-03-12T14:27:30.662+0200] {processor.py:208} INFO - Processing /home/munyah/.local/lib/python3.10/site-packages/airflow/example_dags/example_dynamic_task_mapping.py took 0.077 seconds
[2025-03-12T14:28:33.636+0200] {processor.py:186} INFO - Started process (PID=137497) to work on /home/munyah/.local/lib/python3.10/site-packages/airflow/example_dags/example_dynamic_task_mapping.py
[2025-03-12T14:28:33.639+0200] {processor.py:914} INFO - Processing file /home/munyah/.local/lib/python3.10/site-packages/airflow/example_dags/example_dynamic_task_mapping.py for tasks to queue
[2025-03-12T14:28:33.645+0200] {logging_mixin.py:190} INFO - [2025-03-12T14:28:33.644+0200] {dagbag.py:588} INFO - Filling up the DagBag from /home/munyah/.local/lib/python3.10/site-packages/airflow/example_dags/example_dynamic_task_mapping.py
[2025-03-12T14:28:33.667+0200] {processor.py:925} INFO - DAG(s) 'example_dynamic_task_mapping' retrieved from /home/munyah/.local/lib/python3.10/site-packages/airflow/example_dags/example_dynamic_task_mapping.py
[2025-03-12T14:28:33.688+0200] {logging_mixin.py:190} INFO - [2025-03-12T14:28:33.688+0200] {dag.py:3239} INFO - Sync 1 DAGs
[2025-03-12T14:28:33.703+0200] {logging_mixin.py:190} INFO - [2025-03-12T14:28:33.703+0200] {dag.py:4180} INFO - Setting next_dagrun for example_dynamic_task_mapping to None, run_after=None
[2025-03-12T14:28:33.725+0200] {processor.py:208} INFO - Processing /home/munyah/.local/lib/python3.10/site-packages/airflow/example_dags/example_dynamic_task_mapping.py took 0.110 seconds
[2025-03-12T14:29:31.822+0200] {processor.py:186} INFO - Started process (PID=138368) to work on /home/munyah/.local/lib/python3.10/site-packages/airflow/example_dags/example_dynamic_task_mapping.py
[2025-03-12T14:29:31.823+0200] {processor.py:914} INFO - Processing file /home/munyah/.local/lib/python3.10/site-packages/airflow/example_dags/example_dynamic_task_mapping.py for tasks to queue
[2025-03-12T14:29:31.826+0200] {logging_mixin.py:190} INFO - [2025-03-12T14:29:31.825+0200] {dagbag.py:588} INFO - Filling up the DagBag from /home/munyah/.local/lib/python3.10/site-packages/airflow/example_dags/example_dynamic_task_mapping.py
[2025-03-12T14:29:31.836+0200] {processor.py:925} INFO - DAG(s) 'example_dynamic_task_mapping' retrieved from /home/munyah/.local/lib/python3.10/site-packages/airflow/example_dags/example_dynamic_task_mapping.py
[2025-03-12T14:29:31.854+0200] {logging_mixin.py:190} INFO - [2025-03-12T14:29:31.853+0200] {dag.py:3239} INFO - Sync 1 DAGs
[2025-03-12T14:29:31.868+0200] {logging_mixin.py:190} INFO - [2025-03-12T14:29:31.868+0200] {dag.py:4180} INFO - Setting next_dagrun for example_dynamic_task_mapping to None, run_after=None
[2025-03-12T14:29:31.890+0200] {processor.py:208} INFO - Processing /home/munyah/.local/lib/python3.10/site-packages/airflow/example_dags/example_dynamic_task_mapping.py took 0.075 seconds
[2025-03-12T14:30:30.929+0200] {processor.py:186} INFO - Started process (PID=138759) to work on /home/munyah/.local/lib/python3.10/site-packages/airflow/example_dags/example_dynamic_task_mapping.py
[2025-03-12T14:30:30.930+0200] {processor.py:914} INFO - Processing file /home/munyah/.local/lib/python3.10/site-packages/airflow/example_dags/example_dynamic_task_mapping.py for tasks to queue
[2025-03-12T14:30:30.933+0200] {logging_mixin.py:190} INFO - [2025-03-12T14:30:30.932+0200] {dagbag.py:588} INFO - Filling up the DagBag from /home/munyah/.local/lib/python3.10/site-packages/airflow/example_dags/example_dynamic_task_mapping.py
[2025-03-12T14:30:30.943+0200] {processor.py:925} INFO - DAG(s) 'example_dynamic_task_mapping' retrieved from /home/munyah/.local/lib/python3.10/site-packages/airflow/example_dags/example_dynamic_task_mapping.py
[2025-03-12T14:30:30.961+0200] {logging_mixin.py:190} INFO - [2025-03-12T14:30:30.961+0200] {dag.py:3239} INFO - Sync 1 DAGs
[2025-03-12T14:30:30.976+0200] {logging_mixin.py:190} INFO - [2025-03-12T14:30:30.975+0200] {dag.py:4180} INFO - Setting next_dagrun for example_dynamic_task_mapping to None, run_after=None
[2025-03-12T14:30:30.998+0200] {processor.py:208} INFO - Processing /home/munyah/.local/lib/python3.10/site-packages/airflow/example_dags/example_dynamic_task_mapping.py took 0.077 seconds
[2025-03-12T14:31:34.343+0200] {processor.py:186} INFO - Started process (PID=138963) to work on /home/munyah/.local/lib/python3.10/site-packages/airflow/example_dags/example_dynamic_task_mapping.py
[2025-03-12T14:31:34.344+0200] {processor.py:914} INFO - Processing file /home/munyah/.local/lib/python3.10/site-packages/airflow/example_dags/example_dynamic_task_mapping.py for tasks to queue
[2025-03-12T14:31:34.346+0200] {logging_mixin.py:190} INFO - [2025-03-12T14:31:34.346+0200] {dagbag.py:588} INFO - Filling up the DagBag from /home/munyah/.local/lib/python3.10/site-packages/airflow/example_dags/example_dynamic_task_mapping.py
[2025-03-12T14:31:34.357+0200] {processor.py:925} INFO - DAG(s) 'example_dynamic_task_mapping' retrieved from /home/munyah/.local/lib/python3.10/site-packages/airflow/example_dags/example_dynamic_task_mapping.py
[2025-03-12T14:31:34.374+0200] {logging_mixin.py:190} INFO - [2025-03-12T14:31:34.374+0200] {dag.py:3239} INFO - Sync 1 DAGs
[2025-03-12T14:31:34.389+0200] {logging_mixin.py:190} INFO - [2025-03-12T14:31:34.389+0200] {dag.py:4180} INFO - Setting next_dagrun for example_dynamic_task_mapping to None, run_after=None
[2025-03-12T14:31:34.412+0200] {processor.py:208} INFO - Processing /home/munyah/.local/lib/python3.10/site-packages/airflow/example_dags/example_dynamic_task_mapping.py took 0.076 seconds
[2025-03-12T14:32:38.807+0200] {processor.py:186} INFO - Started process (PID=139616) to work on /home/munyah/.local/lib/python3.10/site-packages/airflow/example_dags/example_dynamic_task_mapping.py
[2025-03-12T14:32:38.808+0200] {processor.py:914} INFO - Processing file /home/munyah/.local/lib/python3.10/site-packages/airflow/example_dags/example_dynamic_task_mapping.py for tasks to queue
[2025-03-12T14:32:38.811+0200] {logging_mixin.py:190} INFO - [2025-03-12T14:32:38.810+0200] {dagbag.py:588} INFO - Filling up the DagBag from /home/munyah/.local/lib/python3.10/site-packages/airflow/example_dags/example_dynamic_task_mapping.py
[2025-03-12T14:32:38.822+0200] {processor.py:925} INFO - DAG(s) 'example_dynamic_task_mapping' retrieved from /home/munyah/.local/lib/python3.10/site-packages/airflow/example_dags/example_dynamic_task_mapping.py
[2025-03-12T14:32:38.840+0200] {logging_mixin.py:190} INFO - [2025-03-12T14:32:38.840+0200] {dag.py:3239} INFO - Sync 1 DAGs
[2025-03-12T14:32:38.855+0200] {logging_mixin.py:190} INFO - [2025-03-12T14:32:38.854+0200] {dag.py:4180} INFO - Setting next_dagrun for example_dynamic_task_mapping to None, run_after=None
[2025-03-12T14:32:38.882+0200] {processor.py:208} INFO - Processing /home/munyah/.local/lib/python3.10/site-packages/airflow/example_dags/example_dynamic_task_mapping.py took 0.084 seconds
[2025-03-12T14:33:41.949+0200] {processor.py:186} INFO - Started process (PID=139917) to work on /home/munyah/.local/lib/python3.10/site-packages/airflow/example_dags/example_dynamic_task_mapping.py
[2025-03-12T14:33:41.950+0200] {processor.py:914} INFO - Processing file /home/munyah/.local/lib/python3.10/site-packages/airflow/example_dags/example_dynamic_task_mapping.py for tasks to queue
[2025-03-12T14:33:41.954+0200] {logging_mixin.py:190} INFO - [2025-03-12T14:33:41.953+0200] {dagbag.py:588} INFO - Filling up the DagBag from /home/munyah/.local/lib/python3.10/site-packages/airflow/example_dags/example_dynamic_task_mapping.py
[2025-03-12T14:33:41.966+0200] {processor.py:925} INFO - DAG(s) 'example_dynamic_task_mapping' retrieved from /home/munyah/.local/lib/python3.10/site-packages/airflow/example_dags/example_dynamic_task_mapping.py
[2025-03-12T14:33:41.985+0200] {logging_mixin.py:190} INFO - [2025-03-12T14:33:41.984+0200] {dag.py:3239} INFO - Sync 1 DAGs
[2025-03-12T14:33:41.999+0200] {logging_mixin.py:190} INFO - [2025-03-12T14:33:41.999+0200] {dag.py:4180} INFO - Setting next_dagrun for example_dynamic_task_mapping to None, run_after=None
[2025-03-12T14:33:42.023+0200] {processor.py:208} INFO - Processing /home/munyah/.local/lib/python3.10/site-packages/airflow/example_dags/example_dynamic_task_mapping.py took 0.085 seconds
[2025-03-12T14:34:47.060+0200] {processor.py:186} INFO - Started process (PID=140132) to work on /home/munyah/.local/lib/python3.10/site-packages/airflow/example_dags/example_dynamic_task_mapping.py
[2025-03-12T14:34:47.061+0200] {processor.py:914} INFO - Processing file /home/munyah/.local/lib/python3.10/site-packages/airflow/example_dags/example_dynamic_task_mapping.py for tasks to queue
[2025-03-12T14:34:47.064+0200] {logging_mixin.py:190} INFO - [2025-03-12T14:34:47.064+0200] {dagbag.py:588} INFO - Filling up the DagBag from /home/munyah/.local/lib/python3.10/site-packages/airflow/example_dags/example_dynamic_task_mapping.py
[2025-03-12T14:34:47.075+0200] {processor.py:925} INFO - DAG(s) 'example_dynamic_task_mapping' retrieved from /home/munyah/.local/lib/python3.10/site-packages/airflow/example_dags/example_dynamic_task_mapping.py
[2025-03-12T14:34:47.093+0200] {logging_mixin.py:190} INFO - [2025-03-12T14:34:47.093+0200] {dag.py:3239} INFO - Sync 1 DAGs
[2025-03-12T14:34:47.107+0200] {logging_mixin.py:190} INFO - [2025-03-12T14:34:47.107+0200] {dag.py:4180} INFO - Setting next_dagrun for example_dynamic_task_mapping to None, run_after=None
[2025-03-12T14:34:47.131+0200] {processor.py:208} INFO - Processing /home/munyah/.local/lib/python3.10/site-packages/airflow/example_dags/example_dynamic_task_mapping.py took 0.080 seconds
[2025-03-12T14:35:49.432+0200] {processor.py:186} INFO - Started process (PID=140327) to work on /home/munyah/.local/lib/python3.10/site-packages/airflow/example_dags/example_dynamic_task_mapping.py
[2025-03-12T14:35:49.433+0200] {processor.py:914} INFO - Processing file /home/munyah/.local/lib/python3.10/site-packages/airflow/example_dags/example_dynamic_task_mapping.py for tasks to queue
[2025-03-12T14:35:49.438+0200] {logging_mixin.py:190} INFO - [2025-03-12T14:35:49.437+0200] {dagbag.py:588} INFO - Filling up the DagBag from /home/munyah/.local/lib/python3.10/site-packages/airflow/example_dags/example_dynamic_task_mapping.py
[2025-03-12T14:35:49.455+0200] {processor.py:925} INFO - DAG(s) 'example_dynamic_task_mapping' retrieved from /home/munyah/.local/lib/python3.10/site-packages/airflow/example_dags/example_dynamic_task_mapping.py
[2025-03-12T14:35:49.477+0200] {logging_mixin.py:190} INFO - [2025-03-12T14:35:49.476+0200] {dag.py:3239} INFO - Sync 1 DAGs
[2025-03-12T14:35:49.492+0200] {logging_mixin.py:190} INFO - [2025-03-12T14:35:49.492+0200] {dag.py:4180} INFO - Setting next_dagrun for example_dynamic_task_mapping to None, run_after=None
[2025-03-12T14:35:49.513+0200] {processor.py:208} INFO - Processing /home/munyah/.local/lib/python3.10/site-packages/airflow/example_dags/example_dynamic_task_mapping.py took 0.093 seconds
[2025-03-12T14:36:55.697+0200] {processor.py:186} INFO - Started process (PID=140513) to work on /home/munyah/.local/lib/python3.10/site-packages/airflow/example_dags/example_dynamic_task_mapping.py
[2025-03-12T14:36:55.698+0200] {processor.py:914} INFO - Processing file /home/munyah/.local/lib/python3.10/site-packages/airflow/example_dags/example_dynamic_task_mapping.py for tasks to queue
[2025-03-12T14:36:55.701+0200] {logging_mixin.py:190} INFO - [2025-03-12T14:36:55.701+0200] {dagbag.py:588} INFO - Filling up the DagBag from /home/munyah/.local/lib/python3.10/site-packages/airflow/example_dags/example_dynamic_task_mapping.py
[2025-03-12T14:36:55.712+0200] {processor.py:925} INFO - DAG(s) 'example_dynamic_task_mapping' retrieved from /home/munyah/.local/lib/python3.10/site-packages/airflow/example_dags/example_dynamic_task_mapping.py
[2025-03-12T14:36:55.730+0200] {logging_mixin.py:190} INFO - [2025-03-12T14:36:55.730+0200] {dag.py:3239} INFO - Sync 1 DAGs
[2025-03-12T14:36:55.744+0200] {logging_mixin.py:190} INFO - [2025-03-12T14:36:55.744+0200] {dag.py:4180} INFO - Setting next_dagrun for example_dynamic_task_mapping to None, run_after=None
[2025-03-12T14:36:55.764+0200] {processor.py:208} INFO - Processing /home/munyah/.local/lib/python3.10/site-packages/airflow/example_dags/example_dynamic_task_mapping.py took 0.074 seconds
[2025-03-12T14:37:59.432+0200] {processor.py:186} INFO - Started process (PID=140649) to work on /home/munyah/.local/lib/python3.10/site-packages/airflow/example_dags/example_dynamic_task_mapping.py
[2025-03-12T14:37:59.433+0200] {processor.py:914} INFO - Processing file /home/munyah/.local/lib/python3.10/site-packages/airflow/example_dags/example_dynamic_task_mapping.py for tasks to queue
[2025-03-12T14:37:59.435+0200] {logging_mixin.py:190} INFO - [2025-03-12T14:37:59.435+0200] {dagbag.py:588} INFO - Filling up the DagBag from /home/munyah/.local/lib/python3.10/site-packages/airflow/example_dags/example_dynamic_task_mapping.py
[2025-03-12T14:37:59.445+0200] {processor.py:925} INFO - DAG(s) 'example_dynamic_task_mapping' retrieved from /home/munyah/.local/lib/python3.10/site-packages/airflow/example_dags/example_dynamic_task_mapping.py
[2025-03-12T14:37:59.462+0200] {logging_mixin.py:190} INFO - [2025-03-12T14:37:59.462+0200] {dag.py:3239} INFO - Sync 1 DAGs
[2025-03-12T14:37:59.475+0200] {logging_mixin.py:190} INFO - [2025-03-12T14:37:59.475+0200] {dag.py:4180} INFO - Setting next_dagrun for example_dynamic_task_mapping to None, run_after=None
[2025-03-12T14:37:59.497+0200] {processor.py:208} INFO - Processing /home/munyah/.local/lib/python3.10/site-packages/airflow/example_dags/example_dynamic_task_mapping.py took 0.073 seconds
[2025-03-12T14:39:05.165+0200] {processor.py:186} INFO - Started process (PID=140729) to work on /home/munyah/.local/lib/python3.10/site-packages/airflow/example_dags/example_dynamic_task_mapping.py
[2025-03-12T14:39:05.166+0200] {processor.py:914} INFO - Processing file /home/munyah/.local/lib/python3.10/site-packages/airflow/example_dags/example_dynamic_task_mapping.py for tasks to queue
[2025-03-12T14:39:05.169+0200] {logging_mixin.py:190} INFO - [2025-03-12T14:39:05.168+0200] {dagbag.py:588} INFO - Filling up the DagBag from /home/munyah/.local/lib/python3.10/site-packages/airflow/example_dags/example_dynamic_task_mapping.py
[2025-03-12T14:39:05.179+0200] {processor.py:925} INFO - DAG(s) 'example_dynamic_task_mapping' retrieved from /home/munyah/.local/lib/python3.10/site-packages/airflow/example_dags/example_dynamic_task_mapping.py
[2025-03-12T14:39:05.195+0200] {logging_mixin.py:190} INFO - [2025-03-12T14:39:05.195+0200] {dag.py:3239} INFO - Sync 1 DAGs
[2025-03-12T14:39:05.209+0200] {logging_mixin.py:190} INFO - [2025-03-12T14:39:05.209+0200] {dag.py:4180} INFO - Setting next_dagrun for example_dynamic_task_mapping to None, run_after=None
[2025-03-12T14:39:05.230+0200] {processor.py:208} INFO - Processing /home/munyah/.local/lib/python3.10/site-packages/airflow/example_dags/example_dynamic_task_mapping.py took 0.073 seconds
[2025-03-12T14:40:11.954+0200] {processor.py:186} INFO - Started process (PID=140837) to work on /home/munyah/.local/lib/python3.10/site-packages/airflow/example_dags/example_dynamic_task_mapping.py
[2025-03-12T14:40:11.956+0200] {processor.py:914} INFO - Processing file /home/munyah/.local/lib/python3.10/site-packages/airflow/example_dags/example_dynamic_task_mapping.py for tasks to queue
[2025-03-12T14:40:11.959+0200] {logging_mixin.py:190} INFO - [2025-03-12T14:40:11.958+0200] {dagbag.py:588} INFO - Filling up the DagBag from /home/munyah/.local/lib/python3.10/site-packages/airflow/example_dags/example_dynamic_task_mapping.py
[2025-03-12T14:40:11.970+0200] {processor.py:925} INFO - DAG(s) 'example_dynamic_task_mapping' retrieved from /home/munyah/.local/lib/python3.10/site-packages/airflow/example_dags/example_dynamic_task_mapping.py
[2025-03-12T14:40:11.987+0200] {logging_mixin.py:190} INFO - [2025-03-12T14:40:11.987+0200] {dag.py:3239} INFO - Sync 1 DAGs
[2025-03-12T14:40:12.001+0200] {logging_mixin.py:190} INFO - [2025-03-12T14:40:12.000+0200] {dag.py:4180} INFO - Setting next_dagrun for example_dynamic_task_mapping to None, run_after=None
[2025-03-12T14:40:12.023+0200] {processor.py:208} INFO - Processing /home/munyah/.local/lib/python3.10/site-packages/airflow/example_dags/example_dynamic_task_mapping.py took 0.080 seconds
[2025-03-12T14:41:14.869+0200] {processor.py:186} INFO - Started process (PID=141136) to work on /home/munyah/.local/lib/python3.10/site-packages/airflow/example_dags/example_dynamic_task_mapping.py
[2025-03-12T14:41:14.870+0200] {processor.py:914} INFO - Processing file /home/munyah/.local/lib/python3.10/site-packages/airflow/example_dags/example_dynamic_task_mapping.py for tasks to queue
[2025-03-12T14:41:14.873+0200] {logging_mixin.py:190} INFO - [2025-03-12T14:41:14.872+0200] {dagbag.py:588} INFO - Filling up the DagBag from /home/munyah/.local/lib/python3.10/site-packages/airflow/example_dags/example_dynamic_task_mapping.py
[2025-03-12T14:41:14.886+0200] {processor.py:925} INFO - DAG(s) 'example_dynamic_task_mapping' retrieved from /home/munyah/.local/lib/python3.10/site-packages/airflow/example_dags/example_dynamic_task_mapping.py
[2025-03-12T14:41:14.905+0200] {logging_mixin.py:190} INFO - [2025-03-12T14:41:14.904+0200] {dag.py:3239} INFO - Sync 1 DAGs
[2025-03-12T14:41:14.919+0200] {logging_mixin.py:190} INFO - [2025-03-12T14:41:14.919+0200] {dag.py:4180} INFO - Setting next_dagrun for example_dynamic_task_mapping to None, run_after=None
[2025-03-12T14:41:14.943+0200] {processor.py:208} INFO - Processing /home/munyah/.local/lib/python3.10/site-packages/airflow/example_dags/example_dynamic_task_mapping.py took 0.081 seconds
[2025-03-12T14:42:14.740+0200] {processor.py:186} INFO - Started process (PID=141308) to work on /home/munyah/.local/lib/python3.10/site-packages/airflow/example_dags/example_dynamic_task_mapping.py
[2025-03-12T14:42:14.742+0200] {processor.py:914} INFO - Processing file /home/munyah/.local/lib/python3.10/site-packages/airflow/example_dags/example_dynamic_task_mapping.py for tasks to queue
[2025-03-12T14:42:14.746+0200] {logging_mixin.py:190} INFO - [2025-03-12T14:42:14.745+0200] {dagbag.py:588} INFO - Filling up the DagBag from /home/munyah/.local/lib/python3.10/site-packages/airflow/example_dags/example_dynamic_task_mapping.py
[2025-03-12T14:42:14.758+0200] {processor.py:925} INFO - DAG(s) 'example_dynamic_task_mapping' retrieved from /home/munyah/.local/lib/python3.10/site-packages/airflow/example_dags/example_dynamic_task_mapping.py
[2025-03-12T14:42:14.775+0200] {logging_mixin.py:190} INFO - [2025-03-12T14:42:14.775+0200] {dag.py:3239} INFO - Sync 1 DAGs
[2025-03-12T14:42:14.792+0200] {logging_mixin.py:190} INFO - [2025-03-12T14:42:14.791+0200] {dag.py:4180} INFO - Setting next_dagrun for example_dynamic_task_mapping to None, run_after=None
[2025-03-12T14:42:14.812+0200] {processor.py:208} INFO - Processing /home/munyah/.local/lib/python3.10/site-packages/airflow/example_dags/example_dynamic_task_mapping.py took 0.087 seconds
[2025-03-12T14:43:15.418+0200] {processor.py:186} INFO - Started process (PID=141508) to work on /home/munyah/.local/lib/python3.10/site-packages/airflow/example_dags/example_dynamic_task_mapping.py
[2025-03-12T14:43:15.419+0200] {processor.py:914} INFO - Processing file /home/munyah/.local/lib/python3.10/site-packages/airflow/example_dags/example_dynamic_task_mapping.py for tasks to queue
[2025-03-12T14:43:15.422+0200] {logging_mixin.py:190} INFO - [2025-03-12T14:43:15.422+0200] {dagbag.py:588} INFO - Filling up the DagBag from /home/munyah/.local/lib/python3.10/site-packages/airflow/example_dags/example_dynamic_task_mapping.py
[2025-03-12T14:43:15.433+0200] {processor.py:925} INFO - DAG(s) 'example_dynamic_task_mapping' retrieved from /home/munyah/.local/lib/python3.10/site-packages/airflow/example_dags/example_dynamic_task_mapping.py
[2025-03-12T14:43:15.451+0200] {logging_mixin.py:190} INFO - [2025-03-12T14:43:15.450+0200] {dag.py:3239} INFO - Sync 1 DAGs
[2025-03-12T14:43:15.465+0200] {logging_mixin.py:190} INFO - [2025-03-12T14:43:15.465+0200] {dag.py:4180} INFO - Setting next_dagrun for example_dynamic_task_mapping to None, run_after=None
[2025-03-12T14:43:15.487+0200] {processor.py:208} INFO - Processing /home/munyah/.local/lib/python3.10/site-packages/airflow/example_dags/example_dynamic_task_mapping.py took 0.082 seconds
[2025-03-12T14:44:16.145+0200] {processor.py:186} INFO - Started process (PID=141677) to work on /home/munyah/.local/lib/python3.10/site-packages/airflow/example_dags/example_dynamic_task_mapping.py
[2025-03-12T14:44:16.147+0200] {processor.py:914} INFO - Processing file /home/munyah/.local/lib/python3.10/site-packages/airflow/example_dags/example_dynamic_task_mapping.py for tasks to queue
[2025-03-12T14:44:16.149+0200] {logging_mixin.py:190} INFO - [2025-03-12T14:44:16.149+0200] {dagbag.py:588} INFO - Filling up the DagBag from /home/munyah/.local/lib/python3.10/site-packages/airflow/example_dags/example_dynamic_task_mapping.py
[2025-03-12T14:44:16.161+0200] {processor.py:925} INFO - DAG(s) 'example_dynamic_task_mapping' retrieved from /home/munyah/.local/lib/python3.10/site-packages/airflow/example_dags/example_dynamic_task_mapping.py
[2025-03-12T14:44:16.180+0200] {logging_mixin.py:190} INFO - [2025-03-12T14:44:16.179+0200] {dag.py:3239} INFO - Sync 1 DAGs
[2025-03-12T14:44:16.194+0200] {logging_mixin.py:190} INFO - [2025-03-12T14:44:16.194+0200] {dag.py:4180} INFO - Setting next_dagrun for example_dynamic_task_mapping to None, run_after=None
[2025-03-12T14:44:16.217+0200] {processor.py:208} INFO - Processing /home/munyah/.local/lib/python3.10/site-packages/airflow/example_dags/example_dynamic_task_mapping.py took 0.080 seconds
[2025-03-12T14:45:14.970+0200] {processor.py:186} INFO - Started process (PID=141864) to work on /home/munyah/.local/lib/python3.10/site-packages/airflow/example_dags/example_dynamic_task_mapping.py
[2025-03-12T14:45:14.971+0200] {processor.py:914} INFO - Processing file /home/munyah/.local/lib/python3.10/site-packages/airflow/example_dags/example_dynamic_task_mapping.py for tasks to queue
[2025-03-12T14:45:14.974+0200] {logging_mixin.py:190} INFO - [2025-03-12T14:45:14.973+0200] {dagbag.py:588} INFO - Filling up the DagBag from /home/munyah/.local/lib/python3.10/site-packages/airflow/example_dags/example_dynamic_task_mapping.py
[2025-03-12T14:45:14.984+0200] {processor.py:925} INFO - DAG(s) 'example_dynamic_task_mapping' retrieved from /home/munyah/.local/lib/python3.10/site-packages/airflow/example_dags/example_dynamic_task_mapping.py
[2025-03-12T14:45:15.002+0200] {logging_mixin.py:190} INFO - [2025-03-12T14:45:15.001+0200] {dag.py:3239} INFO - Sync 1 DAGs
[2025-03-12T14:45:15.018+0200] {logging_mixin.py:190} INFO - [2025-03-12T14:45:15.018+0200] {dag.py:4180} INFO - Setting next_dagrun for example_dynamic_task_mapping to None, run_after=None
[2025-03-12T14:45:15.044+0200] {processor.py:208} INFO - Processing /home/munyah/.local/lib/python3.10/site-packages/airflow/example_dags/example_dynamic_task_mapping.py took 0.082 seconds
[2025-03-12T14:46:13.851+0200] {processor.py:186} INFO - Started process (PID=142080) to work on /home/munyah/.local/lib/python3.10/site-packages/airflow/example_dags/example_dynamic_task_mapping.py
[2025-03-12T14:46:13.852+0200] {processor.py:914} INFO - Processing file /home/munyah/.local/lib/python3.10/site-packages/airflow/example_dags/example_dynamic_task_mapping.py for tasks to queue
[2025-03-12T14:46:13.855+0200] {logging_mixin.py:190} INFO - [2025-03-12T14:46:13.854+0200] {dagbag.py:588} INFO - Filling up the DagBag from /home/munyah/.local/lib/python3.10/site-packages/airflow/example_dags/example_dynamic_task_mapping.py
[2025-03-12T14:46:13.866+0200] {processor.py:925} INFO - DAG(s) 'example_dynamic_task_mapping' retrieved from /home/munyah/.local/lib/python3.10/site-packages/airflow/example_dags/example_dynamic_task_mapping.py
[2025-03-12T14:46:13.884+0200] {logging_mixin.py:190} INFO - [2025-03-12T14:46:13.884+0200] {dag.py:3239} INFO - Sync 1 DAGs
[2025-03-12T14:46:13.899+0200] {logging_mixin.py:190} INFO - [2025-03-12T14:46:13.899+0200] {dag.py:4180} INFO - Setting next_dagrun for example_dynamic_task_mapping to None, run_after=None
[2025-03-12T14:46:13.920+0200] {processor.py:208} INFO - Processing /home/munyah/.local/lib/python3.10/site-packages/airflow/example_dags/example_dynamic_task_mapping.py took 0.077 seconds
[2025-03-12T14:49:01.465+0200] {processor.py:186} INFO - Started process (PID=142580) to work on /home/munyah/.local/lib/python3.10/site-packages/airflow/example_dags/example_dynamic_task_mapping.py
[2025-03-12T14:49:01.472+0200] {processor.py:914} INFO - Processing file /home/munyah/.local/lib/python3.10/site-packages/airflow/example_dags/example_dynamic_task_mapping.py for tasks to queue
[2025-03-12T14:49:01.488+0200] {logging_mixin.py:190} INFO - [2025-03-12T14:49:01.485+0200] {dagbag.py:588} INFO - Filling up the DagBag from /home/munyah/.local/lib/python3.10/site-packages/airflow/example_dags/example_dynamic_task_mapping.py
[2025-03-12T14:49:01.518+0200] {processor.py:925} INFO - DAG(s) 'example_dynamic_task_mapping' retrieved from /home/munyah/.local/lib/python3.10/site-packages/airflow/example_dags/example_dynamic_task_mapping.py
[2025-03-12T14:49:01.655+0200] {logging_mixin.py:190} INFO - [2025-03-12T14:49:01.654+0200] {dag.py:3239} INFO - Sync 1 DAGs
[2025-03-12T14:49:01.714+0200] {logging_mixin.py:190} INFO - [2025-03-12T14:49:01.714+0200] {dag.py:4180} INFO - Setting next_dagrun for example_dynamic_task_mapping to None, run_after=None
[2025-03-12T14:49:01.989+0200] {processor.py:208} INFO - Processing /home/munyah/.local/lib/python3.10/site-packages/airflow/example_dags/example_dynamic_task_mapping.py took 0.573 seconds
[2025-03-12T14:50:30.826+0200] {processor.py:186} INFO - Started process (PID=142927) to work on /home/munyah/.local/lib/python3.10/site-packages/airflow/example_dags/example_dynamic_task_mapping.py
[2025-03-12T14:50:30.827+0200] {processor.py:914} INFO - Processing file /home/munyah/.local/lib/python3.10/site-packages/airflow/example_dags/example_dynamic_task_mapping.py for tasks to queue
[2025-03-12T14:50:30.829+0200] {logging_mixin.py:190} INFO - [2025-03-12T14:50:30.829+0200] {dagbag.py:588} INFO - Filling up the DagBag from /home/munyah/.local/lib/python3.10/site-packages/airflow/example_dags/example_dynamic_task_mapping.py
[2025-03-12T14:50:30.839+0200] {processor.py:925} INFO - DAG(s) 'example_dynamic_task_mapping' retrieved from /home/munyah/.local/lib/python3.10/site-packages/airflow/example_dags/example_dynamic_task_mapping.py
[2025-03-12T14:50:30.856+0200] {logging_mixin.py:190} INFO - [2025-03-12T14:50:30.856+0200] {dag.py:3239} INFO - Sync 1 DAGs
[2025-03-12T14:50:30.870+0200] {logging_mixin.py:190} INFO - [2025-03-12T14:50:30.870+0200] {dag.py:4180} INFO - Setting next_dagrun for example_dynamic_task_mapping to None, run_after=None
[2025-03-12T14:50:30.891+0200] {processor.py:208} INFO - Processing /home/munyah/.local/lib/python3.10/site-packages/airflow/example_dags/example_dynamic_task_mapping.py took 0.073 seconds
[2025-03-12T14:51:35.089+0200] {processor.py:186} INFO - Started process (PID=143156) to work on /home/munyah/.local/lib/python3.10/site-packages/airflow/example_dags/example_dynamic_task_mapping.py
[2025-03-12T14:51:35.091+0200] {processor.py:914} INFO - Processing file /home/munyah/.local/lib/python3.10/site-packages/airflow/example_dags/example_dynamic_task_mapping.py for tasks to queue
[2025-03-12T14:51:35.093+0200] {logging_mixin.py:190} INFO - [2025-03-12T14:51:35.093+0200] {dagbag.py:588} INFO - Filling up the DagBag from /home/munyah/.local/lib/python3.10/site-packages/airflow/example_dags/example_dynamic_task_mapping.py
[2025-03-12T14:51:35.104+0200] {processor.py:925} INFO - DAG(s) 'example_dynamic_task_mapping' retrieved from /home/munyah/.local/lib/python3.10/site-packages/airflow/example_dags/example_dynamic_task_mapping.py
[2025-03-12T14:51:35.121+0200] {logging_mixin.py:190} INFO - [2025-03-12T14:51:35.121+0200] {dag.py:3239} INFO - Sync 1 DAGs
[2025-03-12T14:51:35.136+0200] {logging_mixin.py:190} INFO - [2025-03-12T14:51:35.135+0200] {dag.py:4180} INFO - Setting next_dagrun for example_dynamic_task_mapping to None, run_after=None
[2025-03-12T14:51:35.159+0200] {processor.py:208} INFO - Processing /home/munyah/.local/lib/python3.10/site-packages/airflow/example_dags/example_dynamic_task_mapping.py took 0.077 seconds
[2025-03-12T14:52:46.608+0200] {processor.py:186} INFO - Started process (PID=143377) to work on /home/munyah/.local/lib/python3.10/site-packages/airflow/example_dags/example_dynamic_task_mapping.py
[2025-03-12T14:52:46.610+0200] {processor.py:914} INFO - Processing file /home/munyah/.local/lib/python3.10/site-packages/airflow/example_dags/example_dynamic_task_mapping.py for tasks to queue
[2025-03-12T14:52:46.613+0200] {logging_mixin.py:190} INFO - [2025-03-12T14:52:46.613+0200] {dagbag.py:588} INFO - Filling up the DagBag from /home/munyah/.local/lib/python3.10/site-packages/airflow/example_dags/example_dynamic_task_mapping.py
[2025-03-12T14:52:46.637+0200] {processor.py:925} INFO - DAG(s) 'example_dynamic_task_mapping' retrieved from /home/munyah/.local/lib/python3.10/site-packages/airflow/example_dags/example_dynamic_task_mapping.py
[2025-03-12T14:52:46.677+0200] {logging_mixin.py:190} INFO - [2025-03-12T14:52:46.677+0200] {dag.py:3239} INFO - Sync 1 DAGs
[2025-03-12T14:52:46.702+0200] {logging_mixin.py:190} INFO - [2025-03-12T14:52:46.701+0200] {dag.py:4180} INFO - Setting next_dagrun for example_dynamic_task_mapping to None, run_after=None
[2025-03-12T14:52:46.738+0200] {processor.py:208} INFO - Processing /home/munyah/.local/lib/python3.10/site-packages/airflow/example_dags/example_dynamic_task_mapping.py took 0.144 seconds
[2025-03-12T14:54:12.372+0200] {processor.py:186} INFO - Started process (PID=143643) to work on /home/munyah/.local/lib/python3.10/site-packages/airflow/example_dags/example_dynamic_task_mapping.py
[2025-03-12T14:54:12.378+0200] {processor.py:914} INFO - Processing file /home/munyah/.local/lib/python3.10/site-packages/airflow/example_dags/example_dynamic_task_mapping.py for tasks to queue
[2025-03-12T14:54:12.388+0200] {logging_mixin.py:190} INFO - [2025-03-12T14:54:12.381+0200] {dagbag.py:588} INFO - Filling up the DagBag from /home/munyah/.local/lib/python3.10/site-packages/airflow/example_dags/example_dynamic_task_mapping.py
[2025-03-12T14:54:12.453+0200] {processor.py:925} INFO - DAG(s) 'example_dynamic_task_mapping' retrieved from /home/munyah/.local/lib/python3.10/site-packages/airflow/example_dags/example_dynamic_task_mapping.py
[2025-03-12T14:54:12.559+0200] {logging_mixin.py:190} INFO - [2025-03-12T14:54:12.558+0200] {dag.py:3239} INFO - Sync 1 DAGs
[2025-03-12T14:54:12.612+0200] {logging_mixin.py:190} INFO - [2025-03-12T14:54:12.611+0200] {dag.py:4180} INFO - Setting next_dagrun for example_dynamic_task_mapping to None, run_after=None
[2025-03-12T14:54:12.705+0200] {processor.py:208} INFO - Processing /home/munyah/.local/lib/python3.10/site-packages/airflow/example_dags/example_dynamic_task_mapping.py took 0.367 seconds
