[2025-03-12T08:20:41.443+0200] {processor.py:186} INFO - Started process (PID=133507) to work on /home/munyah/.local/lib/python3.10/site-packages/airflow/example_dags/example_dataset_alias.py
[2025-03-12T08:20:41.445+0200] {processor.py:914} INFO - Processing file /home/munyah/.local/lib/python3.10/site-packages/airflow/example_dags/example_dataset_alias.py for tasks to queue
[2025-03-12T08:20:41.449+0200] {logging_mixin.py:190} INFO - [2025-03-12T08:20:41.449+0200] {dagbag.py:588} INFO - Filling up the DagBag from /home/munyah/.local/lib/python3.10/site-packages/airflow/example_dags/example_dataset_alias.py
[2025-03-12T08:20:41.477+0200] {processor.py:925} INFO - DAG(s) 'dataset_s3_bucket_producer', 'dataset_s3_bucket_consumer', 'dataset_alias_example_alias_consumer', 'dataset_alias_example_alias_producer' retrieved from /home/munyah/.local/lib/python3.10/site-packages/airflow/example_dags/example_dataset_alias.py
[2025-03-12T08:20:41.500+0200] {logging_mixin.py:190} INFO - [2025-03-12T08:20:41.499+0200] {dag.py:3239} INFO - Sync 4 DAGs
[2025-03-12T08:20:41.520+0200] {logging_mixin.py:190} INFO - [2025-03-12T08:20:41.520+0200] {dag.py:4180} INFO - Setting next_dagrun for dataset_alias_example_alias_consumer to None, run_after=None
[2025-03-12T08:20:41.523+0200] {logging_mixin.py:190} INFO - [2025-03-12T08:20:41.523+0200] {dag.py:4180} INFO - Setting next_dagrun for dataset_alias_example_alias_producer to None, run_after=None
[2025-03-12T08:20:41.524+0200] {logging_mixin.py:190} INFO - [2025-03-12T08:20:41.524+0200] {dag.py:4180} INFO - Setting next_dagrun for dataset_s3_bucket_consumer to None, run_after=None
[2025-03-12T08:20:41.525+0200] {logging_mixin.py:190} INFO - [2025-03-12T08:20:41.525+0200] {dag.py:4180} INFO - Setting next_dagrun for dataset_s3_bucket_producer to None, run_after=None
[2025-03-12T08:20:41.547+0200] {processor.py:208} INFO - Processing /home/munyah/.local/lib/python3.10/site-packages/airflow/example_dags/example_dataset_alias.py took 0.120 seconds
[2025-03-12T14:17:52.893+0200] {processor.py:186} INFO - Started process (PID=134596) to work on /home/munyah/.local/lib/python3.10/site-packages/airflow/example_dags/example_dataset_alias.py
[2025-03-12T14:17:52.895+0200] {processor.py:914} INFO - Processing file /home/munyah/.local/lib/python3.10/site-packages/airflow/example_dags/example_dataset_alias.py for tasks to queue
[2025-03-12T14:17:52.898+0200] {logging_mixin.py:190} INFO - [2025-03-12T14:17:52.897+0200] {dagbag.py:588} INFO - Filling up the DagBag from /home/munyah/.local/lib/python3.10/site-packages/airflow/example_dags/example_dataset_alias.py
[2025-03-12T14:17:52.926+0200] {processor.py:925} INFO - DAG(s) 'dataset_alias_example_alias_producer', 'dataset_alias_example_alias_consumer', 'dataset_s3_bucket_consumer', 'dataset_s3_bucket_producer' retrieved from /home/munyah/.local/lib/python3.10/site-packages/airflow/example_dags/example_dataset_alias.py
[2025-03-12T14:17:52.953+0200] {logging_mixin.py:190} INFO - [2025-03-12T14:17:52.953+0200] {dag.py:3239} INFO - Sync 4 DAGs
[2025-03-12T14:17:52.974+0200] {logging_mixin.py:190} INFO - [2025-03-12T14:17:52.974+0200] {dag.py:4180} INFO - Setting next_dagrun for dataset_alias_example_alias_consumer to None, run_after=None
[2025-03-12T14:17:52.977+0200] {logging_mixin.py:190} INFO - [2025-03-12T14:17:52.977+0200] {dag.py:4180} INFO - Setting next_dagrun for dataset_alias_example_alias_producer to None, run_after=None
[2025-03-12T14:17:52.979+0200] {logging_mixin.py:190} INFO - [2025-03-12T14:17:52.978+0200] {dag.py:4180} INFO - Setting next_dagrun for dataset_s3_bucket_consumer to None, run_after=None
[2025-03-12T14:17:52.980+0200] {logging_mixin.py:190} INFO - [2025-03-12T14:17:52.979+0200] {dag.py:4180} INFO - Setting next_dagrun for dataset_s3_bucket_producer to None, run_after=None
[2025-03-12T14:17:53.008+0200] {processor.py:208} INFO - Processing /home/munyah/.local/lib/python3.10/site-packages/airflow/example_dags/example_dataset_alias.py took 0.127 seconds
[2025-03-12T14:18:53.218+0200] {processor.py:186} INFO - Started process (PID=134864) to work on /home/munyah/.local/lib/python3.10/site-packages/airflow/example_dags/example_dataset_alias.py
[2025-03-12T14:18:53.220+0200] {processor.py:914} INFO - Processing file /home/munyah/.local/lib/python3.10/site-packages/airflow/example_dags/example_dataset_alias.py for tasks to queue
[2025-03-12T14:18:53.222+0200] {logging_mixin.py:190} INFO - [2025-03-12T14:18:53.222+0200] {dagbag.py:588} INFO - Filling up the DagBag from /home/munyah/.local/lib/python3.10/site-packages/airflow/example_dags/example_dataset_alias.py
[2025-03-12T14:18:53.248+0200] {processor.py:925} INFO - DAG(s) 'dataset_alias_example_alias_producer', 'dataset_s3_bucket_producer', 'dataset_alias_example_alias_consumer', 'dataset_s3_bucket_consumer' retrieved from /home/munyah/.local/lib/python3.10/site-packages/airflow/example_dags/example_dataset_alias.py
[2025-03-12T14:18:53.272+0200] {logging_mixin.py:190} INFO - [2025-03-12T14:18:53.272+0200] {dag.py:3239} INFO - Sync 4 DAGs
[2025-03-12T14:18:53.294+0200] {logging_mixin.py:190} INFO - [2025-03-12T14:18:53.294+0200] {dag.py:4180} INFO - Setting next_dagrun for dataset_alias_example_alias_consumer to None, run_after=None
[2025-03-12T14:18:53.297+0200] {logging_mixin.py:190} INFO - [2025-03-12T14:18:53.297+0200] {dag.py:4180} INFO - Setting next_dagrun for dataset_alias_example_alias_producer to None, run_after=None
[2025-03-12T14:18:53.298+0200] {logging_mixin.py:190} INFO - [2025-03-12T14:18:53.298+0200] {dag.py:4180} INFO - Setting next_dagrun for dataset_s3_bucket_consumer to None, run_after=None
[2025-03-12T14:18:53.299+0200] {logging_mixin.py:190} INFO - [2025-03-12T14:18:53.299+0200] {dag.py:4180} INFO - Setting next_dagrun for dataset_s3_bucket_producer to None, run_after=None
[2025-03-12T14:18:53.323+0200] {processor.py:208} INFO - Processing /home/munyah/.local/lib/python3.10/site-packages/airflow/example_dags/example_dataset_alias.py took 0.112 seconds
[2025-03-12T14:19:50.623+0200] {processor.py:186} INFO - Started process (PID=135023) to work on /home/munyah/.local/lib/python3.10/site-packages/airflow/example_dags/example_dataset_alias.py
[2025-03-12T14:19:50.624+0200] {processor.py:914} INFO - Processing file /home/munyah/.local/lib/python3.10/site-packages/airflow/example_dags/example_dataset_alias.py for tasks to queue
[2025-03-12T14:19:50.627+0200] {logging_mixin.py:190} INFO - [2025-03-12T14:19:50.627+0200] {dagbag.py:588} INFO - Filling up the DagBag from /home/munyah/.local/lib/python3.10/site-packages/airflow/example_dags/example_dataset_alias.py
[2025-03-12T14:19:50.656+0200] {processor.py:925} INFO - DAG(s) 'dataset_s3_bucket_consumer', 'dataset_alias_example_alias_producer', 'dataset_s3_bucket_producer', 'dataset_alias_example_alias_consumer' retrieved from /home/munyah/.local/lib/python3.10/site-packages/airflow/example_dags/example_dataset_alias.py
[2025-03-12T14:19:50.681+0200] {logging_mixin.py:190} INFO - [2025-03-12T14:19:50.680+0200] {dag.py:3239} INFO - Sync 4 DAGs
[2025-03-12T14:19:50.703+0200] {logging_mixin.py:190} INFO - [2025-03-12T14:19:50.703+0200] {dag.py:4180} INFO - Setting next_dagrun for dataset_alias_example_alias_consumer to None, run_after=None
[2025-03-12T14:19:50.705+0200] {logging_mixin.py:190} INFO - [2025-03-12T14:19:50.705+0200] {dag.py:4180} INFO - Setting next_dagrun for dataset_alias_example_alias_producer to None, run_after=None
[2025-03-12T14:19:50.707+0200] {logging_mixin.py:190} INFO - [2025-03-12T14:19:50.706+0200] {dag.py:4180} INFO - Setting next_dagrun for dataset_s3_bucket_consumer to None, run_after=None
[2025-03-12T14:19:50.708+0200] {logging_mixin.py:190} INFO - [2025-03-12T14:19:50.708+0200] {dag.py:4180} INFO - Setting next_dagrun for dataset_s3_bucket_producer to None, run_after=None
[2025-03-12T14:19:50.732+0200] {processor.py:208} INFO - Processing /home/munyah/.local/lib/python3.10/site-packages/airflow/example_dags/example_dataset_alias.py took 0.117 seconds
[2025-03-12T14:20:48.456+0200] {processor.py:186} INFO - Started process (PID=135203) to work on /home/munyah/.local/lib/python3.10/site-packages/airflow/example_dags/example_dataset_alias.py
[2025-03-12T14:20:48.457+0200] {processor.py:914} INFO - Processing file /home/munyah/.local/lib/python3.10/site-packages/airflow/example_dags/example_dataset_alias.py for tasks to queue
[2025-03-12T14:20:48.460+0200] {logging_mixin.py:190} INFO - [2025-03-12T14:20:48.459+0200] {dagbag.py:588} INFO - Filling up the DagBag from /home/munyah/.local/lib/python3.10/site-packages/airflow/example_dags/example_dataset_alias.py
[2025-03-12T14:20:48.489+0200] {processor.py:925} INFO - DAG(s) 'dataset_alias_example_alias_consumer', 'dataset_alias_example_alias_producer', 'dataset_s3_bucket_consumer', 'dataset_s3_bucket_producer' retrieved from /home/munyah/.local/lib/python3.10/site-packages/airflow/example_dags/example_dataset_alias.py
[2025-03-12T14:20:48.514+0200] {logging_mixin.py:190} INFO - [2025-03-12T14:20:48.513+0200] {dag.py:3239} INFO - Sync 4 DAGs
[2025-03-12T14:20:48.536+0200] {logging_mixin.py:190} INFO - [2025-03-12T14:20:48.536+0200] {dag.py:4180} INFO - Setting next_dagrun for dataset_alias_example_alias_consumer to None, run_after=None
[2025-03-12T14:20:48.539+0200] {logging_mixin.py:190} INFO - [2025-03-12T14:20:48.539+0200] {dag.py:4180} INFO - Setting next_dagrun for dataset_alias_example_alias_producer to None, run_after=None
[2025-03-12T14:20:48.541+0200] {logging_mixin.py:190} INFO - [2025-03-12T14:20:48.541+0200] {dag.py:4180} INFO - Setting next_dagrun for dataset_s3_bucket_consumer to None, run_after=None
[2025-03-12T14:20:48.543+0200] {logging_mixin.py:190} INFO - [2025-03-12T14:20:48.542+0200] {dag.py:4180} INFO - Setting next_dagrun for dataset_s3_bucket_producer to None, run_after=None
[2025-03-12T14:20:48.568+0200] {processor.py:208} INFO - Processing /home/munyah/.local/lib/python3.10/site-packages/airflow/example_dags/example_dataset_alias.py took 0.119 seconds
[2025-03-12T14:21:46.867+0200] {processor.py:186} INFO - Started process (PID=135410) to work on /home/munyah/.local/lib/python3.10/site-packages/airflow/example_dags/example_dataset_alias.py
[2025-03-12T14:21:46.869+0200] {processor.py:914} INFO - Processing file /home/munyah/.local/lib/python3.10/site-packages/airflow/example_dags/example_dataset_alias.py for tasks to queue
[2025-03-12T14:21:46.871+0200] {logging_mixin.py:190} INFO - [2025-03-12T14:21:46.870+0200] {dagbag.py:588} INFO - Filling up the DagBag from /home/munyah/.local/lib/python3.10/site-packages/airflow/example_dags/example_dataset_alias.py
[2025-03-12T14:21:46.899+0200] {processor.py:925} INFO - DAG(s) 'dataset_alias_example_alias_producer', 'dataset_s3_bucket_producer', 'dataset_alias_example_alias_consumer', 'dataset_s3_bucket_consumer' retrieved from /home/munyah/.local/lib/python3.10/site-packages/airflow/example_dags/example_dataset_alias.py
[2025-03-12T14:21:46.922+0200] {logging_mixin.py:190} INFO - [2025-03-12T14:21:46.922+0200] {dag.py:3239} INFO - Sync 4 DAGs
[2025-03-12T14:21:46.947+0200] {logging_mixin.py:190} INFO - [2025-03-12T14:21:46.947+0200] {dag.py:4180} INFO - Setting next_dagrun for dataset_alias_example_alias_consumer to None, run_after=None
[2025-03-12T14:21:46.950+0200] {logging_mixin.py:190} INFO - [2025-03-12T14:21:46.949+0200] {dag.py:4180} INFO - Setting next_dagrun for dataset_alias_example_alias_producer to None, run_after=None
[2025-03-12T14:21:46.951+0200] {logging_mixin.py:190} INFO - [2025-03-12T14:21:46.951+0200] {dag.py:4180} INFO - Setting next_dagrun for dataset_s3_bucket_consumer to None, run_after=None
[2025-03-12T14:21:46.952+0200] {logging_mixin.py:190} INFO - [2025-03-12T14:21:46.952+0200] {dag.py:4180} INFO - Setting next_dagrun for dataset_s3_bucket_producer to None, run_after=None
[2025-03-12T14:21:46.977+0200] {processor.py:208} INFO - Processing /home/munyah/.local/lib/python3.10/site-packages/airflow/example_dags/example_dataset_alias.py took 0.117 seconds
[2025-03-12T14:22:44.273+0200] {processor.py:186} INFO - Started process (PID=136295) to work on /home/munyah/.local/lib/python3.10/site-packages/airflow/example_dags/example_dataset_alias.py
[2025-03-12T14:22:44.275+0200] {processor.py:914} INFO - Processing file /home/munyah/.local/lib/python3.10/site-packages/airflow/example_dags/example_dataset_alias.py for tasks to queue
[2025-03-12T14:22:44.279+0200] {logging_mixin.py:190} INFO - [2025-03-12T14:22:44.279+0200] {dagbag.py:588} INFO - Filling up the DagBag from /home/munyah/.local/lib/python3.10/site-packages/airflow/example_dags/example_dataset_alias.py
[2025-03-12T14:22:44.314+0200] {processor.py:925} INFO - DAG(s) 'dataset_s3_bucket_consumer', 'dataset_s3_bucket_producer', 'dataset_alias_example_alias_consumer', 'dataset_alias_example_alias_producer' retrieved from /home/munyah/.local/lib/python3.10/site-packages/airflow/example_dags/example_dataset_alias.py
[2025-03-12T14:22:44.343+0200] {logging_mixin.py:190} INFO - [2025-03-12T14:22:44.343+0200] {dag.py:3239} INFO - Sync 4 DAGs
[2025-03-12T14:22:44.372+0200] {logging_mixin.py:190} INFO - [2025-03-12T14:22:44.371+0200] {dag.py:4180} INFO - Setting next_dagrun for dataset_alias_example_alias_consumer to None, run_after=None
[2025-03-12T14:22:44.374+0200] {logging_mixin.py:190} INFO - [2025-03-12T14:22:44.374+0200] {dag.py:4180} INFO - Setting next_dagrun for dataset_alias_example_alias_producer to None, run_after=None
[2025-03-12T14:22:44.375+0200] {logging_mixin.py:190} INFO - [2025-03-12T14:22:44.375+0200] {dag.py:4180} INFO - Setting next_dagrun for dataset_s3_bucket_consumer to None, run_after=None
[2025-03-12T14:22:44.376+0200] {logging_mixin.py:190} INFO - [2025-03-12T14:22:44.376+0200] {dag.py:4180} INFO - Setting next_dagrun for dataset_s3_bucket_producer to None, run_after=None
[2025-03-12T14:22:44.404+0200] {processor.py:208} INFO - Processing /home/munyah/.local/lib/python3.10/site-packages/airflow/example_dags/example_dataset_alias.py took 0.145 seconds
[2025-03-12T14:23:59.634+0200] {processor.py:186} INFO - Started process (PID=136598) to work on /home/munyah/.local/lib/python3.10/site-packages/airflow/example_dags/example_dataset_alias.py
[2025-03-12T14:23:59.636+0200] {processor.py:914} INFO - Processing file /home/munyah/.local/lib/python3.10/site-packages/airflow/example_dags/example_dataset_alias.py for tasks to queue
[2025-03-12T14:23:59.638+0200] {logging_mixin.py:190} INFO - [2025-03-12T14:23:59.638+0200] {dagbag.py:588} INFO - Filling up the DagBag from /home/munyah/.local/lib/python3.10/site-packages/airflow/example_dags/example_dataset_alias.py
[2025-03-12T14:23:59.666+0200] {processor.py:925} INFO - DAG(s) 'dataset_s3_bucket_producer', 'dataset_alias_example_alias_consumer', 'dataset_alias_example_alias_producer', 'dataset_s3_bucket_consumer' retrieved from /home/munyah/.local/lib/python3.10/site-packages/airflow/example_dags/example_dataset_alias.py
[2025-03-12T14:23:59.691+0200] {logging_mixin.py:190} INFO - [2025-03-12T14:23:59.690+0200] {dag.py:3239} INFO - Sync 4 DAGs
[2025-03-12T14:23:59.715+0200] {logging_mixin.py:190} INFO - [2025-03-12T14:23:59.715+0200] {dag.py:4180} INFO - Setting next_dagrun for dataset_alias_example_alias_consumer to None, run_after=None
[2025-03-12T14:23:59.718+0200] {logging_mixin.py:190} INFO - [2025-03-12T14:23:59.718+0200] {dag.py:4180} INFO - Setting next_dagrun for dataset_alias_example_alias_producer to None, run_after=None
[2025-03-12T14:23:59.719+0200] {logging_mixin.py:190} INFO - [2025-03-12T14:23:59.719+0200] {dag.py:4180} INFO - Setting next_dagrun for dataset_s3_bucket_consumer to None, run_after=None
[2025-03-12T14:23:59.720+0200] {logging_mixin.py:190} INFO - [2025-03-12T14:23:59.720+0200] {dag.py:4180} INFO - Setting next_dagrun for dataset_s3_bucket_producer to None, run_after=None
[2025-03-12T14:23:59.748+0200] {processor.py:208} INFO - Processing /home/munyah/.local/lib/python3.10/site-packages/airflow/example_dags/example_dataset_alias.py took 0.123 seconds
[2025-03-12T14:24:57.633+0200] {processor.py:186} INFO - Started process (PID=136809) to work on /home/munyah/.local/lib/python3.10/site-packages/airflow/example_dags/example_dataset_alias.py
[2025-03-12T14:24:57.635+0200] {processor.py:914} INFO - Processing file /home/munyah/.local/lib/python3.10/site-packages/airflow/example_dags/example_dataset_alias.py for tasks to queue
[2025-03-12T14:24:57.637+0200] {logging_mixin.py:190} INFO - [2025-03-12T14:24:57.637+0200] {dagbag.py:588} INFO - Filling up the DagBag from /home/munyah/.local/lib/python3.10/site-packages/airflow/example_dags/example_dataset_alias.py
[2025-03-12T14:24:57.665+0200] {processor.py:925} INFO - DAG(s) 'dataset_s3_bucket_producer', 'dataset_alias_example_alias_producer', 'dataset_s3_bucket_consumer', 'dataset_alias_example_alias_consumer' retrieved from /home/munyah/.local/lib/python3.10/site-packages/airflow/example_dags/example_dataset_alias.py
[2025-03-12T14:24:57.690+0200] {logging_mixin.py:190} INFO - [2025-03-12T14:24:57.689+0200] {dag.py:3239} INFO - Sync 4 DAGs
[2025-03-12T14:24:57.715+0200] {logging_mixin.py:190} INFO - [2025-03-12T14:24:57.714+0200] {dag.py:4180} INFO - Setting next_dagrun for dataset_alias_example_alias_consumer to None, run_after=None
[2025-03-12T14:24:57.718+0200] {logging_mixin.py:190} INFO - [2025-03-12T14:24:57.718+0200] {dag.py:4180} INFO - Setting next_dagrun for dataset_alias_example_alias_producer to None, run_after=None
[2025-03-12T14:24:57.720+0200] {logging_mixin.py:190} INFO - [2025-03-12T14:24:57.719+0200] {dag.py:4180} INFO - Setting next_dagrun for dataset_s3_bucket_consumer to None, run_after=None
[2025-03-12T14:24:57.721+0200] {logging_mixin.py:190} INFO - [2025-03-12T14:24:57.720+0200] {dag.py:4180} INFO - Setting next_dagrun for dataset_s3_bucket_producer to None, run_after=None
[2025-03-12T14:24:57.748+0200] {processor.py:208} INFO - Processing /home/munyah/.local/lib/python3.10/site-packages/airflow/example_dags/example_dataset_alias.py took 0.122 seconds
[2025-03-12T14:25:54.865+0200] {processor.py:186} INFO - Started process (PID=137020) to work on /home/munyah/.local/lib/python3.10/site-packages/airflow/example_dags/example_dataset_alias.py
[2025-03-12T14:25:54.866+0200] {processor.py:914} INFO - Processing file /home/munyah/.local/lib/python3.10/site-packages/airflow/example_dags/example_dataset_alias.py for tasks to queue
[2025-03-12T14:25:54.869+0200] {logging_mixin.py:190} INFO - [2025-03-12T14:25:54.868+0200] {dagbag.py:588} INFO - Filling up the DagBag from /home/munyah/.local/lib/python3.10/site-packages/airflow/example_dags/example_dataset_alias.py
[2025-03-12T14:25:54.898+0200] {processor.py:925} INFO - DAG(s) 'dataset_s3_bucket_consumer', 'dataset_s3_bucket_producer', 'dataset_alias_example_alias_producer', 'dataset_alias_example_alias_consumer' retrieved from /home/munyah/.local/lib/python3.10/site-packages/airflow/example_dags/example_dataset_alias.py
[2025-03-12T14:25:54.933+0200] {logging_mixin.py:190} INFO - [2025-03-12T14:25:54.933+0200] {dag.py:3239} INFO - Sync 4 DAGs
[2025-03-12T14:25:54.960+0200] {logging_mixin.py:190} INFO - [2025-03-12T14:25:54.959+0200] {dag.py:4180} INFO - Setting next_dagrun for dataset_alias_example_alias_consumer to None, run_after=None
[2025-03-12T14:25:54.963+0200] {logging_mixin.py:190} INFO - [2025-03-12T14:25:54.962+0200] {dag.py:4180} INFO - Setting next_dagrun for dataset_alias_example_alias_producer to None, run_after=None
[2025-03-12T14:25:54.964+0200] {logging_mixin.py:190} INFO - [2025-03-12T14:25:54.964+0200] {dag.py:4180} INFO - Setting next_dagrun for dataset_s3_bucket_consumer to None, run_after=None
[2025-03-12T14:25:54.965+0200] {logging_mixin.py:190} INFO - [2025-03-12T14:25:54.965+0200] {dag.py:4180} INFO - Setting next_dagrun for dataset_s3_bucket_producer to None, run_after=None
[2025-03-12T14:25:54.997+0200] {processor.py:208} INFO - Processing /home/munyah/.local/lib/python3.10/site-packages/airflow/example_dags/example_dataset_alias.py took 0.140 seconds
[2025-03-12T14:26:56.079+0200] {processor.py:186} INFO - Started process (PID=137210) to work on /home/munyah/.local/lib/python3.10/site-packages/airflow/example_dags/example_dataset_alias.py
[2025-03-12T14:26:56.080+0200] {processor.py:914} INFO - Processing file /home/munyah/.local/lib/python3.10/site-packages/airflow/example_dags/example_dataset_alias.py for tasks to queue
[2025-03-12T14:26:56.083+0200] {logging_mixin.py:190} INFO - [2025-03-12T14:26:56.082+0200] {dagbag.py:588} INFO - Filling up the DagBag from /home/munyah/.local/lib/python3.10/site-packages/airflow/example_dags/example_dataset_alias.py
[2025-03-12T14:26:56.117+0200] {processor.py:925} INFO - DAG(s) 'dataset_s3_bucket_consumer', 'dataset_alias_example_alias_consumer', 'dataset_s3_bucket_producer', 'dataset_alias_example_alias_producer' retrieved from /home/munyah/.local/lib/python3.10/site-packages/airflow/example_dags/example_dataset_alias.py
[2025-03-12T14:26:56.142+0200] {logging_mixin.py:190} INFO - [2025-03-12T14:26:56.142+0200] {dag.py:3239} INFO - Sync 4 DAGs
[2025-03-12T14:26:56.168+0200] {logging_mixin.py:190} INFO - [2025-03-12T14:26:56.168+0200] {dag.py:4180} INFO - Setting next_dagrun for dataset_alias_example_alias_consumer to None, run_after=None
[2025-03-12T14:26:56.171+0200] {logging_mixin.py:190} INFO - [2025-03-12T14:26:56.171+0200] {dag.py:4180} INFO - Setting next_dagrun for dataset_alias_example_alias_producer to None, run_after=None
[2025-03-12T14:26:56.173+0200] {logging_mixin.py:190} INFO - [2025-03-12T14:26:56.172+0200] {dag.py:4180} INFO - Setting next_dagrun for dataset_s3_bucket_consumer to None, run_after=None
[2025-03-12T14:26:56.175+0200] {logging_mixin.py:190} INFO - [2025-03-12T14:26:56.174+0200] {dag.py:4180} INFO - Setting next_dagrun for dataset_s3_bucket_producer to None, run_after=None
[2025-03-12T14:26:56.204+0200] {processor.py:208} INFO - Processing /home/munyah/.local/lib/python3.10/site-packages/airflow/example_dags/example_dataset_alias.py took 0.135 seconds
[2025-03-12T14:27:59.951+0200] {processor.py:186} INFO - Started process (PID=137409) to work on /home/munyah/.local/lib/python3.10/site-packages/airflow/example_dags/example_dataset_alias.py
[2025-03-12T14:27:59.952+0200] {processor.py:914} INFO - Processing file /home/munyah/.local/lib/python3.10/site-packages/airflow/example_dags/example_dataset_alias.py for tasks to queue
[2025-03-12T14:27:59.955+0200] {logging_mixin.py:190} INFO - [2025-03-12T14:27:59.955+0200] {dagbag.py:588} INFO - Filling up the DagBag from /home/munyah/.local/lib/python3.10/site-packages/airflow/example_dags/example_dataset_alias.py
[2025-03-12T14:27:59.984+0200] {processor.py:925} INFO - DAG(s) 'dataset_s3_bucket_consumer', 'dataset_s3_bucket_producer', 'dataset_alias_example_alias_producer', 'dataset_alias_example_alias_consumer' retrieved from /home/munyah/.local/lib/python3.10/site-packages/airflow/example_dags/example_dataset_alias.py
[2025-03-12T14:28:00.010+0200] {logging_mixin.py:190} INFO - [2025-03-12T14:28:00.009+0200] {dag.py:3239} INFO - Sync 4 DAGs
[2025-03-12T14:28:00.033+0200] {logging_mixin.py:190} INFO - [2025-03-12T14:28:00.033+0200] {dag.py:4180} INFO - Setting next_dagrun for dataset_alias_example_alias_consumer to None, run_after=None
[2025-03-12T14:28:00.036+0200] {logging_mixin.py:190} INFO - [2025-03-12T14:28:00.035+0200] {dag.py:4180} INFO - Setting next_dagrun for dataset_alias_example_alias_producer to None, run_after=None
[2025-03-12T14:28:00.037+0200] {logging_mixin.py:190} INFO - [2025-03-12T14:28:00.037+0200] {dag.py:4180} INFO - Setting next_dagrun for dataset_s3_bucket_consumer to None, run_after=None
[2025-03-12T14:28:00.038+0200] {logging_mixin.py:190} INFO - [2025-03-12T14:28:00.038+0200] {dag.py:4180} INFO - Setting next_dagrun for dataset_s3_bucket_producer to None, run_after=None
[2025-03-12T14:28:00.065+0200] {processor.py:208} INFO - Processing /home/munyah/.local/lib/python3.10/site-packages/airflow/example_dags/example_dataset_alias.py took 0.121 seconds
[2025-03-12T14:29:00.584+0200] {processor.py:186} INFO - Started process (PID=137604) to work on /home/munyah/.local/lib/python3.10/site-packages/airflow/example_dags/example_dataset_alias.py
[2025-03-12T14:29:00.586+0200] {processor.py:914} INFO - Processing file /home/munyah/.local/lib/python3.10/site-packages/airflow/example_dags/example_dataset_alias.py for tasks to queue
[2025-03-12T14:29:00.588+0200] {logging_mixin.py:190} INFO - [2025-03-12T14:29:00.588+0200] {dagbag.py:588} INFO - Filling up the DagBag from /home/munyah/.local/lib/python3.10/site-packages/airflow/example_dags/example_dataset_alias.py
[2025-03-12T14:29:00.615+0200] {processor.py:925} INFO - DAG(s) 'dataset_s3_bucket_consumer', 'dataset_alias_example_alias_consumer', 'dataset_s3_bucket_producer', 'dataset_alias_example_alias_producer' retrieved from /home/munyah/.local/lib/python3.10/site-packages/airflow/example_dags/example_dataset_alias.py
[2025-03-12T14:29:00.643+0200] {logging_mixin.py:190} INFO - [2025-03-12T14:29:00.643+0200] {dag.py:3239} INFO - Sync 4 DAGs
[2025-03-12T14:29:00.668+0200] {logging_mixin.py:190} INFO - [2025-03-12T14:29:00.668+0200] {dag.py:4180} INFO - Setting next_dagrun for dataset_alias_example_alias_consumer to None, run_after=None
[2025-03-12T14:29:00.671+0200] {logging_mixin.py:190} INFO - [2025-03-12T14:29:00.670+0200] {dag.py:4180} INFO - Setting next_dagrun for dataset_alias_example_alias_producer to None, run_after=None
[2025-03-12T14:29:00.672+0200] {logging_mixin.py:190} INFO - [2025-03-12T14:29:00.672+0200] {dag.py:4180} INFO - Setting next_dagrun for dataset_s3_bucket_consumer to None, run_after=None
[2025-03-12T14:29:00.673+0200] {logging_mixin.py:190} INFO - [2025-03-12T14:29:00.673+0200] {dag.py:4180} INFO - Setting next_dagrun for dataset_s3_bucket_producer to None, run_after=None
[2025-03-12T14:29:00.698+0200] {processor.py:208} INFO - Processing /home/munyah/.local/lib/python3.10/site-packages/airflow/example_dags/example_dataset_alias.py took 0.121 seconds
[2025-03-12T14:29:59.362+0200] {processor.py:186} INFO - Started process (PID=138601) to work on /home/munyah/.local/lib/python3.10/site-packages/airflow/example_dags/example_dataset_alias.py
[2025-03-12T14:29:59.364+0200] {processor.py:914} INFO - Processing file /home/munyah/.local/lib/python3.10/site-packages/airflow/example_dags/example_dataset_alias.py for tasks to queue
[2025-03-12T14:29:59.366+0200] {logging_mixin.py:190} INFO - [2025-03-12T14:29:59.366+0200] {dagbag.py:588} INFO - Filling up the DagBag from /home/munyah/.local/lib/python3.10/site-packages/airflow/example_dags/example_dataset_alias.py
[2025-03-12T14:29:59.394+0200] {processor.py:925} INFO - DAG(s) 'dataset_alias_example_alias_producer', 'dataset_alias_example_alias_consumer', 'dataset_s3_bucket_consumer', 'dataset_s3_bucket_producer' retrieved from /home/munyah/.local/lib/python3.10/site-packages/airflow/example_dags/example_dataset_alias.py
[2025-03-12T14:29:59.418+0200] {logging_mixin.py:190} INFO - [2025-03-12T14:29:59.418+0200] {dag.py:3239} INFO - Sync 4 DAGs
[2025-03-12T14:29:59.441+0200] {logging_mixin.py:190} INFO - [2025-03-12T14:29:59.441+0200] {dag.py:4180} INFO - Setting next_dagrun for dataset_alias_example_alias_consumer to None, run_after=None
[2025-03-12T14:29:59.444+0200] {logging_mixin.py:190} INFO - [2025-03-12T14:29:59.444+0200] {dag.py:4180} INFO - Setting next_dagrun for dataset_alias_example_alias_producer to None, run_after=None
[2025-03-12T14:29:59.445+0200] {logging_mixin.py:190} INFO - [2025-03-12T14:29:59.445+0200] {dag.py:4180} INFO - Setting next_dagrun for dataset_s3_bucket_consumer to None, run_after=None
[2025-03-12T14:29:59.446+0200] {logging_mixin.py:190} INFO - [2025-03-12T14:29:59.446+0200] {dag.py:4180} INFO - Setting next_dagrun for dataset_s3_bucket_producer to None, run_after=None
[2025-03-12T14:29:59.473+0200] {processor.py:208} INFO - Processing /home/munyah/.local/lib/python3.10/site-packages/airflow/example_dags/example_dataset_alias.py took 0.119 seconds
[2025-03-12T14:31:02.311+0200] {processor.py:186} INFO - Started process (PID=138847) to work on /home/munyah/.local/lib/python3.10/site-packages/airflow/example_dags/example_dataset_alias.py
[2025-03-12T14:31:02.312+0200] {processor.py:914} INFO - Processing file /home/munyah/.local/lib/python3.10/site-packages/airflow/example_dags/example_dataset_alias.py for tasks to queue
[2025-03-12T14:31:02.314+0200] {logging_mixin.py:190} INFO - [2025-03-12T14:31:02.314+0200] {dagbag.py:588} INFO - Filling up the DagBag from /home/munyah/.local/lib/python3.10/site-packages/airflow/example_dags/example_dataset_alias.py
[2025-03-12T14:31:02.342+0200] {processor.py:925} INFO - DAG(s) 'dataset_alias_example_alias_consumer', 'dataset_s3_bucket_producer', 'dataset_s3_bucket_consumer', 'dataset_alias_example_alias_producer' retrieved from /home/munyah/.local/lib/python3.10/site-packages/airflow/example_dags/example_dataset_alias.py
[2025-03-12T14:31:02.368+0200] {logging_mixin.py:190} INFO - [2025-03-12T14:31:02.368+0200] {dag.py:3239} INFO - Sync 4 DAGs
[2025-03-12T14:31:02.394+0200] {logging_mixin.py:190} INFO - [2025-03-12T14:31:02.394+0200] {dag.py:4180} INFO - Setting next_dagrun for dataset_alias_example_alias_consumer to None, run_after=None
[2025-03-12T14:31:02.397+0200] {logging_mixin.py:190} INFO - [2025-03-12T14:31:02.396+0200] {dag.py:4180} INFO - Setting next_dagrun for dataset_alias_example_alias_producer to None, run_after=None
[2025-03-12T14:31:02.398+0200] {logging_mixin.py:190} INFO - [2025-03-12T14:31:02.398+0200] {dag.py:4180} INFO - Setting next_dagrun for dataset_s3_bucket_consumer to None, run_after=None
[2025-03-12T14:31:02.400+0200] {logging_mixin.py:190} INFO - [2025-03-12T14:31:02.400+0200] {dag.py:4180} INFO - Setting next_dagrun for dataset_s3_bucket_producer to None, run_after=None
[2025-03-12T14:31:02.425+0200] {processor.py:208} INFO - Processing /home/munyah/.local/lib/python3.10/site-packages/airflow/example_dags/example_dataset_alias.py took 0.123 seconds
[2025-03-12T14:32:07.582+0200] {processor.py:186} INFO - Started process (PID=139053) to work on /home/munyah/.local/lib/python3.10/site-packages/airflow/example_dags/example_dataset_alias.py
[2025-03-12T14:32:07.583+0200] {processor.py:914} INFO - Processing file /home/munyah/.local/lib/python3.10/site-packages/airflow/example_dags/example_dataset_alias.py for tasks to queue
[2025-03-12T14:32:07.586+0200] {logging_mixin.py:190} INFO - [2025-03-12T14:32:07.585+0200] {dagbag.py:588} INFO - Filling up the DagBag from /home/munyah/.local/lib/python3.10/site-packages/airflow/example_dags/example_dataset_alias.py
[2025-03-12T14:32:07.615+0200] {processor.py:925} INFO - DAG(s) 'dataset_s3_bucket_consumer', 'dataset_alias_example_alias_consumer', 'dataset_alias_example_alias_producer', 'dataset_s3_bucket_producer' retrieved from /home/munyah/.local/lib/python3.10/site-packages/airflow/example_dags/example_dataset_alias.py
[2025-03-12T14:32:07.640+0200] {logging_mixin.py:190} INFO - [2025-03-12T14:32:07.640+0200] {dag.py:3239} INFO - Sync 4 DAGs
[2025-03-12T14:32:07.665+0200] {logging_mixin.py:190} INFO - [2025-03-12T14:32:07.665+0200] {dag.py:4180} INFO - Setting next_dagrun for dataset_alias_example_alias_consumer to None, run_after=None
[2025-03-12T14:32:07.667+0200] {logging_mixin.py:190} INFO - [2025-03-12T14:32:07.667+0200] {dag.py:4180} INFO - Setting next_dagrun for dataset_alias_example_alias_producer to None, run_after=None
[2025-03-12T14:32:07.669+0200] {logging_mixin.py:190} INFO - [2025-03-12T14:32:07.668+0200] {dag.py:4180} INFO - Setting next_dagrun for dataset_s3_bucket_consumer to None, run_after=None
[2025-03-12T14:32:07.670+0200] {logging_mixin.py:190} INFO - [2025-03-12T14:32:07.670+0200] {dag.py:4180} INFO - Setting next_dagrun for dataset_s3_bucket_producer to None, run_after=None
[2025-03-12T14:32:07.698+0200] {processor.py:208} INFO - Processing /home/munyah/.local/lib/python3.10/site-packages/airflow/example_dags/example_dataset_alias.py took 0.128 seconds
[2025-03-12T14:33:09.450+0200] {processor.py:186} INFO - Started process (PID=139761) to work on /home/munyah/.local/lib/python3.10/site-packages/airflow/example_dags/example_dataset_alias.py
[2025-03-12T14:33:09.451+0200] {processor.py:914} INFO - Processing file /home/munyah/.local/lib/python3.10/site-packages/airflow/example_dags/example_dataset_alias.py for tasks to queue
[2025-03-12T14:33:09.454+0200] {logging_mixin.py:190} INFO - [2025-03-12T14:33:09.454+0200] {dagbag.py:588} INFO - Filling up the DagBag from /home/munyah/.local/lib/python3.10/site-packages/airflow/example_dags/example_dataset_alias.py
[2025-03-12T14:33:09.484+0200] {processor.py:925} INFO - DAG(s) 'dataset_s3_bucket_producer', 'dataset_alias_example_alias_consumer', 'dataset_alias_example_alias_producer', 'dataset_s3_bucket_consumer' retrieved from /home/munyah/.local/lib/python3.10/site-packages/airflow/example_dags/example_dataset_alias.py
[2025-03-12T14:33:09.511+0200] {logging_mixin.py:190} INFO - [2025-03-12T14:33:09.511+0200] {dag.py:3239} INFO - Sync 4 DAGs
[2025-03-12T14:33:09.535+0200] {logging_mixin.py:190} INFO - [2025-03-12T14:33:09.535+0200] {dag.py:4180} INFO - Setting next_dagrun for dataset_alias_example_alias_consumer to None, run_after=None
[2025-03-12T14:33:09.538+0200] {logging_mixin.py:190} INFO - [2025-03-12T14:33:09.538+0200] {dag.py:4180} INFO - Setting next_dagrun for dataset_alias_example_alias_producer to None, run_after=None
[2025-03-12T14:33:09.539+0200] {logging_mixin.py:190} INFO - [2025-03-12T14:33:09.539+0200] {dag.py:4180} INFO - Setting next_dagrun for dataset_s3_bucket_consumer to None, run_after=None
[2025-03-12T14:33:09.540+0200] {logging_mixin.py:190} INFO - [2025-03-12T14:33:09.540+0200] {dag.py:4180} INFO - Setting next_dagrun for dataset_s3_bucket_producer to None, run_after=None
[2025-03-12T14:33:09.567+0200] {processor.py:208} INFO - Processing /home/munyah/.local/lib/python3.10/site-packages/airflow/example_dags/example_dataset_alias.py took 0.129 seconds
[2025-03-12T14:34:13.396+0200] {processor.py:186} INFO - Started process (PID=140035) to work on /home/munyah/.local/lib/python3.10/site-packages/airflow/example_dags/example_dataset_alias.py
[2025-03-12T14:34:13.398+0200] {processor.py:914} INFO - Processing file /home/munyah/.local/lib/python3.10/site-packages/airflow/example_dags/example_dataset_alias.py for tasks to queue
[2025-03-12T14:34:13.400+0200] {logging_mixin.py:190} INFO - [2025-03-12T14:34:13.400+0200] {dagbag.py:588} INFO - Filling up the DagBag from /home/munyah/.local/lib/python3.10/site-packages/airflow/example_dags/example_dataset_alias.py
[2025-03-12T14:34:13.427+0200] {processor.py:925} INFO - DAG(s) 'dataset_alias_example_alias_producer', 'dataset_s3_bucket_producer', 'dataset_alias_example_alias_consumer', 'dataset_s3_bucket_consumer' retrieved from /home/munyah/.local/lib/python3.10/site-packages/airflow/example_dags/example_dataset_alias.py
[2025-03-12T14:34:13.452+0200] {logging_mixin.py:190} INFO - [2025-03-12T14:34:13.452+0200] {dag.py:3239} INFO - Sync 4 DAGs
[2025-03-12T14:34:13.475+0200] {logging_mixin.py:190} INFO - [2025-03-12T14:34:13.475+0200] {dag.py:4180} INFO - Setting next_dagrun for dataset_alias_example_alias_consumer to None, run_after=None
[2025-03-12T14:34:13.478+0200] {logging_mixin.py:190} INFO - [2025-03-12T14:34:13.477+0200] {dag.py:4180} INFO - Setting next_dagrun for dataset_alias_example_alias_producer to None, run_after=None
[2025-03-12T14:34:13.479+0200] {logging_mixin.py:190} INFO - [2025-03-12T14:34:13.478+0200] {dag.py:4180} INFO - Setting next_dagrun for dataset_s3_bucket_consumer to None, run_after=None
[2025-03-12T14:34:13.480+0200] {logging_mixin.py:190} INFO - [2025-03-12T14:34:13.480+0200] {dag.py:4180} INFO - Setting next_dagrun for dataset_s3_bucket_producer to None, run_after=None
[2025-03-12T14:34:13.505+0200] {processor.py:208} INFO - Processing /home/munyah/.local/lib/python3.10/site-packages/airflow/example_dags/example_dataset_alias.py took 0.116 seconds
[2025-03-12T14:35:18.711+0200] {processor.py:186} INFO - Started process (PID=140216) to work on /home/munyah/.local/lib/python3.10/site-packages/airflow/example_dags/example_dataset_alias.py
[2025-03-12T14:35:18.712+0200] {processor.py:914} INFO - Processing file /home/munyah/.local/lib/python3.10/site-packages/airflow/example_dags/example_dataset_alias.py for tasks to queue
[2025-03-12T14:35:18.714+0200] {logging_mixin.py:190} INFO - [2025-03-12T14:35:18.714+0200] {dagbag.py:588} INFO - Filling up the DagBag from /home/munyah/.local/lib/python3.10/site-packages/airflow/example_dags/example_dataset_alias.py
[2025-03-12T14:35:18.742+0200] {processor.py:925} INFO - DAG(s) 'dataset_alias_example_alias_consumer', 'dataset_s3_bucket_consumer', 'dataset_alias_example_alias_producer', 'dataset_s3_bucket_producer' retrieved from /home/munyah/.local/lib/python3.10/site-packages/airflow/example_dags/example_dataset_alias.py
[2025-03-12T14:35:18.769+0200] {logging_mixin.py:190} INFO - [2025-03-12T14:35:18.769+0200] {dag.py:3239} INFO - Sync 4 DAGs
[2025-03-12T14:35:18.794+0200] {logging_mixin.py:190} INFO - [2025-03-12T14:35:18.794+0200] {dag.py:4180} INFO - Setting next_dagrun for dataset_alias_example_alias_consumer to None, run_after=None
[2025-03-12T14:35:18.797+0200] {logging_mixin.py:190} INFO - [2025-03-12T14:35:18.797+0200] {dag.py:4180} INFO - Setting next_dagrun for dataset_alias_example_alias_producer to None, run_after=None
[2025-03-12T14:35:18.799+0200] {logging_mixin.py:190} INFO - [2025-03-12T14:35:18.798+0200] {dag.py:4180} INFO - Setting next_dagrun for dataset_s3_bucket_consumer to None, run_after=None
[2025-03-12T14:35:18.799+0200] {logging_mixin.py:190} INFO - [2025-03-12T14:35:18.799+0200] {dag.py:4180} INFO - Setting next_dagrun for dataset_s3_bucket_producer to None, run_after=None
[2025-03-12T14:35:18.829+0200] {processor.py:208} INFO - Processing /home/munyah/.local/lib/python3.10/site-packages/airflow/example_dags/example_dataset_alias.py took 0.126 seconds
[2025-03-12T14:36:23.678+0200] {processor.py:186} INFO - Started process (PID=140468) to work on /home/munyah/.local/lib/python3.10/site-packages/airflow/example_dags/example_dataset_alias.py
[2025-03-12T14:36:23.679+0200] {processor.py:914} INFO - Processing file /home/munyah/.local/lib/python3.10/site-packages/airflow/example_dags/example_dataset_alias.py for tasks to queue
[2025-03-12T14:36:23.681+0200] {logging_mixin.py:190} INFO - [2025-03-12T14:36:23.681+0200] {dagbag.py:588} INFO - Filling up the DagBag from /home/munyah/.local/lib/python3.10/site-packages/airflow/example_dags/example_dataset_alias.py
[2025-03-12T14:36:23.708+0200] {processor.py:925} INFO - DAG(s) 'dataset_s3_bucket_consumer', 'dataset_alias_example_alias_consumer', 'dataset_alias_example_alias_producer', 'dataset_s3_bucket_producer' retrieved from /home/munyah/.local/lib/python3.10/site-packages/airflow/example_dags/example_dataset_alias.py
[2025-03-12T14:36:23.731+0200] {logging_mixin.py:190} INFO - [2025-03-12T14:36:23.731+0200] {dag.py:3239} INFO - Sync 4 DAGs
[2025-03-12T14:36:23.755+0200] {logging_mixin.py:190} INFO - [2025-03-12T14:36:23.755+0200] {dag.py:4180} INFO - Setting next_dagrun for dataset_alias_example_alias_consumer to None, run_after=None
[2025-03-12T14:36:23.757+0200] {logging_mixin.py:190} INFO - [2025-03-12T14:36:23.757+0200] {dag.py:4180} INFO - Setting next_dagrun for dataset_alias_example_alias_producer to None, run_after=None
[2025-03-12T14:36:23.759+0200] {logging_mixin.py:190} INFO - [2025-03-12T14:36:23.759+0200] {dag.py:4180} INFO - Setting next_dagrun for dataset_s3_bucket_consumer to None, run_after=None
[2025-03-12T14:36:23.760+0200] {logging_mixin.py:190} INFO - [2025-03-12T14:36:23.760+0200] {dag.py:4180} INFO - Setting next_dagrun for dataset_s3_bucket_producer to None, run_after=None
[2025-03-12T14:36:23.788+0200] {processor.py:208} INFO - Processing /home/munyah/.local/lib/python3.10/site-packages/airflow/example_dags/example_dataset_alias.py took 0.117 seconds
[2025-03-12T14:37:28.175+0200] {processor.py:186} INFO - Started process (PID=140582) to work on /home/munyah/.local/lib/python3.10/site-packages/airflow/example_dags/example_dataset_alias.py
[2025-03-12T14:37:28.176+0200] {processor.py:914} INFO - Processing file /home/munyah/.local/lib/python3.10/site-packages/airflow/example_dags/example_dataset_alias.py for tasks to queue
[2025-03-12T14:37:28.179+0200] {logging_mixin.py:190} INFO - [2025-03-12T14:37:28.178+0200] {dagbag.py:588} INFO - Filling up the DagBag from /home/munyah/.local/lib/python3.10/site-packages/airflow/example_dags/example_dataset_alias.py
[2025-03-12T14:37:28.208+0200] {processor.py:925} INFO - DAG(s) 'dataset_alias_example_alias_consumer', 'dataset_s3_bucket_producer', 'dataset_alias_example_alias_producer', 'dataset_s3_bucket_consumer' retrieved from /home/munyah/.local/lib/python3.10/site-packages/airflow/example_dags/example_dataset_alias.py
[2025-03-12T14:37:28.231+0200] {logging_mixin.py:190} INFO - [2025-03-12T14:37:28.231+0200] {dag.py:3239} INFO - Sync 4 DAGs
[2025-03-12T14:37:28.253+0200] {logging_mixin.py:190} INFO - [2025-03-12T14:37:28.253+0200] {dag.py:4180} INFO - Setting next_dagrun for dataset_alias_example_alias_consumer to None, run_after=None
[2025-03-12T14:37:28.255+0200] {logging_mixin.py:190} INFO - [2025-03-12T14:37:28.255+0200] {dag.py:4180} INFO - Setting next_dagrun for dataset_alias_example_alias_producer to None, run_after=None
[2025-03-12T14:37:28.256+0200] {logging_mixin.py:190} INFO - [2025-03-12T14:37:28.256+0200] {dag.py:4180} INFO - Setting next_dagrun for dataset_s3_bucket_consumer to None, run_after=None
[2025-03-12T14:37:28.257+0200] {logging_mixin.py:190} INFO - [2025-03-12T14:37:28.257+0200] {dag.py:4180} INFO - Setting next_dagrun for dataset_s3_bucket_producer to None, run_after=None
[2025-03-12T14:37:28.281+0200] {processor.py:208} INFO - Processing /home/munyah/.local/lib/python3.10/site-packages/airflow/example_dags/example_dataset_alias.py took 0.116 seconds
[2025-03-12T14:38:30.419+0200] {processor.py:186} INFO - Started process (PID=140686) to work on /home/munyah/.local/lib/python3.10/site-packages/airflow/example_dags/example_dataset_alias.py
[2025-03-12T14:38:30.420+0200] {processor.py:914} INFO - Processing file /home/munyah/.local/lib/python3.10/site-packages/airflow/example_dags/example_dataset_alias.py for tasks to queue
[2025-03-12T14:38:30.423+0200] {logging_mixin.py:190} INFO - [2025-03-12T14:38:30.423+0200] {dagbag.py:588} INFO - Filling up the DagBag from /home/munyah/.local/lib/python3.10/site-packages/airflow/example_dags/example_dataset_alias.py
[2025-03-12T14:38:30.451+0200] {processor.py:925} INFO - DAG(s) 'dataset_s3_bucket_producer', 'dataset_alias_example_alias_consumer', 'dataset_s3_bucket_consumer', 'dataset_alias_example_alias_producer' retrieved from /home/munyah/.local/lib/python3.10/site-packages/airflow/example_dags/example_dataset_alias.py
[2025-03-12T14:38:30.473+0200] {logging_mixin.py:190} INFO - [2025-03-12T14:38:30.473+0200] {dag.py:3239} INFO - Sync 4 DAGs
[2025-03-12T14:38:30.494+0200] {logging_mixin.py:190} INFO - [2025-03-12T14:38:30.494+0200] {dag.py:4180} INFO - Setting next_dagrun for dataset_alias_example_alias_consumer to None, run_after=None
[2025-03-12T14:38:30.496+0200] {logging_mixin.py:190} INFO - [2025-03-12T14:38:30.496+0200] {dag.py:4180} INFO - Setting next_dagrun for dataset_alias_example_alias_producer to None, run_after=None
[2025-03-12T14:38:30.498+0200] {logging_mixin.py:190} INFO - [2025-03-12T14:38:30.498+0200] {dag.py:4180} INFO - Setting next_dagrun for dataset_s3_bucket_consumer to None, run_after=None
[2025-03-12T14:38:30.499+0200] {logging_mixin.py:190} INFO - [2025-03-12T14:38:30.499+0200] {dag.py:4180} INFO - Setting next_dagrun for dataset_s3_bucket_producer to None, run_after=None
[2025-03-12T14:38:30.522+0200] {processor.py:208} INFO - Processing /home/munyah/.local/lib/python3.10/site-packages/airflow/example_dags/example_dataset_alias.py took 0.113 seconds
[2025-03-12T14:39:37.493+0200] {processor.py:186} INFO - Started process (PID=140796) to work on /home/munyah/.local/lib/python3.10/site-packages/airflow/example_dags/example_dataset_alias.py
[2025-03-12T14:39:37.495+0200] {processor.py:914} INFO - Processing file /home/munyah/.local/lib/python3.10/site-packages/airflow/example_dags/example_dataset_alias.py for tasks to queue
[2025-03-12T14:39:37.499+0200] {logging_mixin.py:190} INFO - [2025-03-12T14:39:37.498+0200] {dagbag.py:588} INFO - Filling up the DagBag from /home/munyah/.local/lib/python3.10/site-packages/airflow/example_dags/example_dataset_alias.py
[2025-03-12T14:39:37.529+0200] {processor.py:925} INFO - DAG(s) 'dataset_alias_example_alias_consumer', 'dataset_alias_example_alias_producer', 'dataset_s3_bucket_consumer', 'dataset_s3_bucket_producer' retrieved from /home/munyah/.local/lib/python3.10/site-packages/airflow/example_dags/example_dataset_alias.py
[2025-03-12T14:39:37.551+0200] {logging_mixin.py:190} INFO - [2025-03-12T14:39:37.551+0200] {dag.py:3239} INFO - Sync 4 DAGs
[2025-03-12T14:39:37.572+0200] {logging_mixin.py:190} INFO - [2025-03-12T14:39:37.572+0200] {dag.py:4180} INFO - Setting next_dagrun for dataset_alias_example_alias_consumer to None, run_after=None
[2025-03-12T14:39:37.574+0200] {logging_mixin.py:190} INFO - [2025-03-12T14:39:37.574+0200] {dag.py:4180} INFO - Setting next_dagrun for dataset_alias_example_alias_producer to None, run_after=None
[2025-03-12T14:39:37.576+0200] {logging_mixin.py:190} INFO - [2025-03-12T14:39:37.576+0200] {dag.py:4180} INFO - Setting next_dagrun for dataset_s3_bucket_consumer to None, run_after=None
[2025-03-12T14:39:37.577+0200] {logging_mixin.py:190} INFO - [2025-03-12T14:39:37.577+0200] {dag.py:4180} INFO - Setting next_dagrun for dataset_s3_bucket_producer to None, run_after=None
[2025-03-12T14:39:37.601+0200] {processor.py:208} INFO - Processing /home/munyah/.local/lib/python3.10/site-packages/airflow/example_dags/example_dataset_alias.py took 0.119 seconds
[2025-03-12T14:40:42.348+0200] {processor.py:186} INFO - Started process (PID=140907) to work on /home/munyah/.local/lib/python3.10/site-packages/airflow/example_dags/example_dataset_alias.py
[2025-03-12T14:40:42.350+0200] {processor.py:914} INFO - Processing file /home/munyah/.local/lib/python3.10/site-packages/airflow/example_dags/example_dataset_alias.py for tasks to queue
[2025-03-12T14:40:42.353+0200] {logging_mixin.py:190} INFO - [2025-03-12T14:40:42.352+0200] {dagbag.py:588} INFO - Filling up the DagBag from /home/munyah/.local/lib/python3.10/site-packages/airflow/example_dags/example_dataset_alias.py
[2025-03-12T14:40:42.384+0200] {processor.py:925} INFO - DAG(s) 'dataset_alias_example_alias_consumer', 'dataset_s3_bucket_producer', 'dataset_s3_bucket_consumer', 'dataset_alias_example_alias_producer' retrieved from /home/munyah/.local/lib/python3.10/site-packages/airflow/example_dags/example_dataset_alias.py
[2025-03-12T14:40:42.406+0200] {logging_mixin.py:190} INFO - [2025-03-12T14:40:42.406+0200] {dag.py:3239} INFO - Sync 4 DAGs
[2025-03-12T14:40:42.427+0200] {logging_mixin.py:190} INFO - [2025-03-12T14:40:42.427+0200] {dag.py:4180} INFO - Setting next_dagrun for dataset_alias_example_alias_consumer to None, run_after=None
[2025-03-12T14:40:42.429+0200] {logging_mixin.py:190} INFO - [2025-03-12T14:40:42.429+0200] {dag.py:4180} INFO - Setting next_dagrun for dataset_alias_example_alias_producer to None, run_after=None
[2025-03-12T14:40:42.430+0200] {logging_mixin.py:190} INFO - [2025-03-12T14:40:42.430+0200] {dag.py:4180} INFO - Setting next_dagrun for dataset_s3_bucket_consumer to None, run_after=None
[2025-03-12T14:40:42.431+0200] {logging_mixin.py:190} INFO - [2025-03-12T14:40:42.431+0200] {dag.py:4180} INFO - Setting next_dagrun for dataset_s3_bucket_producer to None, run_after=None
[2025-03-12T14:40:42.455+0200] {processor.py:208} INFO - Processing /home/munyah/.local/lib/python3.10/site-packages/airflow/example_dags/example_dataset_alias.py took 0.116 seconds
[2025-03-12T14:41:46.056+0200] {processor.py:186} INFO - Started process (PID=141232) to work on /home/munyah/.local/lib/python3.10/site-packages/airflow/example_dags/example_dataset_alias.py
[2025-03-12T14:41:46.060+0200] {processor.py:914} INFO - Processing file /home/munyah/.local/lib/python3.10/site-packages/airflow/example_dags/example_dataset_alias.py for tasks to queue
[2025-03-12T14:41:46.066+0200] {logging_mixin.py:190} INFO - [2025-03-12T14:41:46.065+0200] {dagbag.py:588} INFO - Filling up the DagBag from /home/munyah/.local/lib/python3.10/site-packages/airflow/example_dags/example_dataset_alias.py
[2025-03-12T14:41:46.122+0200] {processor.py:925} INFO - DAG(s) 'dataset_s3_bucket_producer', 'dataset_alias_example_alias_consumer', 'dataset_alias_example_alias_producer', 'dataset_s3_bucket_consumer' retrieved from /home/munyah/.local/lib/python3.10/site-packages/airflow/example_dags/example_dataset_alias.py
[2025-03-12T14:41:46.147+0200] {logging_mixin.py:190} INFO - [2025-03-12T14:41:46.147+0200] {dag.py:3239} INFO - Sync 4 DAGs
[2025-03-12T14:41:46.170+0200] {logging_mixin.py:190} INFO - [2025-03-12T14:41:46.170+0200] {dag.py:4180} INFO - Setting next_dagrun for dataset_alias_example_alias_consumer to None, run_after=None
[2025-03-12T14:41:46.173+0200] {logging_mixin.py:190} INFO - [2025-03-12T14:41:46.173+0200] {dag.py:4180} INFO - Setting next_dagrun for dataset_alias_example_alias_producer to None, run_after=None
[2025-03-12T14:41:46.174+0200] {logging_mixin.py:190} INFO - [2025-03-12T14:41:46.174+0200] {dag.py:4180} INFO - Setting next_dagrun for dataset_s3_bucket_consumer to None, run_after=None
[2025-03-12T14:41:46.175+0200] {logging_mixin.py:190} INFO - [2025-03-12T14:41:46.175+0200] {dag.py:4180} INFO - Setting next_dagrun for dataset_s3_bucket_producer to None, run_after=None
[2025-03-12T14:41:46.199+0200] {processor.py:208} INFO - Processing /home/munyah/.local/lib/python3.10/site-packages/airflow/example_dags/example_dataset_alias.py took 0.165 seconds
[2025-03-12T14:42:46.887+0200] {processor.py:186} INFO - Started process (PID=141429) to work on /home/munyah/.local/lib/python3.10/site-packages/airflow/example_dags/example_dataset_alias.py
[2025-03-12T14:42:46.888+0200] {processor.py:914} INFO - Processing file /home/munyah/.local/lib/python3.10/site-packages/airflow/example_dags/example_dataset_alias.py for tasks to queue
[2025-03-12T14:42:46.890+0200] {logging_mixin.py:190} INFO - [2025-03-12T14:42:46.890+0200] {dagbag.py:588} INFO - Filling up the DagBag from /home/munyah/.local/lib/python3.10/site-packages/airflow/example_dags/example_dataset_alias.py
[2025-03-12T14:42:46.919+0200] {processor.py:925} INFO - DAG(s) 'dataset_alias_example_alias_consumer', 'dataset_alias_example_alias_producer', 'dataset_s3_bucket_producer', 'dataset_s3_bucket_consumer' retrieved from /home/munyah/.local/lib/python3.10/site-packages/airflow/example_dags/example_dataset_alias.py
[2025-03-12T14:42:46.944+0200] {logging_mixin.py:190} INFO - [2025-03-12T14:42:46.944+0200] {dag.py:3239} INFO - Sync 4 DAGs
[2025-03-12T14:42:46.969+0200] {logging_mixin.py:190} INFO - [2025-03-12T14:42:46.969+0200] {dag.py:4180} INFO - Setting next_dagrun for dataset_alias_example_alias_consumer to None, run_after=None
[2025-03-12T14:42:46.972+0200] {logging_mixin.py:190} INFO - [2025-03-12T14:42:46.972+0200] {dag.py:4180} INFO - Setting next_dagrun for dataset_alias_example_alias_producer to None, run_after=None
[2025-03-12T14:42:46.974+0200] {logging_mixin.py:190} INFO - [2025-03-12T14:42:46.974+0200] {dag.py:4180} INFO - Setting next_dagrun for dataset_s3_bucket_consumer to None, run_after=None
[2025-03-12T14:42:46.975+0200] {logging_mixin.py:190} INFO - [2025-03-12T14:42:46.975+0200] {dag.py:4180} INFO - Setting next_dagrun for dataset_s3_bucket_producer to None, run_after=None
[2025-03-12T14:42:47.002+0200] {processor.py:208} INFO - Processing /home/munyah/.local/lib/python3.10/site-packages/airflow/example_dags/example_dataset_alias.py took 0.122 seconds
[2025-03-12T14:43:45.358+0200] {processor.py:186} INFO - Started process (PID=141594) to work on /home/munyah/.local/lib/python3.10/site-packages/airflow/example_dags/example_dataset_alias.py
[2025-03-12T14:43:45.360+0200] {processor.py:914} INFO - Processing file /home/munyah/.local/lib/python3.10/site-packages/airflow/example_dags/example_dataset_alias.py for tasks to queue
[2025-03-12T14:43:45.362+0200] {logging_mixin.py:190} INFO - [2025-03-12T14:43:45.361+0200] {dagbag.py:588} INFO - Filling up the DagBag from /home/munyah/.local/lib/python3.10/site-packages/airflow/example_dags/example_dataset_alias.py
[2025-03-12T14:43:45.389+0200] {processor.py:925} INFO - DAG(s) 'dataset_s3_bucket_consumer', 'dataset_alias_example_alias_consumer', 'dataset_alias_example_alias_producer', 'dataset_s3_bucket_producer' retrieved from /home/munyah/.local/lib/python3.10/site-packages/airflow/example_dags/example_dataset_alias.py
[2025-03-12T14:43:45.413+0200] {logging_mixin.py:190} INFO - [2025-03-12T14:43:45.413+0200] {dag.py:3239} INFO - Sync 4 DAGs
[2025-03-12T14:43:45.440+0200] {logging_mixin.py:190} INFO - [2025-03-12T14:43:45.439+0200] {dag.py:4180} INFO - Setting next_dagrun for dataset_alias_example_alias_consumer to None, run_after=None
[2025-03-12T14:43:45.442+0200] {logging_mixin.py:190} INFO - [2025-03-12T14:43:45.442+0200] {dag.py:4180} INFO - Setting next_dagrun for dataset_alias_example_alias_producer to None, run_after=None
[2025-03-12T14:43:45.444+0200] {logging_mixin.py:190} INFO - [2025-03-12T14:43:45.443+0200] {dag.py:4180} INFO - Setting next_dagrun for dataset_s3_bucket_consumer to None, run_after=None
[2025-03-12T14:43:45.444+0200] {logging_mixin.py:190} INFO - [2025-03-12T14:43:45.444+0200] {dag.py:4180} INFO - Setting next_dagrun for dataset_s3_bucket_producer to None, run_after=None
[2025-03-12T14:43:45.470+0200] {processor.py:208} INFO - Processing /home/munyah/.local/lib/python3.10/site-packages/airflow/example_dags/example_dataset_alias.py took 0.123 seconds
[2025-03-12T14:44:45.307+0200] {processor.py:186} INFO - Started process (PID=141786) to work on /home/munyah/.local/lib/python3.10/site-packages/airflow/example_dags/example_dataset_alias.py
[2025-03-12T14:44:45.308+0200] {processor.py:914} INFO - Processing file /home/munyah/.local/lib/python3.10/site-packages/airflow/example_dags/example_dataset_alias.py for tasks to queue
[2025-03-12T14:44:45.311+0200] {logging_mixin.py:190} INFO - [2025-03-12T14:44:45.311+0200] {dagbag.py:588} INFO - Filling up the DagBag from /home/munyah/.local/lib/python3.10/site-packages/airflow/example_dags/example_dataset_alias.py
[2025-03-12T14:44:45.343+0200] {processor.py:925} INFO - DAG(s) 'dataset_alias_example_alias_producer', 'dataset_s3_bucket_producer', 'dataset_s3_bucket_consumer', 'dataset_alias_example_alias_consumer' retrieved from /home/munyah/.local/lib/python3.10/site-packages/airflow/example_dags/example_dataset_alias.py
[2025-03-12T14:44:45.368+0200] {logging_mixin.py:190} INFO - [2025-03-12T14:44:45.367+0200] {dag.py:3239} INFO - Sync 4 DAGs
[2025-03-12T14:44:45.391+0200] {logging_mixin.py:190} INFO - [2025-03-12T14:44:45.391+0200] {dag.py:4180} INFO - Setting next_dagrun for dataset_alias_example_alias_consumer to None, run_after=None
[2025-03-12T14:44:45.394+0200] {logging_mixin.py:190} INFO - [2025-03-12T14:44:45.394+0200] {dag.py:4180} INFO - Setting next_dagrun for dataset_alias_example_alias_producer to None, run_after=None
[2025-03-12T14:44:45.395+0200] {logging_mixin.py:190} INFO - [2025-03-12T14:44:45.395+0200] {dag.py:4180} INFO - Setting next_dagrun for dataset_s3_bucket_consumer to None, run_after=None
[2025-03-12T14:44:45.396+0200] {logging_mixin.py:190} INFO - [2025-03-12T14:44:45.396+0200] {dag.py:4180} INFO - Setting next_dagrun for dataset_s3_bucket_producer to None, run_after=None
[2025-03-12T14:44:45.424+0200] {processor.py:208} INFO - Processing /home/munyah/.local/lib/python3.10/site-packages/airflow/example_dags/example_dataset_alias.py took 0.127 seconds
[2025-03-12T14:45:44.843+0200] {processor.py:186} INFO - Started process (PID=141948) to work on /home/munyah/.local/lib/python3.10/site-packages/airflow/example_dags/example_dataset_alias.py
[2025-03-12T14:45:44.844+0200] {processor.py:914} INFO - Processing file /home/munyah/.local/lib/python3.10/site-packages/airflow/example_dags/example_dataset_alias.py for tasks to queue
[2025-03-12T14:45:44.846+0200] {logging_mixin.py:190} INFO - [2025-03-12T14:45:44.846+0200] {dagbag.py:588} INFO - Filling up the DagBag from /home/munyah/.local/lib/python3.10/site-packages/airflow/example_dags/example_dataset_alias.py
[2025-03-12T14:45:44.873+0200] {processor.py:925} INFO - DAG(s) 'dataset_alias_example_alias_consumer', 'dataset_alias_example_alias_producer', 'dataset_s3_bucket_producer', 'dataset_s3_bucket_consumer' retrieved from /home/munyah/.local/lib/python3.10/site-packages/airflow/example_dags/example_dataset_alias.py
[2025-03-12T14:45:44.897+0200] {logging_mixin.py:190} INFO - [2025-03-12T14:45:44.897+0200] {dag.py:3239} INFO - Sync 4 DAGs
[2025-03-12T14:45:44.925+0200] {logging_mixin.py:190} INFO - [2025-03-12T14:45:44.925+0200] {dag.py:4180} INFO - Setting next_dagrun for dataset_alias_example_alias_consumer to None, run_after=None
[2025-03-12T14:45:44.928+0200] {logging_mixin.py:190} INFO - [2025-03-12T14:45:44.927+0200] {dag.py:4180} INFO - Setting next_dagrun for dataset_alias_example_alias_producer to None, run_after=None
[2025-03-12T14:45:44.929+0200] {logging_mixin.py:190} INFO - [2025-03-12T14:45:44.929+0200] {dag.py:4180} INFO - Setting next_dagrun for dataset_s3_bucket_consumer to None, run_after=None
[2025-03-12T14:45:44.930+0200] {logging_mixin.py:190} INFO - [2025-03-12T14:45:44.930+0200] {dag.py:4180} INFO - Setting next_dagrun for dataset_s3_bucket_producer to None, run_after=None
[2025-03-12T14:45:44.958+0200] {processor.py:208} INFO - Processing /home/munyah/.local/lib/python3.10/site-packages/airflow/example_dags/example_dataset_alias.py took 0.123 seconds
[2025-03-12T14:46:45.715+0200] {processor.py:186} INFO - Started process (PID=142196) to work on /home/munyah/.local/lib/python3.10/site-packages/airflow/example_dags/example_dataset_alias.py
[2025-03-12T14:46:45.717+0200] {processor.py:914} INFO - Processing file /home/munyah/.local/lib/python3.10/site-packages/airflow/example_dags/example_dataset_alias.py for tasks to queue
[2025-03-12T14:46:45.721+0200] {logging_mixin.py:190} INFO - [2025-03-12T14:46:45.720+0200] {dagbag.py:588} INFO - Filling up the DagBag from /home/munyah/.local/lib/python3.10/site-packages/airflow/example_dags/example_dataset_alias.py
[2025-03-12T14:46:45.756+0200] {processor.py:925} INFO - DAG(s) 'dataset_s3_bucket_producer', 'dataset_alias_example_alias_producer', 'dataset_s3_bucket_consumer', 'dataset_alias_example_alias_consumer' retrieved from /home/munyah/.local/lib/python3.10/site-packages/airflow/example_dags/example_dataset_alias.py
[2025-03-12T14:46:45.781+0200] {logging_mixin.py:190} INFO - [2025-03-12T14:46:45.781+0200] {dag.py:3239} INFO - Sync 4 DAGs
[2025-03-12T14:46:45.804+0200] {logging_mixin.py:190} INFO - [2025-03-12T14:46:45.803+0200] {dag.py:4180} INFO - Setting next_dagrun for dataset_alias_example_alias_consumer to None, run_after=None
[2025-03-12T14:46:45.806+0200] {logging_mixin.py:190} INFO - [2025-03-12T14:46:45.806+0200] {dag.py:4180} INFO - Setting next_dagrun for dataset_alias_example_alias_producer to None, run_after=None
[2025-03-12T14:46:45.807+0200] {logging_mixin.py:190} INFO - [2025-03-12T14:46:45.807+0200] {dag.py:4180} INFO - Setting next_dagrun for dataset_s3_bucket_consumer to None, run_after=None
[2025-03-12T14:46:45.808+0200] {logging_mixin.py:190} INFO - [2025-03-12T14:46:45.808+0200] {dag.py:4180} INFO - Setting next_dagrun for dataset_s3_bucket_producer to None, run_after=None
[2025-03-12T14:46:45.833+0200] {processor.py:208} INFO - Processing /home/munyah/.local/lib/python3.10/site-packages/airflow/example_dags/example_dataset_alias.py took 0.128 seconds
[2025-03-12T14:49:50.622+0200] {processor.py:186} INFO - Started process (PID=142816) to work on /home/munyah/.local/lib/python3.10/site-packages/airflow/example_dags/example_dataset_alias.py
[2025-03-12T14:49:50.626+0200] {processor.py:914} INFO - Processing file /home/munyah/.local/lib/python3.10/site-packages/airflow/example_dags/example_dataset_alias.py for tasks to queue
[2025-03-12T14:49:50.633+0200] {logging_mixin.py:190} INFO - [2025-03-12T14:49:50.632+0200] {dagbag.py:588} INFO - Filling up the DagBag from /home/munyah/.local/lib/python3.10/site-packages/airflow/example_dags/example_dataset_alias.py
[2025-03-12T14:49:50.671+0200] {processor.py:925} INFO - DAG(s) 'dataset_s3_bucket_producer', 'dataset_alias_example_alias_producer', 'dataset_s3_bucket_consumer', 'dataset_alias_example_alias_consumer' retrieved from /home/munyah/.local/lib/python3.10/site-packages/airflow/example_dags/example_dataset_alias.py
[2025-03-12T14:49:50.695+0200] {logging_mixin.py:190} INFO - [2025-03-12T14:49:50.695+0200] {dag.py:3239} INFO - Sync 4 DAGs
[2025-03-12T14:49:50.720+0200] {logging_mixin.py:190} INFO - [2025-03-12T14:49:50.720+0200] {dag.py:4180} INFO - Setting next_dagrun for dataset_alias_example_alias_consumer to None, run_after=None
[2025-03-12T14:49:50.723+0200] {logging_mixin.py:190} INFO - [2025-03-12T14:49:50.723+0200] {dag.py:4180} INFO - Setting next_dagrun for dataset_alias_example_alias_producer to None, run_after=None
[2025-03-12T14:49:50.724+0200] {logging_mixin.py:190} INFO - [2025-03-12T14:49:50.724+0200] {dag.py:4180} INFO - Setting next_dagrun for dataset_s3_bucket_consumer to None, run_after=None
[2025-03-12T14:49:50.725+0200] {logging_mixin.py:190} INFO - [2025-03-12T14:49:50.725+0200] {dag.py:4180} INFO - Setting next_dagrun for dataset_s3_bucket_producer to None, run_after=None
[2025-03-12T14:49:50.952+0200] {processor.py:208} INFO - Processing /home/munyah/.local/lib/python3.10/site-packages/airflow/example_dags/example_dataset_alias.py took 0.379 seconds
[2025-03-12T14:51:04.459+0200] {processor.py:186} INFO - Started process (PID=143069) to work on /home/munyah/.local/lib/python3.10/site-packages/airflow/example_dags/example_dataset_alias.py
[2025-03-12T14:51:04.461+0200] {processor.py:914} INFO - Processing file /home/munyah/.local/lib/python3.10/site-packages/airflow/example_dags/example_dataset_alias.py for tasks to queue
[2025-03-12T14:51:04.463+0200] {logging_mixin.py:190} INFO - [2025-03-12T14:51:04.463+0200] {dagbag.py:588} INFO - Filling up the DagBag from /home/munyah/.local/lib/python3.10/site-packages/airflow/example_dags/example_dataset_alias.py
[2025-03-12T14:51:04.495+0200] {processor.py:925} INFO - DAG(s) 'dataset_alias_example_alias_producer', 'dataset_s3_bucket_producer', 'dataset_alias_example_alias_consumer', 'dataset_s3_bucket_consumer' retrieved from /home/munyah/.local/lib/python3.10/site-packages/airflow/example_dags/example_dataset_alias.py
[2025-03-12T14:51:04.519+0200] {logging_mixin.py:190} INFO - [2025-03-12T14:51:04.519+0200] {dag.py:3239} INFO - Sync 4 DAGs
[2025-03-12T14:51:04.542+0200] {logging_mixin.py:190} INFO - [2025-03-12T14:51:04.542+0200] {dag.py:4180} INFO - Setting next_dagrun for dataset_alias_example_alias_consumer to None, run_after=None
[2025-03-12T14:51:04.545+0200] {logging_mixin.py:190} INFO - [2025-03-12T14:51:04.544+0200] {dag.py:4180} INFO - Setting next_dagrun for dataset_alias_example_alias_producer to None, run_after=None
[2025-03-12T14:51:04.546+0200] {logging_mixin.py:190} INFO - [2025-03-12T14:51:04.546+0200] {dag.py:4180} INFO - Setting next_dagrun for dataset_s3_bucket_consumer to None, run_after=None
[2025-03-12T14:51:04.547+0200] {logging_mixin.py:190} INFO - [2025-03-12T14:51:04.547+0200] {dag.py:4180} INFO - Setting next_dagrun for dataset_s3_bucket_producer to None, run_after=None
[2025-03-12T14:51:04.574+0200] {processor.py:208} INFO - Processing /home/munyah/.local/lib/python3.10/site-packages/airflow/example_dags/example_dataset_alias.py took 0.123 seconds
[2025-03-12T14:52:13.284+0200] {processor.py:186} INFO - Started process (PID=143260) to work on /home/munyah/.local/lib/python3.10/site-packages/airflow/example_dags/example_dataset_alias.py
[2025-03-12T14:52:13.286+0200] {processor.py:914} INFO - Processing file /home/munyah/.local/lib/python3.10/site-packages/airflow/example_dags/example_dataset_alias.py for tasks to queue
[2025-03-12T14:52:13.289+0200] {logging_mixin.py:190} INFO - [2025-03-12T14:52:13.289+0200] {dagbag.py:588} INFO - Filling up the DagBag from /home/munyah/.local/lib/python3.10/site-packages/airflow/example_dags/example_dataset_alias.py
[2025-03-12T14:52:13.326+0200] {processor.py:925} INFO - DAG(s) 'dataset_s3_bucket_consumer', 'dataset_s3_bucket_producer', 'dataset_alias_example_alias_consumer', 'dataset_alias_example_alias_producer' retrieved from /home/munyah/.local/lib/python3.10/site-packages/airflow/example_dags/example_dataset_alias.py
[2025-03-12T14:52:13.363+0200] {logging_mixin.py:190} INFO - [2025-03-12T14:52:13.363+0200] {dag.py:3239} INFO - Sync 4 DAGs
[2025-03-12T14:52:13.392+0200] {logging_mixin.py:190} INFO - [2025-03-12T14:52:13.392+0200] {dag.py:4180} INFO - Setting next_dagrun for dataset_alias_example_alias_consumer to None, run_after=None
[2025-03-12T14:52:13.397+0200] {logging_mixin.py:190} INFO - [2025-03-12T14:52:13.396+0200] {dag.py:4180} INFO - Setting next_dagrun for dataset_alias_example_alias_producer to None, run_after=None
[2025-03-12T14:52:13.398+0200] {logging_mixin.py:190} INFO - [2025-03-12T14:52:13.398+0200] {dag.py:4180} INFO - Setting next_dagrun for dataset_s3_bucket_consumer to None, run_after=None
[2025-03-12T14:52:13.400+0200] {logging_mixin.py:190} INFO - [2025-03-12T14:52:13.399+0200] {dag.py:4180} INFO - Setting next_dagrun for dataset_s3_bucket_producer to None, run_after=None
[2025-03-12T14:52:13.428+0200] {processor.py:208} INFO - Processing /home/munyah/.local/lib/python3.10/site-packages/airflow/example_dags/example_dataset_alias.py took 0.155 seconds
[2025-03-12T14:53:25.120+0200] {processor.py:186} INFO - Started process (PID=143510) to work on /home/munyah/.local/lib/python3.10/site-packages/airflow/example_dags/example_dataset_alias.py
[2025-03-12T14:53:25.121+0200] {processor.py:914} INFO - Processing file /home/munyah/.local/lib/python3.10/site-packages/airflow/example_dags/example_dataset_alias.py for tasks to queue
[2025-03-12T14:53:25.126+0200] {logging_mixin.py:190} INFO - [2025-03-12T14:53:25.126+0200] {dagbag.py:588} INFO - Filling up the DagBag from /home/munyah/.local/lib/python3.10/site-packages/airflow/example_dags/example_dataset_alias.py
[2025-03-12T14:53:25.171+0200] {processor.py:925} INFO - DAG(s) 'dataset_s3_bucket_producer', 'dataset_s3_bucket_consumer', 'dataset_alias_example_alias_producer', 'dataset_alias_example_alias_consumer' retrieved from /home/munyah/.local/lib/python3.10/site-packages/airflow/example_dags/example_dataset_alias.py
[2025-03-12T14:53:25.211+0200] {logging_mixin.py:190} INFO - [2025-03-12T14:53:25.211+0200] {dag.py:3239} INFO - Sync 4 DAGs
[2025-03-12T14:53:25.249+0200] {logging_mixin.py:190} INFO - [2025-03-12T14:53:25.248+0200] {dag.py:4180} INFO - Setting next_dagrun for dataset_alias_example_alias_consumer to None, run_after=None
[2025-03-12T14:53:25.253+0200] {logging_mixin.py:190} INFO - [2025-03-12T14:53:25.253+0200] {dag.py:4180} INFO - Setting next_dagrun for dataset_alias_example_alias_producer to None, run_after=None
[2025-03-12T14:53:25.254+0200] {logging_mixin.py:190} INFO - [2025-03-12T14:53:25.254+0200] {dag.py:4180} INFO - Setting next_dagrun for dataset_s3_bucket_consumer to None, run_after=None
[2025-03-12T14:53:25.256+0200] {logging_mixin.py:190} INFO - [2025-03-12T14:53:25.256+0200] {dag.py:4180} INFO - Setting next_dagrun for dataset_s3_bucket_producer to None, run_after=None
[2025-03-12T14:53:25.298+0200] {processor.py:208} INFO - Processing /home/munyah/.local/lib/python3.10/site-packages/airflow/example_dags/example_dataset_alias.py took 0.250 seconds
