[2025-03-12T14:17:20.289+0200] {processor.py:186} INFO - Started process (PID=134337) to work on /home/munyah/.local/lib/python3.10/site-packages/airflow/example_dags/example_outlet_event_extra.py
[2025-03-12T14:17:20.290+0200] {processor.py:914} INFO - Processing file /home/munyah/.local/lib/python3.10/site-packages/airflow/example_dags/example_outlet_event_extra.py for tasks to queue
[2025-03-12T14:17:20.292+0200] {logging_mixin.py:190} INFO - [2025-03-12T14:17:20.292+0200] {dagbag.py:588} INFO - Filling up the DagBag from /home/munyah/.local/lib/python3.10/site-packages/airflow/example_dags/example_outlet_event_extra.py
[2025-03-12T14:17:20.312+0200] {processor.py:925} INFO - DAG(s) 'dataset_with_extra_from_classic_operator', 'dataset_with_extra_by_yield', 'dataset_with_extra_by_context' retrieved from /home/munyah/.local/lib/python3.10/site-packages/airflow/example_dags/example_outlet_event_extra.py
[2025-03-12T14:17:20.338+0200] {logging_mixin.py:190} INFO - [2025-03-12T14:17:20.338+0200] {dag.py:3239} INFO - Sync 3 DAGs
[2025-03-12T14:17:20.362+0200] {logging_mixin.py:190} INFO - [2025-03-12T14:17:20.362+0200] {dag.py:4180} INFO - Setting next_dagrun for dataset_with_extra_by_context to 2025-03-11 00:00:00+00:00, run_after=2025-03-12 00:00:00+00:00
[2025-03-12T14:17:20.370+0200] {logging_mixin.py:190} INFO - [2025-03-12T14:17:20.370+0200] {dag.py:4180} INFO - Setting next_dagrun for dataset_with_extra_by_yield to 2025-03-11 00:00:00+00:00, run_after=2025-03-12 00:00:00+00:00
[2025-03-12T14:17:20.375+0200] {logging_mixin.py:190} INFO - [2025-03-12T14:17:20.375+0200] {dag.py:4180} INFO - Setting next_dagrun for dataset_with_extra_from_classic_operator to 2025-03-11 00:00:00+00:00, run_after=2025-03-12 00:00:00+00:00
[2025-03-12T14:17:20.412+0200] {processor.py:208} INFO - Processing /home/munyah/.local/lib/python3.10/site-packages/airflow/example_dags/example_outlet_event_extra.py took 0.130 seconds
[2025-03-12T14:18:24.331+0200] {processor.py:186} INFO - Started process (PID=134692) to work on /home/munyah/.local/lib/python3.10/site-packages/airflow/example_dags/example_outlet_event_extra.py
[2025-03-12T14:18:24.332+0200] {processor.py:914} INFO - Processing file /home/munyah/.local/lib/python3.10/site-packages/airflow/example_dags/example_outlet_event_extra.py for tasks to queue
[2025-03-12T14:18:24.335+0200] {logging_mixin.py:190} INFO - [2025-03-12T14:18:24.335+0200] {dagbag.py:588} INFO - Filling up the DagBag from /home/munyah/.local/lib/python3.10/site-packages/airflow/example_dags/example_outlet_event_extra.py
[2025-03-12T14:18:24.353+0200] {processor.py:925} INFO - DAG(s) 'dataset_with_extra_from_classic_operator', 'dataset_with_extra_by_yield', 'dataset_with_extra_by_context' retrieved from /home/munyah/.local/lib/python3.10/site-packages/airflow/example_dags/example_outlet_event_extra.py
[2025-03-12T14:18:24.376+0200] {logging_mixin.py:190} INFO - [2025-03-12T14:18:24.376+0200] {dag.py:3239} INFO - Sync 3 DAGs
[2025-03-12T14:18:24.402+0200] {logging_mixin.py:190} INFO - [2025-03-12T14:18:24.402+0200] {dag.py:4180} INFO - Setting next_dagrun for dataset_with_extra_by_context to 2025-03-11 00:00:00+00:00, run_after=2025-03-12 00:00:00+00:00
[2025-03-12T14:18:24.408+0200] {logging_mixin.py:190} INFO - [2025-03-12T14:18:24.408+0200] {dag.py:4180} INFO - Setting next_dagrun for dataset_with_extra_by_yield to 2025-03-11 00:00:00+00:00, run_after=2025-03-12 00:00:00+00:00
[2025-03-12T14:18:24.411+0200] {logging_mixin.py:190} INFO - [2025-03-12T14:18:24.411+0200] {dag.py:4180} INFO - Setting next_dagrun for dataset_with_extra_from_classic_operator to 2025-03-11 00:00:00+00:00, run_after=2025-03-12 00:00:00+00:00
[2025-03-12T14:18:24.436+0200] {processor.py:208} INFO - Processing /home/munyah/.local/lib/python3.10/site-packages/airflow/example_dags/example_outlet_event_extra.py took 0.112 seconds
[2025-03-12T14:19:23.578+0200] {processor.py:186} INFO - Started process (PID=134949) to work on /home/munyah/.local/lib/python3.10/site-packages/airflow/example_dags/example_outlet_event_extra.py
[2025-03-12T14:19:23.581+0200] {processor.py:914} INFO - Processing file /home/munyah/.local/lib/python3.10/site-packages/airflow/example_dags/example_outlet_event_extra.py for tasks to queue
[2025-03-12T14:19:23.585+0200] {logging_mixin.py:190} INFO - [2025-03-12T14:19:23.584+0200] {dagbag.py:588} INFO - Filling up the DagBag from /home/munyah/.local/lib/python3.10/site-packages/airflow/example_dags/example_outlet_event_extra.py
[2025-03-12T14:19:23.605+0200] {processor.py:925} INFO - DAG(s) 'dataset_with_extra_from_classic_operator', 'dataset_with_extra_by_context', 'dataset_with_extra_by_yield' retrieved from /home/munyah/.local/lib/python3.10/site-packages/airflow/example_dags/example_outlet_event_extra.py
[2025-03-12T14:19:23.630+0200] {logging_mixin.py:190} INFO - [2025-03-12T14:19:23.630+0200] {dag.py:3239} INFO - Sync 3 DAGs
[2025-03-12T14:19:23.655+0200] {logging_mixin.py:190} INFO - [2025-03-12T14:19:23.655+0200] {dag.py:4180} INFO - Setting next_dagrun for dataset_with_extra_by_context to 2025-03-11 00:00:00+00:00, run_after=2025-03-12 00:00:00+00:00
[2025-03-12T14:19:23.662+0200] {logging_mixin.py:190} INFO - [2025-03-12T14:19:23.661+0200] {dag.py:4180} INFO - Setting next_dagrun for dataset_with_extra_by_yield to 2025-03-11 00:00:00+00:00, run_after=2025-03-12 00:00:00+00:00
[2025-03-12T14:19:23.665+0200] {logging_mixin.py:190} INFO - [2025-03-12T14:19:23.665+0200] {dag.py:4180} INFO - Setting next_dagrun for dataset_with_extra_from_classic_operator to 2025-03-11 00:00:00+00:00, run_after=2025-03-12 00:00:00+00:00
[2025-03-12T14:19:23.688+0200] {processor.py:208} INFO - Processing /home/munyah/.local/lib/python3.10/site-packages/airflow/example_dags/example_outlet_event_extra.py took 0.125 seconds
[2025-03-12T14:20:21.173+0200] {processor.py:186} INFO - Started process (PID=135109) to work on /home/munyah/.local/lib/python3.10/site-packages/airflow/example_dags/example_outlet_event_extra.py
[2025-03-12T14:20:21.174+0200] {processor.py:914} INFO - Processing file /home/munyah/.local/lib/python3.10/site-packages/airflow/example_dags/example_outlet_event_extra.py for tasks to queue
[2025-03-12T14:20:21.176+0200] {logging_mixin.py:190} INFO - [2025-03-12T14:20:21.176+0200] {dagbag.py:588} INFO - Filling up the DagBag from /home/munyah/.local/lib/python3.10/site-packages/airflow/example_dags/example_outlet_event_extra.py
[2025-03-12T14:20:21.193+0200] {processor.py:925} INFO - DAG(s) 'dataset_with_extra_by_context', 'dataset_with_extra_by_yield', 'dataset_with_extra_from_classic_operator' retrieved from /home/munyah/.local/lib/python3.10/site-packages/airflow/example_dags/example_outlet_event_extra.py
[2025-03-12T14:20:21.216+0200] {logging_mixin.py:190} INFO - [2025-03-12T14:20:21.215+0200] {dag.py:3239} INFO - Sync 3 DAGs
[2025-03-12T14:20:21.240+0200] {logging_mixin.py:190} INFO - [2025-03-12T14:20:21.240+0200] {dag.py:4180} INFO - Setting next_dagrun for dataset_with_extra_by_context to 2025-03-11 00:00:00+00:00, run_after=2025-03-12 00:00:00+00:00
[2025-03-12T14:20:21.245+0200] {logging_mixin.py:190} INFO - [2025-03-12T14:20:21.245+0200] {dag.py:4180} INFO - Setting next_dagrun for dataset_with_extra_by_yield to 2025-03-11 00:00:00+00:00, run_after=2025-03-12 00:00:00+00:00
[2025-03-12T14:20:21.248+0200] {logging_mixin.py:190} INFO - [2025-03-12T14:20:21.248+0200] {dag.py:4180} INFO - Setting next_dagrun for dataset_with_extra_from_classic_operator to 2025-03-11 00:00:00+00:00, run_after=2025-03-12 00:00:00+00:00
[2025-03-12T14:20:21.272+0200] {processor.py:208} INFO - Processing /home/munyah/.local/lib/python3.10/site-packages/airflow/example_dags/example_outlet_event_extra.py took 0.106 seconds
[2025-03-12T14:21:18.243+0200] {processor.py:186} INFO - Started process (PID=135302) to work on /home/munyah/.local/lib/python3.10/site-packages/airflow/example_dags/example_outlet_event_extra.py
[2025-03-12T14:21:18.244+0200] {processor.py:914} INFO - Processing file /home/munyah/.local/lib/python3.10/site-packages/airflow/example_dags/example_outlet_event_extra.py for tasks to queue
[2025-03-12T14:21:18.247+0200] {logging_mixin.py:190} INFO - [2025-03-12T14:21:18.246+0200] {dagbag.py:588} INFO - Filling up the DagBag from /home/munyah/.local/lib/python3.10/site-packages/airflow/example_dags/example_outlet_event_extra.py
[2025-03-12T14:21:18.263+0200] {processor.py:925} INFO - DAG(s) 'dataset_with_extra_by_context', 'dataset_with_extra_from_classic_operator', 'dataset_with_extra_by_yield' retrieved from /home/munyah/.local/lib/python3.10/site-packages/airflow/example_dags/example_outlet_event_extra.py
[2025-03-12T14:21:18.286+0200] {logging_mixin.py:190} INFO - [2025-03-12T14:21:18.286+0200] {dag.py:3239} INFO - Sync 3 DAGs
[2025-03-12T14:21:18.312+0200] {logging_mixin.py:190} INFO - [2025-03-12T14:21:18.312+0200] {dag.py:4180} INFO - Setting next_dagrun for dataset_with_extra_by_context to 2025-03-11 00:00:00+00:00, run_after=2025-03-12 00:00:00+00:00
[2025-03-12T14:21:18.318+0200] {logging_mixin.py:190} INFO - [2025-03-12T14:21:18.317+0200] {dag.py:4180} INFO - Setting next_dagrun for dataset_with_extra_by_yield to 2025-03-11 00:00:00+00:00, run_after=2025-03-12 00:00:00+00:00
[2025-03-12T14:21:18.321+0200] {logging_mixin.py:190} INFO - [2025-03-12T14:21:18.320+0200] {dag.py:4180} INFO - Setting next_dagrun for dataset_with_extra_from_classic_operator to 2025-03-11 00:00:00+00:00, run_after=2025-03-12 00:00:00+00:00
[2025-03-12T14:21:18.345+0200] {processor.py:208} INFO - Processing /home/munyah/.local/lib/python3.10/site-packages/airflow/example_dags/example_outlet_event_extra.py took 0.109 seconds
[2025-03-12T14:22:13.442+0200] {processor.py:186} INFO - Started process (PID=135513) to work on /home/munyah/.local/lib/python3.10/site-packages/airflow/example_dags/example_outlet_event_extra.py
[2025-03-12T14:22:13.444+0200] {processor.py:914} INFO - Processing file /home/munyah/.local/lib/python3.10/site-packages/airflow/example_dags/example_outlet_event_extra.py for tasks to queue
[2025-03-12T14:22:13.448+0200] {logging_mixin.py:190} INFO - [2025-03-12T14:22:13.447+0200] {dagbag.py:588} INFO - Filling up the DagBag from /home/munyah/.local/lib/python3.10/site-packages/airflow/example_dags/example_outlet_event_extra.py
[2025-03-12T14:22:13.467+0200] {processor.py:925} INFO - DAG(s) 'dataset_with_extra_by_context', 'dataset_with_extra_from_classic_operator', 'dataset_with_extra_by_yield' retrieved from /home/munyah/.local/lib/python3.10/site-packages/airflow/example_dags/example_outlet_event_extra.py
[2025-03-12T14:22:13.494+0200] {logging_mixin.py:190} INFO - [2025-03-12T14:22:13.494+0200] {dag.py:3239} INFO - Sync 3 DAGs
[2025-03-12T14:22:13.523+0200] {logging_mixin.py:190} INFO - [2025-03-12T14:22:13.522+0200] {dag.py:4180} INFO - Setting next_dagrun for dataset_with_extra_by_context to 2025-03-11 00:00:00+00:00, run_after=2025-03-12 00:00:00+00:00
[2025-03-12T14:22:13.528+0200] {logging_mixin.py:190} INFO - [2025-03-12T14:22:13.528+0200] {dag.py:4180} INFO - Setting next_dagrun for dataset_with_extra_by_yield to 2025-03-11 00:00:00+00:00, run_after=2025-03-12 00:00:00+00:00
[2025-03-12T14:22:13.532+0200] {logging_mixin.py:190} INFO - [2025-03-12T14:22:13.532+0200] {dag.py:4180} INFO - Setting next_dagrun for dataset_with_extra_from_classic_operator to 2025-03-11 00:00:00+00:00, run_after=2025-03-12 00:00:00+00:00
[2025-03-12T14:22:13.557+0200] {processor.py:208} INFO - Processing /home/munyah/.local/lib/python3.10/site-packages/airflow/example_dags/example_outlet_event_extra.py took 0.128 seconds
[2025-03-12T14:23:18.720+0200] {processor.py:186} INFO - Started process (PID=136433) to work on /home/munyah/.local/lib/python3.10/site-packages/airflow/example_dags/example_outlet_event_extra.py
[2025-03-12T14:23:18.722+0200] {processor.py:914} INFO - Processing file /home/munyah/.local/lib/python3.10/site-packages/airflow/example_dags/example_outlet_event_extra.py for tasks to queue
[2025-03-12T14:23:18.727+0200] {logging_mixin.py:190} INFO - [2025-03-12T14:23:18.726+0200] {dagbag.py:588} INFO - Filling up the DagBag from /home/munyah/.local/lib/python3.10/site-packages/airflow/example_dags/example_outlet_event_extra.py
[2025-03-12T14:23:18.757+0200] {processor.py:925} INFO - DAG(s) 'dataset_with_extra_from_classic_operator', 'dataset_with_extra_by_yield', 'dataset_with_extra_by_context' retrieved from /home/munyah/.local/lib/python3.10/site-packages/airflow/example_dags/example_outlet_event_extra.py
[2025-03-12T14:23:18.781+0200] {logging_mixin.py:190} INFO - [2025-03-12T14:23:18.781+0200] {dag.py:3239} INFO - Sync 3 DAGs
[2025-03-12T14:23:18.808+0200] {logging_mixin.py:190} INFO - [2025-03-12T14:23:18.808+0200] {dag.py:4180} INFO - Setting next_dagrun for dataset_with_extra_by_context to 2025-03-11 00:00:00+00:00, run_after=2025-03-12 00:00:00+00:00
[2025-03-12T14:23:18.814+0200] {logging_mixin.py:190} INFO - [2025-03-12T14:23:18.813+0200] {dag.py:4180} INFO - Setting next_dagrun for dataset_with_extra_by_yield to 2025-03-11 00:00:00+00:00, run_after=2025-03-12 00:00:00+00:00
[2025-03-12T14:23:18.816+0200] {logging_mixin.py:190} INFO - [2025-03-12T14:23:18.816+0200] {dag.py:4180} INFO - Setting next_dagrun for dataset_with_extra_from_classic_operator to 2025-03-11 00:00:00+00:00, run_after=2025-03-12 00:00:00+00:00
[2025-03-12T14:23:18.840+0200] {processor.py:208} INFO - Processing /home/munyah/.local/lib/python3.10/site-packages/airflow/example_dags/example_outlet_event_extra.py took 0.137 seconds
[2025-03-12T14:24:28.690+0200] {processor.py:186} INFO - Started process (PID=136720) to work on /home/munyah/.local/lib/python3.10/site-packages/airflow/example_dags/example_outlet_event_extra.py
[2025-03-12T14:24:28.691+0200] {processor.py:914} INFO - Processing file /home/munyah/.local/lib/python3.10/site-packages/airflow/example_dags/example_outlet_event_extra.py for tasks to queue
[2025-03-12T14:24:28.694+0200] {logging_mixin.py:190} INFO - [2025-03-12T14:24:28.694+0200] {dagbag.py:588} INFO - Filling up the DagBag from /home/munyah/.local/lib/python3.10/site-packages/airflow/example_dags/example_outlet_event_extra.py
[2025-03-12T14:24:28.716+0200] {processor.py:925} INFO - DAG(s) 'dataset_with_extra_from_classic_operator', 'dataset_with_extra_by_context', 'dataset_with_extra_by_yield' retrieved from /home/munyah/.local/lib/python3.10/site-packages/airflow/example_dags/example_outlet_event_extra.py
[2025-03-12T14:24:28.741+0200] {logging_mixin.py:190} INFO - [2025-03-12T14:24:28.740+0200] {dag.py:3239} INFO - Sync 3 DAGs
[2025-03-12T14:24:28.769+0200] {logging_mixin.py:190} INFO - [2025-03-12T14:24:28.768+0200] {dag.py:4180} INFO - Setting next_dagrun for dataset_with_extra_by_context to 2025-03-11 00:00:00+00:00, run_after=2025-03-12 00:00:00+00:00
[2025-03-12T14:24:28.774+0200] {logging_mixin.py:190} INFO - [2025-03-12T14:24:28.774+0200] {dag.py:4180} INFO - Setting next_dagrun for dataset_with_extra_by_yield to 2025-03-11 00:00:00+00:00, run_after=2025-03-12 00:00:00+00:00
[2025-03-12T14:24:28.777+0200] {logging_mixin.py:190} INFO - [2025-03-12T14:24:28.777+0200] {dag.py:4180} INFO - Setting next_dagrun for dataset_with_extra_from_classic_operator to 2025-03-11 00:00:00+00:00, run_after=2025-03-12 00:00:00+00:00
[2025-03-12T14:24:28.805+0200] {processor.py:208} INFO - Processing /home/munyah/.local/lib/python3.10/site-packages/airflow/example_dags/example_outlet_event_extra.py took 0.122 seconds
[2025-03-12T14:25:26.342+0200] {processor.py:186} INFO - Started process (PID=136886) to work on /home/munyah/.local/lib/python3.10/site-packages/airflow/example_dags/example_outlet_event_extra.py
[2025-03-12T14:25:26.344+0200] {processor.py:914} INFO - Processing file /home/munyah/.local/lib/python3.10/site-packages/airflow/example_dags/example_outlet_event_extra.py for tasks to queue
[2025-03-12T14:25:26.346+0200] {logging_mixin.py:190} INFO - [2025-03-12T14:25:26.346+0200] {dagbag.py:588} INFO - Filling up the DagBag from /home/munyah/.local/lib/python3.10/site-packages/airflow/example_dags/example_outlet_event_extra.py
[2025-03-12T14:25:26.364+0200] {processor.py:925} INFO - DAG(s) 'dataset_with_extra_from_classic_operator', 'dataset_with_extra_by_yield', 'dataset_with_extra_by_context' retrieved from /home/munyah/.local/lib/python3.10/site-packages/airflow/example_dags/example_outlet_event_extra.py
[2025-03-12T14:25:26.390+0200] {logging_mixin.py:190} INFO - [2025-03-12T14:25:26.389+0200] {dag.py:3239} INFO - Sync 3 DAGs
[2025-03-12T14:25:26.415+0200] {logging_mixin.py:190} INFO - [2025-03-12T14:25:26.415+0200] {dag.py:4180} INFO - Setting next_dagrun for dataset_with_extra_by_context to 2025-03-11 00:00:00+00:00, run_after=2025-03-12 00:00:00+00:00
[2025-03-12T14:25:26.422+0200] {logging_mixin.py:190} INFO - [2025-03-12T14:25:26.422+0200] {dag.py:4180} INFO - Setting next_dagrun for dataset_with_extra_by_yield to 2025-03-11 00:00:00+00:00, run_after=2025-03-12 00:00:00+00:00
[2025-03-12T14:25:26.425+0200] {logging_mixin.py:190} INFO - [2025-03-12T14:25:26.425+0200] {dag.py:4180} INFO - Setting next_dagrun for dataset_with_extra_from_classic_operator to 2025-03-11 00:00:00+00:00, run_after=2025-03-12 00:00:00+00:00
[2025-03-12T14:25:26.449+0200] {processor.py:208} INFO - Processing /home/munyah/.local/lib/python3.10/site-packages/airflow/example_dags/example_outlet_event_extra.py took 0.114 seconds
[2025-03-12T14:26:25.771+0200] {processor.py:186} INFO - Started process (PID=137098) to work on /home/munyah/.local/lib/python3.10/site-packages/airflow/example_dags/example_outlet_event_extra.py
[2025-03-12T14:26:25.772+0200] {processor.py:914} INFO - Processing file /home/munyah/.local/lib/python3.10/site-packages/airflow/example_dags/example_outlet_event_extra.py for tasks to queue
[2025-03-12T14:26:25.775+0200] {logging_mixin.py:190} INFO - [2025-03-12T14:26:25.775+0200] {dagbag.py:588} INFO - Filling up the DagBag from /home/munyah/.local/lib/python3.10/site-packages/airflow/example_dags/example_outlet_event_extra.py
[2025-03-12T14:26:25.793+0200] {processor.py:925} INFO - DAG(s) 'dataset_with_extra_by_yield', 'dataset_with_extra_by_context', 'dataset_with_extra_from_classic_operator' retrieved from /home/munyah/.local/lib/python3.10/site-packages/airflow/example_dags/example_outlet_event_extra.py
[2025-03-12T14:26:25.817+0200] {logging_mixin.py:190} INFO - [2025-03-12T14:26:25.817+0200] {dag.py:3239} INFO - Sync 3 DAGs
[2025-03-12T14:26:25.841+0200] {logging_mixin.py:190} INFO - [2025-03-12T14:26:25.841+0200] {dag.py:4180} INFO - Setting next_dagrun for dataset_with_extra_by_context to 2025-03-11 00:00:00+00:00, run_after=2025-03-12 00:00:00+00:00
[2025-03-12T14:26:25.847+0200] {logging_mixin.py:190} INFO - [2025-03-12T14:26:25.846+0200] {dag.py:4180} INFO - Setting next_dagrun for dataset_with_extra_by_yield to 2025-03-11 00:00:00+00:00, run_after=2025-03-12 00:00:00+00:00
[2025-03-12T14:26:25.849+0200] {logging_mixin.py:190} INFO - [2025-03-12T14:26:25.849+0200] {dag.py:4180} INFO - Setting next_dagrun for dataset_with_extra_from_classic_operator to 2025-03-11 00:00:00+00:00, run_after=2025-03-12 00:00:00+00:00
[2025-03-12T14:26:25.874+0200] {processor.py:208} INFO - Processing /home/munyah/.local/lib/python3.10/site-packages/airflow/example_dags/example_outlet_event_extra.py took 0.110 seconds
[2025-03-12T14:27:27.323+0200] {processor.py:186} INFO - Started process (PID=137317) to work on /home/munyah/.local/lib/python3.10/site-packages/airflow/example_dags/example_outlet_event_extra.py
[2025-03-12T14:27:27.325+0200] {processor.py:914} INFO - Processing file /home/munyah/.local/lib/python3.10/site-packages/airflow/example_dags/example_outlet_event_extra.py for tasks to queue
[2025-03-12T14:27:27.327+0200] {logging_mixin.py:190} INFO - [2025-03-12T14:27:27.326+0200] {dagbag.py:588} INFO - Filling up the DagBag from /home/munyah/.local/lib/python3.10/site-packages/airflow/example_dags/example_outlet_event_extra.py
[2025-03-12T14:27:27.345+0200] {processor.py:925} INFO - DAG(s) 'dataset_with_extra_by_context', 'dataset_with_extra_from_classic_operator', 'dataset_with_extra_by_yield' retrieved from /home/munyah/.local/lib/python3.10/site-packages/airflow/example_dags/example_outlet_event_extra.py
[2025-03-12T14:27:27.370+0200] {logging_mixin.py:190} INFO - [2025-03-12T14:27:27.370+0200] {dag.py:3239} INFO - Sync 3 DAGs
[2025-03-12T14:27:27.395+0200] {logging_mixin.py:190} INFO - [2025-03-12T14:27:27.395+0200] {dag.py:4180} INFO - Setting next_dagrun for dataset_with_extra_by_context to 2025-03-11 00:00:00+00:00, run_after=2025-03-12 00:00:00+00:00
[2025-03-12T14:27:27.401+0200] {logging_mixin.py:190} INFO - [2025-03-12T14:27:27.401+0200] {dag.py:4180} INFO - Setting next_dagrun for dataset_with_extra_by_yield to 2025-03-11 00:00:00+00:00, run_after=2025-03-12 00:00:00+00:00
[2025-03-12T14:27:27.404+0200] {logging_mixin.py:190} INFO - [2025-03-12T14:27:27.404+0200] {dag.py:4180} INFO - Setting next_dagrun for dataset_with_extra_from_classic_operator to 2025-03-11 00:00:00+00:00, run_after=2025-03-12 00:00:00+00:00
[2025-03-12T14:27:27.428+0200] {processor.py:208} INFO - Processing /home/munyah/.local/lib/python3.10/site-packages/airflow/example_dags/example_outlet_event_extra.py took 0.113 seconds
[2025-03-12T14:28:30.146+0200] {processor.py:186} INFO - Started process (PID=137488) to work on /home/munyah/.local/lib/python3.10/site-packages/airflow/example_dags/example_outlet_event_extra.py
[2025-03-12T14:28:30.147+0200] {processor.py:914} INFO - Processing file /home/munyah/.local/lib/python3.10/site-packages/airflow/example_dags/example_outlet_event_extra.py for tasks to queue
[2025-03-12T14:28:30.150+0200] {logging_mixin.py:190} INFO - [2025-03-12T14:28:30.149+0200] {dagbag.py:588} INFO - Filling up the DagBag from /home/munyah/.local/lib/python3.10/site-packages/airflow/example_dags/example_outlet_event_extra.py
[2025-03-12T14:28:30.168+0200] {processor.py:925} INFO - DAG(s) 'dataset_with_extra_from_classic_operator', 'dataset_with_extra_by_context', 'dataset_with_extra_by_yield' retrieved from /home/munyah/.local/lib/python3.10/site-packages/airflow/example_dags/example_outlet_event_extra.py
[2025-03-12T14:28:30.191+0200] {logging_mixin.py:190} INFO - [2025-03-12T14:28:30.191+0200] {dag.py:3239} INFO - Sync 3 DAGs
[2025-03-12T14:28:30.217+0200] {logging_mixin.py:190} INFO - [2025-03-12T14:28:30.217+0200] {dag.py:4180} INFO - Setting next_dagrun for dataset_with_extra_by_context to 2025-03-11 00:00:00+00:00, run_after=2025-03-12 00:00:00+00:00
[2025-03-12T14:28:30.224+0200] {logging_mixin.py:190} INFO - [2025-03-12T14:28:30.223+0200] {dag.py:4180} INFO - Setting next_dagrun for dataset_with_extra_by_yield to 2025-03-11 00:00:00+00:00, run_after=2025-03-12 00:00:00+00:00
[2025-03-12T14:28:30.227+0200] {logging_mixin.py:190} INFO - [2025-03-12T14:28:30.227+0200] {dag.py:4180} INFO - Setting next_dagrun for dataset_with_extra_from_classic_operator to 2025-03-11 00:00:00+00:00, run_after=2025-03-12 00:00:00+00:00
[2025-03-12T14:28:30.252+0200] {processor.py:208} INFO - Processing /home/munyah/.local/lib/python3.10/site-packages/airflow/example_dags/example_outlet_event_extra.py took 0.115 seconds
[2025-03-12T14:29:28.197+0200] {processor.py:186} INFO - Started process (PID=138293) to work on /home/munyah/.local/lib/python3.10/site-packages/airflow/example_dags/example_outlet_event_extra.py
[2025-03-12T14:29:28.198+0200] {processor.py:914} INFO - Processing file /home/munyah/.local/lib/python3.10/site-packages/airflow/example_dags/example_outlet_event_extra.py for tasks to queue
[2025-03-12T14:29:28.201+0200] {logging_mixin.py:190} INFO - [2025-03-12T14:29:28.200+0200] {dagbag.py:588} INFO - Filling up the DagBag from /home/munyah/.local/lib/python3.10/site-packages/airflow/example_dags/example_outlet_event_extra.py
[2025-03-12T14:29:28.219+0200] {processor.py:925} INFO - DAG(s) 'dataset_with_extra_by_yield', 'dataset_with_extra_from_classic_operator', 'dataset_with_extra_by_context' retrieved from /home/munyah/.local/lib/python3.10/site-packages/airflow/example_dags/example_outlet_event_extra.py
[2025-03-12T14:29:28.243+0200] {logging_mixin.py:190} INFO - [2025-03-12T14:29:28.243+0200] {dag.py:3239} INFO - Sync 3 DAGs
[2025-03-12T14:29:28.270+0200] {logging_mixin.py:190} INFO - [2025-03-12T14:29:28.270+0200] {dag.py:4180} INFO - Setting next_dagrun for dataset_with_extra_by_context to 2025-03-11 00:00:00+00:00, run_after=2025-03-12 00:00:00+00:00
[2025-03-12T14:29:28.275+0200] {logging_mixin.py:190} INFO - [2025-03-12T14:29:28.275+0200] {dag.py:4180} INFO - Setting next_dagrun for dataset_with_extra_by_yield to 2025-03-11 00:00:00+00:00, run_after=2025-03-12 00:00:00+00:00
[2025-03-12T14:29:28.278+0200] {logging_mixin.py:190} INFO - [2025-03-12T14:29:28.278+0200] {dag.py:4180} INFO - Setting next_dagrun for dataset_with_extra_from_classic_operator to 2025-03-11 00:00:00+00:00, run_after=2025-03-12 00:00:00+00:00
[2025-03-12T14:29:28.305+0200] {processor.py:208} INFO - Processing /home/munyah/.local/lib/python3.10/site-packages/airflow/example_dags/example_outlet_event_extra.py took 0.116 seconds
[2025-03-12T14:30:26.936+0200] {processor.py:186} INFO - Started process (PID=138706) to work on /home/munyah/.local/lib/python3.10/site-packages/airflow/example_dags/example_outlet_event_extra.py
[2025-03-12T14:30:26.938+0200] {processor.py:914} INFO - Processing file /home/munyah/.local/lib/python3.10/site-packages/airflow/example_dags/example_outlet_event_extra.py for tasks to queue
[2025-03-12T14:30:26.941+0200] {logging_mixin.py:190} INFO - [2025-03-12T14:30:26.940+0200] {dagbag.py:588} INFO - Filling up the DagBag from /home/munyah/.local/lib/python3.10/site-packages/airflow/example_dags/example_outlet_event_extra.py
[2025-03-12T14:30:26.960+0200] {processor.py:925} INFO - DAG(s) 'dataset_with_extra_by_context', 'dataset_with_extra_from_classic_operator', 'dataset_with_extra_by_yield' retrieved from /home/munyah/.local/lib/python3.10/site-packages/airflow/example_dags/example_outlet_event_extra.py
[2025-03-12T14:30:26.987+0200] {logging_mixin.py:190} INFO - [2025-03-12T14:30:26.987+0200] {dag.py:3239} INFO - Sync 3 DAGs
[2025-03-12T14:30:27.017+0200] {logging_mixin.py:190} INFO - [2025-03-12T14:30:27.017+0200] {dag.py:4180} INFO - Setting next_dagrun for dataset_with_extra_by_context to 2025-03-11 00:00:00+00:00, run_after=2025-03-12 00:00:00+00:00
[2025-03-12T14:30:27.023+0200] {logging_mixin.py:190} INFO - [2025-03-12T14:30:27.023+0200] {dag.py:4180} INFO - Setting next_dagrun for dataset_with_extra_by_yield to 2025-03-11 00:00:00+00:00, run_after=2025-03-12 00:00:00+00:00
[2025-03-12T14:30:27.027+0200] {logging_mixin.py:190} INFO - [2025-03-12T14:30:27.026+0200] {dag.py:4180} INFO - Setting next_dagrun for dataset_with_extra_from_classic_operator to 2025-03-11 00:00:00+00:00, run_after=2025-03-12 00:00:00+00:00
[2025-03-12T14:30:27.060+0200] {processor.py:208} INFO - Processing /home/munyah/.local/lib/python3.10/site-packages/airflow/example_dags/example_outlet_event_extra.py took 0.132 seconds
[2025-03-12T14:31:30.625+0200] {processor.py:186} INFO - Started process (PID=138954) to work on /home/munyah/.local/lib/python3.10/site-packages/airflow/example_dags/example_outlet_event_extra.py
[2025-03-12T14:31:30.627+0200] {processor.py:914} INFO - Processing file /home/munyah/.local/lib/python3.10/site-packages/airflow/example_dags/example_outlet_event_extra.py for tasks to queue
[2025-03-12T14:31:30.632+0200] {logging_mixin.py:190} INFO - [2025-03-12T14:31:30.631+0200] {dagbag.py:588} INFO - Filling up the DagBag from /home/munyah/.local/lib/python3.10/site-packages/airflow/example_dags/example_outlet_event_extra.py
[2025-03-12T14:31:30.663+0200] {processor.py:925} INFO - DAG(s) 'dataset_with_extra_from_classic_operator', 'dataset_with_extra_by_context', 'dataset_with_extra_by_yield' retrieved from /home/munyah/.local/lib/python3.10/site-packages/airflow/example_dags/example_outlet_event_extra.py
[2025-03-12T14:31:30.693+0200] {logging_mixin.py:190} INFO - [2025-03-12T14:31:30.693+0200] {dag.py:3239} INFO - Sync 3 DAGs
[2025-03-12T14:31:30.718+0200] {logging_mixin.py:190} INFO - [2025-03-12T14:31:30.718+0200] {dag.py:4180} INFO - Setting next_dagrun for dataset_with_extra_by_context to 2025-03-11 00:00:00+00:00, run_after=2025-03-12 00:00:00+00:00
[2025-03-12T14:31:30.724+0200] {logging_mixin.py:190} INFO - [2025-03-12T14:31:30.724+0200] {dag.py:4180} INFO - Setting next_dagrun for dataset_with_extra_by_yield to 2025-03-11 00:00:00+00:00, run_after=2025-03-12 00:00:00+00:00
[2025-03-12T14:31:30.727+0200] {logging_mixin.py:190} INFO - [2025-03-12T14:31:30.727+0200] {dag.py:4180} INFO - Setting next_dagrun for dataset_with_extra_from_classic_operator to 2025-03-11 00:00:00+00:00, run_after=2025-03-12 00:00:00+00:00
[2025-03-12T14:31:30.751+0200] {processor.py:208} INFO - Processing /home/munyah/.local/lib/python3.10/site-packages/airflow/example_dags/example_outlet_event_extra.py took 0.141 seconds
[2025-03-12T14:32:34.667+0200] {processor.py:186} INFO - Started process (PID=139476) to work on /home/munyah/.local/lib/python3.10/site-packages/airflow/example_dags/example_outlet_event_extra.py
[2025-03-12T14:32:34.668+0200] {processor.py:914} INFO - Processing file /home/munyah/.local/lib/python3.10/site-packages/airflow/example_dags/example_outlet_event_extra.py for tasks to queue
[2025-03-12T14:32:34.671+0200] {logging_mixin.py:190} INFO - [2025-03-12T14:32:34.671+0200] {dagbag.py:588} INFO - Filling up the DagBag from /home/munyah/.local/lib/python3.10/site-packages/airflow/example_dags/example_outlet_event_extra.py
[2025-03-12T14:32:34.690+0200] {processor.py:925} INFO - DAG(s) 'dataset_with_extra_by_context', 'dataset_with_extra_from_classic_operator', 'dataset_with_extra_by_yield' retrieved from /home/munyah/.local/lib/python3.10/site-packages/airflow/example_dags/example_outlet_event_extra.py
[2025-03-12T14:32:34.717+0200] {logging_mixin.py:190} INFO - [2025-03-12T14:32:34.717+0200] {dag.py:3239} INFO - Sync 3 DAGs
[2025-03-12T14:32:34.744+0200] {logging_mixin.py:190} INFO - [2025-03-12T14:32:34.743+0200] {dag.py:4180} INFO - Setting next_dagrun for dataset_with_extra_by_context to 2025-03-11 00:00:00+00:00, run_after=2025-03-12 00:00:00+00:00
[2025-03-12T14:32:34.749+0200] {logging_mixin.py:190} INFO - [2025-03-12T14:32:34.749+0200] {dag.py:4180} INFO - Setting next_dagrun for dataset_with_extra_by_yield to 2025-03-11 00:00:00+00:00, run_after=2025-03-12 00:00:00+00:00
[2025-03-12T14:32:34.752+0200] {logging_mixin.py:190} INFO - [2025-03-12T14:32:34.752+0200] {dag.py:4180} INFO - Setting next_dagrun for dataset_with_extra_from_classic_operator to 2025-03-11 00:00:00+00:00, run_after=2025-03-12 00:00:00+00:00
[2025-03-12T14:32:34.779+0200] {processor.py:208} INFO - Processing /home/munyah/.local/lib/python3.10/site-packages/airflow/example_dags/example_outlet_event_extra.py took 0.123 seconds
[2025-03-12T14:33:37.765+0200] {processor.py:186} INFO - Started process (PID=139895) to work on /home/munyah/.local/lib/python3.10/site-packages/airflow/example_dags/example_outlet_event_extra.py
[2025-03-12T14:33:37.766+0200] {processor.py:914} INFO - Processing file /home/munyah/.local/lib/python3.10/site-packages/airflow/example_dags/example_outlet_event_extra.py for tasks to queue
[2025-03-12T14:33:37.769+0200] {logging_mixin.py:190} INFO - [2025-03-12T14:33:37.769+0200] {dagbag.py:588} INFO - Filling up the DagBag from /home/munyah/.local/lib/python3.10/site-packages/airflow/example_dags/example_outlet_event_extra.py
[2025-03-12T14:33:37.789+0200] {processor.py:925} INFO - DAG(s) 'dataset_with_extra_by_yield', 'dataset_with_extra_from_classic_operator', 'dataset_with_extra_by_context' retrieved from /home/munyah/.local/lib/python3.10/site-packages/airflow/example_dags/example_outlet_event_extra.py
[2025-03-12T14:33:37.815+0200] {logging_mixin.py:190} INFO - [2025-03-12T14:33:37.815+0200] {dag.py:3239} INFO - Sync 3 DAGs
[2025-03-12T14:33:37.844+0200] {logging_mixin.py:190} INFO - [2025-03-12T14:33:37.843+0200] {dag.py:4180} INFO - Setting next_dagrun for dataset_with_extra_by_context to 2025-03-11 00:00:00+00:00, run_after=2025-03-12 00:00:00+00:00
[2025-03-12T14:33:37.849+0200] {logging_mixin.py:190} INFO - [2025-03-12T14:33:37.849+0200] {dag.py:4180} INFO - Setting next_dagrun for dataset_with_extra_by_yield to 2025-03-11 00:00:00+00:00, run_after=2025-03-12 00:00:00+00:00
[2025-03-12T14:33:37.853+0200] {logging_mixin.py:190} INFO - [2025-03-12T14:33:37.852+0200] {dag.py:4180} INFO - Setting next_dagrun for dataset_with_extra_from_classic_operator to 2025-03-11 00:00:00+00:00, run_after=2025-03-12 00:00:00+00:00
[2025-03-12T14:33:37.882+0200] {processor.py:208} INFO - Processing /home/munyah/.local/lib/python3.10/site-packages/airflow/example_dags/example_outlet_event_extra.py took 0.125 seconds
[2025-03-12T14:34:41.952+0200] {processor.py:186} INFO - Started process (PID=140119) to work on /home/munyah/.local/lib/python3.10/site-packages/airflow/example_dags/example_outlet_event_extra.py
[2025-03-12T14:34:41.953+0200] {processor.py:914} INFO - Processing file /home/munyah/.local/lib/python3.10/site-packages/airflow/example_dags/example_outlet_event_extra.py for tasks to queue
[2025-03-12T14:34:41.956+0200] {logging_mixin.py:190} INFO - [2025-03-12T14:34:41.955+0200] {dagbag.py:588} INFO - Filling up the DagBag from /home/munyah/.local/lib/python3.10/site-packages/airflow/example_dags/example_outlet_event_extra.py
[2025-03-12T14:34:41.979+0200] {processor.py:925} INFO - DAG(s) 'dataset_with_extra_by_context', 'dataset_with_extra_by_yield', 'dataset_with_extra_from_classic_operator' retrieved from /home/munyah/.local/lib/python3.10/site-packages/airflow/example_dags/example_outlet_event_extra.py
[2025-03-12T14:34:42.005+0200] {logging_mixin.py:190} INFO - [2025-03-12T14:34:42.005+0200] {dag.py:3239} INFO - Sync 3 DAGs
[2025-03-12T14:34:42.031+0200] {logging_mixin.py:190} INFO - [2025-03-12T14:34:42.031+0200] {dag.py:4180} INFO - Setting next_dagrun for dataset_with_extra_by_context to 2025-03-11 00:00:00+00:00, run_after=2025-03-12 00:00:00+00:00
[2025-03-12T14:34:42.037+0200] {logging_mixin.py:190} INFO - [2025-03-12T14:34:42.036+0200] {dag.py:4180} INFO - Setting next_dagrun for dataset_with_extra_by_yield to 2025-03-11 00:00:00+00:00, run_after=2025-03-12 00:00:00+00:00
[2025-03-12T14:34:42.040+0200] {logging_mixin.py:190} INFO - [2025-03-12T14:34:42.039+0200] {dag.py:4180} INFO - Setting next_dagrun for dataset_with_extra_from_classic_operator to 2025-03-11 00:00:00+00:00, run_after=2025-03-12 00:00:00+00:00
[2025-03-12T14:34:42.065+0200] {processor.py:208} INFO - Processing /home/munyah/.local/lib/python3.10/site-packages/airflow/example_dags/example_outlet_event_extra.py took 0.121 seconds
[2025-03-12T14:35:45.391+0200] {processor.py:186} INFO - Started process (PID=140314) to work on /home/munyah/.local/lib/python3.10/site-packages/airflow/example_dags/example_outlet_event_extra.py
[2025-03-12T14:35:45.392+0200] {processor.py:914} INFO - Processing file /home/munyah/.local/lib/python3.10/site-packages/airflow/example_dags/example_outlet_event_extra.py for tasks to queue
[2025-03-12T14:35:45.395+0200] {logging_mixin.py:190} INFO - [2025-03-12T14:35:45.394+0200] {dagbag.py:588} INFO - Filling up the DagBag from /home/munyah/.local/lib/python3.10/site-packages/airflow/example_dags/example_outlet_event_extra.py
[2025-03-12T14:35:45.412+0200] {processor.py:925} INFO - DAG(s) 'dataset_with_extra_from_classic_operator', 'dataset_with_extra_by_yield', 'dataset_with_extra_by_context' retrieved from /home/munyah/.local/lib/python3.10/site-packages/airflow/example_dags/example_outlet_event_extra.py
[2025-03-12T14:35:45.446+0200] {logging_mixin.py:190} INFO - [2025-03-12T14:35:45.445+0200] {dag.py:3239} INFO - Sync 3 DAGs
[2025-03-12T14:35:45.483+0200] {logging_mixin.py:190} INFO - [2025-03-12T14:35:45.483+0200] {dag.py:4180} INFO - Setting next_dagrun for dataset_with_extra_by_context to 2025-03-11 00:00:00+00:00, run_after=2025-03-12 00:00:00+00:00
[2025-03-12T14:35:45.491+0200] {logging_mixin.py:190} INFO - [2025-03-12T14:35:45.491+0200] {dag.py:4180} INFO - Setting next_dagrun for dataset_with_extra_by_yield to 2025-03-11 00:00:00+00:00, run_after=2025-03-12 00:00:00+00:00
[2025-03-12T14:35:45.496+0200] {logging_mixin.py:190} INFO - [2025-03-12T14:35:45.496+0200] {dag.py:4180} INFO - Setting next_dagrun for dataset_with_extra_from_classic_operator to 2025-03-11 00:00:00+00:00, run_after=2025-03-12 00:00:00+00:00
[2025-03-12T14:35:45.528+0200] {processor.py:208} INFO - Processing /home/munyah/.local/lib/python3.10/site-packages/airflow/example_dags/example_outlet_event_extra.py took 0.144 seconds
[2025-03-12T14:36:51.457+0200] {processor.py:186} INFO - Started process (PID=140509) to work on /home/munyah/.local/lib/python3.10/site-packages/airflow/example_dags/example_outlet_event_extra.py
[2025-03-12T14:36:51.459+0200] {processor.py:914} INFO - Processing file /home/munyah/.local/lib/python3.10/site-packages/airflow/example_dags/example_outlet_event_extra.py for tasks to queue
[2025-03-12T14:36:51.461+0200] {logging_mixin.py:190} INFO - [2025-03-12T14:36:51.461+0200] {dagbag.py:588} INFO - Filling up the DagBag from /home/munyah/.local/lib/python3.10/site-packages/airflow/example_dags/example_outlet_event_extra.py
[2025-03-12T14:36:51.478+0200] {processor.py:925} INFO - DAG(s) 'dataset_with_extra_by_yield', 'dataset_with_extra_from_classic_operator', 'dataset_with_extra_by_context' retrieved from /home/munyah/.local/lib/python3.10/site-packages/airflow/example_dags/example_outlet_event_extra.py
[2025-03-12T14:36:51.501+0200] {logging_mixin.py:190} INFO - [2025-03-12T14:36:51.501+0200] {dag.py:3239} INFO - Sync 3 DAGs
[2025-03-12T14:36:51.524+0200] {logging_mixin.py:190} INFO - [2025-03-12T14:36:51.524+0200] {dag.py:4180} INFO - Setting next_dagrun for dataset_with_extra_by_context to 2025-03-11 00:00:00+00:00, run_after=2025-03-12 00:00:00+00:00
[2025-03-12T14:36:51.529+0200] {logging_mixin.py:190} INFO - [2025-03-12T14:36:51.529+0200] {dag.py:4180} INFO - Setting next_dagrun for dataset_with_extra_by_yield to 2025-03-11 00:00:00+00:00, run_after=2025-03-12 00:00:00+00:00
[2025-03-12T14:36:51.532+0200] {logging_mixin.py:190} INFO - [2025-03-12T14:36:51.532+0200] {dag.py:4180} INFO - Setting next_dagrun for dataset_with_extra_from_classic_operator to 2025-03-11 00:00:00+00:00, run_after=2025-03-12 00:00:00+00:00
[2025-03-12T14:36:51.554+0200] {processor.py:208} INFO - Processing /home/munyah/.local/lib/python3.10/site-packages/airflow/example_dags/example_outlet_event_extra.py took 0.105 seconds
[2025-03-12T14:37:55.388+0200] {processor.py:186} INFO - Started process (PID=140644) to work on /home/munyah/.local/lib/python3.10/site-packages/airflow/example_dags/example_outlet_event_extra.py
[2025-03-12T14:37:55.389+0200] {processor.py:914} INFO - Processing file /home/munyah/.local/lib/python3.10/site-packages/airflow/example_dags/example_outlet_event_extra.py for tasks to queue
[2025-03-12T14:37:55.392+0200] {logging_mixin.py:190} INFO - [2025-03-12T14:37:55.392+0200] {dagbag.py:588} INFO - Filling up the DagBag from /home/munyah/.local/lib/python3.10/site-packages/airflow/example_dags/example_outlet_event_extra.py
[2025-03-12T14:37:55.409+0200] {processor.py:925} INFO - DAG(s) 'dataset_with_extra_by_context', 'dataset_with_extra_by_yield', 'dataset_with_extra_from_classic_operator' retrieved from /home/munyah/.local/lib/python3.10/site-packages/airflow/example_dags/example_outlet_event_extra.py
[2025-03-12T14:37:55.430+0200] {logging_mixin.py:190} INFO - [2025-03-12T14:37:55.430+0200] {dag.py:3239} INFO - Sync 3 DAGs
[2025-03-12T14:37:55.454+0200] {logging_mixin.py:190} INFO - [2025-03-12T14:37:55.453+0200] {dag.py:4180} INFO - Setting next_dagrun for dataset_with_extra_by_context to 2025-03-11 00:00:00+00:00, run_after=2025-03-12 00:00:00+00:00
[2025-03-12T14:37:55.460+0200] {logging_mixin.py:190} INFO - [2025-03-12T14:37:55.459+0200] {dag.py:4180} INFO - Setting next_dagrun for dataset_with_extra_by_yield to 2025-03-11 00:00:00+00:00, run_after=2025-03-12 00:00:00+00:00
[2025-03-12T14:37:55.462+0200] {logging_mixin.py:190} INFO - [2025-03-12T14:37:55.462+0200] {dag.py:4180} INFO - Setting next_dagrun for dataset_with_extra_from_classic_operator to 2025-03-11 00:00:00+00:00, run_after=2025-03-12 00:00:00+00:00
[2025-03-12T14:37:55.486+0200] {processor.py:208} INFO - Processing /home/munyah/.local/lib/python3.10/site-packages/airflow/example_dags/example_outlet_event_extra.py took 0.113 seconds
[2025-03-12T14:39:01.137+0200] {processor.py:186} INFO - Started process (PID=140724) to work on /home/munyah/.local/lib/python3.10/site-packages/airflow/example_dags/example_outlet_event_extra.py
[2025-03-12T14:39:01.138+0200] {processor.py:914} INFO - Processing file /home/munyah/.local/lib/python3.10/site-packages/airflow/example_dags/example_outlet_event_extra.py for tasks to queue
[2025-03-12T14:39:01.141+0200] {logging_mixin.py:190} INFO - [2025-03-12T14:39:01.141+0200] {dagbag.py:588} INFO - Filling up the DagBag from /home/munyah/.local/lib/python3.10/site-packages/airflow/example_dags/example_outlet_event_extra.py
[2025-03-12T14:39:01.158+0200] {processor.py:925} INFO - DAG(s) 'dataset_with_extra_by_context', 'dataset_with_extra_from_classic_operator', 'dataset_with_extra_by_yield' retrieved from /home/munyah/.local/lib/python3.10/site-packages/airflow/example_dags/example_outlet_event_extra.py
[2025-03-12T14:39:01.181+0200] {logging_mixin.py:190} INFO - [2025-03-12T14:39:01.181+0200] {dag.py:3239} INFO - Sync 3 DAGs
[2025-03-12T14:39:01.204+0200] {logging_mixin.py:190} INFO - [2025-03-12T14:39:01.204+0200] {dag.py:4180} INFO - Setting next_dagrun for dataset_with_extra_by_context to 2025-03-11 00:00:00+00:00, run_after=2025-03-12 00:00:00+00:00
[2025-03-12T14:39:01.210+0200] {logging_mixin.py:190} INFO - [2025-03-12T14:39:01.210+0200] {dag.py:4180} INFO - Setting next_dagrun for dataset_with_extra_by_yield to 2025-03-11 00:00:00+00:00, run_after=2025-03-12 00:00:00+00:00
[2025-03-12T14:39:01.213+0200] {logging_mixin.py:190} INFO - [2025-03-12T14:39:01.213+0200] {dag.py:4180} INFO - Setting next_dagrun for dataset_with_extra_from_classic_operator to 2025-03-11 00:00:00+00:00, run_after=2025-03-12 00:00:00+00:00
[2025-03-12T14:39:01.236+0200] {processor.py:208} INFO - Processing /home/munyah/.local/lib/python3.10/site-packages/airflow/example_dags/example_outlet_event_extra.py took 0.107 seconds
[2025-03-12T14:40:07.184+0200] {processor.py:186} INFO - Started process (PID=140831) to work on /home/munyah/.local/lib/python3.10/site-packages/airflow/example_dags/example_outlet_event_extra.py
[2025-03-12T14:40:07.186+0200] {processor.py:914} INFO - Processing file /home/munyah/.local/lib/python3.10/site-packages/airflow/example_dags/example_outlet_event_extra.py for tasks to queue
[2025-03-12T14:40:07.191+0200] {logging_mixin.py:190} INFO - [2025-03-12T14:40:07.190+0200] {dagbag.py:588} INFO - Filling up the DagBag from /home/munyah/.local/lib/python3.10/site-packages/airflow/example_dags/example_outlet_event_extra.py
[2025-03-12T14:40:07.223+0200] {processor.py:925} INFO - DAG(s) 'dataset_with_extra_from_classic_operator', 'dataset_with_extra_by_yield', 'dataset_with_extra_by_context' retrieved from /home/munyah/.local/lib/python3.10/site-packages/airflow/example_dags/example_outlet_event_extra.py
[2025-03-12T14:40:07.249+0200] {logging_mixin.py:190} INFO - [2025-03-12T14:40:07.248+0200] {dag.py:3239} INFO - Sync 3 DAGs
[2025-03-12T14:40:07.273+0200] {logging_mixin.py:190} INFO - [2025-03-12T14:40:07.272+0200] {dag.py:4180} INFO - Setting next_dagrun for dataset_with_extra_by_context to 2025-03-11 00:00:00+00:00, run_after=2025-03-12 00:00:00+00:00
[2025-03-12T14:40:07.278+0200] {logging_mixin.py:190} INFO - [2025-03-12T14:40:07.277+0200] {dag.py:4180} INFO - Setting next_dagrun for dataset_with_extra_by_yield to 2025-03-11 00:00:00+00:00, run_after=2025-03-12 00:00:00+00:00
[2025-03-12T14:40:07.281+0200] {logging_mixin.py:190} INFO - [2025-03-12T14:40:07.280+0200] {dag.py:4180} INFO - Setting next_dagrun for dataset_with_extra_from_classic_operator to 2025-03-11 00:00:00+00:00, run_after=2025-03-12 00:00:00+00:00
[2025-03-12T14:40:07.307+0200] {processor.py:208} INFO - Processing /home/munyah/.local/lib/python3.10/site-packages/airflow/example_dags/example_outlet_event_extra.py took 0.139 seconds
[2025-03-12T14:41:10.275+0200] {processor.py:186} INFO - Started process (PID=141100) to work on /home/munyah/.local/lib/python3.10/site-packages/airflow/example_dags/example_outlet_event_extra.py
[2025-03-12T14:41:10.276+0200] {processor.py:914} INFO - Processing file /home/munyah/.local/lib/python3.10/site-packages/airflow/example_dags/example_outlet_event_extra.py for tasks to queue
[2025-03-12T14:41:10.279+0200] {logging_mixin.py:190} INFO - [2025-03-12T14:41:10.279+0200] {dagbag.py:588} INFO - Filling up the DagBag from /home/munyah/.local/lib/python3.10/site-packages/airflow/example_dags/example_outlet_event_extra.py
[2025-03-12T14:41:10.308+0200] {processor.py:925} INFO - DAG(s) 'dataset_with_extra_from_classic_operator', 'dataset_with_extra_by_context', 'dataset_with_extra_by_yield' retrieved from /home/munyah/.local/lib/python3.10/site-packages/airflow/example_dags/example_outlet_event_extra.py
[2025-03-12T14:41:10.347+0200] {logging_mixin.py:190} INFO - [2025-03-12T14:41:10.347+0200] {dag.py:3239} INFO - Sync 3 DAGs
[2025-03-12T14:41:10.392+0200] {logging_mixin.py:190} INFO - [2025-03-12T14:41:10.392+0200] {dag.py:4180} INFO - Setting next_dagrun for dataset_with_extra_by_context to 2025-03-11 00:00:00+00:00, run_after=2025-03-12 00:00:00+00:00
[2025-03-12T14:41:10.400+0200] {logging_mixin.py:190} INFO - [2025-03-12T14:41:10.400+0200] {dag.py:4180} INFO - Setting next_dagrun for dataset_with_extra_by_yield to 2025-03-11 00:00:00+00:00, run_after=2025-03-12 00:00:00+00:00
[2025-03-12T14:41:10.404+0200] {logging_mixin.py:190} INFO - [2025-03-12T14:41:10.404+0200] {dag.py:4180} INFO - Setting next_dagrun for dataset_with_extra_from_classic_operator to 2025-03-11 00:00:00+00:00, run_after=2025-03-12 00:00:00+00:00
[2025-03-12T14:41:10.432+0200] {processor.py:208} INFO - Processing /home/munyah/.local/lib/python3.10/site-packages/airflow/example_dags/example_outlet_event_extra.py took 0.167 seconds
[2025-03-12T14:42:09.880+0200] {processor.py:186} INFO - Started process (PID=141294) to work on /home/munyah/.local/lib/python3.10/site-packages/airflow/example_dags/example_outlet_event_extra.py
[2025-03-12T14:42:09.881+0200] {processor.py:914} INFO - Processing file /home/munyah/.local/lib/python3.10/site-packages/airflow/example_dags/example_outlet_event_extra.py for tasks to queue
[2025-03-12T14:42:09.884+0200] {logging_mixin.py:190} INFO - [2025-03-12T14:42:09.883+0200] {dagbag.py:588} INFO - Filling up the DagBag from /home/munyah/.local/lib/python3.10/site-packages/airflow/example_dags/example_outlet_event_extra.py
[2025-03-12T14:42:09.905+0200] {processor.py:925} INFO - DAG(s) 'dataset_with_extra_from_classic_operator', 'dataset_with_extra_by_context', 'dataset_with_extra_by_yield' retrieved from /home/munyah/.local/lib/python3.10/site-packages/airflow/example_dags/example_outlet_event_extra.py
[2025-03-12T14:42:09.928+0200] {logging_mixin.py:190} INFO - [2025-03-12T14:42:09.927+0200] {dag.py:3239} INFO - Sync 3 DAGs
[2025-03-12T14:42:09.953+0200] {logging_mixin.py:190} INFO - [2025-03-12T14:42:09.953+0200] {dag.py:4180} INFO - Setting next_dagrun for dataset_with_extra_by_context to 2025-03-11 00:00:00+00:00, run_after=2025-03-12 00:00:00+00:00
[2025-03-12T14:42:09.959+0200] {logging_mixin.py:190} INFO - [2025-03-12T14:42:09.958+0200] {dag.py:4180} INFO - Setting next_dagrun for dataset_with_extra_by_yield to 2025-03-11 00:00:00+00:00, run_after=2025-03-12 00:00:00+00:00
[2025-03-12T14:42:09.961+0200] {logging_mixin.py:190} INFO - [2025-03-12T14:42:09.961+0200] {dag.py:4180} INFO - Setting next_dagrun for dataset_with_extra_from_classic_operator to 2025-03-11 00:00:00+00:00, run_after=2025-03-12 00:00:00+00:00
[2025-03-12T14:42:09.987+0200] {processor.py:208} INFO - Processing /home/munyah/.local/lib/python3.10/site-packages/airflow/example_dags/example_outlet_event_extra.py took 0.115 seconds
[2025-03-12T14:43:11.334+0200] {processor.py:186} INFO - Started process (PID=141495) to work on /home/munyah/.local/lib/python3.10/site-packages/airflow/example_dags/example_outlet_event_extra.py
[2025-03-12T14:43:11.335+0200] {processor.py:914} INFO - Processing file /home/munyah/.local/lib/python3.10/site-packages/airflow/example_dags/example_outlet_event_extra.py for tasks to queue
[2025-03-12T14:43:11.337+0200] {logging_mixin.py:190} INFO - [2025-03-12T14:43:11.337+0200] {dagbag.py:588} INFO - Filling up the DagBag from /home/munyah/.local/lib/python3.10/site-packages/airflow/example_dags/example_outlet_event_extra.py
[2025-03-12T14:43:11.358+0200] {processor.py:925} INFO - DAG(s) 'dataset_with_extra_from_classic_operator', 'dataset_with_extra_by_context', 'dataset_with_extra_by_yield' retrieved from /home/munyah/.local/lib/python3.10/site-packages/airflow/example_dags/example_outlet_event_extra.py
[2025-03-12T14:43:11.382+0200] {logging_mixin.py:190} INFO - [2025-03-12T14:43:11.381+0200] {dag.py:3239} INFO - Sync 3 DAGs
[2025-03-12T14:43:11.408+0200] {logging_mixin.py:190} INFO - [2025-03-12T14:43:11.408+0200] {dag.py:4180} INFO - Setting next_dagrun for dataset_with_extra_by_context to 2025-03-11 00:00:00+00:00, run_after=2025-03-12 00:00:00+00:00
[2025-03-12T14:43:11.415+0200] {logging_mixin.py:190} INFO - [2025-03-12T14:43:11.415+0200] {dag.py:4180} INFO - Setting next_dagrun for dataset_with_extra_by_yield to 2025-03-11 00:00:00+00:00, run_after=2025-03-12 00:00:00+00:00
[2025-03-12T14:43:11.418+0200] {logging_mixin.py:190} INFO - [2025-03-12T14:43:11.418+0200] {dag.py:4180} INFO - Setting next_dagrun for dataset_with_extra_from_classic_operator to 2025-03-11 00:00:00+00:00, run_after=2025-03-12 00:00:00+00:00
[2025-03-12T14:43:11.442+0200] {processor.py:208} INFO - Processing /home/munyah/.local/lib/python3.10/site-packages/airflow/example_dags/example_outlet_event_extra.py took 0.116 seconds
[2025-03-12T14:44:11.391+0200] {processor.py:186} INFO - Started process (PID=141664) to work on /home/munyah/.local/lib/python3.10/site-packages/airflow/example_dags/example_outlet_event_extra.py
[2025-03-12T14:44:11.393+0200] {processor.py:914} INFO - Processing file /home/munyah/.local/lib/python3.10/site-packages/airflow/example_dags/example_outlet_event_extra.py for tasks to queue
[2025-03-12T14:44:11.397+0200] {logging_mixin.py:190} INFO - [2025-03-12T14:44:11.396+0200] {dagbag.py:588} INFO - Filling up the DagBag from /home/munyah/.local/lib/python3.10/site-packages/airflow/example_dags/example_outlet_event_extra.py
[2025-03-12T14:44:11.416+0200] {processor.py:925} INFO - DAG(s) 'dataset_with_extra_by_context', 'dataset_with_extra_from_classic_operator', 'dataset_with_extra_by_yield' retrieved from /home/munyah/.local/lib/python3.10/site-packages/airflow/example_dags/example_outlet_event_extra.py
[2025-03-12T14:44:11.441+0200] {logging_mixin.py:190} INFO - [2025-03-12T14:44:11.441+0200] {dag.py:3239} INFO - Sync 3 DAGs
[2025-03-12T14:44:11.466+0200] {logging_mixin.py:190} INFO - [2025-03-12T14:44:11.465+0200] {dag.py:4180} INFO - Setting next_dagrun for dataset_with_extra_by_context to 2025-03-11 00:00:00+00:00, run_after=2025-03-12 00:00:00+00:00
[2025-03-12T14:44:11.472+0200] {logging_mixin.py:190} INFO - [2025-03-12T14:44:11.472+0200] {dag.py:4180} INFO - Setting next_dagrun for dataset_with_extra_by_yield to 2025-03-11 00:00:00+00:00, run_after=2025-03-12 00:00:00+00:00
[2025-03-12T14:44:11.475+0200] {logging_mixin.py:190} INFO - [2025-03-12T14:44:11.475+0200] {dag.py:4180} INFO - Setting next_dagrun for dataset_with_extra_from_classic_operator to 2025-03-11 00:00:00+00:00, run_after=2025-03-12 00:00:00+00:00
[2025-03-12T14:44:11.499+0200] {processor.py:208} INFO - Processing /home/munyah/.local/lib/python3.10/site-packages/airflow/example_dags/example_outlet_event_extra.py took 0.118 seconds
[2025-03-12T14:45:11.640+0200] {processor.py:186} INFO - Started process (PID=141853) to work on /home/munyah/.local/lib/python3.10/site-packages/airflow/example_dags/example_outlet_event_extra.py
[2025-03-12T14:45:11.642+0200] {processor.py:914} INFO - Processing file /home/munyah/.local/lib/python3.10/site-packages/airflow/example_dags/example_outlet_event_extra.py for tasks to queue
[2025-03-12T14:45:11.644+0200] {logging_mixin.py:190} INFO - [2025-03-12T14:45:11.643+0200] {dagbag.py:588} INFO - Filling up the DagBag from /home/munyah/.local/lib/python3.10/site-packages/airflow/example_dags/example_outlet_event_extra.py
[2025-03-12T14:45:11.662+0200] {processor.py:925} INFO - DAG(s) 'dataset_with_extra_from_classic_operator', 'dataset_with_extra_by_context', 'dataset_with_extra_by_yield' retrieved from /home/munyah/.local/lib/python3.10/site-packages/airflow/example_dags/example_outlet_event_extra.py
[2025-03-12T14:45:11.691+0200] {logging_mixin.py:190} INFO - [2025-03-12T14:45:11.691+0200] {dag.py:3239} INFO - Sync 3 DAGs
[2025-03-12T14:45:11.716+0200] {logging_mixin.py:190} INFO - [2025-03-12T14:45:11.716+0200] {dag.py:4180} INFO - Setting next_dagrun for dataset_with_extra_by_context to 2025-03-11 00:00:00+00:00, run_after=2025-03-12 00:00:00+00:00
[2025-03-12T14:45:11.721+0200] {logging_mixin.py:190} INFO - [2025-03-12T14:45:11.721+0200] {dag.py:4180} INFO - Setting next_dagrun for dataset_with_extra_by_yield to 2025-03-11 00:00:00+00:00, run_after=2025-03-12 00:00:00+00:00
[2025-03-12T14:45:11.724+0200] {logging_mixin.py:190} INFO - [2025-03-12T14:45:11.724+0200] {dag.py:4180} INFO - Setting next_dagrun for dataset_with_extra_from_classic_operator to 2025-03-11 00:00:00+00:00, run_after=2025-03-12 00:00:00+00:00
[2025-03-12T14:45:11.749+0200] {processor.py:208} INFO - Processing /home/munyah/.local/lib/python3.10/site-packages/airflow/example_dags/example_outlet_event_extra.py took 0.117 seconds
[2025-03-12T14:46:10.514+0200] {processor.py:186} INFO - Started process (PID=142070) to work on /home/munyah/.local/lib/python3.10/site-packages/airflow/example_dags/example_outlet_event_extra.py
[2025-03-12T14:46:10.515+0200] {processor.py:914} INFO - Processing file /home/munyah/.local/lib/python3.10/site-packages/airflow/example_dags/example_outlet_event_extra.py for tasks to queue
[2025-03-12T14:46:10.517+0200] {logging_mixin.py:190} INFO - [2025-03-12T14:46:10.517+0200] {dagbag.py:588} INFO - Filling up the DagBag from /home/munyah/.local/lib/python3.10/site-packages/airflow/example_dags/example_outlet_event_extra.py
[2025-03-12T14:46:10.541+0200] {processor.py:925} INFO - DAG(s) 'dataset_with_extra_by_yield', 'dataset_with_extra_by_context', 'dataset_with_extra_from_classic_operator' retrieved from /home/munyah/.local/lib/python3.10/site-packages/airflow/example_dags/example_outlet_event_extra.py
[2025-03-12T14:46:10.565+0200] {logging_mixin.py:190} INFO - [2025-03-12T14:46:10.564+0200] {dag.py:3239} INFO - Sync 3 DAGs
[2025-03-12T14:46:10.590+0200] {logging_mixin.py:190} INFO - [2025-03-12T14:46:10.590+0200] {dag.py:4180} INFO - Setting next_dagrun for dataset_with_extra_by_context to 2025-03-11 00:00:00+00:00, run_after=2025-03-12 00:00:00+00:00
[2025-03-12T14:46:10.596+0200] {logging_mixin.py:190} INFO - [2025-03-12T14:46:10.596+0200] {dag.py:4180} INFO - Setting next_dagrun for dataset_with_extra_by_yield to 2025-03-11 00:00:00+00:00, run_after=2025-03-12 00:00:00+00:00
[2025-03-12T14:46:10.599+0200] {logging_mixin.py:190} INFO - [2025-03-12T14:46:10.599+0200] {dag.py:4180} INFO - Setting next_dagrun for dataset_with_extra_from_classic_operator to 2025-03-11 00:00:00+00:00, run_after=2025-03-12 00:00:00+00:00
[2025-03-12T14:46:10.623+0200] {processor.py:208} INFO - Processing /home/munyah/.local/lib/python3.10/site-packages/airflow/example_dags/example_outlet_event_extra.py took 0.117 seconds
[2025-03-12T14:48:54.227+0200] {processor.py:186} INFO - Started process (PID=142561) to work on /home/munyah/.local/lib/python3.10/site-packages/airflow/example_dags/example_outlet_event_extra.py
[2025-03-12T14:48:54.228+0200] {processor.py:914} INFO - Processing file /home/munyah/.local/lib/python3.10/site-packages/airflow/example_dags/example_outlet_event_extra.py for tasks to queue
[2025-03-12T14:48:54.232+0200] {logging_mixin.py:190} INFO - [2025-03-12T14:48:54.231+0200] {dagbag.py:588} INFO - Filling up the DagBag from /home/munyah/.local/lib/python3.10/site-packages/airflow/example_dags/example_outlet_event_extra.py
[2025-03-12T14:48:54.253+0200] {processor.py:925} INFO - DAG(s) 'dataset_with_extra_by_context', 'dataset_with_extra_by_yield', 'dataset_with_extra_from_classic_operator' retrieved from /home/munyah/.local/lib/python3.10/site-packages/airflow/example_dags/example_outlet_event_extra.py
[2025-03-12T14:48:54.276+0200] {logging_mixin.py:190} INFO - [2025-03-12T14:48:54.276+0200] {dag.py:3239} INFO - Sync 3 DAGs
[2025-03-12T14:48:54.300+0200] {logging_mixin.py:190} INFO - [2025-03-12T14:48:54.300+0200] {dag.py:4180} INFO - Setting next_dagrun for dataset_with_extra_by_context to 2025-03-11 00:00:00+00:00, run_after=2025-03-12 00:00:00+00:00
[2025-03-12T14:48:54.306+0200] {logging_mixin.py:190} INFO - [2025-03-12T14:48:54.305+0200] {dag.py:4180} INFO - Setting next_dagrun for dataset_with_extra_by_yield to 2025-03-11 00:00:00+00:00, run_after=2025-03-12 00:00:00+00:00
[2025-03-12T14:48:54.309+0200] {logging_mixin.py:190} INFO - [2025-03-12T14:48:54.309+0200] {dag.py:4180} INFO - Setting next_dagrun for dataset_with_extra_from_classic_operator to 2025-03-11 00:00:00+00:00, run_after=2025-03-12 00:00:00+00:00
[2025-03-12T14:48:54.334+0200] {processor.py:208} INFO - Processing /home/munyah/.local/lib/python3.10/site-packages/airflow/example_dags/example_outlet_event_extra.py took 0.121 seconds
[2025-03-12T14:50:26.856+0200] {processor.py:186} INFO - Started process (PID=142916) to work on /home/munyah/.local/lib/python3.10/site-packages/airflow/example_dags/example_outlet_event_extra.py
[2025-03-12T14:50:26.858+0200] {processor.py:914} INFO - Processing file /home/munyah/.local/lib/python3.10/site-packages/airflow/example_dags/example_outlet_event_extra.py for tasks to queue
[2025-03-12T14:50:26.861+0200] {logging_mixin.py:190} INFO - [2025-03-12T14:50:26.860+0200] {dagbag.py:588} INFO - Filling up the DagBag from /home/munyah/.local/lib/python3.10/site-packages/airflow/example_dags/example_outlet_event_extra.py
[2025-03-12T14:50:26.881+0200] {processor.py:925} INFO - DAG(s) 'dataset_with_extra_from_classic_operator', 'dataset_with_extra_by_context', 'dataset_with_extra_by_yield' retrieved from /home/munyah/.local/lib/python3.10/site-packages/airflow/example_dags/example_outlet_event_extra.py
[2025-03-12T14:50:26.906+0200] {logging_mixin.py:190} INFO - [2025-03-12T14:50:26.905+0200] {dag.py:3239} INFO - Sync 3 DAGs
[2025-03-12T14:50:26.933+0200] {logging_mixin.py:190} INFO - [2025-03-12T14:50:26.933+0200] {dag.py:4180} INFO - Setting next_dagrun for dataset_with_extra_by_context to 2025-03-11 00:00:00+00:00, run_after=2025-03-12 00:00:00+00:00
[2025-03-12T14:50:26.944+0200] {logging_mixin.py:190} INFO - [2025-03-12T14:50:26.944+0200] {dag.py:4180} INFO - Setting next_dagrun for dataset_with_extra_by_yield to 2025-03-11 00:00:00+00:00, run_after=2025-03-12 00:00:00+00:00
[2025-03-12T14:50:26.949+0200] {logging_mixin.py:190} INFO - [2025-03-12T14:50:26.948+0200] {dag.py:4180} INFO - Setting next_dagrun for dataset_with_extra_from_classic_operator to 2025-03-11 00:00:00+00:00, run_after=2025-03-12 00:00:00+00:00
[2025-03-12T14:50:26.980+0200] {processor.py:208} INFO - Processing /home/munyah/.local/lib/python3.10/site-packages/airflow/example_dags/example_outlet_event_extra.py took 0.131 seconds
[2025-03-12T14:51:31.551+0200] {processor.py:186} INFO - Started process (PID=143147) to work on /home/munyah/.local/lib/python3.10/site-packages/airflow/example_dags/example_outlet_event_extra.py
[2025-03-12T14:51:31.552+0200] {processor.py:914} INFO - Processing file /home/munyah/.local/lib/python3.10/site-packages/airflow/example_dags/example_outlet_event_extra.py for tasks to queue
[2025-03-12T14:51:31.555+0200] {logging_mixin.py:190} INFO - [2025-03-12T14:51:31.554+0200] {dagbag.py:588} INFO - Filling up the DagBag from /home/munyah/.local/lib/python3.10/site-packages/airflow/example_dags/example_outlet_event_extra.py
[2025-03-12T14:51:31.575+0200] {processor.py:925} INFO - DAG(s) 'dataset_with_extra_by_context', 'dataset_with_extra_by_yield', 'dataset_with_extra_from_classic_operator' retrieved from /home/munyah/.local/lib/python3.10/site-packages/airflow/example_dags/example_outlet_event_extra.py
[2025-03-12T14:51:31.597+0200] {logging_mixin.py:190} INFO - [2025-03-12T14:51:31.597+0200] {dag.py:3239} INFO - Sync 3 DAGs
[2025-03-12T14:51:31.623+0200] {logging_mixin.py:190} INFO - [2025-03-12T14:51:31.622+0200] {dag.py:4180} INFO - Setting next_dagrun for dataset_with_extra_by_context to 2025-03-11 00:00:00+00:00, run_after=2025-03-12 00:00:00+00:00
[2025-03-12T14:51:31.629+0200] {logging_mixin.py:190} INFO - [2025-03-12T14:51:31.629+0200] {dag.py:4180} INFO - Setting next_dagrun for dataset_with_extra_by_yield to 2025-03-11 00:00:00+00:00, run_after=2025-03-12 00:00:00+00:00
[2025-03-12T14:51:31.632+0200] {logging_mixin.py:190} INFO - [2025-03-12T14:51:31.632+0200] {dag.py:4180} INFO - Setting next_dagrun for dataset_with_extra_from_classic_operator to 2025-03-11 00:00:00+00:00, run_after=2025-03-12 00:00:00+00:00
[2025-03-12T14:51:31.658+0200] {processor.py:208} INFO - Processing /home/munyah/.local/lib/python3.10/site-packages/airflow/example_dags/example_outlet_event_extra.py took 0.114 seconds
[2025-03-12T14:52:42.581+0200] {processor.py:186} INFO - Started process (PID=143366) to work on /home/munyah/.local/lib/python3.10/site-packages/airflow/example_dags/example_outlet_event_extra.py
[2025-03-12T14:52:42.583+0200] {processor.py:914} INFO - Processing file /home/munyah/.local/lib/python3.10/site-packages/airflow/example_dags/example_outlet_event_extra.py for tasks to queue
[2025-03-12T14:52:42.587+0200] {logging_mixin.py:190} INFO - [2025-03-12T14:52:42.586+0200] {dagbag.py:588} INFO - Filling up the DagBag from /home/munyah/.local/lib/python3.10/site-packages/airflow/example_dags/example_outlet_event_extra.py
[2025-03-12T14:52:42.608+0200] {processor.py:925} INFO - DAG(s) 'dataset_with_extra_by_context', 'dataset_with_extra_by_yield', 'dataset_with_extra_from_classic_operator' retrieved from /home/munyah/.local/lib/python3.10/site-packages/airflow/example_dags/example_outlet_event_extra.py
[2025-03-12T14:52:42.635+0200] {logging_mixin.py:190} INFO - [2025-03-12T14:52:42.634+0200] {dag.py:3239} INFO - Sync 3 DAGs
[2025-03-12T14:52:42.661+0200] {logging_mixin.py:190} INFO - [2025-03-12T14:52:42.661+0200] {dag.py:4180} INFO - Setting next_dagrun for dataset_with_extra_by_context to 2025-03-11 00:00:00+00:00, run_after=2025-03-12 00:00:00+00:00
[2025-03-12T14:52:42.668+0200] {logging_mixin.py:190} INFO - [2025-03-12T14:52:42.667+0200] {dag.py:4180} INFO - Setting next_dagrun for dataset_with_extra_by_yield to 2025-03-11 00:00:00+00:00, run_after=2025-03-12 00:00:00+00:00
[2025-03-12T14:52:42.671+0200] {logging_mixin.py:190} INFO - [2025-03-12T14:52:42.670+0200] {dag.py:4180} INFO - Setting next_dagrun for dataset_with_extra_from_classic_operator to 2025-03-11 00:00:00+00:00, run_after=2025-03-12 00:00:00+00:00
[2025-03-12T14:52:42.717+0200] {processor.py:208} INFO - Processing /home/munyah/.local/lib/python3.10/site-packages/airflow/example_dags/example_outlet_event_extra.py took 0.143 seconds
[2025-03-12T14:54:04.279+0200] {processor.py:186} INFO - Started process (PID=143624) to work on /home/munyah/.local/lib/python3.10/site-packages/airflow/example_dags/example_outlet_event_extra.py
[2025-03-12T14:54:04.291+0200] {processor.py:914} INFO - Processing file /home/munyah/.local/lib/python3.10/site-packages/airflow/example_dags/example_outlet_event_extra.py for tasks to queue
[2025-03-12T14:54:04.310+0200] {logging_mixin.py:190} INFO - [2025-03-12T14:54:04.296+0200] {dagbag.py:588} INFO - Filling up the DagBag from /home/munyah/.local/lib/python3.10/site-packages/airflow/example_dags/example_outlet_event_extra.py
[2025-03-12T14:54:04.531+0200] {processor.py:925} INFO - DAG(s) 'dataset_with_extra_by_context', 'dataset_with_extra_by_yield', 'dataset_with_extra_from_classic_operator' retrieved from /home/munyah/.local/lib/python3.10/site-packages/airflow/example_dags/example_outlet_event_extra.py
[2025-03-12T14:54:04.696+0200] {logging_mixin.py:190} INFO - [2025-03-12T14:54:04.696+0200] {dag.py:3239} INFO - Sync 3 DAGs
[2025-03-12T14:54:04.794+0200] {logging_mixin.py:190} INFO - [2025-03-12T14:54:04.793+0200] {dag.py:4180} INFO - Setting next_dagrun for dataset_with_extra_by_context to 2025-03-11 00:00:00+00:00, run_after=2025-03-12 00:00:00+00:00
[2025-03-12T14:54:04.820+0200] {logging_mixin.py:190} INFO - [2025-03-12T14:54:04.819+0200] {dag.py:4180} INFO - Setting next_dagrun for dataset_with_extra_by_yield to 2025-03-11 00:00:00+00:00, run_after=2025-03-12 00:00:00+00:00
[2025-03-12T14:54:04.829+0200] {logging_mixin.py:190} INFO - [2025-03-12T14:54:04.829+0200] {dag.py:4180} INFO - Setting next_dagrun for dataset_with_extra_from_classic_operator to 2025-03-11 00:00:00+00:00, run_after=2025-03-12 00:00:00+00:00
[2025-03-12T14:54:05.093+0200] {processor.py:208} INFO - Processing /home/munyah/.local/lib/python3.10/site-packages/airflow/example_dags/example_outlet_event_extra.py took 0.842 seconds
