[2025-03-12T08:20:42.713+0200] {processor.py:186} INFO - Started process (PID=133512) to work on /home/munyah/.local/lib/python3.10/site-packages/airflow/example_dags/example_dataset_alias_with_no_taskflow.py
[2025-03-12T08:20:42.716+0200] {processor.py:914} INFO - Processing file /home/munyah/.local/lib/python3.10/site-packages/airflow/example_dags/example_dataset_alias_with_no_taskflow.py for tasks to queue
[2025-03-12T08:20:42.722+0200] {logging_mixin.py:190} INFO - [2025-03-12T08:20:42.721+0200] {dagbag.py:588} INFO - Filling up the DagBag from /home/munyah/.local/lib/python3.10/site-packages/airflow/example_dags/example_dataset_alias_with_no_taskflow.py
[2025-03-12T08:20:42.780+0200] {processor.py:925} INFO - DAG(s) 'dataset_alias_example_alias_producer_with_no_taskflow', 'dataset_s3_bucket_consumer_with_no_taskflow', 'dataset_s3_bucket_producer_with_no_taskflow', 'dataset_alias_example_alias_consumer_with_no_taskflow' retrieved from /home/munyah/.local/lib/python3.10/site-packages/airflow/example_dags/example_dataset_alias_with_no_taskflow.py
[2025-03-12T08:20:42.819+0200] {logging_mixin.py:190} INFO - [2025-03-12T08:20:42.819+0200] {dag.py:3239} INFO - Sync 4 DAGs
[2025-03-12T08:20:42.895+0200] {logging_mixin.py:190} INFO - [2025-03-12T08:20:42.894+0200] {dag.py:4180} INFO - Setting next_dagrun for dataset_alias_example_alias_consumer_with_no_taskflow to None, run_after=None
[2025-03-12T08:20:42.899+0200] {logging_mixin.py:190} INFO - [2025-03-12T08:20:42.898+0200] {dag.py:4180} INFO - Setting next_dagrun for dataset_alias_example_alias_producer_with_no_taskflow to None, run_after=None
[2025-03-12T08:20:42.902+0200] {logging_mixin.py:190} INFO - [2025-03-12T08:20:42.902+0200] {dag.py:4180} INFO - Setting next_dagrun for dataset_s3_bucket_consumer_with_no_taskflow to None, run_after=None
[2025-03-12T08:20:42.904+0200] {logging_mixin.py:190} INFO - [2025-03-12T08:20:42.904+0200] {dag.py:4180} INFO - Setting next_dagrun for dataset_s3_bucket_producer_with_no_taskflow to None, run_after=None
[2025-03-12T08:20:42.968+0200] {processor.py:208} INFO - Processing /home/munyah/.local/lib/python3.10/site-packages/airflow/example_dags/example_dataset_alias_with_no_taskflow.py took 0.277 seconds
[2025-03-12T14:17:54.136+0200] {processor.py:186} INFO - Started process (PID=134600) to work on /home/munyah/.local/lib/python3.10/site-packages/airflow/example_dags/example_dataset_alias_with_no_taskflow.py
[2025-03-12T14:17:54.138+0200] {processor.py:914} INFO - Processing file /home/munyah/.local/lib/python3.10/site-packages/airflow/example_dags/example_dataset_alias_with_no_taskflow.py for tasks to queue
[2025-03-12T14:17:54.140+0200] {logging_mixin.py:190} INFO - [2025-03-12T14:17:54.140+0200] {dagbag.py:588} INFO - Filling up the DagBag from /home/munyah/.local/lib/python3.10/site-packages/airflow/example_dags/example_dataset_alias_with_no_taskflow.py
[2025-03-12T14:17:54.168+0200] {processor.py:925} INFO - DAG(s) 'dataset_alias_example_alias_consumer_with_no_taskflow', 'dataset_s3_bucket_producer_with_no_taskflow', 'dataset_alias_example_alias_producer_with_no_taskflow', 'dataset_s3_bucket_consumer_with_no_taskflow' retrieved from /home/munyah/.local/lib/python3.10/site-packages/airflow/example_dags/example_dataset_alias_with_no_taskflow.py
[2025-03-12T14:17:54.192+0200] {logging_mixin.py:190} INFO - [2025-03-12T14:17:54.191+0200] {dag.py:3239} INFO - Sync 4 DAGs
[2025-03-12T14:17:54.213+0200] {logging_mixin.py:190} INFO - [2025-03-12T14:17:54.213+0200] {dag.py:4180} INFO - Setting next_dagrun for dataset_alias_example_alias_consumer_with_no_taskflow to None, run_after=None
[2025-03-12T14:17:54.216+0200] {logging_mixin.py:190} INFO - [2025-03-12T14:17:54.215+0200] {dag.py:4180} INFO - Setting next_dagrun for dataset_alias_example_alias_producer_with_no_taskflow to None, run_after=None
[2025-03-12T14:17:54.217+0200] {logging_mixin.py:190} INFO - [2025-03-12T14:17:54.217+0200] {dag.py:4180} INFO - Setting next_dagrun for dataset_s3_bucket_consumer_with_no_taskflow to None, run_after=None
[2025-03-12T14:17:54.218+0200] {logging_mixin.py:190} INFO - [2025-03-12T14:17:54.218+0200] {dag.py:4180} INFO - Setting next_dagrun for dataset_s3_bucket_producer_with_no_taskflow to None, run_after=None
[2025-03-12T14:17:54.243+0200] {processor.py:208} INFO - Processing /home/munyah/.local/lib/python3.10/site-packages/airflow/example_dags/example_dataset_alias_with_no_taskflow.py took 0.115 seconds
[2025-03-12T14:18:54.344+0200] {processor.py:186} INFO - Started process (PID=134867) to work on /home/munyah/.local/lib/python3.10/site-packages/airflow/example_dags/example_dataset_alias_with_no_taskflow.py
[2025-03-12T14:18:54.345+0200] {processor.py:914} INFO - Processing file /home/munyah/.local/lib/python3.10/site-packages/airflow/example_dags/example_dataset_alias_with_no_taskflow.py for tasks to queue
[2025-03-12T14:18:54.349+0200] {logging_mixin.py:190} INFO - [2025-03-12T14:18:54.348+0200] {dagbag.py:588} INFO - Filling up the DagBag from /home/munyah/.local/lib/python3.10/site-packages/airflow/example_dags/example_dataset_alias_with_no_taskflow.py
[2025-03-12T14:18:54.375+0200] {processor.py:925} INFO - DAG(s) 'dataset_alias_example_alias_consumer_with_no_taskflow', 'dataset_alias_example_alias_producer_with_no_taskflow', 'dataset_s3_bucket_producer_with_no_taskflow', 'dataset_s3_bucket_consumer_with_no_taskflow' retrieved from /home/munyah/.local/lib/python3.10/site-packages/airflow/example_dags/example_dataset_alias_with_no_taskflow.py
[2025-03-12T14:18:54.399+0200] {logging_mixin.py:190} INFO - [2025-03-12T14:18:54.399+0200] {dag.py:3239} INFO - Sync 4 DAGs
[2025-03-12T14:18:54.421+0200] {logging_mixin.py:190} INFO - [2025-03-12T14:18:54.421+0200] {dag.py:4180} INFO - Setting next_dagrun for dataset_alias_example_alias_consumer_with_no_taskflow to None, run_after=None
[2025-03-12T14:18:54.424+0200] {logging_mixin.py:190} INFO - [2025-03-12T14:18:54.424+0200] {dag.py:4180} INFO - Setting next_dagrun for dataset_alias_example_alias_producer_with_no_taskflow to None, run_after=None
[2025-03-12T14:18:54.426+0200] {logging_mixin.py:190} INFO - [2025-03-12T14:18:54.425+0200] {dag.py:4180} INFO - Setting next_dagrun for dataset_s3_bucket_consumer_with_no_taskflow to None, run_after=None
[2025-03-12T14:18:54.427+0200] {logging_mixin.py:190} INFO - [2025-03-12T14:18:54.427+0200] {dag.py:4180} INFO - Setting next_dagrun for dataset_s3_bucket_producer_with_no_taskflow to None, run_after=None
[2025-03-12T14:18:54.453+0200] {processor.py:208} INFO - Processing /home/munyah/.local/lib/python3.10/site-packages/airflow/example_dags/example_dataset_alias_with_no_taskflow.py took 0.117 seconds
[2025-03-12T14:19:51.533+0200] {processor.py:186} INFO - Started process (PID=135026) to work on /home/munyah/.local/lib/python3.10/site-packages/airflow/example_dags/example_dataset_alias_with_no_taskflow.py
[2025-03-12T14:19:51.535+0200] {processor.py:914} INFO - Processing file /home/munyah/.local/lib/python3.10/site-packages/airflow/example_dags/example_dataset_alias_with_no_taskflow.py for tasks to queue
[2025-03-12T14:19:51.537+0200] {logging_mixin.py:190} INFO - [2025-03-12T14:19:51.537+0200] {dagbag.py:588} INFO - Filling up the DagBag from /home/munyah/.local/lib/python3.10/site-packages/airflow/example_dags/example_dataset_alias_with_no_taskflow.py
[2025-03-12T14:19:51.562+0200] {processor.py:925} INFO - DAG(s) 'dataset_alias_example_alias_consumer_with_no_taskflow', 'dataset_alias_example_alias_producer_with_no_taskflow', 'dataset_s3_bucket_consumer_with_no_taskflow', 'dataset_s3_bucket_producer_with_no_taskflow' retrieved from /home/munyah/.local/lib/python3.10/site-packages/airflow/example_dags/example_dataset_alias_with_no_taskflow.py
[2025-03-12T14:19:51.585+0200] {logging_mixin.py:190} INFO - [2025-03-12T14:19:51.585+0200] {dag.py:3239} INFO - Sync 4 DAGs
[2025-03-12T14:19:51.612+0200] {logging_mixin.py:190} INFO - [2025-03-12T14:19:51.612+0200] {dag.py:4180} INFO - Setting next_dagrun for dataset_alias_example_alias_consumer_with_no_taskflow to None, run_after=None
[2025-03-12T14:19:51.615+0200] {logging_mixin.py:190} INFO - [2025-03-12T14:19:51.614+0200] {dag.py:4180} INFO - Setting next_dagrun for dataset_alias_example_alias_producer_with_no_taskflow to None, run_after=None
[2025-03-12T14:19:51.616+0200] {logging_mixin.py:190} INFO - [2025-03-12T14:19:51.616+0200] {dag.py:4180} INFO - Setting next_dagrun for dataset_s3_bucket_consumer_with_no_taskflow to None, run_after=None
[2025-03-12T14:19:51.617+0200] {logging_mixin.py:190} INFO - [2025-03-12T14:19:51.617+0200] {dag.py:4180} INFO - Setting next_dagrun for dataset_s3_bucket_producer_with_no_taskflow to None, run_after=None
[2025-03-12T14:19:51.643+0200] {processor.py:208} INFO - Processing /home/munyah/.local/lib/python3.10/site-packages/airflow/example_dags/example_dataset_alias_with_no_taskflow.py took 0.117 seconds
[2025-03-12T14:20:49.773+0200] {processor.py:186} INFO - Started process (PID=135206) to work on /home/munyah/.local/lib/python3.10/site-packages/airflow/example_dags/example_dataset_alias_with_no_taskflow.py
[2025-03-12T14:20:49.774+0200] {processor.py:914} INFO - Processing file /home/munyah/.local/lib/python3.10/site-packages/airflow/example_dags/example_dataset_alias_with_no_taskflow.py for tasks to queue
[2025-03-12T14:20:49.777+0200] {logging_mixin.py:190} INFO - [2025-03-12T14:20:49.777+0200] {dagbag.py:588} INFO - Filling up the DagBag from /home/munyah/.local/lib/python3.10/site-packages/airflow/example_dags/example_dataset_alias_with_no_taskflow.py
[2025-03-12T14:20:49.802+0200] {processor.py:925} INFO - DAG(s) 'dataset_s3_bucket_consumer_with_no_taskflow', 'dataset_alias_example_alias_consumer_with_no_taskflow', 'dataset_s3_bucket_producer_with_no_taskflow', 'dataset_alias_example_alias_producer_with_no_taskflow' retrieved from /home/munyah/.local/lib/python3.10/site-packages/airflow/example_dags/example_dataset_alias_with_no_taskflow.py
[2025-03-12T14:20:49.826+0200] {logging_mixin.py:190} INFO - [2025-03-12T14:20:49.825+0200] {dag.py:3239} INFO - Sync 4 DAGs
[2025-03-12T14:20:49.848+0200] {logging_mixin.py:190} INFO - [2025-03-12T14:20:49.848+0200] {dag.py:4180} INFO - Setting next_dagrun for dataset_alias_example_alias_consumer_with_no_taskflow to None, run_after=None
[2025-03-12T14:20:49.851+0200] {logging_mixin.py:190} INFO - [2025-03-12T14:20:49.850+0200] {dag.py:4180} INFO - Setting next_dagrun for dataset_alias_example_alias_producer_with_no_taskflow to None, run_after=None
[2025-03-12T14:20:49.852+0200] {logging_mixin.py:190} INFO - [2025-03-12T14:20:49.852+0200] {dag.py:4180} INFO - Setting next_dagrun for dataset_s3_bucket_consumer_with_no_taskflow to None, run_after=None
[2025-03-12T14:20:49.853+0200] {logging_mixin.py:190} INFO - [2025-03-12T14:20:49.852+0200] {dag.py:4180} INFO - Setting next_dagrun for dataset_s3_bucket_producer_with_no_taskflow to None, run_after=None
[2025-03-12T14:20:49.877+0200] {processor.py:208} INFO - Processing /home/munyah/.local/lib/python3.10/site-packages/airflow/example_dags/example_dataset_alias_with_no_taskflow.py took 0.111 seconds
[2025-03-12T14:21:48.129+0200] {processor.py:186} INFO - Started process (PID=135413) to work on /home/munyah/.local/lib/python3.10/site-packages/airflow/example_dags/example_dataset_alias_with_no_taskflow.py
[2025-03-12T14:21:48.130+0200] {processor.py:914} INFO - Processing file /home/munyah/.local/lib/python3.10/site-packages/airflow/example_dags/example_dataset_alias_with_no_taskflow.py for tasks to queue
[2025-03-12T14:21:48.132+0200] {logging_mixin.py:190} INFO - [2025-03-12T14:21:48.132+0200] {dagbag.py:588} INFO - Filling up the DagBag from /home/munyah/.local/lib/python3.10/site-packages/airflow/example_dags/example_dataset_alias_with_no_taskflow.py
[2025-03-12T14:21:48.156+0200] {processor.py:925} INFO - DAG(s) 'dataset_alias_example_alias_consumer_with_no_taskflow', 'dataset_alias_example_alias_producer_with_no_taskflow', 'dataset_s3_bucket_consumer_with_no_taskflow', 'dataset_s3_bucket_producer_with_no_taskflow' retrieved from /home/munyah/.local/lib/python3.10/site-packages/airflow/example_dags/example_dataset_alias_with_no_taskflow.py
[2025-03-12T14:21:48.180+0200] {logging_mixin.py:190} INFO - [2025-03-12T14:21:48.179+0200] {dag.py:3239} INFO - Sync 4 DAGs
[2025-03-12T14:21:48.203+0200] {logging_mixin.py:190} INFO - [2025-03-12T14:21:48.203+0200] {dag.py:4180} INFO - Setting next_dagrun for dataset_alias_example_alias_consumer_with_no_taskflow to None, run_after=None
[2025-03-12T14:21:48.206+0200] {logging_mixin.py:190} INFO - [2025-03-12T14:21:48.205+0200] {dag.py:4180} INFO - Setting next_dagrun for dataset_alias_example_alias_producer_with_no_taskflow to None, run_after=None
[2025-03-12T14:21:48.207+0200] {logging_mixin.py:190} INFO - [2025-03-12T14:21:48.207+0200] {dag.py:4180} INFO - Setting next_dagrun for dataset_s3_bucket_consumer_with_no_taskflow to None, run_after=None
[2025-03-12T14:21:48.208+0200] {logging_mixin.py:190} INFO - [2025-03-12T14:21:48.208+0200] {dag.py:4180} INFO - Setting next_dagrun for dataset_s3_bucket_producer_with_no_taskflow to None, run_after=None
[2025-03-12T14:21:48.233+0200] {processor.py:208} INFO - Processing /home/munyah/.local/lib/python3.10/site-packages/airflow/example_dags/example_dataset_alias_with_no_taskflow.py took 0.113 seconds
[2025-03-12T14:22:45.577+0200] {processor.py:186} INFO - Started process (PID=136342) to work on /home/munyah/.local/lib/python3.10/site-packages/airflow/example_dags/example_dataset_alias_with_no_taskflow.py
[2025-03-12T14:22:45.580+0200] {processor.py:914} INFO - Processing file /home/munyah/.local/lib/python3.10/site-packages/airflow/example_dags/example_dataset_alias_with_no_taskflow.py for tasks to queue
[2025-03-12T14:22:45.585+0200] {logging_mixin.py:190} INFO - [2025-03-12T14:22:45.584+0200] {dagbag.py:588} INFO - Filling up the DagBag from /home/munyah/.local/lib/python3.10/site-packages/airflow/example_dags/example_dataset_alias_with_no_taskflow.py
[2025-03-12T14:22:45.617+0200] {processor.py:925} INFO - DAG(s) 'dataset_alias_example_alias_consumer_with_no_taskflow', 'dataset_s3_bucket_consumer_with_no_taskflow', 'dataset_alias_example_alias_producer_with_no_taskflow', 'dataset_s3_bucket_producer_with_no_taskflow' retrieved from /home/munyah/.local/lib/python3.10/site-packages/airflow/example_dags/example_dataset_alias_with_no_taskflow.py
[2025-03-12T14:22:45.642+0200] {logging_mixin.py:190} INFO - [2025-03-12T14:22:45.641+0200] {dag.py:3239} INFO - Sync 4 DAGs
[2025-03-12T14:22:45.667+0200] {logging_mixin.py:190} INFO - [2025-03-12T14:22:45.667+0200] {dag.py:4180} INFO - Setting next_dagrun for dataset_alias_example_alias_consumer_with_no_taskflow to None, run_after=None
[2025-03-12T14:22:45.670+0200] {logging_mixin.py:190} INFO - [2025-03-12T14:22:45.669+0200] {dag.py:4180} INFO - Setting next_dagrun for dataset_alias_example_alias_producer_with_no_taskflow to None, run_after=None
[2025-03-12T14:22:45.671+0200] {logging_mixin.py:190} INFO - [2025-03-12T14:22:45.671+0200] {dag.py:4180} INFO - Setting next_dagrun for dataset_s3_bucket_consumer_with_no_taskflow to None, run_after=None
[2025-03-12T14:22:45.672+0200] {logging_mixin.py:190} INFO - [2025-03-12T14:22:45.672+0200] {dag.py:4180} INFO - Setting next_dagrun for dataset_s3_bucket_producer_with_no_taskflow to None, run_after=None
[2025-03-12T14:22:45.699+0200] {processor.py:208} INFO - Processing /home/munyah/.local/lib/python3.10/site-packages/airflow/example_dags/example_dataset_alias_with_no_taskflow.py took 0.142 seconds
[2025-03-12T14:24:00.181+0200] {processor.py:186} INFO - Started process (PID=136599) to work on /home/munyah/.local/lib/python3.10/site-packages/airflow/example_dags/example_dataset_alias_with_no_taskflow.py
[2025-03-12T14:24:00.182+0200] {processor.py:914} INFO - Processing file /home/munyah/.local/lib/python3.10/site-packages/airflow/example_dags/example_dataset_alias_with_no_taskflow.py for tasks to queue
[2025-03-12T14:24:00.185+0200] {logging_mixin.py:190} INFO - [2025-03-12T14:24:00.185+0200] {dagbag.py:588} INFO - Filling up the DagBag from /home/munyah/.local/lib/python3.10/site-packages/airflow/example_dags/example_dataset_alias_with_no_taskflow.py
[2025-03-12T14:24:00.213+0200] {processor.py:925} INFO - DAG(s) 'dataset_s3_bucket_consumer_with_no_taskflow', 'dataset_alias_example_alias_consumer_with_no_taskflow', 'dataset_alias_example_alias_producer_with_no_taskflow', 'dataset_s3_bucket_producer_with_no_taskflow' retrieved from /home/munyah/.local/lib/python3.10/site-packages/airflow/example_dags/example_dataset_alias_with_no_taskflow.py
[2025-03-12T14:24:00.239+0200] {logging_mixin.py:190} INFO - [2025-03-12T14:24:00.239+0200] {dag.py:3239} INFO - Sync 4 DAGs
[2025-03-12T14:24:00.264+0200] {logging_mixin.py:190} INFO - [2025-03-12T14:24:00.263+0200] {dag.py:4180} INFO - Setting next_dagrun for dataset_alias_example_alias_consumer_with_no_taskflow to None, run_after=None
[2025-03-12T14:24:00.266+0200] {logging_mixin.py:190} INFO - [2025-03-12T14:24:00.266+0200] {dag.py:4180} INFO - Setting next_dagrun for dataset_alias_example_alias_producer_with_no_taskflow to None, run_after=None
[2025-03-12T14:24:00.268+0200] {logging_mixin.py:190} INFO - [2025-03-12T14:24:00.268+0200] {dag.py:4180} INFO - Setting next_dagrun for dataset_s3_bucket_consumer_with_no_taskflow to None, run_after=None
[2025-03-12T14:24:00.269+0200] {logging_mixin.py:190} INFO - [2025-03-12T14:24:00.269+0200] {dag.py:4180} INFO - Setting next_dagrun for dataset_s3_bucket_producer_with_no_taskflow to None, run_after=None
[2025-03-12T14:24:00.294+0200] {processor.py:208} INFO - Processing /home/munyah/.local/lib/python3.10/site-packages/airflow/example_dags/example_dataset_alias_with_no_taskflow.py took 0.120 seconds
[2025-03-12T14:24:58.937+0200] {processor.py:186} INFO - Started process (PID=136813) to work on /home/munyah/.local/lib/python3.10/site-packages/airflow/example_dags/example_dataset_alias_with_no_taskflow.py
[2025-03-12T14:24:58.938+0200] {processor.py:914} INFO - Processing file /home/munyah/.local/lib/python3.10/site-packages/airflow/example_dags/example_dataset_alias_with_no_taskflow.py for tasks to queue
[2025-03-12T14:24:58.941+0200] {logging_mixin.py:190} INFO - [2025-03-12T14:24:58.941+0200] {dagbag.py:588} INFO - Filling up the DagBag from /home/munyah/.local/lib/python3.10/site-packages/airflow/example_dags/example_dataset_alias_with_no_taskflow.py
[2025-03-12T14:24:58.968+0200] {processor.py:925} INFO - DAG(s) 'dataset_alias_example_alias_producer_with_no_taskflow', 'dataset_s3_bucket_consumer_with_no_taskflow', 'dataset_alias_example_alias_consumer_with_no_taskflow', 'dataset_s3_bucket_producer_with_no_taskflow' retrieved from /home/munyah/.local/lib/python3.10/site-packages/airflow/example_dags/example_dataset_alias_with_no_taskflow.py
[2025-03-12T14:24:58.993+0200] {logging_mixin.py:190} INFO - [2025-03-12T14:24:58.992+0200] {dag.py:3239} INFO - Sync 4 DAGs
[2025-03-12T14:24:59.017+0200] {logging_mixin.py:190} INFO - [2025-03-12T14:24:59.016+0200] {dag.py:4180} INFO - Setting next_dagrun for dataset_alias_example_alias_consumer_with_no_taskflow to None, run_after=None
[2025-03-12T14:24:59.019+0200] {logging_mixin.py:190} INFO - [2025-03-12T14:24:59.019+0200] {dag.py:4180} INFO - Setting next_dagrun for dataset_alias_example_alias_producer_with_no_taskflow to None, run_after=None
[2025-03-12T14:24:59.021+0200] {logging_mixin.py:190} INFO - [2025-03-12T14:24:59.020+0200] {dag.py:4180} INFO - Setting next_dagrun for dataset_s3_bucket_consumer_with_no_taskflow to None, run_after=None
[2025-03-12T14:24:59.022+0200] {logging_mixin.py:190} INFO - [2025-03-12T14:24:59.022+0200] {dag.py:4180} INFO - Setting next_dagrun for dataset_s3_bucket_producer_with_no_taskflow to None, run_after=None
[2025-03-12T14:24:59.047+0200] {processor.py:208} INFO - Processing /home/munyah/.local/lib/python3.10/site-packages/airflow/example_dags/example_dataset_alias_with_no_taskflow.py took 0.119 seconds
[2025-03-12T14:25:56.172+0200] {processor.py:186} INFO - Started process (PID=137023) to work on /home/munyah/.local/lib/python3.10/site-packages/airflow/example_dags/example_dataset_alias_with_no_taskflow.py
[2025-03-12T14:25:56.174+0200] {processor.py:914} INFO - Processing file /home/munyah/.local/lib/python3.10/site-packages/airflow/example_dags/example_dataset_alias_with_no_taskflow.py for tasks to queue
[2025-03-12T14:25:56.178+0200] {logging_mixin.py:190} INFO - [2025-03-12T14:25:56.178+0200] {dagbag.py:588} INFO - Filling up the DagBag from /home/munyah/.local/lib/python3.10/site-packages/airflow/example_dags/example_dataset_alias_with_no_taskflow.py
[2025-03-12T14:25:56.209+0200] {processor.py:925} INFO - DAG(s) 'dataset_s3_bucket_consumer_with_no_taskflow', 'dataset_s3_bucket_producer_with_no_taskflow', 'dataset_alias_example_alias_consumer_with_no_taskflow', 'dataset_alias_example_alias_producer_with_no_taskflow' retrieved from /home/munyah/.local/lib/python3.10/site-packages/airflow/example_dags/example_dataset_alias_with_no_taskflow.py
[2025-03-12T14:25:56.234+0200] {logging_mixin.py:190} INFO - [2025-03-12T14:25:56.234+0200] {dag.py:3239} INFO - Sync 4 DAGs
[2025-03-12T14:25:56.260+0200] {logging_mixin.py:190} INFO - [2025-03-12T14:25:56.260+0200] {dag.py:4180} INFO - Setting next_dagrun for dataset_alias_example_alias_consumer_with_no_taskflow to None, run_after=None
[2025-03-12T14:25:56.263+0200] {logging_mixin.py:190} INFO - [2025-03-12T14:25:56.263+0200] {dag.py:4180} INFO - Setting next_dagrun for dataset_alias_example_alias_producer_with_no_taskflow to None, run_after=None
[2025-03-12T14:25:56.264+0200] {logging_mixin.py:190} INFO - [2025-03-12T14:25:56.264+0200] {dag.py:4180} INFO - Setting next_dagrun for dataset_s3_bucket_consumer_with_no_taskflow to None, run_after=None
[2025-03-12T14:25:56.265+0200] {logging_mixin.py:190} INFO - [2025-03-12T14:25:56.265+0200] {dag.py:4180} INFO - Setting next_dagrun for dataset_s3_bucket_producer_with_no_taskflow to None, run_after=None
[2025-03-12T14:25:56.297+0200] {processor.py:208} INFO - Processing /home/munyah/.local/lib/python3.10/site-packages/airflow/example_dags/example_dataset_alias_with_no_taskflow.py took 0.136 seconds
[2025-03-12T14:26:57.363+0200] {processor.py:186} INFO - Started process (PID=137213) to work on /home/munyah/.local/lib/python3.10/site-packages/airflow/example_dags/example_dataset_alias_with_no_taskflow.py
[2025-03-12T14:26:57.364+0200] {processor.py:914} INFO - Processing file /home/munyah/.local/lib/python3.10/site-packages/airflow/example_dags/example_dataset_alias_with_no_taskflow.py for tasks to queue
[2025-03-12T14:26:57.368+0200] {logging_mixin.py:190} INFO - [2025-03-12T14:26:57.367+0200] {dagbag.py:588} INFO - Filling up the DagBag from /home/munyah/.local/lib/python3.10/site-packages/airflow/example_dags/example_dataset_alias_with_no_taskflow.py
[2025-03-12T14:26:57.396+0200] {processor.py:925} INFO - DAG(s) 'dataset_alias_example_alias_consumer_with_no_taskflow', 'dataset_s3_bucket_producer_with_no_taskflow', 'dataset_s3_bucket_consumer_with_no_taskflow', 'dataset_alias_example_alias_producer_with_no_taskflow' retrieved from /home/munyah/.local/lib/python3.10/site-packages/airflow/example_dags/example_dataset_alias_with_no_taskflow.py
[2025-03-12T14:26:57.421+0200] {logging_mixin.py:190} INFO - [2025-03-12T14:26:57.420+0200] {dag.py:3239} INFO - Sync 4 DAGs
[2025-03-12T14:26:57.444+0200] {logging_mixin.py:190} INFO - [2025-03-12T14:26:57.444+0200] {dag.py:4180} INFO - Setting next_dagrun for dataset_alias_example_alias_consumer_with_no_taskflow to None, run_after=None
[2025-03-12T14:26:57.447+0200] {logging_mixin.py:190} INFO - [2025-03-12T14:26:57.446+0200] {dag.py:4180} INFO - Setting next_dagrun for dataset_alias_example_alias_producer_with_no_taskflow to None, run_after=None
[2025-03-12T14:26:57.448+0200] {logging_mixin.py:190} INFO - [2025-03-12T14:26:57.448+0200] {dag.py:4180} INFO - Setting next_dagrun for dataset_s3_bucket_consumer_with_no_taskflow to None, run_after=None
[2025-03-12T14:26:57.449+0200] {logging_mixin.py:190} INFO - [2025-03-12T14:26:57.449+0200] {dag.py:4180} INFO - Setting next_dagrun for dataset_s3_bucket_producer_with_no_taskflow to None, run_after=None
[2025-03-12T14:26:57.474+0200] {processor.py:208} INFO - Processing /home/munyah/.local/lib/python3.10/site-packages/airflow/example_dags/example_dataset_alias_with_no_taskflow.py took 0.121 seconds
[2025-03-12T14:28:01.234+0200] {processor.py:186} INFO - Started process (PID=137412) to work on /home/munyah/.local/lib/python3.10/site-packages/airflow/example_dags/example_dataset_alias_with_no_taskflow.py
[2025-03-12T14:28:01.236+0200] {processor.py:914} INFO - Processing file /home/munyah/.local/lib/python3.10/site-packages/airflow/example_dags/example_dataset_alias_with_no_taskflow.py for tasks to queue
[2025-03-12T14:28:01.240+0200] {logging_mixin.py:190} INFO - [2025-03-12T14:28:01.239+0200] {dagbag.py:588} INFO - Filling up the DagBag from /home/munyah/.local/lib/python3.10/site-packages/airflow/example_dags/example_dataset_alias_with_no_taskflow.py
[2025-03-12T14:28:01.267+0200] {processor.py:925} INFO - DAG(s) 'dataset_s3_bucket_consumer_with_no_taskflow', 'dataset_alias_example_alias_consumer_with_no_taskflow', 'dataset_alias_example_alias_producer_with_no_taskflow', 'dataset_s3_bucket_producer_with_no_taskflow' retrieved from /home/munyah/.local/lib/python3.10/site-packages/airflow/example_dags/example_dataset_alias_with_no_taskflow.py
[2025-03-12T14:28:01.291+0200] {logging_mixin.py:190} INFO - [2025-03-12T14:28:01.291+0200] {dag.py:3239} INFO - Sync 4 DAGs
[2025-03-12T14:28:01.314+0200] {logging_mixin.py:190} INFO - [2025-03-12T14:28:01.314+0200] {dag.py:4180} INFO - Setting next_dagrun for dataset_alias_example_alias_consumer_with_no_taskflow to None, run_after=None
[2025-03-12T14:28:01.317+0200] {logging_mixin.py:190} INFO - [2025-03-12T14:28:01.317+0200] {dag.py:4180} INFO - Setting next_dagrun for dataset_alias_example_alias_producer_with_no_taskflow to None, run_after=None
[2025-03-12T14:28:01.318+0200] {logging_mixin.py:190} INFO - [2025-03-12T14:28:01.318+0200] {dag.py:4180} INFO - Setting next_dagrun for dataset_s3_bucket_consumer_with_no_taskflow to None, run_after=None
[2025-03-12T14:28:01.319+0200] {logging_mixin.py:190} INFO - [2025-03-12T14:28:01.319+0200] {dag.py:4180} INFO - Setting next_dagrun for dataset_s3_bucket_producer_with_no_taskflow to None, run_after=None
[2025-03-12T14:28:01.344+0200] {processor.py:208} INFO - Processing /home/munyah/.local/lib/python3.10/site-packages/airflow/example_dags/example_dataset_alias_with_no_taskflow.py took 0.121 seconds
[2025-03-12T14:29:01.018+0200] {processor.py:186} INFO - Started process (PID=137606) to work on /home/munyah/.local/lib/python3.10/site-packages/airflow/example_dags/example_dataset_alias_with_no_taskflow.py
[2025-03-12T14:29:01.022+0200] {processor.py:914} INFO - Processing file /home/munyah/.local/lib/python3.10/site-packages/airflow/example_dags/example_dataset_alias_with_no_taskflow.py for tasks to queue
[2025-03-12T14:29:01.029+0200] {logging_mixin.py:190} INFO - [2025-03-12T14:29:01.028+0200] {dagbag.py:588} INFO - Filling up the DagBag from /home/munyah/.local/lib/python3.10/site-packages/airflow/example_dags/example_dataset_alias_with_no_taskflow.py
[2025-03-12T14:29:01.063+0200] {processor.py:925} INFO - DAG(s) 'dataset_s3_bucket_producer_with_no_taskflow', 'dataset_alias_example_alias_consumer_with_no_taskflow', 'dataset_alias_example_alias_producer_with_no_taskflow', 'dataset_s3_bucket_consumer_with_no_taskflow' retrieved from /home/munyah/.local/lib/python3.10/site-packages/airflow/example_dags/example_dataset_alias_with_no_taskflow.py
[2025-03-12T14:29:01.098+0200] {logging_mixin.py:190} INFO - [2025-03-12T14:29:01.098+0200] {dag.py:3239} INFO - Sync 4 DAGs
[2025-03-12T14:29:01.127+0200] {logging_mixin.py:190} INFO - [2025-03-12T14:29:01.127+0200] {dag.py:4180} INFO - Setting next_dagrun for dataset_alias_example_alias_consumer_with_no_taskflow to None, run_after=None
[2025-03-12T14:29:01.130+0200] {logging_mixin.py:190} INFO - [2025-03-12T14:29:01.129+0200] {dag.py:4180} INFO - Setting next_dagrun for dataset_alias_example_alias_producer_with_no_taskflow to None, run_after=None
[2025-03-12T14:29:01.132+0200] {logging_mixin.py:190} INFO - [2025-03-12T14:29:01.132+0200] {dag.py:4180} INFO - Setting next_dagrun for dataset_s3_bucket_consumer_with_no_taskflow to None, run_after=None
[2025-03-12T14:29:01.134+0200] {logging_mixin.py:190} INFO - [2025-03-12T14:29:01.134+0200] {dag.py:4180} INFO - Setting next_dagrun for dataset_s3_bucket_producer_with_no_taskflow to None, run_after=None
[2025-03-12T14:29:01.159+0200] {processor.py:208} INFO - Processing /home/munyah/.local/lib/python3.10/site-packages/airflow/example_dags/example_dataset_alias_with_no_taskflow.py took 0.150 seconds
[2025-03-12T14:30:00.652+0200] {processor.py:186} INFO - Started process (PID=138604) to work on /home/munyah/.local/lib/python3.10/site-packages/airflow/example_dags/example_dataset_alias_with_no_taskflow.py
[2025-03-12T14:30:00.654+0200] {processor.py:914} INFO - Processing file /home/munyah/.local/lib/python3.10/site-packages/airflow/example_dags/example_dataset_alias_with_no_taskflow.py for tasks to queue
[2025-03-12T14:30:00.658+0200] {logging_mixin.py:190} INFO - [2025-03-12T14:30:00.658+0200] {dagbag.py:588} INFO - Filling up the DagBag from /home/munyah/.local/lib/python3.10/site-packages/airflow/example_dags/example_dataset_alias_with_no_taskflow.py
[2025-03-12T14:30:00.693+0200] {processor.py:925} INFO - DAG(s) 'dataset_s3_bucket_producer_with_no_taskflow', 'dataset_alias_example_alias_producer_with_no_taskflow', 'dataset_alias_example_alias_consumer_with_no_taskflow', 'dataset_s3_bucket_consumer_with_no_taskflow' retrieved from /home/munyah/.local/lib/python3.10/site-packages/airflow/example_dags/example_dataset_alias_with_no_taskflow.py
[2025-03-12T14:30:00.717+0200] {logging_mixin.py:190} INFO - [2025-03-12T14:30:00.716+0200] {dag.py:3239} INFO - Sync 4 DAGs
[2025-03-12T14:30:00.740+0200] {logging_mixin.py:190} INFO - [2025-03-12T14:30:00.739+0200] {dag.py:4180} INFO - Setting next_dagrun for dataset_alias_example_alias_consumer_with_no_taskflow to None, run_after=None
[2025-03-12T14:30:00.742+0200] {logging_mixin.py:190} INFO - [2025-03-12T14:30:00.742+0200] {dag.py:4180} INFO - Setting next_dagrun for dataset_alias_example_alias_producer_with_no_taskflow to None, run_after=None
[2025-03-12T14:30:00.743+0200] {logging_mixin.py:190} INFO - [2025-03-12T14:30:00.743+0200] {dag.py:4180} INFO - Setting next_dagrun for dataset_s3_bucket_consumer_with_no_taskflow to None, run_after=None
[2025-03-12T14:30:00.745+0200] {logging_mixin.py:190} INFO - [2025-03-12T14:30:00.745+0200] {dag.py:4180} INFO - Setting next_dagrun for dataset_s3_bucket_producer_with_no_taskflow to None, run_after=None
[2025-03-12T14:30:00.772+0200] {processor.py:208} INFO - Processing /home/munyah/.local/lib/python3.10/site-packages/airflow/example_dags/example_dataset_alias_with_no_taskflow.py took 0.131 seconds
[2025-03-12T14:31:03.603+0200] {processor.py:186} INFO - Started process (PID=138849) to work on /home/munyah/.local/lib/python3.10/site-packages/airflow/example_dags/example_dataset_alias_with_no_taskflow.py
[2025-03-12T14:31:03.604+0200] {processor.py:914} INFO - Processing file /home/munyah/.local/lib/python3.10/site-packages/airflow/example_dags/example_dataset_alias_with_no_taskflow.py for tasks to queue
[2025-03-12T14:31:03.607+0200] {logging_mixin.py:190} INFO - [2025-03-12T14:31:03.607+0200] {dagbag.py:588} INFO - Filling up the DagBag from /home/munyah/.local/lib/python3.10/site-packages/airflow/example_dags/example_dataset_alias_with_no_taskflow.py
[2025-03-12T14:31:03.633+0200] {processor.py:925} INFO - DAG(s) 'dataset_s3_bucket_consumer_with_no_taskflow', 'dataset_s3_bucket_producer_with_no_taskflow', 'dataset_alias_example_alias_producer_with_no_taskflow', 'dataset_alias_example_alias_consumer_with_no_taskflow' retrieved from /home/munyah/.local/lib/python3.10/site-packages/airflow/example_dags/example_dataset_alias_with_no_taskflow.py
[2025-03-12T14:31:03.661+0200] {logging_mixin.py:190} INFO - [2025-03-12T14:31:03.660+0200] {dag.py:3239} INFO - Sync 4 DAGs
[2025-03-12T14:31:03.687+0200] {logging_mixin.py:190} INFO - [2025-03-12T14:31:03.687+0200] {dag.py:4180} INFO - Setting next_dagrun for dataset_alias_example_alias_consumer_with_no_taskflow to None, run_after=None
[2025-03-12T14:31:03.690+0200] {logging_mixin.py:190} INFO - [2025-03-12T14:31:03.690+0200] {dag.py:4180} INFO - Setting next_dagrun for dataset_alias_example_alias_producer_with_no_taskflow to None, run_after=None
[2025-03-12T14:31:03.692+0200] {logging_mixin.py:190} INFO - [2025-03-12T14:31:03.691+0200] {dag.py:4180} INFO - Setting next_dagrun for dataset_s3_bucket_consumer_with_no_taskflow to None, run_after=None
[2025-03-12T14:31:03.693+0200] {logging_mixin.py:190} INFO - [2025-03-12T14:31:03.693+0200] {dag.py:4180} INFO - Setting next_dagrun for dataset_s3_bucket_producer_with_no_taskflow to None, run_after=None
[2025-03-12T14:31:03.731+0200] {processor.py:208} INFO - Processing /home/munyah/.local/lib/python3.10/site-packages/airflow/example_dags/example_dataset_alias_with_no_taskflow.py took 0.136 seconds
[2025-03-12T14:32:07.905+0200] {processor.py:186} INFO - Started process (PID=139054) to work on /home/munyah/.local/lib/python3.10/site-packages/airflow/example_dags/example_dataset_alias_with_no_taskflow.py
[2025-03-12T14:32:07.907+0200] {processor.py:914} INFO - Processing file /home/munyah/.local/lib/python3.10/site-packages/airflow/example_dags/example_dataset_alias_with_no_taskflow.py for tasks to queue
[2025-03-12T14:32:07.910+0200] {logging_mixin.py:190} INFO - [2025-03-12T14:32:07.909+0200] {dagbag.py:588} INFO - Filling up the DagBag from /home/munyah/.local/lib/python3.10/site-packages/airflow/example_dags/example_dataset_alias_with_no_taskflow.py
[2025-03-12T14:32:07.936+0200] {processor.py:925} INFO - DAG(s) 'dataset_s3_bucket_producer_with_no_taskflow', 'dataset_alias_example_alias_producer_with_no_taskflow', 'dataset_alias_example_alias_consumer_with_no_taskflow', 'dataset_s3_bucket_consumer_with_no_taskflow' retrieved from /home/munyah/.local/lib/python3.10/site-packages/airflow/example_dags/example_dataset_alias_with_no_taskflow.py
[2025-03-12T14:32:07.960+0200] {logging_mixin.py:190} INFO - [2025-03-12T14:32:07.960+0200] {dag.py:3239} INFO - Sync 4 DAGs
[2025-03-12T14:32:07.985+0200] {logging_mixin.py:190} INFO - [2025-03-12T14:32:07.984+0200] {dag.py:4180} INFO - Setting next_dagrun for dataset_alias_example_alias_consumer_with_no_taskflow to None, run_after=None
[2025-03-12T14:32:07.987+0200] {logging_mixin.py:190} INFO - [2025-03-12T14:32:07.987+0200] {dag.py:4180} INFO - Setting next_dagrun for dataset_alias_example_alias_producer_with_no_taskflow to None, run_after=None
[2025-03-12T14:32:07.989+0200] {logging_mixin.py:190} INFO - [2025-03-12T14:32:07.988+0200] {dag.py:4180} INFO - Setting next_dagrun for dataset_s3_bucket_consumer_with_no_taskflow to None, run_after=None
[2025-03-12T14:32:07.990+0200] {logging_mixin.py:190} INFO - [2025-03-12T14:32:07.990+0200] {dag.py:4180} INFO - Setting next_dagrun for dataset_s3_bucket_producer_with_no_taskflow to None, run_after=None
[2025-03-12T14:32:08.019+0200] {processor.py:208} INFO - Processing /home/munyah/.local/lib/python3.10/site-packages/airflow/example_dags/example_dataset_alias_with_no_taskflow.py took 0.122 seconds
[2025-03-12T14:33:10.707+0200] {processor.py:186} INFO - Started process (PID=139764) to work on /home/munyah/.local/lib/python3.10/site-packages/airflow/example_dags/example_dataset_alias_with_no_taskflow.py
[2025-03-12T14:33:10.709+0200] {processor.py:914} INFO - Processing file /home/munyah/.local/lib/python3.10/site-packages/airflow/example_dags/example_dataset_alias_with_no_taskflow.py for tasks to queue
[2025-03-12T14:33:10.712+0200] {logging_mixin.py:190} INFO - [2025-03-12T14:33:10.712+0200] {dagbag.py:588} INFO - Filling up the DagBag from /home/munyah/.local/lib/python3.10/site-packages/airflow/example_dags/example_dataset_alias_with_no_taskflow.py
[2025-03-12T14:33:10.750+0200] {processor.py:925} INFO - DAG(s) 'dataset_s3_bucket_consumer_with_no_taskflow', 'dataset_alias_example_alias_consumer_with_no_taskflow', 'dataset_alias_example_alias_producer_with_no_taskflow', 'dataset_s3_bucket_producer_with_no_taskflow' retrieved from /home/munyah/.local/lib/python3.10/site-packages/airflow/example_dags/example_dataset_alias_with_no_taskflow.py
[2025-03-12T14:33:10.776+0200] {logging_mixin.py:190} INFO - [2025-03-12T14:33:10.776+0200] {dag.py:3239} INFO - Sync 4 DAGs
[2025-03-12T14:33:10.800+0200] {logging_mixin.py:190} INFO - [2025-03-12T14:33:10.799+0200] {dag.py:4180} INFO - Setting next_dagrun for dataset_alias_example_alias_consumer_with_no_taskflow to None, run_after=None
[2025-03-12T14:33:10.802+0200] {logging_mixin.py:190} INFO - [2025-03-12T14:33:10.802+0200] {dag.py:4180} INFO - Setting next_dagrun for dataset_alias_example_alias_producer_with_no_taskflow to None, run_after=None
[2025-03-12T14:33:10.804+0200] {logging_mixin.py:190} INFO - [2025-03-12T14:33:10.804+0200] {dag.py:4180} INFO - Setting next_dagrun for dataset_s3_bucket_consumer_with_no_taskflow to None, run_after=None
[2025-03-12T14:33:10.805+0200] {logging_mixin.py:190} INFO - [2025-03-12T14:33:10.805+0200] {dag.py:4180} INFO - Setting next_dagrun for dataset_s3_bucket_producer_with_no_taskflow to None, run_after=None
[2025-03-12T14:33:10.830+0200] {processor.py:208} INFO - Processing /home/munyah/.local/lib/python3.10/site-packages/airflow/example_dags/example_dataset_alias_with_no_taskflow.py took 0.131 seconds
[2025-03-12T14:34:14.707+0200] {processor.py:186} INFO - Started process (PID=140039) to work on /home/munyah/.local/lib/python3.10/site-packages/airflow/example_dags/example_dataset_alias_with_no_taskflow.py
[2025-03-12T14:34:14.709+0200] {processor.py:914} INFO - Processing file /home/munyah/.local/lib/python3.10/site-packages/airflow/example_dags/example_dataset_alias_with_no_taskflow.py for tasks to queue
[2025-03-12T14:34:14.712+0200] {logging_mixin.py:190} INFO - [2025-03-12T14:34:14.711+0200] {dagbag.py:588} INFO - Filling up the DagBag from /home/munyah/.local/lib/python3.10/site-packages/airflow/example_dags/example_dataset_alias_with_no_taskflow.py
[2025-03-12T14:34:14.741+0200] {processor.py:925} INFO - DAG(s) 'dataset_alias_example_alias_consumer_with_no_taskflow', 'dataset_s3_bucket_producer_with_no_taskflow', 'dataset_s3_bucket_consumer_with_no_taskflow', 'dataset_alias_example_alias_producer_with_no_taskflow' retrieved from /home/munyah/.local/lib/python3.10/site-packages/airflow/example_dags/example_dataset_alias_with_no_taskflow.py
[2025-03-12T14:34:14.765+0200] {logging_mixin.py:190} INFO - [2025-03-12T14:34:14.764+0200] {dag.py:3239} INFO - Sync 4 DAGs
[2025-03-12T14:34:14.788+0200] {logging_mixin.py:190} INFO - [2025-03-12T14:34:14.788+0200] {dag.py:4180} INFO - Setting next_dagrun for dataset_alias_example_alias_consumer_with_no_taskflow to None, run_after=None
[2025-03-12T14:34:14.791+0200] {logging_mixin.py:190} INFO - [2025-03-12T14:34:14.791+0200] {dag.py:4180} INFO - Setting next_dagrun for dataset_alias_example_alias_producer_with_no_taskflow to None, run_after=None
[2025-03-12T14:34:14.792+0200] {logging_mixin.py:190} INFO - [2025-03-12T14:34:14.792+0200] {dag.py:4180} INFO - Setting next_dagrun for dataset_s3_bucket_consumer_with_no_taskflow to None, run_after=None
[2025-03-12T14:34:14.793+0200] {logging_mixin.py:190} INFO - [2025-03-12T14:34:14.793+0200] {dag.py:4180} INFO - Setting next_dagrun for dataset_s3_bucket_producer_with_no_taskflow to None, run_after=None
[2025-03-12T14:34:14.818+0200] {processor.py:208} INFO - Processing /home/munyah/.local/lib/python3.10/site-packages/airflow/example_dags/example_dataset_alias_with_no_taskflow.py took 0.121 seconds
[2025-03-12T14:35:19.999+0200] {processor.py:186} INFO - Started process (PID=140219) to work on /home/munyah/.local/lib/python3.10/site-packages/airflow/example_dags/example_dataset_alias_with_no_taskflow.py
[2025-03-12T14:35:20.000+0200] {processor.py:914} INFO - Processing file /home/munyah/.local/lib/python3.10/site-packages/airflow/example_dags/example_dataset_alias_with_no_taskflow.py for tasks to queue
[2025-03-12T14:35:20.004+0200] {logging_mixin.py:190} INFO - [2025-03-12T14:35:20.004+0200] {dagbag.py:588} INFO - Filling up the DagBag from /home/munyah/.local/lib/python3.10/site-packages/airflow/example_dags/example_dataset_alias_with_no_taskflow.py
[2025-03-12T14:35:20.033+0200] {processor.py:925} INFO - DAG(s) 'dataset_alias_example_alias_producer_with_no_taskflow', 'dataset_alias_example_alias_consumer_with_no_taskflow', 'dataset_s3_bucket_producer_with_no_taskflow', 'dataset_s3_bucket_consumer_with_no_taskflow' retrieved from /home/munyah/.local/lib/python3.10/site-packages/airflow/example_dags/example_dataset_alias_with_no_taskflow.py
[2025-03-12T14:35:20.060+0200] {logging_mixin.py:190} INFO - [2025-03-12T14:35:20.060+0200] {dag.py:3239} INFO - Sync 4 DAGs
[2025-03-12T14:35:20.085+0200] {logging_mixin.py:190} INFO - [2025-03-12T14:35:20.085+0200] {dag.py:4180} INFO - Setting next_dagrun for dataset_alias_example_alias_consumer_with_no_taskflow to None, run_after=None
[2025-03-12T14:35:20.088+0200] {logging_mixin.py:190} INFO - [2025-03-12T14:35:20.088+0200] {dag.py:4180} INFO - Setting next_dagrun for dataset_alias_example_alias_producer_with_no_taskflow to None, run_after=None
[2025-03-12T14:35:20.089+0200] {logging_mixin.py:190} INFO - [2025-03-12T14:35:20.089+0200] {dag.py:4180} INFO - Setting next_dagrun for dataset_s3_bucket_consumer_with_no_taskflow to None, run_after=None
[2025-03-12T14:35:20.091+0200] {logging_mixin.py:190} INFO - [2025-03-12T14:35:20.090+0200] {dag.py:4180} INFO - Setting next_dagrun for dataset_s3_bucket_producer_with_no_taskflow to None, run_after=None
[2025-03-12T14:35:20.117+0200] {processor.py:208} INFO - Processing /home/munyah/.local/lib/python3.10/site-packages/airflow/example_dags/example_dataset_alias_with_no_taskflow.py took 0.129 seconds
[2025-03-12T14:36:24.434+0200] {processor.py:186} INFO - Started process (PID=140469) to work on /home/munyah/.local/lib/python3.10/site-packages/airflow/example_dags/example_dataset_alias_with_no_taskflow.py
[2025-03-12T14:36:24.435+0200] {processor.py:914} INFO - Processing file /home/munyah/.local/lib/python3.10/site-packages/airflow/example_dags/example_dataset_alias_with_no_taskflow.py for tasks to queue
[2025-03-12T14:36:24.437+0200] {logging_mixin.py:190} INFO - [2025-03-12T14:36:24.437+0200] {dagbag.py:588} INFO - Filling up the DagBag from /home/munyah/.local/lib/python3.10/site-packages/airflow/example_dags/example_dataset_alias_with_no_taskflow.py
[2025-03-12T14:36:24.463+0200] {processor.py:925} INFO - DAG(s) 'dataset_alias_example_alias_consumer_with_no_taskflow', 'dataset_s3_bucket_producer_with_no_taskflow', 'dataset_alias_example_alias_producer_with_no_taskflow', 'dataset_s3_bucket_consumer_with_no_taskflow' retrieved from /home/munyah/.local/lib/python3.10/site-packages/airflow/example_dags/example_dataset_alias_with_no_taskflow.py
[2025-03-12T14:36:24.487+0200] {logging_mixin.py:190} INFO - [2025-03-12T14:36:24.487+0200] {dag.py:3239} INFO - Sync 4 DAGs
[2025-03-12T14:36:24.508+0200] {logging_mixin.py:190} INFO - [2025-03-12T14:36:24.508+0200] {dag.py:4180} INFO - Setting next_dagrun for dataset_alias_example_alias_consumer_with_no_taskflow to None, run_after=None
[2025-03-12T14:36:24.510+0200] {logging_mixin.py:190} INFO - [2025-03-12T14:36:24.510+0200] {dag.py:4180} INFO - Setting next_dagrun for dataset_alias_example_alias_producer_with_no_taskflow to None, run_after=None
[2025-03-12T14:36:24.512+0200] {logging_mixin.py:190} INFO - [2025-03-12T14:36:24.512+0200] {dag.py:4180} INFO - Setting next_dagrun for dataset_s3_bucket_consumer_with_no_taskflow to None, run_after=None
[2025-03-12T14:36:24.513+0200] {logging_mixin.py:190} INFO - [2025-03-12T14:36:24.513+0200] {dag.py:4180} INFO - Setting next_dagrun for dataset_s3_bucket_producer_with_no_taskflow to None, run_after=None
[2025-03-12T14:36:24.538+0200] {processor.py:208} INFO - Processing /home/munyah/.local/lib/python3.10/site-packages/airflow/example_dags/example_dataset_alias_with_no_taskflow.py took 0.112 seconds
[2025-03-12T14:37:29.471+0200] {processor.py:186} INFO - Started process (PID=140603) to work on /home/munyah/.local/lib/python3.10/site-packages/airflow/example_dags/example_dataset_alias_with_no_taskflow.py
[2025-03-12T14:37:29.472+0200] {processor.py:914} INFO - Processing file /home/munyah/.local/lib/python3.10/site-packages/airflow/example_dags/example_dataset_alias_with_no_taskflow.py for tasks to queue
[2025-03-12T14:37:29.475+0200] {logging_mixin.py:190} INFO - [2025-03-12T14:37:29.474+0200] {dagbag.py:588} INFO - Filling up the DagBag from /home/munyah/.local/lib/python3.10/site-packages/airflow/example_dags/example_dataset_alias_with_no_taskflow.py
[2025-03-12T14:37:29.500+0200] {processor.py:925} INFO - DAG(s) 'dataset_s3_bucket_consumer_with_no_taskflow', 'dataset_s3_bucket_producer_with_no_taskflow', 'dataset_alias_example_alias_consumer_with_no_taskflow', 'dataset_alias_example_alias_producer_with_no_taskflow' retrieved from /home/munyah/.local/lib/python3.10/site-packages/airflow/example_dags/example_dataset_alias_with_no_taskflow.py
[2025-03-12T14:37:29.523+0200] {logging_mixin.py:190} INFO - [2025-03-12T14:37:29.522+0200] {dag.py:3239} INFO - Sync 4 DAGs
[2025-03-12T14:37:29.545+0200] {logging_mixin.py:190} INFO - [2025-03-12T14:37:29.544+0200] {dag.py:4180} INFO - Setting next_dagrun for dataset_alias_example_alias_consumer_with_no_taskflow to None, run_after=None
[2025-03-12T14:37:29.547+0200] {logging_mixin.py:190} INFO - [2025-03-12T14:37:29.547+0200] {dag.py:4180} INFO - Setting next_dagrun for dataset_alias_example_alias_producer_with_no_taskflow to None, run_after=None
[2025-03-12T14:37:29.548+0200] {logging_mixin.py:190} INFO - [2025-03-12T14:37:29.548+0200] {dag.py:4180} INFO - Setting next_dagrun for dataset_s3_bucket_consumer_with_no_taskflow to None, run_after=None
[2025-03-12T14:37:29.549+0200] {logging_mixin.py:190} INFO - [2025-03-12T14:37:29.549+0200] {dag.py:4180} INFO - Setting next_dagrun for dataset_s3_bucket_producer_with_no_taskflow to None, run_after=None
[2025-03-12T14:37:29.574+0200] {processor.py:208} INFO - Processing /home/munyah/.local/lib/python3.10/site-packages/airflow/example_dags/example_dataset_alias_with_no_taskflow.py took 0.109 seconds
[2025-03-12T14:38:31.696+0200] {processor.py:186} INFO - Started process (PID=140688) to work on /home/munyah/.local/lib/python3.10/site-packages/airflow/example_dags/example_dataset_alias_with_no_taskflow.py
[2025-03-12T14:38:31.698+0200] {processor.py:914} INFO - Processing file /home/munyah/.local/lib/python3.10/site-packages/airflow/example_dags/example_dataset_alias_with_no_taskflow.py for tasks to queue
[2025-03-12T14:38:31.700+0200] {logging_mixin.py:190} INFO - [2025-03-12T14:38:31.700+0200] {dagbag.py:588} INFO - Filling up the DagBag from /home/munyah/.local/lib/python3.10/site-packages/airflow/example_dags/example_dataset_alias_with_no_taskflow.py
[2025-03-12T14:38:31.725+0200] {processor.py:925} INFO - DAG(s) 'dataset_alias_example_alias_consumer_with_no_taskflow', 'dataset_s3_bucket_consumer_with_no_taskflow', 'dataset_s3_bucket_producer_with_no_taskflow', 'dataset_alias_example_alias_producer_with_no_taskflow' retrieved from /home/munyah/.local/lib/python3.10/site-packages/airflow/example_dags/example_dataset_alias_with_no_taskflow.py
[2025-03-12T14:38:31.748+0200] {logging_mixin.py:190} INFO - [2025-03-12T14:38:31.747+0200] {dag.py:3239} INFO - Sync 4 DAGs
[2025-03-12T14:38:31.770+0200] {logging_mixin.py:190} INFO - [2025-03-12T14:38:31.769+0200] {dag.py:4180} INFO - Setting next_dagrun for dataset_alias_example_alias_consumer_with_no_taskflow to None, run_after=None
[2025-03-12T14:38:31.772+0200] {logging_mixin.py:190} INFO - [2025-03-12T14:38:31.772+0200] {dag.py:4180} INFO - Setting next_dagrun for dataset_alias_example_alias_producer_with_no_taskflow to None, run_after=None
[2025-03-12T14:38:31.774+0200] {logging_mixin.py:190} INFO - [2025-03-12T14:38:31.773+0200] {dag.py:4180} INFO - Setting next_dagrun for dataset_s3_bucket_consumer_with_no_taskflow to None, run_after=None
[2025-03-12T14:38:31.775+0200] {logging_mixin.py:190} INFO - [2025-03-12T14:38:31.774+0200] {dag.py:4180} INFO - Setting next_dagrun for dataset_s3_bucket_producer_with_no_taskflow to None, run_after=None
[2025-03-12T14:38:31.800+0200] {processor.py:208} INFO - Processing /home/munyah/.local/lib/python3.10/site-packages/airflow/example_dags/example_dataset_alias_with_no_taskflow.py took 0.110 seconds
[2025-03-12T14:39:38.764+0200] {processor.py:186} INFO - Started process (PID=140799) to work on /home/munyah/.local/lib/python3.10/site-packages/airflow/example_dags/example_dataset_alias_with_no_taskflow.py
[2025-03-12T14:39:38.766+0200] {processor.py:914} INFO - Processing file /home/munyah/.local/lib/python3.10/site-packages/airflow/example_dags/example_dataset_alias_with_no_taskflow.py for tasks to queue
[2025-03-12T14:39:38.768+0200] {logging_mixin.py:190} INFO - [2025-03-12T14:39:38.768+0200] {dagbag.py:588} INFO - Filling up the DagBag from /home/munyah/.local/lib/python3.10/site-packages/airflow/example_dags/example_dataset_alias_with_no_taskflow.py
[2025-03-12T14:39:38.794+0200] {processor.py:925} INFO - DAG(s) 'dataset_alias_example_alias_consumer_with_no_taskflow', 'dataset_s3_bucket_consumer_with_no_taskflow', 'dataset_s3_bucket_producer_with_no_taskflow', 'dataset_alias_example_alias_producer_with_no_taskflow' retrieved from /home/munyah/.local/lib/python3.10/site-packages/airflow/example_dags/example_dataset_alias_with_no_taskflow.py
[2025-03-12T14:39:38.816+0200] {logging_mixin.py:190} INFO - [2025-03-12T14:39:38.816+0200] {dag.py:3239} INFO - Sync 4 DAGs
[2025-03-12T14:39:38.838+0200] {logging_mixin.py:190} INFO - [2025-03-12T14:39:38.838+0200] {dag.py:4180} INFO - Setting next_dagrun for dataset_alias_example_alias_consumer_with_no_taskflow to None, run_after=None
[2025-03-12T14:39:38.842+0200] {logging_mixin.py:190} INFO - [2025-03-12T14:39:38.842+0200] {dag.py:4180} INFO - Setting next_dagrun for dataset_alias_example_alias_producer_with_no_taskflow to None, run_after=None
[2025-03-12T14:39:38.844+0200] {logging_mixin.py:190} INFO - [2025-03-12T14:39:38.844+0200] {dag.py:4180} INFO - Setting next_dagrun for dataset_s3_bucket_consumer_with_no_taskflow to None, run_after=None
[2025-03-12T14:39:38.845+0200] {logging_mixin.py:190} INFO - [2025-03-12T14:39:38.845+0200] {dag.py:4180} INFO - Setting next_dagrun for dataset_s3_bucket_producer_with_no_taskflow to None, run_after=None
[2025-03-12T14:39:38.869+0200] {processor.py:208} INFO - Processing /home/munyah/.local/lib/python3.10/site-packages/airflow/example_dags/example_dataset_alias_with_no_taskflow.py took 0.112 seconds
[2025-03-12T14:40:43.710+0200] {processor.py:186} INFO - Started process (PID=140908) to work on /home/munyah/.local/lib/python3.10/site-packages/airflow/example_dags/example_dataset_alias_with_no_taskflow.py
[2025-03-12T14:40:43.712+0200] {processor.py:914} INFO - Processing file /home/munyah/.local/lib/python3.10/site-packages/airflow/example_dags/example_dataset_alias_with_no_taskflow.py for tasks to queue
[2025-03-12T14:40:43.714+0200] {logging_mixin.py:190} INFO - [2025-03-12T14:40:43.714+0200] {dagbag.py:588} INFO - Filling up the DagBag from /home/munyah/.local/lib/python3.10/site-packages/airflow/example_dags/example_dataset_alias_with_no_taskflow.py
[2025-03-12T14:40:43.741+0200] {processor.py:925} INFO - DAG(s) 'dataset_alias_example_alias_consumer_with_no_taskflow', 'dataset_s3_bucket_consumer_with_no_taskflow', 'dataset_alias_example_alias_producer_with_no_taskflow', 'dataset_s3_bucket_producer_with_no_taskflow' retrieved from /home/munyah/.local/lib/python3.10/site-packages/airflow/example_dags/example_dataset_alias_with_no_taskflow.py
[2025-03-12T14:40:43.766+0200] {logging_mixin.py:190} INFO - [2025-03-12T14:40:43.766+0200] {dag.py:3239} INFO - Sync 4 DAGs
[2025-03-12T14:40:43.787+0200] {logging_mixin.py:190} INFO - [2025-03-12T14:40:43.787+0200] {dag.py:4180} INFO - Setting next_dagrun for dataset_alias_example_alias_consumer_with_no_taskflow to None, run_after=None
[2025-03-12T14:40:43.789+0200] {logging_mixin.py:190} INFO - [2025-03-12T14:40:43.789+0200] {dag.py:4180} INFO - Setting next_dagrun for dataset_alias_example_alias_producer_with_no_taskflow to None, run_after=None
[2025-03-12T14:40:43.791+0200] {logging_mixin.py:190} INFO - [2025-03-12T14:40:43.791+0200] {dag.py:4180} INFO - Setting next_dagrun for dataset_s3_bucket_consumer_with_no_taskflow to None, run_after=None
[2025-03-12T14:40:43.792+0200] {logging_mixin.py:190} INFO - [2025-03-12T14:40:43.792+0200] {dag.py:4180} INFO - Setting next_dagrun for dataset_s3_bucket_producer_with_no_taskflow to None, run_after=None
[2025-03-12T14:40:43.815+0200] {processor.py:208} INFO - Processing /home/munyah/.local/lib/python3.10/site-packages/airflow/example_dags/example_dataset_alias_with_no_taskflow.py took 0.117 seconds
[2025-03-12T14:41:46.527+0200] {processor.py:186} INFO - Started process (PID=141233) to work on /home/munyah/.local/lib/python3.10/site-packages/airflow/example_dags/example_dataset_alias_with_no_taskflow.py
[2025-03-12T14:41:46.528+0200] {processor.py:914} INFO - Processing file /home/munyah/.local/lib/python3.10/site-packages/airflow/example_dags/example_dataset_alias_with_no_taskflow.py for tasks to queue
[2025-03-12T14:41:46.531+0200] {logging_mixin.py:190} INFO - [2025-03-12T14:41:46.531+0200] {dagbag.py:588} INFO - Filling up the DagBag from /home/munyah/.local/lib/python3.10/site-packages/airflow/example_dags/example_dataset_alias_with_no_taskflow.py
[2025-03-12T14:41:46.560+0200] {processor.py:925} INFO - DAG(s) 'dataset_alias_example_alias_producer_with_no_taskflow', 'dataset_s3_bucket_producer_with_no_taskflow', 'dataset_s3_bucket_consumer_with_no_taskflow', 'dataset_alias_example_alias_consumer_with_no_taskflow' retrieved from /home/munyah/.local/lib/python3.10/site-packages/airflow/example_dags/example_dataset_alias_with_no_taskflow.py
[2025-03-12T14:41:46.587+0200] {logging_mixin.py:190} INFO - [2025-03-12T14:41:46.587+0200] {dag.py:3239} INFO - Sync 4 DAGs
[2025-03-12T14:41:46.612+0200] {logging_mixin.py:190} INFO - [2025-03-12T14:41:46.612+0200] {dag.py:4180} INFO - Setting next_dagrun for dataset_alias_example_alias_consumer_with_no_taskflow to None, run_after=None
[2025-03-12T14:41:46.614+0200] {logging_mixin.py:190} INFO - [2025-03-12T14:41:46.614+0200] {dag.py:4180} INFO - Setting next_dagrun for dataset_alias_example_alias_producer_with_no_taskflow to None, run_after=None
[2025-03-12T14:41:46.615+0200] {logging_mixin.py:190} INFO - [2025-03-12T14:41:46.615+0200] {dag.py:4180} INFO - Setting next_dagrun for dataset_s3_bucket_consumer_with_no_taskflow to None, run_after=None
[2025-03-12T14:41:46.617+0200] {logging_mixin.py:190} INFO - [2025-03-12T14:41:46.617+0200] {dag.py:4180} INFO - Setting next_dagrun for dataset_s3_bucket_producer_with_no_taskflow to None, run_after=None
[2025-03-12T14:41:46.645+0200] {processor.py:208} INFO - Processing /home/munyah/.local/lib/python3.10/site-packages/airflow/example_dags/example_dataset_alias_with_no_taskflow.py took 0.127 seconds
[2025-03-12T14:42:47.718+0200] {processor.py:186} INFO - Started process (PID=141432) to work on /home/munyah/.local/lib/python3.10/site-packages/airflow/example_dags/example_dataset_alias_with_no_taskflow.py
[2025-03-12T14:42:47.719+0200] {processor.py:914} INFO - Processing file /home/munyah/.local/lib/python3.10/site-packages/airflow/example_dags/example_dataset_alias_with_no_taskflow.py for tasks to queue
[2025-03-12T14:42:47.722+0200] {logging_mixin.py:190} INFO - [2025-03-12T14:42:47.722+0200] {dagbag.py:588} INFO - Filling up the DagBag from /home/munyah/.local/lib/python3.10/site-packages/airflow/example_dags/example_dataset_alias_with_no_taskflow.py
[2025-03-12T14:42:47.751+0200] {processor.py:925} INFO - DAG(s) 'dataset_alias_example_alias_producer_with_no_taskflow', 'dataset_alias_example_alias_consumer_with_no_taskflow', 'dataset_s3_bucket_consumer_with_no_taskflow', 'dataset_s3_bucket_producer_with_no_taskflow' retrieved from /home/munyah/.local/lib/python3.10/site-packages/airflow/example_dags/example_dataset_alias_with_no_taskflow.py
[2025-03-12T14:42:47.775+0200] {logging_mixin.py:190} INFO - [2025-03-12T14:42:47.775+0200] {dag.py:3239} INFO - Sync 4 DAGs
[2025-03-12T14:42:47.797+0200] {logging_mixin.py:190} INFO - [2025-03-12T14:42:47.797+0200] {dag.py:4180} INFO - Setting next_dagrun for dataset_alias_example_alias_consumer_with_no_taskflow to None, run_after=None
[2025-03-12T14:42:47.801+0200] {logging_mixin.py:190} INFO - [2025-03-12T14:42:47.800+0200] {dag.py:4180} INFO - Setting next_dagrun for dataset_alias_example_alias_producer_with_no_taskflow to None, run_after=None
[2025-03-12T14:42:47.802+0200] {logging_mixin.py:190} INFO - [2025-03-12T14:42:47.802+0200] {dag.py:4180} INFO - Setting next_dagrun for dataset_s3_bucket_consumer_with_no_taskflow to None, run_after=None
[2025-03-12T14:42:47.803+0200] {logging_mixin.py:190} INFO - [2025-03-12T14:42:47.803+0200] {dag.py:4180} INFO - Setting next_dagrun for dataset_s3_bucket_producer_with_no_taskflow to None, run_after=None
[2025-03-12T14:42:47.827+0200] {processor.py:208} INFO - Processing /home/munyah/.local/lib/python3.10/site-packages/airflow/example_dags/example_dataset_alias_with_no_taskflow.py took 0.116 seconds
[2025-03-12T14:43:46.637+0200] {processor.py:186} INFO - Started process (PID=141597) to work on /home/munyah/.local/lib/python3.10/site-packages/airflow/example_dags/example_dataset_alias_with_no_taskflow.py
[2025-03-12T14:43:46.639+0200] {processor.py:914} INFO - Processing file /home/munyah/.local/lib/python3.10/site-packages/airflow/example_dags/example_dataset_alias_with_no_taskflow.py for tasks to queue
[2025-03-12T14:43:46.641+0200] {logging_mixin.py:190} INFO - [2025-03-12T14:43:46.641+0200] {dagbag.py:588} INFO - Filling up the DagBag from /home/munyah/.local/lib/python3.10/site-packages/airflow/example_dags/example_dataset_alias_with_no_taskflow.py
[2025-03-12T14:43:46.668+0200] {processor.py:925} INFO - DAG(s) 'dataset_alias_example_alias_producer_with_no_taskflow', 'dataset_s3_bucket_consumer_with_no_taskflow', 'dataset_alias_example_alias_consumer_with_no_taskflow', 'dataset_s3_bucket_producer_with_no_taskflow' retrieved from /home/munyah/.local/lib/python3.10/site-packages/airflow/example_dags/example_dataset_alias_with_no_taskflow.py
[2025-03-12T14:43:46.693+0200] {logging_mixin.py:190} INFO - [2025-03-12T14:43:46.693+0200] {dag.py:3239} INFO - Sync 4 DAGs
[2025-03-12T14:43:46.718+0200] {logging_mixin.py:190} INFO - [2025-03-12T14:43:46.718+0200] {dag.py:4180} INFO - Setting next_dagrun for dataset_alias_example_alias_consumer_with_no_taskflow to None, run_after=None
[2025-03-12T14:43:46.721+0200] {logging_mixin.py:190} INFO - [2025-03-12T14:43:46.721+0200] {dag.py:4180} INFO - Setting next_dagrun for dataset_alias_example_alias_producer_with_no_taskflow to None, run_after=None
[2025-03-12T14:43:46.722+0200] {logging_mixin.py:190} INFO - [2025-03-12T14:43:46.722+0200] {dag.py:4180} INFO - Setting next_dagrun for dataset_s3_bucket_consumer_with_no_taskflow to None, run_after=None
[2025-03-12T14:43:46.723+0200] {logging_mixin.py:190} INFO - [2025-03-12T14:43:46.723+0200] {dag.py:4180} INFO - Setting next_dagrun for dataset_s3_bucket_producer_with_no_taskflow to None, run_after=None
[2025-03-12T14:43:46.747+0200] {processor.py:208} INFO - Processing /home/munyah/.local/lib/python3.10/site-packages/airflow/example_dags/example_dataset_alias_with_no_taskflow.py took 0.121 seconds
[2025-03-12T14:44:46.552+0200] {processor.py:186} INFO - Started process (PID=141789) to work on /home/munyah/.local/lib/python3.10/site-packages/airflow/example_dags/example_dataset_alias_with_no_taskflow.py
[2025-03-12T14:44:46.553+0200] {processor.py:914} INFO - Processing file /home/munyah/.local/lib/python3.10/site-packages/airflow/example_dags/example_dataset_alias_with_no_taskflow.py for tasks to queue
[2025-03-12T14:44:46.555+0200] {logging_mixin.py:190} INFO - [2025-03-12T14:44:46.555+0200] {dagbag.py:588} INFO - Filling up the DagBag from /home/munyah/.local/lib/python3.10/site-packages/airflow/example_dags/example_dataset_alias_with_no_taskflow.py
[2025-03-12T14:44:46.583+0200] {processor.py:925} INFO - DAG(s) 'dataset_alias_example_alias_consumer_with_no_taskflow', 'dataset_s3_bucket_producer_with_no_taskflow', 'dataset_s3_bucket_consumer_with_no_taskflow', 'dataset_alias_example_alias_producer_with_no_taskflow' retrieved from /home/munyah/.local/lib/python3.10/site-packages/airflow/example_dags/example_dataset_alias_with_no_taskflow.py
[2025-03-12T14:44:46.609+0200] {logging_mixin.py:190} INFO - [2025-03-12T14:44:46.609+0200] {dag.py:3239} INFO - Sync 4 DAGs
[2025-03-12T14:44:46.633+0200] {logging_mixin.py:190} INFO - [2025-03-12T14:44:46.633+0200] {dag.py:4180} INFO - Setting next_dagrun for dataset_alias_example_alias_consumer_with_no_taskflow to None, run_after=None
[2025-03-12T14:44:46.636+0200] {logging_mixin.py:190} INFO - [2025-03-12T14:44:46.636+0200] {dag.py:4180} INFO - Setting next_dagrun for dataset_alias_example_alias_producer_with_no_taskflow to None, run_after=None
[2025-03-12T14:44:46.638+0200] {logging_mixin.py:190} INFO - [2025-03-12T14:44:46.637+0200] {dag.py:4180} INFO - Setting next_dagrun for dataset_s3_bucket_consumer_with_no_taskflow to None, run_after=None
[2025-03-12T14:44:46.639+0200] {logging_mixin.py:190} INFO - [2025-03-12T14:44:46.638+0200] {dag.py:4180} INFO - Setting next_dagrun for dataset_s3_bucket_producer_with_no_taskflow to None, run_after=None
[2025-03-12T14:44:46.663+0200] {processor.py:208} INFO - Processing /home/munyah/.local/lib/python3.10/site-packages/airflow/example_dags/example_dataset_alias_with_no_taskflow.py took 0.120 seconds
[2025-03-12T14:45:46.125+0200] {processor.py:186} INFO - Started process (PID=141952) to work on /home/munyah/.local/lib/python3.10/site-packages/airflow/example_dags/example_dataset_alias_with_no_taskflow.py
[2025-03-12T14:45:46.127+0200] {processor.py:914} INFO - Processing file /home/munyah/.local/lib/python3.10/site-packages/airflow/example_dags/example_dataset_alias_with_no_taskflow.py for tasks to queue
[2025-03-12T14:45:46.129+0200] {logging_mixin.py:190} INFO - [2025-03-12T14:45:46.129+0200] {dagbag.py:588} INFO - Filling up the DagBag from /home/munyah/.local/lib/python3.10/site-packages/airflow/example_dags/example_dataset_alias_with_no_taskflow.py
[2025-03-12T14:45:46.157+0200] {processor.py:925} INFO - DAG(s) 'dataset_alias_example_alias_producer_with_no_taskflow', 'dataset_alias_example_alias_consumer_with_no_taskflow', 'dataset_s3_bucket_producer_with_no_taskflow', 'dataset_s3_bucket_consumer_with_no_taskflow' retrieved from /home/munyah/.local/lib/python3.10/site-packages/airflow/example_dags/example_dataset_alias_with_no_taskflow.py
[2025-03-12T14:45:46.182+0200] {logging_mixin.py:190} INFO - [2025-03-12T14:45:46.181+0200] {dag.py:3239} INFO - Sync 4 DAGs
[2025-03-12T14:45:46.207+0200] {logging_mixin.py:190} INFO - [2025-03-12T14:45:46.207+0200] {dag.py:4180} INFO - Setting next_dagrun for dataset_alias_example_alias_consumer_with_no_taskflow to None, run_after=None
[2025-03-12T14:45:46.209+0200] {logging_mixin.py:190} INFO - [2025-03-12T14:45:46.209+0200] {dag.py:4180} INFO - Setting next_dagrun for dataset_alias_example_alias_producer_with_no_taskflow to None, run_after=None
[2025-03-12T14:45:46.211+0200] {logging_mixin.py:190} INFO - [2025-03-12T14:45:46.210+0200] {dag.py:4180} INFO - Setting next_dagrun for dataset_s3_bucket_consumer_with_no_taskflow to None, run_after=None
[2025-03-12T14:45:46.211+0200] {logging_mixin.py:190} INFO - [2025-03-12T14:45:46.211+0200] {dag.py:4180} INFO - Setting next_dagrun for dataset_s3_bucket_producer_with_no_taskflow to None, run_after=None
[2025-03-12T14:45:46.236+0200] {processor.py:208} INFO - Processing /home/munyah/.local/lib/python3.10/site-packages/airflow/example_dags/example_dataset_alias_with_no_taskflow.py took 0.120 seconds
[2025-03-12T14:46:47.021+0200] {processor.py:186} INFO - Started process (PID=142197) to work on /home/munyah/.local/lib/python3.10/site-packages/airflow/example_dags/example_dataset_alias_with_no_taskflow.py
[2025-03-12T14:46:47.022+0200] {processor.py:914} INFO - Processing file /home/munyah/.local/lib/python3.10/site-packages/airflow/example_dags/example_dataset_alias_with_no_taskflow.py for tasks to queue
[2025-03-12T14:46:47.027+0200] {logging_mixin.py:190} INFO - [2025-03-12T14:46:47.026+0200] {dagbag.py:588} INFO - Filling up the DagBag from /home/munyah/.local/lib/python3.10/site-packages/airflow/example_dags/example_dataset_alias_with_no_taskflow.py
[2025-03-12T14:46:47.060+0200] {processor.py:925} INFO - DAG(s) 'dataset_alias_example_alias_producer_with_no_taskflow', 'dataset_s3_bucket_producer_with_no_taskflow', 'dataset_s3_bucket_consumer_with_no_taskflow', 'dataset_alias_example_alias_consumer_with_no_taskflow' retrieved from /home/munyah/.local/lib/python3.10/site-packages/airflow/example_dags/example_dataset_alias_with_no_taskflow.py
[2025-03-12T14:46:47.084+0200] {logging_mixin.py:190} INFO - [2025-03-12T14:46:47.083+0200] {dag.py:3239} INFO - Sync 4 DAGs
[2025-03-12T14:46:47.105+0200] {logging_mixin.py:190} INFO - [2025-03-12T14:46:47.105+0200] {dag.py:4180} INFO - Setting next_dagrun for dataset_alias_example_alias_consumer_with_no_taskflow to None, run_after=None
[2025-03-12T14:46:47.108+0200] {logging_mixin.py:190} INFO - [2025-03-12T14:46:47.107+0200] {dag.py:4180} INFO - Setting next_dagrun for dataset_alias_example_alias_producer_with_no_taskflow to None, run_after=None
[2025-03-12T14:46:47.109+0200] {logging_mixin.py:190} INFO - [2025-03-12T14:46:47.108+0200] {dag.py:4180} INFO - Setting next_dagrun for dataset_s3_bucket_consumer_with_no_taskflow to None, run_after=None
[2025-03-12T14:46:47.110+0200] {logging_mixin.py:190} INFO - [2025-03-12T14:46:47.110+0200] {dag.py:4180} INFO - Setting next_dagrun for dataset_s3_bucket_producer_with_no_taskflow to None, run_after=None
[2025-03-12T14:46:47.144+0200] {processor.py:208} INFO - Processing /home/munyah/.local/lib/python3.10/site-packages/airflow/example_dags/example_dataset_alias_with_no_taskflow.py took 0.134 seconds
[2025-03-12T14:49:51.437+0200] {processor.py:186} INFO - Started process (PID=142818) to work on /home/munyah/.local/lib/python3.10/site-packages/airflow/example_dags/example_dataset_alias_with_no_taskflow.py
[2025-03-12T14:49:51.440+0200] {processor.py:914} INFO - Processing file /home/munyah/.local/lib/python3.10/site-packages/airflow/example_dags/example_dataset_alias_with_no_taskflow.py for tasks to queue
[2025-03-12T14:49:51.443+0200] {logging_mixin.py:190} INFO - [2025-03-12T14:49:51.443+0200] {dagbag.py:588} INFO - Filling up the DagBag from /home/munyah/.local/lib/python3.10/site-packages/airflow/example_dags/example_dataset_alias_with_no_taskflow.py
[2025-03-12T14:49:51.476+0200] {processor.py:925} INFO - DAG(s) 'dataset_alias_example_alias_consumer_with_no_taskflow', 'dataset_s3_bucket_consumer_with_no_taskflow', 'dataset_s3_bucket_producer_with_no_taskflow', 'dataset_alias_example_alias_producer_with_no_taskflow' retrieved from /home/munyah/.local/lib/python3.10/site-packages/airflow/example_dags/example_dataset_alias_with_no_taskflow.py
[2025-03-12T14:49:51.512+0200] {logging_mixin.py:190} INFO - [2025-03-12T14:49:51.511+0200] {dag.py:3239} INFO - Sync 4 DAGs
[2025-03-12T14:49:51.540+0200] {logging_mixin.py:190} INFO - [2025-03-12T14:49:51.540+0200] {dag.py:4180} INFO - Setting next_dagrun for dataset_alias_example_alias_consumer_with_no_taskflow to None, run_after=None
[2025-03-12T14:49:51.543+0200] {logging_mixin.py:190} INFO - [2025-03-12T14:49:51.543+0200] {dag.py:4180} INFO - Setting next_dagrun for dataset_alias_example_alias_producer_with_no_taskflow to None, run_after=None
[2025-03-12T14:49:51.545+0200] {logging_mixin.py:190} INFO - [2025-03-12T14:49:51.544+0200] {dag.py:4180} INFO - Setting next_dagrun for dataset_s3_bucket_consumer_with_no_taskflow to None, run_after=None
[2025-03-12T14:49:51.546+0200] {logging_mixin.py:190} INFO - [2025-03-12T14:49:51.546+0200] {dag.py:4180} INFO - Setting next_dagrun for dataset_s3_bucket_producer_with_no_taskflow to None, run_after=None
[2025-03-12T14:49:51.796+0200] {processor.py:208} INFO - Processing /home/munyah/.local/lib/python3.10/site-packages/airflow/example_dags/example_dataset_alias_with_no_taskflow.py took 0.367 seconds
[2025-03-12T14:51:05.725+0200] {processor.py:186} INFO - Started process (PID=143072) to work on /home/munyah/.local/lib/python3.10/site-packages/airflow/example_dags/example_dataset_alias_with_no_taskflow.py
[2025-03-12T14:51:05.728+0200] {processor.py:914} INFO - Processing file /home/munyah/.local/lib/python3.10/site-packages/airflow/example_dags/example_dataset_alias_with_no_taskflow.py for tasks to queue
[2025-03-12T14:51:05.732+0200] {logging_mixin.py:190} INFO - [2025-03-12T14:51:05.731+0200] {dagbag.py:588} INFO - Filling up the DagBag from /home/munyah/.local/lib/python3.10/site-packages/airflow/example_dags/example_dataset_alias_with_no_taskflow.py
[2025-03-12T14:51:05.759+0200] {processor.py:925} INFO - DAG(s) 'dataset_s3_bucket_consumer_with_no_taskflow', 'dataset_alias_example_alias_producer_with_no_taskflow', 'dataset_s3_bucket_producer_with_no_taskflow', 'dataset_alias_example_alias_consumer_with_no_taskflow' retrieved from /home/munyah/.local/lib/python3.10/site-packages/airflow/example_dags/example_dataset_alias_with_no_taskflow.py
[2025-03-12T14:51:05.798+0200] {logging_mixin.py:190} INFO - [2025-03-12T14:51:05.798+0200] {dag.py:3239} INFO - Sync 4 DAGs
[2025-03-12T14:51:05.835+0200] {logging_mixin.py:190} INFO - [2025-03-12T14:51:05.835+0200] {dag.py:4180} INFO - Setting next_dagrun for dataset_alias_example_alias_consumer_with_no_taskflow to None, run_after=None
[2025-03-12T14:51:05.838+0200] {logging_mixin.py:190} INFO - [2025-03-12T14:51:05.838+0200] {dag.py:4180} INFO - Setting next_dagrun for dataset_alias_example_alias_producer_with_no_taskflow to None, run_after=None
[2025-03-12T14:51:05.839+0200] {logging_mixin.py:190} INFO - [2025-03-12T14:51:05.839+0200] {dag.py:4180} INFO - Setting next_dagrun for dataset_s3_bucket_consumer_with_no_taskflow to None, run_after=None
[2025-03-12T14:51:05.840+0200] {logging_mixin.py:190} INFO - [2025-03-12T14:51:05.840+0200] {dag.py:4180} INFO - Setting next_dagrun for dataset_s3_bucket_producer_with_no_taskflow to None, run_after=None
[2025-03-12T14:51:05.866+0200] {processor.py:208} INFO - Processing /home/munyah/.local/lib/python3.10/site-packages/airflow/example_dags/example_dataset_alias_with_no_taskflow.py took 0.150 seconds
[2025-03-12T14:52:14.537+0200] {processor.py:186} INFO - Started process (PID=143264) to work on /home/munyah/.local/lib/python3.10/site-packages/airflow/example_dags/example_dataset_alias_with_no_taskflow.py
[2025-03-12T14:52:14.540+0200] {processor.py:914} INFO - Processing file /home/munyah/.local/lib/python3.10/site-packages/airflow/example_dags/example_dataset_alias_with_no_taskflow.py for tasks to queue
[2025-03-12T14:52:14.544+0200] {logging_mixin.py:190} INFO - [2025-03-12T14:52:14.543+0200] {dagbag.py:588} INFO - Filling up the DagBag from /home/munyah/.local/lib/python3.10/site-packages/airflow/example_dags/example_dataset_alias_with_no_taskflow.py
[2025-03-12T14:52:14.579+0200] {processor.py:925} INFO - DAG(s) 'dataset_s3_bucket_consumer_with_no_taskflow', 'dataset_s3_bucket_producer_with_no_taskflow', 'dataset_alias_example_alias_consumer_with_no_taskflow', 'dataset_alias_example_alias_producer_with_no_taskflow' retrieved from /home/munyah/.local/lib/python3.10/site-packages/airflow/example_dags/example_dataset_alias_with_no_taskflow.py
[2025-03-12T14:52:14.616+0200] {logging_mixin.py:190} INFO - [2025-03-12T14:52:14.616+0200] {dag.py:3239} INFO - Sync 4 DAGs
[2025-03-12T14:52:14.657+0200] {logging_mixin.py:190} INFO - [2025-03-12T14:52:14.656+0200] {dag.py:4180} INFO - Setting next_dagrun for dataset_alias_example_alias_consumer_with_no_taskflow to None, run_after=None
[2025-03-12T14:52:14.661+0200] {logging_mixin.py:190} INFO - [2025-03-12T14:52:14.661+0200] {dag.py:4180} INFO - Setting next_dagrun for dataset_alias_example_alias_producer_with_no_taskflow to None, run_after=None
[2025-03-12T14:52:14.663+0200] {logging_mixin.py:190} INFO - [2025-03-12T14:52:14.663+0200] {dag.py:4180} INFO - Setting next_dagrun for dataset_s3_bucket_consumer_with_no_taskflow to None, run_after=None
[2025-03-12T14:52:14.665+0200] {logging_mixin.py:190} INFO - [2025-03-12T14:52:14.665+0200] {dag.py:4180} INFO - Setting next_dagrun for dataset_s3_bucket_producer_with_no_taskflow to None, run_after=None
[2025-03-12T14:52:14.704+0200] {processor.py:208} INFO - Processing /home/munyah/.local/lib/python3.10/site-packages/airflow/example_dags/example_dataset_alias_with_no_taskflow.py took 0.176 seconds
[2025-03-12T14:53:26.486+0200] {processor.py:186} INFO - Started process (PID=143513) to work on /home/munyah/.local/lib/python3.10/site-packages/airflow/example_dags/example_dataset_alias_with_no_taskflow.py
[2025-03-12T14:53:26.488+0200] {processor.py:914} INFO - Processing file /home/munyah/.local/lib/python3.10/site-packages/airflow/example_dags/example_dataset_alias_with_no_taskflow.py for tasks to queue
[2025-03-12T14:53:26.491+0200] {logging_mixin.py:190} INFO - [2025-03-12T14:53:26.491+0200] {dagbag.py:588} INFO - Filling up the DagBag from /home/munyah/.local/lib/python3.10/site-packages/airflow/example_dags/example_dataset_alias_with_no_taskflow.py
[2025-03-12T14:53:26.539+0200] {processor.py:925} INFO - DAG(s) 'dataset_s3_bucket_consumer_with_no_taskflow', 'dataset_s3_bucket_producer_with_no_taskflow', 'dataset_alias_example_alias_producer_with_no_taskflow', 'dataset_alias_example_alias_consumer_with_no_taskflow' retrieved from /home/munyah/.local/lib/python3.10/site-packages/airflow/example_dags/example_dataset_alias_with_no_taskflow.py
[2025-03-12T14:53:26.593+0200] {logging_mixin.py:190} INFO - [2025-03-12T14:53:26.592+0200] {dag.py:3239} INFO - Sync 4 DAGs
[2025-03-12T14:53:26.650+0200] {logging_mixin.py:190} INFO - [2025-03-12T14:53:26.650+0200] {dag.py:4180} INFO - Setting next_dagrun for dataset_alias_example_alias_consumer_with_no_taskflow to None, run_after=None
[2025-03-12T14:53:26.656+0200] {logging_mixin.py:190} INFO - [2025-03-12T14:53:26.655+0200] {dag.py:4180} INFO - Setting next_dagrun for dataset_alias_example_alias_producer_with_no_taskflow to None, run_after=None
[2025-03-12T14:53:26.658+0200] {logging_mixin.py:190} INFO - [2025-03-12T14:53:26.658+0200] {dag.py:4180} INFO - Setting next_dagrun for dataset_s3_bucket_consumer_with_no_taskflow to None, run_after=None
[2025-03-12T14:53:26.660+0200] {logging_mixin.py:190} INFO - [2025-03-12T14:53:26.659+0200] {dag.py:4180} INFO - Setting next_dagrun for dataset_s3_bucket_producer_with_no_taskflow to None, run_after=None
[2025-03-12T14:53:26.790+0200] {processor.py:208} INFO - Processing /home/munyah/.local/lib/python3.10/site-packages/airflow/example_dags/example_dataset_alias_with_no_taskflow.py took 0.322 seconds
