[2025-03-12T08:21:08.145+0200] {processor.py:186} INFO - Started process (PID=133840) to work on /home/munyah/.local/lib/python3.10/site-packages/airflow/example_dags/example_task_group_decorator.py
[2025-03-12T08:21:08.146+0200] {processor.py:914} INFO - Processing file /home/munyah/.local/lib/python3.10/site-packages/airflow/example_dags/example_task_group_decorator.py for tasks to queue
[2025-03-12T08:21:08.149+0200] {logging_mixin.py:190} INFO - [2025-03-12T08:21:08.149+0200] {dagbag.py:588} INFO - Filling up the DagBag from /home/munyah/.local/lib/python3.10/site-packages/airflow/example_dags/example_task_group_decorator.py
[2025-03-12T08:21:08.166+0200] {processor.py:925} INFO - DAG(s) 'example_task_group_decorator' retrieved from /home/munyah/.local/lib/python3.10/site-packages/airflow/example_dags/example_task_group_decorator.py
[2025-03-12T08:21:08.189+0200] {logging_mixin.py:190} INFO - [2025-03-12T08:21:08.188+0200] {dag.py:3239} INFO - Sync 1 DAGs
[2025-03-12T08:21:08.202+0200] {logging_mixin.py:190} INFO - [2025-03-12T08:21:08.201+0200] {dag.py:4180} INFO - Setting next_dagrun for example_task_group_decorator to None, run_after=None
[2025-03-12T08:21:08.222+0200] {processor.py:208} INFO - Processing /home/munyah/.local/lib/python3.10/site-packages/airflow/example_dags/example_task_group_decorator.py took 0.085 seconds
[2025-03-12T14:17:46.088+0200] {processor.py:186} INFO - Started process (PID=134575) to work on /home/munyah/.local/lib/python3.10/site-packages/airflow/example_dags/example_task_group_decorator.py
[2025-03-12T14:17:46.089+0200] {processor.py:914} INFO - Processing file /home/munyah/.local/lib/python3.10/site-packages/airflow/example_dags/example_task_group_decorator.py for tasks to queue
[2025-03-12T14:17:46.093+0200] {logging_mixin.py:190} INFO - [2025-03-12T14:17:46.093+0200] {dagbag.py:588} INFO - Filling up the DagBag from /home/munyah/.local/lib/python3.10/site-packages/airflow/example_dags/example_task_group_decorator.py
[2025-03-12T14:17:46.112+0200] {processor.py:925} INFO - DAG(s) 'example_task_group_decorator' retrieved from /home/munyah/.local/lib/python3.10/site-packages/airflow/example_dags/example_task_group_decorator.py
[2025-03-12T14:17:46.137+0200] {logging_mixin.py:190} INFO - [2025-03-12T14:17:46.137+0200] {dag.py:3239} INFO - Sync 1 DAGs
[2025-03-12T14:17:46.152+0200] {logging_mixin.py:190} INFO - [2025-03-12T14:17:46.152+0200] {dag.py:4180} INFO - Setting next_dagrun for example_task_group_decorator to None, run_after=None
[2025-03-12T14:17:46.173+0200] {processor.py:208} INFO - Processing /home/munyah/.local/lib/python3.10/site-packages/airflow/example_dags/example_task_group_decorator.py took 0.092 seconds
[2025-03-12T14:18:45.040+0200] {processor.py:186} INFO - Started process (PID=134839) to work on /home/munyah/.local/lib/python3.10/site-packages/airflow/example_dags/example_task_group_decorator.py
[2025-03-12T14:18:45.041+0200] {processor.py:914} INFO - Processing file /home/munyah/.local/lib/python3.10/site-packages/airflow/example_dags/example_task_group_decorator.py for tasks to queue
[2025-03-12T14:18:45.044+0200] {logging_mixin.py:190} INFO - [2025-03-12T14:18:45.044+0200] {dagbag.py:588} INFO - Filling up the DagBag from /home/munyah/.local/lib/python3.10/site-packages/airflow/example_dags/example_task_group_decorator.py
[2025-03-12T14:18:45.063+0200] {processor.py:925} INFO - DAG(s) 'example_task_group_decorator' retrieved from /home/munyah/.local/lib/python3.10/site-packages/airflow/example_dags/example_task_group_decorator.py
[2025-03-12T14:18:45.087+0200] {logging_mixin.py:190} INFO - [2025-03-12T14:18:45.087+0200] {dag.py:3239} INFO - Sync 1 DAGs
[2025-03-12T14:18:45.102+0200] {logging_mixin.py:190} INFO - [2025-03-12T14:18:45.101+0200] {dag.py:4180} INFO - Setting next_dagrun for example_task_group_decorator to None, run_after=None
[2025-03-12T14:18:45.123+0200] {processor.py:208} INFO - Processing /home/munyah/.local/lib/python3.10/site-packages/airflow/example_dags/example_task_group_decorator.py took 0.091 seconds
[2025-03-12T14:19:42.242+0200] {processor.py:186} INFO - Started process (PID=135000) to work on /home/munyah/.local/lib/python3.10/site-packages/airflow/example_dags/example_task_group_decorator.py
[2025-03-12T14:19:42.243+0200] {processor.py:914} INFO - Processing file /home/munyah/.local/lib/python3.10/site-packages/airflow/example_dags/example_task_group_decorator.py for tasks to queue
[2025-03-12T14:19:42.248+0200] {logging_mixin.py:190} INFO - [2025-03-12T14:19:42.247+0200] {dagbag.py:588} INFO - Filling up the DagBag from /home/munyah/.local/lib/python3.10/site-packages/airflow/example_dags/example_task_group_decorator.py
[2025-03-12T14:19:42.283+0200] {processor.py:925} INFO - DAG(s) 'example_task_group_decorator' retrieved from /home/munyah/.local/lib/python3.10/site-packages/airflow/example_dags/example_task_group_decorator.py
[2025-03-12T14:19:42.319+0200] {logging_mixin.py:190} INFO - [2025-03-12T14:19:42.319+0200] {dag.py:3239} INFO - Sync 1 DAGs
[2025-03-12T14:19:42.339+0200] {logging_mixin.py:190} INFO - [2025-03-12T14:19:42.338+0200] {dag.py:4180} INFO - Setting next_dagrun for example_task_group_decorator to None, run_after=None
[2025-03-12T14:19:42.370+0200] {processor.py:208} INFO - Processing /home/munyah/.local/lib/python3.10/site-packages/airflow/example_dags/example_task_group_decorator.py took 0.139 seconds
[2025-03-12T14:20:37.964+0200] {processor.py:186} INFO - Started process (PID=135172) to work on /home/munyah/.local/lib/python3.10/site-packages/airflow/example_dags/example_task_group_decorator.py
[2025-03-12T14:20:37.965+0200] {processor.py:914} INFO - Processing file /home/munyah/.local/lib/python3.10/site-packages/airflow/example_dags/example_task_group_decorator.py for tasks to queue
[2025-03-12T14:20:37.969+0200] {logging_mixin.py:190} INFO - [2025-03-12T14:20:37.968+0200] {dagbag.py:588} INFO - Filling up the DagBag from /home/munyah/.local/lib/python3.10/site-packages/airflow/example_dags/example_task_group_decorator.py
[2025-03-12T14:20:37.989+0200] {processor.py:925} INFO - DAG(s) 'example_task_group_decorator' retrieved from /home/munyah/.local/lib/python3.10/site-packages/airflow/example_dags/example_task_group_decorator.py
[2025-03-12T14:20:38.015+0200] {logging_mixin.py:190} INFO - [2025-03-12T14:20:38.015+0200] {dag.py:3239} INFO - Sync 1 DAGs
[2025-03-12T14:20:38.030+0200] {logging_mixin.py:190} INFO - [2025-03-12T14:20:38.030+0200] {dag.py:4180} INFO - Setting next_dagrun for example_task_group_decorator to None, run_after=None
[2025-03-12T14:20:38.053+0200] {processor.py:208} INFO - Processing /home/munyah/.local/lib/python3.10/site-packages/airflow/example_dags/example_task_group_decorator.py took 0.097 seconds
[2025-03-12T14:21:35.080+0200] {processor.py:186} INFO - Started process (PID=135375) to work on /home/munyah/.local/lib/python3.10/site-packages/airflow/example_dags/example_task_group_decorator.py
[2025-03-12T14:21:35.081+0200] {processor.py:914} INFO - Processing file /home/munyah/.local/lib/python3.10/site-packages/airflow/example_dags/example_task_group_decorator.py for tasks to queue
[2025-03-12T14:21:35.084+0200] {logging_mixin.py:190} INFO - [2025-03-12T14:21:35.084+0200] {dagbag.py:588} INFO - Filling up the DagBag from /home/munyah/.local/lib/python3.10/site-packages/airflow/example_dags/example_task_group_decorator.py
[2025-03-12T14:21:35.104+0200] {processor.py:925} INFO - DAG(s) 'example_task_group_decorator' retrieved from /home/munyah/.local/lib/python3.10/site-packages/airflow/example_dags/example_task_group_decorator.py
[2025-03-12T14:21:35.129+0200] {logging_mixin.py:190} INFO - [2025-03-12T14:21:35.128+0200] {dag.py:3239} INFO - Sync 1 DAGs
[2025-03-12T14:21:35.144+0200] {logging_mixin.py:190} INFO - [2025-03-12T14:21:35.144+0200] {dag.py:4180} INFO - Setting next_dagrun for example_task_group_decorator to None, run_after=None
[2025-03-12T14:21:35.168+0200] {processor.py:208} INFO - Processing /home/munyah/.local/lib/python3.10/site-packages/airflow/example_dags/example_task_group_decorator.py took 0.098 seconds
[2025-03-12T14:22:32.298+0200] {processor.py:186} INFO - Started process (PID=135733) to work on /home/munyah/.local/lib/python3.10/site-packages/airflow/example_dags/example_task_group_decorator.py
[2025-03-12T14:22:32.299+0200] {processor.py:914} INFO - Processing file /home/munyah/.local/lib/python3.10/site-packages/airflow/example_dags/example_task_group_decorator.py for tasks to queue
[2025-03-12T14:22:32.302+0200] {logging_mixin.py:190} INFO - [2025-03-12T14:22:32.302+0200] {dagbag.py:588} INFO - Filling up the DagBag from /home/munyah/.local/lib/python3.10/site-packages/airflow/example_dags/example_task_group_decorator.py
[2025-03-12T14:22:32.327+0200] {processor.py:925} INFO - DAG(s) 'example_task_group_decorator' retrieved from /home/munyah/.local/lib/python3.10/site-packages/airflow/example_dags/example_task_group_decorator.py
[2025-03-12T14:22:32.355+0200] {logging_mixin.py:190} INFO - [2025-03-12T14:22:32.355+0200] {dag.py:3239} INFO - Sync 1 DAGs
[2025-03-12T14:22:32.373+0200] {logging_mixin.py:190} INFO - [2025-03-12T14:22:32.372+0200] {dag.py:4180} INFO - Setting next_dagrun for example_task_group_decorator to None, run_after=None
[2025-03-12T14:22:32.399+0200] {processor.py:208} INFO - Processing /home/munyah/.local/lib/python3.10/site-packages/airflow/example_dags/example_task_group_decorator.py took 0.109 seconds
[2025-03-12T14:23:45.663+0200] {processor.py:186} INFO - Started process (PID=136533) to work on /home/munyah/.local/lib/python3.10/site-packages/airflow/example_dags/example_task_group_decorator.py
[2025-03-12T14:23:45.665+0200] {processor.py:914} INFO - Processing file /home/munyah/.local/lib/python3.10/site-packages/airflow/example_dags/example_task_group_decorator.py for tasks to queue
[2025-03-12T14:23:45.674+0200] {logging_mixin.py:190} INFO - [2025-03-12T14:23:45.673+0200] {dagbag.py:588} INFO - Filling up the DagBag from /home/munyah/.local/lib/python3.10/site-packages/airflow/example_dags/example_task_group_decorator.py
[2025-03-12T14:23:45.713+0200] {processor.py:925} INFO - DAG(s) 'example_task_group_decorator' retrieved from /home/munyah/.local/lib/python3.10/site-packages/airflow/example_dags/example_task_group_decorator.py
[2025-03-12T14:23:45.744+0200] {logging_mixin.py:190} INFO - [2025-03-12T14:23:45.744+0200] {dag.py:3239} INFO - Sync 1 DAGs
[2025-03-12T14:23:45.762+0200] {logging_mixin.py:190} INFO - [2025-03-12T14:23:45.761+0200] {dag.py:4180} INFO - Setting next_dagrun for example_task_group_decorator to None, run_after=None
[2025-03-12T14:23:45.788+0200] {processor.py:208} INFO - Processing /home/munyah/.local/lib/python3.10/site-packages/airflow/example_dags/example_task_group_decorator.py took 0.146 seconds
[2025-03-12T14:24:45.788+0200] {processor.py:186} INFO - Started process (PID=136778) to work on /home/munyah/.local/lib/python3.10/site-packages/airflow/example_dags/example_task_group_decorator.py
[2025-03-12T14:24:45.789+0200] {processor.py:914} INFO - Processing file /home/munyah/.local/lib/python3.10/site-packages/airflow/example_dags/example_task_group_decorator.py for tasks to queue
[2025-03-12T14:24:45.793+0200] {logging_mixin.py:190} INFO - [2025-03-12T14:24:45.792+0200] {dagbag.py:588} INFO - Filling up the DagBag from /home/munyah/.local/lib/python3.10/site-packages/airflow/example_dags/example_task_group_decorator.py
[2025-03-12T14:24:45.815+0200] {processor.py:925} INFO - DAG(s) 'example_task_group_decorator' retrieved from /home/munyah/.local/lib/python3.10/site-packages/airflow/example_dags/example_task_group_decorator.py
[2025-03-12T14:24:45.841+0200] {logging_mixin.py:190} INFO - [2025-03-12T14:24:45.841+0200] {dag.py:3239} INFO - Sync 1 DAGs
[2025-03-12T14:24:45.856+0200] {logging_mixin.py:190} INFO - [2025-03-12T14:24:45.855+0200] {dag.py:4180} INFO - Setting next_dagrun for example_task_group_decorator to None, run_after=None
[2025-03-12T14:24:45.879+0200] {processor.py:208} INFO - Processing /home/munyah/.local/lib/python3.10/site-packages/airflow/example_dags/example_task_group_decorator.py took 0.099 seconds
[2025-03-12T14:25:42.866+0200] {processor.py:186} INFO - Started process (PID=136962) to work on /home/munyah/.local/lib/python3.10/site-packages/airflow/example_dags/example_task_group_decorator.py
[2025-03-12T14:25:42.867+0200] {processor.py:914} INFO - Processing file /home/munyah/.local/lib/python3.10/site-packages/airflow/example_dags/example_task_group_decorator.py for tasks to queue
[2025-03-12T14:25:42.870+0200] {logging_mixin.py:190} INFO - [2025-03-12T14:25:42.870+0200] {dagbag.py:588} INFO - Filling up the DagBag from /home/munyah/.local/lib/python3.10/site-packages/airflow/example_dags/example_task_group_decorator.py
[2025-03-12T14:25:42.890+0200] {processor.py:925} INFO - DAG(s) 'example_task_group_decorator' retrieved from /home/munyah/.local/lib/python3.10/site-packages/airflow/example_dags/example_task_group_decorator.py
[2025-03-12T14:25:42.914+0200] {logging_mixin.py:190} INFO - [2025-03-12T14:25:42.914+0200] {dag.py:3239} INFO - Sync 1 DAGs
[2025-03-12T14:25:42.929+0200] {logging_mixin.py:190} INFO - [2025-03-12T14:25:42.929+0200] {dag.py:4180} INFO - Setting next_dagrun for example_task_group_decorator to None, run_after=None
[2025-03-12T14:25:42.952+0200] {processor.py:208} INFO - Processing /home/munyah/.local/lib/python3.10/site-packages/airflow/example_dags/example_task_group_decorator.py took 0.095 seconds
[2025-03-12T14:26:41.863+0200] {processor.py:186} INFO - Started process (PID=137147) to work on /home/munyah/.local/lib/python3.10/site-packages/airflow/example_dags/example_task_group_decorator.py
[2025-03-12T14:26:41.865+0200] {processor.py:914} INFO - Processing file /home/munyah/.local/lib/python3.10/site-packages/airflow/example_dags/example_task_group_decorator.py for tasks to queue
[2025-03-12T14:26:41.868+0200] {logging_mixin.py:190} INFO - [2025-03-12T14:26:41.867+0200] {dagbag.py:588} INFO - Filling up the DagBag from /home/munyah/.local/lib/python3.10/site-packages/airflow/example_dags/example_task_group_decorator.py
[2025-03-12T14:26:41.887+0200] {processor.py:925} INFO - DAG(s) 'example_task_group_decorator' retrieved from /home/munyah/.local/lib/python3.10/site-packages/airflow/example_dags/example_task_group_decorator.py
[2025-03-12T14:26:41.911+0200] {logging_mixin.py:190} INFO - [2025-03-12T14:26:41.911+0200] {dag.py:3239} INFO - Sync 1 DAGs
[2025-03-12T14:26:41.925+0200] {logging_mixin.py:190} INFO - [2025-03-12T14:26:41.925+0200] {dag.py:4180} INFO - Setting next_dagrun for example_task_group_decorator to None, run_after=None
[2025-03-12T14:26:41.948+0200] {processor.py:208} INFO - Processing /home/munyah/.local/lib/python3.10/site-packages/airflow/example_dags/example_task_group_decorator.py took 0.095 seconds
[2025-03-12T14:27:47.134+0200] {processor.py:186} INFO - Started process (PID=137375) to work on /home/munyah/.local/lib/python3.10/site-packages/airflow/example_dags/example_task_group_decorator.py
[2025-03-12T14:27:47.136+0200] {processor.py:914} INFO - Processing file /home/munyah/.local/lib/python3.10/site-packages/airflow/example_dags/example_task_group_decorator.py for tasks to queue
[2025-03-12T14:27:47.139+0200] {logging_mixin.py:190} INFO - [2025-03-12T14:27:47.138+0200] {dagbag.py:588} INFO - Filling up the DagBag from /home/munyah/.local/lib/python3.10/site-packages/airflow/example_dags/example_task_group_decorator.py
[2025-03-12T14:27:47.157+0200] {processor.py:925} INFO - DAG(s) 'example_task_group_decorator' retrieved from /home/munyah/.local/lib/python3.10/site-packages/airflow/example_dags/example_task_group_decorator.py
[2025-03-12T14:27:47.183+0200] {logging_mixin.py:190} INFO - [2025-03-12T14:27:47.183+0200] {dag.py:3239} INFO - Sync 1 DAGs
[2025-03-12T14:27:47.197+0200] {logging_mixin.py:190} INFO - [2025-03-12T14:27:47.196+0200] {dag.py:4180} INFO - Setting next_dagrun for example_task_group_decorator to None, run_after=None
[2025-03-12T14:27:47.219+0200] {processor.py:208} INFO - Processing /home/munyah/.local/lib/python3.10/site-packages/airflow/example_dags/example_task_group_decorator.py took 0.094 seconds
[2025-03-12T14:28:48.041+0200] {processor.py:186} INFO - Started process (PID=137566) to work on /home/munyah/.local/lib/python3.10/site-packages/airflow/example_dags/example_task_group_decorator.py
[2025-03-12T14:28:48.042+0200] {processor.py:914} INFO - Processing file /home/munyah/.local/lib/python3.10/site-packages/airflow/example_dags/example_task_group_decorator.py for tasks to queue
[2025-03-12T14:28:48.046+0200] {logging_mixin.py:190} INFO - [2025-03-12T14:28:48.045+0200] {dagbag.py:588} INFO - Filling up the DagBag from /home/munyah/.local/lib/python3.10/site-packages/airflow/example_dags/example_task_group_decorator.py
[2025-03-12T14:28:48.071+0200] {processor.py:925} INFO - DAG(s) 'example_task_group_decorator' retrieved from /home/munyah/.local/lib/python3.10/site-packages/airflow/example_dags/example_task_group_decorator.py
[2025-03-12T14:28:48.097+0200] {logging_mixin.py:190} INFO - [2025-03-12T14:28:48.096+0200] {dag.py:3239} INFO - Sync 1 DAGs
[2025-03-12T14:28:48.111+0200] {logging_mixin.py:190} INFO - [2025-03-12T14:28:48.111+0200] {dag.py:4180} INFO - Setting next_dagrun for example_task_group_decorator to None, run_after=None
[2025-03-12T14:28:48.135+0200] {processor.py:208} INFO - Processing /home/munyah/.local/lib/python3.10/site-packages/airflow/example_dags/example_task_group_decorator.py took 0.104 seconds
[2025-03-12T14:29:46.123+0200] {processor.py:186} INFO - Started process (PID=138565) to work on /home/munyah/.local/lib/python3.10/site-packages/airflow/example_dags/example_task_group_decorator.py
[2025-03-12T14:29:46.126+0200] {processor.py:914} INFO - Processing file /home/munyah/.local/lib/python3.10/site-packages/airflow/example_dags/example_task_group_decorator.py for tasks to queue
[2025-03-12T14:29:46.135+0200] {logging_mixin.py:190} INFO - [2025-03-12T14:29:46.134+0200] {dagbag.py:588} INFO - Filling up the DagBag from /home/munyah/.local/lib/python3.10/site-packages/airflow/example_dags/example_task_group_decorator.py
[2025-03-12T14:29:46.206+0200] {processor.py:925} INFO - DAG(s) 'example_task_group_decorator' retrieved from /home/munyah/.local/lib/python3.10/site-packages/airflow/example_dags/example_task_group_decorator.py
[2025-03-12T14:29:46.261+0200] {logging_mixin.py:190} INFO - [2025-03-12T14:29:46.261+0200] {dag.py:3239} INFO - Sync 1 DAGs
[2025-03-12T14:29:46.276+0200] {logging_mixin.py:190} INFO - [2025-03-12T14:29:46.276+0200] {dag.py:4180} INFO - Setting next_dagrun for example_task_group_decorator to None, run_after=None
[2025-03-12T14:29:46.298+0200] {processor.py:208} INFO - Processing /home/munyah/.local/lib/python3.10/site-packages/airflow/example_dags/example_task_group_decorator.py took 0.198 seconds
[2025-03-12T14:30:49.506+0200] {processor.py:186} INFO - Started process (PID=138814) to work on /home/munyah/.local/lib/python3.10/site-packages/airflow/example_dags/example_task_group_decorator.py
[2025-03-12T14:30:49.507+0200] {processor.py:914} INFO - Processing file /home/munyah/.local/lib/python3.10/site-packages/airflow/example_dags/example_task_group_decorator.py for tasks to queue
[2025-03-12T14:30:49.511+0200] {logging_mixin.py:190} INFO - [2025-03-12T14:30:49.510+0200] {dagbag.py:588} INFO - Filling up the DagBag from /home/munyah/.local/lib/python3.10/site-packages/airflow/example_dags/example_task_group_decorator.py
[2025-03-12T14:30:49.531+0200] {processor.py:925} INFO - DAG(s) 'example_task_group_decorator' retrieved from /home/munyah/.local/lib/python3.10/site-packages/airflow/example_dags/example_task_group_decorator.py
[2025-03-12T14:30:49.557+0200] {logging_mixin.py:190} INFO - [2025-03-12T14:30:49.557+0200] {dag.py:3239} INFO - Sync 1 DAGs
[2025-03-12T14:30:49.573+0200] {logging_mixin.py:190} INFO - [2025-03-12T14:30:49.573+0200] {dag.py:4180} INFO - Setting next_dagrun for example_task_group_decorator to None, run_after=None
[2025-03-12T14:30:49.595+0200] {processor.py:208} INFO - Processing /home/munyah/.local/lib/python3.10/site-packages/airflow/example_dags/example_task_group_decorator.py took 0.097 seconds
[2025-03-12T14:31:54.223+0200] {processor.py:186} INFO - Started process (PID=139019) to work on /home/munyah/.local/lib/python3.10/site-packages/airflow/example_dags/example_task_group_decorator.py
[2025-03-12T14:31:54.224+0200] {processor.py:914} INFO - Processing file /home/munyah/.local/lib/python3.10/site-packages/airflow/example_dags/example_task_group_decorator.py for tasks to queue
[2025-03-12T14:31:54.227+0200] {logging_mixin.py:190} INFO - [2025-03-12T14:31:54.227+0200] {dagbag.py:588} INFO - Filling up the DagBag from /home/munyah/.local/lib/python3.10/site-packages/airflow/example_dags/example_task_group_decorator.py
[2025-03-12T14:31:54.249+0200] {processor.py:925} INFO - DAG(s) 'example_task_group_decorator' retrieved from /home/munyah/.local/lib/python3.10/site-packages/airflow/example_dags/example_task_group_decorator.py
[2025-03-12T14:31:54.275+0200] {logging_mixin.py:190} INFO - [2025-03-12T14:31:54.274+0200] {dag.py:3239} INFO - Sync 1 DAGs
[2025-03-12T14:31:54.290+0200] {logging_mixin.py:190} INFO - [2025-03-12T14:31:54.290+0200] {dag.py:4180} INFO - Setting next_dagrun for example_task_group_decorator to None, run_after=None
[2025-03-12T14:31:54.313+0200] {processor.py:208} INFO - Processing /home/munyah/.local/lib/python3.10/site-packages/airflow/example_dags/example_task_group_decorator.py took 0.099 seconds
[2025-03-12T14:32:55.835+0200] {processor.py:186} INFO - Started process (PID=139727) to work on /home/munyah/.local/lib/python3.10/site-packages/airflow/example_dags/example_task_group_decorator.py
[2025-03-12T14:32:55.836+0200] {processor.py:914} INFO - Processing file /home/munyah/.local/lib/python3.10/site-packages/airflow/example_dags/example_task_group_decorator.py for tasks to queue
[2025-03-12T14:32:55.840+0200] {logging_mixin.py:190} INFO - [2025-03-12T14:32:55.840+0200] {dagbag.py:588} INFO - Filling up the DagBag from /home/munyah/.local/lib/python3.10/site-packages/airflow/example_dags/example_task_group_decorator.py
[2025-03-12T14:32:55.860+0200] {processor.py:925} INFO - DAG(s) 'example_task_group_decorator' retrieved from /home/munyah/.local/lib/python3.10/site-packages/airflow/example_dags/example_task_group_decorator.py
[2025-03-12T14:32:55.884+0200] {logging_mixin.py:190} INFO - [2025-03-12T14:32:55.883+0200] {dag.py:3239} INFO - Sync 1 DAGs
[2025-03-12T14:32:55.899+0200] {logging_mixin.py:190} INFO - [2025-03-12T14:32:55.899+0200] {dag.py:4180} INFO - Setting next_dagrun for example_task_group_decorator to None, run_after=None
[2025-03-12T14:32:55.921+0200] {processor.py:208} INFO - Processing /home/munyah/.local/lib/python3.10/site-packages/airflow/example_dags/example_task_group_decorator.py took 0.095 seconds
[2025-03-12T14:34:00.416+0200] {processor.py:186} INFO - Started process (PID=140002) to work on /home/munyah/.local/lib/python3.10/site-packages/airflow/example_dags/example_task_group_decorator.py
[2025-03-12T14:34:00.418+0200] {processor.py:914} INFO - Processing file /home/munyah/.local/lib/python3.10/site-packages/airflow/example_dags/example_task_group_decorator.py for tasks to queue
[2025-03-12T14:34:00.423+0200] {logging_mixin.py:190} INFO - [2025-03-12T14:34:00.422+0200] {dagbag.py:588} INFO - Filling up the DagBag from /home/munyah/.local/lib/python3.10/site-packages/airflow/example_dags/example_task_group_decorator.py
[2025-03-12T14:34:00.448+0200] {processor.py:925} INFO - DAG(s) 'example_task_group_decorator' retrieved from /home/munyah/.local/lib/python3.10/site-packages/airflow/example_dags/example_task_group_decorator.py
[2025-03-12T14:34:00.474+0200] {logging_mixin.py:190} INFO - [2025-03-12T14:34:00.474+0200] {dag.py:3239} INFO - Sync 1 DAGs
[2025-03-12T14:34:00.490+0200] {logging_mixin.py:190} INFO - [2025-03-12T14:34:00.490+0200] {dag.py:4180} INFO - Setting next_dagrun for example_task_group_decorator to None, run_after=None
[2025-03-12T14:34:00.514+0200] {processor.py:208} INFO - Processing /home/munyah/.local/lib/python3.10/site-packages/airflow/example_dags/example_task_group_decorator.py took 0.109 seconds
[2025-03-12T14:35:06.454+0200] {processor.py:186} INFO - Started process (PID=140182) to work on /home/munyah/.local/lib/python3.10/site-packages/airflow/example_dags/example_task_group_decorator.py
[2025-03-12T14:35:06.455+0200] {processor.py:914} INFO - Processing file /home/munyah/.local/lib/python3.10/site-packages/airflow/example_dags/example_task_group_decorator.py for tasks to queue
[2025-03-12T14:35:06.458+0200] {logging_mixin.py:190} INFO - [2025-03-12T14:35:06.458+0200] {dagbag.py:588} INFO - Filling up the DagBag from /home/munyah/.local/lib/python3.10/site-packages/airflow/example_dags/example_task_group_decorator.py
[2025-03-12T14:35:06.478+0200] {processor.py:925} INFO - DAG(s) 'example_task_group_decorator' retrieved from /home/munyah/.local/lib/python3.10/site-packages/airflow/example_dags/example_task_group_decorator.py
[2025-03-12T14:35:06.502+0200] {logging_mixin.py:190} INFO - [2025-03-12T14:35:06.502+0200] {dag.py:3239} INFO - Sync 1 DAGs
[2025-03-12T14:35:06.516+0200] {logging_mixin.py:190} INFO - [2025-03-12T14:35:06.516+0200] {dag.py:4180} INFO - Setting next_dagrun for example_task_group_decorator to None, run_after=None
[2025-03-12T14:35:06.540+0200] {processor.py:208} INFO - Processing /home/munyah/.local/lib/python3.10/site-packages/airflow/example_dags/example_task_group_decorator.py took 0.094 seconds
[2025-03-12T14:36:09.811+0200] {processor.py:186} INFO - Started process (PID=140378) to work on /home/munyah/.local/lib/python3.10/site-packages/airflow/example_dags/example_task_group_decorator.py
[2025-03-12T14:36:09.812+0200] {processor.py:914} INFO - Processing file /home/munyah/.local/lib/python3.10/site-packages/airflow/example_dags/example_task_group_decorator.py for tasks to queue
[2025-03-12T14:36:09.815+0200] {logging_mixin.py:190} INFO - [2025-03-12T14:36:09.815+0200] {dagbag.py:588} INFO - Filling up the DagBag from /home/munyah/.local/lib/python3.10/site-packages/airflow/example_dags/example_task_group_decorator.py
[2025-03-12T14:36:09.836+0200] {processor.py:925} INFO - DAG(s) 'example_task_group_decorator' retrieved from /home/munyah/.local/lib/python3.10/site-packages/airflow/example_dags/example_task_group_decorator.py
[2025-03-12T14:36:09.862+0200] {logging_mixin.py:190} INFO - [2025-03-12T14:36:09.862+0200] {dag.py:3239} INFO - Sync 1 DAGs
[2025-03-12T14:36:09.877+0200] {logging_mixin.py:190} INFO - [2025-03-12T14:36:09.877+0200] {dag.py:4180} INFO - Setting next_dagrun for example_task_group_decorator to None, run_after=None
[2025-03-12T14:36:09.903+0200] {processor.py:208} INFO - Processing /home/munyah/.local/lib/python3.10/site-packages/airflow/example_dags/example_task_group_decorator.py took 0.100 seconds
[2025-03-12T14:37:13.795+0200] {processor.py:186} INFO - Started process (PID=140564) to work on /home/munyah/.local/lib/python3.10/site-packages/airflow/example_dags/example_task_group_decorator.py
[2025-03-12T14:37:13.796+0200] {processor.py:914} INFO - Processing file /home/munyah/.local/lib/python3.10/site-packages/airflow/example_dags/example_task_group_decorator.py for tasks to queue
[2025-03-12T14:37:13.799+0200] {logging_mixin.py:190} INFO - [2025-03-12T14:37:13.798+0200] {dagbag.py:588} INFO - Filling up the DagBag from /home/munyah/.local/lib/python3.10/site-packages/airflow/example_dags/example_task_group_decorator.py
[2025-03-12T14:37:13.819+0200] {processor.py:925} INFO - DAG(s) 'example_task_group_decorator' retrieved from /home/munyah/.local/lib/python3.10/site-packages/airflow/example_dags/example_task_group_decorator.py
[2025-03-12T14:37:13.843+0200] {logging_mixin.py:190} INFO - [2025-03-12T14:37:13.842+0200] {dag.py:3239} INFO - Sync 1 DAGs
[2025-03-12T14:37:13.857+0200] {logging_mixin.py:190} INFO - [2025-03-12T14:37:13.857+0200] {dag.py:4180} INFO - Setting next_dagrun for example_task_group_decorator to None, run_after=None
[2025-03-12T14:37:13.878+0200] {processor.py:208} INFO - Processing /home/munyah/.local/lib/python3.10/site-packages/airflow/example_dags/example_task_group_decorator.py took 0.094 seconds
[2025-03-12T14:38:17.322+0200] {processor.py:186} INFO - Started process (PID=140672) to work on /home/munyah/.local/lib/python3.10/site-packages/airflow/example_dags/example_task_group_decorator.py
[2025-03-12T14:38:17.323+0200] {processor.py:914} INFO - Processing file /home/munyah/.local/lib/python3.10/site-packages/airflow/example_dags/example_task_group_decorator.py for tasks to queue
[2025-03-12T14:38:17.326+0200] {logging_mixin.py:190} INFO - [2025-03-12T14:38:17.325+0200] {dagbag.py:588} INFO - Filling up the DagBag from /home/munyah/.local/lib/python3.10/site-packages/airflow/example_dags/example_task_group_decorator.py
[2025-03-12T14:38:17.344+0200] {processor.py:925} INFO - DAG(s) 'example_task_group_decorator' retrieved from /home/munyah/.local/lib/python3.10/site-packages/airflow/example_dags/example_task_group_decorator.py
[2025-03-12T14:38:17.367+0200] {logging_mixin.py:190} INFO - [2025-03-12T14:38:17.367+0200] {dag.py:3239} INFO - Sync 1 DAGs
[2025-03-12T14:38:17.381+0200] {logging_mixin.py:190} INFO - [2025-03-12T14:38:17.381+0200] {dag.py:4180} INFO - Setting next_dagrun for example_task_group_decorator to None, run_after=None
[2025-03-12T14:38:17.402+0200] {processor.py:208} INFO - Processing /home/munyah/.local/lib/python3.10/site-packages/airflow/example_dags/example_task_group_decorator.py took 0.088 seconds
[2025-03-12T14:39:23.819+0200] {processor.py:186} INFO - Started process (PID=140753) to work on /home/munyah/.local/lib/python3.10/site-packages/airflow/example_dags/example_task_group_decorator.py
[2025-03-12T14:39:23.820+0200] {processor.py:914} INFO - Processing file /home/munyah/.local/lib/python3.10/site-packages/airflow/example_dags/example_task_group_decorator.py for tasks to queue
[2025-03-12T14:39:23.824+0200] {logging_mixin.py:190} INFO - [2025-03-12T14:39:23.823+0200] {dagbag.py:588} INFO - Filling up the DagBag from /home/munyah/.local/lib/python3.10/site-packages/airflow/example_dags/example_task_group_decorator.py
[2025-03-12T14:39:23.845+0200] {processor.py:925} INFO - DAG(s) 'example_task_group_decorator' retrieved from /home/munyah/.local/lib/python3.10/site-packages/airflow/example_dags/example_task_group_decorator.py
[2025-03-12T14:39:23.869+0200] {logging_mixin.py:190} INFO - [2025-03-12T14:39:23.869+0200] {dag.py:3239} INFO - Sync 1 DAGs
[2025-03-12T14:39:23.882+0200] {logging_mixin.py:190} INFO - [2025-03-12T14:39:23.882+0200] {dag.py:4180} INFO - Setting next_dagrun for example_task_group_decorator to None, run_after=None
[2025-03-12T14:39:23.902+0200] {processor.py:208} INFO - Processing /home/munyah/.local/lib/python3.10/site-packages/airflow/example_dags/example_task_group_decorator.py took 0.090 seconds
[2025-03-12T14:40:29.410+0200] {processor.py:186} INFO - Started process (PID=140889) to work on /home/munyah/.local/lib/python3.10/site-packages/airflow/example_dags/example_task_group_decorator.py
[2025-03-12T14:40:29.412+0200] {processor.py:914} INFO - Processing file /home/munyah/.local/lib/python3.10/site-packages/airflow/example_dags/example_task_group_decorator.py for tasks to queue
[2025-03-12T14:40:29.415+0200] {logging_mixin.py:190} INFO - [2025-03-12T14:40:29.415+0200] {dagbag.py:588} INFO - Filling up the DagBag from /home/munyah/.local/lib/python3.10/site-packages/airflow/example_dags/example_task_group_decorator.py
[2025-03-12T14:40:29.434+0200] {processor.py:925} INFO - DAG(s) 'example_task_group_decorator' retrieved from /home/munyah/.local/lib/python3.10/site-packages/airflow/example_dags/example_task_group_decorator.py
[2025-03-12T14:40:29.457+0200] {logging_mixin.py:190} INFO - [2025-03-12T14:40:29.457+0200] {dag.py:3239} INFO - Sync 1 DAGs
[2025-03-12T14:40:29.471+0200] {logging_mixin.py:190} INFO - [2025-03-12T14:40:29.471+0200] {dag.py:4180} INFO - Setting next_dagrun for example_task_group_decorator to None, run_after=None
[2025-03-12T14:40:29.491+0200] {processor.py:208} INFO - Processing /home/munyah/.local/lib/python3.10/site-packages/airflow/example_dags/example_task_group_decorator.py took 0.091 seconds
[2025-03-12T14:41:34.070+0200] {processor.py:186} INFO - Started process (PID=141193) to work on /home/munyah/.local/lib/python3.10/site-packages/airflow/example_dags/example_task_group_decorator.py
[2025-03-12T14:41:34.071+0200] {processor.py:914} INFO - Processing file /home/munyah/.local/lib/python3.10/site-packages/airflow/example_dags/example_task_group_decorator.py for tasks to queue
[2025-03-12T14:41:34.076+0200] {logging_mixin.py:190} INFO - [2025-03-12T14:41:34.075+0200] {dagbag.py:588} INFO - Filling up the DagBag from /home/munyah/.local/lib/python3.10/site-packages/airflow/example_dags/example_task_group_decorator.py
[2025-03-12T14:41:34.096+0200] {processor.py:925} INFO - DAG(s) 'example_task_group_decorator' retrieved from /home/munyah/.local/lib/python3.10/site-packages/airflow/example_dags/example_task_group_decorator.py
[2025-03-12T14:41:34.121+0200] {logging_mixin.py:190} INFO - [2025-03-12T14:41:34.120+0200] {dag.py:3239} INFO - Sync 1 DAGs
[2025-03-12T14:41:34.135+0200] {logging_mixin.py:190} INFO - [2025-03-12T14:41:34.135+0200] {dag.py:4180} INFO - Setting next_dagrun for example_task_group_decorator to None, run_after=None
[2025-03-12T14:41:34.158+0200] {processor.py:208} INFO - Processing /home/munyah/.local/lib/python3.10/site-packages/airflow/example_dags/example_task_group_decorator.py took 0.094 seconds
[2025-03-12T14:42:34.911+0200] {processor.py:186} INFO - Started process (PID=141393) to work on /home/munyah/.local/lib/python3.10/site-packages/airflow/example_dags/example_task_group_decorator.py
[2025-03-12T14:42:34.912+0200] {processor.py:914} INFO - Processing file /home/munyah/.local/lib/python3.10/site-packages/airflow/example_dags/example_task_group_decorator.py for tasks to queue
[2025-03-12T14:42:34.915+0200] {logging_mixin.py:190} INFO - [2025-03-12T14:42:34.915+0200] {dagbag.py:588} INFO - Filling up the DagBag from /home/munyah/.local/lib/python3.10/site-packages/airflow/example_dags/example_task_group_decorator.py
[2025-03-12T14:42:34.939+0200] {processor.py:925} INFO - DAG(s) 'example_task_group_decorator' retrieved from /home/munyah/.local/lib/python3.10/site-packages/airflow/example_dags/example_task_group_decorator.py
[2025-03-12T14:42:34.962+0200] {logging_mixin.py:190} INFO - [2025-03-12T14:42:34.962+0200] {dag.py:3239} INFO - Sync 1 DAGs
[2025-03-12T14:42:34.976+0200] {logging_mixin.py:190} INFO - [2025-03-12T14:42:34.976+0200] {dag.py:4180} INFO - Setting next_dagrun for example_task_group_decorator to None, run_after=None
[2025-03-12T14:42:34.999+0200] {processor.py:208} INFO - Processing /home/munyah/.local/lib/python3.10/site-packages/airflow/example_dags/example_task_group_decorator.py took 0.095 seconds
[2025-03-12T14:43:33.303+0200] {processor.py:186} INFO - Started process (PID=141557) to work on /home/munyah/.local/lib/python3.10/site-packages/airflow/example_dags/example_task_group_decorator.py
[2025-03-12T14:43:33.304+0200] {processor.py:914} INFO - Processing file /home/munyah/.local/lib/python3.10/site-packages/airflow/example_dags/example_task_group_decorator.py for tasks to queue
[2025-03-12T14:43:33.307+0200] {logging_mixin.py:190} INFO - [2025-03-12T14:43:33.307+0200] {dagbag.py:588} INFO - Filling up the DagBag from /home/munyah/.local/lib/python3.10/site-packages/airflow/example_dags/example_task_group_decorator.py
[2025-03-12T14:43:33.326+0200] {processor.py:925} INFO - DAG(s) 'example_task_group_decorator' retrieved from /home/munyah/.local/lib/python3.10/site-packages/airflow/example_dags/example_task_group_decorator.py
[2025-03-12T14:43:33.351+0200] {logging_mixin.py:190} INFO - [2025-03-12T14:43:33.351+0200] {dag.py:3239} INFO - Sync 1 DAGs
[2025-03-12T14:43:33.366+0200] {logging_mixin.py:190} INFO - [2025-03-12T14:43:33.366+0200] {dag.py:4180} INFO - Setting next_dagrun for example_task_group_decorator to None, run_after=None
[2025-03-12T14:43:33.391+0200] {processor.py:208} INFO - Processing /home/munyah/.local/lib/python3.10/site-packages/airflow/example_dags/example_task_group_decorator.py took 0.095 seconds
[2025-03-12T14:44:32.253+0200] {processor.py:186} INFO - Started process (PID=141749) to work on /home/munyah/.local/lib/python3.10/site-packages/airflow/example_dags/example_task_group_decorator.py
[2025-03-12T14:44:32.254+0200] {processor.py:914} INFO - Processing file /home/munyah/.local/lib/python3.10/site-packages/airflow/example_dags/example_task_group_decorator.py for tasks to queue
[2025-03-12T14:44:32.257+0200] {logging_mixin.py:190} INFO - [2025-03-12T14:44:32.256+0200] {dagbag.py:588} INFO - Filling up the DagBag from /home/munyah/.local/lib/python3.10/site-packages/airflow/example_dags/example_task_group_decorator.py
[2025-03-12T14:44:32.276+0200] {processor.py:925} INFO - DAG(s) 'example_task_group_decorator' retrieved from /home/munyah/.local/lib/python3.10/site-packages/airflow/example_dags/example_task_group_decorator.py
[2025-03-12T14:44:32.300+0200] {logging_mixin.py:190} INFO - [2025-03-12T14:44:32.299+0200] {dag.py:3239} INFO - Sync 1 DAGs
[2025-03-12T14:44:32.313+0200] {logging_mixin.py:190} INFO - [2025-03-12T14:44:32.313+0200] {dag.py:4180} INFO - Setting next_dagrun for example_task_group_decorator to None, run_after=None
[2025-03-12T14:44:32.336+0200] {processor.py:208} INFO - Processing /home/munyah/.local/lib/python3.10/site-packages/airflow/example_dags/example_task_group_decorator.py took 0.091 seconds
[2025-03-12T14:45:32.009+0200] {processor.py:186} INFO - Started process (PID=141910) to work on /home/munyah/.local/lib/python3.10/site-packages/airflow/example_dags/example_task_group_decorator.py
[2025-03-12T14:45:32.010+0200] {processor.py:914} INFO - Processing file /home/munyah/.local/lib/python3.10/site-packages/airflow/example_dags/example_task_group_decorator.py for tasks to queue
[2025-03-12T14:45:32.013+0200] {logging_mixin.py:190} INFO - [2025-03-12T14:45:32.013+0200] {dagbag.py:588} INFO - Filling up the DagBag from /home/munyah/.local/lib/python3.10/site-packages/airflow/example_dags/example_task_group_decorator.py
[2025-03-12T14:45:32.035+0200] {processor.py:925} INFO - DAG(s) 'example_task_group_decorator' retrieved from /home/munyah/.local/lib/python3.10/site-packages/airflow/example_dags/example_task_group_decorator.py
[2025-03-12T14:45:32.060+0200] {logging_mixin.py:190} INFO - [2025-03-12T14:45:32.060+0200] {dag.py:3239} INFO - Sync 1 DAGs
[2025-03-12T14:45:32.077+0200] {logging_mixin.py:190} INFO - [2025-03-12T14:45:32.077+0200] {dag.py:4180} INFO - Setting next_dagrun for example_task_group_decorator to None, run_after=None
[2025-03-12T14:45:32.100+0200] {processor.py:208} INFO - Processing /home/munyah/.local/lib/python3.10/site-packages/airflow/example_dags/example_task_group_decorator.py took 0.100 seconds
[2025-03-12T14:46:30.416+0200] {processor.py:186} INFO - Started process (PID=142174) to work on /home/munyah/.local/lib/python3.10/site-packages/airflow/example_dags/example_task_group_decorator.py
[2025-03-12T14:46:30.418+0200] {processor.py:914} INFO - Processing file /home/munyah/.local/lib/python3.10/site-packages/airflow/example_dags/example_task_group_decorator.py for tasks to queue
[2025-03-12T14:46:30.423+0200] {logging_mixin.py:190} INFO - [2025-03-12T14:46:30.422+0200] {dagbag.py:588} INFO - Filling up the DagBag from /home/munyah/.local/lib/python3.10/site-packages/airflow/example_dags/example_task_group_decorator.py
[2025-03-12T14:46:30.447+0200] {processor.py:925} INFO - DAG(s) 'example_task_group_decorator' retrieved from /home/munyah/.local/lib/python3.10/site-packages/airflow/example_dags/example_task_group_decorator.py
[2025-03-12T14:46:30.471+0200] {logging_mixin.py:190} INFO - [2025-03-12T14:46:30.470+0200] {dag.py:3239} INFO - Sync 1 DAGs
[2025-03-12T14:46:30.486+0200] {logging_mixin.py:190} INFO - [2025-03-12T14:46:30.486+0200] {dag.py:4180} INFO - Setting next_dagrun for example_task_group_decorator to None, run_after=None
[2025-03-12T14:46:30.507+0200] {processor.py:208} INFO - Processing /home/munyah/.local/lib/python3.10/site-packages/airflow/example_dags/example_task_group_decorator.py took 0.102 seconds
[2025-03-12T14:49:25.558+0200] {processor.py:186} INFO - Started process (PID=142748) to work on /home/munyah/.local/lib/python3.10/site-packages/airflow/example_dags/example_task_group_decorator.py
[2025-03-12T14:49:25.660+0200] {processor.py:914} INFO - Processing file /home/munyah/.local/lib/python3.10/site-packages/airflow/example_dags/example_task_group_decorator.py for tasks to queue
[2025-03-12T14:49:25.677+0200] {logging_mixin.py:190} INFO - [2025-03-12T14:49:25.675+0200] {dagbag.py:588} INFO - Filling up the DagBag from /home/munyah/.local/lib/python3.10/site-packages/airflow/example_dags/example_task_group_decorator.py
[2025-03-12T14:49:25.756+0200] {processor.py:925} INFO - DAG(s) 'example_task_group_decorator' retrieved from /home/munyah/.local/lib/python3.10/site-packages/airflow/example_dags/example_task_group_decorator.py
[2025-03-12T14:49:25.783+0200] {logging_mixin.py:190} INFO - [2025-03-12T14:49:25.783+0200] {dag.py:3239} INFO - Sync 1 DAGs
[2025-03-12T14:49:25.799+0200] {logging_mixin.py:190} INFO - [2025-03-12T14:49:25.799+0200] {dag.py:4180} INFO - Setting next_dagrun for example_task_group_decorator to None, run_after=None
[2025-03-12T14:49:26.168+0200] {processor.py:208} INFO - Processing /home/munyah/.local/lib/python3.10/site-packages/airflow/example_dags/example_task_group_decorator.py took 0.624 seconds
[2025-03-12T14:50:11.657+0200] {processor.py:186} INFO - Started process (PID=142871) to work on /home/munyah/.local/lib/python3.10/site-packages/airflow/example_dags/example_task_group_decorator.py
[2025-03-12T14:50:11.659+0200] {processor.py:914} INFO - Processing file /home/munyah/.local/lib/python3.10/site-packages/airflow/example_dags/example_task_group_decorator.py for tasks to queue
[2025-03-12T14:50:11.662+0200] {logging_mixin.py:190} INFO - [2025-03-12T14:50:11.662+0200] {dagbag.py:588} INFO - Filling up the DagBag from /home/munyah/.local/lib/python3.10/site-packages/airflow/example_dags/example_task_group_decorator.py
[2025-03-12T14:50:11.682+0200] {processor.py:925} INFO - DAG(s) 'example_task_group_decorator' retrieved from /home/munyah/.local/lib/python3.10/site-packages/airflow/example_dags/example_task_group_decorator.py
[2025-03-12T14:50:11.707+0200] {logging_mixin.py:190} INFO - [2025-03-12T14:50:11.706+0200] {dag.py:3239} INFO - Sync 1 DAGs
[2025-03-12T14:50:11.720+0200] {logging_mixin.py:190} INFO - [2025-03-12T14:50:11.720+0200] {dag.py:4180} INFO - Setting next_dagrun for example_task_group_decorator to None, run_after=None
[2025-03-12T14:50:11.741+0200] {processor.py:208} INFO - Processing /home/munyah/.local/lib/python3.10/site-packages/airflow/example_dags/example_task_group_decorator.py took 0.092 seconds
[2025-03-12T14:51:17.013+0200] {processor.py:186} INFO - Started process (PID=143109) to work on /home/munyah/.local/lib/python3.10/site-packages/airflow/example_dags/example_task_group_decorator.py
[2025-03-12T14:51:17.015+0200] {processor.py:914} INFO - Processing file /home/munyah/.local/lib/python3.10/site-packages/airflow/example_dags/example_task_group_decorator.py for tasks to queue
[2025-03-12T14:51:17.017+0200] {logging_mixin.py:190} INFO - [2025-03-12T14:51:17.017+0200] {dagbag.py:588} INFO - Filling up the DagBag from /home/munyah/.local/lib/python3.10/site-packages/airflow/example_dags/example_task_group_decorator.py
[2025-03-12T14:51:17.041+0200] {processor.py:925} INFO - DAG(s) 'example_task_group_decorator' retrieved from /home/munyah/.local/lib/python3.10/site-packages/airflow/example_dags/example_task_group_decorator.py
[2025-03-12T14:51:17.066+0200] {logging_mixin.py:190} INFO - [2025-03-12T14:51:17.066+0200] {dag.py:3239} INFO - Sync 1 DAGs
[2025-03-12T14:51:17.081+0200] {logging_mixin.py:190} INFO - [2025-03-12T14:51:17.080+0200] {dag.py:4180} INFO - Setting next_dagrun for example_task_group_decorator to None, run_after=None
[2025-03-12T14:51:17.103+0200] {processor.py:208} INFO - Processing /home/munyah/.local/lib/python3.10/site-packages/airflow/example_dags/example_task_group_decorator.py took 0.098 seconds
[2025-03-12T14:52:26.891+0200] {processor.py:186} INFO - Started process (PID=143300) to work on /home/munyah/.local/lib/python3.10/site-packages/airflow/example_dags/example_task_group_decorator.py
[2025-03-12T14:52:26.892+0200] {processor.py:914} INFO - Processing file /home/munyah/.local/lib/python3.10/site-packages/airflow/example_dags/example_task_group_decorator.py for tasks to queue
[2025-03-12T14:52:26.895+0200] {logging_mixin.py:190} INFO - [2025-03-12T14:52:26.894+0200] {dagbag.py:588} INFO - Filling up the DagBag from /home/munyah/.local/lib/python3.10/site-packages/airflow/example_dags/example_task_group_decorator.py
[2025-03-12T14:52:26.913+0200] {processor.py:925} INFO - DAG(s) 'example_task_group_decorator' retrieved from /home/munyah/.local/lib/python3.10/site-packages/airflow/example_dags/example_task_group_decorator.py
[2025-03-12T14:52:26.952+0200] {logging_mixin.py:190} INFO - [2025-03-12T14:52:26.952+0200] {dag.py:3239} INFO - Sync 1 DAGs
[2025-03-12T14:52:26.976+0200] {logging_mixin.py:190} INFO - [2025-03-12T14:52:26.976+0200] {dag.py:4180} INFO - Setting next_dagrun for example_task_group_decorator to None, run_after=None
[2025-03-12T14:52:27.003+0200] {processor.py:208} INFO - Processing /home/munyah/.local/lib/python3.10/site-packages/airflow/example_dags/example_task_group_decorator.py took 0.122 seconds
[2025-03-12T14:53:39.970+0200] {processor.py:186} INFO - Started process (PID=143547) to work on /home/munyah/.local/lib/python3.10/site-packages/airflow/example_dags/example_task_group_decorator.py
[2025-03-12T14:53:39.973+0200] {processor.py:914} INFO - Processing file /home/munyah/.local/lib/python3.10/site-packages/airflow/example_dags/example_task_group_decorator.py for tasks to queue
[2025-03-12T14:53:39.988+0200] {logging_mixin.py:190} INFO - [2025-03-12T14:53:39.976+0200] {dagbag.py:588} INFO - Filling up the DagBag from /home/munyah/.local/lib/python3.10/site-packages/airflow/example_dags/example_task_group_decorator.py
[2025-03-12T14:53:40.043+0200] {processor.py:925} INFO - DAG(s) 'example_task_group_decorator' retrieved from /home/munyah/.local/lib/python3.10/site-packages/airflow/example_dags/example_task_group_decorator.py
[2025-03-12T14:53:40.086+0200] {logging_mixin.py:190} INFO - [2025-03-12T14:53:40.086+0200] {dag.py:3239} INFO - Sync 1 DAGs
[2025-03-12T14:53:40.112+0200] {logging_mixin.py:190} INFO - [2025-03-12T14:53:40.111+0200] {dag.py:4180} INFO - Setting next_dagrun for example_task_group_decorator to None, run_after=None
[2025-03-12T14:53:40.152+0200] {processor.py:208} INFO - Processing /home/munyah/.local/lib/python3.10/site-packages/airflow/example_dags/example_task_group_decorator.py took 0.195 seconds
