[2025-03-12T08:21:10.405+0200] {processor.py:186} INFO - Started process (PID=133845) to work on /home/munyah/.local/lib/python3.10/site-packages/airflow/example_dags/example_xcom.py
[2025-03-12T08:21:10.406+0200] {processor.py:914} INFO - Processing file /home/munyah/.local/lib/python3.10/site-packages/airflow/example_dags/example_xcom.py for tasks to queue
[2025-03-12T08:21:10.411+0200] {logging_mixin.py:190} INFO - [2025-03-12T08:21:10.410+0200] {dagbag.py:588} INFO - Filling up the DagBag from /home/munyah/.local/lib/python3.10/site-packages/airflow/example_dags/example_xcom.py
[2025-03-12T08:21:10.431+0200] {processor.py:925} INFO - DAG(s) 'example_xcom' retrieved from /home/munyah/.local/lib/python3.10/site-packages/airflow/example_dags/example_xcom.py
[2025-03-12T08:21:10.451+0200] {logging_mixin.py:190} INFO - [2025-03-12T08:21:10.450+0200] {dag.py:3239} INFO - Sync 1 DAGs
[2025-03-12T08:21:10.471+0200] {logging_mixin.py:190} INFO - [2025-03-12T08:21:10.471+0200] {dag.py:4180} INFO - Setting next_dagrun for example_xcom to None, run_after=None
[2025-03-12T08:21:10.492+0200] {processor.py:208} INFO - Processing /home/munyah/.local/lib/python3.10/site-packages/airflow/example_dags/example_xcom.py took 0.115 seconds
[2025-03-12T14:17:47.303+0200] {processor.py:186} INFO - Started process (PID=134580) to work on /home/munyah/.local/lib/python3.10/site-packages/airflow/example_dags/example_xcom.py
[2025-03-12T14:17:47.305+0200] {processor.py:914} INFO - Processing file /home/munyah/.local/lib/python3.10/site-packages/airflow/example_dags/example_xcom.py for tasks to queue
[2025-03-12T14:17:47.307+0200] {logging_mixin.py:190} INFO - [2025-03-12T14:17:47.307+0200] {dagbag.py:588} INFO - Filling up the DagBag from /home/munyah/.local/lib/python3.10/site-packages/airflow/example_dags/example_xcom.py
[2025-03-12T14:17:47.318+0200] {processor.py:925} INFO - DAG(s) 'example_xcom' retrieved from /home/munyah/.local/lib/python3.10/site-packages/airflow/example_dags/example_xcom.py
[2025-03-12T14:17:47.339+0200] {logging_mixin.py:190} INFO - [2025-03-12T14:17:47.339+0200] {dag.py:3239} INFO - Sync 1 DAGs
[2025-03-12T14:17:47.363+0200] {logging_mixin.py:190} INFO - [2025-03-12T14:17:47.362+0200] {dag.py:4180} INFO - Setting next_dagrun for example_xcom to None, run_after=None
[2025-03-12T14:17:47.388+0200] {processor.py:208} INFO - Processing /home/munyah/.local/lib/python3.10/site-packages/airflow/example_dags/example_xcom.py took 0.093 seconds
[2025-03-12T14:18:47.402+0200] {processor.py:186} INFO - Started process (PID=134844) to work on /home/munyah/.local/lib/python3.10/site-packages/airflow/example_dags/example_xcom.py
[2025-03-12T14:18:47.403+0200] {processor.py:914} INFO - Processing file /home/munyah/.local/lib/python3.10/site-packages/airflow/example_dags/example_xcom.py for tasks to queue
[2025-03-12T14:18:47.405+0200] {logging_mixin.py:190} INFO - [2025-03-12T14:18:47.405+0200] {dagbag.py:588} INFO - Filling up the DagBag from /home/munyah/.local/lib/python3.10/site-packages/airflow/example_dags/example_xcom.py
[2025-03-12T14:18:47.417+0200] {processor.py:925} INFO - DAG(s) 'example_xcom' retrieved from /home/munyah/.local/lib/python3.10/site-packages/airflow/example_dags/example_xcom.py
[2025-03-12T14:18:47.437+0200] {logging_mixin.py:190} INFO - [2025-03-12T14:18:47.437+0200] {dag.py:3239} INFO - Sync 1 DAGs
[2025-03-12T14:18:47.462+0200] {logging_mixin.py:190} INFO - [2025-03-12T14:18:47.462+0200] {dag.py:4180} INFO - Setting next_dagrun for example_xcom to None, run_after=None
[2025-03-12T14:18:47.484+0200] {processor.py:208} INFO - Processing /home/munyah/.local/lib/python3.10/site-packages/airflow/example_dags/example_xcom.py took 0.090 seconds
[2025-03-12T14:19:44.678+0200] {processor.py:186} INFO - Started process (PID=135007) to work on /home/munyah/.local/lib/python3.10/site-packages/airflow/example_dags/example_xcom.py
[2025-03-12T14:19:44.679+0200] {processor.py:914} INFO - Processing file /home/munyah/.local/lib/python3.10/site-packages/airflow/example_dags/example_xcom.py for tasks to queue
[2025-03-12T14:19:44.681+0200] {logging_mixin.py:190} INFO - [2025-03-12T14:19:44.681+0200] {dagbag.py:588} INFO - Filling up the DagBag from /home/munyah/.local/lib/python3.10/site-packages/airflow/example_dags/example_xcom.py
[2025-03-12T14:19:44.692+0200] {processor.py:925} INFO - DAG(s) 'example_xcom' retrieved from /home/munyah/.local/lib/python3.10/site-packages/airflow/example_dags/example_xcom.py
[2025-03-12T14:19:44.711+0200] {logging_mixin.py:190} INFO - [2025-03-12T14:19:44.711+0200] {dag.py:3239} INFO - Sync 1 DAGs
[2025-03-12T14:19:44.734+0200] {logging_mixin.py:190} INFO - [2025-03-12T14:19:44.734+0200] {dag.py:4180} INFO - Setting next_dagrun for example_xcom to None, run_after=None
[2025-03-12T14:19:44.756+0200] {processor.py:208} INFO - Processing /home/munyah/.local/lib/python3.10/site-packages/airflow/example_dags/example_xcom.py took 0.085 seconds
[2025-03-12T14:20:39.612+0200] {processor.py:186} INFO - Started process (PID=135177) to work on /home/munyah/.local/lib/python3.10/site-packages/airflow/example_dags/example_xcom.py
[2025-03-12T14:20:39.614+0200] {processor.py:914} INFO - Processing file /home/munyah/.local/lib/python3.10/site-packages/airflow/example_dags/example_xcom.py for tasks to queue
[2025-03-12T14:20:39.619+0200] {logging_mixin.py:190} INFO - [2025-03-12T14:20:39.618+0200] {dagbag.py:588} INFO - Filling up the DagBag from /home/munyah/.local/lib/python3.10/site-packages/airflow/example_dags/example_xcom.py
[2025-03-12T14:20:39.632+0200] {processor.py:925} INFO - DAG(s) 'example_xcom' retrieved from /home/munyah/.local/lib/python3.10/site-packages/airflow/example_dags/example_xcom.py
[2025-03-12T14:20:39.658+0200] {logging_mixin.py:190} INFO - [2025-03-12T14:20:39.658+0200] {dag.py:3239} INFO - Sync 1 DAGs
[2025-03-12T14:20:39.686+0200] {logging_mixin.py:190} INFO - [2025-03-12T14:20:39.684+0200] {dag.py:4180} INFO - Setting next_dagrun for example_xcom to None, run_after=None
[2025-03-12T14:20:39.712+0200] {processor.py:208} INFO - Processing /home/munyah/.local/lib/python3.10/site-packages/airflow/example_dags/example_xcom.py took 0.107 seconds
[2025-03-12T14:21:37.553+0200] {processor.py:186} INFO - Started process (PID=135384) to work on /home/munyah/.local/lib/python3.10/site-packages/airflow/example_dags/example_xcom.py
[2025-03-12T14:21:37.554+0200] {processor.py:914} INFO - Processing file /home/munyah/.local/lib/python3.10/site-packages/airflow/example_dags/example_xcom.py for tasks to queue
[2025-03-12T14:21:37.557+0200] {logging_mixin.py:190} INFO - [2025-03-12T14:21:37.556+0200] {dagbag.py:588} INFO - Filling up the DagBag from /home/munyah/.local/lib/python3.10/site-packages/airflow/example_dags/example_xcom.py
[2025-03-12T14:21:37.569+0200] {processor.py:925} INFO - DAG(s) 'example_xcom' retrieved from /home/munyah/.local/lib/python3.10/site-packages/airflow/example_dags/example_xcom.py
[2025-03-12T14:21:37.587+0200] {logging_mixin.py:190} INFO - [2025-03-12T14:21:37.587+0200] {dag.py:3239} INFO - Sync 1 DAGs
[2025-03-12T14:21:37.609+0200] {logging_mixin.py:190} INFO - [2025-03-12T14:21:37.609+0200] {dag.py:4180} INFO - Setting next_dagrun for example_xcom to None, run_after=None
[2025-03-12T14:21:37.631+0200] {processor.py:208} INFO - Processing /home/munyah/.local/lib/python3.10/site-packages/airflow/example_dags/example_xcom.py took 0.085 seconds
[2025-03-12T14:22:33.797+0200] {processor.py:186} INFO - Started process (PID=135774) to work on /home/munyah/.local/lib/python3.10/site-packages/airflow/example_dags/example_xcom.py
[2025-03-12T14:22:33.798+0200] {processor.py:914} INFO - Processing file /home/munyah/.local/lib/python3.10/site-packages/airflow/example_dags/example_xcom.py for tasks to queue
[2025-03-12T14:22:33.802+0200] {logging_mixin.py:190} INFO - [2025-03-12T14:22:33.801+0200] {dagbag.py:588} INFO - Filling up the DagBag from /home/munyah/.local/lib/python3.10/site-packages/airflow/example_dags/example_xcom.py
[2025-03-12T14:22:33.822+0200] {processor.py:925} INFO - DAG(s) 'example_xcom' retrieved from /home/munyah/.local/lib/python3.10/site-packages/airflow/example_dags/example_xcom.py
[2025-03-12T14:22:33.858+0200] {logging_mixin.py:190} INFO - [2025-03-12T14:22:33.858+0200] {dag.py:3239} INFO - Sync 1 DAGs
[2025-03-12T14:22:33.897+0200] {logging_mixin.py:190} INFO - [2025-03-12T14:22:33.896+0200] {dag.py:4180} INFO - Setting next_dagrun for example_xcom to None, run_after=None
[2025-03-12T14:22:33.940+0200] {processor.py:208} INFO - Processing /home/munyah/.local/lib/python3.10/site-packages/airflow/example_dags/example_xcom.py took 0.155 seconds
[2025-03-12T14:23:48.235+0200] {processor.py:186} INFO - Started process (PID=136556) to work on /home/munyah/.local/lib/python3.10/site-packages/airflow/example_dags/example_xcom.py
[2025-03-12T14:23:48.237+0200] {processor.py:914} INFO - Processing file /home/munyah/.local/lib/python3.10/site-packages/airflow/example_dags/example_xcom.py for tasks to queue
[2025-03-12T14:23:48.240+0200] {logging_mixin.py:190} INFO - [2025-03-12T14:23:48.240+0200] {dagbag.py:588} INFO - Filling up the DagBag from /home/munyah/.local/lib/python3.10/site-packages/airflow/example_dags/example_xcom.py
[2025-03-12T14:23:48.255+0200] {processor.py:925} INFO - DAG(s) 'example_xcom' retrieved from /home/munyah/.local/lib/python3.10/site-packages/airflow/example_dags/example_xcom.py
[2025-03-12T14:23:48.279+0200] {logging_mixin.py:190} INFO - [2025-03-12T14:23:48.279+0200] {dag.py:3239} INFO - Sync 1 DAGs
[2025-03-12T14:23:48.306+0200] {logging_mixin.py:190} INFO - [2025-03-12T14:23:48.306+0200] {dag.py:4180} INFO - Setting next_dagrun for example_xcom to None, run_after=None
[2025-03-12T14:23:48.333+0200] {processor.py:208} INFO - Processing /home/munyah/.local/lib/python3.10/site-packages/airflow/example_dags/example_xcom.py took 0.106 seconds
[2025-03-12T14:24:47.308+0200] {processor.py:186} INFO - Started process (PID=136783) to work on /home/munyah/.local/lib/python3.10/site-packages/airflow/example_dags/example_xcom.py
[2025-03-12T14:24:47.310+0200] {processor.py:914} INFO - Processing file /home/munyah/.local/lib/python3.10/site-packages/airflow/example_dags/example_xcom.py for tasks to queue
[2025-03-12T14:24:47.312+0200] {logging_mixin.py:190} INFO - [2025-03-12T14:24:47.312+0200] {dagbag.py:588} INFO - Filling up the DagBag from /home/munyah/.local/lib/python3.10/site-packages/airflow/example_dags/example_xcom.py
[2025-03-12T14:24:47.323+0200] {processor.py:925} INFO - DAG(s) 'example_xcom' retrieved from /home/munyah/.local/lib/python3.10/site-packages/airflow/example_dags/example_xcom.py
[2025-03-12T14:24:47.343+0200] {logging_mixin.py:190} INFO - [2025-03-12T14:24:47.342+0200] {dag.py:3239} INFO - Sync 1 DAGs
[2025-03-12T14:24:47.365+0200] {logging_mixin.py:190} INFO - [2025-03-12T14:24:47.365+0200] {dag.py:4180} INFO - Setting next_dagrun for example_xcom to None, run_after=None
[2025-03-12T14:24:47.388+0200] {processor.py:208} INFO - Processing /home/munyah/.local/lib/python3.10/site-packages/airflow/example_dags/example_xcom.py took 0.087 seconds
[2025-03-12T14:25:44.442+0200] {processor.py:186} INFO - Started process (PID=136967) to work on /home/munyah/.local/lib/python3.10/site-packages/airflow/example_dags/example_xcom.py
[2025-03-12T14:25:44.444+0200] {processor.py:914} INFO - Processing file /home/munyah/.local/lib/python3.10/site-packages/airflow/example_dags/example_xcom.py for tasks to queue
[2025-03-12T14:25:44.449+0200] {logging_mixin.py:190} INFO - [2025-03-12T14:25:44.448+0200] {dagbag.py:588} INFO - Filling up the DagBag from /home/munyah/.local/lib/python3.10/site-packages/airflow/example_dags/example_xcom.py
[2025-03-12T14:25:44.467+0200] {processor.py:925} INFO - DAG(s) 'example_xcom' retrieved from /home/munyah/.local/lib/python3.10/site-packages/airflow/example_dags/example_xcom.py
[2025-03-12T14:25:44.489+0200] {logging_mixin.py:190} INFO - [2025-03-12T14:25:44.489+0200] {dag.py:3239} INFO - Sync 1 DAGs
[2025-03-12T14:25:44.512+0200] {logging_mixin.py:190} INFO - [2025-03-12T14:25:44.512+0200] {dag.py:4180} INFO - Setting next_dagrun for example_xcom to None, run_after=None
[2025-03-12T14:25:44.536+0200] {processor.py:208} INFO - Processing /home/munyah/.local/lib/python3.10/site-packages/airflow/example_dags/example_xcom.py took 0.111 seconds
[2025-03-12T14:26:43.923+0200] {processor.py:186} INFO - Started process (PID=137153) to work on /home/munyah/.local/lib/python3.10/site-packages/airflow/example_dags/example_xcom.py
[2025-03-12T14:26:43.925+0200] {processor.py:914} INFO - Processing file /home/munyah/.local/lib/python3.10/site-packages/airflow/example_dags/example_xcom.py for tasks to queue
[2025-03-12T14:26:43.927+0200] {logging_mixin.py:190} INFO - [2025-03-12T14:26:43.926+0200] {dagbag.py:588} INFO - Filling up the DagBag from /home/munyah/.local/lib/python3.10/site-packages/airflow/example_dags/example_xcom.py
[2025-03-12T14:26:43.940+0200] {processor.py:925} INFO - DAG(s) 'example_xcom' retrieved from /home/munyah/.local/lib/python3.10/site-packages/airflow/example_dags/example_xcom.py
[2025-03-12T14:26:43.961+0200] {logging_mixin.py:190} INFO - [2025-03-12T14:26:43.961+0200] {dag.py:3239} INFO - Sync 1 DAGs
[2025-03-12T14:26:43.985+0200] {logging_mixin.py:190} INFO - [2025-03-12T14:26:43.985+0200] {dag.py:4180} INFO - Setting next_dagrun for example_xcom to None, run_after=None
[2025-03-12T14:26:44.008+0200] {processor.py:208} INFO - Processing /home/munyah/.local/lib/python3.10/site-packages/airflow/example_dags/example_xcom.py took 0.093 seconds
[2025-03-12T14:27:49.563+0200] {processor.py:186} INFO - Started process (PID=137383) to work on /home/munyah/.local/lib/python3.10/site-packages/airflow/example_dags/example_xcom.py
[2025-03-12T14:27:49.565+0200] {processor.py:914} INFO - Processing file /home/munyah/.local/lib/python3.10/site-packages/airflow/example_dags/example_xcom.py for tasks to queue
[2025-03-12T14:27:49.569+0200] {logging_mixin.py:190} INFO - [2025-03-12T14:27:49.568+0200] {dagbag.py:588} INFO - Filling up the DagBag from /home/munyah/.local/lib/python3.10/site-packages/airflow/example_dags/example_xcom.py
[2025-03-12T14:27:49.586+0200] {processor.py:925} INFO - DAG(s) 'example_xcom' retrieved from /home/munyah/.local/lib/python3.10/site-packages/airflow/example_dags/example_xcom.py
[2025-03-12T14:27:49.613+0200] {logging_mixin.py:190} INFO - [2025-03-12T14:27:49.613+0200] {dag.py:3239} INFO - Sync 1 DAGs
[2025-03-12T14:27:49.641+0200] {logging_mixin.py:190} INFO - [2025-03-12T14:27:49.640+0200] {dag.py:4180} INFO - Setting next_dagrun for example_xcom to None, run_after=None
[2025-03-12T14:27:49.669+0200] {processor.py:208} INFO - Processing /home/munyah/.local/lib/python3.10/site-packages/airflow/example_dags/example_xcom.py took 0.118 seconds
[2025-03-12T14:28:50.467+0200] {processor.py:186} INFO - Started process (PID=137573) to work on /home/munyah/.local/lib/python3.10/site-packages/airflow/example_dags/example_xcom.py
[2025-03-12T14:28:50.468+0200] {processor.py:914} INFO - Processing file /home/munyah/.local/lib/python3.10/site-packages/airflow/example_dags/example_xcom.py for tasks to queue
[2025-03-12T14:28:50.470+0200] {logging_mixin.py:190} INFO - [2025-03-12T14:28:50.470+0200] {dagbag.py:588} INFO - Filling up the DagBag from /home/munyah/.local/lib/python3.10/site-packages/airflow/example_dags/example_xcom.py
[2025-03-12T14:28:50.484+0200] {processor.py:925} INFO - DAG(s) 'example_xcom' retrieved from /home/munyah/.local/lib/python3.10/site-packages/airflow/example_dags/example_xcom.py
[2025-03-12T14:28:50.504+0200] {logging_mixin.py:190} INFO - [2025-03-12T14:28:50.503+0200] {dag.py:3239} INFO - Sync 1 DAGs
[2025-03-12T14:28:50.527+0200] {logging_mixin.py:190} INFO - [2025-03-12T14:28:50.527+0200] {dag.py:4180} INFO - Setting next_dagrun for example_xcom to None, run_after=None
[2025-03-12T14:28:50.557+0200] {processor.py:208} INFO - Processing /home/munyah/.local/lib/python3.10/site-packages/airflow/example_dags/example_xcom.py took 0.099 seconds
[2025-03-12T14:29:48.945+0200] {processor.py:186} INFO - Started process (PID=138573) to work on /home/munyah/.local/lib/python3.10/site-packages/airflow/example_dags/example_xcom.py
[2025-03-12T14:29:48.947+0200] {processor.py:914} INFO - Processing file /home/munyah/.local/lib/python3.10/site-packages/airflow/example_dags/example_xcom.py for tasks to queue
[2025-03-12T14:29:48.950+0200] {logging_mixin.py:190} INFO - [2025-03-12T14:29:48.950+0200] {dagbag.py:588} INFO - Filling up the DagBag from /home/munyah/.local/lib/python3.10/site-packages/airflow/example_dags/example_xcom.py
[2025-03-12T14:29:48.966+0200] {processor.py:925} INFO - DAG(s) 'example_xcom' retrieved from /home/munyah/.local/lib/python3.10/site-packages/airflow/example_dags/example_xcom.py
[2025-03-12T14:29:48.986+0200] {logging_mixin.py:190} INFO - [2025-03-12T14:29:48.986+0200] {dag.py:3239} INFO - Sync 1 DAGs
[2025-03-12T14:29:49.012+0200] {logging_mixin.py:190} INFO - [2025-03-12T14:29:49.012+0200] {dag.py:4180} INFO - Setting next_dagrun for example_xcom to None, run_after=None
[2025-03-12T14:29:49.036+0200] {processor.py:208} INFO - Processing /home/munyah/.local/lib/python3.10/site-packages/airflow/example_dags/example_xcom.py took 0.106 seconds
[2025-03-12T14:30:51.849+0200] {processor.py:186} INFO - Started process (PID=138820) to work on /home/munyah/.local/lib/python3.10/site-packages/airflow/example_dags/example_xcom.py
[2025-03-12T14:30:51.851+0200] {processor.py:914} INFO - Processing file /home/munyah/.local/lib/python3.10/site-packages/airflow/example_dags/example_xcom.py for tasks to queue
[2025-03-12T14:30:51.854+0200] {logging_mixin.py:190} INFO - [2025-03-12T14:30:51.853+0200] {dagbag.py:588} INFO - Filling up the DagBag from /home/munyah/.local/lib/python3.10/site-packages/airflow/example_dags/example_xcom.py
[2025-03-12T14:30:51.866+0200] {processor.py:925} INFO - DAG(s) 'example_xcom' retrieved from /home/munyah/.local/lib/python3.10/site-packages/airflow/example_dags/example_xcom.py
[2025-03-12T14:30:51.886+0200] {logging_mixin.py:190} INFO - [2025-03-12T14:30:51.886+0200] {dag.py:3239} INFO - Sync 1 DAGs
[2025-03-12T14:30:51.910+0200] {logging_mixin.py:190} INFO - [2025-03-12T14:30:51.910+0200] {dag.py:4180} INFO - Setting next_dagrun for example_xcom to None, run_after=None
[2025-03-12T14:30:51.933+0200] {processor.py:208} INFO - Processing /home/munyah/.local/lib/python3.10/site-packages/airflow/example_dags/example_xcom.py took 0.094 seconds
[2025-03-12T14:31:55.889+0200] {processor.py:186} INFO - Started process (PID=139023) to work on /home/munyah/.local/lib/python3.10/site-packages/airflow/example_dags/example_xcom.py
[2025-03-12T14:31:55.890+0200] {processor.py:914} INFO - Processing file /home/munyah/.local/lib/python3.10/site-packages/airflow/example_dags/example_xcom.py for tasks to queue
[2025-03-12T14:31:55.893+0200] {logging_mixin.py:190} INFO - [2025-03-12T14:31:55.892+0200] {dagbag.py:588} INFO - Filling up the DagBag from /home/munyah/.local/lib/python3.10/site-packages/airflow/example_dags/example_xcom.py
[2025-03-12T14:31:55.905+0200] {processor.py:925} INFO - DAG(s) 'example_xcom' retrieved from /home/munyah/.local/lib/python3.10/site-packages/airflow/example_dags/example_xcom.py
[2025-03-12T14:31:55.924+0200] {logging_mixin.py:190} INFO - [2025-03-12T14:31:55.924+0200] {dag.py:3239} INFO - Sync 1 DAGs
[2025-03-12T14:31:55.948+0200] {logging_mixin.py:190} INFO - [2025-03-12T14:31:55.948+0200] {dag.py:4180} INFO - Setting next_dagrun for example_xcom to None, run_after=None
[2025-03-12T14:31:55.971+0200] {processor.py:208} INFO - Processing /home/munyah/.local/lib/python3.10/site-packages/airflow/example_dags/example_xcom.py took 0.092 seconds
[2025-03-12T14:32:58.182+0200] {processor.py:186} INFO - Started process (PID=139732) to work on /home/munyah/.local/lib/python3.10/site-packages/airflow/example_dags/example_xcom.py
[2025-03-12T14:32:58.183+0200] {processor.py:914} INFO - Processing file /home/munyah/.local/lib/python3.10/site-packages/airflow/example_dags/example_xcom.py for tasks to queue
[2025-03-12T14:32:58.186+0200] {logging_mixin.py:190} INFO - [2025-03-12T14:32:58.185+0200] {dagbag.py:588} INFO - Filling up the DagBag from /home/munyah/.local/lib/python3.10/site-packages/airflow/example_dags/example_xcom.py
[2025-03-12T14:32:58.200+0200] {processor.py:925} INFO - DAG(s) 'example_xcom' retrieved from /home/munyah/.local/lib/python3.10/site-packages/airflow/example_dags/example_xcom.py
[2025-03-12T14:32:58.222+0200] {logging_mixin.py:190} INFO - [2025-03-12T14:32:58.221+0200] {dag.py:3239} INFO - Sync 1 DAGs
[2025-03-12T14:32:58.244+0200] {logging_mixin.py:190} INFO - [2025-03-12T14:32:58.244+0200] {dag.py:4180} INFO - Setting next_dagrun for example_xcom to None, run_after=None
[2025-03-12T14:32:58.274+0200] {processor.py:208} INFO - Processing /home/munyah/.local/lib/python3.10/site-packages/airflow/example_dags/example_xcom.py took 0.100 seconds
[2025-03-12T14:34:02.821+0200] {processor.py:186} INFO - Started process (PID=140007) to work on /home/munyah/.local/lib/python3.10/site-packages/airflow/example_dags/example_xcom.py
[2025-03-12T14:34:02.822+0200] {processor.py:914} INFO - Processing file /home/munyah/.local/lib/python3.10/site-packages/airflow/example_dags/example_xcom.py for tasks to queue
[2025-03-12T14:34:02.824+0200] {logging_mixin.py:190} INFO - [2025-03-12T14:34:02.824+0200] {dagbag.py:588} INFO - Filling up the DagBag from /home/munyah/.local/lib/python3.10/site-packages/airflow/example_dags/example_xcom.py
[2025-03-12T14:34:02.836+0200] {processor.py:925} INFO - DAG(s) 'example_xcom' retrieved from /home/munyah/.local/lib/python3.10/site-packages/airflow/example_dags/example_xcom.py
[2025-03-12T14:34:02.855+0200] {logging_mixin.py:190} INFO - [2025-03-12T14:34:02.854+0200] {dag.py:3239} INFO - Sync 1 DAGs
[2025-03-12T14:34:02.879+0200] {logging_mixin.py:190} INFO - [2025-03-12T14:34:02.878+0200] {dag.py:4180} INFO - Setting next_dagrun for example_xcom to None, run_after=None
[2025-03-12T14:34:02.904+0200] {processor.py:208} INFO - Processing /home/munyah/.local/lib/python3.10/site-packages/airflow/example_dags/example_xcom.py took 0.091 seconds
[2025-03-12T14:35:07.798+0200] {processor.py:186} INFO - Started process (PID=140186) to work on /home/munyah/.local/lib/python3.10/site-packages/airflow/example_dags/example_xcom.py
[2025-03-12T14:35:07.800+0200] {processor.py:914} INFO - Processing file /home/munyah/.local/lib/python3.10/site-packages/airflow/example_dags/example_xcom.py for tasks to queue
[2025-03-12T14:35:07.802+0200] {logging_mixin.py:190} INFO - [2025-03-12T14:35:07.802+0200] {dagbag.py:588} INFO - Filling up the DagBag from /home/munyah/.local/lib/python3.10/site-packages/airflow/example_dags/example_xcom.py
[2025-03-12T14:35:07.814+0200] {processor.py:925} INFO - DAG(s) 'example_xcom' retrieved from /home/munyah/.local/lib/python3.10/site-packages/airflow/example_dags/example_xcom.py
[2025-03-12T14:35:07.835+0200] {logging_mixin.py:190} INFO - [2025-03-12T14:35:07.834+0200] {dag.py:3239} INFO - Sync 1 DAGs
[2025-03-12T14:35:07.859+0200] {logging_mixin.py:190} INFO - [2025-03-12T14:35:07.859+0200] {dag.py:4180} INFO - Setting next_dagrun for example_xcom to None, run_after=None
[2025-03-12T14:35:07.883+0200] {processor.py:208} INFO - Processing /home/munyah/.local/lib/python3.10/site-packages/airflow/example_dags/example_xcom.py took 0.092 seconds
[2025-03-12T14:36:12.239+0200] {processor.py:186} INFO - Started process (PID=140386) to work on /home/munyah/.local/lib/python3.10/site-packages/airflow/example_dags/example_xcom.py
[2025-03-12T14:36:12.240+0200] {processor.py:914} INFO - Processing file /home/munyah/.local/lib/python3.10/site-packages/airflow/example_dags/example_xcom.py for tasks to queue
[2025-03-12T14:36:12.243+0200] {logging_mixin.py:190} INFO - [2025-03-12T14:36:12.243+0200] {dagbag.py:588} INFO - Filling up the DagBag from /home/munyah/.local/lib/python3.10/site-packages/airflow/example_dags/example_xcom.py
[2025-03-12T14:36:12.257+0200] {processor.py:925} INFO - DAG(s) 'example_xcom' retrieved from /home/munyah/.local/lib/python3.10/site-packages/airflow/example_dags/example_xcom.py
[2025-03-12T14:36:12.277+0200] {logging_mixin.py:190} INFO - [2025-03-12T14:36:12.276+0200] {dag.py:3239} INFO - Sync 1 DAGs
[2025-03-12T14:36:12.305+0200] {logging_mixin.py:190} INFO - [2025-03-12T14:36:12.305+0200] {dag.py:4180} INFO - Setting next_dagrun for example_xcom to None, run_after=None
[2025-03-12T14:36:12.329+0200] {processor.py:208} INFO - Processing /home/munyah/.local/lib/python3.10/site-packages/airflow/example_dags/example_xcom.py took 0.100 seconds
[2025-03-12T14:37:16.349+0200] {processor.py:186} INFO - Started process (PID=140566) to work on /home/munyah/.local/lib/python3.10/site-packages/airflow/example_dags/example_xcom.py
[2025-03-12T14:37:16.351+0200] {processor.py:914} INFO - Processing file /home/munyah/.local/lib/python3.10/site-packages/airflow/example_dags/example_xcom.py for tasks to queue
[2025-03-12T14:37:16.356+0200] {logging_mixin.py:190} INFO - [2025-03-12T14:37:16.355+0200] {dagbag.py:588} INFO - Filling up the DagBag from /home/munyah/.local/lib/python3.10/site-packages/airflow/example_dags/example_xcom.py
[2025-03-12T14:37:16.369+0200] {processor.py:925} INFO - DAG(s) 'example_xcom' retrieved from /home/munyah/.local/lib/python3.10/site-packages/airflow/example_dags/example_xcom.py
[2025-03-12T14:37:16.387+0200] {logging_mixin.py:190} INFO - [2025-03-12T14:37:16.387+0200] {dag.py:3239} INFO - Sync 1 DAGs
[2025-03-12T14:37:16.409+0200] {logging_mixin.py:190} INFO - [2025-03-12T14:37:16.409+0200] {dag.py:4180} INFO - Setting next_dagrun for example_xcom to None, run_after=None
[2025-03-12T14:37:16.429+0200] {processor.py:208} INFO - Processing /home/munyah/.local/lib/python3.10/site-packages/airflow/example_dags/example_xcom.py took 0.094 seconds
[2025-03-12T14:38:18.959+0200] {processor.py:186} INFO - Started process (PID=140675) to work on /home/munyah/.local/lib/python3.10/site-packages/airflow/example_dags/example_xcom.py
[2025-03-12T14:38:18.961+0200] {processor.py:914} INFO - Processing file /home/munyah/.local/lib/python3.10/site-packages/airflow/example_dags/example_xcom.py for tasks to queue
[2025-03-12T14:38:18.964+0200] {logging_mixin.py:190} INFO - [2025-03-12T14:38:18.964+0200] {dagbag.py:588} INFO - Filling up the DagBag from /home/munyah/.local/lib/python3.10/site-packages/airflow/example_dags/example_xcom.py
[2025-03-12T14:38:18.977+0200] {processor.py:925} INFO - DAG(s) 'example_xcom' retrieved from /home/munyah/.local/lib/python3.10/site-packages/airflow/example_dags/example_xcom.py
[2025-03-12T14:38:18.996+0200] {logging_mixin.py:190} INFO - [2025-03-12T14:38:18.996+0200] {dag.py:3239} INFO - Sync 1 DAGs
[2025-03-12T14:38:19.018+0200] {logging_mixin.py:190} INFO - [2025-03-12T14:38:19.018+0200] {dag.py:4180} INFO - Setting next_dagrun for example_xcom to None, run_after=None
[2025-03-12T14:38:19.039+0200] {processor.py:208} INFO - Processing /home/munyah/.local/lib/python3.10/site-packages/airflow/example_dags/example_xcom.py took 0.091 seconds
[2025-03-12T14:39:25.948+0200] {processor.py:186} INFO - Started process (PID=140755) to work on /home/munyah/.local/lib/python3.10/site-packages/airflow/example_dags/example_xcom.py
[2025-03-12T14:39:25.950+0200] {processor.py:914} INFO - Processing file /home/munyah/.local/lib/python3.10/site-packages/airflow/example_dags/example_xcom.py for tasks to queue
[2025-03-12T14:39:25.953+0200] {logging_mixin.py:190} INFO - [2025-03-12T14:39:25.952+0200] {dagbag.py:588} INFO - Filling up the DagBag from /home/munyah/.local/lib/python3.10/site-packages/airflow/example_dags/example_xcom.py
[2025-03-12T14:39:25.966+0200] {processor.py:925} INFO - DAG(s) 'example_xcom' retrieved from /home/munyah/.local/lib/python3.10/site-packages/airflow/example_dags/example_xcom.py
[2025-03-12T14:39:25.985+0200] {logging_mixin.py:190} INFO - [2025-03-12T14:39:25.985+0200] {dag.py:3239} INFO - Sync 1 DAGs
[2025-03-12T14:39:26.007+0200] {logging_mixin.py:190} INFO - [2025-03-12T14:39:26.007+0200] {dag.py:4180} INFO - Setting next_dagrun for example_xcom to None, run_after=None
[2025-03-12T14:39:26.027+0200] {processor.py:208} INFO - Processing /home/munyah/.local/lib/python3.10/site-packages/airflow/example_dags/example_xcom.py took 0.088 seconds
[2025-03-12T14:40:31.782+0200] {processor.py:186} INFO - Started process (PID=140892) to work on /home/munyah/.local/lib/python3.10/site-packages/airflow/example_dags/example_xcom.py
[2025-03-12T14:40:31.783+0200] {processor.py:914} INFO - Processing file /home/munyah/.local/lib/python3.10/site-packages/airflow/example_dags/example_xcom.py for tasks to queue
[2025-03-12T14:40:31.786+0200] {logging_mixin.py:190} INFO - [2025-03-12T14:40:31.786+0200] {dagbag.py:588} INFO - Filling up the DagBag from /home/munyah/.local/lib/python3.10/site-packages/airflow/example_dags/example_xcom.py
[2025-03-12T14:40:31.798+0200] {processor.py:925} INFO - DAG(s) 'example_xcom' retrieved from /home/munyah/.local/lib/python3.10/site-packages/airflow/example_dags/example_xcom.py
[2025-03-12T14:40:31.818+0200] {logging_mixin.py:190} INFO - [2025-03-12T14:40:31.818+0200] {dag.py:3239} INFO - Sync 1 DAGs
[2025-03-12T14:40:31.839+0200] {logging_mixin.py:190} INFO - [2025-03-12T14:40:31.839+0200] {dag.py:4180} INFO - Setting next_dagrun for example_xcom to None, run_after=None
[2025-03-12T14:40:31.861+0200] {processor.py:208} INFO - Processing /home/munyah/.local/lib/python3.10/site-packages/airflow/example_dags/example_xcom.py took 0.086 seconds
[2025-03-12T14:41:35.772+0200] {processor.py:186} INFO - Started process (PID=141198) to work on /home/munyah/.local/lib/python3.10/site-packages/airflow/example_dags/example_xcom.py
[2025-03-12T14:41:35.774+0200] {processor.py:914} INFO - Processing file /home/munyah/.local/lib/python3.10/site-packages/airflow/example_dags/example_xcom.py for tasks to queue
[2025-03-12T14:41:35.776+0200] {logging_mixin.py:190} INFO - [2025-03-12T14:41:35.776+0200] {dagbag.py:588} INFO - Filling up the DagBag from /home/munyah/.local/lib/python3.10/site-packages/airflow/example_dags/example_xcom.py
[2025-03-12T14:41:35.788+0200] {processor.py:925} INFO - DAG(s) 'example_xcom' retrieved from /home/munyah/.local/lib/python3.10/site-packages/airflow/example_dags/example_xcom.py
[2025-03-12T14:41:35.808+0200] {logging_mixin.py:190} INFO - [2025-03-12T14:41:35.807+0200] {dag.py:3239} INFO - Sync 1 DAGs
[2025-03-12T14:41:35.833+0200] {logging_mixin.py:190} INFO - [2025-03-12T14:41:35.832+0200] {dag.py:4180} INFO - Setting next_dagrun for example_xcom to None, run_after=None
[2025-03-12T14:41:35.861+0200] {processor.py:208} INFO - Processing /home/munyah/.local/lib/python3.10/site-packages/airflow/example_dags/example_xcom.py took 0.095 seconds
[2025-03-12T14:42:37.367+0200] {processor.py:186} INFO - Started process (PID=141401) to work on /home/munyah/.local/lib/python3.10/site-packages/airflow/example_dags/example_xcom.py
[2025-03-12T14:42:37.369+0200] {processor.py:914} INFO - Processing file /home/munyah/.local/lib/python3.10/site-packages/airflow/example_dags/example_xcom.py for tasks to queue
[2025-03-12T14:42:37.371+0200] {logging_mixin.py:190} INFO - [2025-03-12T14:42:37.371+0200] {dagbag.py:588} INFO - Filling up the DagBag from /home/munyah/.local/lib/python3.10/site-packages/airflow/example_dags/example_xcom.py
[2025-03-12T14:42:37.383+0200] {processor.py:925} INFO - DAG(s) 'example_xcom' retrieved from /home/munyah/.local/lib/python3.10/site-packages/airflow/example_dags/example_xcom.py
[2025-03-12T14:42:37.403+0200] {logging_mixin.py:190} INFO - [2025-03-12T14:42:37.403+0200] {dag.py:3239} INFO - Sync 1 DAGs
[2025-03-12T14:42:37.428+0200] {logging_mixin.py:190} INFO - [2025-03-12T14:42:37.428+0200] {dag.py:4180} INFO - Setting next_dagrun for example_xcom to None, run_after=None
[2025-03-12T14:42:37.450+0200] {processor.py:208} INFO - Processing /home/munyah/.local/lib/python3.10/site-packages/airflow/example_dags/example_xcom.py took 0.091 seconds
[2025-03-12T14:43:35.005+0200] {processor.py:186} INFO - Started process (PID=141561) to work on /home/munyah/.local/lib/python3.10/site-packages/airflow/example_dags/example_xcom.py
[2025-03-12T14:43:35.007+0200] {processor.py:914} INFO - Processing file /home/munyah/.local/lib/python3.10/site-packages/airflow/example_dags/example_xcom.py for tasks to queue
[2025-03-12T14:43:35.010+0200] {logging_mixin.py:190} INFO - [2025-03-12T14:43:35.009+0200] {dagbag.py:588} INFO - Filling up the DagBag from /home/munyah/.local/lib/python3.10/site-packages/airflow/example_dags/example_xcom.py
[2025-03-12T14:43:35.022+0200] {processor.py:925} INFO - DAG(s) 'example_xcom' retrieved from /home/munyah/.local/lib/python3.10/site-packages/airflow/example_dags/example_xcom.py
[2025-03-12T14:43:35.041+0200] {logging_mixin.py:190} INFO - [2025-03-12T14:43:35.040+0200] {dag.py:3239} INFO - Sync 1 DAGs
[2025-03-12T14:43:35.064+0200] {logging_mixin.py:190} INFO - [2025-03-12T14:43:35.064+0200] {dag.py:4180} INFO - Setting next_dagrun for example_xcom to None, run_after=None
[2025-03-12T14:43:35.086+0200] {processor.py:208} INFO - Processing /home/munyah/.local/lib/python3.10/site-packages/airflow/example_dags/example_xcom.py took 0.091 seconds
[2025-03-12T14:44:34.592+0200] {processor.py:186} INFO - Started process (PID=141755) to work on /home/munyah/.local/lib/python3.10/site-packages/airflow/example_dags/example_xcom.py
[2025-03-12T14:44:34.593+0200] {processor.py:914} INFO - Processing file /home/munyah/.local/lib/python3.10/site-packages/airflow/example_dags/example_xcom.py for tasks to queue
[2025-03-12T14:44:34.596+0200] {logging_mixin.py:190} INFO - [2025-03-12T14:44:34.596+0200] {dagbag.py:588} INFO - Filling up the DagBag from /home/munyah/.local/lib/python3.10/site-packages/airflow/example_dags/example_xcom.py
[2025-03-12T14:44:34.608+0200] {processor.py:925} INFO - DAG(s) 'example_xcom' retrieved from /home/munyah/.local/lib/python3.10/site-packages/airflow/example_dags/example_xcom.py
[2025-03-12T14:44:34.626+0200] {logging_mixin.py:190} INFO - [2025-03-12T14:44:34.626+0200] {dag.py:3239} INFO - Sync 1 DAGs
[2025-03-12T14:44:34.649+0200] {logging_mixin.py:190} INFO - [2025-03-12T14:44:34.649+0200] {dag.py:4180} INFO - Setting next_dagrun for example_xcom to None, run_after=None
[2025-03-12T14:44:34.671+0200] {processor.py:208} INFO - Processing /home/munyah/.local/lib/python3.10/site-packages/airflow/example_dags/example_xcom.py took 0.088 seconds
[2025-03-12T14:45:34.534+0200] {processor.py:186} INFO - Started process (PID=141916) to work on /home/munyah/.local/lib/python3.10/site-packages/airflow/example_dags/example_xcom.py
[2025-03-12T14:45:34.535+0200] {processor.py:914} INFO - Processing file /home/munyah/.local/lib/python3.10/site-packages/airflow/example_dags/example_xcom.py for tasks to queue
[2025-03-12T14:45:34.538+0200] {logging_mixin.py:190} INFO - [2025-03-12T14:45:34.538+0200] {dagbag.py:588} INFO - Filling up the DagBag from /home/munyah/.local/lib/python3.10/site-packages/airflow/example_dags/example_xcom.py
[2025-03-12T14:45:34.550+0200] {processor.py:925} INFO - DAG(s) 'example_xcom' retrieved from /home/munyah/.local/lib/python3.10/site-packages/airflow/example_dags/example_xcom.py
[2025-03-12T14:45:34.572+0200] {logging_mixin.py:190} INFO - [2025-03-12T14:45:34.572+0200] {dag.py:3239} INFO - Sync 1 DAGs
[2025-03-12T14:45:34.596+0200] {logging_mixin.py:190} INFO - [2025-03-12T14:45:34.596+0200] {dag.py:4180} INFO - Setting next_dagrun for example_xcom to None, run_after=None
[2025-03-12T14:45:34.617+0200] {processor.py:208} INFO - Processing /home/munyah/.local/lib/python3.10/site-packages/airflow/example_dags/example_xcom.py took 0.092 seconds
[2025-03-12T14:46:32.979+0200] {processor.py:186} INFO - Started process (PID=142176) to work on /home/munyah/.local/lib/python3.10/site-packages/airflow/example_dags/example_xcom.py
[2025-03-12T14:46:32.984+0200] {processor.py:914} INFO - Processing file /home/munyah/.local/lib/python3.10/site-packages/airflow/example_dags/example_xcom.py for tasks to queue
[2025-03-12T14:46:32.996+0200] {logging_mixin.py:190} INFO - [2025-03-12T14:46:32.995+0200] {dagbag.py:588} INFO - Filling up the DagBag from /home/munyah/.local/lib/python3.10/site-packages/airflow/example_dags/example_xcom.py
[2025-03-12T14:46:33.017+0200] {processor.py:925} INFO - DAG(s) 'example_xcom' retrieved from /home/munyah/.local/lib/python3.10/site-packages/airflow/example_dags/example_xcom.py
[2025-03-12T14:46:33.038+0200] {logging_mixin.py:190} INFO - [2025-03-12T14:46:33.038+0200] {dag.py:3239} INFO - Sync 1 DAGs
[2025-03-12T14:46:33.059+0200] {logging_mixin.py:190} INFO - [2025-03-12T14:46:33.059+0200] {dag.py:4180} INFO - Setting next_dagrun for example_xcom to None, run_after=None
[2025-03-12T14:46:33.082+0200] {processor.py:208} INFO - Processing /home/munyah/.local/lib/python3.10/site-packages/airflow/example_dags/example_xcom.py took 0.112 seconds
[2025-03-12T14:49:28.942+0200] {processor.py:186} INFO - Started process (PID=142758) to work on /home/munyah/.local/lib/python3.10/site-packages/airflow/example_dags/example_xcom.py
[2025-03-12T14:49:28.943+0200] {processor.py:914} INFO - Processing file /home/munyah/.local/lib/python3.10/site-packages/airflow/example_dags/example_xcom.py for tasks to queue
[2025-03-12T14:49:28.947+0200] {logging_mixin.py:190} INFO - [2025-03-12T14:49:28.947+0200] {dagbag.py:588} INFO - Filling up the DagBag from /home/munyah/.local/lib/python3.10/site-packages/airflow/example_dags/example_xcom.py
[2025-03-12T14:49:28.965+0200] {processor.py:925} INFO - DAG(s) 'example_xcom' retrieved from /home/munyah/.local/lib/python3.10/site-packages/airflow/example_dags/example_xcom.py
[2025-03-12T14:49:28.995+0200] {logging_mixin.py:190} INFO - [2025-03-12T14:49:28.995+0200] {dag.py:3239} INFO - Sync 1 DAGs
[2025-03-12T14:49:29.176+0200] {logging_mixin.py:190} INFO - [2025-03-12T14:49:29.174+0200] {dag.py:4180} INFO - Setting next_dagrun for example_xcom to None, run_after=None
[2025-03-12T14:49:29.458+0200] {processor.py:208} INFO - Processing /home/munyah/.local/lib/python3.10/site-packages/airflow/example_dags/example_xcom.py took 0.526 seconds
[2025-03-12T14:50:50.849+0200] {processor.py:186} INFO - Started process (PID=142981) to work on /home/munyah/.local/lib/python3.10/site-packages/airflow/example_dags/example_xcom.py
[2025-03-12T14:50:50.851+0200] {processor.py:914} INFO - Processing file /home/munyah/.local/lib/python3.10/site-packages/airflow/example_dags/example_xcom.py for tasks to queue
[2025-03-12T14:50:50.854+0200] {logging_mixin.py:190} INFO - [2025-03-12T14:50:50.853+0200] {dagbag.py:588} INFO - Filling up the DagBag from /home/munyah/.local/lib/python3.10/site-packages/airflow/example_dags/example_xcom.py
[2025-03-12T14:50:50.865+0200] {processor.py:925} INFO - DAG(s) 'example_xcom' retrieved from /home/munyah/.local/lib/python3.10/site-packages/airflow/example_dags/example_xcom.py
[2025-03-12T14:50:50.884+0200] {logging_mixin.py:190} INFO - [2025-03-12T14:50:50.883+0200] {dag.py:3239} INFO - Sync 1 DAGs
[2025-03-12T14:50:50.906+0200] {logging_mixin.py:190} INFO - [2025-03-12T14:50:50.906+0200] {dag.py:4180} INFO - Setting next_dagrun for example_xcom to None, run_after=None
[2025-03-12T14:50:50.927+0200] {processor.py:208} INFO - Processing /home/munyah/.local/lib/python3.10/site-packages/airflow/example_dags/example_xcom.py took 0.086 seconds
[2025-03-12T14:51:55.559+0200] {processor.py:186} INFO - Started process (PID=143216) to work on /home/munyah/.local/lib/python3.10/site-packages/airflow/example_dags/example_xcom.py
[2025-03-12T14:51:55.561+0200] {processor.py:914} INFO - Processing file /home/munyah/.local/lib/python3.10/site-packages/airflow/example_dags/example_xcom.py for tasks to queue
[2025-03-12T14:51:55.563+0200] {logging_mixin.py:190} INFO - [2025-03-12T14:51:55.563+0200] {dagbag.py:588} INFO - Filling up the DagBag from /home/munyah/.local/lib/python3.10/site-packages/airflow/example_dags/example_xcom.py
[2025-03-12T14:51:55.578+0200] {processor.py:925} INFO - DAG(s) 'example_xcom' retrieved from /home/munyah/.local/lib/python3.10/site-packages/airflow/example_dags/example_xcom.py
[2025-03-12T14:51:55.597+0200] {logging_mixin.py:190} INFO - [2025-03-12T14:51:55.597+0200] {dag.py:3239} INFO - Sync 1 DAGs
[2025-03-12T14:51:55.624+0200] {logging_mixin.py:190} INFO - [2025-03-12T14:51:55.624+0200] {dag.py:4180} INFO - Setting next_dagrun for example_xcom to None, run_after=None
[2025-03-12T14:51:55.654+0200] {processor.py:208} INFO - Processing /home/munyah/.local/lib/python3.10/site-packages/airflow/example_dags/example_xcom.py took 0.102 seconds
[2025-03-12T14:53:08.915+0200] {processor.py:186} INFO - Started process (PID=143440) to work on /home/munyah/.local/lib/python3.10/site-packages/airflow/example_dags/example_xcom.py
[2025-03-12T14:53:08.917+0200] {processor.py:914} INFO - Processing file /home/munyah/.local/lib/python3.10/site-packages/airflow/example_dags/example_xcom.py for tasks to queue
[2025-03-12T14:53:08.920+0200] {logging_mixin.py:190} INFO - [2025-03-12T14:53:08.919+0200] {dagbag.py:588} INFO - Filling up the DagBag from /home/munyah/.local/lib/python3.10/site-packages/airflow/example_dags/example_xcom.py
[2025-03-12T14:53:08.936+0200] {processor.py:925} INFO - DAG(s) 'example_xcom' retrieved from /home/munyah/.local/lib/python3.10/site-packages/airflow/example_dags/example_xcom.py
[2025-03-12T14:53:08.966+0200] {logging_mixin.py:190} INFO - [2025-03-12T14:53:08.966+0200] {dag.py:3239} INFO - Sync 1 DAGs
[2025-03-12T14:53:08.993+0200] {logging_mixin.py:190} INFO - [2025-03-12T14:53:08.993+0200] {dag.py:4180} INFO - Setting next_dagrun for example_xcom to None, run_after=None
[2025-03-12T14:53:09.026+0200] {processor.py:208} INFO - Processing /home/munyah/.local/lib/python3.10/site-packages/airflow/example_dags/example_xcom.py took 0.122 seconds
