[2025-03-12T08:21:06.422+0200] {processor.py:186} INFO - Started process (PID=133836) to work on /home/munyah/.local/lib/python3.10/site-packages/airflow/example_dags/example_trigger_target_dag.py
[2025-03-12T08:21:06.423+0200] {processor.py:914} INFO - Processing file /home/munyah/.local/lib/python3.10/site-packages/airflow/example_dags/example_trigger_target_dag.py for tasks to queue
[2025-03-12T08:21:06.425+0200] {logging_mixin.py:190} INFO - [2025-03-12T08:21:06.425+0200] {dagbag.py:588} INFO - Filling up the DagBag from /home/munyah/.local/lib/python3.10/site-packages/airflow/example_dags/example_trigger_target_dag.py
[2025-03-12T08:21:06.434+0200] {processor.py:925} INFO - DAG(s) 'example_trigger_target_dag' retrieved from /home/munyah/.local/lib/python3.10/site-packages/airflow/example_dags/example_trigger_target_dag.py
[2025-03-12T08:21:06.449+0200] {logging_mixin.py:190} INFO - [2025-03-12T08:21:06.449+0200] {dag.py:3239} INFO - Sync 1 DAGs
[2025-03-12T08:21:06.463+0200] {logging_mixin.py:190} INFO - [2025-03-12T08:21:06.463+0200] {dag.py:4180} INFO - Setting next_dagrun for example_trigger_target_dag to None, run_after=None
[2025-03-12T08:21:06.484+0200] {processor.py:208} INFO - Processing /home/munyah/.local/lib/python3.10/site-packages/airflow/example_dags/example_trigger_target_dag.py took 0.069 seconds
[2025-03-12T14:17:43.608+0200] {processor.py:186} INFO - Started process (PID=134569) to work on /home/munyah/.local/lib/python3.10/site-packages/airflow/example_dags/example_trigger_target_dag.py
[2025-03-12T14:17:43.609+0200] {processor.py:914} INFO - Processing file /home/munyah/.local/lib/python3.10/site-packages/airflow/example_dags/example_trigger_target_dag.py for tasks to queue
[2025-03-12T14:17:43.612+0200] {logging_mixin.py:190} INFO - [2025-03-12T14:17:43.612+0200] {dagbag.py:588} INFO - Filling up the DagBag from /home/munyah/.local/lib/python3.10/site-packages/airflow/example_dags/example_trigger_target_dag.py
[2025-03-12T14:17:43.624+0200] {processor.py:925} INFO - DAG(s) 'example_trigger_target_dag' retrieved from /home/munyah/.local/lib/python3.10/site-packages/airflow/example_dags/example_trigger_target_dag.py
[2025-03-12T14:17:43.642+0200] {logging_mixin.py:190} INFO - [2025-03-12T14:17:43.642+0200] {dag.py:3239} INFO - Sync 1 DAGs
[2025-03-12T14:17:43.661+0200] {logging_mixin.py:190} INFO - [2025-03-12T14:17:43.661+0200] {dag.py:4180} INFO - Setting next_dagrun for example_trigger_target_dag to None, run_after=None
[2025-03-12T14:17:43.688+0200] {processor.py:208} INFO - Processing /home/munyah/.local/lib/python3.10/site-packages/airflow/example_dags/example_trigger_target_dag.py took 0.090 seconds
[2025-03-12T14:18:43.533+0200] {processor.py:186} INFO - Started process (PID=134811) to work on /home/munyah/.local/lib/python3.10/site-packages/airflow/example_dags/example_trigger_target_dag.py
[2025-03-12T14:18:43.534+0200] {processor.py:914} INFO - Processing file /home/munyah/.local/lib/python3.10/site-packages/airflow/example_dags/example_trigger_target_dag.py for tasks to queue
[2025-03-12T14:18:43.537+0200] {logging_mixin.py:190} INFO - [2025-03-12T14:18:43.537+0200] {dagbag.py:588} INFO - Filling up the DagBag from /home/munyah/.local/lib/python3.10/site-packages/airflow/example_dags/example_trigger_target_dag.py
[2025-03-12T14:18:43.550+0200] {processor.py:925} INFO - DAG(s) 'example_trigger_target_dag' retrieved from /home/munyah/.local/lib/python3.10/site-packages/airflow/example_dags/example_trigger_target_dag.py
[2025-03-12T14:18:43.571+0200] {logging_mixin.py:190} INFO - [2025-03-12T14:18:43.571+0200] {dag.py:3239} INFO - Sync 1 DAGs
[2025-03-12T14:18:43.588+0200] {logging_mixin.py:190} INFO - [2025-03-12T14:18:43.588+0200] {dag.py:4180} INFO - Setting next_dagrun for example_trigger_target_dag to None, run_after=None
[2025-03-12T14:18:43.611+0200] {processor.py:208} INFO - Processing /home/munyah/.local/lib/python3.10/site-packages/airflow/example_dags/example_trigger_target_dag.py took 0.087 seconds
[2025-03-12T14:19:40.304+0200] {processor.py:186} INFO - Started process (PID=134995) to work on /home/munyah/.local/lib/python3.10/site-packages/airflow/example_dags/example_trigger_target_dag.py
[2025-03-12T14:19:40.305+0200] {processor.py:914} INFO - Processing file /home/munyah/.local/lib/python3.10/site-packages/airflow/example_dags/example_trigger_target_dag.py for tasks to queue
[2025-03-12T14:19:40.309+0200] {logging_mixin.py:190} INFO - [2025-03-12T14:19:40.309+0200] {dagbag.py:588} INFO - Filling up the DagBag from /home/munyah/.local/lib/python3.10/site-packages/airflow/example_dags/example_trigger_target_dag.py
[2025-03-12T14:19:40.320+0200] {processor.py:925} INFO - DAG(s) 'example_trigger_target_dag' retrieved from /home/munyah/.local/lib/python3.10/site-packages/airflow/example_dags/example_trigger_target_dag.py
[2025-03-12T14:19:40.338+0200] {logging_mixin.py:190} INFO - [2025-03-12T14:19:40.338+0200] {dag.py:3239} INFO - Sync 1 DAGs
[2025-03-12T14:19:40.354+0200] {logging_mixin.py:190} INFO - [2025-03-12T14:19:40.353+0200] {dag.py:4180} INFO - Setting next_dagrun for example_trigger_target_dag to None, run_after=None
[2025-03-12T14:19:40.377+0200] {processor.py:208} INFO - Processing /home/munyah/.local/lib/python3.10/site-packages/airflow/example_dags/example_trigger_target_dag.py took 0.083 seconds
[2025-03-12T14:20:36.279+0200] {processor.py:186} INFO - Started process (PID=135157) to work on /home/munyah/.local/lib/python3.10/site-packages/airflow/example_dags/example_trigger_target_dag.py
[2025-03-12T14:20:36.280+0200] {processor.py:914} INFO - Processing file /home/munyah/.local/lib/python3.10/site-packages/airflow/example_dags/example_trigger_target_dag.py for tasks to queue
[2025-03-12T14:20:36.284+0200] {logging_mixin.py:190} INFO - [2025-03-12T14:20:36.283+0200] {dagbag.py:588} INFO - Filling up the DagBag from /home/munyah/.local/lib/python3.10/site-packages/airflow/example_dags/example_trigger_target_dag.py
[2025-03-12T14:20:36.293+0200] {processor.py:925} INFO - DAG(s) 'example_trigger_target_dag' retrieved from /home/munyah/.local/lib/python3.10/site-packages/airflow/example_dags/example_trigger_target_dag.py
[2025-03-12T14:20:36.310+0200] {logging_mixin.py:190} INFO - [2025-03-12T14:20:36.310+0200] {dag.py:3239} INFO - Sync 1 DAGs
[2025-03-12T14:20:36.325+0200] {logging_mixin.py:190} INFO - [2025-03-12T14:20:36.324+0200] {dag.py:4180} INFO - Setting next_dagrun for example_trigger_target_dag to None, run_after=None
[2025-03-12T14:20:36.350+0200] {processor.py:208} INFO - Processing /home/munyah/.local/lib/python3.10/site-packages/airflow/example_dags/example_trigger_target_dag.py took 0.079 seconds
[2025-03-12T14:21:32.697+0200] {processor.py:186} INFO - Started process (PID=135366) to work on /home/munyah/.local/lib/python3.10/site-packages/airflow/example_dags/example_trigger_target_dag.py
[2025-03-12T14:21:32.698+0200] {processor.py:914} INFO - Processing file /home/munyah/.local/lib/python3.10/site-packages/airflow/example_dags/example_trigger_target_dag.py for tasks to queue
[2025-03-12T14:21:32.701+0200] {logging_mixin.py:190} INFO - [2025-03-12T14:21:32.701+0200] {dagbag.py:588} INFO - Filling up the DagBag from /home/munyah/.local/lib/python3.10/site-packages/airflow/example_dags/example_trigger_target_dag.py
[2025-03-12T14:21:32.712+0200] {processor.py:925} INFO - DAG(s) 'example_trigger_target_dag' retrieved from /home/munyah/.local/lib/python3.10/site-packages/airflow/example_dags/example_trigger_target_dag.py
[2025-03-12T14:21:32.729+0200] {logging_mixin.py:190} INFO - [2025-03-12T14:21:32.728+0200] {dag.py:3239} INFO - Sync 1 DAGs
[2025-03-12T14:21:32.743+0200] {logging_mixin.py:190} INFO - [2025-03-12T14:21:32.742+0200] {dag.py:4180} INFO - Setting next_dagrun for example_trigger_target_dag to None, run_after=None
[2025-03-12T14:21:32.764+0200] {processor.py:208} INFO - Processing /home/munyah/.local/lib/python3.10/site-packages/airflow/example_dags/example_trigger_target_dag.py took 0.076 seconds
[2025-03-12T14:22:29.780+0200] {processor.py:186} INFO - Started process (PID=135703) to work on /home/munyah/.local/lib/python3.10/site-packages/airflow/example_dags/example_trigger_target_dag.py
[2025-03-12T14:22:29.784+0200] {processor.py:914} INFO - Processing file /home/munyah/.local/lib/python3.10/site-packages/airflow/example_dags/example_trigger_target_dag.py for tasks to queue
[2025-03-12T14:22:29.787+0200] {logging_mixin.py:190} INFO - [2025-03-12T14:22:29.786+0200] {dagbag.py:588} INFO - Filling up the DagBag from /home/munyah/.local/lib/python3.10/site-packages/airflow/example_dags/example_trigger_target_dag.py
[2025-03-12T14:22:29.798+0200] {processor.py:925} INFO - DAG(s) 'example_trigger_target_dag' retrieved from /home/munyah/.local/lib/python3.10/site-packages/airflow/example_dags/example_trigger_target_dag.py
[2025-03-12T14:22:29.822+0200] {logging_mixin.py:190} INFO - [2025-03-12T14:22:29.822+0200] {dag.py:3239} INFO - Sync 1 DAGs
[2025-03-12T14:22:29.846+0200] {logging_mixin.py:190} INFO - [2025-03-12T14:22:29.846+0200] {dag.py:4180} INFO - Setting next_dagrun for example_trigger_target_dag to None, run_after=None
[2025-03-12T14:22:29.883+0200] {processor.py:208} INFO - Processing /home/munyah/.local/lib/python3.10/site-packages/airflow/example_dags/example_trigger_target_dag.py took 0.113 seconds
[2025-03-12T14:23:42.969+0200] {processor.py:186} INFO - Started process (PID=136525) to work on /home/munyah/.local/lib/python3.10/site-packages/airflow/example_dags/example_trigger_target_dag.py
[2025-03-12T14:23:42.970+0200] {processor.py:914} INFO - Processing file /home/munyah/.local/lib/python3.10/site-packages/airflow/example_dags/example_trigger_target_dag.py for tasks to queue
[2025-03-12T14:23:42.973+0200] {logging_mixin.py:190} INFO - [2025-03-12T14:23:42.973+0200] {dagbag.py:588} INFO - Filling up the DagBag from /home/munyah/.local/lib/python3.10/site-packages/airflow/example_dags/example_trigger_target_dag.py
[2025-03-12T14:23:42.986+0200] {processor.py:925} INFO - DAG(s) 'example_trigger_target_dag' retrieved from /home/munyah/.local/lib/python3.10/site-packages/airflow/example_dags/example_trigger_target_dag.py
[2025-03-12T14:23:43.005+0200] {logging_mixin.py:190} INFO - [2025-03-12T14:23:43.004+0200] {dag.py:3239} INFO - Sync 1 DAGs
[2025-03-12T14:23:43.027+0200] {logging_mixin.py:190} INFO - [2025-03-12T14:23:43.026+0200] {dag.py:4180} INFO - Setting next_dagrun for example_trigger_target_dag to None, run_after=None
[2025-03-12T14:23:43.058+0200] {processor.py:208} INFO - Processing /home/munyah/.local/lib/python3.10/site-packages/airflow/example_dags/example_trigger_target_dag.py took 0.099 seconds
[2025-03-12T14:24:43.852+0200] {processor.py:186} INFO - Started process (PID=136773) to work on /home/munyah/.local/lib/python3.10/site-packages/airflow/example_dags/example_trigger_target_dag.py
[2025-03-12T14:24:43.853+0200] {processor.py:914} INFO - Processing file /home/munyah/.local/lib/python3.10/site-packages/airflow/example_dags/example_trigger_target_dag.py for tasks to queue
[2025-03-12T14:24:43.857+0200] {logging_mixin.py:190} INFO - [2025-03-12T14:24:43.856+0200] {dagbag.py:588} INFO - Filling up the DagBag from /home/munyah/.local/lib/python3.10/site-packages/airflow/example_dags/example_trigger_target_dag.py
[2025-03-12T14:24:43.867+0200] {processor.py:925} INFO - DAG(s) 'example_trigger_target_dag' retrieved from /home/munyah/.local/lib/python3.10/site-packages/airflow/example_dags/example_trigger_target_dag.py
[2025-03-12T14:24:43.885+0200] {logging_mixin.py:190} INFO - [2025-03-12T14:24:43.884+0200] {dag.py:3239} INFO - Sync 1 DAGs
[2025-03-12T14:24:43.899+0200] {logging_mixin.py:190} INFO - [2025-03-12T14:24:43.899+0200] {dag.py:4180} INFO - Setting next_dagrun for example_trigger_target_dag to None, run_after=None
[2025-03-12T14:24:43.921+0200] {processor.py:208} INFO - Processing /home/munyah/.local/lib/python3.10/site-packages/airflow/example_dags/example_trigger_target_dag.py took 0.078 seconds
[2025-03-12T14:25:40.545+0200] {processor.py:186} INFO - Started process (PID=136956) to work on /home/munyah/.local/lib/python3.10/site-packages/airflow/example_dags/example_trigger_target_dag.py
[2025-03-12T14:25:40.546+0200] {processor.py:914} INFO - Processing file /home/munyah/.local/lib/python3.10/site-packages/airflow/example_dags/example_trigger_target_dag.py for tasks to queue
[2025-03-12T14:25:40.549+0200] {logging_mixin.py:190} INFO - [2025-03-12T14:25:40.548+0200] {dagbag.py:588} INFO - Filling up the DagBag from /home/munyah/.local/lib/python3.10/site-packages/airflow/example_dags/example_trigger_target_dag.py
[2025-03-12T14:25:40.559+0200] {processor.py:925} INFO - DAG(s) 'example_trigger_target_dag' retrieved from /home/munyah/.local/lib/python3.10/site-packages/airflow/example_dags/example_trigger_target_dag.py
[2025-03-12T14:25:40.578+0200] {logging_mixin.py:190} INFO - [2025-03-12T14:25:40.578+0200] {dag.py:3239} INFO - Sync 1 DAGs
[2025-03-12T14:25:40.594+0200] {logging_mixin.py:190} INFO - [2025-03-12T14:25:40.593+0200] {dag.py:4180} INFO - Setting next_dagrun for example_trigger_target_dag to None, run_after=None
[2025-03-12T14:25:40.616+0200] {processor.py:208} INFO - Processing /home/munyah/.local/lib/python3.10/site-packages/airflow/example_dags/example_trigger_target_dag.py took 0.079 seconds
[2025-03-12T14:26:39.508+0200] {processor.py:186} INFO - Started process (PID=137141) to work on /home/munyah/.local/lib/python3.10/site-packages/airflow/example_dags/example_trigger_target_dag.py
[2025-03-12T14:26:39.509+0200] {processor.py:914} INFO - Processing file /home/munyah/.local/lib/python3.10/site-packages/airflow/example_dags/example_trigger_target_dag.py for tasks to queue
[2025-03-12T14:26:39.511+0200] {logging_mixin.py:190} INFO - [2025-03-12T14:26:39.511+0200] {dagbag.py:588} INFO - Filling up the DagBag from /home/munyah/.local/lib/python3.10/site-packages/airflow/example_dags/example_trigger_target_dag.py
[2025-03-12T14:26:39.521+0200] {processor.py:925} INFO - DAG(s) 'example_trigger_target_dag' retrieved from /home/munyah/.local/lib/python3.10/site-packages/airflow/example_dags/example_trigger_target_dag.py
[2025-03-12T14:26:39.539+0200] {logging_mixin.py:190} INFO - [2025-03-12T14:26:39.539+0200] {dag.py:3239} INFO - Sync 1 DAGs
[2025-03-12T14:26:39.557+0200] {logging_mixin.py:190} INFO - [2025-03-12T14:26:39.556+0200] {dag.py:4180} INFO - Setting next_dagrun for example_trigger_target_dag to None, run_after=None
[2025-03-12T14:26:39.579+0200] {processor.py:208} INFO - Processing /home/munyah/.local/lib/python3.10/site-packages/airflow/example_dags/example_trigger_target_dag.py took 0.080 seconds
[2025-03-12T14:27:44.599+0200] {processor.py:186} INFO - Started process (PID=137369) to work on /home/munyah/.local/lib/python3.10/site-packages/airflow/example_dags/example_trigger_target_dag.py
[2025-03-12T14:27:44.601+0200] {processor.py:914} INFO - Processing file /home/munyah/.local/lib/python3.10/site-packages/airflow/example_dags/example_trigger_target_dag.py for tasks to queue
[2025-03-12T14:27:44.603+0200] {logging_mixin.py:190} INFO - [2025-03-12T14:27:44.603+0200] {dagbag.py:588} INFO - Filling up the DagBag from /home/munyah/.local/lib/python3.10/site-packages/airflow/example_dags/example_trigger_target_dag.py
[2025-03-12T14:27:44.617+0200] {processor.py:925} INFO - DAG(s) 'example_trigger_target_dag' retrieved from /home/munyah/.local/lib/python3.10/site-packages/airflow/example_dags/example_trigger_target_dag.py
[2025-03-12T14:27:44.635+0200] {logging_mixin.py:190} INFO - [2025-03-12T14:27:44.635+0200] {dag.py:3239} INFO - Sync 1 DAGs
[2025-03-12T14:27:44.651+0200] {logging_mixin.py:190} INFO - [2025-03-12T14:27:44.650+0200] {dag.py:4180} INFO - Setting next_dagrun for example_trigger_target_dag to None, run_after=None
[2025-03-12T14:27:44.673+0200] {processor.py:208} INFO - Processing /home/munyah/.local/lib/python3.10/site-packages/airflow/example_dags/example_trigger_target_dag.py took 0.082 seconds
[2025-03-12T14:28:46.571+0200] {processor.py:186} INFO - Started process (PID=137542) to work on /home/munyah/.local/lib/python3.10/site-packages/airflow/example_dags/example_trigger_target_dag.py
[2025-03-12T14:28:46.572+0200] {processor.py:914} INFO - Processing file /home/munyah/.local/lib/python3.10/site-packages/airflow/example_dags/example_trigger_target_dag.py for tasks to queue
[2025-03-12T14:28:46.576+0200] {logging_mixin.py:190} INFO - [2025-03-12T14:28:46.575+0200] {dagbag.py:588} INFO - Filling up the DagBag from /home/munyah/.local/lib/python3.10/site-packages/airflow/example_dags/example_trigger_target_dag.py
[2025-03-12T14:28:46.586+0200] {processor.py:925} INFO - DAG(s) 'example_trigger_target_dag' retrieved from /home/munyah/.local/lib/python3.10/site-packages/airflow/example_dags/example_trigger_target_dag.py
[2025-03-12T14:28:46.604+0200] {logging_mixin.py:190} INFO - [2025-03-12T14:28:46.604+0200] {dag.py:3239} INFO - Sync 1 DAGs
[2025-03-12T14:28:46.620+0200] {logging_mixin.py:190} INFO - [2025-03-12T14:28:46.620+0200] {dag.py:4180} INFO - Setting next_dagrun for example_trigger_target_dag to None, run_after=None
[2025-03-12T14:28:46.649+0200] {processor.py:208} INFO - Processing /home/munyah/.local/lib/python3.10/site-packages/airflow/example_dags/example_trigger_target_dag.py took 0.085 seconds
[2025-03-12T14:29:44.046+0200] {processor.py:186} INFO - Started process (PID=138559) to work on /home/munyah/.local/lib/python3.10/site-packages/airflow/example_dags/example_trigger_target_dag.py
[2025-03-12T14:29:44.048+0200] {processor.py:914} INFO - Processing file /home/munyah/.local/lib/python3.10/site-packages/airflow/example_dags/example_trigger_target_dag.py for tasks to queue
[2025-03-12T14:29:44.051+0200] {logging_mixin.py:190} INFO - [2025-03-12T14:29:44.051+0200] {dagbag.py:588} INFO - Filling up the DagBag from /home/munyah/.local/lib/python3.10/site-packages/airflow/example_dags/example_trigger_target_dag.py
[2025-03-12T14:29:44.065+0200] {processor.py:925} INFO - DAG(s) 'example_trigger_target_dag' retrieved from /home/munyah/.local/lib/python3.10/site-packages/airflow/example_dags/example_trigger_target_dag.py
[2025-03-12T14:29:44.083+0200] {logging_mixin.py:190} INFO - [2025-03-12T14:29:44.083+0200] {dag.py:3239} INFO - Sync 1 DAGs
[2025-03-12T14:29:44.098+0200] {logging_mixin.py:190} INFO - [2025-03-12T14:29:44.097+0200] {dag.py:4180} INFO - Setting next_dagrun for example_trigger_target_dag to None, run_after=None
[2025-03-12T14:29:44.120+0200] {processor.py:208} INFO - Processing /home/munyah/.local/lib/python3.10/site-packages/airflow/example_dags/example_trigger_target_dag.py took 0.086 seconds
[2025-03-12T14:30:47.192+0200] {processor.py:186} INFO - Started process (PID=138807) to work on /home/munyah/.local/lib/python3.10/site-packages/airflow/example_dags/example_trigger_target_dag.py
[2025-03-12T14:30:47.193+0200] {processor.py:914} INFO - Processing file /home/munyah/.local/lib/python3.10/site-packages/airflow/example_dags/example_trigger_target_dag.py for tasks to queue
[2025-03-12T14:30:47.196+0200] {logging_mixin.py:190} INFO - [2025-03-12T14:30:47.196+0200] {dagbag.py:588} INFO - Filling up the DagBag from /home/munyah/.local/lib/python3.10/site-packages/airflow/example_dags/example_trigger_target_dag.py
[2025-03-12T14:30:47.206+0200] {processor.py:925} INFO - DAG(s) 'example_trigger_target_dag' retrieved from /home/munyah/.local/lib/python3.10/site-packages/airflow/example_dags/example_trigger_target_dag.py
[2025-03-12T14:30:47.224+0200] {logging_mixin.py:190} INFO - [2025-03-12T14:30:47.224+0200] {dag.py:3239} INFO - Sync 1 DAGs
[2025-03-12T14:30:47.240+0200] {logging_mixin.py:190} INFO - [2025-03-12T14:30:47.239+0200] {dag.py:4180} INFO - Setting next_dagrun for example_trigger_target_dag to None, run_after=None
[2025-03-12T14:30:47.266+0200] {processor.py:208} INFO - Processing /home/munyah/.local/lib/python3.10/site-packages/airflow/example_dags/example_trigger_target_dag.py took 0.082 seconds
[2025-03-12T14:31:52.532+0200] {processor.py:186} INFO - Started process (PID=139013) to work on /home/munyah/.local/lib/python3.10/site-packages/airflow/example_dags/example_trigger_target_dag.py
[2025-03-12T14:31:52.533+0200] {processor.py:914} INFO - Processing file /home/munyah/.local/lib/python3.10/site-packages/airflow/example_dags/example_trigger_target_dag.py for tasks to queue
[2025-03-12T14:31:52.536+0200] {logging_mixin.py:190} INFO - [2025-03-12T14:31:52.536+0200] {dagbag.py:588} INFO - Filling up the DagBag from /home/munyah/.local/lib/python3.10/site-packages/airflow/example_dags/example_trigger_target_dag.py
[2025-03-12T14:31:52.548+0200] {processor.py:925} INFO - DAG(s) 'example_trigger_target_dag' retrieved from /home/munyah/.local/lib/python3.10/site-packages/airflow/example_dags/example_trigger_target_dag.py
[2025-03-12T14:31:52.566+0200] {logging_mixin.py:190} INFO - [2025-03-12T14:31:52.566+0200] {dag.py:3239} INFO - Sync 1 DAGs
[2025-03-12T14:31:52.581+0200] {logging_mixin.py:190} INFO - [2025-03-12T14:31:52.581+0200] {dag.py:4180} INFO - Setting next_dagrun for example_trigger_target_dag to None, run_after=None
[2025-03-12T14:31:52.603+0200] {processor.py:208} INFO - Processing /home/munyah/.local/lib/python3.10/site-packages/airflow/example_dags/example_trigger_target_dag.py took 0.080 seconds
[2025-03-12T14:32:54.255+0200] {processor.py:186} INFO - Started process (PID=139722) to work on /home/munyah/.local/lib/python3.10/site-packages/airflow/example_dags/example_trigger_target_dag.py
[2025-03-12T14:32:54.257+0200] {processor.py:914} INFO - Processing file /home/munyah/.local/lib/python3.10/site-packages/airflow/example_dags/example_trigger_target_dag.py for tasks to queue
[2025-03-12T14:32:54.260+0200] {logging_mixin.py:190} INFO - [2025-03-12T14:32:54.259+0200] {dagbag.py:588} INFO - Filling up the DagBag from /home/munyah/.local/lib/python3.10/site-packages/airflow/example_dags/example_trigger_target_dag.py
[2025-03-12T14:32:54.269+0200] {processor.py:925} INFO - DAG(s) 'example_trigger_target_dag' retrieved from /home/munyah/.local/lib/python3.10/site-packages/airflow/example_dags/example_trigger_target_dag.py
[2025-03-12T14:32:54.286+0200] {logging_mixin.py:190} INFO - [2025-03-12T14:32:54.286+0200] {dag.py:3239} INFO - Sync 1 DAGs
[2025-03-12T14:32:54.300+0200] {logging_mixin.py:190} INFO - [2025-03-12T14:32:54.300+0200] {dag.py:4180} INFO - Setting next_dagrun for example_trigger_target_dag to None, run_after=None
[2025-03-12T14:32:54.322+0200] {processor.py:208} INFO - Processing /home/munyah/.local/lib/python3.10/site-packages/airflow/example_dags/example_trigger_target_dag.py took 0.074 seconds
[2025-03-12T14:33:58.444+0200] {processor.py:186} INFO - Started process (PID=139996) to work on /home/munyah/.local/lib/python3.10/site-packages/airflow/example_dags/example_trigger_target_dag.py
[2025-03-12T14:33:58.447+0200] {processor.py:914} INFO - Processing file /home/munyah/.local/lib/python3.10/site-packages/airflow/example_dags/example_trigger_target_dag.py for tasks to queue
[2025-03-12T14:33:58.456+0200] {logging_mixin.py:190} INFO - [2025-03-12T14:33:58.455+0200] {dagbag.py:588} INFO - Filling up the DagBag from /home/munyah/.local/lib/python3.10/site-packages/airflow/example_dags/example_trigger_target_dag.py
[2025-03-12T14:33:58.482+0200] {processor.py:925} INFO - DAG(s) 'example_trigger_target_dag' retrieved from /home/munyah/.local/lib/python3.10/site-packages/airflow/example_dags/example_trigger_target_dag.py
[2025-03-12T14:33:58.505+0200] {logging_mixin.py:190} INFO - [2025-03-12T14:33:58.505+0200] {dag.py:3239} INFO - Sync 1 DAGs
[2025-03-12T14:33:58.520+0200] {logging_mixin.py:190} INFO - [2025-03-12T14:33:58.520+0200] {dag.py:4180} INFO - Setting next_dagrun for example_trigger_target_dag to None, run_after=None
[2025-03-12T14:33:58.544+0200] {processor.py:208} INFO - Processing /home/munyah/.local/lib/python3.10/site-packages/airflow/example_dags/example_trigger_target_dag.py took 0.127 seconds
[2025-03-12T14:35:04.995+0200] {processor.py:186} INFO - Started process (PID=140178) to work on /home/munyah/.local/lib/python3.10/site-packages/airflow/example_dags/example_trigger_target_dag.py
[2025-03-12T14:35:04.996+0200] {processor.py:914} INFO - Processing file /home/munyah/.local/lib/python3.10/site-packages/airflow/example_dags/example_trigger_target_dag.py for tasks to queue
[2025-03-12T14:35:04.999+0200] {logging_mixin.py:190} INFO - [2025-03-12T14:35:04.998+0200] {dagbag.py:588} INFO - Filling up the DagBag from /home/munyah/.local/lib/python3.10/site-packages/airflow/example_dags/example_trigger_target_dag.py
[2025-03-12T14:35:05.009+0200] {processor.py:925} INFO - DAG(s) 'example_trigger_target_dag' retrieved from /home/munyah/.local/lib/python3.10/site-packages/airflow/example_dags/example_trigger_target_dag.py
[2025-03-12T14:35:05.027+0200] {logging_mixin.py:190} INFO - [2025-03-12T14:35:05.027+0200] {dag.py:3239} INFO - Sync 1 DAGs
[2025-03-12T14:35:05.043+0200] {logging_mixin.py:190} INFO - [2025-03-12T14:35:05.042+0200] {dag.py:4180} INFO - Setting next_dagrun for example_trigger_target_dag to None, run_after=None
[2025-03-12T14:35:05.068+0200] {processor.py:208} INFO - Processing /home/munyah/.local/lib/python3.10/site-packages/airflow/example_dags/example_trigger_target_dag.py took 0.081 seconds
[2025-03-12T14:36:08.480+0200] {processor.py:186} INFO - Started process (PID=140373) to work on /home/munyah/.local/lib/python3.10/site-packages/airflow/example_dags/example_trigger_target_dag.py
[2025-03-12T14:36:08.482+0200] {processor.py:914} INFO - Processing file /home/munyah/.local/lib/python3.10/site-packages/airflow/example_dags/example_trigger_target_dag.py for tasks to queue
[2025-03-12T14:36:08.485+0200] {logging_mixin.py:190} INFO - [2025-03-12T14:36:08.484+0200] {dagbag.py:588} INFO - Filling up the DagBag from /home/munyah/.local/lib/python3.10/site-packages/airflow/example_dags/example_trigger_target_dag.py
[2025-03-12T14:36:08.495+0200] {processor.py:925} INFO - DAG(s) 'example_trigger_target_dag' retrieved from /home/munyah/.local/lib/python3.10/site-packages/airflow/example_dags/example_trigger_target_dag.py
[2025-03-12T14:36:08.512+0200] {logging_mixin.py:190} INFO - [2025-03-12T14:36:08.512+0200] {dag.py:3239} INFO - Sync 1 DAGs
[2025-03-12T14:36:08.528+0200] {logging_mixin.py:190} INFO - [2025-03-12T14:36:08.527+0200] {dag.py:4180} INFO - Setting next_dagrun for example_trigger_target_dag to None, run_after=None
[2025-03-12T14:36:08.554+0200] {processor.py:208} INFO - Processing /home/munyah/.local/lib/python3.10/site-packages/airflow/example_dags/example_trigger_target_dag.py took 0.087 seconds
[2025-03-12T14:37:11.433+0200] {processor.py:186} INFO - Started process (PID=140559) to work on /home/munyah/.local/lib/python3.10/site-packages/airflow/example_dags/example_trigger_target_dag.py
[2025-03-12T14:37:11.434+0200] {processor.py:914} INFO - Processing file /home/munyah/.local/lib/python3.10/site-packages/airflow/example_dags/example_trigger_target_dag.py for tasks to queue
[2025-03-12T14:37:11.437+0200] {logging_mixin.py:190} INFO - [2025-03-12T14:37:11.436+0200] {dagbag.py:588} INFO - Filling up the DagBag from /home/munyah/.local/lib/python3.10/site-packages/airflow/example_dags/example_trigger_target_dag.py
[2025-03-12T14:37:11.447+0200] {processor.py:925} INFO - DAG(s) 'example_trigger_target_dag' retrieved from /home/munyah/.local/lib/python3.10/site-packages/airflow/example_dags/example_trigger_target_dag.py
[2025-03-12T14:37:11.464+0200] {logging_mixin.py:190} INFO - [2025-03-12T14:37:11.464+0200] {dag.py:3239} INFO - Sync 1 DAGs
[2025-03-12T14:37:11.478+0200] {logging_mixin.py:190} INFO - [2025-03-12T14:37:11.478+0200] {dag.py:4180} INFO - Setting next_dagrun for example_trigger_target_dag to None, run_after=None
[2025-03-12T14:37:11.500+0200] {processor.py:208} INFO - Processing /home/munyah/.local/lib/python3.10/site-packages/airflow/example_dags/example_trigger_target_dag.py took 0.074 seconds
[2025-03-12T14:38:14.981+0200] {processor.py:186} INFO - Started process (PID=140668) to work on /home/munyah/.local/lib/python3.10/site-packages/airflow/example_dags/example_trigger_target_dag.py
[2025-03-12T14:38:14.982+0200] {processor.py:914} INFO - Processing file /home/munyah/.local/lib/python3.10/site-packages/airflow/example_dags/example_trigger_target_dag.py for tasks to queue
[2025-03-12T14:38:14.985+0200] {logging_mixin.py:190} INFO - [2025-03-12T14:38:14.985+0200] {dagbag.py:588} INFO - Filling up the DagBag from /home/munyah/.local/lib/python3.10/site-packages/airflow/example_dags/example_trigger_target_dag.py
[2025-03-12T14:38:14.995+0200] {processor.py:925} INFO - DAG(s) 'example_trigger_target_dag' retrieved from /home/munyah/.local/lib/python3.10/site-packages/airflow/example_dags/example_trigger_target_dag.py
[2025-03-12T14:38:15.012+0200] {logging_mixin.py:190} INFO - [2025-03-12T14:38:15.012+0200] {dag.py:3239} INFO - Sync 1 DAGs
[2025-03-12T14:38:15.026+0200] {logging_mixin.py:190} INFO - [2025-03-12T14:38:15.026+0200] {dag.py:4180} INFO - Setting next_dagrun for example_trigger_target_dag to None, run_after=None
[2025-03-12T14:38:15.048+0200] {processor.py:208} INFO - Processing /home/munyah/.local/lib/python3.10/site-packages/airflow/example_dags/example_trigger_target_dag.py took 0.076 seconds
[2025-03-12T14:39:23.347+0200] {processor.py:186} INFO - Started process (PID=140751) to work on /home/munyah/.local/lib/python3.10/site-packages/airflow/example_dags/example_trigger_target_dag.py
[2025-03-12T14:39:23.355+0200] {processor.py:914} INFO - Processing file /home/munyah/.local/lib/python3.10/site-packages/airflow/example_dags/example_trigger_target_dag.py for tasks to queue
[2025-03-12T14:39:23.371+0200] {logging_mixin.py:190} INFO - [2025-03-12T14:39:23.370+0200] {dagbag.py:588} INFO - Filling up the DagBag from /home/munyah/.local/lib/python3.10/site-packages/airflow/example_dags/example_trigger_target_dag.py
[2025-03-12T14:39:23.389+0200] {processor.py:925} INFO - DAG(s) 'example_trigger_target_dag' retrieved from /home/munyah/.local/lib/python3.10/site-packages/airflow/example_dags/example_trigger_target_dag.py
[2025-03-12T14:39:23.408+0200] {logging_mixin.py:190} INFO - [2025-03-12T14:39:23.408+0200] {dag.py:3239} INFO - Sync 1 DAGs
[2025-03-12T14:39:23.422+0200] {logging_mixin.py:190} INFO - [2025-03-12T14:39:23.422+0200] {dag.py:4180} INFO - Setting next_dagrun for example_trigger_target_dag to None, run_after=None
[2025-03-12T14:39:23.442+0200] {processor.py:208} INFO - Processing /home/munyah/.local/lib/python3.10/site-packages/airflow/example_dags/example_trigger_target_dag.py took 0.141 seconds
[2025-03-12T14:40:27.465+0200] {processor.py:186} INFO - Started process (PID=140886) to work on /home/munyah/.local/lib/python3.10/site-packages/airflow/example_dags/example_trigger_target_dag.py
[2025-03-12T14:40:27.466+0200] {processor.py:914} INFO - Processing file /home/munyah/.local/lib/python3.10/site-packages/airflow/example_dags/example_trigger_target_dag.py for tasks to queue
[2025-03-12T14:40:27.468+0200] {logging_mixin.py:190} INFO - [2025-03-12T14:40:27.468+0200] {dagbag.py:588} INFO - Filling up the DagBag from /home/munyah/.local/lib/python3.10/site-packages/airflow/example_dags/example_trigger_target_dag.py
[2025-03-12T14:40:27.477+0200] {processor.py:925} INFO - DAG(s) 'example_trigger_target_dag' retrieved from /home/munyah/.local/lib/python3.10/site-packages/airflow/example_dags/example_trigger_target_dag.py
[2025-03-12T14:40:27.494+0200] {logging_mixin.py:190} INFO - [2025-03-12T14:40:27.493+0200] {dag.py:3239} INFO - Sync 1 DAGs
[2025-03-12T14:40:27.508+0200] {logging_mixin.py:190} INFO - [2025-03-12T14:40:27.508+0200] {dag.py:4180} INFO - Setting next_dagrun for example_trigger_target_dag to None, run_after=None
[2025-03-12T14:40:27.529+0200] {processor.py:208} INFO - Processing /home/munyah/.local/lib/python3.10/site-packages/airflow/example_dags/example_trigger_target_dag.py took 0.072 seconds
[2025-03-12T14:41:31.750+0200] {processor.py:186} INFO - Started process (PID=141188) to work on /home/munyah/.local/lib/python3.10/site-packages/airflow/example_dags/example_trigger_target_dag.py
[2025-03-12T14:41:31.752+0200] {processor.py:914} INFO - Processing file /home/munyah/.local/lib/python3.10/site-packages/airflow/example_dags/example_trigger_target_dag.py for tasks to queue
[2025-03-12T14:41:31.755+0200] {logging_mixin.py:190} INFO - [2025-03-12T14:41:31.755+0200] {dagbag.py:588} INFO - Filling up the DagBag from /home/munyah/.local/lib/python3.10/site-packages/airflow/example_dags/example_trigger_target_dag.py
[2025-03-12T14:41:31.765+0200] {processor.py:925} INFO - DAG(s) 'example_trigger_target_dag' retrieved from /home/munyah/.local/lib/python3.10/site-packages/airflow/example_dags/example_trigger_target_dag.py
[2025-03-12T14:41:31.783+0200] {logging_mixin.py:190} INFO - [2025-03-12T14:41:31.783+0200] {dag.py:3239} INFO - Sync 1 DAGs
[2025-03-12T14:41:31.798+0200] {logging_mixin.py:190} INFO - [2025-03-12T14:41:31.798+0200] {dag.py:4180} INFO - Setting next_dagrun for example_trigger_target_dag to None, run_after=None
[2025-03-12T14:41:31.823+0200] {processor.py:208} INFO - Processing /home/munyah/.local/lib/python3.10/site-packages/airflow/example_dags/example_trigger_target_dag.py took 0.081 seconds
[2025-03-12T14:42:32.575+0200] {processor.py:186} INFO - Started process (PID=141384) to work on /home/munyah/.local/lib/python3.10/site-packages/airflow/example_dags/example_trigger_target_dag.py
[2025-03-12T14:42:32.577+0200] {processor.py:914} INFO - Processing file /home/munyah/.local/lib/python3.10/site-packages/airflow/example_dags/example_trigger_target_dag.py for tasks to queue
[2025-03-12T14:42:32.581+0200] {logging_mixin.py:190} INFO - [2025-03-12T14:42:32.580+0200] {dagbag.py:588} INFO - Filling up the DagBag from /home/munyah/.local/lib/python3.10/site-packages/airflow/example_dags/example_trigger_target_dag.py
[2025-03-12T14:42:32.590+0200] {processor.py:925} INFO - DAG(s) 'example_trigger_target_dag' retrieved from /home/munyah/.local/lib/python3.10/site-packages/airflow/example_dags/example_trigger_target_dag.py
[2025-03-12T14:42:32.607+0200] {logging_mixin.py:190} INFO - [2025-03-12T14:42:32.607+0200] {dag.py:3239} INFO - Sync 1 DAGs
[2025-03-12T14:42:32.622+0200] {logging_mixin.py:190} INFO - [2025-03-12T14:42:32.622+0200] {dag.py:4180} INFO - Setting next_dagrun for example_trigger_target_dag to None, run_after=None
[2025-03-12T14:42:32.643+0200] {processor.py:208} INFO - Processing /home/munyah/.local/lib/python3.10/site-packages/airflow/example_dags/example_trigger_target_dag.py took 0.078 seconds
[2025-03-12T14:43:31.009+0200] {processor.py:186} INFO - Started process (PID=141548) to work on /home/munyah/.local/lib/python3.10/site-packages/airflow/example_dags/example_trigger_target_dag.py
[2025-03-12T14:43:31.010+0200] {processor.py:914} INFO - Processing file /home/munyah/.local/lib/python3.10/site-packages/airflow/example_dags/example_trigger_target_dag.py for tasks to queue
[2025-03-12T14:43:31.014+0200] {logging_mixin.py:190} INFO - [2025-03-12T14:43:31.014+0200] {dagbag.py:588} INFO - Filling up the DagBag from /home/munyah/.local/lib/python3.10/site-packages/airflow/example_dags/example_trigger_target_dag.py
[2025-03-12T14:43:31.025+0200] {processor.py:925} INFO - DAG(s) 'example_trigger_target_dag' retrieved from /home/munyah/.local/lib/python3.10/site-packages/airflow/example_dags/example_trigger_target_dag.py
[2025-03-12T14:43:31.042+0200] {logging_mixin.py:190} INFO - [2025-03-12T14:43:31.042+0200] {dag.py:3239} INFO - Sync 1 DAGs
[2025-03-12T14:43:31.058+0200] {logging_mixin.py:190} INFO - [2025-03-12T14:43:31.057+0200] {dag.py:4180} INFO - Setting next_dagrun for example_trigger_target_dag to None, run_after=None
[2025-03-12T14:43:31.079+0200] {processor.py:208} INFO - Processing /home/munyah/.local/lib/python3.10/site-packages/airflow/example_dags/example_trigger_target_dag.py took 0.084 seconds
[2025-03-12T14:44:30.795+0200] {processor.py:186} INFO - Started process (PID=141741) to work on /home/munyah/.local/lib/python3.10/site-packages/airflow/example_dags/example_trigger_target_dag.py
[2025-03-12T14:44:30.796+0200] {processor.py:914} INFO - Processing file /home/munyah/.local/lib/python3.10/site-packages/airflow/example_dags/example_trigger_target_dag.py for tasks to queue
[2025-03-12T14:44:30.799+0200] {logging_mixin.py:190} INFO - [2025-03-12T14:44:30.799+0200] {dagbag.py:588} INFO - Filling up the DagBag from /home/munyah/.local/lib/python3.10/site-packages/airflow/example_dags/example_trigger_target_dag.py
[2025-03-12T14:44:30.809+0200] {processor.py:925} INFO - DAG(s) 'example_trigger_target_dag' retrieved from /home/munyah/.local/lib/python3.10/site-packages/airflow/example_dags/example_trigger_target_dag.py
[2025-03-12T14:44:30.828+0200] {logging_mixin.py:190} INFO - [2025-03-12T14:44:30.827+0200] {dag.py:3239} INFO - Sync 1 DAGs
[2025-03-12T14:44:30.850+0200] {logging_mixin.py:190} INFO - [2025-03-12T14:44:30.849+0200] {dag.py:4180} INFO - Setting next_dagrun for example_trigger_target_dag to None, run_after=None
[2025-03-12T14:44:30.877+0200] {processor.py:208} INFO - Processing /home/munyah/.local/lib/python3.10/site-packages/airflow/example_dags/example_trigger_target_dag.py took 0.089 seconds
[2025-03-12T14:45:30.579+0200] {processor.py:186} INFO - Started process (PID=141906) to work on /home/munyah/.local/lib/python3.10/site-packages/airflow/example_dags/example_trigger_target_dag.py
[2025-03-12T14:45:30.581+0200] {processor.py:914} INFO - Processing file /home/munyah/.local/lib/python3.10/site-packages/airflow/example_dags/example_trigger_target_dag.py for tasks to queue
[2025-03-12T14:45:30.585+0200] {logging_mixin.py:190} INFO - [2025-03-12T14:45:30.584+0200] {dagbag.py:588} INFO - Filling up the DagBag from /home/munyah/.local/lib/python3.10/site-packages/airflow/example_dags/example_trigger_target_dag.py
[2025-03-12T14:45:30.595+0200] {processor.py:925} INFO - DAG(s) 'example_trigger_target_dag' retrieved from /home/munyah/.local/lib/python3.10/site-packages/airflow/example_dags/example_trigger_target_dag.py
[2025-03-12T14:45:30.613+0200] {logging_mixin.py:190} INFO - [2025-03-12T14:45:30.613+0200] {dag.py:3239} INFO - Sync 1 DAGs
[2025-03-12T14:45:30.628+0200] {logging_mixin.py:190} INFO - [2025-03-12T14:45:30.627+0200] {dag.py:4180} INFO - Setting next_dagrun for example_trigger_target_dag to None, run_after=None
[2025-03-12T14:45:30.651+0200] {processor.py:208} INFO - Processing /home/munyah/.local/lib/python3.10/site-packages/airflow/example_dags/example_trigger_target_dag.py took 0.084 seconds
[2025-03-12T14:46:28.966+0200] {processor.py:186} INFO - Started process (PID=142172) to work on /home/munyah/.local/lib/python3.10/site-packages/airflow/example_dags/example_trigger_target_dag.py
[2025-03-12T14:46:28.967+0200] {processor.py:914} INFO - Processing file /home/munyah/.local/lib/python3.10/site-packages/airflow/example_dags/example_trigger_target_dag.py for tasks to queue
[2025-03-12T14:46:28.970+0200] {logging_mixin.py:190} INFO - [2025-03-12T14:46:28.970+0200] {dagbag.py:588} INFO - Filling up the DagBag from /home/munyah/.local/lib/python3.10/site-packages/airflow/example_dags/example_trigger_target_dag.py
[2025-03-12T14:46:28.982+0200] {processor.py:925} INFO - DAG(s) 'example_trigger_target_dag' retrieved from /home/munyah/.local/lib/python3.10/site-packages/airflow/example_dags/example_trigger_target_dag.py
[2025-03-12T14:46:28.999+0200] {logging_mixin.py:190} INFO - [2025-03-12T14:46:28.998+0200] {dag.py:3239} INFO - Sync 1 DAGs
[2025-03-12T14:46:29.014+0200] {logging_mixin.py:190} INFO - [2025-03-12T14:46:29.014+0200] {dag.py:4180} INFO - Setting next_dagrun for example_trigger_target_dag to None, run_after=None
[2025-03-12T14:46:29.035+0200] {processor.py:208} INFO - Processing /home/munyah/.local/lib/python3.10/site-packages/airflow/example_dags/example_trigger_target_dag.py took 0.078 seconds
[2025-03-12T14:49:22.676+0200] {processor.py:186} INFO - Started process (PID=142742) to work on /home/munyah/.local/lib/python3.10/site-packages/airflow/example_dags/example_trigger_target_dag.py
[2025-03-12T14:49:22.748+0200] {processor.py:914} INFO - Processing file /home/munyah/.local/lib/python3.10/site-packages/airflow/example_dags/example_trigger_target_dag.py for tasks to queue
[2025-03-12T14:49:22.755+0200] {logging_mixin.py:190} INFO - [2025-03-12T14:49:22.754+0200] {dagbag.py:588} INFO - Filling up the DagBag from /home/munyah/.local/lib/python3.10/site-packages/airflow/example_dags/example_trigger_target_dag.py
[2025-03-12T14:49:22.847+0200] {processor.py:925} INFO - DAG(s) 'example_trigger_target_dag' retrieved from /home/munyah/.local/lib/python3.10/site-packages/airflow/example_dags/example_trigger_target_dag.py
[2025-03-12T14:49:22.884+0200] {logging_mixin.py:190} INFO - [2025-03-12T14:49:22.883+0200] {dag.py:3239} INFO - Sync 1 DAGs
[2025-03-12T14:49:22.907+0200] {logging_mixin.py:190} INFO - [2025-03-12T14:49:22.907+0200] {dag.py:4180} INFO - Setting next_dagrun for example_trigger_target_dag to None, run_after=None
[2025-03-12T14:49:23.417+0200] {processor.py:208} INFO - Processing /home/munyah/.local/lib/python3.10/site-packages/airflow/example_dags/example_trigger_target_dag.py took 0.754 seconds
[2025-03-12T14:50:10.131+0200] {processor.py:186} INFO - Started process (PID=142867) to work on /home/munyah/.local/lib/python3.10/site-packages/airflow/example_dags/example_trigger_target_dag.py
[2025-03-12T14:50:10.132+0200] {processor.py:914} INFO - Processing file /home/munyah/.local/lib/python3.10/site-packages/airflow/example_dags/example_trigger_target_dag.py for tasks to queue
[2025-03-12T14:50:10.135+0200] {logging_mixin.py:190} INFO - [2025-03-12T14:50:10.134+0200] {dagbag.py:588} INFO - Filling up the DagBag from /home/munyah/.local/lib/python3.10/site-packages/airflow/example_dags/example_trigger_target_dag.py
[2025-03-12T14:50:10.144+0200] {processor.py:925} INFO - DAG(s) 'example_trigger_target_dag' retrieved from /home/munyah/.local/lib/python3.10/site-packages/airflow/example_dags/example_trigger_target_dag.py
[2025-03-12T14:50:10.164+0200] {logging_mixin.py:190} INFO - [2025-03-12T14:50:10.163+0200] {dag.py:3239} INFO - Sync 1 DAGs
[2025-03-12T14:50:10.182+0200] {logging_mixin.py:190} INFO - [2025-03-12T14:50:10.182+0200] {dag.py:4180} INFO - Setting next_dagrun for example_trigger_target_dag to None, run_after=None
[2025-03-12T14:50:10.204+0200] {processor.py:208} INFO - Processing /home/munyah/.local/lib/python3.10/site-packages/airflow/example_dags/example_trigger_target_dag.py took 0.080 seconds
[2025-03-12T14:51:14.700+0200] {processor.py:186} INFO - Started process (PID=143103) to work on /home/munyah/.local/lib/python3.10/site-packages/airflow/example_dags/example_trigger_target_dag.py
[2025-03-12T14:51:14.702+0200] {processor.py:914} INFO - Processing file /home/munyah/.local/lib/python3.10/site-packages/airflow/example_dags/example_trigger_target_dag.py for tasks to queue
[2025-03-12T14:51:14.705+0200] {logging_mixin.py:190} INFO - [2025-03-12T14:51:14.705+0200] {dagbag.py:588} INFO - Filling up the DagBag from /home/munyah/.local/lib/python3.10/site-packages/airflow/example_dags/example_trigger_target_dag.py
[2025-03-12T14:51:14.720+0200] {processor.py:925} INFO - DAG(s) 'example_trigger_target_dag' retrieved from /home/munyah/.local/lib/python3.10/site-packages/airflow/example_dags/example_trigger_target_dag.py
[2025-03-12T14:51:14.739+0200] {logging_mixin.py:190} INFO - [2025-03-12T14:51:14.738+0200] {dag.py:3239} INFO - Sync 1 DAGs
[2025-03-12T14:51:14.754+0200] {logging_mixin.py:190} INFO - [2025-03-12T14:51:14.754+0200] {dag.py:4180} INFO - Setting next_dagrun for example_trigger_target_dag to None, run_after=None
[2025-03-12T14:51:14.776+0200] {processor.py:208} INFO - Processing /home/munyah/.local/lib/python3.10/site-packages/airflow/example_dags/example_trigger_target_dag.py took 0.088 seconds
[2025-03-12T14:52:25.353+0200] {processor.py:186} INFO - Started process (PID=143295) to work on /home/munyah/.local/lib/python3.10/site-packages/airflow/example_dags/example_trigger_target_dag.py
[2025-03-12T14:52:25.356+0200] {processor.py:914} INFO - Processing file /home/munyah/.local/lib/python3.10/site-packages/airflow/example_dags/example_trigger_target_dag.py for tasks to queue
[2025-03-12T14:52:25.364+0200] {logging_mixin.py:190} INFO - [2025-03-12T14:52:25.359+0200] {dagbag.py:588} INFO - Filling up the DagBag from /home/munyah/.local/lib/python3.10/site-packages/airflow/example_dags/example_trigger_target_dag.py
[2025-03-12T14:52:25.388+0200] {processor.py:925} INFO - DAG(s) 'example_trigger_target_dag' retrieved from /home/munyah/.local/lib/python3.10/site-packages/airflow/example_dags/example_trigger_target_dag.py
[2025-03-12T14:52:25.408+0200] {logging_mixin.py:190} INFO - [2025-03-12T14:52:25.407+0200] {dag.py:3239} INFO - Sync 1 DAGs
[2025-03-12T14:52:25.425+0200] {logging_mixin.py:190} INFO - [2025-03-12T14:52:25.425+0200] {dag.py:4180} INFO - Setting next_dagrun for example_trigger_target_dag to None, run_after=None
[2025-03-12T14:52:25.449+0200] {processor.py:208} INFO - Processing /home/munyah/.local/lib/python3.10/site-packages/airflow/example_dags/example_trigger_target_dag.py took 0.110 seconds
[2025-03-12T14:53:36.915+0200] {processor.py:186} INFO - Started process (PID=143539) to work on /home/munyah/.local/lib/python3.10/site-packages/airflow/example_dags/example_trigger_target_dag.py
[2025-03-12T14:53:36.918+0200] {processor.py:914} INFO - Processing file /home/munyah/.local/lib/python3.10/site-packages/airflow/example_dags/example_trigger_target_dag.py for tasks to queue
[2025-03-12T14:53:36.925+0200] {logging_mixin.py:190} INFO - [2025-03-12T14:53:36.920+0200] {dagbag.py:588} INFO - Filling up the DagBag from /home/munyah/.local/lib/python3.10/site-packages/airflow/example_dags/example_trigger_target_dag.py
[2025-03-12T14:53:36.968+0200] {processor.py:925} INFO - DAG(s) 'example_trigger_target_dag' retrieved from /home/munyah/.local/lib/python3.10/site-packages/airflow/example_dags/example_trigger_target_dag.py
[2025-03-12T14:53:37.012+0200] {logging_mixin.py:190} INFO - [2025-03-12T14:53:37.011+0200] {dag.py:3239} INFO - Sync 1 DAGs
[2025-03-12T14:53:37.034+0200] {logging_mixin.py:190} INFO - [2025-03-12T14:53:37.033+0200] {dag.py:4180} INFO - Setting next_dagrun for example_trigger_target_dag to None, run_after=None
[2025-03-12T14:53:37.073+0200] {processor.py:208} INFO - Processing /home/munyah/.local/lib/python3.10/site-packages/airflow/example_dags/example_trigger_target_dag.py took 0.166 seconds
