[2025-03-12T08:20:51.843+0200] {processor.py:186} INFO - Started process (PID=133710) to work on /home/munyah/.local/lib/python3.10/site-packages/airflow/example_dags/example_bash_decorator.py
[2025-03-12T08:20:51.844+0200] {processor.py:914} INFO - Processing file /home/munyah/.local/lib/python3.10/site-packages/airflow/example_dags/example_bash_decorator.py for tasks to queue
[2025-03-12T08:20:51.847+0200] {logging_mixin.py:190} INFO - [2025-03-12T08:20:51.847+0200] {dagbag.py:588} INFO - Filling up the DagBag from /home/munyah/.local/lib/python3.10/site-packages/airflow/example_dags/example_bash_decorator.py
[2025-03-12T08:20:51.865+0200] {processor.py:925} INFO - DAG(s) 'example_bash_decorator' retrieved from /home/munyah/.local/lib/python3.10/site-packages/airflow/example_dags/example_bash_decorator.py
[2025-03-12T08:20:51.885+0200] {logging_mixin.py:190} INFO - [2025-03-12T08:20:51.885+0200] {dag.py:3239} INFO - Sync 1 DAGs
[2025-03-12T08:20:51.903+0200] {logging_mixin.py:190} INFO - [2025-03-12T08:20:51.902+0200] {dag.py:4180} INFO - Setting next_dagrun for example_bash_decorator to None, run_after=None
[2025-03-12T08:20:51.922+0200] {processor.py:208} INFO - Processing /home/munyah/.local/lib/python3.10/site-packages/airflow/example_dags/example_bash_decorator.py took 0.088 seconds
[2025-03-12T14:18:02.243+0200] {processor.py:186} INFO - Started process (PID=134626) to work on /home/munyah/.local/lib/python3.10/site-packages/airflow/example_dags/example_bash_decorator.py
[2025-03-12T14:18:02.244+0200] {processor.py:914} INFO - Processing file /home/munyah/.local/lib/python3.10/site-packages/airflow/example_dags/example_bash_decorator.py for tasks to queue
[2025-03-12T14:18:02.246+0200] {logging_mixin.py:190} INFO - [2025-03-12T14:18:02.246+0200] {dagbag.py:588} INFO - Filling up the DagBag from /home/munyah/.local/lib/python3.10/site-packages/airflow/example_dags/example_bash_decorator.py
[2025-03-12T14:18:02.264+0200] {processor.py:925} INFO - DAG(s) 'example_bash_decorator' retrieved from /home/munyah/.local/lib/python3.10/site-packages/airflow/example_dags/example_bash_decorator.py
[2025-03-12T14:18:02.287+0200] {logging_mixin.py:190} INFO - [2025-03-12T14:18:02.286+0200] {dag.py:3239} INFO - Sync 1 DAGs
[2025-03-12T14:18:02.301+0200] {logging_mixin.py:190} INFO - [2025-03-12T14:18:02.300+0200] {dag.py:4180} INFO - Setting next_dagrun for example_bash_decorator to None, run_after=None
[2025-03-12T14:18:02.321+0200] {processor.py:208} INFO - Processing /home/munyah/.local/lib/python3.10/site-packages/airflow/example_dags/example_bash_decorator.py took 0.085 seconds
[2025-03-12T14:19:03.328+0200] {processor.py:186} INFO - Started process (PID=134890) to work on /home/munyah/.local/lib/python3.10/site-packages/airflow/example_dags/example_bash_decorator.py
[2025-03-12T14:19:03.329+0200] {processor.py:914} INFO - Processing file /home/munyah/.local/lib/python3.10/site-packages/airflow/example_dags/example_bash_decorator.py for tasks to queue
[2025-03-12T14:19:03.333+0200] {logging_mixin.py:190} INFO - [2025-03-12T14:19:03.333+0200] {dagbag.py:588} INFO - Filling up the DagBag from /home/munyah/.local/lib/python3.10/site-packages/airflow/example_dags/example_bash_decorator.py
[2025-03-12T14:19:03.355+0200] {processor.py:925} INFO - DAG(s) 'example_bash_decorator' retrieved from /home/munyah/.local/lib/python3.10/site-packages/airflow/example_dags/example_bash_decorator.py
[2025-03-12T14:19:03.377+0200] {logging_mixin.py:190} INFO - [2025-03-12T14:19:03.376+0200] {dag.py:3239} INFO - Sync 1 DAGs
[2025-03-12T14:19:03.391+0200] {logging_mixin.py:190} INFO - [2025-03-12T14:19:03.391+0200] {dag.py:4180} INFO - Setting next_dagrun for example_bash_decorator to None, run_after=None
[2025-03-12T14:19:03.410+0200] {processor.py:208} INFO - Processing /home/munyah/.local/lib/python3.10/site-packages/airflow/example_dags/example_bash_decorator.py took 0.095 seconds
[2025-03-12T14:20:27.627+0200] {processor.py:186} INFO - Started process (PID=135125) to work on /home/munyah/.local/lib/python3.10/site-packages/airflow/example_dags/example_bash_decorator.py
[2025-03-12T14:20:27.628+0200] {processor.py:914} INFO - Processing file /home/munyah/.local/lib/python3.10/site-packages/airflow/example_dags/example_bash_decorator.py for tasks to queue
[2025-03-12T14:20:27.631+0200] {logging_mixin.py:190} INFO - [2025-03-12T14:20:27.630+0200] {dagbag.py:588} INFO - Filling up the DagBag from /home/munyah/.local/lib/python3.10/site-packages/airflow/example_dags/example_bash_decorator.py
[2025-03-12T14:20:27.649+0200] {processor.py:925} INFO - DAG(s) 'example_bash_decorator' retrieved from /home/munyah/.local/lib/python3.10/site-packages/airflow/example_dags/example_bash_decorator.py
[2025-03-12T14:20:27.671+0200] {logging_mixin.py:190} INFO - [2025-03-12T14:20:27.670+0200] {dag.py:3239} INFO - Sync 1 DAGs
[2025-03-12T14:20:27.685+0200] {logging_mixin.py:190} INFO - [2025-03-12T14:20:27.684+0200] {dag.py:4180} INFO - Setting next_dagrun for example_bash_decorator to None, run_after=None
[2025-03-12T14:20:27.707+0200] {processor.py:208} INFO - Processing /home/munyah/.local/lib/python3.10/site-packages/airflow/example_dags/example_bash_decorator.py took 0.089 seconds
[2025-03-12T14:21:52.940+0200] {processor.py:186} INFO - Started process (PID=135426) to work on /home/munyah/.local/lib/python3.10/site-packages/airflow/example_dags/example_bash_decorator.py
[2025-03-12T14:21:52.941+0200] {processor.py:914} INFO - Processing file /home/munyah/.local/lib/python3.10/site-packages/airflow/example_dags/example_bash_decorator.py for tasks to queue
[2025-03-12T14:21:52.944+0200] {logging_mixin.py:190} INFO - [2025-03-12T14:21:52.943+0200] {dagbag.py:588} INFO - Filling up the DagBag from /home/munyah/.local/lib/python3.10/site-packages/airflow/example_dags/example_bash_decorator.py
[2025-03-12T14:21:52.962+0200] {processor.py:925} INFO - DAG(s) 'example_bash_decorator' retrieved from /home/munyah/.local/lib/python3.10/site-packages/airflow/example_dags/example_bash_decorator.py
[2025-03-12T14:21:52.983+0200] {logging_mixin.py:190} INFO - [2025-03-12T14:21:52.983+0200] {dag.py:3239} INFO - Sync 1 DAGs
[2025-03-12T14:21:52.998+0200] {logging_mixin.py:190} INFO - [2025-03-12T14:21:52.997+0200] {dag.py:4180} INFO - Setting next_dagrun for example_bash_decorator to None, run_after=None
[2025-03-12T14:21:53.024+0200] {processor.py:208} INFO - Processing /home/munyah/.local/lib/python3.10/site-packages/airflow/example_dags/example_bash_decorator.py took 0.091 seconds
[2025-03-12T14:23:27.669+0200] {processor.py:186} INFO - Started process (PID=136480) to work on /home/munyah/.local/lib/python3.10/site-packages/airflow/example_dags/example_bash_decorator.py
[2025-03-12T14:23:27.670+0200] {processor.py:914} INFO - Processing file /home/munyah/.local/lib/python3.10/site-packages/airflow/example_dags/example_bash_decorator.py for tasks to queue
[2025-03-12T14:23:27.673+0200] {logging_mixin.py:190} INFO - [2025-03-12T14:23:27.673+0200] {dagbag.py:588} INFO - Filling up the DagBag from /home/munyah/.local/lib/python3.10/site-packages/airflow/example_dags/example_bash_decorator.py
[2025-03-12T14:23:27.692+0200] {processor.py:925} INFO - DAG(s) 'example_bash_decorator' retrieved from /home/munyah/.local/lib/python3.10/site-packages/airflow/example_dags/example_bash_decorator.py
[2025-03-12T14:23:27.715+0200] {logging_mixin.py:190} INFO - [2025-03-12T14:23:27.715+0200] {dag.py:3239} INFO - Sync 1 DAGs
[2025-03-12T14:23:27.730+0200] {logging_mixin.py:190} INFO - [2025-03-12T14:23:27.730+0200] {dag.py:4180} INFO - Setting next_dagrun for example_bash_decorator to None, run_after=None
[2025-03-12T14:23:27.752+0200] {processor.py:208} INFO - Processing /home/munyah/.local/lib/python3.10/site-packages/airflow/example_dags/example_bash_decorator.py took 0.090 seconds
[2025-03-12T14:24:36.796+0200] {processor.py:186} INFO - Started process (PID=136748) to work on /home/munyah/.local/lib/python3.10/site-packages/airflow/example_dags/example_bash_decorator.py
[2025-03-12T14:24:36.797+0200] {processor.py:914} INFO - Processing file /home/munyah/.local/lib/python3.10/site-packages/airflow/example_dags/example_bash_decorator.py for tasks to queue
[2025-03-12T14:24:36.801+0200] {logging_mixin.py:190} INFO - [2025-03-12T14:24:36.800+0200] {dagbag.py:588} INFO - Filling up the DagBag from /home/munyah/.local/lib/python3.10/site-packages/airflow/example_dags/example_bash_decorator.py
[2025-03-12T14:24:36.824+0200] {processor.py:925} INFO - DAG(s) 'example_bash_decorator' retrieved from /home/munyah/.local/lib/python3.10/site-packages/airflow/example_dags/example_bash_decorator.py
[2025-03-12T14:24:36.845+0200] {logging_mixin.py:190} INFO - [2025-03-12T14:24:36.845+0200] {dag.py:3239} INFO - Sync 1 DAGs
[2025-03-12T14:24:36.859+0200] {logging_mixin.py:190} INFO - [2025-03-12T14:24:36.859+0200] {dag.py:4180} INFO - Setting next_dagrun for example_bash_decorator to None, run_after=None
[2025-03-12T14:24:36.881+0200] {processor.py:208} INFO - Processing /home/munyah/.local/lib/python3.10/site-packages/airflow/example_dags/example_bash_decorator.py took 0.096 seconds
[2025-03-12T14:26:02.747+0200] {processor.py:186} INFO - Started process (PID=137039) to work on /home/munyah/.local/lib/python3.10/site-packages/airflow/example_dags/example_bash_decorator.py
[2025-03-12T14:26:02.748+0200] {processor.py:914} INFO - Processing file /home/munyah/.local/lib/python3.10/site-packages/airflow/example_dags/example_bash_decorator.py for tasks to queue
[2025-03-12T14:26:02.750+0200] {logging_mixin.py:190} INFO - [2025-03-12T14:26:02.750+0200] {dagbag.py:588} INFO - Filling up the DagBag from /home/munyah/.local/lib/python3.10/site-packages/airflow/example_dags/example_bash_decorator.py
[2025-03-12T14:26:02.769+0200] {processor.py:925} INFO - DAG(s) 'example_bash_decorator' retrieved from /home/munyah/.local/lib/python3.10/site-packages/airflow/example_dags/example_bash_decorator.py
[2025-03-12T14:26:02.790+0200] {logging_mixin.py:190} INFO - [2025-03-12T14:26:02.790+0200] {dag.py:3239} INFO - Sync 1 DAGs
[2025-03-12T14:26:02.805+0200] {logging_mixin.py:190} INFO - [2025-03-12T14:26:02.804+0200] {dag.py:4180} INFO - Setting next_dagrun for example_bash_decorator to None, run_after=None
[2025-03-12T14:26:02.826+0200] {processor.py:208} INFO - Processing /home/munyah/.local/lib/python3.10/site-packages/airflow/example_dags/example_bash_decorator.py took 0.087 seconds
[2025-03-12T14:27:35.241+0200] {processor.py:186} INFO - Started process (PID=137336) to work on /home/munyah/.local/lib/python3.10/site-packages/airflow/example_dags/example_bash_decorator.py
[2025-03-12T14:27:35.243+0200] {processor.py:914} INFO - Processing file /home/munyah/.local/lib/python3.10/site-packages/airflow/example_dags/example_bash_decorator.py for tasks to queue
[2025-03-12T14:27:35.245+0200] {logging_mixin.py:190} INFO - [2025-03-12T14:27:35.245+0200] {dagbag.py:588} INFO - Filling up the DagBag from /home/munyah/.local/lib/python3.10/site-packages/airflow/example_dags/example_bash_decorator.py
[2025-03-12T14:27:35.264+0200] {processor.py:925} INFO - DAG(s) 'example_bash_decorator' retrieved from /home/munyah/.local/lib/python3.10/site-packages/airflow/example_dags/example_bash_decorator.py
[2025-03-12T14:27:35.287+0200] {logging_mixin.py:190} INFO - [2025-03-12T14:27:35.287+0200] {dag.py:3239} INFO - Sync 1 DAGs
[2025-03-12T14:27:35.301+0200] {logging_mixin.py:190} INFO - [2025-03-12T14:27:35.301+0200] {dag.py:4180} INFO - Setting next_dagrun for example_bash_decorator to None, run_after=None
[2025-03-12T14:27:35.324+0200] {processor.py:208} INFO - Processing /home/munyah/.local/lib/python3.10/site-packages/airflow/example_dags/example_bash_decorator.py took 0.091 seconds
[2025-03-12T14:28:37.580+0200] {processor.py:186} INFO - Started process (PID=137509) to work on /home/munyah/.local/lib/python3.10/site-packages/airflow/example_dags/example_bash_decorator.py
[2025-03-12T14:28:37.582+0200] {processor.py:914} INFO - Processing file /home/munyah/.local/lib/python3.10/site-packages/airflow/example_dags/example_bash_decorator.py for tasks to queue
[2025-03-12T14:28:37.585+0200] {logging_mixin.py:190} INFO - [2025-03-12T14:28:37.584+0200] {dagbag.py:588} INFO - Filling up the DagBag from /home/munyah/.local/lib/python3.10/site-packages/airflow/example_dags/example_bash_decorator.py
[2025-03-12T14:28:37.604+0200] {processor.py:925} INFO - DAG(s) 'example_bash_decorator' retrieved from /home/munyah/.local/lib/python3.10/site-packages/airflow/example_dags/example_bash_decorator.py
[2025-03-12T14:28:37.628+0200] {logging_mixin.py:190} INFO - [2025-03-12T14:28:37.628+0200] {dag.py:3239} INFO - Sync 1 DAGs
[2025-03-12T14:28:37.642+0200] {logging_mixin.py:190} INFO - [2025-03-12T14:28:37.642+0200] {dag.py:4180} INFO - Setting next_dagrun for example_bash_decorator to None, run_after=None
[2025-03-12T14:28:37.664+0200] {processor.py:208} INFO - Processing /home/munyah/.local/lib/python3.10/site-packages/airflow/example_dags/example_bash_decorator.py took 0.095 seconds
[2025-03-12T14:30:04.633+0200] {processor.py:186} INFO - Started process (PID=138616) to work on /home/munyah/.local/lib/python3.10/site-packages/airflow/example_dags/example_bash_decorator.py
[2025-03-12T14:30:04.634+0200] {processor.py:914} INFO - Processing file /home/munyah/.local/lib/python3.10/site-packages/airflow/example_dags/example_bash_decorator.py for tasks to queue
[2025-03-12T14:30:04.637+0200] {logging_mixin.py:190} INFO - [2025-03-12T14:30:04.636+0200] {dagbag.py:588} INFO - Filling up the DagBag from /home/munyah/.local/lib/python3.10/site-packages/airflow/example_dags/example_bash_decorator.py
[2025-03-12T14:30:04.658+0200] {processor.py:925} INFO - DAG(s) 'example_bash_decorator' retrieved from /home/munyah/.local/lib/python3.10/site-packages/airflow/example_dags/example_bash_decorator.py
[2025-03-12T14:30:04.679+0200] {logging_mixin.py:190} INFO - [2025-03-12T14:30:04.679+0200] {dag.py:3239} INFO - Sync 1 DAGs
[2025-03-12T14:30:04.694+0200] {logging_mixin.py:190} INFO - [2025-03-12T14:30:04.694+0200] {dag.py:4180} INFO - Setting next_dagrun for example_bash_decorator to None, run_after=None
[2025-03-12T14:30:04.716+0200] {processor.py:208} INFO - Processing /home/munyah/.local/lib/python3.10/site-packages/airflow/example_dags/example_bash_decorator.py took 0.091 seconds
[2025-03-12T14:31:07.733+0200] {processor.py:186} INFO - Started process (PID=138865) to work on /home/munyah/.local/lib/python3.10/site-packages/airflow/example_dags/example_bash_decorator.py
[2025-03-12T14:31:07.734+0200] {processor.py:914} INFO - Processing file /home/munyah/.local/lib/python3.10/site-packages/airflow/example_dags/example_bash_decorator.py for tasks to queue
[2025-03-12T14:31:07.737+0200] {logging_mixin.py:190} INFO - [2025-03-12T14:31:07.737+0200] {dagbag.py:588} INFO - Filling up the DagBag from /home/munyah/.local/lib/python3.10/site-packages/airflow/example_dags/example_bash_decorator.py
[2025-03-12T14:31:07.755+0200] {processor.py:925} INFO - DAG(s) 'example_bash_decorator' retrieved from /home/munyah/.local/lib/python3.10/site-packages/airflow/example_dags/example_bash_decorator.py
[2025-03-12T14:31:07.780+0200] {logging_mixin.py:190} INFO - [2025-03-12T14:31:07.780+0200] {dag.py:3239} INFO - Sync 1 DAGs
[2025-03-12T14:31:07.796+0200] {logging_mixin.py:190} INFO - [2025-03-12T14:31:07.796+0200] {dag.py:4180} INFO - Setting next_dagrun for example_bash_decorator to None, run_after=None
[2025-03-12T14:31:07.819+0200] {processor.py:208} INFO - Processing /home/munyah/.local/lib/python3.10/site-packages/airflow/example_dags/example_bash_decorator.py took 0.093 seconds
[2025-03-12T14:32:12.669+0200] {processor.py:186} INFO - Started process (PID=139071) to work on /home/munyah/.local/lib/python3.10/site-packages/airflow/example_dags/example_bash_decorator.py
[2025-03-12T14:32:12.671+0200] {processor.py:914} INFO - Processing file /home/munyah/.local/lib/python3.10/site-packages/airflow/example_dags/example_bash_decorator.py for tasks to queue
[2025-03-12T14:32:12.673+0200] {logging_mixin.py:190} INFO - [2025-03-12T14:32:12.673+0200] {dagbag.py:588} INFO - Filling up the DagBag from /home/munyah/.local/lib/python3.10/site-packages/airflow/example_dags/example_bash_decorator.py
[2025-03-12T14:32:12.692+0200] {processor.py:925} INFO - DAG(s) 'example_bash_decorator' retrieved from /home/munyah/.local/lib/python3.10/site-packages/airflow/example_dags/example_bash_decorator.py
[2025-03-12T14:32:12.715+0200] {logging_mixin.py:190} INFO - [2025-03-12T14:32:12.715+0200] {dag.py:3239} INFO - Sync 1 DAGs
[2025-03-12T14:32:12.730+0200] {logging_mixin.py:190} INFO - [2025-03-12T14:32:12.730+0200] {dag.py:4180} INFO - Setting next_dagrun for example_bash_decorator to None, run_after=None
[2025-03-12T14:32:12.751+0200] {processor.py:208} INFO - Processing /home/munyah/.local/lib/python3.10/site-packages/airflow/example_dags/example_bash_decorator.py took 0.089 seconds
[2025-03-12T14:33:14.952+0200] {processor.py:186} INFO - Started process (PID=139776) to work on /home/munyah/.local/lib/python3.10/site-packages/airflow/example_dags/example_bash_decorator.py
[2025-03-12T14:33:14.954+0200] {processor.py:914} INFO - Processing file /home/munyah/.local/lib/python3.10/site-packages/airflow/example_dags/example_bash_decorator.py for tasks to queue
[2025-03-12T14:33:14.956+0200] {logging_mixin.py:190} INFO - [2025-03-12T14:33:14.956+0200] {dagbag.py:588} INFO - Filling up the DagBag from /home/munyah/.local/lib/python3.10/site-packages/airflow/example_dags/example_bash_decorator.py
[2025-03-12T14:33:14.975+0200] {processor.py:925} INFO - DAG(s) 'example_bash_decorator' retrieved from /home/munyah/.local/lib/python3.10/site-packages/airflow/example_dags/example_bash_decorator.py
[2025-03-12T14:33:14.997+0200] {logging_mixin.py:190} INFO - [2025-03-12T14:33:14.997+0200] {dag.py:3239} INFO - Sync 1 DAGs
[2025-03-12T14:33:15.012+0200] {logging_mixin.py:190} INFO - [2025-03-12T14:33:15.012+0200] {dag.py:4180} INFO - Setting next_dagrun for example_bash_decorator to None, run_after=None
[2025-03-12T14:33:15.039+0200] {processor.py:208} INFO - Processing /home/munyah/.local/lib/python3.10/site-packages/airflow/example_dags/example_bash_decorator.py took 0.094 seconds
[2025-03-12T14:34:18.803+0200] {processor.py:186} INFO - Started process (PID=140054) to work on /home/munyah/.local/lib/python3.10/site-packages/airflow/example_dags/example_bash_decorator.py
[2025-03-12T14:34:18.804+0200] {processor.py:914} INFO - Processing file /home/munyah/.local/lib/python3.10/site-packages/airflow/example_dags/example_bash_decorator.py for tasks to queue
[2025-03-12T14:34:18.808+0200] {logging_mixin.py:190} INFO - [2025-03-12T14:34:18.808+0200] {dagbag.py:588} INFO - Filling up the DagBag from /home/munyah/.local/lib/python3.10/site-packages/airflow/example_dags/example_bash_decorator.py
[2025-03-12T14:34:18.834+0200] {processor.py:925} INFO - DAG(s) 'example_bash_decorator' retrieved from /home/munyah/.local/lib/python3.10/site-packages/airflow/example_dags/example_bash_decorator.py
[2025-03-12T14:34:18.858+0200] {logging_mixin.py:190} INFO - [2025-03-12T14:34:18.858+0200] {dag.py:3239} INFO - Sync 1 DAGs
[2025-03-12T14:34:18.873+0200] {logging_mixin.py:190} INFO - [2025-03-12T14:34:18.873+0200] {dag.py:4180} INFO - Setting next_dagrun for example_bash_decorator to None, run_after=None
[2025-03-12T14:34:18.895+0200] {processor.py:208} INFO - Processing /home/munyah/.local/lib/python3.10/site-packages/airflow/example_dags/example_bash_decorator.py took 0.103 seconds
[2025-03-12T14:35:23.317+0200] {processor.py:186} INFO - Started process (PID=140228) to work on /home/munyah/.local/lib/python3.10/site-packages/airflow/example_dags/example_bash_decorator.py
[2025-03-12T14:35:23.319+0200] {processor.py:914} INFO - Processing file /home/munyah/.local/lib/python3.10/site-packages/airflow/example_dags/example_bash_decorator.py for tasks to queue
[2025-03-12T14:35:23.322+0200] {logging_mixin.py:190} INFO - [2025-03-12T14:35:23.321+0200] {dagbag.py:588} INFO - Filling up the DagBag from /home/munyah/.local/lib/python3.10/site-packages/airflow/example_dags/example_bash_decorator.py
[2025-03-12T14:35:23.341+0200] {processor.py:925} INFO - DAG(s) 'example_bash_decorator' retrieved from /home/munyah/.local/lib/python3.10/site-packages/airflow/example_dags/example_bash_decorator.py
[2025-03-12T14:35:23.364+0200] {logging_mixin.py:190} INFO - [2025-03-12T14:35:23.363+0200] {dag.py:3239} INFO - Sync 1 DAGs
[2025-03-12T14:35:23.378+0200] {logging_mixin.py:190} INFO - [2025-03-12T14:35:23.378+0200] {dag.py:4180} INFO - Setting next_dagrun for example_bash_decorator to None, run_after=None
[2025-03-12T14:35:23.401+0200] {processor.py:208} INFO - Processing /home/munyah/.local/lib/python3.10/site-packages/airflow/example_dags/example_bash_decorator.py took 0.092 seconds
[2025-03-12T14:36:29.678+0200] {processor.py:186} INFO - Started process (PID=140475) to work on /home/munyah/.local/lib/python3.10/site-packages/airflow/example_dags/example_bash_decorator.py
[2025-03-12T14:36:29.680+0200] {processor.py:914} INFO - Processing file /home/munyah/.local/lib/python3.10/site-packages/airflow/example_dags/example_bash_decorator.py for tasks to queue
[2025-03-12T14:36:29.685+0200] {logging_mixin.py:190} INFO - [2025-03-12T14:36:29.684+0200] {dagbag.py:588} INFO - Filling up the DagBag from /home/munyah/.local/lib/python3.10/site-packages/airflow/example_dags/example_bash_decorator.py
[2025-03-12T14:36:29.708+0200] {processor.py:925} INFO - DAG(s) 'example_bash_decorator' retrieved from /home/munyah/.local/lib/python3.10/site-packages/airflow/example_dags/example_bash_decorator.py
[2025-03-12T14:36:29.730+0200] {logging_mixin.py:190} INFO - [2025-03-12T14:36:29.729+0200] {dag.py:3239} INFO - Sync 1 DAGs
[2025-03-12T14:36:29.743+0200] {logging_mixin.py:190} INFO - [2025-03-12T14:36:29.742+0200] {dag.py:4180} INFO - Setting next_dagrun for example_bash_decorator to None, run_after=None
[2025-03-12T14:36:29.763+0200] {processor.py:208} INFO - Processing /home/munyah/.local/lib/python3.10/site-packages/airflow/example_dags/example_bash_decorator.py took 0.100 seconds
[2025-03-12T14:37:33.332+0200] {processor.py:186} INFO - Started process (PID=140612) to work on /home/munyah/.local/lib/python3.10/site-packages/airflow/example_dags/example_bash_decorator.py
[2025-03-12T14:37:33.333+0200] {processor.py:914} INFO - Processing file /home/munyah/.local/lib/python3.10/site-packages/airflow/example_dags/example_bash_decorator.py for tasks to queue
[2025-03-12T14:37:33.336+0200] {logging_mixin.py:190} INFO - [2025-03-12T14:37:33.335+0200] {dagbag.py:588} INFO - Filling up the DagBag from /home/munyah/.local/lib/python3.10/site-packages/airflow/example_dags/example_bash_decorator.py
[2025-03-12T14:37:33.357+0200] {processor.py:925} INFO - DAG(s) 'example_bash_decorator' retrieved from /home/munyah/.local/lib/python3.10/site-packages/airflow/example_dags/example_bash_decorator.py
[2025-03-12T14:37:33.378+0200] {logging_mixin.py:190} INFO - [2025-03-12T14:37:33.377+0200] {dag.py:3239} INFO - Sync 1 DAGs
[2025-03-12T14:37:33.391+0200] {logging_mixin.py:190} INFO - [2025-03-12T14:37:33.391+0200] {dag.py:4180} INFO - Setting next_dagrun for example_bash_decorator to None, run_after=None
[2025-03-12T14:37:33.413+0200] {processor.py:208} INFO - Processing /home/munyah/.local/lib/python3.10/site-packages/airflow/example_dags/example_bash_decorator.py took 0.090 seconds
[2025-03-12T14:38:36.642+0200] {processor.py:186} INFO - Started process (PID=140692) to work on /home/munyah/.local/lib/python3.10/site-packages/airflow/example_dags/example_bash_decorator.py
[2025-03-12T14:38:36.643+0200] {processor.py:914} INFO - Processing file /home/munyah/.local/lib/python3.10/site-packages/airflow/example_dags/example_bash_decorator.py for tasks to queue
[2025-03-12T14:38:36.646+0200] {logging_mixin.py:190} INFO - [2025-03-12T14:38:36.645+0200] {dagbag.py:588} INFO - Filling up the DagBag from /home/munyah/.local/lib/python3.10/site-packages/airflow/example_dags/example_bash_decorator.py
[2025-03-12T14:38:36.664+0200] {processor.py:925} INFO - DAG(s) 'example_bash_decorator' retrieved from /home/munyah/.local/lib/python3.10/site-packages/airflow/example_dags/example_bash_decorator.py
[2025-03-12T14:38:36.685+0200] {logging_mixin.py:190} INFO - [2025-03-12T14:38:36.685+0200] {dag.py:3239} INFO - Sync 1 DAGs
[2025-03-12T14:38:36.698+0200] {logging_mixin.py:190} INFO - [2025-03-12T14:38:36.698+0200] {dag.py:4180} INFO - Setting next_dagrun for example_bash_decorator to None, run_after=None
[2025-03-12T14:38:36.718+0200] {processor.py:208} INFO - Processing /home/munyah/.local/lib/python3.10/site-packages/airflow/example_dags/example_bash_decorator.py took 0.085 seconds
[2025-03-12T14:39:43.724+0200] {processor.py:186} INFO - Started process (PID=140804) to work on /home/munyah/.local/lib/python3.10/site-packages/airflow/example_dags/example_bash_decorator.py
[2025-03-12T14:39:43.725+0200] {processor.py:914} INFO - Processing file /home/munyah/.local/lib/python3.10/site-packages/airflow/example_dags/example_bash_decorator.py for tasks to queue
[2025-03-12T14:39:43.727+0200] {logging_mixin.py:190} INFO - [2025-03-12T14:39:43.727+0200] {dagbag.py:588} INFO - Filling up the DagBag from /home/munyah/.local/lib/python3.10/site-packages/airflow/example_dags/example_bash_decorator.py
[2025-03-12T14:39:43.747+0200] {processor.py:925} INFO - DAG(s) 'example_bash_decorator' retrieved from /home/munyah/.local/lib/python3.10/site-packages/airflow/example_dags/example_bash_decorator.py
[2025-03-12T14:39:43.768+0200] {logging_mixin.py:190} INFO - [2025-03-12T14:39:43.768+0200] {dag.py:3239} INFO - Sync 1 DAGs
[2025-03-12T14:39:43.783+0200] {logging_mixin.py:190} INFO - [2025-03-12T14:39:43.783+0200] {dag.py:4180} INFO - Setting next_dagrun for example_bash_decorator to None, run_after=None
[2025-03-12T14:39:43.805+0200] {processor.py:208} INFO - Processing /home/munyah/.local/lib/python3.10/site-packages/airflow/example_dags/example_bash_decorator.py took 0.089 seconds
[2025-03-12T14:40:47.900+0200] {processor.py:186} INFO - Started process (PID=140914) to work on /home/munyah/.local/lib/python3.10/site-packages/airflow/example_dags/example_bash_decorator.py
[2025-03-12T14:40:47.901+0200] {processor.py:914} INFO - Processing file /home/munyah/.local/lib/python3.10/site-packages/airflow/example_dags/example_bash_decorator.py for tasks to queue
[2025-03-12T14:40:47.904+0200] {logging_mixin.py:190} INFO - [2025-03-12T14:40:47.903+0200] {dagbag.py:588} INFO - Filling up the DagBag from /home/munyah/.local/lib/python3.10/site-packages/airflow/example_dags/example_bash_decorator.py
[2025-03-12T14:40:47.923+0200] {processor.py:925} INFO - DAG(s) 'example_bash_decorator' retrieved from /home/munyah/.local/lib/python3.10/site-packages/airflow/example_dags/example_bash_decorator.py
[2025-03-12T14:40:47.944+0200] {logging_mixin.py:190} INFO - [2025-03-12T14:40:47.944+0200] {dag.py:3239} INFO - Sync 1 DAGs
[2025-03-12T14:40:47.958+0200] {logging_mixin.py:190} INFO - [2025-03-12T14:40:47.957+0200] {dag.py:4180} INFO - Setting next_dagrun for example_bash_decorator to None, run_after=None
[2025-03-12T14:40:47.977+0200] {processor.py:208} INFO - Processing /home/munyah/.local/lib/python3.10/site-packages/airflow/example_dags/example_bash_decorator.py took 0.085 seconds
[2025-03-12T14:41:51.316+0200] {processor.py:186} INFO - Started process (PID=141246) to work on /home/munyah/.local/lib/python3.10/site-packages/airflow/example_dags/example_bash_decorator.py
[2025-03-12T14:41:51.317+0200] {processor.py:914} INFO - Processing file /home/munyah/.local/lib/python3.10/site-packages/airflow/example_dags/example_bash_decorator.py for tasks to queue
[2025-03-12T14:41:51.320+0200] {logging_mixin.py:190} INFO - [2025-03-12T14:41:51.319+0200] {dagbag.py:588} INFO - Filling up the DagBag from /home/munyah/.local/lib/python3.10/site-packages/airflow/example_dags/example_bash_decorator.py
[2025-03-12T14:41:51.339+0200] {processor.py:925} INFO - DAG(s) 'example_bash_decorator' retrieved from /home/munyah/.local/lib/python3.10/site-packages/airflow/example_dags/example_bash_decorator.py
[2025-03-12T14:41:51.361+0200] {logging_mixin.py:190} INFO - [2025-03-12T14:41:51.361+0200] {dag.py:3239} INFO - Sync 1 DAGs
[2025-03-12T14:41:51.375+0200] {logging_mixin.py:190} INFO - [2025-03-12T14:41:51.374+0200] {dag.py:4180} INFO - Setting next_dagrun for example_bash_decorator to None, run_after=None
[2025-03-12T14:41:51.399+0200] {processor.py:208} INFO - Processing /home/munyah/.local/lib/python3.10/site-packages/airflow/example_dags/example_bash_decorator.py took 0.091 seconds
[2025-03-12T14:42:51.732+0200] {processor.py:186} INFO - Started process (PID=141443) to work on /home/munyah/.local/lib/python3.10/site-packages/airflow/example_dags/example_bash_decorator.py
[2025-03-12T14:42:51.733+0200] {processor.py:914} INFO - Processing file /home/munyah/.local/lib/python3.10/site-packages/airflow/example_dags/example_bash_decorator.py for tasks to queue
[2025-03-12T14:42:51.736+0200] {logging_mixin.py:190} INFO - [2025-03-12T14:42:51.735+0200] {dagbag.py:588} INFO - Filling up the DagBag from /home/munyah/.local/lib/python3.10/site-packages/airflow/example_dags/example_bash_decorator.py
[2025-03-12T14:42:51.757+0200] {processor.py:925} INFO - DAG(s) 'example_bash_decorator' retrieved from /home/munyah/.local/lib/python3.10/site-packages/airflow/example_dags/example_bash_decorator.py
[2025-03-12T14:42:51.780+0200] {logging_mixin.py:190} INFO - [2025-03-12T14:42:51.780+0200] {dag.py:3239} INFO - Sync 1 DAGs
[2025-03-12T14:42:51.795+0200] {logging_mixin.py:190} INFO - [2025-03-12T14:42:51.795+0200] {dag.py:4180} INFO - Setting next_dagrun for example_bash_decorator to None, run_after=None
[2025-03-12T14:42:51.817+0200] {processor.py:208} INFO - Processing /home/munyah/.local/lib/python3.10/site-packages/airflow/example_dags/example_bash_decorator.py took 0.093 seconds
[2025-03-12T14:43:50.636+0200] {processor.py:186} INFO - Started process (PID=141609) to work on /home/munyah/.local/lib/python3.10/site-packages/airflow/example_dags/example_bash_decorator.py
[2025-03-12T14:43:50.637+0200] {processor.py:914} INFO - Processing file /home/munyah/.local/lib/python3.10/site-packages/airflow/example_dags/example_bash_decorator.py for tasks to queue
[2025-03-12T14:43:50.640+0200] {logging_mixin.py:190} INFO - [2025-03-12T14:43:50.639+0200] {dagbag.py:588} INFO - Filling up the DagBag from /home/munyah/.local/lib/python3.10/site-packages/airflow/example_dags/example_bash_decorator.py
[2025-03-12T14:43:50.659+0200] {processor.py:925} INFO - DAG(s) 'example_bash_decorator' retrieved from /home/munyah/.local/lib/python3.10/site-packages/airflow/example_dags/example_bash_decorator.py
[2025-03-12T14:43:50.681+0200] {logging_mixin.py:190} INFO - [2025-03-12T14:43:50.681+0200] {dag.py:3239} INFO - Sync 1 DAGs
[2025-03-12T14:43:50.695+0200] {logging_mixin.py:190} INFO - [2025-03-12T14:43:50.695+0200] {dag.py:4180} INFO - Setting next_dagrun for example_bash_decorator to None, run_after=None
[2025-03-12T14:43:50.719+0200] {processor.py:208} INFO - Processing /home/munyah/.local/lib/python3.10/site-packages/airflow/example_dags/example_bash_decorator.py took 0.092 seconds
[2025-03-12T14:44:51.308+0200] {processor.py:186} INFO - Started process (PID=141801) to work on /home/munyah/.local/lib/python3.10/site-packages/airflow/example_dags/example_bash_decorator.py
[2025-03-12T14:44:51.309+0200] {processor.py:914} INFO - Processing file /home/munyah/.local/lib/python3.10/site-packages/airflow/example_dags/example_bash_decorator.py for tasks to queue
[2025-03-12T14:44:51.312+0200] {logging_mixin.py:190} INFO - [2025-03-12T14:44:51.312+0200] {dagbag.py:588} INFO - Filling up the DagBag from /home/munyah/.local/lib/python3.10/site-packages/airflow/example_dags/example_bash_decorator.py
[2025-03-12T14:44:51.332+0200] {processor.py:925} INFO - DAG(s) 'example_bash_decorator' retrieved from /home/munyah/.local/lib/python3.10/site-packages/airflow/example_dags/example_bash_decorator.py
[2025-03-12T14:44:51.356+0200] {logging_mixin.py:190} INFO - [2025-03-12T14:44:51.356+0200] {dag.py:3239} INFO - Sync 1 DAGs
[2025-03-12T14:44:51.370+0200] {logging_mixin.py:190} INFO - [2025-03-12T14:44:51.370+0200] {dag.py:4180} INFO - Setting next_dagrun for example_bash_decorator to None, run_after=None
[2025-03-12T14:44:51.392+0200] {processor.py:208} INFO - Processing /home/munyah/.local/lib/python3.10/site-packages/airflow/example_dags/example_bash_decorator.py took 0.092 seconds
[2025-03-12T14:46:18.593+0200] {processor.py:186} INFO - Started process (PID=142094) to work on /home/munyah/.local/lib/python3.10/site-packages/airflow/example_dags/example_bash_decorator.py
[2025-03-12T14:46:18.595+0200] {processor.py:914} INFO - Processing file /home/munyah/.local/lib/python3.10/site-packages/airflow/example_dags/example_bash_decorator.py for tasks to queue
[2025-03-12T14:46:18.597+0200] {logging_mixin.py:190} INFO - [2025-03-12T14:46:18.597+0200] {dagbag.py:588} INFO - Filling up the DagBag from /home/munyah/.local/lib/python3.10/site-packages/airflow/example_dags/example_bash_decorator.py
[2025-03-12T14:46:18.617+0200] {processor.py:925} INFO - DAG(s) 'example_bash_decorator' retrieved from /home/munyah/.local/lib/python3.10/site-packages/airflow/example_dags/example_bash_decorator.py
[2025-03-12T14:46:18.641+0200] {logging_mixin.py:190} INFO - [2025-03-12T14:46:18.641+0200] {dag.py:3239} INFO - Sync 1 DAGs
[2025-03-12T14:46:18.656+0200] {logging_mixin.py:190} INFO - [2025-03-12T14:46:18.655+0200] {dag.py:4180} INFO - Setting next_dagrun for example_bash_decorator to None, run_after=None
[2025-03-12T14:46:18.678+0200] {processor.py:208} INFO - Processing /home/munyah/.local/lib/python3.10/site-packages/airflow/example_dags/example_bash_decorator.py took 0.093 seconds
[2025-03-12T14:49:08.584+0200] {processor.py:186} INFO - Started process (PID=142680) to work on /home/munyah/.local/lib/python3.10/site-packages/airflow/example_dags/example_bash_decorator.py
[2025-03-12T14:49:08.588+0200] {processor.py:914} INFO - Processing file /home/munyah/.local/lib/python3.10/site-packages/airflow/example_dags/example_bash_decorator.py for tasks to queue
[2025-03-12T14:49:08.590+0200] {logging_mixin.py:190} INFO - [2025-03-12T14:49:08.590+0200] {dagbag.py:588} INFO - Filling up the DagBag from /home/munyah/.local/lib/python3.10/site-packages/airflow/example_dags/example_bash_decorator.py
[2025-03-12T14:49:08.624+0200] {processor.py:925} INFO - DAG(s) 'example_bash_decorator' retrieved from /home/munyah/.local/lib/python3.10/site-packages/airflow/example_dags/example_bash_decorator.py
[2025-03-12T14:49:08.655+0200] {logging_mixin.py:190} INFO - [2025-03-12T14:49:08.654+0200] {dag.py:3239} INFO - Sync 1 DAGs
[2025-03-12T14:49:08.679+0200] {logging_mixin.py:190} INFO - [2025-03-12T14:49:08.678+0200] {dag.py:4180} INFO - Setting next_dagrun for example_bash_decorator to None, run_after=None
[2025-03-12T14:49:08.718+0200] {processor.py:208} INFO - Processing /home/munyah/.local/lib/python3.10/site-packages/airflow/example_dags/example_bash_decorator.py took 0.148 seconds
[2025-03-12T14:50:37.209+0200] {processor.py:186} INFO - Started process (PID=142942) to work on /home/munyah/.local/lib/python3.10/site-packages/airflow/example_dags/example_bash_decorator.py
[2025-03-12T14:50:37.211+0200] {processor.py:914} INFO - Processing file /home/munyah/.local/lib/python3.10/site-packages/airflow/example_dags/example_bash_decorator.py for tasks to queue
[2025-03-12T14:50:37.213+0200] {logging_mixin.py:190} INFO - [2025-03-12T14:50:37.213+0200] {dagbag.py:588} INFO - Filling up the DagBag from /home/munyah/.local/lib/python3.10/site-packages/airflow/example_dags/example_bash_decorator.py
[2025-03-12T14:50:37.249+0200] {processor.py:925} INFO - DAG(s) 'example_bash_decorator' retrieved from /home/munyah/.local/lib/python3.10/site-packages/airflow/example_dags/example_bash_decorator.py
[2025-03-12T14:50:37.281+0200] {logging_mixin.py:190} INFO - [2025-03-12T14:50:37.281+0200] {dag.py:3239} INFO - Sync 1 DAGs
[2025-03-12T14:50:37.298+0200] {logging_mixin.py:190} INFO - [2025-03-12T14:50:37.298+0200] {dag.py:4180} INFO - Setting next_dagrun for example_bash_decorator to None, run_after=None
[2025-03-12T14:50:37.374+0200] {processor.py:208} INFO - Processing /home/munyah/.local/lib/python3.10/site-packages/airflow/example_dags/example_bash_decorator.py took 0.173 seconds
[2025-03-12T14:51:41.702+0200] {processor.py:186} INFO - Started process (PID=143175) to work on /home/munyah/.local/lib/python3.10/site-packages/airflow/example_dags/example_bash_decorator.py
[2025-03-12T14:51:41.704+0200] {processor.py:914} INFO - Processing file /home/munyah/.local/lib/python3.10/site-packages/airflow/example_dags/example_bash_decorator.py for tasks to queue
[2025-03-12T14:51:41.707+0200] {logging_mixin.py:190} INFO - [2025-03-12T14:51:41.707+0200] {dagbag.py:588} INFO - Filling up the DagBag from /home/munyah/.local/lib/python3.10/site-packages/airflow/example_dags/example_bash_decorator.py
[2025-03-12T14:51:41.727+0200] {processor.py:925} INFO - DAG(s) 'example_bash_decorator' retrieved from /home/munyah/.local/lib/python3.10/site-packages/airflow/example_dags/example_bash_decorator.py
[2025-03-12T14:51:41.748+0200] {logging_mixin.py:190} INFO - [2025-03-12T14:51:41.748+0200] {dag.py:3239} INFO - Sync 1 DAGs
[2025-03-12T14:51:41.763+0200] {logging_mixin.py:190} INFO - [2025-03-12T14:51:41.762+0200] {dag.py:4180} INFO - Setting next_dagrun for example_bash_decorator to None, run_after=None
[2025-03-12T14:51:41.785+0200] {processor.py:208} INFO - Processing /home/munyah/.local/lib/python3.10/site-packages/airflow/example_dags/example_bash_decorator.py took 0.091 seconds
[2025-03-12T14:52:53.092+0200] {processor.py:186} INFO - Started process (PID=143394) to work on /home/munyah/.local/lib/python3.10/site-packages/airflow/example_dags/example_bash_decorator.py
[2025-03-12T14:52:53.096+0200] {processor.py:914} INFO - Processing file /home/munyah/.local/lib/python3.10/site-packages/airflow/example_dags/example_bash_decorator.py for tasks to queue
[2025-03-12T14:52:53.110+0200] {logging_mixin.py:190} INFO - [2025-03-12T14:52:53.101+0200] {dagbag.py:588} INFO - Filling up the DagBag from /home/munyah/.local/lib/python3.10/site-packages/airflow/example_dags/example_bash_decorator.py
[2025-03-12T14:52:53.170+0200] {processor.py:925} INFO - DAG(s) 'example_bash_decorator' retrieved from /home/munyah/.local/lib/python3.10/site-packages/airflow/example_dags/example_bash_decorator.py
[2025-03-12T14:52:53.222+0200] {logging_mixin.py:190} INFO - [2025-03-12T14:52:53.222+0200] {dag.py:3239} INFO - Sync 1 DAGs
[2025-03-12T14:52:53.252+0200] {logging_mixin.py:190} INFO - [2025-03-12T14:52:53.252+0200] {dag.py:4180} INFO - Setting next_dagrun for example_bash_decorator to None, run_after=None
[2025-03-12T14:52:53.284+0200] {processor.py:208} INFO - Processing /home/munyah/.local/lib/python3.10/site-packages/airflow/example_dags/example_bash_decorator.py took 0.227 seconds
[2025-03-12T14:54:30.232+0200] {processor.py:186} INFO - Started process (PID=143674) to work on /home/munyah/.local/lib/python3.10/site-packages/airflow/example_dags/example_bash_decorator.py
[2025-03-12T14:54:30.288+0200] {processor.py:914} INFO - Processing file /home/munyah/.local/lib/python3.10/site-packages/airflow/example_dags/example_bash_decorator.py for tasks to queue
[2025-03-12T14:54:30.336+0200] {logging_mixin.py:190} INFO - [2025-03-12T14:54:30.302+0200] {dagbag.py:588} INFO - Filling up the DagBag from /home/munyah/.local/lib/python3.10/site-packages/airflow/example_dags/example_bash_decorator.py
[2025-03-12T14:54:35.492+0200] {processor.py:925} INFO - DAG(s) 'example_bash_decorator' retrieved from /home/munyah/.local/lib/python3.10/site-packages/airflow/example_dags/example_bash_decorator.py
