[2025-03-12T14:17:08.260+0200] {processor.py:186} INFO - Started process (PID=134025) to work on /home/munyah/.local/lib/python3.10/site-packages/airflow/example_dags/example_short_circuit_operator.py
[2025-03-12T14:17:08.261+0200] {processor.py:914} INFO - Processing file /home/munyah/.local/lib/python3.10/site-packages/airflow/example_dags/example_short_circuit_operator.py for tasks to queue
[2025-03-12T14:17:08.264+0200] {logging_mixin.py:190} INFO - [2025-03-12T14:17:08.264+0200] {dagbag.py:588} INFO - Filling up the DagBag from /home/munyah/.local/lib/python3.10/site-packages/airflow/example_dags/example_short_circuit_operator.py
[2025-03-12T14:17:08.280+0200] {processor.py:925} INFO - DAG(s) 'example_short_circuit_operator' retrieved from /home/munyah/.local/lib/python3.10/site-packages/airflow/example_dags/example_short_circuit_operator.py
[2025-03-12T14:17:08.312+0200] {logging_mixin.py:190} INFO - [2025-03-12T14:17:08.312+0200] {dag.py:3239} INFO - Sync 1 DAGs
[2025-03-12T14:17:08.334+0200] {logging_mixin.py:190} INFO - [2025-03-12T14:17:08.333+0200] {dag.py:4180} INFO - Setting next_dagrun for example_short_circuit_operator to None, run_after=None
[2025-03-12T14:17:08.366+0200] {processor.py:208} INFO - Processing /home/munyah/.local/lib/python3.10/site-packages/airflow/example_dags/example_short_circuit_operator.py took 0.116 seconds
[2025-03-12T14:18:12.620+0200] {processor.py:186} INFO - Started process (PID=134653) to work on /home/munyah/.local/lib/python3.10/site-packages/airflow/example_dags/example_short_circuit_operator.py
[2025-03-12T14:18:12.621+0200] {processor.py:914} INFO - Processing file /home/munyah/.local/lib/python3.10/site-packages/airflow/example_dags/example_short_circuit_operator.py for tasks to queue
[2025-03-12T14:18:12.624+0200] {logging_mixin.py:190} INFO - [2025-03-12T14:18:12.623+0200] {dagbag.py:588} INFO - Filling up the DagBag from /home/munyah/.local/lib/python3.10/site-packages/airflow/example_dags/example_short_circuit_operator.py
[2025-03-12T14:18:12.635+0200] {processor.py:925} INFO - DAG(s) 'example_short_circuit_operator' retrieved from /home/munyah/.local/lib/python3.10/site-packages/airflow/example_dags/example_short_circuit_operator.py
[2025-03-12T14:18:12.656+0200] {logging_mixin.py:190} INFO - [2025-03-12T14:18:12.656+0200] {dag.py:3239} INFO - Sync 1 DAGs
[2025-03-12T14:18:12.670+0200] {logging_mixin.py:190} INFO - [2025-03-12T14:18:12.670+0200] {dag.py:4180} INFO - Setting next_dagrun for example_short_circuit_operator to None, run_after=None
[2025-03-12T14:18:12.695+0200] {processor.py:208} INFO - Processing /home/munyah/.local/lib/python3.10/site-packages/airflow/example_dags/example_short_circuit_operator.py took 0.083 seconds
[2025-03-12T14:19:12.341+0200] {processor.py:186} INFO - Started process (PID=134916) to work on /home/munyah/.local/lib/python3.10/site-packages/airflow/example_dags/example_short_circuit_operator.py
[2025-03-12T14:19:12.342+0200] {processor.py:914} INFO - Processing file /home/munyah/.local/lib/python3.10/site-packages/airflow/example_dags/example_short_circuit_operator.py for tasks to queue
[2025-03-12T14:19:12.345+0200] {logging_mixin.py:190} INFO - [2025-03-12T14:19:12.344+0200] {dagbag.py:588} INFO - Filling up the DagBag from /home/munyah/.local/lib/python3.10/site-packages/airflow/example_dags/example_short_circuit_operator.py
[2025-03-12T14:19:12.357+0200] {processor.py:925} INFO - DAG(s) 'example_short_circuit_operator' retrieved from /home/munyah/.local/lib/python3.10/site-packages/airflow/example_dags/example_short_circuit_operator.py
[2025-03-12T14:19:12.380+0200] {logging_mixin.py:190} INFO - [2025-03-12T14:19:12.379+0200] {dag.py:3239} INFO - Sync 1 DAGs
[2025-03-12T14:19:12.394+0200] {logging_mixin.py:190} INFO - [2025-03-12T14:19:12.394+0200] {dag.py:4180} INFO - Setting next_dagrun for example_short_circuit_operator to None, run_after=None
[2025-03-12T14:19:12.416+0200] {processor.py:208} INFO - Processing /home/munyah/.local/lib/python3.10/site-packages/airflow/example_dags/example_short_circuit_operator.py took 0.082 seconds
[2025-03-12T14:20:09.809+0200] {processor.py:186} INFO - Started process (PID=135076) to work on /home/munyah/.local/lib/python3.10/site-packages/airflow/example_dags/example_short_circuit_operator.py
[2025-03-12T14:20:09.810+0200] {processor.py:914} INFO - Processing file /home/munyah/.local/lib/python3.10/site-packages/airflow/example_dags/example_short_circuit_operator.py for tasks to queue
[2025-03-12T14:20:09.812+0200] {logging_mixin.py:190} INFO - [2025-03-12T14:20:09.812+0200] {dagbag.py:588} INFO - Filling up the DagBag from /home/munyah/.local/lib/python3.10/site-packages/airflow/example_dags/example_short_circuit_operator.py
[2025-03-12T14:20:09.823+0200] {processor.py:925} INFO - DAG(s) 'example_short_circuit_operator' retrieved from /home/munyah/.local/lib/python3.10/site-packages/airflow/example_dags/example_short_circuit_operator.py
[2025-03-12T14:20:09.844+0200] {logging_mixin.py:190} INFO - [2025-03-12T14:20:09.844+0200] {dag.py:3239} INFO - Sync 1 DAGs
[2025-03-12T14:20:09.858+0200] {logging_mixin.py:190} INFO - [2025-03-12T14:20:09.858+0200] {dag.py:4180} INFO - Setting next_dagrun for example_short_circuit_operator to None, run_after=None
[2025-03-12T14:20:09.881+0200] {processor.py:208} INFO - Processing /home/munyah/.local/lib/python3.10/site-packages/airflow/example_dags/example_short_circuit_operator.py took 0.080 seconds
[2025-03-12T14:21:06.998+0200] {processor.py:186} INFO - Started process (PID=135270) to work on /home/munyah/.local/lib/python3.10/site-packages/airflow/example_dags/example_short_circuit_operator.py
[2025-03-12T14:21:06.999+0200] {processor.py:914} INFO - Processing file /home/munyah/.local/lib/python3.10/site-packages/airflow/example_dags/example_short_circuit_operator.py for tasks to queue
[2025-03-12T14:21:07.003+0200] {logging_mixin.py:190} INFO - [2025-03-12T14:21:07.002+0200] {dagbag.py:588} INFO - Filling up the DagBag from /home/munyah/.local/lib/python3.10/site-packages/airflow/example_dags/example_short_circuit_operator.py
[2025-03-12T14:21:07.014+0200] {processor.py:925} INFO - DAG(s) 'example_short_circuit_operator' retrieved from /home/munyah/.local/lib/python3.10/site-packages/airflow/example_dags/example_short_circuit_operator.py
[2025-03-12T14:21:07.037+0200] {logging_mixin.py:190} INFO - [2025-03-12T14:21:07.037+0200] {dag.py:3239} INFO - Sync 1 DAGs
[2025-03-12T14:21:07.057+0200] {logging_mixin.py:190} INFO - [2025-03-12T14:21:07.057+0200] {dag.py:4180} INFO - Setting next_dagrun for example_short_circuit_operator to None, run_after=None
[2025-03-12T14:21:07.079+0200] {processor.py:208} INFO - Processing /home/munyah/.local/lib/python3.10/site-packages/airflow/example_dags/example_short_circuit_operator.py took 0.091 seconds
[2025-03-12T14:22:03.087+0200] {processor.py:186} INFO - Started process (PID=135476) to work on /home/munyah/.local/lib/python3.10/site-packages/airflow/example_dags/example_short_circuit_operator.py
[2025-03-12T14:22:03.089+0200] {processor.py:914} INFO - Processing file /home/munyah/.local/lib/python3.10/site-packages/airflow/example_dags/example_short_circuit_operator.py for tasks to queue
[2025-03-12T14:22:03.092+0200] {logging_mixin.py:190} INFO - [2025-03-12T14:22:03.091+0200] {dagbag.py:588} INFO - Filling up the DagBag from /home/munyah/.local/lib/python3.10/site-packages/airflow/example_dags/example_short_circuit_operator.py
[2025-03-12T14:22:03.102+0200] {processor.py:925} INFO - DAG(s) 'example_short_circuit_operator' retrieved from /home/munyah/.local/lib/python3.10/site-packages/airflow/example_dags/example_short_circuit_operator.py
[2025-03-12T14:22:03.124+0200] {logging_mixin.py:190} INFO - [2025-03-12T14:22:03.123+0200] {dag.py:3239} INFO - Sync 1 DAGs
[2025-03-12T14:22:03.137+0200] {logging_mixin.py:190} INFO - [2025-03-12T14:22:03.137+0200] {dag.py:4180} INFO - Setting next_dagrun for example_short_circuit_operator to None, run_after=None
[2025-03-12T14:22:03.159+0200] {processor.py:208} INFO - Processing /home/munyah/.local/lib/python3.10/site-packages/airflow/example_dags/example_short_circuit_operator.py took 0.079 seconds
[2025-03-12T14:23:04.851+0200] {processor.py:186} INFO - Started process (PID=136396) to work on /home/munyah/.local/lib/python3.10/site-packages/airflow/example_dags/example_short_circuit_operator.py
[2025-03-12T14:23:04.854+0200] {processor.py:914} INFO - Processing file /home/munyah/.local/lib/python3.10/site-packages/airflow/example_dags/example_short_circuit_operator.py for tasks to queue
[2025-03-12T14:23:04.866+0200] {logging_mixin.py:190} INFO - [2025-03-12T14:23:04.864+0200] {dagbag.py:588} INFO - Filling up the DagBag from /home/munyah/.local/lib/python3.10/site-packages/airflow/example_dags/example_short_circuit_operator.py
[2025-03-12T14:23:04.897+0200] {processor.py:925} INFO - DAG(s) 'example_short_circuit_operator' retrieved from /home/munyah/.local/lib/python3.10/site-packages/airflow/example_dags/example_short_circuit_operator.py
[2025-03-12T14:23:04.926+0200] {logging_mixin.py:190} INFO - [2025-03-12T14:23:04.925+0200] {dag.py:3239} INFO - Sync 1 DAGs
[2025-03-12T14:23:04.942+0200] {logging_mixin.py:190} INFO - [2025-03-12T14:23:04.942+0200] {dag.py:4180} INFO - Setting next_dagrun for example_short_circuit_operator to None, run_after=None
[2025-03-12T14:23:04.966+0200] {processor.py:208} INFO - Processing /home/munyah/.local/lib/python3.10/site-packages/airflow/example_dags/example_short_circuit_operator.py took 0.144 seconds
[2025-03-12T14:24:17.211+0200] {processor.py:186} INFO - Started process (PID=136647) to work on /home/munyah/.local/lib/python3.10/site-packages/airflow/example_dags/example_short_circuit_operator.py
[2025-03-12T14:24:17.212+0200] {processor.py:914} INFO - Processing file /home/munyah/.local/lib/python3.10/site-packages/airflow/example_dags/example_short_circuit_operator.py for tasks to queue
[2025-03-12T14:24:17.215+0200] {logging_mixin.py:190} INFO - [2025-03-12T14:24:17.215+0200] {dagbag.py:588} INFO - Filling up the DagBag from /home/munyah/.local/lib/python3.10/site-packages/airflow/example_dags/example_short_circuit_operator.py
[2025-03-12T14:24:17.227+0200] {processor.py:925} INFO - DAG(s) 'example_short_circuit_operator' retrieved from /home/munyah/.local/lib/python3.10/site-packages/airflow/example_dags/example_short_circuit_operator.py
[2025-03-12T14:24:17.252+0200] {logging_mixin.py:190} INFO - [2025-03-12T14:24:17.252+0200] {dag.py:3239} INFO - Sync 1 DAGs
[2025-03-12T14:24:17.269+0200] {logging_mixin.py:190} INFO - [2025-03-12T14:24:17.268+0200] {dag.py:4180} INFO - Setting next_dagrun for example_short_circuit_operator to None, run_after=None
[2025-03-12T14:24:17.294+0200] {processor.py:208} INFO - Processing /home/munyah/.local/lib/python3.10/site-packages/airflow/example_dags/example_short_circuit_operator.py took 0.092 seconds
[2025-03-12T14:25:14.540+0200] {processor.py:186} INFO - Started process (PID=136854) to work on /home/munyah/.local/lib/python3.10/site-packages/airflow/example_dags/example_short_circuit_operator.py
[2025-03-12T14:25:14.541+0200] {processor.py:914} INFO - Processing file /home/munyah/.local/lib/python3.10/site-packages/airflow/example_dags/example_short_circuit_operator.py for tasks to queue
[2025-03-12T14:25:14.545+0200] {logging_mixin.py:190} INFO - [2025-03-12T14:25:14.545+0200] {dagbag.py:588} INFO - Filling up the DagBag from /home/munyah/.local/lib/python3.10/site-packages/airflow/example_dags/example_short_circuit_operator.py
[2025-03-12T14:25:14.556+0200] {processor.py:925} INFO - DAG(s) 'example_short_circuit_operator' retrieved from /home/munyah/.local/lib/python3.10/site-packages/airflow/example_dags/example_short_circuit_operator.py
[2025-03-12T14:25:14.581+0200] {logging_mixin.py:190} INFO - [2025-03-12T14:25:14.580+0200] {dag.py:3239} INFO - Sync 1 DAGs
[2025-03-12T14:25:14.595+0200] {logging_mixin.py:190} INFO - [2025-03-12T14:25:14.595+0200] {dag.py:4180} INFO - Setting next_dagrun for example_short_circuit_operator to None, run_after=None
[2025-03-12T14:25:14.618+0200] {processor.py:208} INFO - Processing /home/munyah/.local/lib/python3.10/site-packages/airflow/example_dags/example_short_circuit_operator.py took 0.086 seconds
[2025-03-12T14:26:13.591+0200] {processor.py:186} INFO - Started process (PID=137069) to work on /home/munyah/.local/lib/python3.10/site-packages/airflow/example_dags/example_short_circuit_operator.py
[2025-03-12T14:26:13.592+0200] {processor.py:914} INFO - Processing file /home/munyah/.local/lib/python3.10/site-packages/airflow/example_dags/example_short_circuit_operator.py for tasks to queue
[2025-03-12T14:26:13.595+0200] {logging_mixin.py:190} INFO - [2025-03-12T14:26:13.595+0200] {dagbag.py:588} INFO - Filling up the DagBag from /home/munyah/.local/lib/python3.10/site-packages/airflow/example_dags/example_short_circuit_operator.py
[2025-03-12T14:26:13.606+0200] {processor.py:925} INFO - DAG(s) 'example_short_circuit_operator' retrieved from /home/munyah/.local/lib/python3.10/site-packages/airflow/example_dags/example_short_circuit_operator.py
[2025-03-12T14:26:13.629+0200] {logging_mixin.py:190} INFO - [2025-03-12T14:26:13.628+0200] {dag.py:3239} INFO - Sync 1 DAGs
[2025-03-12T14:26:13.643+0200] {logging_mixin.py:190} INFO - [2025-03-12T14:26:13.643+0200] {dag.py:4180} INFO - Setting next_dagrun for example_short_circuit_operator to None, run_after=None
[2025-03-12T14:26:13.666+0200] {processor.py:208} INFO - Processing /home/munyah/.local/lib/python3.10/site-packages/airflow/example_dags/example_short_circuit_operator.py took 0.082 seconds
[2025-03-12T14:27:15.481+0200] {processor.py:186} INFO - Started process (PID=137261) to work on /home/munyah/.local/lib/python3.10/site-packages/airflow/example_dags/example_short_circuit_operator.py
[2025-03-12T14:27:15.483+0200] {processor.py:914} INFO - Processing file /home/munyah/.local/lib/python3.10/site-packages/airflow/example_dags/example_short_circuit_operator.py for tasks to queue
[2025-03-12T14:27:15.488+0200] {logging_mixin.py:190} INFO - [2025-03-12T14:27:15.487+0200] {dagbag.py:588} INFO - Filling up the DagBag from /home/munyah/.local/lib/python3.10/site-packages/airflow/example_dags/example_short_circuit_operator.py
[2025-03-12T14:27:15.508+0200] {processor.py:925} INFO - DAG(s) 'example_short_circuit_operator' retrieved from /home/munyah/.local/lib/python3.10/site-packages/airflow/example_dags/example_short_circuit_operator.py
[2025-03-12T14:27:15.535+0200] {logging_mixin.py:190} INFO - [2025-03-12T14:27:15.535+0200] {dag.py:3239} INFO - Sync 1 DAGs
[2025-03-12T14:27:15.549+0200] {logging_mixin.py:190} INFO - [2025-03-12T14:27:15.549+0200] {dag.py:4180} INFO - Setting next_dagrun for example_short_circuit_operator to None, run_after=None
[2025-03-12T14:27:15.571+0200] {processor.py:208} INFO - Processing /home/munyah/.local/lib/python3.10/site-packages/airflow/example_dags/example_short_circuit_operator.py took 0.101 seconds
[2025-03-12T14:28:19.108+0200] {processor.py:186} INFO - Started process (PID=137459) to work on /home/munyah/.local/lib/python3.10/site-packages/airflow/example_dags/example_short_circuit_operator.py
[2025-03-12T14:28:19.110+0200] {processor.py:914} INFO - Processing file /home/munyah/.local/lib/python3.10/site-packages/airflow/example_dags/example_short_circuit_operator.py for tasks to queue
[2025-03-12T14:28:19.112+0200] {logging_mixin.py:190} INFO - [2025-03-12T14:28:19.112+0200] {dagbag.py:588} INFO - Filling up the DagBag from /home/munyah/.local/lib/python3.10/site-packages/airflow/example_dags/example_short_circuit_operator.py
[2025-03-12T14:28:19.126+0200] {processor.py:925} INFO - DAG(s) 'example_short_circuit_operator' retrieved from /home/munyah/.local/lib/python3.10/site-packages/airflow/example_dags/example_short_circuit_operator.py
[2025-03-12T14:28:19.148+0200] {logging_mixin.py:190} INFO - [2025-03-12T14:28:19.148+0200] {dag.py:3239} INFO - Sync 1 DAGs
[2025-03-12T14:28:19.163+0200] {logging_mixin.py:190} INFO - [2025-03-12T14:28:19.163+0200] {dag.py:4180} INFO - Setting next_dagrun for example_short_circuit_operator to None, run_after=None
[2025-03-12T14:28:19.185+0200] {processor.py:208} INFO - Processing /home/munyah/.local/lib/python3.10/site-packages/airflow/example_dags/example_short_circuit_operator.py took 0.085 seconds
[2025-03-12T14:29:15.834+0200] {processor.py:186} INFO - Started process (PID=138070) to work on /home/munyah/.local/lib/python3.10/site-packages/airflow/example_dags/example_short_circuit_operator.py
[2025-03-12T14:29:15.835+0200] {processor.py:914} INFO - Processing file /home/munyah/.local/lib/python3.10/site-packages/airflow/example_dags/example_short_circuit_operator.py for tasks to queue
[2025-03-12T14:29:15.838+0200] {logging_mixin.py:190} INFO - [2025-03-12T14:29:15.838+0200] {dagbag.py:588} INFO - Filling up the DagBag from /home/munyah/.local/lib/python3.10/site-packages/airflow/example_dags/example_short_circuit_operator.py
[2025-03-12T14:29:15.850+0200] {processor.py:925} INFO - DAG(s) 'example_short_circuit_operator' retrieved from /home/munyah/.local/lib/python3.10/site-packages/airflow/example_dags/example_short_circuit_operator.py
[2025-03-12T14:29:15.874+0200] {logging_mixin.py:190} INFO - [2025-03-12T14:29:15.874+0200] {dag.py:3239} INFO - Sync 1 DAGs
[2025-03-12T14:29:15.890+0200] {logging_mixin.py:190} INFO - [2025-03-12T14:29:15.889+0200] {dag.py:4180} INFO - Setting next_dagrun for example_short_circuit_operator to None, run_after=None
[2025-03-12T14:29:15.913+0200] {processor.py:208} INFO - Processing /home/munyah/.local/lib/python3.10/site-packages/airflow/example_dags/example_short_circuit_operator.py took 0.086 seconds
[2025-03-12T14:30:15.125+0200] {processor.py:186} INFO - Started process (PID=138643) to work on /home/munyah/.local/lib/python3.10/site-packages/airflow/example_dags/example_short_circuit_operator.py
[2025-03-12T14:30:15.128+0200] {processor.py:914} INFO - Processing file /home/munyah/.local/lib/python3.10/site-packages/airflow/example_dags/example_short_circuit_operator.py for tasks to queue
[2025-03-12T14:30:15.135+0200] {logging_mixin.py:190} INFO - [2025-03-12T14:30:15.134+0200] {dagbag.py:588} INFO - Filling up the DagBag from /home/munyah/.local/lib/python3.10/site-packages/airflow/example_dags/example_short_circuit_operator.py
[2025-03-12T14:30:15.151+0200] {processor.py:925} INFO - DAG(s) 'example_short_circuit_operator' retrieved from /home/munyah/.local/lib/python3.10/site-packages/airflow/example_dags/example_short_circuit_operator.py
[2025-03-12T14:30:15.174+0200] {logging_mixin.py:190} INFO - [2025-03-12T14:30:15.173+0200] {dag.py:3239} INFO - Sync 1 DAGs
[2025-03-12T14:30:15.190+0200] {logging_mixin.py:190} INFO - [2025-03-12T14:30:15.189+0200] {dag.py:4180} INFO - Setting next_dagrun for example_short_circuit_operator to None, run_after=None
[2025-03-12T14:30:15.212+0200] {processor.py:208} INFO - Processing /home/munyah/.local/lib/python3.10/site-packages/airflow/example_dags/example_short_circuit_operator.py took 0.114 seconds
[2025-03-12T14:31:19.003+0200] {processor.py:186} INFO - Started process (PID=138896) to work on /home/munyah/.local/lib/python3.10/site-packages/airflow/example_dags/example_short_circuit_operator.py
[2025-03-12T14:31:19.004+0200] {processor.py:914} INFO - Processing file /home/munyah/.local/lib/python3.10/site-packages/airflow/example_dags/example_short_circuit_operator.py for tasks to queue
[2025-03-12T14:31:19.008+0200] {logging_mixin.py:190} INFO - [2025-03-12T14:31:19.007+0200] {dagbag.py:588} INFO - Filling up the DagBag from /home/munyah/.local/lib/python3.10/site-packages/airflow/example_dags/example_short_circuit_operator.py
[2025-03-12T14:31:19.019+0200] {processor.py:925} INFO - DAG(s) 'example_short_circuit_operator' retrieved from /home/munyah/.local/lib/python3.10/site-packages/airflow/example_dags/example_short_circuit_operator.py
[2025-03-12T14:31:19.042+0200] {logging_mixin.py:190} INFO - [2025-03-12T14:31:19.042+0200] {dag.py:3239} INFO - Sync 1 DAGs
[2025-03-12T14:31:19.059+0200] {logging_mixin.py:190} INFO - [2025-03-12T14:31:19.059+0200] {dag.py:4180} INFO - Setting next_dagrun for example_short_circuit_operator to None, run_after=None
[2025-03-12T14:31:19.084+0200] {processor.py:208} INFO - Processing /home/munyah/.local/lib/python3.10/site-packages/airflow/example_dags/example_short_circuit_operator.py took 0.091 seconds
[2025-03-12T14:32:23.172+0200] {processor.py:186} INFO - Started process (PID=139109) to work on /home/munyah/.local/lib/python3.10/site-packages/airflow/example_dags/example_short_circuit_operator.py
[2025-03-12T14:32:23.173+0200] {processor.py:914} INFO - Processing file /home/munyah/.local/lib/python3.10/site-packages/airflow/example_dags/example_short_circuit_operator.py for tasks to queue
[2025-03-12T14:32:23.178+0200] {logging_mixin.py:190} INFO - [2025-03-12T14:32:23.176+0200] {dagbag.py:588} INFO - Filling up the DagBag from /home/munyah/.local/lib/python3.10/site-packages/airflow/example_dags/example_short_circuit_operator.py
[2025-03-12T14:32:23.196+0200] {processor.py:925} INFO - DAG(s) 'example_short_circuit_operator' retrieved from /home/munyah/.local/lib/python3.10/site-packages/airflow/example_dags/example_short_circuit_operator.py
[2025-03-12T14:32:23.228+0200] {logging_mixin.py:190} INFO - [2025-03-12T14:32:23.228+0200] {dag.py:3239} INFO - Sync 1 DAGs
[2025-03-12T14:32:23.243+0200] {logging_mixin.py:190} INFO - [2025-03-12T14:32:23.243+0200] {dag.py:4180} INFO - Setting next_dagrun for example_short_circuit_operator to None, run_after=None
[2025-03-12T14:32:23.267+0200] {processor.py:208} INFO - Processing /home/munyah/.local/lib/python3.10/site-packages/airflow/example_dags/example_short_circuit_operator.py took 0.107 seconds
[2025-03-12T14:33:26.382+0200] {processor.py:186} INFO - Started process (PID=139810) to work on /home/munyah/.local/lib/python3.10/site-packages/airflow/example_dags/example_short_circuit_operator.py
[2025-03-12T14:33:26.383+0200] {processor.py:914} INFO - Processing file /home/munyah/.local/lib/python3.10/site-packages/airflow/example_dags/example_short_circuit_operator.py for tasks to queue
[2025-03-12T14:33:26.386+0200] {logging_mixin.py:190} INFO - [2025-03-12T14:33:26.385+0200] {dagbag.py:588} INFO - Filling up the DagBag from /home/munyah/.local/lib/python3.10/site-packages/airflow/example_dags/example_short_circuit_operator.py
[2025-03-12T14:33:26.398+0200] {processor.py:925} INFO - DAG(s) 'example_short_circuit_operator' retrieved from /home/munyah/.local/lib/python3.10/site-packages/airflow/example_dags/example_short_circuit_operator.py
[2025-03-12T14:33:26.422+0200] {logging_mixin.py:190} INFO - [2025-03-12T14:33:26.422+0200] {dag.py:3239} INFO - Sync 1 DAGs
[2025-03-12T14:33:26.441+0200] {logging_mixin.py:190} INFO - [2025-03-12T14:33:26.440+0200] {dag.py:4180} INFO - Setting next_dagrun for example_short_circuit_operator to None, run_after=None
[2025-03-12T14:33:26.466+0200] {processor.py:208} INFO - Processing /home/munyah/.local/lib/python3.10/site-packages/airflow/example_dags/example_short_circuit_operator.py took 0.093 seconds
[2025-03-12T14:34:30.262+0200] {processor.py:186} INFO - Started process (PID=140083) to work on /home/munyah/.local/lib/python3.10/site-packages/airflow/example_dags/example_short_circuit_operator.py
[2025-03-12T14:34:30.263+0200] {processor.py:914} INFO - Processing file /home/munyah/.local/lib/python3.10/site-packages/airflow/example_dags/example_short_circuit_operator.py for tasks to queue
[2025-03-12T14:34:30.266+0200] {logging_mixin.py:190} INFO - [2025-03-12T14:34:30.265+0200] {dagbag.py:588} INFO - Filling up the DagBag from /home/munyah/.local/lib/python3.10/site-packages/airflow/example_dags/example_short_circuit_operator.py
[2025-03-12T14:34:30.277+0200] {processor.py:925} INFO - DAG(s) 'example_short_circuit_operator' retrieved from /home/munyah/.local/lib/python3.10/site-packages/airflow/example_dags/example_short_circuit_operator.py
[2025-03-12T14:34:30.299+0200] {logging_mixin.py:190} INFO - [2025-03-12T14:34:30.299+0200] {dag.py:3239} INFO - Sync 1 DAGs
[2025-03-12T14:34:30.314+0200] {logging_mixin.py:190} INFO - [2025-03-12T14:34:30.314+0200] {dag.py:4180} INFO - Setting next_dagrun for example_short_circuit_operator to None, run_after=None
[2025-03-12T14:34:30.335+0200] {processor.py:208} INFO - Processing /home/munyah/.local/lib/python3.10/site-packages/airflow/example_dags/example_short_circuit_operator.py took 0.081 seconds
[2025-03-12T14:35:32.626+0200] {processor.py:186} INFO - Started process (PID=140275) to work on /home/munyah/.local/lib/python3.10/site-packages/airflow/example_dags/example_short_circuit_operator.py
[2025-03-12T14:35:32.627+0200] {processor.py:914} INFO - Processing file /home/munyah/.local/lib/python3.10/site-packages/airflow/example_dags/example_short_circuit_operator.py for tasks to queue
[2025-03-12T14:35:32.630+0200] {logging_mixin.py:190} INFO - [2025-03-12T14:35:32.629+0200] {dagbag.py:588} INFO - Filling up the DagBag from /home/munyah/.local/lib/python3.10/site-packages/airflow/example_dags/example_short_circuit_operator.py
[2025-03-12T14:35:32.644+0200] {processor.py:925} INFO - DAG(s) 'example_short_circuit_operator' retrieved from /home/munyah/.local/lib/python3.10/site-packages/airflow/example_dags/example_short_circuit_operator.py
[2025-03-12T14:35:32.666+0200] {logging_mixin.py:190} INFO - [2025-03-12T14:35:32.665+0200] {dag.py:3239} INFO - Sync 1 DAGs
[2025-03-12T14:35:32.681+0200] {logging_mixin.py:190} INFO - [2025-03-12T14:35:32.681+0200] {dag.py:4180} INFO - Setting next_dagrun for example_short_circuit_operator to None, run_after=None
[2025-03-12T14:35:32.702+0200] {processor.py:208} INFO - Processing /home/munyah/.local/lib/python3.10/site-packages/airflow/example_dags/example_short_circuit_operator.py took 0.088 seconds
[2025-03-12T14:36:40.631+0200] {processor.py:186} INFO - Started process (PID=140491) to work on /home/munyah/.local/lib/python3.10/site-packages/airflow/example_dags/example_short_circuit_operator.py
[2025-03-12T14:36:40.633+0200] {processor.py:914} INFO - Processing file /home/munyah/.local/lib/python3.10/site-packages/airflow/example_dags/example_short_circuit_operator.py for tasks to queue
[2025-03-12T14:36:40.636+0200] {logging_mixin.py:190} INFO - [2025-03-12T14:36:40.636+0200] {dagbag.py:588} INFO - Filling up the DagBag from /home/munyah/.local/lib/python3.10/site-packages/airflow/example_dags/example_short_circuit_operator.py
[2025-03-12T14:36:40.652+0200] {processor.py:925} INFO - DAG(s) 'example_short_circuit_operator' retrieved from /home/munyah/.local/lib/python3.10/site-packages/airflow/example_dags/example_short_circuit_operator.py
[2025-03-12T14:36:40.674+0200] {logging_mixin.py:190} INFO - [2025-03-12T14:36:40.674+0200] {dag.py:3239} INFO - Sync 1 DAGs
[2025-03-12T14:36:40.689+0200] {logging_mixin.py:190} INFO - [2025-03-12T14:36:40.689+0200] {dag.py:4180} INFO - Setting next_dagrun for example_short_circuit_operator to None, run_after=None
[2025-03-12T14:36:40.709+0200] {processor.py:208} INFO - Processing /home/munyah/.local/lib/python3.10/site-packages/airflow/example_dags/example_short_circuit_operator.py took 0.089 seconds
[2025-03-12T14:37:43.640+0200] {processor.py:186} INFO - Started process (PID=140630) to work on /home/munyah/.local/lib/python3.10/site-packages/airflow/example_dags/example_short_circuit_operator.py
[2025-03-12T14:37:43.641+0200] {processor.py:914} INFO - Processing file /home/munyah/.local/lib/python3.10/site-packages/airflow/example_dags/example_short_circuit_operator.py for tasks to queue
[2025-03-12T14:37:43.645+0200] {logging_mixin.py:190} INFO - [2025-03-12T14:37:43.644+0200] {dagbag.py:588} INFO - Filling up the DagBag from /home/munyah/.local/lib/python3.10/site-packages/airflow/example_dags/example_short_circuit_operator.py
[2025-03-12T14:37:43.661+0200] {processor.py:925} INFO - DAG(s) 'example_short_circuit_operator' retrieved from /home/munyah/.local/lib/python3.10/site-packages/airflow/example_dags/example_short_circuit_operator.py
[2025-03-12T14:37:43.682+0200] {logging_mixin.py:190} INFO - [2025-03-12T14:37:43.682+0200] {dag.py:3239} INFO - Sync 1 DAGs
[2025-03-12T14:37:43.696+0200] {logging_mixin.py:190} INFO - [2025-03-12T14:37:43.696+0200] {dag.py:4180} INFO - Setting next_dagrun for example_short_circuit_operator to None, run_after=None
[2025-03-12T14:37:43.718+0200] {processor.py:208} INFO - Processing /home/munyah/.local/lib/python3.10/site-packages/airflow/example_dags/example_short_circuit_operator.py took 0.090 seconds
[2025-03-12T14:38:49.697+0200] {processor.py:186} INFO - Started process (PID=140712) to work on /home/munyah/.local/lib/python3.10/site-packages/airflow/example_dags/example_short_circuit_operator.py
[2025-03-12T14:38:49.699+0200] {processor.py:914} INFO - Processing file /home/munyah/.local/lib/python3.10/site-packages/airflow/example_dags/example_short_circuit_operator.py for tasks to queue
[2025-03-12T14:38:49.704+0200] {logging_mixin.py:190} INFO - [2025-03-12T14:38:49.703+0200] {dagbag.py:588} INFO - Filling up the DagBag from /home/munyah/.local/lib/python3.10/site-packages/airflow/example_dags/example_short_circuit_operator.py
[2025-03-12T14:38:49.719+0200] {processor.py:925} INFO - DAG(s) 'example_short_circuit_operator' retrieved from /home/munyah/.local/lib/python3.10/site-packages/airflow/example_dags/example_short_circuit_operator.py
[2025-03-12T14:38:49.741+0200] {logging_mixin.py:190} INFO - [2025-03-12T14:38:49.741+0200] {dag.py:3239} INFO - Sync 1 DAGs
[2025-03-12T14:38:49.754+0200] {logging_mixin.py:190} INFO - [2025-03-12T14:38:49.754+0200] {dag.py:4180} INFO - Setting next_dagrun for example_short_circuit_operator to None, run_after=None
[2025-03-12T14:38:49.776+0200] {processor.py:208} INFO - Processing /home/munyah/.local/lib/python3.10/site-packages/airflow/example_dags/example_short_circuit_operator.py took 0.089 seconds
[2025-03-12T14:39:54.438+0200] {processor.py:186} INFO - Started process (PID=140817) to work on /home/munyah/.local/lib/python3.10/site-packages/airflow/example_dags/example_short_circuit_operator.py
[2025-03-12T14:39:54.439+0200] {processor.py:914} INFO - Processing file /home/munyah/.local/lib/python3.10/site-packages/airflow/example_dags/example_short_circuit_operator.py for tasks to queue
[2025-03-12T14:39:54.442+0200] {logging_mixin.py:190} INFO - [2025-03-12T14:39:54.441+0200] {dagbag.py:588} INFO - Filling up the DagBag from /home/munyah/.local/lib/python3.10/site-packages/airflow/example_dags/example_short_circuit_operator.py
[2025-03-12T14:39:54.453+0200] {processor.py:925} INFO - DAG(s) 'example_short_circuit_operator' retrieved from /home/munyah/.local/lib/python3.10/site-packages/airflow/example_dags/example_short_circuit_operator.py
[2025-03-12T14:39:54.473+0200] {logging_mixin.py:190} INFO - [2025-03-12T14:39:54.473+0200] {dag.py:3239} INFO - Sync 1 DAGs
[2025-03-12T14:39:54.487+0200] {logging_mixin.py:190} INFO - [2025-03-12T14:39:54.487+0200] {dag.py:4180} INFO - Setting next_dagrun for example_short_circuit_operator to None, run_after=None
[2025-03-12T14:39:54.508+0200] {processor.py:208} INFO - Processing /home/munyah/.local/lib/python3.10/site-packages/airflow/example_dags/example_short_circuit_operator.py took 0.077 seconds
[2025-03-12T14:40:56.849+0200] {processor.py:186} INFO - Started process (PID=140968) to work on /home/munyah/.local/lib/python3.10/site-packages/airflow/example_dags/example_short_circuit_operator.py
[2025-03-12T14:40:56.851+0200] {processor.py:914} INFO - Processing file /home/munyah/.local/lib/python3.10/site-packages/airflow/example_dags/example_short_circuit_operator.py for tasks to queue
[2025-03-12T14:40:56.853+0200] {logging_mixin.py:190} INFO - [2025-03-12T14:40:56.853+0200] {dagbag.py:588} INFO - Filling up the DagBag from /home/munyah/.local/lib/python3.10/site-packages/airflow/example_dags/example_short_circuit_operator.py
[2025-03-12T14:40:56.864+0200] {processor.py:925} INFO - DAG(s) 'example_short_circuit_operator' retrieved from /home/munyah/.local/lib/python3.10/site-packages/airflow/example_dags/example_short_circuit_operator.py
[2025-03-12T14:40:56.887+0200] {logging_mixin.py:190} INFO - [2025-03-12T14:40:56.886+0200] {dag.py:3239} INFO - Sync 1 DAGs
[2025-03-12T14:40:56.900+0200] {logging_mixin.py:190} INFO - [2025-03-12T14:40:56.900+0200] {dag.py:4180} INFO - Setting next_dagrun for example_short_circuit_operator to None, run_after=None
[2025-03-12T14:40:56.921+0200] {processor.py:208} INFO - Processing /home/munyah/.local/lib/python3.10/site-packages/airflow/example_dags/example_short_circuit_operator.py took 0.081 seconds
[2025-03-12T14:41:59.230+0200] {processor.py:186} INFO - Started process (PID=141265) to work on /home/munyah/.local/lib/python3.10/site-packages/airflow/example_dags/example_short_circuit_operator.py
[2025-03-12T14:41:59.231+0200] {processor.py:914} INFO - Processing file /home/munyah/.local/lib/python3.10/site-packages/airflow/example_dags/example_short_circuit_operator.py for tasks to queue
[2025-03-12T14:41:59.234+0200] {logging_mixin.py:190} INFO - [2025-03-12T14:41:59.233+0200] {dagbag.py:588} INFO - Filling up the DagBag from /home/munyah/.local/lib/python3.10/site-packages/airflow/example_dags/example_short_circuit_operator.py
[2025-03-12T14:41:59.245+0200] {processor.py:925} INFO - DAG(s) 'example_short_circuit_operator' retrieved from /home/munyah/.local/lib/python3.10/site-packages/airflow/example_dags/example_short_circuit_operator.py
[2025-03-12T14:41:59.266+0200] {logging_mixin.py:190} INFO - [2025-03-12T14:41:59.266+0200] {dag.py:3239} INFO - Sync 1 DAGs
[2025-03-12T14:41:59.280+0200] {logging_mixin.py:190} INFO - [2025-03-12T14:41:59.280+0200] {dag.py:4180} INFO - Setting next_dagrun for example_short_circuit_operator to None, run_after=None
[2025-03-12T14:41:59.302+0200] {processor.py:208} INFO - Processing /home/munyah/.local/lib/python3.10/site-packages/airflow/example_dags/example_short_circuit_operator.py took 0.081 seconds
[2025-03-12T14:42:59.822+0200] {processor.py:186} INFO - Started process (PID=141465) to work on /home/munyah/.local/lib/python3.10/site-packages/airflow/example_dags/example_short_circuit_operator.py
[2025-03-12T14:42:59.823+0200] {processor.py:914} INFO - Processing file /home/munyah/.local/lib/python3.10/site-packages/airflow/example_dags/example_short_circuit_operator.py for tasks to queue
[2025-03-12T14:42:59.826+0200] {logging_mixin.py:190} INFO - [2025-03-12T14:42:59.825+0200] {dagbag.py:588} INFO - Filling up the DagBag from /home/munyah/.local/lib/python3.10/site-packages/airflow/example_dags/example_short_circuit_operator.py
[2025-03-12T14:42:59.836+0200] {processor.py:925} INFO - DAG(s) 'example_short_circuit_operator' retrieved from /home/munyah/.local/lib/python3.10/site-packages/airflow/example_dags/example_short_circuit_operator.py
[2025-03-12T14:42:59.858+0200] {logging_mixin.py:190} INFO - [2025-03-12T14:42:59.857+0200] {dag.py:3239} INFO - Sync 1 DAGs
[2025-03-12T14:42:59.871+0200] {logging_mixin.py:190} INFO - [2025-03-12T14:42:59.871+0200] {dag.py:4180} INFO - Setting next_dagrun for example_short_circuit_operator to None, run_after=None
[2025-03-12T14:42:59.893+0200] {processor.py:208} INFO - Processing /home/munyah/.local/lib/python3.10/site-packages/airflow/example_dags/example_short_circuit_operator.py took 0.079 seconds
[2025-03-12T14:43:59.043+0200] {processor.py:186} INFO - Started process (PID=141630) to work on /home/munyah/.local/lib/python3.10/site-packages/airflow/example_dags/example_short_circuit_operator.py
[2025-03-12T14:43:59.044+0200] {processor.py:914} INFO - Processing file /home/munyah/.local/lib/python3.10/site-packages/airflow/example_dags/example_short_circuit_operator.py for tasks to queue
[2025-03-12T14:43:59.046+0200] {logging_mixin.py:190} INFO - [2025-03-12T14:43:59.046+0200] {dagbag.py:588} INFO - Filling up the DagBag from /home/munyah/.local/lib/python3.10/site-packages/airflow/example_dags/example_short_circuit_operator.py
[2025-03-12T14:43:59.058+0200] {processor.py:925} INFO - DAG(s) 'example_short_circuit_operator' retrieved from /home/munyah/.local/lib/python3.10/site-packages/airflow/example_dags/example_short_circuit_operator.py
[2025-03-12T14:43:59.081+0200] {logging_mixin.py:190} INFO - [2025-03-12T14:43:59.081+0200] {dag.py:3239} INFO - Sync 1 DAGs
[2025-03-12T14:43:59.095+0200] {logging_mixin.py:190} INFO - [2025-03-12T14:43:59.095+0200] {dag.py:4180} INFO - Setting next_dagrun for example_short_circuit_operator to None, run_after=None
[2025-03-12T14:43:59.117+0200] {processor.py:208} INFO - Processing /home/munyah/.local/lib/python3.10/site-packages/airflow/example_dags/example_short_circuit_operator.py took 0.083 seconds
[2025-03-12T14:44:59.446+0200] {processor.py:186} INFO - Started process (PID=141821) to work on /home/munyah/.local/lib/python3.10/site-packages/airflow/example_dags/example_short_circuit_operator.py
[2025-03-12T14:44:59.449+0200] {processor.py:914} INFO - Processing file /home/munyah/.local/lib/python3.10/site-packages/airflow/example_dags/example_short_circuit_operator.py for tasks to queue
[2025-03-12T14:44:59.452+0200] {logging_mixin.py:190} INFO - [2025-03-12T14:44:59.452+0200] {dagbag.py:588} INFO - Filling up the DagBag from /home/munyah/.local/lib/python3.10/site-packages/airflow/example_dags/example_short_circuit_operator.py
[2025-03-12T14:44:59.465+0200] {processor.py:925} INFO - DAG(s) 'example_short_circuit_operator' retrieved from /home/munyah/.local/lib/python3.10/site-packages/airflow/example_dags/example_short_circuit_operator.py
[2025-03-12T14:44:59.487+0200] {logging_mixin.py:190} INFO - [2025-03-12T14:44:59.487+0200] {dag.py:3239} INFO - Sync 1 DAGs
[2025-03-12T14:44:59.502+0200] {logging_mixin.py:190} INFO - [2025-03-12T14:44:59.502+0200] {dag.py:4180} INFO - Setting next_dagrun for example_short_circuit_operator to None, run_after=None
[2025-03-12T14:44:59.524+0200] {processor.py:208} INFO - Processing /home/munyah/.local/lib/python3.10/site-packages/airflow/example_dags/example_short_circuit_operator.py took 0.087 seconds
[2025-03-12T14:45:58.880+0200] {processor.py:186} INFO - Started process (PID=142039) to work on /home/munyah/.local/lib/python3.10/site-packages/airflow/example_dags/example_short_circuit_operator.py
[2025-03-12T14:45:58.882+0200] {processor.py:914} INFO - Processing file /home/munyah/.local/lib/python3.10/site-packages/airflow/example_dags/example_short_circuit_operator.py for tasks to queue
[2025-03-12T14:45:58.885+0200] {logging_mixin.py:190} INFO - [2025-03-12T14:45:58.884+0200] {dagbag.py:588} INFO - Filling up the DagBag from /home/munyah/.local/lib/python3.10/site-packages/airflow/example_dags/example_short_circuit_operator.py
[2025-03-12T14:45:58.900+0200] {processor.py:925} INFO - DAG(s) 'example_short_circuit_operator' retrieved from /home/munyah/.local/lib/python3.10/site-packages/airflow/example_dags/example_short_circuit_operator.py
[2025-03-12T14:45:58.923+0200] {logging_mixin.py:190} INFO - [2025-03-12T14:45:58.923+0200] {dag.py:3239} INFO - Sync 1 DAGs
[2025-03-12T14:45:58.938+0200] {logging_mixin.py:190} INFO - [2025-03-12T14:45:58.938+0200] {dag.py:4180} INFO - Setting next_dagrun for example_short_circuit_operator to None, run_after=None
[2025-03-12T14:45:58.961+0200] {processor.py:208} INFO - Processing /home/munyah/.local/lib/python3.10/site-packages/airflow/example_dags/example_short_circuit_operator.py took 0.091 seconds
[2025-03-12T14:48:42.412+0200] {processor.py:186} INFO - Started process (PID=142471) to work on /home/munyah/.local/lib/python3.10/site-packages/airflow/example_dags/example_short_circuit_operator.py
[2025-03-12T14:48:42.414+0200] {processor.py:914} INFO - Processing file /home/munyah/.local/lib/python3.10/site-packages/airflow/example_dags/example_short_circuit_operator.py for tasks to queue
[2025-03-12T14:48:42.417+0200] {logging_mixin.py:190} INFO - [2025-03-12T14:48:42.417+0200] {dagbag.py:588} INFO - Filling up the DagBag from /home/munyah/.local/lib/python3.10/site-packages/airflow/example_dags/example_short_circuit_operator.py
[2025-03-12T14:48:42.437+0200] {processor.py:925} INFO - DAG(s) 'example_short_circuit_operator' retrieved from /home/munyah/.local/lib/python3.10/site-packages/airflow/example_dags/example_short_circuit_operator.py
[2025-03-12T14:48:42.462+0200] {logging_mixin.py:190} INFO - [2025-03-12T14:48:42.462+0200] {dag.py:3239} INFO - Sync 1 DAGs
[2025-03-12T14:48:42.481+0200] {logging_mixin.py:190} INFO - [2025-03-12T14:48:42.481+0200] {dag.py:4180} INFO - Setting next_dagrun for example_short_circuit_operator to None, run_after=None
[2025-03-12T14:48:42.506+0200] {processor.py:208} INFO - Processing /home/munyah/.local/lib/python3.10/site-packages/airflow/example_dags/example_short_circuit_operator.py took 0.105 seconds
[2025-03-12T14:50:14.557+0200] {processor.py:186} INFO - Started process (PID=142881) to work on /home/munyah/.local/lib/python3.10/site-packages/airflow/example_dags/example_short_circuit_operator.py
[2025-03-12T14:50:14.559+0200] {processor.py:914} INFO - Processing file /home/munyah/.local/lib/python3.10/site-packages/airflow/example_dags/example_short_circuit_operator.py for tasks to queue
[2025-03-12T14:50:14.561+0200] {logging_mixin.py:190} INFO - [2025-03-12T14:50:14.561+0200] {dagbag.py:588} INFO - Filling up the DagBag from /home/munyah/.local/lib/python3.10/site-packages/airflow/example_dags/example_short_circuit_operator.py
[2025-03-12T14:50:14.576+0200] {processor.py:925} INFO - DAG(s) 'example_short_circuit_operator' retrieved from /home/munyah/.local/lib/python3.10/site-packages/airflow/example_dags/example_short_circuit_operator.py
[2025-03-12T14:50:14.599+0200] {logging_mixin.py:190} INFO - [2025-03-12T14:50:14.598+0200] {dag.py:3239} INFO - Sync 1 DAGs
[2025-03-12T14:50:14.613+0200] {logging_mixin.py:190} INFO - [2025-03-12T14:50:14.613+0200] {dag.py:4180} INFO - Setting next_dagrun for example_short_circuit_operator to None, run_after=None
[2025-03-12T14:50:14.638+0200] {processor.py:208} INFO - Processing /home/munyah/.local/lib/python3.10/site-packages/airflow/example_dags/example_short_circuit_operator.py took 0.088 seconds
[2025-03-12T14:51:20.175+0200] {processor.py:186} INFO - Started process (PID=143118) to work on /home/munyah/.local/lib/python3.10/site-packages/airflow/example_dags/example_short_circuit_operator.py
[2025-03-12T14:51:20.177+0200] {processor.py:914} INFO - Processing file /home/munyah/.local/lib/python3.10/site-packages/airflow/example_dags/example_short_circuit_operator.py for tasks to queue
[2025-03-12T14:51:20.182+0200] {logging_mixin.py:190} INFO - [2025-03-12T14:51:20.181+0200] {dagbag.py:588} INFO - Filling up the DagBag from /home/munyah/.local/lib/python3.10/site-packages/airflow/example_dags/example_short_circuit_operator.py
[2025-03-12T14:51:20.200+0200] {processor.py:925} INFO - DAG(s) 'example_short_circuit_operator' retrieved from /home/munyah/.local/lib/python3.10/site-packages/airflow/example_dags/example_short_circuit_operator.py
[2025-03-12T14:51:20.228+0200] {logging_mixin.py:190} INFO - [2025-03-12T14:51:20.228+0200] {dag.py:3239} INFO - Sync 1 DAGs
[2025-03-12T14:51:20.245+0200] {logging_mixin.py:190} INFO - [2025-03-12T14:51:20.244+0200] {dag.py:4180} INFO - Setting next_dagrun for example_short_circuit_operator to None, run_after=None
[2025-03-12T14:51:20.270+0200] {processor.py:208} INFO - Processing /home/munyah/.local/lib/python3.10/site-packages/airflow/example_dags/example_short_circuit_operator.py took 0.105 seconds
[2025-03-12T14:52:29.753+0200] {processor.py:186} INFO - Started process (PID=143307) to work on /home/munyah/.local/lib/python3.10/site-packages/airflow/example_dags/example_short_circuit_operator.py
[2025-03-12T14:52:29.754+0200] {processor.py:914} INFO - Processing file /home/munyah/.local/lib/python3.10/site-packages/airflow/example_dags/example_short_circuit_operator.py for tasks to queue
[2025-03-12T14:52:29.757+0200] {logging_mixin.py:190} INFO - [2025-03-12T14:52:29.757+0200] {dagbag.py:588} INFO - Filling up the DagBag from /home/munyah/.local/lib/python3.10/site-packages/airflow/example_dags/example_short_circuit_operator.py
[2025-03-12T14:52:29.768+0200] {processor.py:925} INFO - DAG(s) 'example_short_circuit_operator' retrieved from /home/munyah/.local/lib/python3.10/site-packages/airflow/example_dags/example_short_circuit_operator.py
[2025-03-12T14:52:29.790+0200] {logging_mixin.py:190} INFO - [2025-03-12T14:52:29.790+0200] {dag.py:3239} INFO - Sync 1 DAGs
[2025-03-12T14:52:29.811+0200] {logging_mixin.py:190} INFO - [2025-03-12T14:52:29.811+0200] {dag.py:4180} INFO - Setting next_dagrun for example_short_circuit_operator to None, run_after=None
[2025-03-12T14:52:29.838+0200] {processor.py:208} INFO - Processing /home/munyah/.local/lib/python3.10/site-packages/airflow/example_dags/example_short_circuit_operator.py took 0.092 seconds
[2025-03-12T14:53:44.080+0200] {processor.py:186} INFO - Started process (PID=143561) to work on /home/munyah/.local/lib/python3.10/site-packages/airflow/example_dags/example_short_circuit_operator.py
[2025-03-12T14:53:44.087+0200] {processor.py:914} INFO - Processing file /home/munyah/.local/lib/python3.10/site-packages/airflow/example_dags/example_short_circuit_operator.py for tasks to queue
[2025-03-12T14:53:44.107+0200] {logging_mixin.py:190} INFO - [2025-03-12T14:53:44.091+0200] {dagbag.py:588} INFO - Filling up the DagBag from /home/munyah/.local/lib/python3.10/site-packages/airflow/example_dags/example_short_circuit_operator.py
[2025-03-12T14:53:44.179+0200] {processor.py:925} INFO - DAG(s) 'example_short_circuit_operator' retrieved from /home/munyah/.local/lib/python3.10/site-packages/airflow/example_dags/example_short_circuit_operator.py
[2025-03-12T14:53:44.346+0200] {logging_mixin.py:190} INFO - [2025-03-12T14:53:44.343+0200] {dag.py:3239} INFO - Sync 1 DAGs
[2025-03-12T14:53:44.419+0200] {logging_mixin.py:190} INFO - [2025-03-12T14:53:44.419+0200] {dag.py:4180} INFO - Setting next_dagrun for example_short_circuit_operator to None, run_after=None
[2025-03-12T14:53:44.516+0200] {processor.py:208} INFO - Processing /home/munyah/.local/lib/python3.10/site-packages/airflow/example_dags/example_short_circuit_operator.py took 0.465 seconds
