[2025-03-12T08:20:49.306+0200] {processor.py:186} INFO - Started process (PID=133639) to work on /home/munyah/.local/lib/python3.10/site-packages/airflow/example_dags/example_branch_day_of_week_operator.py
[2025-03-12T08:20:49.307+0200] {processor.py:914} INFO - Processing file /home/munyah/.local/lib/python3.10/site-packages/airflow/example_dags/example_branch_day_of_week_operator.py for tasks to queue
[2025-03-12T08:20:49.311+0200] {logging_mixin.py:190} INFO - [2025-03-12T08:20:49.310+0200] {dagbag.py:588} INFO - Filling up the DagBag from /home/munyah/.local/lib/python3.10/site-packages/airflow/example_dags/example_branch_day_of_week_operator.py
[2025-03-12T08:20:49.323+0200] {processor.py:925} INFO - DAG(s) 'example_weekday_branch_operator' retrieved from /home/munyah/.local/lib/python3.10/site-packages/airflow/example_dags/example_branch_day_of_week_operator.py
[2025-03-12T08:20:49.341+0200] {logging_mixin.py:190} INFO - [2025-03-12T08:20:49.341+0200] {dag.py:3239} INFO - Sync 1 DAGs
[2025-03-12T08:20:49.365+0200] {logging_mixin.py:190} INFO - [2025-03-12T08:20:49.365+0200] {dag.py:4180} INFO - Setting next_dagrun for example_weekday_branch_operator to 2025-03-11 00:00:00+00:00, run_after=2025-03-12 00:00:00+00:00
[2025-03-12T08:20:49.402+0200] {processor.py:208} INFO - Processing /home/munyah/.local/lib/python3.10/site-packages/airflow/example_dags/example_branch_day_of_week_operator.py took 0.105 seconds
[2025-03-12T14:17:59.908+0200] {processor.py:186} INFO - Started process (PID=134620) to work on /home/munyah/.local/lib/python3.10/site-packages/airflow/example_dags/example_branch_day_of_week_operator.py
[2025-03-12T14:17:59.909+0200] {processor.py:914} INFO - Processing file /home/munyah/.local/lib/python3.10/site-packages/airflow/example_dags/example_branch_day_of_week_operator.py for tasks to queue
[2025-03-12T14:17:59.911+0200] {logging_mixin.py:190} INFO - [2025-03-12T14:17:59.911+0200] {dagbag.py:588} INFO - Filling up the DagBag from /home/munyah/.local/lib/python3.10/site-packages/airflow/example_dags/example_branch_day_of_week_operator.py
[2025-03-12T14:17:59.924+0200] {processor.py:925} INFO - DAG(s) 'example_weekday_branch_operator' retrieved from /home/munyah/.local/lib/python3.10/site-packages/airflow/example_dags/example_branch_day_of_week_operator.py
[2025-03-12T14:17:59.948+0200] {logging_mixin.py:190} INFO - [2025-03-12T14:17:59.948+0200] {dag.py:3239} INFO - Sync 1 DAGs
[2025-03-12T14:17:59.973+0200] {logging_mixin.py:190} INFO - [2025-03-12T14:17:59.973+0200] {dag.py:4180} INFO - Setting next_dagrun for example_weekday_branch_operator to 2025-03-11 00:00:00+00:00, run_after=2025-03-12 00:00:00+00:00
[2025-03-12T14:17:59.994+0200] {processor.py:208} INFO - Processing /home/munyah/.local/lib/python3.10/site-packages/airflow/example_dags/example_branch_day_of_week_operator.py took 0.094 seconds
[2025-03-12T14:19:00.876+0200] {processor.py:186} INFO - Started process (PID=134884) to work on /home/munyah/.local/lib/python3.10/site-packages/airflow/example_dags/example_branch_day_of_week_operator.py
[2025-03-12T14:19:00.877+0200] {processor.py:914} INFO - Processing file /home/munyah/.local/lib/python3.10/site-packages/airflow/example_dags/example_branch_day_of_week_operator.py for tasks to queue
[2025-03-12T14:19:00.881+0200] {logging_mixin.py:190} INFO - [2025-03-12T14:19:00.880+0200] {dagbag.py:588} INFO - Filling up the DagBag from /home/munyah/.local/lib/python3.10/site-packages/airflow/example_dags/example_branch_day_of_week_operator.py
[2025-03-12T14:19:00.894+0200] {processor.py:925} INFO - DAG(s) 'example_weekday_branch_operator' retrieved from /home/munyah/.local/lib/python3.10/site-packages/airflow/example_dags/example_branch_day_of_week_operator.py
[2025-03-12T14:19:00.914+0200] {logging_mixin.py:190} INFO - [2025-03-12T14:19:00.914+0200] {dag.py:3239} INFO - Sync 1 DAGs
[2025-03-12T14:19:00.938+0200] {logging_mixin.py:190} INFO - [2025-03-12T14:19:00.938+0200] {dag.py:4180} INFO - Setting next_dagrun for example_weekday_branch_operator to 2025-03-11 00:00:00+00:00, run_after=2025-03-12 00:00:00+00:00
[2025-03-12T14:19:00.960+0200] {processor.py:208} INFO - Processing /home/munyah/.local/lib/python3.10/site-packages/airflow/example_dags/example_branch_day_of_week_operator.py took 0.092 seconds
[2025-03-12T14:19:58.013+0200] {processor.py:186} INFO - Started process (PID=135044) to work on /home/munyah/.local/lib/python3.10/site-packages/airflow/example_dags/example_branch_day_of_week_operator.py
[2025-03-12T14:19:58.014+0200] {processor.py:914} INFO - Processing file /home/munyah/.local/lib/python3.10/site-packages/airflow/example_dags/example_branch_day_of_week_operator.py for tasks to queue
[2025-03-12T14:19:58.017+0200] {logging_mixin.py:190} INFO - [2025-03-12T14:19:58.016+0200] {dagbag.py:588} INFO - Filling up the DagBag from /home/munyah/.local/lib/python3.10/site-packages/airflow/example_dags/example_branch_day_of_week_operator.py
[2025-03-12T14:19:58.030+0200] {processor.py:925} INFO - DAG(s) 'example_weekday_branch_operator' retrieved from /home/munyah/.local/lib/python3.10/site-packages/airflow/example_dags/example_branch_day_of_week_operator.py
[2025-03-12T14:19:58.050+0200] {logging_mixin.py:190} INFO - [2025-03-12T14:19:58.049+0200] {dag.py:3239} INFO - Sync 1 DAGs
[2025-03-12T14:19:58.074+0200] {logging_mixin.py:190} INFO - [2025-03-12T14:19:58.074+0200] {dag.py:4180} INFO - Setting next_dagrun for example_weekday_branch_operator to 2025-03-11 00:00:00+00:00, run_after=2025-03-12 00:00:00+00:00
[2025-03-12T14:19:58.094+0200] {processor.py:208} INFO - Processing /home/munyah/.local/lib/python3.10/site-packages/airflow/example_dags/example_branch_day_of_week_operator.py took 0.088 seconds
[2025-03-12T14:20:56.045+0200] {processor.py:186} INFO - Started process (PID=135222) to work on /home/munyah/.local/lib/python3.10/site-packages/airflow/example_dags/example_branch_day_of_week_operator.py
[2025-03-12T14:20:56.046+0200] {processor.py:914} INFO - Processing file /home/munyah/.local/lib/python3.10/site-packages/airflow/example_dags/example_branch_day_of_week_operator.py for tasks to queue
[2025-03-12T14:20:56.048+0200] {logging_mixin.py:190} INFO - [2025-03-12T14:20:56.048+0200] {dagbag.py:588} INFO - Filling up the DagBag from /home/munyah/.local/lib/python3.10/site-packages/airflow/example_dags/example_branch_day_of_week_operator.py
[2025-03-12T14:20:56.061+0200] {processor.py:925} INFO - DAG(s) 'example_weekday_branch_operator' retrieved from /home/munyah/.local/lib/python3.10/site-packages/airflow/example_dags/example_branch_day_of_week_operator.py
[2025-03-12T14:20:56.080+0200] {logging_mixin.py:190} INFO - [2025-03-12T14:20:56.079+0200] {dag.py:3239} INFO - Sync 1 DAGs
[2025-03-12T14:20:56.104+0200] {logging_mixin.py:190} INFO - [2025-03-12T14:20:56.104+0200] {dag.py:4180} INFO - Setting next_dagrun for example_weekday_branch_operator to 2025-03-11 00:00:00+00:00, run_after=2025-03-12 00:00:00+00:00
[2025-03-12T14:20:56.127+0200] {processor.py:208} INFO - Processing /home/munyah/.local/lib/python3.10/site-packages/airflow/example_dags/example_branch_day_of_week_operator.py took 0.090 seconds
[2025-03-12T14:22:21.863+0200] {processor.py:186} INFO - Started process (PID=135551) to work on /home/munyah/.local/lib/python3.10/site-packages/airflow/example_dags/example_branch_day_of_week_operator.py
[2025-03-12T14:22:21.865+0200] {processor.py:914} INFO - Processing file /home/munyah/.local/lib/python3.10/site-packages/airflow/example_dags/example_branch_day_of_week_operator.py for tasks to queue
[2025-03-12T14:22:21.869+0200] {logging_mixin.py:190} INFO - [2025-03-12T14:22:21.868+0200] {dagbag.py:588} INFO - Filling up the DagBag from /home/munyah/.local/lib/python3.10/site-packages/airflow/example_dags/example_branch_day_of_week_operator.py
[2025-03-12T14:22:21.886+0200] {processor.py:925} INFO - DAG(s) 'example_weekday_branch_operator' retrieved from /home/munyah/.local/lib/python3.10/site-packages/airflow/example_dags/example_branch_day_of_week_operator.py
[2025-03-12T14:22:21.905+0200] {logging_mixin.py:190} INFO - [2025-03-12T14:22:21.905+0200] {dag.py:3239} INFO - Sync 1 DAGs
[2025-03-12T14:22:21.931+0200] {logging_mixin.py:190} INFO - [2025-03-12T14:22:21.931+0200] {dag.py:4180} INFO - Setting next_dagrun for example_weekday_branch_operator to 2025-03-11 00:00:00+00:00, run_after=2025-03-12 00:00:00+00:00
[2025-03-12T14:22:21.955+0200] {processor.py:208} INFO - Processing /home/munyah/.local/lib/python3.10/site-packages/airflow/example_dags/example_branch_day_of_week_operator.py took 0.105 seconds
[2025-03-12T14:23:26.347+0200] {processor.py:186} INFO - Started process (PID=136477) to work on /home/munyah/.local/lib/python3.10/site-packages/airflow/example_dags/example_branch_day_of_week_operator.py
[2025-03-12T14:23:26.348+0200] {processor.py:914} INFO - Processing file /home/munyah/.local/lib/python3.10/site-packages/airflow/example_dags/example_branch_day_of_week_operator.py for tasks to queue
[2025-03-12T14:23:26.351+0200] {logging_mixin.py:190} INFO - [2025-03-12T14:23:26.351+0200] {dagbag.py:588} INFO - Filling up the DagBag from /home/munyah/.local/lib/python3.10/site-packages/airflow/example_dags/example_branch_day_of_week_operator.py
[2025-03-12T14:23:26.364+0200] {processor.py:925} INFO - DAG(s) 'example_weekday_branch_operator' retrieved from /home/munyah/.local/lib/python3.10/site-packages/airflow/example_dags/example_branch_day_of_week_operator.py
[2025-03-12T14:23:26.384+0200] {logging_mixin.py:190} INFO - [2025-03-12T14:23:26.384+0200] {dag.py:3239} INFO - Sync 1 DAGs
[2025-03-12T14:23:26.410+0200] {logging_mixin.py:190} INFO - [2025-03-12T14:23:26.410+0200] {dag.py:4180} INFO - Setting next_dagrun for example_weekday_branch_operator to 2025-03-11 00:00:00+00:00, run_after=2025-03-12 00:00:00+00:00
[2025-03-12T14:23:26.444+0200] {processor.py:208} INFO - Processing /home/munyah/.local/lib/python3.10/site-packages/airflow/example_dags/example_branch_day_of_week_operator.py took 0.106 seconds
[2025-03-12T14:24:35.618+0200] {processor.py:186} INFO - Started process (PID=136745) to work on /home/munyah/.local/lib/python3.10/site-packages/airflow/example_dags/example_branch_day_of_week_operator.py
[2025-03-12T14:24:35.619+0200] {processor.py:914} INFO - Processing file /home/munyah/.local/lib/python3.10/site-packages/airflow/example_dags/example_branch_day_of_week_operator.py for tasks to queue
[2025-03-12T14:24:35.622+0200] {logging_mixin.py:190} INFO - [2025-03-12T14:24:35.622+0200] {dagbag.py:588} INFO - Filling up the DagBag from /home/munyah/.local/lib/python3.10/site-packages/airflow/example_dags/example_branch_day_of_week_operator.py
[2025-03-12T14:24:35.635+0200] {processor.py:925} INFO - DAG(s) 'example_weekday_branch_operator' retrieved from /home/munyah/.local/lib/python3.10/site-packages/airflow/example_dags/example_branch_day_of_week_operator.py
[2025-03-12T14:24:35.653+0200] {logging_mixin.py:190} INFO - [2025-03-12T14:24:35.653+0200] {dag.py:3239} INFO - Sync 1 DAGs
[2025-03-12T14:24:35.678+0200] {logging_mixin.py:190} INFO - [2025-03-12T14:24:35.677+0200] {dag.py:4180} INFO - Setting next_dagrun for example_weekday_branch_operator to 2025-03-11 00:00:00+00:00, run_after=2025-03-12 00:00:00+00:00
[2025-03-12T14:24:35.702+0200] {processor.py:208} INFO - Processing /home/munyah/.local/lib/python3.10/site-packages/airflow/example_dags/example_branch_day_of_week_operator.py took 0.091 seconds
[2025-03-12T14:26:01.478+0200] {processor.py:186} INFO - Started process (PID=137036) to work on /home/munyah/.local/lib/python3.10/site-packages/airflow/example_dags/example_branch_day_of_week_operator.py
[2025-03-12T14:26:01.480+0200] {processor.py:914} INFO - Processing file /home/munyah/.local/lib/python3.10/site-packages/airflow/example_dags/example_branch_day_of_week_operator.py for tasks to queue
[2025-03-12T14:26:01.482+0200] {logging_mixin.py:190} INFO - [2025-03-12T14:26:01.482+0200] {dagbag.py:588} INFO - Filling up the DagBag from /home/munyah/.local/lib/python3.10/site-packages/airflow/example_dags/example_branch_day_of_week_operator.py
[2025-03-12T14:26:01.499+0200] {processor.py:925} INFO - DAG(s) 'example_weekday_branch_operator' retrieved from /home/munyah/.local/lib/python3.10/site-packages/airflow/example_dags/example_branch_day_of_week_operator.py
[2025-03-12T14:26:01.527+0200] {logging_mixin.py:190} INFO - [2025-03-12T14:26:01.526+0200] {dag.py:3239} INFO - Sync 1 DAGs
[2025-03-12T14:26:01.561+0200] {logging_mixin.py:190} INFO - [2025-03-12T14:26:01.561+0200] {dag.py:4180} INFO - Setting next_dagrun for example_weekday_branch_operator to 2025-03-11 00:00:00+00:00, run_after=2025-03-12 00:00:00+00:00
[2025-03-12T14:26:01.593+0200] {processor.py:208} INFO - Processing /home/munyah/.local/lib/python3.10/site-packages/airflow/example_dags/example_branch_day_of_week_operator.py took 0.126 seconds
[2025-03-12T14:27:02.655+0200] {processor.py:186} INFO - Started process (PID=137228) to work on /home/munyah/.local/lib/python3.10/site-packages/airflow/example_dags/example_branch_day_of_week_operator.py
[2025-03-12T14:27:02.656+0200] {processor.py:914} INFO - Processing file /home/munyah/.local/lib/python3.10/site-packages/airflow/example_dags/example_branch_day_of_week_operator.py for tasks to queue
[2025-03-12T14:27:02.658+0200] {logging_mixin.py:190} INFO - [2025-03-12T14:27:02.658+0200] {dagbag.py:588} INFO - Filling up the DagBag from /home/munyah/.local/lib/python3.10/site-packages/airflow/example_dags/example_branch_day_of_week_operator.py
[2025-03-12T14:27:02.670+0200] {processor.py:925} INFO - DAG(s) 'example_weekday_branch_operator' retrieved from /home/munyah/.local/lib/python3.10/site-packages/airflow/example_dags/example_branch_day_of_week_operator.py
[2025-03-12T14:27:02.691+0200] {logging_mixin.py:190} INFO - [2025-03-12T14:27:02.691+0200] {dag.py:3239} INFO - Sync 1 DAGs
[2025-03-12T14:27:02.717+0200] {logging_mixin.py:190} INFO - [2025-03-12T14:27:02.716+0200] {dag.py:4180} INFO - Setting next_dagrun for example_weekday_branch_operator to 2025-03-11 00:00:00+00:00, run_after=2025-03-12 00:00:00+00:00
[2025-03-12T14:27:02.739+0200] {processor.py:208} INFO - Processing /home/munyah/.local/lib/python3.10/site-packages/airflow/example_dags/example_branch_day_of_week_operator.py took 0.092 seconds
[2025-03-12T14:28:07.053+0200] {processor.py:186} INFO - Started process (PID=137427) to work on /home/munyah/.local/lib/python3.10/site-packages/airflow/example_dags/example_branch_day_of_week_operator.py
[2025-03-12T14:28:07.054+0200] {processor.py:914} INFO - Processing file /home/munyah/.local/lib/python3.10/site-packages/airflow/example_dags/example_branch_day_of_week_operator.py for tasks to queue
[2025-03-12T14:28:07.057+0200] {logging_mixin.py:190} INFO - [2025-03-12T14:28:07.057+0200] {dagbag.py:588} INFO - Filling up the DagBag from /home/munyah/.local/lib/python3.10/site-packages/airflow/example_dags/example_branch_day_of_week_operator.py
[2025-03-12T14:28:07.069+0200] {processor.py:925} INFO - DAG(s) 'example_weekday_branch_operator' retrieved from /home/munyah/.local/lib/python3.10/site-packages/airflow/example_dags/example_branch_day_of_week_operator.py
[2025-03-12T14:28:07.088+0200] {logging_mixin.py:190} INFO - [2025-03-12T14:28:07.088+0200] {dag.py:3239} INFO - Sync 1 DAGs
[2025-03-12T14:28:07.113+0200] {logging_mixin.py:190} INFO - [2025-03-12T14:28:07.113+0200] {dag.py:4180} INFO - Setting next_dagrun for example_weekday_branch_operator to 2025-03-11 00:00:00+00:00, run_after=2025-03-12 00:00:00+00:00
[2025-03-12T14:28:07.138+0200] {processor.py:208} INFO - Processing /home/munyah/.local/lib/python3.10/site-packages/airflow/example_dags/example_branch_day_of_week_operator.py took 0.094 seconds
[2025-03-12T14:29:07.272+0200] {processor.py:186} INFO - Started process (PID=137711) to work on /home/munyah/.local/lib/python3.10/site-packages/airflow/example_dags/example_branch_day_of_week_operator.py
[2025-03-12T14:29:07.273+0200] {processor.py:914} INFO - Processing file /home/munyah/.local/lib/python3.10/site-packages/airflow/example_dags/example_branch_day_of_week_operator.py for tasks to queue
[2025-03-12T14:29:07.276+0200] {logging_mixin.py:190} INFO - [2025-03-12T14:29:07.276+0200] {dagbag.py:588} INFO - Filling up the DagBag from /home/munyah/.local/lib/python3.10/site-packages/airflow/example_dags/example_branch_day_of_week_operator.py
[2025-03-12T14:29:07.290+0200] {processor.py:925} INFO - DAG(s) 'example_weekday_branch_operator' retrieved from /home/munyah/.local/lib/python3.10/site-packages/airflow/example_dags/example_branch_day_of_week_operator.py
[2025-03-12T14:29:07.310+0200] {logging_mixin.py:190} INFO - [2025-03-12T14:29:07.310+0200] {dag.py:3239} INFO - Sync 1 DAGs
[2025-03-12T14:29:07.336+0200] {logging_mixin.py:190} INFO - [2025-03-12T14:29:07.336+0200] {dag.py:4180} INFO - Setting next_dagrun for example_weekday_branch_operator to 2025-03-11 00:00:00+00:00, run_after=2025-03-12 00:00:00+00:00
[2025-03-12T14:29:07.357+0200] {processor.py:208} INFO - Processing /home/munyah/.local/lib/python3.10/site-packages/airflow/example_dags/example_branch_day_of_week_operator.py took 0.096 seconds
[2025-03-12T14:30:35.498+0200] {processor.py:186} INFO - Started process (PID=138772) to work on /home/munyah/.local/lib/python3.10/site-packages/airflow/example_dags/example_branch_day_of_week_operator.py
[2025-03-12T14:30:35.499+0200] {processor.py:914} INFO - Processing file /home/munyah/.local/lib/python3.10/site-packages/airflow/example_dags/example_branch_day_of_week_operator.py for tasks to queue
[2025-03-12T14:30:35.501+0200] {logging_mixin.py:190} INFO - [2025-03-12T14:30:35.501+0200] {dagbag.py:588} INFO - Filling up the DagBag from /home/munyah/.local/lib/python3.10/site-packages/airflow/example_dags/example_branch_day_of_week_operator.py
[2025-03-12T14:30:35.514+0200] {processor.py:925} INFO - DAG(s) 'example_weekday_branch_operator' retrieved from /home/munyah/.local/lib/python3.10/site-packages/airflow/example_dags/example_branch_day_of_week_operator.py
[2025-03-12T14:30:35.534+0200] {logging_mixin.py:190} INFO - [2025-03-12T14:30:35.533+0200] {dag.py:3239} INFO - Sync 1 DAGs
[2025-03-12T14:30:35.560+0200] {logging_mixin.py:190} INFO - [2025-03-12T14:30:35.559+0200] {dag.py:4180} INFO - Setting next_dagrun for example_weekday_branch_operator to 2025-03-11 00:00:00+00:00, run_after=2025-03-12 00:00:00+00:00
[2025-03-12T14:30:35.581+0200] {processor.py:208} INFO - Processing /home/munyah/.local/lib/python3.10/site-packages/airflow/example_dags/example_branch_day_of_week_operator.py took 0.091 seconds
[2025-03-12T14:31:38.701+0200] {processor.py:186} INFO - Started process (PID=138977) to work on /home/munyah/.local/lib/python3.10/site-packages/airflow/example_dags/example_branch_day_of_week_operator.py
[2025-03-12T14:31:38.703+0200] {processor.py:914} INFO - Processing file /home/munyah/.local/lib/python3.10/site-packages/airflow/example_dags/example_branch_day_of_week_operator.py for tasks to queue
[2025-03-12T14:31:38.705+0200] {logging_mixin.py:190} INFO - [2025-03-12T14:31:38.705+0200] {dagbag.py:588} INFO - Filling up the DagBag from /home/munyah/.local/lib/python3.10/site-packages/airflow/example_dags/example_branch_day_of_week_operator.py
[2025-03-12T14:31:38.718+0200] {processor.py:925} INFO - DAG(s) 'example_weekday_branch_operator' retrieved from /home/munyah/.local/lib/python3.10/site-packages/airflow/example_dags/example_branch_day_of_week_operator.py
[2025-03-12T14:31:38.738+0200] {logging_mixin.py:190} INFO - [2025-03-12T14:31:38.737+0200] {dag.py:3239} INFO - Sync 1 DAGs
[2025-03-12T14:31:38.763+0200] {logging_mixin.py:190} INFO - [2025-03-12T14:31:38.763+0200] {dag.py:4180} INFO - Setting next_dagrun for example_weekday_branch_operator to 2025-03-11 00:00:00+00:00, run_after=2025-03-12 00:00:00+00:00
[2025-03-12T14:31:38.786+0200] {processor.py:208} INFO - Processing /home/munyah/.local/lib/python3.10/site-packages/airflow/example_dags/example_branch_day_of_week_operator.py took 0.094 seconds
[2025-03-12T14:32:42.763+0200] {processor.py:186} INFO - Started process (PID=139631) to work on /home/munyah/.local/lib/python3.10/site-packages/airflow/example_dags/example_branch_day_of_week_operator.py
[2025-03-12T14:32:42.764+0200] {processor.py:914} INFO - Processing file /home/munyah/.local/lib/python3.10/site-packages/airflow/example_dags/example_branch_day_of_week_operator.py for tasks to queue
[2025-03-12T14:32:42.767+0200] {logging_mixin.py:190} INFO - [2025-03-12T14:32:42.766+0200] {dagbag.py:588} INFO - Filling up the DagBag from /home/munyah/.local/lib/python3.10/site-packages/airflow/example_dags/example_branch_day_of_week_operator.py
[2025-03-12T14:32:42.780+0200] {processor.py:925} INFO - DAG(s) 'example_weekday_branch_operator' retrieved from /home/munyah/.local/lib/python3.10/site-packages/airflow/example_dags/example_branch_day_of_week_operator.py
[2025-03-12T14:32:42.798+0200] {logging_mixin.py:190} INFO - [2025-03-12T14:32:42.798+0200] {dag.py:3239} INFO - Sync 1 DAGs
[2025-03-12T14:32:42.823+0200] {logging_mixin.py:190} INFO - [2025-03-12T14:32:42.823+0200] {dag.py:4180} INFO - Setting next_dagrun for example_weekday_branch_operator to 2025-03-11 00:00:00+00:00, run_after=2025-03-12 00:00:00+00:00
[2025-03-12T14:32:42.844+0200] {processor.py:208} INFO - Processing /home/munyah/.local/lib/python3.10/site-packages/airflow/example_dags/example_branch_day_of_week_operator.py took 0.089 seconds
[2025-03-12T14:33:45.960+0200] {processor.py:186} INFO - Started process (PID=139937) to work on /home/munyah/.local/lib/python3.10/site-packages/airflow/example_dags/example_branch_day_of_week_operator.py
[2025-03-12T14:33:45.961+0200] {processor.py:914} INFO - Processing file /home/munyah/.local/lib/python3.10/site-packages/airflow/example_dags/example_branch_day_of_week_operator.py for tasks to queue
[2025-03-12T14:33:45.964+0200] {logging_mixin.py:190} INFO - [2025-03-12T14:33:45.964+0200] {dagbag.py:588} INFO - Filling up the DagBag from /home/munyah/.local/lib/python3.10/site-packages/airflow/example_dags/example_branch_day_of_week_operator.py
[2025-03-12T14:33:45.976+0200] {processor.py:925} INFO - DAG(s) 'example_weekday_branch_operator' retrieved from /home/munyah/.local/lib/python3.10/site-packages/airflow/example_dags/example_branch_day_of_week_operator.py
[2025-03-12T14:33:45.995+0200] {logging_mixin.py:190} INFO - [2025-03-12T14:33:45.995+0200] {dag.py:3239} INFO - Sync 1 DAGs
[2025-03-12T14:33:46.022+0200] {logging_mixin.py:190} INFO - [2025-03-12T14:33:46.022+0200] {dag.py:4180} INFO - Setting next_dagrun for example_weekday_branch_operator to 2025-03-11 00:00:00+00:00, run_after=2025-03-12 00:00:00+00:00
[2025-03-12T14:33:46.043+0200] {processor.py:208} INFO - Processing /home/munyah/.local/lib/python3.10/site-packages/airflow/example_dags/example_branch_day_of_week_operator.py took 0.091 seconds
[2025-03-12T14:34:51.044+0200] {processor.py:186} INFO - Started process (PID=140145) to work on /home/munyah/.local/lib/python3.10/site-packages/airflow/example_dags/example_branch_day_of_week_operator.py
[2025-03-12T14:34:51.045+0200] {processor.py:914} INFO - Processing file /home/munyah/.local/lib/python3.10/site-packages/airflow/example_dags/example_branch_day_of_week_operator.py for tasks to queue
[2025-03-12T14:34:51.048+0200] {logging_mixin.py:190} INFO - [2025-03-12T14:34:51.047+0200] {dagbag.py:588} INFO - Filling up the DagBag from /home/munyah/.local/lib/python3.10/site-packages/airflow/example_dags/example_branch_day_of_week_operator.py
[2025-03-12T14:34:51.060+0200] {processor.py:925} INFO - DAG(s) 'example_weekday_branch_operator' retrieved from /home/munyah/.local/lib/python3.10/site-packages/airflow/example_dags/example_branch_day_of_week_operator.py
[2025-03-12T14:34:51.080+0200] {logging_mixin.py:190} INFO - [2025-03-12T14:34:51.080+0200] {dag.py:3239} INFO - Sync 1 DAGs
[2025-03-12T14:34:51.104+0200] {logging_mixin.py:190} INFO - [2025-03-12T14:34:51.104+0200] {dag.py:4180} INFO - Setting next_dagrun for example_weekday_branch_operator to 2025-03-11 00:00:00+00:00, run_after=2025-03-12 00:00:00+00:00
[2025-03-12T14:34:51.128+0200] {processor.py:208} INFO - Processing /home/munyah/.local/lib/python3.10/site-packages/airflow/example_dags/example_branch_day_of_week_operator.py took 0.092 seconds
[2025-03-12T14:35:54.444+0200] {processor.py:186} INFO - Started process (PID=140338) to work on /home/munyah/.local/lib/python3.10/site-packages/airflow/example_dags/example_branch_day_of_week_operator.py
[2025-03-12T14:35:54.445+0200] {processor.py:914} INFO - Processing file /home/munyah/.local/lib/python3.10/site-packages/airflow/example_dags/example_branch_day_of_week_operator.py for tasks to queue
[2025-03-12T14:35:54.448+0200] {logging_mixin.py:190} INFO - [2025-03-12T14:35:54.447+0200] {dagbag.py:588} INFO - Filling up the DagBag from /home/munyah/.local/lib/python3.10/site-packages/airflow/example_dags/example_branch_day_of_week_operator.py
[2025-03-12T14:35:54.461+0200] {processor.py:925} INFO - DAG(s) 'example_weekday_branch_operator' retrieved from /home/munyah/.local/lib/python3.10/site-packages/airflow/example_dags/example_branch_day_of_week_operator.py
[2025-03-12T14:35:54.480+0200] {logging_mixin.py:190} INFO - [2025-03-12T14:35:54.480+0200] {dag.py:3239} INFO - Sync 1 DAGs
[2025-03-12T14:35:54.505+0200] {logging_mixin.py:190} INFO - [2025-03-12T14:35:54.505+0200] {dag.py:4180} INFO - Setting next_dagrun for example_weekday_branch_operator to 2025-03-11 00:00:00+00:00, run_after=2025-03-12 00:00:00+00:00
[2025-03-12T14:35:54.528+0200] {processor.py:208} INFO - Processing /home/munyah/.local/lib/python3.10/site-packages/airflow/example_dags/example_branch_day_of_week_operator.py took 0.093 seconds
[2025-03-12T14:37:00.600+0200] {processor.py:186} INFO - Started process (PID=140519) to work on /home/munyah/.local/lib/python3.10/site-packages/airflow/example_dags/example_branch_day_of_week_operator.py
[2025-03-12T14:37:00.602+0200] {processor.py:914} INFO - Processing file /home/munyah/.local/lib/python3.10/site-packages/airflow/example_dags/example_branch_day_of_week_operator.py for tasks to queue
[2025-03-12T14:37:00.605+0200] {logging_mixin.py:190} INFO - [2025-03-12T14:37:00.605+0200] {dagbag.py:588} INFO - Filling up the DagBag from /home/munyah/.local/lib/python3.10/site-packages/airflow/example_dags/example_branch_day_of_week_operator.py
[2025-03-12T14:37:00.622+0200] {processor.py:925} INFO - DAG(s) 'example_weekday_branch_operator' retrieved from /home/munyah/.local/lib/python3.10/site-packages/airflow/example_dags/example_branch_day_of_week_operator.py
[2025-03-12T14:37:00.641+0200] {logging_mixin.py:190} INFO - [2025-03-12T14:37:00.641+0200] {dag.py:3239} INFO - Sync 1 DAGs
[2025-03-12T14:37:00.664+0200] {logging_mixin.py:190} INFO - [2025-03-12T14:37:00.664+0200] {dag.py:4180} INFO - Setting next_dagrun for example_weekday_branch_operator to 2025-03-11 00:00:00+00:00, run_after=2025-03-12 00:00:00+00:00
[2025-03-12T14:37:00.685+0200] {processor.py:208} INFO - Processing /home/munyah/.local/lib/python3.10/site-packages/airflow/example_dags/example_branch_day_of_week_operator.py took 0.096 seconds
[2025-03-12T14:38:03.440+0200] {processor.py:186} INFO - Started process (PID=140654) to work on /home/munyah/.local/lib/python3.10/site-packages/airflow/example_dags/example_branch_day_of_week_operator.py
[2025-03-12T14:38:03.441+0200] {processor.py:914} INFO - Processing file /home/munyah/.local/lib/python3.10/site-packages/airflow/example_dags/example_branch_day_of_week_operator.py for tasks to queue
[2025-03-12T14:38:03.444+0200] {logging_mixin.py:190} INFO - [2025-03-12T14:38:03.444+0200] {dagbag.py:588} INFO - Filling up the DagBag from /home/munyah/.local/lib/python3.10/site-packages/airflow/example_dags/example_branch_day_of_week_operator.py
[2025-03-12T14:38:03.458+0200] {processor.py:925} INFO - DAG(s) 'example_weekday_branch_operator' retrieved from /home/munyah/.local/lib/python3.10/site-packages/airflow/example_dags/example_branch_day_of_week_operator.py
[2025-03-12T14:38:03.477+0200] {logging_mixin.py:190} INFO - [2025-03-12T14:38:03.476+0200] {dag.py:3239} INFO - Sync 1 DAGs
[2025-03-12T14:38:03.500+0200] {logging_mixin.py:190} INFO - [2025-03-12T14:38:03.500+0200] {dag.py:4180} INFO - Setting next_dagrun for example_weekday_branch_operator to 2025-03-11 00:00:00+00:00, run_after=2025-03-12 00:00:00+00:00
[2025-03-12T14:38:03.522+0200] {processor.py:208} INFO - Processing /home/munyah/.local/lib/python3.10/site-packages/airflow/example_dags/example_branch_day_of_week_operator.py took 0.091 seconds
[2025-03-12T14:39:09.368+0200] {processor.py:186} INFO - Started process (PID=140734) to work on /home/munyah/.local/lib/python3.10/site-packages/airflow/example_dags/example_branch_day_of_week_operator.py
[2025-03-12T14:39:09.370+0200] {processor.py:914} INFO - Processing file /home/munyah/.local/lib/python3.10/site-packages/airflow/example_dags/example_branch_day_of_week_operator.py for tasks to queue
[2025-03-12T14:39:09.373+0200] {logging_mixin.py:190} INFO - [2025-03-12T14:39:09.372+0200] {dagbag.py:588} INFO - Filling up the DagBag from /home/munyah/.local/lib/python3.10/site-packages/airflow/example_dags/example_branch_day_of_week_operator.py
[2025-03-12T14:39:09.387+0200] {processor.py:925} INFO - DAG(s) 'example_weekday_branch_operator' retrieved from /home/munyah/.local/lib/python3.10/site-packages/airflow/example_dags/example_branch_day_of_week_operator.py
[2025-03-12T14:39:09.405+0200] {logging_mixin.py:190} INFO - [2025-03-12T14:39:09.405+0200] {dag.py:3239} INFO - Sync 1 DAGs
[2025-03-12T14:39:09.428+0200] {logging_mixin.py:190} INFO - [2025-03-12T14:39:09.428+0200] {dag.py:4180} INFO - Setting next_dagrun for example_weekday_branch_operator to 2025-03-11 00:00:00+00:00, run_after=2025-03-12 00:00:00+00:00
[2025-03-12T14:39:09.450+0200] {processor.py:208} INFO - Processing /home/munyah/.local/lib/python3.10/site-packages/airflow/example_dags/example_branch_day_of_week_operator.py took 0.093 seconds
[2025-03-12T14:40:16.024+0200] {processor.py:186} INFO - Started process (PID=140846) to work on /home/munyah/.local/lib/python3.10/site-packages/airflow/example_dags/example_branch_day_of_week_operator.py
[2025-03-12T14:40:16.026+0200] {processor.py:914} INFO - Processing file /home/munyah/.local/lib/python3.10/site-packages/airflow/example_dags/example_branch_day_of_week_operator.py for tasks to queue
[2025-03-12T14:40:16.029+0200] {logging_mixin.py:190} INFO - [2025-03-12T14:40:16.028+0200] {dagbag.py:588} INFO - Filling up the DagBag from /home/munyah/.local/lib/python3.10/site-packages/airflow/example_dags/example_branch_day_of_week_operator.py
[2025-03-12T14:40:16.042+0200] {processor.py:925} INFO - DAG(s) 'example_weekday_branch_operator' retrieved from /home/munyah/.local/lib/python3.10/site-packages/airflow/example_dags/example_branch_day_of_week_operator.py
[2025-03-12T14:40:16.060+0200] {logging_mixin.py:190} INFO - [2025-03-12T14:40:16.059+0200] {dag.py:3239} INFO - Sync 1 DAGs
[2025-03-12T14:40:16.083+0200] {logging_mixin.py:190} INFO - [2025-03-12T14:40:16.083+0200] {dag.py:4180} INFO - Setting next_dagrun for example_weekday_branch_operator to 2025-03-11 00:00:00+00:00, run_after=2025-03-12 00:00:00+00:00
[2025-03-12T14:40:16.113+0200] {processor.py:208} INFO - Processing /home/munyah/.local/lib/python3.10/site-packages/airflow/example_dags/example_branch_day_of_week_operator.py took 0.099 seconds
[2025-03-12T14:41:19.615+0200] {processor.py:186} INFO - Started process (PID=141154) to work on /home/munyah/.local/lib/python3.10/site-packages/airflow/example_dags/example_branch_day_of_week_operator.py
[2025-03-12T14:41:19.616+0200] {processor.py:914} INFO - Processing file /home/munyah/.local/lib/python3.10/site-packages/airflow/example_dags/example_branch_day_of_week_operator.py for tasks to queue
[2025-03-12T14:41:19.618+0200] {logging_mixin.py:190} INFO - [2025-03-12T14:41:19.618+0200] {dagbag.py:588} INFO - Filling up the DagBag from /home/munyah/.local/lib/python3.10/site-packages/airflow/example_dags/example_branch_day_of_week_operator.py
[2025-03-12T14:41:19.631+0200] {processor.py:925} INFO - DAG(s) 'example_weekday_branch_operator' retrieved from /home/munyah/.local/lib/python3.10/site-packages/airflow/example_dags/example_branch_day_of_week_operator.py
[2025-03-12T14:41:19.650+0200] {logging_mixin.py:190} INFO - [2025-03-12T14:41:19.650+0200] {dag.py:3239} INFO - Sync 1 DAGs
[2025-03-12T14:41:19.676+0200] {logging_mixin.py:190} INFO - [2025-03-12T14:41:19.676+0200] {dag.py:4180} INFO - Setting next_dagrun for example_weekday_branch_operator to 2025-03-11 00:00:00+00:00, run_after=2025-03-12 00:00:00+00:00
[2025-03-12T14:41:19.698+0200] {processor.py:208} INFO - Processing /home/munyah/.local/lib/python3.10/site-packages/airflow/example_dags/example_branch_day_of_week_operator.py took 0.091 seconds
[2025-03-12T14:42:19.709+0200] {processor.py:186} INFO - Started process (PID=141329) to work on /home/munyah/.local/lib/python3.10/site-packages/airflow/example_dags/example_branch_day_of_week_operator.py
[2025-03-12T14:42:19.711+0200] {processor.py:914} INFO - Processing file /home/munyah/.local/lib/python3.10/site-packages/airflow/example_dags/example_branch_day_of_week_operator.py for tasks to queue
[2025-03-12T14:42:19.713+0200] {logging_mixin.py:190} INFO - [2025-03-12T14:42:19.713+0200] {dagbag.py:588} INFO - Filling up the DagBag from /home/munyah/.local/lib/python3.10/site-packages/airflow/example_dags/example_branch_day_of_week_operator.py
[2025-03-12T14:42:19.730+0200] {processor.py:925} INFO - DAG(s) 'example_weekday_branch_operator' retrieved from /home/munyah/.local/lib/python3.10/site-packages/airflow/example_dags/example_branch_day_of_week_operator.py
[2025-03-12T14:42:19.754+0200] {logging_mixin.py:190} INFO - [2025-03-12T14:42:19.753+0200] {dag.py:3239} INFO - Sync 1 DAGs
[2025-03-12T14:42:19.780+0200] {logging_mixin.py:190} INFO - [2025-03-12T14:42:19.780+0200] {dag.py:4180} INFO - Setting next_dagrun for example_weekday_branch_operator to 2025-03-11 00:00:00+00:00, run_after=2025-03-12 00:00:00+00:00
[2025-03-12T14:42:19.802+0200] {processor.py:208} INFO - Processing /home/munyah/.local/lib/python3.10/site-packages/airflow/example_dags/example_branch_day_of_week_operator.py took 0.102 seconds
[2025-03-12T14:43:19.476+0200] {processor.py:186} INFO - Started process (PID=141520) to work on /home/munyah/.local/lib/python3.10/site-packages/airflow/example_dags/example_branch_day_of_week_operator.py
[2025-03-12T14:43:19.478+0200] {processor.py:914} INFO - Processing file /home/munyah/.local/lib/python3.10/site-packages/airflow/example_dags/example_branch_day_of_week_operator.py for tasks to queue
[2025-03-12T14:43:19.481+0200] {logging_mixin.py:190} INFO - [2025-03-12T14:43:19.481+0200] {dagbag.py:588} INFO - Filling up the DagBag from /home/munyah/.local/lib/python3.10/site-packages/airflow/example_dags/example_branch_day_of_week_operator.py
[2025-03-12T14:43:19.494+0200] {processor.py:925} INFO - DAG(s) 'example_weekday_branch_operator' retrieved from /home/munyah/.local/lib/python3.10/site-packages/airflow/example_dags/example_branch_day_of_week_operator.py
[2025-03-12T14:43:19.513+0200] {logging_mixin.py:190} INFO - [2025-03-12T14:43:19.513+0200] {dag.py:3239} INFO - Sync 1 DAGs
[2025-03-12T14:43:19.538+0200] {logging_mixin.py:190} INFO - [2025-03-12T14:43:19.538+0200] {dag.py:4180} INFO - Setting next_dagrun for example_weekday_branch_operator to 2025-03-11 00:00:00+00:00, run_after=2025-03-12 00:00:00+00:00
[2025-03-12T14:43:19.560+0200] {processor.py:208} INFO - Processing /home/munyah/.local/lib/python3.10/site-packages/airflow/example_dags/example_branch_day_of_week_operator.py took 0.095 seconds
[2025-03-12T14:44:19.460+0200] {processor.py:186} INFO - Started process (PID=141687) to work on /home/munyah/.local/lib/python3.10/site-packages/airflow/example_dags/example_branch_day_of_week_operator.py
[2025-03-12T14:44:19.461+0200] {processor.py:914} INFO - Processing file /home/munyah/.local/lib/python3.10/site-packages/airflow/example_dags/example_branch_day_of_week_operator.py for tasks to queue
[2025-03-12T14:44:19.464+0200] {logging_mixin.py:190} INFO - [2025-03-12T14:44:19.463+0200] {dagbag.py:588} INFO - Filling up the DagBag from /home/munyah/.local/lib/python3.10/site-packages/airflow/example_dags/example_branch_day_of_week_operator.py
[2025-03-12T14:44:19.476+0200] {processor.py:925} INFO - DAG(s) 'example_weekday_branch_operator' retrieved from /home/munyah/.local/lib/python3.10/site-packages/airflow/example_dags/example_branch_day_of_week_operator.py
[2025-03-12T14:44:19.495+0200] {logging_mixin.py:190} INFO - [2025-03-12T14:44:19.495+0200] {dag.py:3239} INFO - Sync 1 DAGs
[2025-03-12T14:44:19.520+0200] {logging_mixin.py:190} INFO - [2025-03-12T14:44:19.520+0200] {dag.py:4180} INFO - Setting next_dagrun for example_weekday_branch_operator to 2025-03-11 00:00:00+00:00, run_after=2025-03-12 00:00:00+00:00
[2025-03-12T14:44:19.544+0200] {processor.py:208} INFO - Processing /home/munyah/.local/lib/python3.10/site-packages/airflow/example_dags/example_branch_day_of_week_operator.py took 0.091 seconds
[2025-03-12T14:45:18.963+0200] {processor.py:186} INFO - Started process (PID=141875) to work on /home/munyah/.local/lib/python3.10/site-packages/airflow/example_dags/example_branch_day_of_week_operator.py
[2025-03-12T14:45:18.964+0200] {processor.py:914} INFO - Processing file /home/munyah/.local/lib/python3.10/site-packages/airflow/example_dags/example_branch_day_of_week_operator.py for tasks to queue
[2025-03-12T14:45:18.966+0200] {logging_mixin.py:190} INFO - [2025-03-12T14:45:18.966+0200] {dagbag.py:588} INFO - Filling up the DagBag from /home/munyah/.local/lib/python3.10/site-packages/airflow/example_dags/example_branch_day_of_week_operator.py
[2025-03-12T14:45:18.981+0200] {processor.py:925} INFO - DAG(s) 'example_weekday_branch_operator' retrieved from /home/munyah/.local/lib/python3.10/site-packages/airflow/example_dags/example_branch_day_of_week_operator.py
[2025-03-12T14:45:19.001+0200] {logging_mixin.py:190} INFO - [2025-03-12T14:45:19.000+0200] {dag.py:3239} INFO - Sync 1 DAGs
[2025-03-12T14:45:19.026+0200] {logging_mixin.py:190} INFO - [2025-03-12T14:45:19.026+0200] {dag.py:4180} INFO - Setting next_dagrun for example_weekday_branch_operator to 2025-03-11 00:00:00+00:00, run_after=2025-03-12 00:00:00+00:00
[2025-03-12T14:45:19.056+0200] {processor.py:208} INFO - Processing /home/munyah/.local/lib/python3.10/site-packages/airflow/example_dags/example_branch_day_of_week_operator.py took 0.102 seconds
[2025-03-12T14:46:17.283+0200] {processor.py:186} INFO - Started process (PID=142091) to work on /home/munyah/.local/lib/python3.10/site-packages/airflow/example_dags/example_branch_day_of_week_operator.py
[2025-03-12T14:46:17.284+0200] {processor.py:914} INFO - Processing file /home/munyah/.local/lib/python3.10/site-packages/airflow/example_dags/example_branch_day_of_week_operator.py for tasks to queue
[2025-03-12T14:46:17.287+0200] {logging_mixin.py:190} INFO - [2025-03-12T14:46:17.287+0200] {dagbag.py:588} INFO - Filling up the DagBag from /home/munyah/.local/lib/python3.10/site-packages/airflow/example_dags/example_branch_day_of_week_operator.py
[2025-03-12T14:46:17.300+0200] {processor.py:925} INFO - DAG(s) 'example_weekday_branch_operator' retrieved from /home/munyah/.local/lib/python3.10/site-packages/airflow/example_dags/example_branch_day_of_week_operator.py
[2025-03-12T14:46:17.319+0200] {logging_mixin.py:190} INFO - [2025-03-12T14:46:17.319+0200] {dag.py:3239} INFO - Sync 1 DAGs
[2025-03-12T14:46:17.347+0200] {logging_mixin.py:190} INFO - [2025-03-12T14:46:17.347+0200] {dag.py:4180} INFO - Setting next_dagrun for example_weekday_branch_operator to 2025-03-11 00:00:00+00:00, run_after=2025-03-12 00:00:00+00:00
[2025-03-12T14:46:17.371+0200] {processor.py:208} INFO - Processing /home/munyah/.local/lib/python3.10/site-packages/airflow/example_dags/example_branch_day_of_week_operator.py took 0.099 seconds
[2025-03-12T14:49:08.241+0200] {processor.py:186} INFO - Started process (PID=142669) to work on /home/munyah/.local/lib/python3.10/site-packages/airflow/example_dags/example_branch_day_of_week_operator.py
[2025-03-12T14:49:08.246+0200] {processor.py:914} INFO - Processing file /home/munyah/.local/lib/python3.10/site-packages/airflow/example_dags/example_branch_day_of_week_operator.py for tasks to queue
[2025-03-12T14:49:08.250+0200] {logging_mixin.py:190} INFO - [2025-03-12T14:49:08.249+0200] {dagbag.py:588} INFO - Filling up the DagBag from /home/munyah/.local/lib/python3.10/site-packages/airflow/example_dags/example_branch_day_of_week_operator.py
[2025-03-12T14:49:08.281+0200] {processor.py:925} INFO - DAG(s) 'example_weekday_branch_operator' retrieved from /home/munyah/.local/lib/python3.10/site-packages/airflow/example_dags/example_branch_day_of_week_operator.py
[2025-03-12T14:49:08.319+0200] {logging_mixin.py:190} INFO - [2025-03-12T14:49:08.318+0200] {dag.py:3239} INFO - Sync 1 DAGs
[2025-03-12T14:49:08.363+0200] {logging_mixin.py:190} INFO - [2025-03-12T14:49:08.363+0200] {dag.py:4180} INFO - Setting next_dagrun for example_weekday_branch_operator to 2025-03-11 00:00:00+00:00, run_after=2025-03-12 00:00:00+00:00
[2025-03-12T14:49:08.416+0200] {processor.py:208} INFO - Processing /home/munyah/.local/lib/python3.10/site-packages/airflow/example_dags/example_branch_day_of_week_operator.py took 0.190 seconds
[2025-03-12T14:50:36.020+0200] {processor.py:186} INFO - Started process (PID=142940) to work on /home/munyah/.local/lib/python3.10/site-packages/airflow/example_dags/example_branch_day_of_week_operator.py
[2025-03-12T14:50:36.022+0200] {processor.py:914} INFO - Processing file /home/munyah/.local/lib/python3.10/site-packages/airflow/example_dags/example_branch_day_of_week_operator.py for tasks to queue
[2025-03-12T14:50:36.025+0200] {logging_mixin.py:190} INFO - [2025-03-12T14:50:36.024+0200] {dagbag.py:588} INFO - Filling up the DagBag from /home/munyah/.local/lib/python3.10/site-packages/airflow/example_dags/example_branch_day_of_week_operator.py
[2025-03-12T14:50:36.037+0200] {processor.py:925} INFO - DAG(s) 'example_weekday_branch_operator' retrieved from /home/munyah/.local/lib/python3.10/site-packages/airflow/example_dags/example_branch_day_of_week_operator.py
[2025-03-12T14:50:36.056+0200] {logging_mixin.py:190} INFO - [2025-03-12T14:50:36.056+0200] {dag.py:3239} INFO - Sync 1 DAGs
[2025-03-12T14:50:36.079+0200] {logging_mixin.py:190} INFO - [2025-03-12T14:50:36.079+0200] {dag.py:4180} INFO - Setting next_dagrun for example_weekday_branch_operator to 2025-03-11 00:00:00+00:00, run_after=2025-03-12 00:00:00+00:00
[2025-03-12T14:50:36.103+0200] {processor.py:208} INFO - Processing /home/munyah/.local/lib/python3.10/site-packages/airflow/example_dags/example_branch_day_of_week_operator.py took 0.091 seconds
[2025-03-12T14:51:40.784+0200] {processor.py:186} INFO - Started process (PID=143173) to work on /home/munyah/.local/lib/python3.10/site-packages/airflow/example_dags/example_branch_day_of_week_operator.py
[2025-03-12T14:51:40.785+0200] {processor.py:914} INFO - Processing file /home/munyah/.local/lib/python3.10/site-packages/airflow/example_dags/example_branch_day_of_week_operator.py for tasks to queue
[2025-03-12T14:51:40.787+0200] {logging_mixin.py:190} INFO - [2025-03-12T14:51:40.787+0200] {dagbag.py:588} INFO - Filling up the DagBag from /home/munyah/.local/lib/python3.10/site-packages/airflow/example_dags/example_branch_day_of_week_operator.py
[2025-03-12T14:51:40.800+0200] {processor.py:925} INFO - DAG(s) 'example_weekday_branch_operator' retrieved from /home/munyah/.local/lib/python3.10/site-packages/airflow/example_dags/example_branch_day_of_week_operator.py
[2025-03-12T14:51:40.819+0200] {logging_mixin.py:190} INFO - [2025-03-12T14:51:40.819+0200] {dag.py:3239} INFO - Sync 1 DAGs
[2025-03-12T14:51:40.844+0200] {logging_mixin.py:190} INFO - [2025-03-12T14:51:40.844+0200] {dag.py:4180} INFO - Setting next_dagrun for example_weekday_branch_operator to 2025-03-11 00:00:00+00:00, run_after=2025-03-12 00:00:00+00:00
[2025-03-12T14:51:40.866+0200] {processor.py:208} INFO - Processing /home/munyah/.local/lib/python3.10/site-packages/airflow/example_dags/example_branch_day_of_week_operator.py took 0.090 seconds
[2025-03-12T14:52:51.774+0200] {processor.py:186} INFO - Started process (PID=143390) to work on /home/munyah/.local/lib/python3.10/site-packages/airflow/example_dags/example_branch_day_of_week_operator.py
[2025-03-12T14:52:51.777+0200] {processor.py:914} INFO - Processing file /home/munyah/.local/lib/python3.10/site-packages/airflow/example_dags/example_branch_day_of_week_operator.py for tasks to queue
[2025-03-12T14:52:51.781+0200] {logging_mixin.py:190} INFO - [2025-03-12T14:52:51.781+0200] {dagbag.py:588} INFO - Filling up the DagBag from /home/munyah/.local/lib/python3.10/site-packages/airflow/example_dags/example_branch_day_of_week_operator.py
[2025-03-12T14:52:51.801+0200] {processor.py:925} INFO - DAG(s) 'example_weekday_branch_operator' retrieved from /home/munyah/.local/lib/python3.10/site-packages/airflow/example_dags/example_branch_day_of_week_operator.py
[2025-03-12T14:52:51.824+0200] {logging_mixin.py:190} INFO - [2025-03-12T14:52:51.824+0200] {dag.py:3239} INFO - Sync 1 DAGs
[2025-03-12T14:52:51.855+0200] {logging_mixin.py:190} INFO - [2025-03-12T14:52:51.854+0200] {dag.py:4180} INFO - Setting next_dagrun for example_weekday_branch_operator to 2025-03-11 00:00:00+00:00, run_after=2025-03-12 00:00:00+00:00
[2025-03-12T14:52:51.879+0200] {processor.py:208} INFO - Processing /home/munyah/.local/lib/python3.10/site-packages/airflow/example_dags/example_branch_day_of_week_operator.py took 0.116 seconds
[2025-03-12T14:54:24.390+0200] {processor.py:186} INFO - Started process (PID=143665) to work on /home/munyah/.local/lib/python3.10/site-packages/airflow/example_dags/example_branch_day_of_week_operator.py
[2025-03-12T14:54:24.421+0200] {processor.py:914} INFO - Processing file /home/munyah/.local/lib/python3.10/site-packages/airflow/example_dags/example_branch_day_of_week_operator.py for tasks to queue
[2025-03-12T14:54:24.465+0200] {logging_mixin.py:190} INFO - [2025-03-12T14:54:24.424+0200] {dagbag.py:588} INFO - Filling up the DagBag from /home/munyah/.local/lib/python3.10/site-packages/airflow/example_dags/example_branch_day_of_week_operator.py
[2025-03-12T14:54:24.976+0200] {processor.py:925} INFO - DAG(s) 'example_weekday_branch_operator' retrieved from /home/munyah/.local/lib/python3.10/site-packages/airflow/example_dags/example_branch_day_of_week_operator.py
[2025-03-12T14:54:25.916+0200] {logging_mixin.py:190} INFO - [2025-03-12T14:54:25.831+0200] {dag.py:3239} INFO - Sync 1 DAGs
[2025-03-12T14:54:26.192+0200] {logging_mixin.py:190} INFO - [2025-03-12T14:54:26.170+0200] {dag.py:4180} INFO - Setting next_dagrun for example_weekday_branch_operator to 2025-03-11 00:00:00+00:00, run_after=2025-03-12 00:00:00+00:00
[2025-03-12T14:54:28.348+0200] {processor.py:208} INFO - Processing /home/munyah/.local/lib/python3.10/site-packages/airflow/example_dags/example_branch_day_of_week_operator.py took 3.998 seconds
