[2025-03-12T08:20:38.788+0200] {processor.py:186} INFO - Started process (PID=133484) to work on /home/munyah/.local/lib/python3.10/site-packages/airflow/example_dags/example_complex.py
[2025-03-12T08:20:38.794+0200] {processor.py:914} INFO - Processing file /home/munyah/.local/lib/python3.10/site-packages/airflow/example_dags/example_complex.py for tasks to queue
[2025-03-12T08:20:38.800+0200] {logging_mixin.py:190} INFO - [2025-03-12T08:20:38.799+0200] {dagbag.py:588} INFO - Filling up the DagBag from /home/munyah/.local/lib/python3.10/site-packages/airflow/example_dags/example_complex.py
[2025-03-12T08:20:38.836+0200] {processor.py:925} INFO - DAG(s) 'example_complex' retrieved from /home/munyah/.local/lib/python3.10/site-packages/airflow/example_dags/example_complex.py
[2025-03-12T08:20:38.892+0200] {logging_mixin.py:190} INFO - [2025-03-12T08:20:38.891+0200] {dag.py:3239} INFO - Sync 1 DAGs
[2025-03-12T08:20:38.916+0200] {logging_mixin.py:190} INFO - [2025-03-12T08:20:38.915+0200] {dag.py:4180} INFO - Setting next_dagrun for example_complex to None, run_after=None
[2025-03-12T08:20:38.955+0200] {processor.py:208} INFO - Processing /home/munyah/.local/lib/python3.10/site-packages/airflow/example_dags/example_complex.py took 0.184 seconds
[2025-03-12T14:17:51.236+0200] {processor.py:186} INFO - Started process (PID=134592) to work on /home/munyah/.local/lib/python3.10/site-packages/airflow/example_dags/example_complex.py
[2025-03-12T14:17:51.237+0200] {processor.py:914} INFO - Processing file /home/munyah/.local/lib/python3.10/site-packages/airflow/example_dags/example_complex.py for tasks to queue
[2025-03-12T14:17:51.239+0200] {logging_mixin.py:190} INFO - [2025-03-12T14:17:51.239+0200] {dagbag.py:588} INFO - Filling up the DagBag from /home/munyah/.local/lib/python3.10/site-packages/airflow/example_dags/example_complex.py
[2025-03-12T14:17:51.256+0200] {processor.py:925} INFO - DAG(s) 'example_complex' retrieved from /home/munyah/.local/lib/python3.10/site-packages/airflow/example_dags/example_complex.py
[2025-03-12T14:17:51.287+0200] {logging_mixin.py:190} INFO - [2025-03-12T14:17:51.287+0200] {dag.py:3239} INFO - Sync 1 DAGs
[2025-03-12T14:17:51.301+0200] {logging_mixin.py:190} INFO - [2025-03-12T14:17:51.301+0200] {dag.py:4180} INFO - Setting next_dagrun for example_complex to None, run_after=None
[2025-03-12T14:17:51.323+0200] {processor.py:208} INFO - Processing /home/munyah/.local/lib/python3.10/site-packages/airflow/example_dags/example_complex.py took 0.094 seconds
[2025-03-12T14:18:50.898+0200] {processor.py:186} INFO - Started process (PID=134858) to work on /home/munyah/.local/lib/python3.10/site-packages/airflow/example_dags/example_complex.py
[2025-03-12T14:18:50.899+0200] {processor.py:914} INFO - Processing file /home/munyah/.local/lib/python3.10/site-packages/airflow/example_dags/example_complex.py for tasks to queue
[2025-03-12T14:18:50.901+0200] {logging_mixin.py:190} INFO - [2025-03-12T14:18:50.901+0200] {dagbag.py:588} INFO - Filling up the DagBag from /home/munyah/.local/lib/python3.10/site-packages/airflow/example_dags/example_complex.py
[2025-03-12T14:18:50.917+0200] {processor.py:925} INFO - DAG(s) 'example_complex' retrieved from /home/munyah/.local/lib/python3.10/site-packages/airflow/example_dags/example_complex.py
[2025-03-12T14:18:50.950+0200] {logging_mixin.py:190} INFO - [2025-03-12T14:18:50.950+0200] {dag.py:3239} INFO - Sync 1 DAGs
[2025-03-12T14:18:50.964+0200] {logging_mixin.py:190} INFO - [2025-03-12T14:18:50.964+0200] {dag.py:4180} INFO - Setting next_dagrun for example_complex to None, run_after=None
[2025-03-12T14:18:50.986+0200] {processor.py:208} INFO - Processing /home/munyah/.local/lib/python3.10/site-packages/airflow/example_dags/example_complex.py took 0.096 seconds
[2025-03-12T14:19:48.798+0200] {processor.py:186} INFO - Started process (PID=135019) to work on /home/munyah/.local/lib/python3.10/site-packages/airflow/example_dags/example_complex.py
[2025-03-12T14:19:48.799+0200] {processor.py:914} INFO - Processing file /home/munyah/.local/lib/python3.10/site-packages/airflow/example_dags/example_complex.py for tasks to queue
[2025-03-12T14:19:48.801+0200] {logging_mixin.py:190} INFO - [2025-03-12T14:19:48.801+0200] {dagbag.py:588} INFO - Filling up the DagBag from /home/munyah/.local/lib/python3.10/site-packages/airflow/example_dags/example_complex.py
[2025-03-12T14:19:48.817+0200] {processor.py:925} INFO - DAG(s) 'example_complex' retrieved from /home/munyah/.local/lib/python3.10/site-packages/airflow/example_dags/example_complex.py
[2025-03-12T14:19:48.850+0200] {logging_mixin.py:190} INFO - [2025-03-12T14:19:48.850+0200] {dag.py:3239} INFO - Sync 1 DAGs
[2025-03-12T14:19:48.866+0200] {logging_mixin.py:190} INFO - [2025-03-12T14:19:48.865+0200] {dag.py:4180} INFO - Setting next_dagrun for example_complex to None, run_after=None
[2025-03-12T14:19:48.890+0200] {processor.py:208} INFO - Processing /home/munyah/.local/lib/python3.10/site-packages/airflow/example_dags/example_complex.py took 0.102 seconds
[2025-03-12T14:20:46.844+0200] {processor.py:186} INFO - Started process (PID=135198) to work on /home/munyah/.local/lib/python3.10/site-packages/airflow/example_dags/example_complex.py
[2025-03-12T14:20:46.846+0200] {processor.py:914} INFO - Processing file /home/munyah/.local/lib/python3.10/site-packages/airflow/example_dags/example_complex.py for tasks to queue
[2025-03-12T14:20:46.848+0200] {logging_mixin.py:190} INFO - [2025-03-12T14:20:46.848+0200] {dagbag.py:588} INFO - Filling up the DagBag from /home/munyah/.local/lib/python3.10/site-packages/airflow/example_dags/example_complex.py
[2025-03-12T14:20:46.864+0200] {processor.py:925} INFO - DAG(s) 'example_complex' retrieved from /home/munyah/.local/lib/python3.10/site-packages/airflow/example_dags/example_complex.py
[2025-03-12T14:20:46.896+0200] {logging_mixin.py:190} INFO - [2025-03-12T14:20:46.895+0200] {dag.py:3239} INFO - Sync 1 DAGs
[2025-03-12T14:20:46.910+0200] {logging_mixin.py:190} INFO - [2025-03-12T14:20:46.910+0200] {dag.py:4180} INFO - Setting next_dagrun for example_complex to None, run_after=None
[2025-03-12T14:20:46.931+0200] {processor.py:208} INFO - Processing /home/munyah/.local/lib/python3.10/site-packages/airflow/example_dags/example_complex.py took 0.093 seconds
[2025-03-12T14:21:45.178+0200] {processor.py:186} INFO - Started process (PID=135406) to work on /home/munyah/.local/lib/python3.10/site-packages/airflow/example_dags/example_complex.py
[2025-03-12T14:21:45.179+0200] {processor.py:914} INFO - Processing file /home/munyah/.local/lib/python3.10/site-packages/airflow/example_dags/example_complex.py for tasks to queue
[2025-03-12T14:21:45.182+0200] {logging_mixin.py:190} INFO - [2025-03-12T14:21:45.181+0200] {dagbag.py:588} INFO - Filling up the DagBag from /home/munyah/.local/lib/python3.10/site-packages/airflow/example_dags/example_complex.py
[2025-03-12T14:21:45.200+0200] {processor.py:925} INFO - DAG(s) 'example_complex' retrieved from /home/munyah/.local/lib/python3.10/site-packages/airflow/example_dags/example_complex.py
[2025-03-12T14:21:45.231+0200] {logging_mixin.py:190} INFO - [2025-03-12T14:21:45.231+0200] {dag.py:3239} INFO - Sync 1 DAGs
[2025-03-12T14:21:45.245+0200] {logging_mixin.py:190} INFO - [2025-03-12T14:21:45.245+0200] {dag.py:4180} INFO - Setting next_dagrun for example_complex to None, run_after=None
[2025-03-12T14:21:45.267+0200] {processor.py:208} INFO - Processing /home/munyah/.local/lib/python3.10/site-packages/airflow/example_dags/example_complex.py took 0.097 seconds
[2025-03-12T14:22:41.864+0200] {processor.py:186} INFO - Started process (PID=136053) to work on /home/munyah/.local/lib/python3.10/site-packages/airflow/example_dags/example_complex.py
[2025-03-12T14:22:41.867+0200] {processor.py:914} INFO - Processing file /home/munyah/.local/lib/python3.10/site-packages/airflow/example_dags/example_complex.py for tasks to queue
[2025-03-12T14:22:41.871+0200] {logging_mixin.py:190} INFO - [2025-03-12T14:22:41.870+0200] {dagbag.py:588} INFO - Filling up the DagBag from /home/munyah/.local/lib/python3.10/site-packages/airflow/example_dags/example_complex.py
[2025-03-12T14:22:41.904+0200] {processor.py:925} INFO - DAG(s) 'example_complex' retrieved from /home/munyah/.local/lib/python3.10/site-packages/airflow/example_dags/example_complex.py
[2025-03-12T14:22:41.966+0200] {logging_mixin.py:190} INFO - [2025-03-12T14:22:41.965+0200] {dag.py:3239} INFO - Sync 1 DAGs
[2025-03-12T14:22:41.994+0200] {logging_mixin.py:190} INFO - [2025-03-12T14:22:41.993+0200] {dag.py:4180} INFO - Setting next_dagrun for example_complex to None, run_after=None
[2025-03-12T14:22:42.046+0200] {processor.py:208} INFO - Processing /home/munyah/.local/lib/python3.10/site-packages/airflow/example_dags/example_complex.py took 0.214 seconds
[2025-03-12T14:23:57.003+0200] {processor.py:186} INFO - Started process (PID=136590) to work on /home/munyah/.local/lib/python3.10/site-packages/airflow/example_dags/example_complex.py
[2025-03-12T14:23:57.005+0200] {processor.py:914} INFO - Processing file /home/munyah/.local/lib/python3.10/site-packages/airflow/example_dags/example_complex.py for tasks to queue
[2025-03-12T14:23:57.008+0200] {logging_mixin.py:190} INFO - [2025-03-12T14:23:57.007+0200] {dagbag.py:588} INFO - Filling up the DagBag from /home/munyah/.local/lib/python3.10/site-packages/airflow/example_dags/example_complex.py
[2025-03-12T14:23:57.028+0200] {processor.py:925} INFO - DAG(s) 'example_complex' retrieved from /home/munyah/.local/lib/python3.10/site-packages/airflow/example_dags/example_complex.py
[2025-03-12T14:23:57.065+0200] {logging_mixin.py:190} INFO - [2025-03-12T14:23:57.065+0200] {dag.py:3239} INFO - Sync 1 DAGs
[2025-03-12T14:23:57.082+0200] {logging_mixin.py:190} INFO - [2025-03-12T14:23:57.082+0200] {dag.py:4180} INFO - Setting next_dagrun for example_complex to None, run_after=None
[2025-03-12T14:23:57.106+0200] {processor.py:208} INFO - Processing /home/munyah/.local/lib/python3.10/site-packages/airflow/example_dags/example_complex.py took 0.118 seconds
[2025-03-12T14:24:56.079+0200] {processor.py:186} INFO - Started process (PID=136805) to work on /home/munyah/.local/lib/python3.10/site-packages/airflow/example_dags/example_complex.py
[2025-03-12T14:24:56.080+0200] {processor.py:914} INFO - Processing file /home/munyah/.local/lib/python3.10/site-packages/airflow/example_dags/example_complex.py for tasks to queue
[2025-03-12T14:24:56.082+0200] {logging_mixin.py:190} INFO - [2025-03-12T14:24:56.082+0200] {dagbag.py:588} INFO - Filling up the DagBag from /home/munyah/.local/lib/python3.10/site-packages/airflow/example_dags/example_complex.py
[2025-03-12T14:24:56.098+0200] {processor.py:925} INFO - DAG(s) 'example_complex' retrieved from /home/munyah/.local/lib/python3.10/site-packages/airflow/example_dags/example_complex.py
[2025-03-12T14:24:56.131+0200] {logging_mixin.py:190} INFO - [2025-03-12T14:24:56.131+0200] {dag.py:3239} INFO - Sync 1 DAGs
[2025-03-12T14:24:56.147+0200] {logging_mixin.py:190} INFO - [2025-03-12T14:24:56.146+0200] {dag.py:4180} INFO - Setting next_dagrun for example_complex to None, run_after=None
[2025-03-12T14:24:56.169+0200] {processor.py:208} INFO - Processing /home/munyah/.local/lib/python3.10/site-packages/airflow/example_dags/example_complex.py took 0.100 seconds
[2025-03-12T14:25:53.286+0200] {processor.py:186} INFO - Started process (PID=137016) to work on /home/munyah/.local/lib/python3.10/site-packages/airflow/example_dags/example_complex.py
[2025-03-12T14:25:53.287+0200] {processor.py:914} INFO - Processing file /home/munyah/.local/lib/python3.10/site-packages/airflow/example_dags/example_complex.py for tasks to queue
[2025-03-12T14:25:53.290+0200] {logging_mixin.py:190} INFO - [2025-03-12T14:25:53.289+0200] {dagbag.py:588} INFO - Filling up the DagBag from /home/munyah/.local/lib/python3.10/site-packages/airflow/example_dags/example_complex.py
[2025-03-12T14:25:53.306+0200] {processor.py:925} INFO - DAG(s) 'example_complex' retrieved from /home/munyah/.local/lib/python3.10/site-packages/airflow/example_dags/example_complex.py
[2025-03-12T14:25:53.346+0200] {logging_mixin.py:190} INFO - [2025-03-12T14:25:53.346+0200] {dag.py:3239} INFO - Sync 1 DAGs
[2025-03-12T14:25:53.361+0200] {logging_mixin.py:190} INFO - [2025-03-12T14:25:53.361+0200] {dag.py:4180} INFO - Setting next_dagrun for example_complex to None, run_after=None
[2025-03-12T14:25:53.386+0200] {processor.py:208} INFO - Processing /home/munyah/.local/lib/python3.10/site-packages/airflow/example_dags/example_complex.py took 0.108 seconds
[2025-03-12T14:26:53.435+0200] {processor.py:186} INFO - Started process (PID=137201) to work on /home/munyah/.local/lib/python3.10/site-packages/airflow/example_dags/example_complex.py
[2025-03-12T14:26:53.436+0200] {processor.py:914} INFO - Processing file /home/munyah/.local/lib/python3.10/site-packages/airflow/example_dags/example_complex.py for tasks to queue
[2025-03-12T14:26:53.438+0200] {logging_mixin.py:190} INFO - [2025-03-12T14:26:53.438+0200] {dagbag.py:588} INFO - Filling up the DagBag from /home/munyah/.local/lib/python3.10/site-packages/airflow/example_dags/example_complex.py
[2025-03-12T14:26:53.455+0200] {processor.py:925} INFO - DAG(s) 'example_complex' retrieved from /home/munyah/.local/lib/python3.10/site-packages/airflow/example_dags/example_complex.py
[2025-03-12T14:26:53.488+0200] {logging_mixin.py:190} INFO - [2025-03-12T14:26:53.487+0200] {dag.py:3239} INFO - Sync 1 DAGs
[2025-03-12T14:26:53.502+0200] {logging_mixin.py:190} INFO - [2025-03-12T14:26:53.501+0200] {dag.py:4180} INFO - Setting next_dagrun for example_complex to None, run_after=None
[2025-03-12T14:26:53.524+0200] {processor.py:208} INFO - Processing /home/munyah/.local/lib/python3.10/site-packages/airflow/example_dags/example_complex.py took 0.097 seconds
[2025-03-12T14:27:58.388+0200] {processor.py:186} INFO - Started process (PID=137405) to work on /home/munyah/.local/lib/python3.10/site-packages/airflow/example_dags/example_complex.py
[2025-03-12T14:27:58.389+0200] {processor.py:914} INFO - Processing file /home/munyah/.local/lib/python3.10/site-packages/airflow/example_dags/example_complex.py for tasks to queue
[2025-03-12T14:27:58.392+0200] {logging_mixin.py:190} INFO - [2025-03-12T14:27:58.392+0200] {dagbag.py:588} INFO - Filling up the DagBag from /home/munyah/.local/lib/python3.10/site-packages/airflow/example_dags/example_complex.py
[2025-03-12T14:27:58.409+0200] {processor.py:925} INFO - DAG(s) 'example_complex' retrieved from /home/munyah/.local/lib/python3.10/site-packages/airflow/example_dags/example_complex.py
[2025-03-12T14:27:58.441+0200] {logging_mixin.py:190} INFO - [2025-03-12T14:27:58.441+0200] {dag.py:3239} INFO - Sync 1 DAGs
[2025-03-12T14:27:58.456+0200] {logging_mixin.py:190} INFO - [2025-03-12T14:27:58.456+0200] {dag.py:4180} INFO - Setting next_dagrun for example_complex to None, run_after=None
[2025-03-12T14:27:58.479+0200] {processor.py:208} INFO - Processing /home/munyah/.local/lib/python3.10/site-packages/airflow/example_dags/example_complex.py took 0.098 seconds
[2025-03-12T14:28:58.553+0200] {processor.py:186} INFO - Started process (PID=137599) to work on /home/munyah/.local/lib/python3.10/site-packages/airflow/example_dags/example_complex.py
[2025-03-12T14:28:58.554+0200] {processor.py:914} INFO - Processing file /home/munyah/.local/lib/python3.10/site-packages/airflow/example_dags/example_complex.py for tasks to queue
[2025-03-12T14:28:58.557+0200] {logging_mixin.py:190} INFO - [2025-03-12T14:28:58.557+0200] {dagbag.py:588} INFO - Filling up the DagBag from /home/munyah/.local/lib/python3.10/site-packages/airflow/example_dags/example_complex.py
[2025-03-12T14:28:58.578+0200] {processor.py:925} INFO - DAG(s) 'example_complex' retrieved from /home/munyah/.local/lib/python3.10/site-packages/airflow/example_dags/example_complex.py
[2025-03-12T14:28:58.614+0200] {logging_mixin.py:190} INFO - [2025-03-12T14:28:58.613+0200] {dag.py:3239} INFO - Sync 1 DAGs
[2025-03-12T14:28:58.629+0200] {logging_mixin.py:190} INFO - [2025-03-12T14:28:58.629+0200] {dag.py:4180} INFO - Setting next_dagrun for example_complex to None, run_after=None
[2025-03-12T14:28:58.655+0200] {processor.py:208} INFO - Processing /home/munyah/.local/lib/python3.10/site-packages/airflow/example_dags/example_complex.py took 0.111 seconds
[2025-03-12T14:29:56.817+0200] {processor.py:186} INFO - Started process (PID=138594) to work on /home/munyah/.local/lib/python3.10/site-packages/airflow/example_dags/example_complex.py
[2025-03-12T14:29:56.818+0200] {processor.py:914} INFO - Processing file /home/munyah/.local/lib/python3.10/site-packages/airflow/example_dags/example_complex.py for tasks to queue
[2025-03-12T14:29:56.821+0200] {logging_mixin.py:190} INFO - [2025-03-12T14:29:56.820+0200] {dagbag.py:588} INFO - Filling up the DagBag from /home/munyah/.local/lib/python3.10/site-packages/airflow/example_dags/example_complex.py
[2025-03-12T14:29:56.836+0200] {processor.py:925} INFO - DAG(s) 'example_complex' retrieved from /home/munyah/.local/lib/python3.10/site-packages/airflow/example_dags/example_complex.py
[2025-03-12T14:29:56.869+0200] {logging_mixin.py:190} INFO - [2025-03-12T14:29:56.869+0200] {dag.py:3239} INFO - Sync 1 DAGs
[2025-03-12T14:29:56.885+0200] {logging_mixin.py:190} INFO - [2025-03-12T14:29:56.885+0200] {dag.py:4180} INFO - Setting next_dagrun for example_complex to None, run_after=None
[2025-03-12T14:29:56.907+0200] {processor.py:208} INFO - Processing /home/munyah/.local/lib/python3.10/site-packages/airflow/example_dags/example_complex.py took 0.098 seconds
[2025-03-12T14:31:00.756+0200] {processor.py:186} INFO - Started process (PID=138842) to work on /home/munyah/.local/lib/python3.10/site-packages/airflow/example_dags/example_complex.py
[2025-03-12T14:31:00.758+0200] {processor.py:914} INFO - Processing file /home/munyah/.local/lib/python3.10/site-packages/airflow/example_dags/example_complex.py for tasks to queue
[2025-03-12T14:31:00.760+0200] {logging_mixin.py:190} INFO - [2025-03-12T14:31:00.760+0200] {dagbag.py:588} INFO - Filling up the DagBag from /home/munyah/.local/lib/python3.10/site-packages/airflow/example_dags/example_complex.py
[2025-03-12T14:31:00.777+0200] {processor.py:925} INFO - DAG(s) 'example_complex' retrieved from /home/munyah/.local/lib/python3.10/site-packages/airflow/example_dags/example_complex.py
[2025-03-12T14:31:00.810+0200] {logging_mixin.py:190} INFO - [2025-03-12T14:31:00.810+0200] {dag.py:3239} INFO - Sync 1 DAGs
[2025-03-12T14:31:00.825+0200] {logging_mixin.py:190} INFO - [2025-03-12T14:31:00.824+0200] {dag.py:4180} INFO - Setting next_dagrun for example_complex to None, run_after=None
[2025-03-12T14:31:00.849+0200] {processor.py:208} INFO - Processing /home/munyah/.local/lib/python3.10/site-packages/airflow/example_dags/example_complex.py took 0.100 seconds
[2025-03-12T14:32:04.883+0200] {processor.py:186} INFO - Started process (PID=139047) to work on /home/munyah/.local/lib/python3.10/site-packages/airflow/example_dags/example_complex.py
[2025-03-12T14:32:04.885+0200] {processor.py:914} INFO - Processing file /home/munyah/.local/lib/python3.10/site-packages/airflow/example_dags/example_complex.py for tasks to queue
[2025-03-12T14:32:04.890+0200] {logging_mixin.py:190} INFO - [2025-03-12T14:32:04.889+0200] {dagbag.py:588} INFO - Filling up the DagBag from /home/munyah/.local/lib/python3.10/site-packages/airflow/example_dags/example_complex.py
[2025-03-12T14:32:04.917+0200] {processor.py:925} INFO - DAG(s) 'example_complex' retrieved from /home/munyah/.local/lib/python3.10/site-packages/airflow/example_dags/example_complex.py
[2025-03-12T14:32:04.950+0200] {logging_mixin.py:190} INFO - [2025-03-12T14:32:04.949+0200] {dag.py:3239} INFO - Sync 1 DAGs
[2025-03-12T14:32:04.966+0200] {logging_mixin.py:190} INFO - [2025-03-12T14:32:04.965+0200] {dag.py:4180} INFO - Setting next_dagrun for example_complex to None, run_after=None
[2025-03-12T14:32:04.991+0200] {processor.py:208} INFO - Processing /home/munyah/.local/lib/python3.10/site-packages/airflow/example_dags/example_complex.py took 0.125 seconds
[2025-03-12T14:33:07.225+0200] {processor.py:186} INFO - Started process (PID=139755) to work on /home/munyah/.local/lib/python3.10/site-packages/airflow/example_dags/example_complex.py
[2025-03-12T14:33:07.226+0200] {processor.py:914} INFO - Processing file /home/munyah/.local/lib/python3.10/site-packages/airflow/example_dags/example_complex.py for tasks to queue
[2025-03-12T14:33:07.229+0200] {logging_mixin.py:190} INFO - [2025-03-12T14:33:07.228+0200] {dagbag.py:588} INFO - Filling up the DagBag from /home/munyah/.local/lib/python3.10/site-packages/airflow/example_dags/example_complex.py
[2025-03-12T14:33:07.251+0200] {processor.py:925} INFO - DAG(s) 'example_complex' retrieved from /home/munyah/.local/lib/python3.10/site-packages/airflow/example_dags/example_complex.py
[2025-03-12T14:33:07.283+0200] {logging_mixin.py:190} INFO - [2025-03-12T14:33:07.283+0200] {dag.py:3239} INFO - Sync 1 DAGs
[2025-03-12T14:33:07.297+0200] {logging_mixin.py:190} INFO - [2025-03-12T14:33:07.297+0200] {dag.py:4180} INFO - Setting next_dagrun for example_complex to None, run_after=None
[2025-03-12T14:33:07.319+0200] {processor.py:208} INFO - Processing /home/munyah/.local/lib/python3.10/site-packages/airflow/example_dags/example_complex.py took 0.102 seconds
[2025-03-12T14:34:10.871+0200] {processor.py:186} INFO - Started process (PID=140029) to work on /home/munyah/.local/lib/python3.10/site-packages/airflow/example_dags/example_complex.py
[2025-03-12T14:34:10.872+0200] {processor.py:914} INFO - Processing file /home/munyah/.local/lib/python3.10/site-packages/airflow/example_dags/example_complex.py for tasks to queue
[2025-03-12T14:34:10.875+0200] {logging_mixin.py:190} INFO - [2025-03-12T14:34:10.874+0200] {dagbag.py:588} INFO - Filling up the DagBag from /home/munyah/.local/lib/python3.10/site-packages/airflow/example_dags/example_complex.py
[2025-03-12T14:34:10.892+0200] {processor.py:925} INFO - DAG(s) 'example_complex' retrieved from /home/munyah/.local/lib/python3.10/site-packages/airflow/example_dags/example_complex.py
[2025-03-12T14:34:10.923+0200] {logging_mixin.py:190} INFO - [2025-03-12T14:34:10.923+0200] {dag.py:3239} INFO - Sync 1 DAGs
[2025-03-12T14:34:10.938+0200] {logging_mixin.py:190} INFO - [2025-03-12T14:34:10.938+0200] {dag.py:4180} INFO - Setting next_dagrun for example_complex to None, run_after=None
[2025-03-12T14:34:10.962+0200] {processor.py:208} INFO - Processing /home/munyah/.local/lib/python3.10/site-packages/airflow/example_dags/example_complex.py took 0.098 seconds
[2025-03-12T14:35:16.724+0200] {processor.py:186} INFO - Started process (PID=140210) to work on /home/munyah/.local/lib/python3.10/site-packages/airflow/example_dags/example_complex.py
[2025-03-12T14:35:16.725+0200] {processor.py:914} INFO - Processing file /home/munyah/.local/lib/python3.10/site-packages/airflow/example_dags/example_complex.py for tasks to queue
[2025-03-12T14:35:16.729+0200] {logging_mixin.py:190} INFO - [2025-03-12T14:35:16.728+0200] {dagbag.py:588} INFO - Filling up the DagBag from /home/munyah/.local/lib/python3.10/site-packages/airflow/example_dags/example_complex.py
[2025-03-12T14:35:16.747+0200] {processor.py:925} INFO - DAG(s) 'example_complex' retrieved from /home/munyah/.local/lib/python3.10/site-packages/airflow/example_dags/example_complex.py
[2025-03-12T14:35:16.780+0200] {logging_mixin.py:190} INFO - [2025-03-12T14:35:16.779+0200] {dag.py:3239} INFO - Sync 1 DAGs
[2025-03-12T14:35:16.795+0200] {logging_mixin.py:190} INFO - [2025-03-12T14:35:16.794+0200] {dag.py:4180} INFO - Setting next_dagrun for example_complex to None, run_after=None
[2025-03-12T14:35:16.817+0200] {processor.py:208} INFO - Processing /home/munyah/.local/lib/python3.10/site-packages/airflow/example_dags/example_complex.py took 0.106 seconds
[2025-03-12T14:36:21.139+0200] {processor.py:186} INFO - Started process (PID=140466) to work on /home/munyah/.local/lib/python3.10/site-packages/airflow/example_dags/example_complex.py
[2025-03-12T14:36:21.141+0200] {processor.py:914} INFO - Processing file /home/munyah/.local/lib/python3.10/site-packages/airflow/example_dags/example_complex.py for tasks to queue
[2025-03-12T14:36:21.143+0200] {logging_mixin.py:190} INFO - [2025-03-12T14:36:21.143+0200] {dagbag.py:588} INFO - Filling up the DagBag from /home/munyah/.local/lib/python3.10/site-packages/airflow/example_dags/example_complex.py
[2025-03-12T14:36:21.159+0200] {processor.py:925} INFO - DAG(s) 'example_complex' retrieved from /home/munyah/.local/lib/python3.10/site-packages/airflow/example_dags/example_complex.py
[2025-03-12T14:36:21.203+0200] {logging_mixin.py:190} INFO - [2025-03-12T14:36:21.203+0200] {dag.py:3239} INFO - Sync 1 DAGs
[2025-03-12T14:36:21.221+0200] {logging_mixin.py:190} INFO - [2025-03-12T14:36:21.221+0200] {dag.py:4180} INFO - Setting next_dagrun for example_complex to None, run_after=None
[2025-03-12T14:36:21.244+0200] {processor.py:208} INFO - Processing /home/munyah/.local/lib/python3.10/site-packages/airflow/example_dags/example_complex.py took 0.112 seconds
[2025-03-12T14:37:25.702+0200] {processor.py:186} INFO - Started process (PID=140575) to work on /home/munyah/.local/lib/python3.10/site-packages/airflow/example_dags/example_complex.py
[2025-03-12T14:37:25.704+0200] {processor.py:914} INFO - Processing file /home/munyah/.local/lib/python3.10/site-packages/airflow/example_dags/example_complex.py for tasks to queue
[2025-03-12T14:37:25.707+0200] {logging_mixin.py:190} INFO - [2025-03-12T14:37:25.707+0200] {dagbag.py:588} INFO - Filling up the DagBag from /home/munyah/.local/lib/python3.10/site-packages/airflow/example_dags/example_complex.py
[2025-03-12T14:37:25.728+0200] {processor.py:925} INFO - DAG(s) 'example_complex' retrieved from /home/munyah/.local/lib/python3.10/site-packages/airflow/example_dags/example_complex.py
[2025-03-12T14:37:25.759+0200] {logging_mixin.py:190} INFO - [2025-03-12T14:37:25.758+0200] {dag.py:3239} INFO - Sync 1 DAGs
[2025-03-12T14:37:25.772+0200] {logging_mixin.py:190} INFO - [2025-03-12T14:37:25.771+0200] {dag.py:4180} INFO - Setting next_dagrun for example_complex to None, run_after=None
[2025-03-12T14:37:25.795+0200] {processor.py:208} INFO - Processing /home/munyah/.local/lib/python3.10/site-packages/airflow/example_dags/example_complex.py took 0.104 seconds
[2025-03-12T14:38:27.863+0200] {processor.py:186} INFO - Started process (PID=140683) to work on /home/munyah/.local/lib/python3.10/site-packages/airflow/example_dags/example_complex.py
[2025-03-12T14:38:27.865+0200] {processor.py:914} INFO - Processing file /home/munyah/.local/lib/python3.10/site-packages/airflow/example_dags/example_complex.py for tasks to queue
[2025-03-12T14:38:27.868+0200] {logging_mixin.py:190} INFO - [2025-03-12T14:38:27.868+0200] {dagbag.py:588} INFO - Filling up the DagBag from /home/munyah/.local/lib/python3.10/site-packages/airflow/example_dags/example_complex.py
[2025-03-12T14:38:27.891+0200] {processor.py:925} INFO - DAG(s) 'example_complex' retrieved from /home/munyah/.local/lib/python3.10/site-packages/airflow/example_dags/example_complex.py
[2025-03-12T14:38:27.923+0200] {logging_mixin.py:190} INFO - [2025-03-12T14:38:27.922+0200] {dag.py:3239} INFO - Sync 1 DAGs
[2025-03-12T14:38:27.937+0200] {logging_mixin.py:190} INFO - [2025-03-12T14:38:27.937+0200] {dag.py:4180} INFO - Setting next_dagrun for example_complex to None, run_after=None
[2025-03-12T14:38:27.958+0200] {processor.py:208} INFO - Processing /home/munyah/.local/lib/python3.10/site-packages/airflow/example_dags/example_complex.py took 0.106 seconds
[2025-03-12T14:39:35.284+0200] {processor.py:186} INFO - Started process (PID=140792) to work on /home/munyah/.local/lib/python3.10/site-packages/airflow/example_dags/example_complex.py
[2025-03-12T14:39:35.286+0200] {processor.py:914} INFO - Processing file /home/munyah/.local/lib/python3.10/site-packages/airflow/example_dags/example_complex.py for tasks to queue
[2025-03-12T14:39:35.289+0200] {logging_mixin.py:190} INFO - [2025-03-12T14:39:35.289+0200] {dagbag.py:588} INFO - Filling up the DagBag from /home/munyah/.local/lib/python3.10/site-packages/airflow/example_dags/example_complex.py
[2025-03-12T14:39:35.307+0200] {processor.py:925} INFO - DAG(s) 'example_complex' retrieved from /home/munyah/.local/lib/python3.10/site-packages/airflow/example_dags/example_complex.py
[2025-03-12T14:39:35.339+0200] {logging_mixin.py:190} INFO - [2025-03-12T14:39:35.338+0200] {dag.py:3239} INFO - Sync 1 DAGs
[2025-03-12T14:39:35.353+0200] {logging_mixin.py:190} INFO - [2025-03-12T14:39:35.352+0200] {dag.py:4180} INFO - Setting next_dagrun for example_complex to None, run_after=None
[2025-03-12T14:39:35.373+0200] {processor.py:208} INFO - Processing /home/munyah/.local/lib/python3.10/site-packages/airflow/example_dags/example_complex.py took 0.098 seconds
[2025-03-12T14:40:39.769+0200] {processor.py:186} INFO - Started process (PID=140904) to work on /home/munyah/.local/lib/python3.10/site-packages/airflow/example_dags/example_complex.py
[2025-03-12T14:40:39.771+0200] {processor.py:914} INFO - Processing file /home/munyah/.local/lib/python3.10/site-packages/airflow/example_dags/example_complex.py for tasks to queue
[2025-03-12T14:40:39.774+0200] {logging_mixin.py:190} INFO - [2025-03-12T14:40:39.773+0200] {dagbag.py:588} INFO - Filling up the DagBag from /home/munyah/.local/lib/python3.10/site-packages/airflow/example_dags/example_complex.py
[2025-03-12T14:40:39.790+0200] {processor.py:925} INFO - DAG(s) 'example_complex' retrieved from /home/munyah/.local/lib/python3.10/site-packages/airflow/example_dags/example_complex.py
[2025-03-12T14:40:39.822+0200] {logging_mixin.py:190} INFO - [2025-03-12T14:40:39.822+0200] {dag.py:3239} INFO - Sync 1 DAGs
[2025-03-12T14:40:39.836+0200] {logging_mixin.py:190} INFO - [2025-03-12T14:40:39.836+0200] {dag.py:4180} INFO - Setting next_dagrun for example_complex to None, run_after=None
[2025-03-12T14:40:39.857+0200] {processor.py:208} INFO - Processing /home/munyah/.local/lib/python3.10/site-packages/airflow/example_dags/example_complex.py took 0.097 seconds
[2025-03-12T14:41:43.359+0200] {processor.py:186} INFO - Started process (PID=141224) to work on /home/munyah/.local/lib/python3.10/site-packages/airflow/example_dags/example_complex.py
[2025-03-12T14:41:43.360+0200] {processor.py:914} INFO - Processing file /home/munyah/.local/lib/python3.10/site-packages/airflow/example_dags/example_complex.py for tasks to queue
[2025-03-12T14:41:43.363+0200] {logging_mixin.py:190} INFO - [2025-03-12T14:41:43.363+0200] {dagbag.py:588} INFO - Filling up the DagBag from /home/munyah/.local/lib/python3.10/site-packages/airflow/example_dags/example_complex.py
[2025-03-12T14:41:43.382+0200] {processor.py:925} INFO - DAG(s) 'example_complex' retrieved from /home/munyah/.local/lib/python3.10/site-packages/airflow/example_dags/example_complex.py
[2025-03-12T14:41:43.415+0200] {logging_mixin.py:190} INFO - [2025-03-12T14:41:43.414+0200] {dag.py:3239} INFO - Sync 1 DAGs
[2025-03-12T14:41:43.429+0200] {logging_mixin.py:190} INFO - [2025-03-12T14:41:43.428+0200] {dag.py:4180} INFO - Setting next_dagrun for example_complex to None, run_after=None
[2025-03-12T14:41:43.450+0200] {processor.py:208} INFO - Processing /home/munyah/.local/lib/python3.10/site-packages/airflow/example_dags/example_complex.py took 0.099 seconds
[2025-03-12T14:42:44.291+0200] {processor.py:186} INFO - Started process (PID=141423) to work on /home/munyah/.local/lib/python3.10/site-packages/airflow/example_dags/example_complex.py
[2025-03-12T14:42:44.293+0200] {processor.py:914} INFO - Processing file /home/munyah/.local/lib/python3.10/site-packages/airflow/example_dags/example_complex.py for tasks to queue
[2025-03-12T14:42:44.295+0200] {logging_mixin.py:190} INFO - [2025-03-12T14:42:44.294+0200] {dagbag.py:588} INFO - Filling up the DagBag from /home/munyah/.local/lib/python3.10/site-packages/airflow/example_dags/example_complex.py
[2025-03-12T14:42:44.311+0200] {processor.py:925} INFO - DAG(s) 'example_complex' retrieved from /home/munyah/.local/lib/python3.10/site-packages/airflow/example_dags/example_complex.py
[2025-03-12T14:42:44.342+0200] {logging_mixin.py:190} INFO - [2025-03-12T14:42:44.342+0200] {dag.py:3239} INFO - Sync 1 DAGs
[2025-03-12T14:42:44.356+0200] {logging_mixin.py:190} INFO - [2025-03-12T14:42:44.356+0200] {dag.py:4180} INFO - Setting next_dagrun for example_complex to None, run_after=None
[2025-03-12T14:42:44.389+0200] {processor.py:208} INFO - Processing /home/munyah/.local/lib/python3.10/site-packages/airflow/example_dags/example_complex.py took 0.105 seconds
[2025-03-12T14:43:43.411+0200] {processor.py:186} INFO - Started process (PID=141586) to work on /home/munyah/.local/lib/python3.10/site-packages/airflow/example_dags/example_complex.py
[2025-03-12T14:43:43.413+0200] {processor.py:914} INFO - Processing file /home/munyah/.local/lib/python3.10/site-packages/airflow/example_dags/example_complex.py for tasks to queue
[2025-03-12T14:43:43.418+0200] {logging_mixin.py:190} INFO - [2025-03-12T14:43:43.417+0200] {dagbag.py:588} INFO - Filling up the DagBag from /home/munyah/.local/lib/python3.10/site-packages/airflow/example_dags/example_complex.py
[2025-03-12T14:43:43.450+0200] {processor.py:925} INFO - DAG(s) 'example_complex' retrieved from /home/munyah/.local/lib/python3.10/site-packages/airflow/example_dags/example_complex.py
[2025-03-12T14:43:43.483+0200] {logging_mixin.py:190} INFO - [2025-03-12T14:43:43.483+0200] {dag.py:3239} INFO - Sync 1 DAGs
[2025-03-12T14:43:43.498+0200] {logging_mixin.py:190} INFO - [2025-03-12T14:43:43.498+0200] {dag.py:4180} INFO - Setting next_dagrun for example_complex to None, run_after=None
[2025-03-12T14:43:43.521+0200] {processor.py:208} INFO - Processing /home/munyah/.local/lib/python3.10/site-packages/airflow/example_dags/example_complex.py took 0.125 seconds
[2025-03-12T14:44:42.742+0200] {processor.py:186} INFO - Started process (PID=141780) to work on /home/munyah/.local/lib/python3.10/site-packages/airflow/example_dags/example_complex.py
[2025-03-12T14:44:42.743+0200] {processor.py:914} INFO - Processing file /home/munyah/.local/lib/python3.10/site-packages/airflow/example_dags/example_complex.py for tasks to queue
[2025-03-12T14:44:42.745+0200] {logging_mixin.py:190} INFO - [2025-03-12T14:44:42.745+0200] {dagbag.py:588} INFO - Filling up the DagBag from /home/munyah/.local/lib/python3.10/site-packages/airflow/example_dags/example_complex.py
[2025-03-12T14:44:42.762+0200] {processor.py:925} INFO - DAG(s) 'example_complex' retrieved from /home/munyah/.local/lib/python3.10/site-packages/airflow/example_dags/example_complex.py
[2025-03-12T14:44:42.797+0200] {logging_mixin.py:190} INFO - [2025-03-12T14:44:42.797+0200] {dag.py:3239} INFO - Sync 1 DAGs
[2025-03-12T14:44:42.811+0200] {logging_mixin.py:190} INFO - [2025-03-12T14:44:42.811+0200] {dag.py:4180} INFO - Setting next_dagrun for example_complex to None, run_after=None
[2025-03-12T14:44:42.836+0200] {processor.py:208} INFO - Processing /home/munyah/.local/lib/python3.10/site-packages/airflow/example_dags/example_complex.py took 0.102 seconds
[2025-03-12T14:45:43.307+0200] {processor.py:186} INFO - Started process (PID=141943) to work on /home/munyah/.local/lib/python3.10/site-packages/airflow/example_dags/example_complex.py
[2025-03-12T14:45:43.308+0200] {processor.py:914} INFO - Processing file /home/munyah/.local/lib/python3.10/site-packages/airflow/example_dags/example_complex.py for tasks to queue
[2025-03-12T14:45:43.310+0200] {logging_mixin.py:190} INFO - [2025-03-12T14:45:43.310+0200] {dagbag.py:588} INFO - Filling up the DagBag from /home/munyah/.local/lib/python3.10/site-packages/airflow/example_dags/example_complex.py
[2025-03-12T14:45:43.327+0200] {processor.py:925} INFO - DAG(s) 'example_complex' retrieved from /home/munyah/.local/lib/python3.10/site-packages/airflow/example_dags/example_complex.py
[2025-03-12T14:45:43.358+0200] {logging_mixin.py:190} INFO - [2025-03-12T14:45:43.358+0200] {dag.py:3239} INFO - Sync 1 DAGs
[2025-03-12T14:45:43.373+0200] {logging_mixin.py:190} INFO - [2025-03-12T14:45:43.373+0200] {dag.py:4180} INFO - Setting next_dagrun for example_complex to None, run_after=None
[2025-03-12T14:45:43.394+0200] {processor.py:208} INFO - Processing /home/munyah/.local/lib/python3.10/site-packages/airflow/example_dags/example_complex.py took 0.095 seconds
[2025-03-12T14:46:43.112+0200] {processor.py:186} INFO - Started process (PID=142192) to work on /home/munyah/.local/lib/python3.10/site-packages/airflow/example_dags/example_complex.py
[2025-03-12T14:46:43.114+0200] {processor.py:914} INFO - Processing file /home/munyah/.local/lib/python3.10/site-packages/airflow/example_dags/example_complex.py for tasks to queue
[2025-03-12T14:46:43.117+0200] {logging_mixin.py:190} INFO - [2025-03-12T14:46:43.117+0200] {dagbag.py:588} INFO - Filling up the DagBag from /home/munyah/.local/lib/python3.10/site-packages/airflow/example_dags/example_complex.py
[2025-03-12T14:46:43.137+0200] {processor.py:925} INFO - DAG(s) 'example_complex' retrieved from /home/munyah/.local/lib/python3.10/site-packages/airflow/example_dags/example_complex.py
[2025-03-12T14:46:43.169+0200] {logging_mixin.py:190} INFO - [2025-03-12T14:46:43.169+0200] {dag.py:3239} INFO - Sync 1 DAGs
[2025-03-12T14:46:43.183+0200] {logging_mixin.py:190} INFO - [2025-03-12T14:46:43.183+0200] {dag.py:4180} INFO - Setting next_dagrun for example_complex to None, run_after=None
[2025-03-12T14:46:43.203+0200] {processor.py:208} INFO - Processing /home/munyah/.local/lib/python3.10/site-packages/airflow/example_dags/example_complex.py took 0.102 seconds
[2025-03-12T14:49:46.845+0200] {processor.py:186} INFO - Started process (PID=142808) to work on /home/munyah/.local/lib/python3.10/site-packages/airflow/example_dags/example_complex.py
[2025-03-12T14:49:46.848+0200] {processor.py:914} INFO - Processing file /home/munyah/.local/lib/python3.10/site-packages/airflow/example_dags/example_complex.py for tasks to queue
[2025-03-12T14:49:46.850+0200] {logging_mixin.py:190} INFO - [2025-03-12T14:49:46.850+0200] {dagbag.py:588} INFO - Filling up the DagBag from /home/munyah/.local/lib/python3.10/site-packages/airflow/example_dags/example_complex.py
[2025-03-12T14:49:46.871+0200] {processor.py:925} INFO - DAG(s) 'example_complex' retrieved from /home/munyah/.local/lib/python3.10/site-packages/airflow/example_dags/example_complex.py
[2025-03-12T14:49:46.906+0200] {logging_mixin.py:190} INFO - [2025-03-12T14:49:46.905+0200] {dag.py:3239} INFO - Sync 1 DAGs
[2025-03-12T14:49:46.920+0200] {logging_mixin.py:190} INFO - [2025-03-12T14:49:46.920+0200] {dag.py:4180} INFO - Setting next_dagrun for example_complex to None, run_after=None
[2025-03-12T14:49:47.135+0200] {processor.py:208} INFO - Processing /home/munyah/.local/lib/python3.10/site-packages/airflow/example_dags/example_complex.py took 0.299 seconds
[2025-03-12T14:51:01.704+0200] {processor.py:186} INFO - Started process (PID=143013) to work on /home/munyah/.local/lib/python3.10/site-packages/airflow/example_dags/example_complex.py
[2025-03-12T14:51:01.705+0200] {processor.py:914} INFO - Processing file /home/munyah/.local/lib/python3.10/site-packages/airflow/example_dags/example_complex.py for tasks to queue
[2025-03-12T14:51:01.709+0200] {logging_mixin.py:190} INFO - [2025-03-12T14:51:01.708+0200] {dagbag.py:588} INFO - Filling up the DagBag from /home/munyah/.local/lib/python3.10/site-packages/airflow/example_dags/example_complex.py
[2025-03-12T14:51:01.728+0200] {processor.py:925} INFO - DAG(s) 'example_complex' retrieved from /home/munyah/.local/lib/python3.10/site-packages/airflow/example_dags/example_complex.py
[2025-03-12T14:51:01.774+0200] {logging_mixin.py:190} INFO - [2025-03-12T14:51:01.774+0200] {dag.py:3239} INFO - Sync 1 DAGs
[2025-03-12T14:51:01.790+0200] {logging_mixin.py:190} INFO - [2025-03-12T14:51:01.790+0200] {dag.py:4180} INFO - Setting next_dagrun for example_complex to None, run_after=None
[2025-03-12T14:51:01.820+0200] {processor.py:208} INFO - Processing /home/munyah/.local/lib/python3.10/site-packages/airflow/example_dags/example_complex.py took 0.127 seconds
[2025-03-12T14:52:11.170+0200] {processor.py:186} INFO - Started process (PID=143253) to work on /home/munyah/.local/lib/python3.10/site-packages/airflow/example_dags/example_complex.py
[2025-03-12T14:52:11.171+0200] {processor.py:914} INFO - Processing file /home/munyah/.local/lib/python3.10/site-packages/airflow/example_dags/example_complex.py for tasks to queue
[2025-03-12T14:52:11.174+0200] {logging_mixin.py:190} INFO - [2025-03-12T14:52:11.173+0200] {dagbag.py:588} INFO - Filling up the DagBag from /home/munyah/.local/lib/python3.10/site-packages/airflow/example_dags/example_complex.py
[2025-03-12T14:52:11.200+0200] {processor.py:925} INFO - DAG(s) 'example_complex' retrieved from /home/munyah/.local/lib/python3.10/site-packages/airflow/example_dags/example_complex.py
[2025-03-12T14:52:11.267+0200] {logging_mixin.py:190} INFO - [2025-03-12T14:52:11.266+0200] {dag.py:3239} INFO - Sync 1 DAGs
[2025-03-12T14:52:11.289+0200] {logging_mixin.py:190} INFO - [2025-03-12T14:52:11.289+0200] {dag.py:4180} INFO - Setting next_dagrun for example_complex to None, run_after=None
[2025-03-12T14:52:11.313+0200] {processor.py:208} INFO - Processing /home/munyah/.local/lib/python3.10/site-packages/airflow/example_dags/example_complex.py took 0.151 seconds
[2025-03-12T14:53:22.670+0200] {processor.py:186} INFO - Started process (PID=143504) to work on /home/munyah/.local/lib/python3.10/site-packages/airflow/example_dags/example_complex.py
[2025-03-12T14:53:22.683+0200] {processor.py:914} INFO - Processing file /home/munyah/.local/lib/python3.10/site-packages/airflow/example_dags/example_complex.py for tasks to queue
[2025-03-12T14:53:22.686+0200] {logging_mixin.py:190} INFO - [2025-03-12T14:53:22.686+0200] {dagbag.py:588} INFO - Filling up the DagBag from /home/munyah/.local/lib/python3.10/site-packages/airflow/example_dags/example_complex.py
[2025-03-12T14:53:22.731+0200] {processor.py:925} INFO - DAG(s) 'example_complex' retrieved from /home/munyah/.local/lib/python3.10/site-packages/airflow/example_dags/example_complex.py
[2025-03-12T14:53:22.825+0200] {logging_mixin.py:190} INFO - [2025-03-12T14:53:22.824+0200] {dag.py:3239} INFO - Sync 1 DAGs
[2025-03-12T14:53:22.861+0200] {logging_mixin.py:190} INFO - [2025-03-12T14:53:22.861+0200] {dag.py:4180} INFO - Setting next_dagrun for example_complex to None, run_after=None
[2025-03-12T14:53:22.918+0200] {processor.py:208} INFO - Processing /home/munyah/.local/lib/python3.10/site-packages/airflow/example_dags/example_complex.py took 0.267 seconds
