[2025-03-12T14:17:07.093+0200] {processor.py:186} INFO - Started process (PID=133975) to work on /home/munyah/.local/lib/python3.10/site-packages/airflow/example_dags/example_setup_teardown_taskflow.py
[2025-03-12T14:17:07.094+0200] {processor.py:914} INFO - Processing file /home/munyah/.local/lib/python3.10/site-packages/airflow/example_dags/example_setup_teardown_taskflow.py for tasks to queue
[2025-03-12T14:17:07.097+0200] {logging_mixin.py:190} INFO - [2025-03-12T14:17:07.096+0200] {dagbag.py:588} INFO - Filling up the DagBag from /home/munyah/.local/lib/python3.10/site-packages/airflow/example_dags/example_setup_teardown_taskflow.py
[2025-03-12T14:17:07.113+0200] {processor.py:925} INFO - DAG(s) 'example_setup_teardown_taskflow' retrieved from /home/munyah/.local/lib/python3.10/site-packages/airflow/example_dags/example_setup_teardown_taskflow.py
[2025-03-12T14:17:07.137+0200] {logging_mixin.py:190} INFO - [2025-03-12T14:17:07.137+0200] {dag.py:3239} INFO - Sync 1 DAGs
[2025-03-12T14:17:07.154+0200] {logging_mixin.py:190} INFO - [2025-03-12T14:17:07.154+0200] {dag.py:4180} INFO - Setting next_dagrun for example_setup_teardown_taskflow to None, run_after=None
[2025-03-12T14:17:07.178+0200] {processor.py:208} INFO - Processing /home/munyah/.local/lib/python3.10/site-packages/airflow/example_dags/example_setup_teardown_taskflow.py took 0.094 seconds
[2025-03-12T14:18:11.461+0200] {processor.py:186} INFO - Started process (PID=134650) to work on /home/munyah/.local/lib/python3.10/site-packages/airflow/example_dags/example_setup_teardown_taskflow.py
[2025-03-12T14:18:11.462+0200] {processor.py:914} INFO - Processing file /home/munyah/.local/lib/python3.10/site-packages/airflow/example_dags/example_setup_teardown_taskflow.py for tasks to queue
[2025-03-12T14:18:11.465+0200] {logging_mixin.py:190} INFO - [2025-03-12T14:18:11.464+0200] {dagbag.py:588} INFO - Filling up the DagBag from /home/munyah/.local/lib/python3.10/site-packages/airflow/example_dags/example_setup_teardown_taskflow.py
[2025-03-12T14:18:11.478+0200] {processor.py:925} INFO - DAG(s) 'example_setup_teardown_taskflow' retrieved from /home/munyah/.local/lib/python3.10/site-packages/airflow/example_dags/example_setup_teardown_taskflow.py
[2025-03-12T14:18:11.498+0200] {logging_mixin.py:190} INFO - [2025-03-12T14:18:11.497+0200] {dag.py:3239} INFO - Sync 1 DAGs
[2025-03-12T14:18:11.511+0200] {logging_mixin.py:190} INFO - [2025-03-12T14:18:11.511+0200] {dag.py:4180} INFO - Setting next_dagrun for example_setup_teardown_taskflow to None, run_after=None
[2025-03-12T14:18:11.532+0200] {processor.py:208} INFO - Processing /home/munyah/.local/lib/python3.10/site-packages/airflow/example_dags/example_setup_teardown_taskflow.py took 0.079 seconds
[2025-03-12T14:19:11.183+0200] {processor.py:186} INFO - Started process (PID=134913) to work on /home/munyah/.local/lib/python3.10/site-packages/airflow/example_dags/example_setup_teardown_taskflow.py
[2025-03-12T14:19:11.185+0200] {processor.py:914} INFO - Processing file /home/munyah/.local/lib/python3.10/site-packages/airflow/example_dags/example_setup_teardown_taskflow.py for tasks to queue
[2025-03-12T14:19:11.187+0200] {logging_mixin.py:190} INFO - [2025-03-12T14:19:11.187+0200] {dagbag.py:588} INFO - Filling up the DagBag from /home/munyah/.local/lib/python3.10/site-packages/airflow/example_dags/example_setup_teardown_taskflow.py
[2025-03-12T14:19:11.201+0200] {processor.py:925} INFO - DAG(s) 'example_setup_teardown_taskflow' retrieved from /home/munyah/.local/lib/python3.10/site-packages/airflow/example_dags/example_setup_teardown_taskflow.py
[2025-03-12T14:19:11.223+0200] {logging_mixin.py:190} INFO - [2025-03-12T14:19:11.222+0200] {dag.py:3239} INFO - Sync 1 DAGs
[2025-03-12T14:19:11.236+0200] {logging_mixin.py:190} INFO - [2025-03-12T14:19:11.236+0200] {dag.py:4180} INFO - Setting next_dagrun for example_setup_teardown_taskflow to None, run_after=None
[2025-03-12T14:19:11.258+0200] {processor.py:208} INFO - Processing /home/munyah/.local/lib/python3.10/site-packages/airflow/example_dags/example_setup_teardown_taskflow.py took 0.083 seconds
[2025-03-12T14:20:09.230+0200] {processor.py:186} INFO - Started process (PID=135074) to work on /home/munyah/.local/lib/python3.10/site-packages/airflow/example_dags/example_setup_teardown_taskflow.py
[2025-03-12T14:20:09.231+0200] {processor.py:914} INFO - Processing file /home/munyah/.local/lib/python3.10/site-packages/airflow/example_dags/example_setup_teardown_taskflow.py for tasks to queue
[2025-03-12T14:20:09.234+0200] {logging_mixin.py:190} INFO - [2025-03-12T14:20:09.233+0200] {dagbag.py:588} INFO - Filling up the DagBag from /home/munyah/.local/lib/python3.10/site-packages/airflow/example_dags/example_setup_teardown_taskflow.py
[2025-03-12T14:20:09.251+0200] {processor.py:925} INFO - DAG(s) 'example_setup_teardown_taskflow' retrieved from /home/munyah/.local/lib/python3.10/site-packages/airflow/example_dags/example_setup_teardown_taskflow.py
[2025-03-12T14:20:09.277+0200] {logging_mixin.py:190} INFO - [2025-03-12T14:20:09.277+0200] {dag.py:3239} INFO - Sync 1 DAGs
[2025-03-12T14:20:09.291+0200] {logging_mixin.py:190} INFO - [2025-03-12T14:20:09.291+0200] {dag.py:4180} INFO - Setting next_dagrun for example_setup_teardown_taskflow to None, run_after=None
[2025-03-12T14:20:09.313+0200] {processor.py:208} INFO - Processing /home/munyah/.local/lib/python3.10/site-packages/airflow/example_dags/example_setup_teardown_taskflow.py took 0.094 seconds
[2025-03-12T14:21:05.828+0200] {processor.py:186} INFO - Started process (PID=135268) to work on /home/munyah/.local/lib/python3.10/site-packages/airflow/example_dags/example_setup_teardown_taskflow.py
[2025-03-12T14:21:05.829+0200] {processor.py:914} INFO - Processing file /home/munyah/.local/lib/python3.10/site-packages/airflow/example_dags/example_setup_teardown_taskflow.py for tasks to queue
[2025-03-12T14:21:05.832+0200] {logging_mixin.py:190} INFO - [2025-03-12T14:21:05.831+0200] {dagbag.py:588} INFO - Filling up the DagBag from /home/munyah/.local/lib/python3.10/site-packages/airflow/example_dags/example_setup_teardown_taskflow.py
[2025-03-12T14:21:05.845+0200] {processor.py:925} INFO - DAG(s) 'example_setup_teardown_taskflow' retrieved from /home/munyah/.local/lib/python3.10/site-packages/airflow/example_dags/example_setup_teardown_taskflow.py
[2025-03-12T14:21:05.865+0200] {logging_mixin.py:190} INFO - [2025-03-12T14:21:05.864+0200] {dag.py:3239} INFO - Sync 1 DAGs
[2025-03-12T14:21:05.878+0200] {logging_mixin.py:190} INFO - [2025-03-12T14:21:05.878+0200] {dag.py:4180} INFO - Setting next_dagrun for example_setup_teardown_taskflow to None, run_after=None
[2025-03-12T14:21:05.900+0200] {processor.py:208} INFO - Processing /home/munyah/.local/lib/python3.10/site-packages/airflow/example_dags/example_setup_teardown_taskflow.py took 0.079 seconds
[2025-03-12T14:22:01.935+0200] {processor.py:186} INFO - Started process (PID=135455) to work on /home/munyah/.local/lib/python3.10/site-packages/airflow/example_dags/example_setup_teardown_taskflow.py
[2025-03-12T14:22:01.936+0200] {processor.py:914} INFO - Processing file /home/munyah/.local/lib/python3.10/site-packages/airflow/example_dags/example_setup_teardown_taskflow.py for tasks to queue
[2025-03-12T14:22:01.939+0200] {logging_mixin.py:190} INFO - [2025-03-12T14:22:01.938+0200] {dagbag.py:588} INFO - Filling up the DagBag from /home/munyah/.local/lib/python3.10/site-packages/airflow/example_dags/example_setup_teardown_taskflow.py
[2025-03-12T14:22:01.952+0200] {processor.py:925} INFO - DAG(s) 'example_setup_teardown_taskflow' retrieved from /home/munyah/.local/lib/python3.10/site-packages/airflow/example_dags/example_setup_teardown_taskflow.py
[2025-03-12T14:22:01.972+0200] {logging_mixin.py:190} INFO - [2025-03-12T14:22:01.971+0200] {dag.py:3239} INFO - Sync 1 DAGs
[2025-03-12T14:22:01.986+0200] {logging_mixin.py:190} INFO - [2025-03-12T14:22:01.985+0200] {dag.py:4180} INFO - Setting next_dagrun for example_setup_teardown_taskflow to None, run_after=None
[2025-03-12T14:22:02.008+0200] {processor.py:208} INFO - Processing /home/munyah/.local/lib/python3.10/site-packages/airflow/example_dags/example_setup_teardown_taskflow.py took 0.080 seconds
[2025-03-12T14:23:03.490+0200] {processor.py:186} INFO - Started process (PID=136394) to work on /home/munyah/.local/lib/python3.10/site-packages/airflow/example_dags/example_setup_teardown_taskflow.py
[2025-03-12T14:23:03.491+0200] {processor.py:914} INFO - Processing file /home/munyah/.local/lib/python3.10/site-packages/airflow/example_dags/example_setup_teardown_taskflow.py for tasks to queue
[2025-03-12T14:23:03.495+0200] {logging_mixin.py:190} INFO - [2025-03-12T14:23:03.495+0200] {dagbag.py:588} INFO - Filling up the DagBag from /home/munyah/.local/lib/python3.10/site-packages/airflow/example_dags/example_setup_teardown_taskflow.py
[2025-03-12T14:23:03.510+0200] {processor.py:925} INFO - DAG(s) 'example_setup_teardown_taskflow' retrieved from /home/munyah/.local/lib/python3.10/site-packages/airflow/example_dags/example_setup_teardown_taskflow.py
[2025-03-12T14:23:03.537+0200] {logging_mixin.py:190} INFO - [2025-03-12T14:23:03.537+0200] {dag.py:3239} INFO - Sync 1 DAGs
[2025-03-12T14:23:03.554+0200] {logging_mixin.py:190} INFO - [2025-03-12T14:23:03.553+0200] {dag.py:4180} INFO - Setting next_dagrun for example_setup_teardown_taskflow to None, run_after=None
[2025-03-12T14:23:03.578+0200] {processor.py:208} INFO - Processing /home/munyah/.local/lib/python3.10/site-packages/airflow/example_dags/example_setup_teardown_taskflow.py took 0.098 seconds
[2025-03-12T14:24:16.048+0200] {processor.py:186} INFO - Started process (PID=136643) to work on /home/munyah/.local/lib/python3.10/site-packages/airflow/example_dags/example_setup_teardown_taskflow.py
[2025-03-12T14:24:16.050+0200] {processor.py:914} INFO - Processing file /home/munyah/.local/lib/python3.10/site-packages/airflow/example_dags/example_setup_teardown_taskflow.py for tasks to queue
[2025-03-12T14:24:16.053+0200] {logging_mixin.py:190} INFO - [2025-03-12T14:24:16.052+0200] {dagbag.py:588} INFO - Filling up the DagBag from /home/munyah/.local/lib/python3.10/site-packages/airflow/example_dags/example_setup_teardown_taskflow.py
[2025-03-12T14:24:16.069+0200] {processor.py:925} INFO - DAG(s) 'example_setup_teardown_taskflow' retrieved from /home/munyah/.local/lib/python3.10/site-packages/airflow/example_dags/example_setup_teardown_taskflow.py
[2025-03-12T14:24:16.090+0200] {logging_mixin.py:190} INFO - [2025-03-12T14:24:16.090+0200] {dag.py:3239} INFO - Sync 1 DAGs
[2025-03-12T14:24:16.104+0200] {logging_mixin.py:190} INFO - [2025-03-12T14:24:16.104+0200] {dag.py:4180} INFO - Setting next_dagrun for example_setup_teardown_taskflow to None, run_after=None
[2025-03-12T14:24:16.127+0200] {processor.py:208} INFO - Processing /home/munyah/.local/lib/python3.10/site-packages/airflow/example_dags/example_setup_teardown_taskflow.py took 0.088 seconds
[2025-03-12T14:25:13.370+0200] {processor.py:186} INFO - Started process (PID=136852) to work on /home/munyah/.local/lib/python3.10/site-packages/airflow/example_dags/example_setup_teardown_taskflow.py
[2025-03-12T14:25:13.371+0200] {processor.py:914} INFO - Processing file /home/munyah/.local/lib/python3.10/site-packages/airflow/example_dags/example_setup_teardown_taskflow.py for tasks to queue
[2025-03-12T14:25:13.374+0200] {logging_mixin.py:190} INFO - [2025-03-12T14:25:13.373+0200] {dagbag.py:588} INFO - Filling up the DagBag from /home/munyah/.local/lib/python3.10/site-packages/airflow/example_dags/example_setup_teardown_taskflow.py
[2025-03-12T14:25:13.388+0200] {processor.py:925} INFO - DAG(s) 'example_setup_teardown_taskflow' retrieved from /home/munyah/.local/lib/python3.10/site-packages/airflow/example_dags/example_setup_teardown_taskflow.py
[2025-03-12T14:25:13.410+0200] {logging_mixin.py:190} INFO - [2025-03-12T14:25:13.410+0200] {dag.py:3239} INFO - Sync 1 DAGs
[2025-03-12T14:25:13.426+0200] {logging_mixin.py:190} INFO - [2025-03-12T14:25:13.426+0200] {dag.py:4180} INFO - Setting next_dagrun for example_setup_teardown_taskflow to None, run_after=None
[2025-03-12T14:25:13.448+0200] {processor.py:208} INFO - Processing /home/munyah/.local/lib/python3.10/site-packages/airflow/example_dags/example_setup_teardown_taskflow.py took 0.087 seconds
[2025-03-12T14:26:13.002+0200] {processor.py:186} INFO - Started process (PID=137066) to work on /home/munyah/.local/lib/python3.10/site-packages/airflow/example_dags/example_setup_teardown_taskflow.py
[2025-03-12T14:26:13.003+0200] {processor.py:914} INFO - Processing file /home/munyah/.local/lib/python3.10/site-packages/airflow/example_dags/example_setup_teardown_taskflow.py for tasks to queue
[2025-03-12T14:26:13.006+0200] {logging_mixin.py:190} INFO - [2025-03-12T14:26:13.005+0200] {dagbag.py:588} INFO - Filling up the DagBag from /home/munyah/.local/lib/python3.10/site-packages/airflow/example_dags/example_setup_teardown_taskflow.py
[2025-03-12T14:26:13.020+0200] {processor.py:925} INFO - DAG(s) 'example_setup_teardown_taskflow' retrieved from /home/munyah/.local/lib/python3.10/site-packages/airflow/example_dags/example_setup_teardown_taskflow.py
[2025-03-12T14:26:13.042+0200] {logging_mixin.py:190} INFO - [2025-03-12T14:26:13.041+0200] {dag.py:3239} INFO - Sync 1 DAGs
[2025-03-12T14:26:13.058+0200] {logging_mixin.py:190} INFO - [2025-03-12T14:26:13.057+0200] {dag.py:4180} INFO - Setting next_dagrun for example_setup_teardown_taskflow to None, run_after=None
[2025-03-12T14:26:13.082+0200] {processor.py:208} INFO - Processing /home/munyah/.local/lib/python3.10/site-packages/airflow/example_dags/example_setup_teardown_taskflow.py took 0.089 seconds
[2025-03-12T14:27:14.311+0200] {processor.py:186} INFO - Started process (PID=137258) to work on /home/munyah/.local/lib/python3.10/site-packages/airflow/example_dags/example_setup_teardown_taskflow.py
[2025-03-12T14:27:14.313+0200] {processor.py:914} INFO - Processing file /home/munyah/.local/lib/python3.10/site-packages/airflow/example_dags/example_setup_teardown_taskflow.py for tasks to queue
[2025-03-12T14:27:14.316+0200] {logging_mixin.py:190} INFO - [2025-03-12T14:27:14.315+0200] {dagbag.py:588} INFO - Filling up the DagBag from /home/munyah/.local/lib/python3.10/site-packages/airflow/example_dags/example_setup_teardown_taskflow.py
[2025-03-12T14:27:14.331+0200] {processor.py:925} INFO - DAG(s) 'example_setup_teardown_taskflow' retrieved from /home/munyah/.local/lib/python3.10/site-packages/airflow/example_dags/example_setup_teardown_taskflow.py
[2025-03-12T14:27:14.351+0200] {logging_mixin.py:190} INFO - [2025-03-12T14:27:14.351+0200] {dag.py:3239} INFO - Sync 1 DAGs
[2025-03-12T14:27:14.367+0200] {logging_mixin.py:190} INFO - [2025-03-12T14:27:14.366+0200] {dag.py:4180} INFO - Setting next_dagrun for example_setup_teardown_taskflow to None, run_after=None
[2025-03-12T14:27:14.390+0200] {processor.py:208} INFO - Processing /home/munyah/.local/lib/python3.10/site-packages/airflow/example_dags/example_setup_teardown_taskflow.py took 0.088 seconds
[2025-03-12T14:28:17.822+0200] {processor.py:186} INFO - Started process (PID=137456) to work on /home/munyah/.local/lib/python3.10/site-packages/airflow/example_dags/example_setup_teardown_taskflow.py
[2025-03-12T14:28:17.823+0200] {processor.py:914} INFO - Processing file /home/munyah/.local/lib/python3.10/site-packages/airflow/example_dags/example_setup_teardown_taskflow.py for tasks to queue
[2025-03-12T14:28:17.826+0200] {logging_mixin.py:190} INFO - [2025-03-12T14:28:17.826+0200] {dagbag.py:588} INFO - Filling up the DagBag from /home/munyah/.local/lib/python3.10/site-packages/airflow/example_dags/example_setup_teardown_taskflow.py
[2025-03-12T14:28:17.841+0200] {processor.py:925} INFO - DAG(s) 'example_setup_teardown_taskflow' retrieved from /home/munyah/.local/lib/python3.10/site-packages/airflow/example_dags/example_setup_teardown_taskflow.py
[2025-03-12T14:28:17.870+0200] {logging_mixin.py:190} INFO - [2025-03-12T14:28:17.869+0200] {dag.py:3239} INFO - Sync 1 DAGs
[2025-03-12T14:28:17.890+0200] {logging_mixin.py:190} INFO - [2025-03-12T14:28:17.890+0200] {dag.py:4180} INFO - Setting next_dagrun for example_setup_teardown_taskflow to None, run_after=None
[2025-03-12T14:28:17.913+0200] {processor.py:208} INFO - Processing /home/munyah/.local/lib/python3.10/site-packages/airflow/example_dags/example_setup_teardown_taskflow.py took 0.101 seconds
[2025-03-12T14:29:15.205+0200] {processor.py:186} INFO - Started process (PID=138034) to work on /home/munyah/.local/lib/python3.10/site-packages/airflow/example_dags/example_setup_teardown_taskflow.py
[2025-03-12T14:29:15.207+0200] {processor.py:914} INFO - Processing file /home/munyah/.local/lib/python3.10/site-packages/airflow/example_dags/example_setup_teardown_taskflow.py for tasks to queue
[2025-03-12T14:29:15.210+0200] {logging_mixin.py:190} INFO - [2025-03-12T14:29:15.210+0200] {dagbag.py:588} INFO - Filling up the DagBag from /home/munyah/.local/lib/python3.10/site-packages/airflow/example_dags/example_setup_teardown_taskflow.py
[2025-03-12T14:29:15.232+0200] {processor.py:925} INFO - DAG(s) 'example_setup_teardown_taskflow' retrieved from /home/munyah/.local/lib/python3.10/site-packages/airflow/example_dags/example_setup_teardown_taskflow.py
[2025-03-12T14:29:15.262+0200] {logging_mixin.py:190} INFO - [2025-03-12T14:29:15.262+0200] {dag.py:3239} INFO - Sync 1 DAGs
[2025-03-12T14:29:15.283+0200] {logging_mixin.py:190} INFO - [2025-03-12T14:29:15.282+0200] {dag.py:4180} INFO - Setting next_dagrun for example_setup_teardown_taskflow to None, run_after=None
[2025-03-12T14:29:15.309+0200] {processor.py:208} INFO - Processing /home/munyah/.local/lib/python3.10/site-packages/airflow/example_dags/example_setup_teardown_taskflow.py took 0.114 seconds
[2025-03-12T14:30:13.810+0200] {processor.py:186} INFO - Started process (PID=138640) to work on /home/munyah/.local/lib/python3.10/site-packages/airflow/example_dags/example_setup_teardown_taskflow.py
[2025-03-12T14:30:13.812+0200] {processor.py:914} INFO - Processing file /home/munyah/.local/lib/python3.10/site-packages/airflow/example_dags/example_setup_teardown_taskflow.py for tasks to queue
[2025-03-12T14:30:13.816+0200] {logging_mixin.py:190} INFO - [2025-03-12T14:30:13.815+0200] {dagbag.py:588} INFO - Filling up the DagBag from /home/munyah/.local/lib/python3.10/site-packages/airflow/example_dags/example_setup_teardown_taskflow.py
[2025-03-12T14:30:13.836+0200] {processor.py:925} INFO - DAG(s) 'example_setup_teardown_taskflow' retrieved from /home/munyah/.local/lib/python3.10/site-packages/airflow/example_dags/example_setup_teardown_taskflow.py
[2025-03-12T14:30:13.862+0200] {logging_mixin.py:190} INFO - [2025-03-12T14:30:13.861+0200] {dag.py:3239} INFO - Sync 1 DAGs
[2025-03-12T14:30:13.879+0200] {logging_mixin.py:190} INFO - [2025-03-12T14:30:13.879+0200] {dag.py:4180} INFO - Setting next_dagrun for example_setup_teardown_taskflow to None, run_after=None
[2025-03-12T14:30:13.901+0200] {processor.py:208} INFO - Processing /home/munyah/.local/lib/python3.10/site-packages/airflow/example_dags/example_setup_teardown_taskflow.py took 0.104 seconds
[2025-03-12T14:31:17.807+0200] {processor.py:186} INFO - Started process (PID=138893) to work on /home/munyah/.local/lib/python3.10/site-packages/airflow/example_dags/example_setup_teardown_taskflow.py
[2025-03-12T14:31:17.809+0200] {processor.py:914} INFO - Processing file /home/munyah/.local/lib/python3.10/site-packages/airflow/example_dags/example_setup_teardown_taskflow.py for tasks to queue
[2025-03-12T14:31:17.811+0200] {logging_mixin.py:190} INFO - [2025-03-12T14:31:17.811+0200] {dagbag.py:588} INFO - Filling up the DagBag from /home/munyah/.local/lib/python3.10/site-packages/airflow/example_dags/example_setup_teardown_taskflow.py
[2025-03-12T14:31:17.825+0200] {processor.py:925} INFO - DAG(s) 'example_setup_teardown_taskflow' retrieved from /home/munyah/.local/lib/python3.10/site-packages/airflow/example_dags/example_setup_teardown_taskflow.py
[2025-03-12T14:31:17.845+0200] {logging_mixin.py:190} INFO - [2025-03-12T14:31:17.845+0200] {dag.py:3239} INFO - Sync 1 DAGs
[2025-03-12T14:31:17.860+0200] {logging_mixin.py:190} INFO - [2025-03-12T14:31:17.860+0200] {dag.py:4180} INFO - Setting next_dagrun for example_setup_teardown_taskflow to None, run_after=None
[2025-03-12T14:31:17.882+0200] {processor.py:208} INFO - Processing /home/munyah/.local/lib/python3.10/site-packages/airflow/example_dags/example_setup_teardown_taskflow.py took 0.083 seconds
[2025-03-12T14:32:21.849+0200] {processor.py:186} INFO - Started process (PID=139106) to work on /home/munyah/.local/lib/python3.10/site-packages/airflow/example_dags/example_setup_teardown_taskflow.py
[2025-03-12T14:32:21.850+0200] {processor.py:914} INFO - Processing file /home/munyah/.local/lib/python3.10/site-packages/airflow/example_dags/example_setup_teardown_taskflow.py for tasks to queue
[2025-03-12T14:32:21.853+0200] {logging_mixin.py:190} INFO - [2025-03-12T14:32:21.853+0200] {dagbag.py:588} INFO - Filling up the DagBag from /home/munyah/.local/lib/python3.10/site-packages/airflow/example_dags/example_setup_teardown_taskflow.py
[2025-03-12T14:32:21.868+0200] {processor.py:925} INFO - DAG(s) 'example_setup_teardown_taskflow' retrieved from /home/munyah/.local/lib/python3.10/site-packages/airflow/example_dags/example_setup_teardown_taskflow.py
[2025-03-12T14:32:21.890+0200] {logging_mixin.py:190} INFO - [2025-03-12T14:32:21.889+0200] {dag.py:3239} INFO - Sync 1 DAGs
[2025-03-12T14:32:21.905+0200] {logging_mixin.py:190} INFO - [2025-03-12T14:32:21.904+0200] {dag.py:4180} INFO - Setting next_dagrun for example_setup_teardown_taskflow to None, run_after=None
[2025-03-12T14:32:21.944+0200] {processor.py:208} INFO - Processing /home/munyah/.local/lib/python3.10/site-packages/airflow/example_dags/example_setup_teardown_taskflow.py took 0.104 seconds
[2025-03-12T14:33:25.312+0200] {processor.py:186} INFO - Started process (PID=139807) to work on /home/munyah/.local/lib/python3.10/site-packages/airflow/example_dags/example_setup_teardown_taskflow.py
[2025-03-12T14:33:25.314+0200] {processor.py:914} INFO - Processing file /home/munyah/.local/lib/python3.10/site-packages/airflow/example_dags/example_setup_teardown_taskflow.py for tasks to queue
[2025-03-12T14:33:25.317+0200] {logging_mixin.py:190} INFO - [2025-03-12T14:33:25.316+0200] {dagbag.py:588} INFO - Filling up the DagBag from /home/munyah/.local/lib/python3.10/site-packages/airflow/example_dags/example_setup_teardown_taskflow.py
[2025-03-12T14:33:25.332+0200] {processor.py:925} INFO - DAG(s) 'example_setup_teardown_taskflow' retrieved from /home/munyah/.local/lib/python3.10/site-packages/airflow/example_dags/example_setup_teardown_taskflow.py
[2025-03-12T14:33:25.357+0200] {logging_mixin.py:190} INFO - [2025-03-12T14:33:25.356+0200] {dag.py:3239} INFO - Sync 1 DAGs
[2025-03-12T14:33:25.373+0200] {logging_mixin.py:190} INFO - [2025-03-12T14:33:25.373+0200] {dag.py:4180} INFO - Setting next_dagrun for example_setup_teardown_taskflow to None, run_after=None
[2025-03-12T14:33:25.398+0200] {processor.py:208} INFO - Processing /home/munyah/.local/lib/python3.10/site-packages/airflow/example_dags/example_setup_teardown_taskflow.py took 0.095 seconds
[2025-03-12T14:34:28.983+0200] {processor.py:186} INFO - Started process (PID=140080) to work on /home/munyah/.local/lib/python3.10/site-packages/airflow/example_dags/example_setup_teardown_taskflow.py
[2025-03-12T14:34:28.985+0200] {processor.py:914} INFO - Processing file /home/munyah/.local/lib/python3.10/site-packages/airflow/example_dags/example_setup_teardown_taskflow.py for tasks to queue
[2025-03-12T14:34:28.990+0200] {logging_mixin.py:190} INFO - [2025-03-12T14:34:28.990+0200] {dagbag.py:588} INFO - Filling up the DagBag from /home/munyah/.local/lib/python3.10/site-packages/airflow/example_dags/example_setup_teardown_taskflow.py
[2025-03-12T14:34:29.009+0200] {processor.py:925} INFO - DAG(s) 'example_setup_teardown_taskflow' retrieved from /home/munyah/.local/lib/python3.10/site-packages/airflow/example_dags/example_setup_teardown_taskflow.py
[2025-03-12T14:34:29.030+0200] {logging_mixin.py:190} INFO - [2025-03-12T14:34:29.030+0200] {dag.py:3239} INFO - Sync 1 DAGs
[2025-03-12T14:34:29.046+0200] {logging_mixin.py:190} INFO - [2025-03-12T14:34:29.046+0200] {dag.py:4180} INFO - Setting next_dagrun for example_setup_teardown_taskflow to None, run_after=None
[2025-03-12T14:34:29.069+0200] {processor.py:208} INFO - Processing /home/munyah/.local/lib/python3.10/site-packages/airflow/example_dags/example_setup_teardown_taskflow.py took 0.102 seconds
[2025-03-12T14:35:31.398+0200] {processor.py:186} INFO - Started process (PID=140271) to work on /home/munyah/.local/lib/python3.10/site-packages/airflow/example_dags/example_setup_teardown_taskflow.py
[2025-03-12T14:35:31.399+0200] {processor.py:914} INFO - Processing file /home/munyah/.local/lib/python3.10/site-packages/airflow/example_dags/example_setup_teardown_taskflow.py for tasks to queue
[2025-03-12T14:35:31.402+0200] {logging_mixin.py:190} INFO - [2025-03-12T14:35:31.402+0200] {dagbag.py:588} INFO - Filling up the DagBag from /home/munyah/.local/lib/python3.10/site-packages/airflow/example_dags/example_setup_teardown_taskflow.py
[2025-03-12T14:35:31.419+0200] {processor.py:925} INFO - DAG(s) 'example_setup_teardown_taskflow' retrieved from /home/munyah/.local/lib/python3.10/site-packages/airflow/example_dags/example_setup_teardown_taskflow.py
[2025-03-12T14:35:31.442+0200] {logging_mixin.py:190} INFO - [2025-03-12T14:35:31.441+0200] {dag.py:3239} INFO - Sync 1 DAGs
[2025-03-12T14:35:31.456+0200] {logging_mixin.py:190} INFO - [2025-03-12T14:35:31.456+0200] {dag.py:4180} INFO - Setting next_dagrun for example_setup_teardown_taskflow to None, run_after=None
[2025-03-12T14:35:31.479+0200] {processor.py:208} INFO - Processing /home/munyah/.local/lib/python3.10/site-packages/airflow/example_dags/example_setup_teardown_taskflow.py took 0.092 seconds
[2025-03-12T14:36:40.154+0200] {processor.py:186} INFO - Started process (PID=140490) to work on /home/munyah/.local/lib/python3.10/site-packages/airflow/example_dags/example_setup_teardown_taskflow.py
[2025-03-12T14:36:40.156+0200] {processor.py:914} INFO - Processing file /home/munyah/.local/lib/python3.10/site-packages/airflow/example_dags/example_setup_teardown_taskflow.py for tasks to queue
[2025-03-12T14:36:40.159+0200] {logging_mixin.py:190} INFO - [2025-03-12T14:36:40.158+0200] {dagbag.py:588} INFO - Filling up the DagBag from /home/munyah/.local/lib/python3.10/site-packages/airflow/example_dags/example_setup_teardown_taskflow.py
[2025-03-12T14:36:40.172+0200] {processor.py:925} INFO - DAG(s) 'example_setup_teardown_taskflow' retrieved from /home/munyah/.local/lib/python3.10/site-packages/airflow/example_dags/example_setup_teardown_taskflow.py
[2025-03-12T14:36:40.194+0200] {logging_mixin.py:190} INFO - [2025-03-12T14:36:40.194+0200] {dag.py:3239} INFO - Sync 1 DAGs
[2025-03-12T14:36:40.208+0200] {logging_mixin.py:190} INFO - [2025-03-12T14:36:40.207+0200] {dag.py:4180} INFO - Setting next_dagrun for example_setup_teardown_taskflow to None, run_after=None
[2025-03-12T14:36:40.229+0200] {processor.py:208} INFO - Processing /home/munyah/.local/lib/python3.10/site-packages/airflow/example_dags/example_setup_teardown_taskflow.py took 0.081 seconds
[2025-03-12T14:37:42.431+0200] {processor.py:186} INFO - Started process (PID=140629) to work on /home/munyah/.local/lib/python3.10/site-packages/airflow/example_dags/example_setup_teardown_taskflow.py
[2025-03-12T14:37:42.432+0200] {processor.py:914} INFO - Processing file /home/munyah/.local/lib/python3.10/site-packages/airflow/example_dags/example_setup_teardown_taskflow.py for tasks to queue
[2025-03-12T14:37:42.435+0200] {logging_mixin.py:190} INFO - [2025-03-12T14:37:42.434+0200] {dagbag.py:588} INFO - Filling up the DagBag from /home/munyah/.local/lib/python3.10/site-packages/airflow/example_dags/example_setup_teardown_taskflow.py
[2025-03-12T14:37:42.448+0200] {processor.py:925} INFO - DAG(s) 'example_setup_teardown_taskflow' retrieved from /home/munyah/.local/lib/python3.10/site-packages/airflow/example_dags/example_setup_teardown_taskflow.py
[2025-03-12T14:37:42.467+0200] {logging_mixin.py:190} INFO - [2025-03-12T14:37:42.467+0200] {dag.py:3239} INFO - Sync 1 DAGs
[2025-03-12T14:37:42.481+0200] {logging_mixin.py:190} INFO - [2025-03-12T14:37:42.480+0200] {dag.py:4180} INFO - Setting next_dagrun for example_setup_teardown_taskflow to None, run_after=None
[2025-03-12T14:37:42.504+0200] {processor.py:208} INFO - Processing /home/munyah/.local/lib/python3.10/site-packages/airflow/example_dags/example_setup_teardown_taskflow.py took 0.080 seconds
[2025-03-12T14:38:48.499+0200] {processor.py:186} INFO - Started process (PID=140710) to work on /home/munyah/.local/lib/python3.10/site-packages/airflow/example_dags/example_setup_teardown_taskflow.py
[2025-03-12T14:38:48.500+0200] {processor.py:914} INFO - Processing file /home/munyah/.local/lib/python3.10/site-packages/airflow/example_dags/example_setup_teardown_taskflow.py for tasks to queue
[2025-03-12T14:38:48.504+0200] {logging_mixin.py:190} INFO - [2025-03-12T14:38:48.504+0200] {dagbag.py:588} INFO - Filling up the DagBag from /home/munyah/.local/lib/python3.10/site-packages/airflow/example_dags/example_setup_teardown_taskflow.py
[2025-03-12T14:38:48.522+0200] {processor.py:925} INFO - DAG(s) 'example_setup_teardown_taskflow' retrieved from /home/munyah/.local/lib/python3.10/site-packages/airflow/example_dags/example_setup_teardown_taskflow.py
[2025-03-12T14:38:48.541+0200] {logging_mixin.py:190} INFO - [2025-03-12T14:38:48.541+0200] {dag.py:3239} INFO - Sync 1 DAGs
[2025-03-12T14:38:48.555+0200] {logging_mixin.py:190} INFO - [2025-03-12T14:38:48.554+0200] {dag.py:4180} INFO - Setting next_dagrun for example_setup_teardown_taskflow to None, run_after=None
[2025-03-12T14:38:48.575+0200] {processor.py:208} INFO - Processing /home/munyah/.local/lib/python3.10/site-packages/airflow/example_dags/example_setup_teardown_taskflow.py took 0.088 seconds
[2025-03-12T14:39:54.077+0200] {processor.py:186} INFO - Started process (PID=140816) to work on /home/munyah/.local/lib/python3.10/site-packages/airflow/example_dags/example_setup_teardown_taskflow.py
[2025-03-12T14:39:54.078+0200] {processor.py:914} INFO - Processing file /home/munyah/.local/lib/python3.10/site-packages/airflow/example_dags/example_setup_teardown_taskflow.py for tasks to queue
[2025-03-12T14:39:54.082+0200] {logging_mixin.py:190} INFO - [2025-03-12T14:39:54.081+0200] {dagbag.py:588} INFO - Filling up the DagBag from /home/munyah/.local/lib/python3.10/site-packages/airflow/example_dags/example_setup_teardown_taskflow.py
[2025-03-12T14:39:54.098+0200] {processor.py:925} INFO - DAG(s) 'example_setup_teardown_taskflow' retrieved from /home/munyah/.local/lib/python3.10/site-packages/airflow/example_dags/example_setup_teardown_taskflow.py
[2025-03-12T14:39:54.117+0200] {logging_mixin.py:190} INFO - [2025-03-12T14:39:54.117+0200] {dag.py:3239} INFO - Sync 1 DAGs
[2025-03-12T14:39:54.131+0200] {logging_mixin.py:190} INFO - [2025-03-12T14:39:54.131+0200] {dag.py:4180} INFO - Setting next_dagrun for example_setup_teardown_taskflow to None, run_after=None
[2025-03-12T14:39:54.153+0200] {processor.py:208} INFO - Processing /home/munyah/.local/lib/python3.10/site-packages/airflow/example_dags/example_setup_teardown_taskflow.py took 0.085 seconds
[2025-03-12T14:40:55.547+0200] {processor.py:186} INFO - Started process (PID=140950) to work on /home/munyah/.local/lib/python3.10/site-packages/airflow/example_dags/example_setup_teardown_taskflow.py
[2025-03-12T14:40:55.552+0200] {processor.py:914} INFO - Processing file /home/munyah/.local/lib/python3.10/site-packages/airflow/example_dags/example_setup_teardown_taskflow.py for tasks to queue
[2025-03-12T14:40:55.555+0200] {logging_mixin.py:190} INFO - [2025-03-12T14:40:55.555+0200] {dagbag.py:588} INFO - Filling up the DagBag from /home/munyah/.local/lib/python3.10/site-packages/airflow/example_dags/example_setup_teardown_taskflow.py
[2025-03-12T14:40:55.587+0200] {processor.py:925} INFO - DAG(s) 'example_setup_teardown_taskflow' retrieved from /home/munyah/.local/lib/python3.10/site-packages/airflow/example_dags/example_setup_teardown_taskflow.py
[2025-03-12T14:40:55.619+0200] {logging_mixin.py:190} INFO - [2025-03-12T14:40:55.619+0200] {dag.py:3239} INFO - Sync 1 DAGs
[2025-03-12T14:40:55.642+0200] {logging_mixin.py:190} INFO - [2025-03-12T14:40:55.642+0200] {dag.py:4180} INFO - Setting next_dagrun for example_setup_teardown_taskflow to None, run_after=None
[2025-03-12T14:40:55.669+0200] {processor.py:208} INFO - Processing /home/munyah/.local/lib/python3.10/site-packages/airflow/example_dags/example_setup_teardown_taskflow.py took 0.135 seconds
[2025-03-12T14:41:57.983+0200] {processor.py:186} INFO - Started process (PID=141263) to work on /home/munyah/.local/lib/python3.10/site-packages/airflow/example_dags/example_setup_teardown_taskflow.py
[2025-03-12T14:41:57.986+0200] {processor.py:914} INFO - Processing file /home/munyah/.local/lib/python3.10/site-packages/airflow/example_dags/example_setup_teardown_taskflow.py for tasks to queue
[2025-03-12T14:41:57.992+0200] {logging_mixin.py:190} INFO - [2025-03-12T14:41:57.991+0200] {dagbag.py:588} INFO - Filling up the DagBag from /home/munyah/.local/lib/python3.10/site-packages/airflow/example_dags/example_setup_teardown_taskflow.py
[2025-03-12T14:41:58.023+0200] {processor.py:925} INFO - DAG(s) 'example_setup_teardown_taskflow' retrieved from /home/munyah/.local/lib/python3.10/site-packages/airflow/example_dags/example_setup_teardown_taskflow.py
[2025-03-12T14:41:58.046+0200] {logging_mixin.py:190} INFO - [2025-03-12T14:41:58.045+0200] {dag.py:3239} INFO - Sync 1 DAGs
[2025-03-12T14:41:58.060+0200] {logging_mixin.py:190} INFO - [2025-03-12T14:41:58.060+0200] {dag.py:4180} INFO - Setting next_dagrun for example_setup_teardown_taskflow to None, run_after=None
[2025-03-12T14:41:58.083+0200] {processor.py:208} INFO - Processing /home/munyah/.local/lib/python3.10/site-packages/airflow/example_dags/example_setup_teardown_taskflow.py took 0.118 seconds
[2025-03-12T14:42:58.642+0200] {processor.py:186} INFO - Started process (PID=141461) to work on /home/munyah/.local/lib/python3.10/site-packages/airflow/example_dags/example_setup_teardown_taskflow.py
[2025-03-12T14:42:58.644+0200] {processor.py:914} INFO - Processing file /home/munyah/.local/lib/python3.10/site-packages/airflow/example_dags/example_setup_teardown_taskflow.py for tasks to queue
[2025-03-12T14:42:58.646+0200] {logging_mixin.py:190} INFO - [2025-03-12T14:42:58.646+0200] {dagbag.py:588} INFO - Filling up the DagBag from /home/munyah/.local/lib/python3.10/site-packages/airflow/example_dags/example_setup_teardown_taskflow.py
[2025-03-12T14:42:58.661+0200] {processor.py:925} INFO - DAG(s) 'example_setup_teardown_taskflow' retrieved from /home/munyah/.local/lib/python3.10/site-packages/airflow/example_dags/example_setup_teardown_taskflow.py
[2025-03-12T14:42:58.682+0200] {logging_mixin.py:190} INFO - [2025-03-12T14:42:58.682+0200] {dag.py:3239} INFO - Sync 1 DAGs
[2025-03-12T14:42:58.698+0200] {logging_mixin.py:190} INFO - [2025-03-12T14:42:58.697+0200] {dag.py:4180} INFO - Setting next_dagrun for example_setup_teardown_taskflow to None, run_after=None
[2025-03-12T14:42:58.719+0200] {processor.py:208} INFO - Processing /home/munyah/.local/lib/python3.10/site-packages/airflow/example_dags/example_setup_teardown_taskflow.py took 0.084 seconds
[2025-03-12T14:43:58.527+0200] {processor.py:186} INFO - Started process (PID=141629) to work on /home/munyah/.local/lib/python3.10/site-packages/airflow/example_dags/example_setup_teardown_taskflow.py
[2025-03-12T14:43:58.528+0200] {processor.py:914} INFO - Processing file /home/munyah/.local/lib/python3.10/site-packages/airflow/example_dags/example_setup_teardown_taskflow.py for tasks to queue
[2025-03-12T14:43:58.530+0200] {logging_mixin.py:190} INFO - [2025-03-12T14:43:58.530+0200] {dagbag.py:588} INFO - Filling up the DagBag from /home/munyah/.local/lib/python3.10/site-packages/airflow/example_dags/example_setup_teardown_taskflow.py
[2025-03-12T14:43:58.545+0200] {processor.py:925} INFO - DAG(s) 'example_setup_teardown_taskflow' retrieved from /home/munyah/.local/lib/python3.10/site-packages/airflow/example_dags/example_setup_teardown_taskflow.py
[2025-03-12T14:43:58.565+0200] {logging_mixin.py:190} INFO - [2025-03-12T14:43:58.565+0200] {dag.py:3239} INFO - Sync 1 DAGs
[2025-03-12T14:43:58.580+0200] {logging_mixin.py:190} INFO - [2025-03-12T14:43:58.580+0200] {dag.py:4180} INFO - Setting next_dagrun for example_setup_teardown_taskflow to None, run_after=None
[2025-03-12T14:43:58.609+0200] {processor.py:208} INFO - Processing /home/munyah/.local/lib/python3.10/site-packages/airflow/example_dags/example_setup_teardown_taskflow.py took 0.090 seconds
[2025-03-12T14:44:58.276+0200] {processor.py:186} INFO - Started process (PID=141819) to work on /home/munyah/.local/lib/python3.10/site-packages/airflow/example_dags/example_setup_teardown_taskflow.py
[2025-03-12T14:44:58.278+0200] {processor.py:914} INFO - Processing file /home/munyah/.local/lib/python3.10/site-packages/airflow/example_dags/example_setup_teardown_taskflow.py for tasks to queue
[2025-03-12T14:44:58.281+0200] {logging_mixin.py:190} INFO - [2025-03-12T14:44:58.280+0200] {dagbag.py:588} INFO - Filling up the DagBag from /home/munyah/.local/lib/python3.10/site-packages/airflow/example_dags/example_setup_teardown_taskflow.py
[2025-03-12T14:44:58.295+0200] {processor.py:925} INFO - DAG(s) 'example_setup_teardown_taskflow' retrieved from /home/munyah/.local/lib/python3.10/site-packages/airflow/example_dags/example_setup_teardown_taskflow.py
[2025-03-12T14:44:58.315+0200] {logging_mixin.py:190} INFO - [2025-03-12T14:44:58.315+0200] {dag.py:3239} INFO - Sync 1 DAGs
[2025-03-12T14:44:58.330+0200] {logging_mixin.py:190} INFO - [2025-03-12T14:44:58.330+0200] {dag.py:4180} INFO - Setting next_dagrun for example_setup_teardown_taskflow to None, run_after=None
[2025-03-12T14:44:58.351+0200] {processor.py:208} INFO - Processing /home/munyah/.local/lib/python3.10/site-packages/airflow/example_dags/example_setup_teardown_taskflow.py took 0.083 seconds
[2025-03-12T14:45:57.700+0200] {processor.py:186} INFO - Started process (PID=142036) to work on /home/munyah/.local/lib/python3.10/site-packages/airflow/example_dags/example_setup_teardown_taskflow.py
[2025-03-12T14:45:57.701+0200] {processor.py:914} INFO - Processing file /home/munyah/.local/lib/python3.10/site-packages/airflow/example_dags/example_setup_teardown_taskflow.py for tasks to queue
[2025-03-12T14:45:57.703+0200] {logging_mixin.py:190} INFO - [2025-03-12T14:45:57.703+0200] {dagbag.py:588} INFO - Filling up the DagBag from /home/munyah/.local/lib/python3.10/site-packages/airflow/example_dags/example_setup_teardown_taskflow.py
[2025-03-12T14:45:57.717+0200] {processor.py:925} INFO - DAG(s) 'example_setup_teardown_taskflow' retrieved from /home/munyah/.local/lib/python3.10/site-packages/airflow/example_dags/example_setup_teardown_taskflow.py
[2025-03-12T14:45:57.737+0200] {logging_mixin.py:190} INFO - [2025-03-12T14:45:57.737+0200] {dag.py:3239} INFO - Sync 1 DAGs
[2025-03-12T14:45:57.753+0200] {logging_mixin.py:190} INFO - [2025-03-12T14:45:57.752+0200] {dag.py:4180} INFO - Setting next_dagrun for example_setup_teardown_taskflow to None, run_after=None
[2025-03-12T14:45:57.776+0200] {processor.py:208} INFO - Processing /home/munyah/.local/lib/python3.10/site-packages/airflow/example_dags/example_setup_teardown_taskflow.py took 0.085 seconds
[2025-03-12T14:48:41.153+0200] {processor.py:186} INFO - Started process (PID=142453) to work on /home/munyah/.local/lib/python3.10/site-packages/airflow/example_dags/example_setup_teardown_taskflow.py
[2025-03-12T14:48:41.154+0200] {processor.py:914} INFO - Processing file /home/munyah/.local/lib/python3.10/site-packages/airflow/example_dags/example_setup_teardown_taskflow.py for tasks to queue
[2025-03-12T14:48:41.157+0200] {logging_mixin.py:190} INFO - [2025-03-12T14:48:41.156+0200] {dagbag.py:588} INFO - Filling up the DagBag from /home/munyah/.local/lib/python3.10/site-packages/airflow/example_dags/example_setup_teardown_taskflow.py
[2025-03-12T14:48:41.172+0200] {processor.py:925} INFO - DAG(s) 'example_setup_teardown_taskflow' retrieved from /home/munyah/.local/lib/python3.10/site-packages/airflow/example_dags/example_setup_teardown_taskflow.py
[2025-03-12T14:48:41.192+0200] {logging_mixin.py:190} INFO - [2025-03-12T14:48:41.192+0200] {dag.py:3239} INFO - Sync 1 DAGs
[2025-03-12T14:48:41.207+0200] {logging_mixin.py:190} INFO - [2025-03-12T14:48:41.207+0200] {dag.py:4180} INFO - Setting next_dagrun for example_setup_teardown_taskflow to None, run_after=None
[2025-03-12T14:48:41.242+0200] {processor.py:208} INFO - Processing /home/munyah/.local/lib/python3.10/site-packages/airflow/example_dags/example_setup_teardown_taskflow.py took 0.097 seconds
[2025-03-12T14:50:13.287+0200] {processor.py:186} INFO - Started process (PID=142877) to work on /home/munyah/.local/lib/python3.10/site-packages/airflow/example_dags/example_setup_teardown_taskflow.py
[2025-03-12T14:50:13.288+0200] {processor.py:914} INFO - Processing file /home/munyah/.local/lib/python3.10/site-packages/airflow/example_dags/example_setup_teardown_taskflow.py for tasks to queue
[2025-03-12T14:50:13.291+0200] {logging_mixin.py:190} INFO - [2025-03-12T14:50:13.290+0200] {dagbag.py:588} INFO - Filling up the DagBag from /home/munyah/.local/lib/python3.10/site-packages/airflow/example_dags/example_setup_teardown_taskflow.py
[2025-03-12T14:50:13.316+0200] {processor.py:925} INFO - DAG(s) 'example_setup_teardown_taskflow' retrieved from /home/munyah/.local/lib/python3.10/site-packages/airflow/example_dags/example_setup_teardown_taskflow.py
[2025-03-12T14:50:13.340+0200] {logging_mixin.py:190} INFO - [2025-03-12T14:50:13.339+0200] {dag.py:3239} INFO - Sync 1 DAGs
[2025-03-12T14:50:13.354+0200] {logging_mixin.py:190} INFO - [2025-03-12T14:50:13.354+0200] {dag.py:4180} INFO - Setting next_dagrun for example_setup_teardown_taskflow to None, run_after=None
[2025-03-12T14:50:13.378+0200] {processor.py:208} INFO - Processing /home/munyah/.local/lib/python3.10/site-packages/airflow/example_dags/example_setup_teardown_taskflow.py took 0.099 seconds
[2025-03-12T14:51:18.872+0200] {processor.py:186} INFO - Started process (PID=143115) to work on /home/munyah/.local/lib/python3.10/site-packages/airflow/example_dags/example_setup_teardown_taskflow.py
[2025-03-12T14:51:18.873+0200] {processor.py:914} INFO - Processing file /home/munyah/.local/lib/python3.10/site-packages/airflow/example_dags/example_setup_teardown_taskflow.py for tasks to queue
[2025-03-12T14:51:18.875+0200] {logging_mixin.py:190} INFO - [2025-03-12T14:51:18.875+0200] {dagbag.py:588} INFO - Filling up the DagBag from /home/munyah/.local/lib/python3.10/site-packages/airflow/example_dags/example_setup_teardown_taskflow.py
[2025-03-12T14:51:18.889+0200] {processor.py:925} INFO - DAG(s) 'example_setup_teardown_taskflow' retrieved from /home/munyah/.local/lib/python3.10/site-packages/airflow/example_dags/example_setup_teardown_taskflow.py
[2025-03-12T14:51:18.912+0200] {logging_mixin.py:190} INFO - [2025-03-12T14:51:18.912+0200] {dag.py:3239} INFO - Sync 1 DAGs
[2025-03-12T14:51:18.936+0200] {logging_mixin.py:190} INFO - [2025-03-12T14:51:18.936+0200] {dag.py:4180} INFO - Setting next_dagrun for example_setup_teardown_taskflow to None, run_after=None
[2025-03-12T14:51:18.968+0200] {processor.py:208} INFO - Processing /home/munyah/.local/lib/python3.10/site-packages/airflow/example_dags/example_setup_teardown_taskflow.py took 0.104 seconds
[2025-03-12T14:52:28.606+0200] {processor.py:186} INFO - Started process (PID=143304) to work on /home/munyah/.local/lib/python3.10/site-packages/airflow/example_dags/example_setup_teardown_taskflow.py
[2025-03-12T14:52:28.608+0200] {processor.py:914} INFO - Processing file /home/munyah/.local/lib/python3.10/site-packages/airflow/example_dags/example_setup_teardown_taskflow.py for tasks to queue
[2025-03-12T14:52:28.611+0200] {logging_mixin.py:190} INFO - [2025-03-12T14:52:28.611+0200] {dagbag.py:588} INFO - Filling up the DagBag from /home/munyah/.local/lib/python3.10/site-packages/airflow/example_dags/example_setup_teardown_taskflow.py
[2025-03-12T14:52:28.625+0200] {processor.py:925} INFO - DAG(s) 'example_setup_teardown_taskflow' retrieved from /home/munyah/.local/lib/python3.10/site-packages/airflow/example_dags/example_setup_teardown_taskflow.py
[2025-03-12T14:52:28.646+0200] {logging_mixin.py:190} INFO - [2025-03-12T14:52:28.646+0200] {dag.py:3239} INFO - Sync 1 DAGs
[2025-03-12T14:52:28.660+0200] {logging_mixin.py:190} INFO - [2025-03-12T14:52:28.659+0200] {dag.py:4180} INFO - Setting next_dagrun for example_setup_teardown_taskflow to None, run_after=None
[2025-03-12T14:52:28.684+0200] {processor.py:208} INFO - Processing /home/munyah/.local/lib/python3.10/site-packages/airflow/example_dags/example_setup_teardown_taskflow.py took 0.086 seconds
[2025-03-12T14:53:42.546+0200] {processor.py:186} INFO - Started process (PID=143554) to work on /home/munyah/.local/lib/python3.10/site-packages/airflow/example_dags/example_setup_teardown_taskflow.py
[2025-03-12T14:53:42.549+0200] {processor.py:914} INFO - Processing file /home/munyah/.local/lib/python3.10/site-packages/airflow/example_dags/example_setup_teardown_taskflow.py for tasks to queue
[2025-03-12T14:53:42.563+0200] {logging_mixin.py:190} INFO - [2025-03-12T14:53:42.553+0200] {dagbag.py:588} INFO - Filling up the DagBag from /home/munyah/.local/lib/python3.10/site-packages/airflow/example_dags/example_setup_teardown_taskflow.py
[2025-03-12T14:53:42.613+0200] {processor.py:925} INFO - DAG(s) 'example_setup_teardown_taskflow' retrieved from /home/munyah/.local/lib/python3.10/site-packages/airflow/example_dags/example_setup_teardown_taskflow.py
[2025-03-12T14:53:42.663+0200] {logging_mixin.py:190} INFO - [2025-03-12T14:53:42.663+0200] {dag.py:3239} INFO - Sync 1 DAGs
[2025-03-12T14:53:42.705+0200] {logging_mixin.py:190} INFO - [2025-03-12T14:53:42.704+0200] {dag.py:4180} INFO - Setting next_dagrun for example_setup_teardown_taskflow to None, run_after=None
[2025-03-12T14:53:42.746+0200] {processor.py:208} INFO - Processing /home/munyah/.local/lib/python3.10/site-packages/airflow/example_dags/example_setup_teardown_taskflow.py took 0.231 seconds
