[2025-03-12T08:20:46.380+0200] {processor.py:186} INFO - Started process (PID=133605) to work on /home/munyah/.local/lib/python3.10/site-packages/airflow/example_dags/example_branch_labels.py
[2025-03-12T08:20:46.383+0200] {processor.py:914} INFO - Processing file /home/munyah/.local/lib/python3.10/site-packages/airflow/example_dags/example_branch_labels.py for tasks to queue
[2025-03-12T08:20:46.390+0200] {logging_mixin.py:190} INFO - [2025-03-12T08:20:46.389+0200] {dagbag.py:588} INFO - Filling up the DagBag from /home/munyah/.local/lib/python3.10/site-packages/airflow/example_dags/example_branch_labels.py
[2025-03-12T08:20:46.431+0200] {processor.py:925} INFO - DAG(s) 'example_branch_labels' retrieved from /home/munyah/.local/lib/python3.10/site-packages/airflow/example_dags/example_branch_labels.py
[2025-03-12T08:20:46.458+0200] {logging_mixin.py:190} INFO - [2025-03-12T08:20:46.458+0200] {dag.py:3239} INFO - Sync 1 DAGs
[2025-03-12T08:20:46.481+0200] {logging_mixin.py:190} INFO - [2025-03-12T08:20:46.481+0200] {dag.py:4180} INFO - Setting next_dagrun for example_branch_labels to 2025-03-11 00:00:00+00:00, run_after=2025-03-12 00:00:00+00:00
[2025-03-12T08:20:46.501+0200] {processor.py:208} INFO - Processing /home/munyah/.local/lib/python3.10/site-packages/airflow/example_dags/example_branch_labels.py took 0.146 seconds
[2025-03-12T14:17:56.919+0200] {processor.py:186} INFO - Started process (PID=134607) to work on /home/munyah/.local/lib/python3.10/site-packages/airflow/example_dags/example_branch_labels.py
[2025-03-12T14:17:56.921+0200] {processor.py:914} INFO - Processing file /home/munyah/.local/lib/python3.10/site-packages/airflow/example_dags/example_branch_labels.py for tasks to queue
[2025-03-12T14:17:56.923+0200] {logging_mixin.py:190} INFO - [2025-03-12T14:17:56.923+0200] {dagbag.py:588} INFO - Filling up the DagBag from /home/munyah/.local/lib/python3.10/site-packages/airflow/example_dags/example_branch_labels.py
[2025-03-12T14:17:56.938+0200] {processor.py:925} INFO - DAG(s) 'example_branch_labels' retrieved from /home/munyah/.local/lib/python3.10/site-packages/airflow/example_dags/example_branch_labels.py
[2025-03-12T14:17:56.966+0200] {logging_mixin.py:190} INFO - [2025-03-12T14:17:56.965+0200] {dag.py:3239} INFO - Sync 1 DAGs
[2025-03-12T14:17:56.996+0200] {logging_mixin.py:190} INFO - [2025-03-12T14:17:56.996+0200] {dag.py:4180} INFO - Setting next_dagrun for example_branch_labels to 2025-03-11 00:00:00+00:00, run_after=2025-03-12 00:00:00+00:00
[2025-03-12T14:17:57.017+0200] {processor.py:208} INFO - Processing /home/munyah/.local/lib/python3.10/site-packages/airflow/example_dags/example_branch_labels.py took 0.106 seconds
[2025-03-12T14:18:58.009+0200] {processor.py:186} INFO - Started process (PID=134876) to work on /home/munyah/.local/lib/python3.10/site-packages/airflow/example_dags/example_branch_labels.py
[2025-03-12T14:18:58.010+0200] {processor.py:914} INFO - Processing file /home/munyah/.local/lib/python3.10/site-packages/airflow/example_dags/example_branch_labels.py for tasks to queue
[2025-03-12T14:18:58.013+0200] {logging_mixin.py:190} INFO - [2025-03-12T14:18:58.012+0200] {dagbag.py:588} INFO - Filling up the DagBag from /home/munyah/.local/lib/python3.10/site-packages/airflow/example_dags/example_branch_labels.py
[2025-03-12T14:18:58.025+0200] {processor.py:925} INFO - DAG(s) 'example_branch_labels' retrieved from /home/munyah/.local/lib/python3.10/site-packages/airflow/example_dags/example_branch_labels.py
[2025-03-12T14:18:58.045+0200] {logging_mixin.py:190} INFO - [2025-03-12T14:18:58.045+0200] {dag.py:3239} INFO - Sync 1 DAGs
[2025-03-12T14:18:58.069+0200] {logging_mixin.py:190} INFO - [2025-03-12T14:18:58.068+0200] {dag.py:4180} INFO - Setting next_dagrun for example_branch_labels to 2025-03-11 00:00:00+00:00, run_after=2025-03-12 00:00:00+00:00
[2025-03-12T14:18:58.088+0200] {processor.py:208} INFO - Processing /home/munyah/.local/lib/python3.10/site-packages/airflow/example_dags/example_branch_labels.py took 0.087 seconds
[2025-03-12T14:19:55.175+0200] {processor.py:186} INFO - Started process (PID=135035) to work on /home/munyah/.local/lib/python3.10/site-packages/airflow/example_dags/example_branch_labels.py
[2025-03-12T14:19:55.176+0200] {processor.py:914} INFO - Processing file /home/munyah/.local/lib/python3.10/site-packages/airflow/example_dags/example_branch_labels.py for tasks to queue
[2025-03-12T14:19:55.179+0200] {logging_mixin.py:190} INFO - [2025-03-12T14:19:55.178+0200] {dagbag.py:588} INFO - Filling up the DagBag from /home/munyah/.local/lib/python3.10/site-packages/airflow/example_dags/example_branch_labels.py
[2025-03-12T14:19:55.192+0200] {processor.py:925} INFO - DAG(s) 'example_branch_labels' retrieved from /home/munyah/.local/lib/python3.10/site-packages/airflow/example_dags/example_branch_labels.py
[2025-03-12T14:19:55.211+0200] {logging_mixin.py:190} INFO - [2025-03-12T14:19:55.210+0200] {dag.py:3239} INFO - Sync 1 DAGs
[2025-03-12T14:19:55.235+0200] {logging_mixin.py:190} INFO - [2025-03-12T14:19:55.235+0200] {dag.py:4180} INFO - Setting next_dagrun for example_branch_labels to 2025-03-11 00:00:00+00:00, run_after=2025-03-12 00:00:00+00:00
[2025-03-12T14:19:55.257+0200] {processor.py:208} INFO - Processing /home/munyah/.local/lib/python3.10/site-packages/airflow/example_dags/example_branch_labels.py took 0.091 seconds
[2025-03-12T14:20:52.918+0200] {processor.py:186} INFO - Started process (PID=135213) to work on /home/munyah/.local/lib/python3.10/site-packages/airflow/example_dags/example_branch_labels.py
[2025-03-12T14:20:52.919+0200] {processor.py:914} INFO - Processing file /home/munyah/.local/lib/python3.10/site-packages/airflow/example_dags/example_branch_labels.py for tasks to queue
[2025-03-12T14:20:52.922+0200] {logging_mixin.py:190} INFO - [2025-03-12T14:20:52.921+0200] {dagbag.py:588} INFO - Filling up the DagBag from /home/munyah/.local/lib/python3.10/site-packages/airflow/example_dags/example_branch_labels.py
[2025-03-12T14:20:52.934+0200] {processor.py:925} INFO - DAG(s) 'example_branch_labels' retrieved from /home/munyah/.local/lib/python3.10/site-packages/airflow/example_dags/example_branch_labels.py
[2025-03-12T14:20:52.951+0200] {logging_mixin.py:190} INFO - [2025-03-12T14:20:52.951+0200] {dag.py:3239} INFO - Sync 1 DAGs
[2025-03-12T14:20:52.975+0200] {logging_mixin.py:190} INFO - [2025-03-12T14:20:52.975+0200] {dag.py:4180} INFO - Setting next_dagrun for example_branch_labels to 2025-03-11 00:00:00+00:00, run_after=2025-03-12 00:00:00+00:00
[2025-03-12T14:20:52.998+0200] {processor.py:208} INFO - Processing /home/munyah/.local/lib/python3.10/site-packages/airflow/example_dags/example_branch_labels.py took 0.087 seconds
[2025-03-12T14:21:50.867+0200] {processor.py:186} INFO - Started process (PID=135421) to work on /home/munyah/.local/lib/python3.10/site-packages/airflow/example_dags/example_branch_labels.py
[2025-03-12T14:21:50.868+0200] {processor.py:914} INFO - Processing file /home/munyah/.local/lib/python3.10/site-packages/airflow/example_dags/example_branch_labels.py for tasks to queue
[2025-03-12T14:21:50.871+0200] {logging_mixin.py:190} INFO - [2025-03-12T14:21:50.870+0200] {dagbag.py:588} INFO - Filling up the DagBag from /home/munyah/.local/lib/python3.10/site-packages/airflow/example_dags/example_branch_labels.py
[2025-03-12T14:21:50.883+0200] {processor.py:925} INFO - DAG(s) 'example_branch_labels' retrieved from /home/munyah/.local/lib/python3.10/site-packages/airflow/example_dags/example_branch_labels.py
[2025-03-12T14:21:50.902+0200] {logging_mixin.py:190} INFO - [2025-03-12T14:21:50.901+0200] {dag.py:3239} INFO - Sync 1 DAGs
[2025-03-12T14:21:50.926+0200] {logging_mixin.py:190} INFO - [2025-03-12T14:21:50.926+0200] {dag.py:4180} INFO - Setting next_dagrun for example_branch_labels to 2025-03-11 00:00:00+00:00, run_after=2025-03-12 00:00:00+00:00
[2025-03-12T14:21:50.947+0200] {processor.py:208} INFO - Processing /home/munyah/.local/lib/python3.10/site-packages/airflow/example_dags/example_branch_labels.py took 0.088 seconds
[2025-03-12T14:22:49.310+0200] {processor.py:186} INFO - Started process (PID=136354) to work on /home/munyah/.local/lib/python3.10/site-packages/airflow/example_dags/example_branch_labels.py
[2025-03-12T14:22:49.312+0200] {processor.py:914} INFO - Processing file /home/munyah/.local/lib/python3.10/site-packages/airflow/example_dags/example_branch_labels.py for tasks to queue
[2025-03-12T14:22:49.315+0200] {logging_mixin.py:190} INFO - [2025-03-12T14:22:49.315+0200] {dagbag.py:588} INFO - Filling up the DagBag from /home/munyah/.local/lib/python3.10/site-packages/airflow/example_dags/example_branch_labels.py
[2025-03-12T14:22:49.331+0200] {processor.py:925} INFO - DAG(s) 'example_branch_labels' retrieved from /home/munyah/.local/lib/python3.10/site-packages/airflow/example_dags/example_branch_labels.py
[2025-03-12T14:22:49.351+0200] {logging_mixin.py:190} INFO - [2025-03-12T14:22:49.351+0200] {dag.py:3239} INFO - Sync 1 DAGs
[2025-03-12T14:22:49.377+0200] {logging_mixin.py:190} INFO - [2025-03-12T14:22:49.377+0200] {dag.py:4180} INFO - Setting next_dagrun for example_branch_labels to 2025-03-11 00:00:00+00:00, run_after=2025-03-12 00:00:00+00:00
[2025-03-12T14:22:49.400+0200] {processor.py:208} INFO - Processing /home/munyah/.local/lib/python3.10/site-packages/airflow/example_dags/example_branch_labels.py took 0.098 seconds
[2025-03-12T14:24:04.083+0200] {processor.py:186} INFO - Started process (PID=136609) to work on /home/munyah/.local/lib/python3.10/site-packages/airflow/example_dags/example_branch_labels.py
[2025-03-12T14:24:04.085+0200] {processor.py:914} INFO - Processing file /home/munyah/.local/lib/python3.10/site-packages/airflow/example_dags/example_branch_labels.py for tasks to queue
[2025-03-12T14:24:04.088+0200] {logging_mixin.py:190} INFO - [2025-03-12T14:24:04.088+0200] {dagbag.py:588} INFO - Filling up the DagBag from /home/munyah/.local/lib/python3.10/site-packages/airflow/example_dags/example_branch_labels.py
[2025-03-12T14:24:04.101+0200] {processor.py:925} INFO - DAG(s) 'example_branch_labels' retrieved from /home/munyah/.local/lib/python3.10/site-packages/airflow/example_dags/example_branch_labels.py
[2025-03-12T14:24:04.120+0200] {logging_mixin.py:190} INFO - [2025-03-12T14:24:04.120+0200] {dag.py:3239} INFO - Sync 1 DAGs
[2025-03-12T14:24:04.148+0200] {logging_mixin.py:190} INFO - [2025-03-12T14:24:04.147+0200] {dag.py:4180} INFO - Setting next_dagrun for example_branch_labels to 2025-03-11 00:00:00+00:00, run_after=2025-03-12 00:00:00+00:00
[2025-03-12T14:24:04.170+0200] {processor.py:208} INFO - Processing /home/munyah/.local/lib/python3.10/site-packages/airflow/example_dags/example_branch_labels.py took 0.097 seconds
[2025-03-12T14:25:02.675+0200] {processor.py:186} INFO - Started process (PID=136822) to work on /home/munyah/.local/lib/python3.10/site-packages/airflow/example_dags/example_branch_labels.py
[2025-03-12T14:25:02.676+0200] {processor.py:914} INFO - Processing file /home/munyah/.local/lib/python3.10/site-packages/airflow/example_dags/example_branch_labels.py for tasks to queue
[2025-03-12T14:25:02.679+0200] {logging_mixin.py:190} INFO - [2025-03-12T14:25:02.678+0200] {dagbag.py:588} INFO - Filling up the DagBag from /home/munyah/.local/lib/python3.10/site-packages/airflow/example_dags/example_branch_labels.py
[2025-03-12T14:25:02.693+0200] {processor.py:925} INFO - DAG(s) 'example_branch_labels' retrieved from /home/munyah/.local/lib/python3.10/site-packages/airflow/example_dags/example_branch_labels.py
[2025-03-12T14:25:02.712+0200] {logging_mixin.py:190} INFO - [2025-03-12T14:25:02.712+0200] {dag.py:3239} INFO - Sync 1 DAGs
[2025-03-12T14:25:02.740+0200] {logging_mixin.py:190} INFO - [2025-03-12T14:25:02.740+0200] {dag.py:4180} INFO - Setting next_dagrun for example_branch_labels to 2025-03-11 00:00:00+00:00, run_after=2025-03-12 00:00:00+00:00
[2025-03-12T14:25:02.763+0200] {processor.py:208} INFO - Processing /home/munyah/.local/lib/python3.10/site-packages/airflow/example_dags/example_branch_labels.py took 0.095 seconds
[2025-03-12T14:25:59.592+0200] {processor.py:186} INFO - Started process (PID=137032) to work on /home/munyah/.local/lib/python3.10/site-packages/airflow/example_dags/example_branch_labels.py
[2025-03-12T14:25:59.593+0200] {processor.py:914} INFO - Processing file /home/munyah/.local/lib/python3.10/site-packages/airflow/example_dags/example_branch_labels.py for tasks to queue
[2025-03-12T14:25:59.597+0200] {logging_mixin.py:190} INFO - [2025-03-12T14:25:59.596+0200] {dagbag.py:588} INFO - Filling up the DagBag from /home/munyah/.local/lib/python3.10/site-packages/airflow/example_dags/example_branch_labels.py
[2025-03-12T14:25:59.614+0200] {processor.py:925} INFO - DAG(s) 'example_branch_labels' retrieved from /home/munyah/.local/lib/python3.10/site-packages/airflow/example_dags/example_branch_labels.py
[2025-03-12T14:25:59.638+0200] {logging_mixin.py:190} INFO - [2025-03-12T14:25:59.638+0200] {dag.py:3239} INFO - Sync 1 DAGs
[2025-03-12T14:25:59.673+0200] {logging_mixin.py:190} INFO - [2025-03-12T14:25:59.673+0200] {dag.py:4180} INFO - Setting next_dagrun for example_branch_labels to 2025-03-11 00:00:00+00:00, run_after=2025-03-12 00:00:00+00:00
[2025-03-12T14:25:59.702+0200] {processor.py:208} INFO - Processing /home/munyah/.local/lib/python3.10/site-packages/airflow/example_dags/example_branch_labels.py took 0.123 seconds
[2025-03-12T14:27:00.306+0200] {processor.py:186} INFO - Started process (PID=137221) to work on /home/munyah/.local/lib/python3.10/site-packages/airflow/example_dags/example_branch_labels.py
[2025-03-12T14:27:00.308+0200] {processor.py:914} INFO - Processing file /home/munyah/.local/lib/python3.10/site-packages/airflow/example_dags/example_branch_labels.py for tasks to queue
[2025-03-12T14:27:00.311+0200] {logging_mixin.py:190} INFO - [2025-03-12T14:27:00.310+0200] {dagbag.py:588} INFO - Filling up the DagBag from /home/munyah/.local/lib/python3.10/site-packages/airflow/example_dags/example_branch_labels.py
[2025-03-12T14:27:00.326+0200] {processor.py:925} INFO - DAG(s) 'example_branch_labels' retrieved from /home/munyah/.local/lib/python3.10/site-packages/airflow/example_dags/example_branch_labels.py
[2025-03-12T14:27:00.345+0200] {logging_mixin.py:190} INFO - [2025-03-12T14:27:00.345+0200] {dag.py:3239} INFO - Sync 1 DAGs
[2025-03-12T14:27:00.373+0200] {logging_mixin.py:190} INFO - [2025-03-12T14:27:00.372+0200] {dag.py:4180} INFO - Setting next_dagrun for example_branch_labels to 2025-03-11 00:00:00+00:00, run_after=2025-03-12 00:00:00+00:00
[2025-03-12T14:27:00.397+0200] {processor.py:208} INFO - Processing /home/munyah/.local/lib/python3.10/site-packages/airflow/example_dags/example_branch_labels.py took 0.102 seconds
[2025-03-12T14:28:04.985+0200] {processor.py:186} INFO - Started process (PID=137421) to work on /home/munyah/.local/lib/python3.10/site-packages/airflow/example_dags/example_branch_labels.py
[2025-03-12T14:28:04.987+0200] {processor.py:914} INFO - Processing file /home/munyah/.local/lib/python3.10/site-packages/airflow/example_dags/example_branch_labels.py for tasks to queue
[2025-03-12T14:28:04.991+0200] {logging_mixin.py:190} INFO - [2025-03-12T14:28:04.990+0200] {dagbag.py:588} INFO - Filling up the DagBag from /home/munyah/.local/lib/python3.10/site-packages/airflow/example_dags/example_branch_labels.py
[2025-03-12T14:28:05.009+0200] {processor.py:925} INFO - DAG(s) 'example_branch_labels' retrieved from /home/munyah/.local/lib/python3.10/site-packages/airflow/example_dags/example_branch_labels.py
[2025-03-12T14:28:05.029+0200] {logging_mixin.py:190} INFO - [2025-03-12T14:28:05.029+0200] {dag.py:3239} INFO - Sync 1 DAGs
[2025-03-12T14:28:05.054+0200] {logging_mixin.py:190} INFO - [2025-03-12T14:28:05.053+0200] {dag.py:4180} INFO - Setting next_dagrun for example_branch_labels to 2025-03-11 00:00:00+00:00, run_after=2025-03-12 00:00:00+00:00
[2025-03-12T14:28:05.076+0200] {processor.py:208} INFO - Processing /home/munyah/.local/lib/python3.10/site-packages/airflow/example_dags/example_branch_labels.py took 0.118 seconds
[2025-03-12T14:29:04.736+0200] {processor.py:186} INFO - Started process (PID=137684) to work on /home/munyah/.local/lib/python3.10/site-packages/airflow/example_dags/example_branch_labels.py
[2025-03-12T14:29:04.738+0200] {processor.py:914} INFO - Processing file /home/munyah/.local/lib/python3.10/site-packages/airflow/example_dags/example_branch_labels.py for tasks to queue
[2025-03-12T14:29:04.740+0200] {logging_mixin.py:190} INFO - [2025-03-12T14:29:04.740+0200] {dagbag.py:588} INFO - Filling up the DagBag from /home/munyah/.local/lib/python3.10/site-packages/airflow/example_dags/example_branch_labels.py
[2025-03-12T14:29:04.755+0200] {processor.py:925} INFO - DAG(s) 'example_branch_labels' retrieved from /home/munyah/.local/lib/python3.10/site-packages/airflow/example_dags/example_branch_labels.py
[2025-03-12T14:29:04.775+0200] {logging_mixin.py:190} INFO - [2025-03-12T14:29:04.775+0200] {dag.py:3239} INFO - Sync 1 DAGs
[2025-03-12T14:29:04.805+0200] {logging_mixin.py:190} INFO - [2025-03-12T14:29:04.804+0200] {dag.py:4180} INFO - Setting next_dagrun for example_branch_labels to 2025-03-11 00:00:00+00:00, run_after=2025-03-12 00:00:00+00:00
[2025-03-12T14:29:04.835+0200] {processor.py:208} INFO - Processing /home/munyah/.local/lib/python3.10/site-packages/airflow/example_dags/example_branch_labels.py took 0.107 seconds
[2025-03-12T14:30:03.502+0200] {processor.py:186} INFO - Started process (PID=138614) to work on /home/munyah/.local/lib/python3.10/site-packages/airflow/example_dags/example_branch_labels.py
[2025-03-12T14:30:03.503+0200] {processor.py:914} INFO - Processing file /home/munyah/.local/lib/python3.10/site-packages/airflow/example_dags/example_branch_labels.py for tasks to queue
[2025-03-12T14:30:03.505+0200] {logging_mixin.py:190} INFO - [2025-03-12T14:30:03.505+0200] {dagbag.py:588} INFO - Filling up the DagBag from /home/munyah/.local/lib/python3.10/site-packages/airflow/example_dags/example_branch_labels.py
[2025-03-12T14:30:03.519+0200] {processor.py:925} INFO - DAG(s) 'example_branch_labels' retrieved from /home/munyah/.local/lib/python3.10/site-packages/airflow/example_dags/example_branch_labels.py
[2025-03-12T14:30:03.539+0200] {logging_mixin.py:190} INFO - [2025-03-12T14:30:03.539+0200] {dag.py:3239} INFO - Sync 1 DAGs
[2025-03-12T14:30:03.564+0200] {logging_mixin.py:190} INFO - [2025-03-12T14:30:03.564+0200] {dag.py:4180} INFO - Setting next_dagrun for example_branch_labels to 2025-03-11 00:00:00+00:00, run_after=2025-03-12 00:00:00+00:00
[2025-03-12T14:30:03.587+0200] {processor.py:208} INFO - Processing /home/munyah/.local/lib/python3.10/site-packages/airflow/example_dags/example_branch_labels.py took 0.093 seconds
[2025-03-12T14:31:07.362+0200] {processor.py:186} INFO - Started process (PID=138864) to work on /home/munyah/.local/lib/python3.10/site-packages/airflow/example_dags/example_branch_labels.py
[2025-03-12T14:31:07.364+0200] {processor.py:914} INFO - Processing file /home/munyah/.local/lib/python3.10/site-packages/airflow/example_dags/example_branch_labels.py for tasks to queue
[2025-03-12T14:31:07.367+0200] {logging_mixin.py:190} INFO - [2025-03-12T14:31:07.367+0200] {dagbag.py:588} INFO - Filling up the DagBag from /home/munyah/.local/lib/python3.10/site-packages/airflow/example_dags/example_branch_labels.py
[2025-03-12T14:31:07.381+0200] {processor.py:925} INFO - DAG(s) 'example_branch_labels' retrieved from /home/munyah/.local/lib/python3.10/site-packages/airflow/example_dags/example_branch_labels.py
[2025-03-12T14:31:07.400+0200] {logging_mixin.py:190} INFO - [2025-03-12T14:31:07.400+0200] {dag.py:3239} INFO - Sync 1 DAGs
[2025-03-12T14:31:07.427+0200] {logging_mixin.py:190} INFO - [2025-03-12T14:31:07.427+0200] {dag.py:4180} INFO - Setting next_dagrun for example_branch_labels to 2025-03-11 00:00:00+00:00, run_after=2025-03-12 00:00:00+00:00
[2025-03-12T14:31:07.448+0200] {processor.py:208} INFO - Processing /home/munyah/.local/lib/python3.10/site-packages/airflow/example_dags/example_branch_labels.py took 0.098 seconds
[2025-03-12T14:32:11.372+0200] {processor.py:186} INFO - Started process (PID=139068) to work on /home/munyah/.local/lib/python3.10/site-packages/airflow/example_dags/example_branch_labels.py
[2025-03-12T14:32:11.374+0200] {processor.py:914} INFO - Processing file /home/munyah/.local/lib/python3.10/site-packages/airflow/example_dags/example_branch_labels.py for tasks to queue
[2025-03-12T14:32:11.377+0200] {logging_mixin.py:190} INFO - [2025-03-12T14:32:11.376+0200] {dagbag.py:588} INFO - Filling up the DagBag from /home/munyah/.local/lib/python3.10/site-packages/airflow/example_dags/example_branch_labels.py
[2025-03-12T14:32:11.393+0200] {processor.py:925} INFO - DAG(s) 'example_branch_labels' retrieved from /home/munyah/.local/lib/python3.10/site-packages/airflow/example_dags/example_branch_labels.py
[2025-03-12T14:32:11.422+0200] {logging_mixin.py:190} INFO - [2025-03-12T14:32:11.422+0200] {dag.py:3239} INFO - Sync 1 DAGs
[2025-03-12T14:32:11.447+0200] {logging_mixin.py:190} INFO - [2025-03-12T14:32:11.447+0200] {dag.py:4180} INFO - Setting next_dagrun for example_branch_labels to 2025-03-11 00:00:00+00:00, run_after=2025-03-12 00:00:00+00:00
[2025-03-12T14:32:11.468+0200] {processor.py:208} INFO - Processing /home/munyah/.local/lib/python3.10/site-packages/airflow/example_dags/example_branch_labels.py took 0.104 seconds
[2025-03-12T14:33:13.708+0200] {processor.py:186} INFO - Started process (PID=139773) to work on /home/munyah/.local/lib/python3.10/site-packages/airflow/example_dags/example_branch_labels.py
[2025-03-12T14:33:13.710+0200] {processor.py:914} INFO - Processing file /home/munyah/.local/lib/python3.10/site-packages/airflow/example_dags/example_branch_labels.py for tasks to queue
[2025-03-12T14:33:13.714+0200] {logging_mixin.py:190} INFO - [2025-03-12T14:33:13.713+0200] {dagbag.py:588} INFO - Filling up the DagBag from /home/munyah/.local/lib/python3.10/site-packages/airflow/example_dags/example_branch_labels.py
[2025-03-12T14:33:13.728+0200] {processor.py:925} INFO - DAG(s) 'example_branch_labels' retrieved from /home/munyah/.local/lib/python3.10/site-packages/airflow/example_dags/example_branch_labels.py
[2025-03-12T14:33:13.748+0200] {logging_mixin.py:190} INFO - [2025-03-12T14:33:13.748+0200] {dag.py:3239} INFO - Sync 1 DAGs
[2025-03-12T14:33:13.777+0200] {logging_mixin.py:190} INFO - [2025-03-12T14:33:13.777+0200] {dag.py:4180} INFO - Setting next_dagrun for example_branch_labels to 2025-03-11 00:00:00+00:00, run_after=2025-03-12 00:00:00+00:00
[2025-03-12T14:33:13.798+0200] {processor.py:208} INFO - Processing /home/munyah/.local/lib/python3.10/site-packages/airflow/example_dags/example_branch_labels.py took 0.099 seconds
[2025-03-12T14:34:17.536+0200] {processor.py:186} INFO - Started process (PID=140047) to work on /home/munyah/.local/lib/python3.10/site-packages/airflow/example_dags/example_branch_labels.py
[2025-03-12T14:34:17.538+0200] {processor.py:914} INFO - Processing file /home/munyah/.local/lib/python3.10/site-packages/airflow/example_dags/example_branch_labels.py for tasks to queue
[2025-03-12T14:34:17.542+0200] {logging_mixin.py:190} INFO - [2025-03-12T14:34:17.541+0200] {dagbag.py:588} INFO - Filling up the DagBag from /home/munyah/.local/lib/python3.10/site-packages/airflow/example_dags/example_branch_labels.py
[2025-03-12T14:34:17.561+0200] {processor.py:925} INFO - DAG(s) 'example_branch_labels' retrieved from /home/munyah/.local/lib/python3.10/site-packages/airflow/example_dags/example_branch_labels.py
[2025-03-12T14:34:17.582+0200] {logging_mixin.py:190} INFO - [2025-03-12T14:34:17.582+0200] {dag.py:3239} INFO - Sync 1 DAGs
[2025-03-12T14:34:17.610+0200] {logging_mixin.py:190} INFO - [2025-03-12T14:34:17.609+0200] {dag.py:4180} INFO - Setting next_dagrun for example_branch_labels to 2025-03-11 00:00:00+00:00, run_after=2025-03-12 00:00:00+00:00
[2025-03-12T14:34:17.631+0200] {processor.py:208} INFO - Processing /home/munyah/.local/lib/python3.10/site-packages/airflow/example_dags/example_branch_labels.py took 0.106 seconds
[2025-03-12T14:35:22.011+0200] {processor.py:186} INFO - Started process (PID=140225) to work on /home/munyah/.local/lib/python3.10/site-packages/airflow/example_dags/example_branch_labels.py
[2025-03-12T14:35:22.013+0200] {processor.py:914} INFO - Processing file /home/munyah/.local/lib/python3.10/site-packages/airflow/example_dags/example_branch_labels.py for tasks to queue
[2025-03-12T14:35:22.018+0200] {logging_mixin.py:190} INFO - [2025-03-12T14:35:22.017+0200] {dagbag.py:588} INFO - Filling up the DagBag from /home/munyah/.local/lib/python3.10/site-packages/airflow/example_dags/example_branch_labels.py
[2025-03-12T14:35:22.037+0200] {processor.py:925} INFO - DAG(s) 'example_branch_labels' retrieved from /home/munyah/.local/lib/python3.10/site-packages/airflow/example_dags/example_branch_labels.py
[2025-03-12T14:35:22.060+0200] {logging_mixin.py:190} INFO - [2025-03-12T14:35:22.059+0200] {dag.py:3239} INFO - Sync 1 DAGs
[2025-03-12T14:35:22.084+0200] {logging_mixin.py:190} INFO - [2025-03-12T14:35:22.084+0200] {dag.py:4180} INFO - Setting next_dagrun for example_branch_labels to 2025-03-11 00:00:00+00:00, run_after=2025-03-12 00:00:00+00:00
[2025-03-12T14:35:22.106+0200] {processor.py:208} INFO - Processing /home/munyah/.local/lib/python3.10/site-packages/airflow/example_dags/example_branch_labels.py took 0.109 seconds
[2025-03-12T14:36:28.353+0200] {processor.py:186} INFO - Started process (PID=140474) to work on /home/munyah/.local/lib/python3.10/site-packages/airflow/example_dags/example_branch_labels.py
[2025-03-12T14:36:28.354+0200] {processor.py:914} INFO - Processing file /home/munyah/.local/lib/python3.10/site-packages/airflow/example_dags/example_branch_labels.py for tasks to queue
[2025-03-12T14:36:28.358+0200] {logging_mixin.py:190} INFO - [2025-03-12T14:36:28.357+0200] {dagbag.py:588} INFO - Filling up the DagBag from /home/munyah/.local/lib/python3.10/site-packages/airflow/example_dags/example_branch_labels.py
[2025-03-12T14:36:28.376+0200] {processor.py:925} INFO - DAG(s) 'example_branch_labels' retrieved from /home/munyah/.local/lib/python3.10/site-packages/airflow/example_dags/example_branch_labels.py
[2025-03-12T14:36:28.398+0200] {logging_mixin.py:190} INFO - [2025-03-12T14:36:28.398+0200] {dag.py:3239} INFO - Sync 1 DAGs
[2025-03-12T14:36:28.420+0200] {logging_mixin.py:190} INFO - [2025-03-12T14:36:28.420+0200] {dag.py:4180} INFO - Setting next_dagrun for example_branch_labels to 2025-03-11 00:00:00+00:00, run_after=2025-03-12 00:00:00+00:00
[2025-03-12T14:36:28.440+0200] {processor.py:208} INFO - Processing /home/munyah/.local/lib/python3.10/site-packages/airflow/example_dags/example_branch_labels.py took 0.104 seconds
[2025-03-12T14:37:32.172+0200] {processor.py:186} INFO - Started process (PID=140607) to work on /home/munyah/.local/lib/python3.10/site-packages/airflow/example_dags/example_branch_labels.py
[2025-03-12T14:37:32.173+0200] {processor.py:914} INFO - Processing file /home/munyah/.local/lib/python3.10/site-packages/airflow/example_dags/example_branch_labels.py for tasks to queue
[2025-03-12T14:37:32.175+0200] {logging_mixin.py:190} INFO - [2025-03-12T14:37:32.175+0200] {dagbag.py:588} INFO - Filling up the DagBag from /home/munyah/.local/lib/python3.10/site-packages/airflow/example_dags/example_branch_labels.py
[2025-03-12T14:37:32.187+0200] {processor.py:925} INFO - DAG(s) 'example_branch_labels' retrieved from /home/munyah/.local/lib/python3.10/site-packages/airflow/example_dags/example_branch_labels.py
[2025-03-12T14:37:32.205+0200] {logging_mixin.py:190} INFO - [2025-03-12T14:37:32.205+0200] {dag.py:3239} INFO - Sync 1 DAGs
[2025-03-12T14:37:32.228+0200] {logging_mixin.py:190} INFO - [2025-03-12T14:37:32.228+0200] {dag.py:4180} INFO - Setting next_dagrun for example_branch_labels to 2025-03-11 00:00:00+00:00, run_after=2025-03-12 00:00:00+00:00
[2025-03-12T14:37:32.248+0200] {processor.py:208} INFO - Processing /home/munyah/.local/lib/python3.10/site-packages/airflow/example_dags/example_branch_labels.py took 0.084 seconds
[2025-03-12T14:38:35.459+0200] {processor.py:186} INFO - Started process (PID=140691) to work on /home/munyah/.local/lib/python3.10/site-packages/airflow/example_dags/example_branch_labels.py
[2025-03-12T14:38:35.460+0200] {processor.py:914} INFO - Processing file /home/munyah/.local/lib/python3.10/site-packages/airflow/example_dags/example_branch_labels.py for tasks to queue
[2025-03-12T14:38:35.463+0200] {logging_mixin.py:190} INFO - [2025-03-12T14:38:35.463+0200] {dagbag.py:588} INFO - Filling up the DagBag from /home/munyah/.local/lib/python3.10/site-packages/airflow/example_dags/example_branch_labels.py
[2025-03-12T14:38:35.477+0200] {processor.py:925} INFO - DAG(s) 'example_branch_labels' retrieved from /home/munyah/.local/lib/python3.10/site-packages/airflow/example_dags/example_branch_labels.py
[2025-03-12T14:38:35.495+0200] {logging_mixin.py:190} INFO - [2025-03-12T14:38:35.495+0200] {dag.py:3239} INFO - Sync 1 DAGs
[2025-03-12T14:38:35.517+0200] {logging_mixin.py:190} INFO - [2025-03-12T14:38:35.517+0200] {dag.py:4180} INFO - Setting next_dagrun for example_branch_labels to 2025-03-11 00:00:00+00:00, run_after=2025-03-12 00:00:00+00:00
[2025-03-12T14:38:35.536+0200] {processor.py:208} INFO - Processing /home/munyah/.local/lib/python3.10/site-packages/airflow/example_dags/example_branch_labels.py took 0.086 seconds
[2025-03-12T14:39:42.547+0200] {processor.py:186} INFO - Started process (PID=140803) to work on /home/munyah/.local/lib/python3.10/site-packages/airflow/example_dags/example_branch_labels.py
[2025-03-12T14:39:42.549+0200] {processor.py:914} INFO - Processing file /home/munyah/.local/lib/python3.10/site-packages/airflow/example_dags/example_branch_labels.py for tasks to queue
[2025-03-12T14:39:42.552+0200] {logging_mixin.py:190} INFO - [2025-03-12T14:39:42.551+0200] {dagbag.py:588} INFO - Filling up the DagBag from /home/munyah/.local/lib/python3.10/site-packages/airflow/example_dags/example_branch_labels.py
[2025-03-12T14:39:42.564+0200] {processor.py:925} INFO - DAG(s) 'example_branch_labels' retrieved from /home/munyah/.local/lib/python3.10/site-packages/airflow/example_dags/example_branch_labels.py
[2025-03-12T14:39:42.582+0200] {logging_mixin.py:190} INFO - [2025-03-12T14:39:42.582+0200] {dag.py:3239} INFO - Sync 1 DAGs
[2025-03-12T14:39:42.604+0200] {logging_mixin.py:190} INFO - [2025-03-12T14:39:42.604+0200] {dag.py:4180} INFO - Setting next_dagrun for example_branch_labels to 2025-03-11 00:00:00+00:00, run_after=2025-03-12 00:00:00+00:00
[2025-03-12T14:39:42.625+0200] {processor.py:208} INFO - Processing /home/munyah/.local/lib/python3.10/site-packages/airflow/example_dags/example_branch_labels.py took 0.089 seconds
[2025-03-12T14:40:46.576+0200] {processor.py:186} INFO - Started process (PID=140913) to work on /home/munyah/.local/lib/python3.10/site-packages/airflow/example_dags/example_branch_labels.py
[2025-03-12T14:40:46.578+0200] {processor.py:914} INFO - Processing file /home/munyah/.local/lib/python3.10/site-packages/airflow/example_dags/example_branch_labels.py for tasks to queue
[2025-03-12T14:40:46.581+0200] {logging_mixin.py:190} INFO - [2025-03-12T14:40:46.580+0200] {dagbag.py:588} INFO - Filling up the DagBag from /home/munyah/.local/lib/python3.10/site-packages/airflow/example_dags/example_branch_labels.py
[2025-03-12T14:40:46.597+0200] {processor.py:925} INFO - DAG(s) 'example_branch_labels' retrieved from /home/munyah/.local/lib/python3.10/site-packages/airflow/example_dags/example_branch_labels.py
[2025-03-12T14:40:46.622+0200] {logging_mixin.py:190} INFO - [2025-03-12T14:40:46.622+0200] {dag.py:3239} INFO - Sync 1 DAGs
[2025-03-12T14:40:46.647+0200] {logging_mixin.py:190} INFO - [2025-03-12T14:40:46.647+0200] {dag.py:4180} INFO - Setting next_dagrun for example_branch_labels to 2025-03-11 00:00:00+00:00, run_after=2025-03-12 00:00:00+00:00
[2025-03-12T14:40:46.666+0200] {processor.py:208} INFO - Processing /home/munyah/.local/lib/python3.10/site-packages/airflow/example_dags/example_branch_labels.py took 0.100 seconds
[2025-03-12T14:41:50.239+0200] {processor.py:186} INFO - Started process (PID=141244) to work on /home/munyah/.local/lib/python3.10/site-packages/airflow/example_dags/example_branch_labels.py
[2025-03-12T14:41:50.240+0200] {processor.py:914} INFO - Processing file /home/munyah/.local/lib/python3.10/site-packages/airflow/example_dags/example_branch_labels.py for tasks to queue
[2025-03-12T14:41:50.243+0200] {logging_mixin.py:190} INFO - [2025-03-12T14:41:50.242+0200] {dagbag.py:588} INFO - Filling up the DagBag from /home/munyah/.local/lib/python3.10/site-packages/airflow/example_dags/example_branch_labels.py
[2025-03-12T14:41:50.256+0200] {processor.py:925} INFO - DAG(s) 'example_branch_labels' retrieved from /home/munyah/.local/lib/python3.10/site-packages/airflow/example_dags/example_branch_labels.py
[2025-03-12T14:41:50.275+0200] {logging_mixin.py:190} INFO - [2025-03-12T14:41:50.275+0200] {dag.py:3239} INFO - Sync 1 DAGs
[2025-03-12T14:41:50.299+0200] {logging_mixin.py:190} INFO - [2025-03-12T14:41:50.299+0200] {dag.py:4180} INFO - Setting next_dagrun for example_branch_labels to 2025-03-11 00:00:00+00:00, run_after=2025-03-12 00:00:00+00:00
[2025-03-12T14:41:50.320+0200] {processor.py:208} INFO - Processing /home/munyah/.local/lib/python3.10/site-packages/airflow/example_dags/example_branch_labels.py took 0.088 seconds
[2025-03-12T14:42:50.722+0200] {processor.py:186} INFO - Started process (PID=141441) to work on /home/munyah/.local/lib/python3.10/site-packages/airflow/example_dags/example_branch_labels.py
[2025-03-12T14:42:50.724+0200] {processor.py:914} INFO - Processing file /home/munyah/.local/lib/python3.10/site-packages/airflow/example_dags/example_branch_labels.py for tasks to queue
[2025-03-12T14:42:50.731+0200] {logging_mixin.py:190} INFO - [2025-03-12T14:42:50.730+0200] {dagbag.py:588} INFO - Filling up the DagBag from /home/munyah/.local/lib/python3.10/site-packages/airflow/example_dags/example_branch_labels.py
[2025-03-12T14:42:50.750+0200] {processor.py:925} INFO - DAG(s) 'example_branch_labels' retrieved from /home/munyah/.local/lib/python3.10/site-packages/airflow/example_dags/example_branch_labels.py
[2025-03-12T14:42:50.771+0200] {logging_mixin.py:190} INFO - [2025-03-12T14:42:50.771+0200] {dag.py:3239} INFO - Sync 1 DAGs
[2025-03-12T14:42:50.796+0200] {logging_mixin.py:190} INFO - [2025-03-12T14:42:50.796+0200] {dag.py:4180} INFO - Setting next_dagrun for example_branch_labels to 2025-03-11 00:00:00+00:00, run_after=2025-03-12 00:00:00+00:00
[2025-03-12T14:42:50.819+0200] {processor.py:208} INFO - Processing /home/munyah/.local/lib/python3.10/site-packages/airflow/example_dags/example_branch_labels.py took 0.118 seconds
[2025-03-12T14:43:50.037+0200] {processor.py:186} INFO - Started process (PID=141607) to work on /home/munyah/.local/lib/python3.10/site-packages/airflow/example_dags/example_branch_labels.py
[2025-03-12T14:43:50.039+0200] {processor.py:914} INFO - Processing file /home/munyah/.local/lib/python3.10/site-packages/airflow/example_dags/example_branch_labels.py for tasks to queue
[2025-03-12T14:43:50.043+0200] {logging_mixin.py:190} INFO - [2025-03-12T14:43:50.042+0200] {dagbag.py:588} INFO - Filling up the DagBag from /home/munyah/.local/lib/python3.10/site-packages/airflow/example_dags/example_branch_labels.py
[2025-03-12T14:43:50.061+0200] {processor.py:925} INFO - DAG(s) 'example_branch_labels' retrieved from /home/munyah/.local/lib/python3.10/site-packages/airflow/example_dags/example_branch_labels.py
[2025-03-12T14:43:50.080+0200] {logging_mixin.py:190} INFO - [2025-03-12T14:43:50.080+0200] {dag.py:3239} INFO - Sync 1 DAGs
[2025-03-12T14:43:50.104+0200] {logging_mixin.py:190} INFO - [2025-03-12T14:43:50.104+0200] {dag.py:4180} INFO - Setting next_dagrun for example_branch_labels to 2025-03-11 00:00:00+00:00, run_after=2025-03-12 00:00:00+00:00
[2025-03-12T14:43:50.125+0200] {processor.py:208} INFO - Processing /home/munyah/.local/lib/python3.10/site-packages/airflow/example_dags/example_branch_labels.py took 0.098 seconds
[2025-03-12T14:44:50.013+0200] {processor.py:186} INFO - Started process (PID=141798) to work on /home/munyah/.local/lib/python3.10/site-packages/airflow/example_dags/example_branch_labels.py
[2025-03-12T14:44:50.015+0200] {processor.py:914} INFO - Processing file /home/munyah/.local/lib/python3.10/site-packages/airflow/example_dags/example_branch_labels.py for tasks to queue
[2025-03-12T14:44:50.017+0200] {logging_mixin.py:190} INFO - [2025-03-12T14:44:50.017+0200] {dagbag.py:588} INFO - Filling up the DagBag from /home/munyah/.local/lib/python3.10/site-packages/airflow/example_dags/example_branch_labels.py
[2025-03-12T14:44:50.030+0200] {processor.py:925} INFO - DAG(s) 'example_branch_labels' retrieved from /home/munyah/.local/lib/python3.10/site-packages/airflow/example_dags/example_branch_labels.py
[2025-03-12T14:44:50.050+0200] {logging_mixin.py:190} INFO - [2025-03-12T14:44:50.050+0200] {dag.py:3239} INFO - Sync 1 DAGs
[2025-03-12T14:44:50.074+0200] {logging_mixin.py:190} INFO - [2025-03-12T14:44:50.074+0200] {dag.py:4180} INFO - Setting next_dagrun for example_branch_labels to 2025-03-11 00:00:00+00:00, run_after=2025-03-12 00:00:00+00:00
[2025-03-12T14:44:50.101+0200] {processor.py:208} INFO - Processing /home/munyah/.local/lib/python3.10/site-packages/airflow/example_dags/example_branch_labels.py took 0.098 seconds
[2025-03-12T14:45:49.768+0200] {processor.py:186} INFO - Started process (PID=141961) to work on /home/munyah/.local/lib/python3.10/site-packages/airflow/example_dags/example_branch_labels.py
[2025-03-12T14:45:49.770+0200] {processor.py:914} INFO - Processing file /home/munyah/.local/lib/python3.10/site-packages/airflow/example_dags/example_branch_labels.py for tasks to queue
[2025-03-12T14:45:49.774+0200] {logging_mixin.py:190} INFO - [2025-03-12T14:45:49.773+0200] {dagbag.py:588} INFO - Filling up the DagBag from /home/munyah/.local/lib/python3.10/site-packages/airflow/example_dags/example_branch_labels.py
[2025-03-12T14:45:49.792+0200] {processor.py:925} INFO - DAG(s) 'example_branch_labels' retrieved from /home/munyah/.local/lib/python3.10/site-packages/airflow/example_dags/example_branch_labels.py
[2025-03-12T14:45:49.816+0200] {logging_mixin.py:190} INFO - [2025-03-12T14:45:49.815+0200] {dag.py:3239} INFO - Sync 1 DAGs
[2025-03-12T14:45:49.839+0200] {logging_mixin.py:190} INFO - [2025-03-12T14:45:49.839+0200] {dag.py:4180} INFO - Setting next_dagrun for example_branch_labels to 2025-03-11 00:00:00+00:00, run_after=2025-03-12 00:00:00+00:00
[2025-03-12T14:45:49.860+0200] {processor.py:208} INFO - Processing /home/munyah/.local/lib/python3.10/site-packages/airflow/example_dags/example_branch_labels.py took 0.104 seconds
[2025-03-12T14:49:04.610+0200] {processor.py:186} INFO - Started process (PID=142615) to work on /home/munyah/.local/lib/python3.10/site-packages/airflow/example_dags/example_branch_labels.py
[2025-03-12T14:49:04.626+0200] {processor.py:914} INFO - Processing file /home/munyah/.local/lib/python3.10/site-packages/airflow/example_dags/example_branch_labels.py for tasks to queue
[2025-03-12T14:49:04.630+0200] {logging_mixin.py:190} INFO - [2025-03-12T14:49:04.629+0200] {dagbag.py:588} INFO - Filling up the DagBag from /home/munyah/.local/lib/python3.10/site-packages/airflow/example_dags/example_branch_labels.py
[2025-03-12T14:49:04.756+0200] {processor.py:925} INFO - DAG(s) 'example_branch_labels' retrieved from /home/munyah/.local/lib/python3.10/site-packages/airflow/example_dags/example_branch_labels.py
[2025-03-12T14:49:04.823+0200] {logging_mixin.py:190} INFO - [2025-03-12T14:49:04.822+0200] {dag.py:3239} INFO - Sync 1 DAGs
[2025-03-12T14:49:04.896+0200] {logging_mixin.py:190} INFO - [2025-03-12T14:49:04.893+0200] {dag.py:4180} INFO - Setting next_dagrun for example_branch_labels to 2025-03-11 00:00:00+00:00, run_after=2025-03-12 00:00:00+00:00
[2025-03-12T14:49:04.965+0200] {processor.py:208} INFO - Processing /home/munyah/.local/lib/python3.10/site-packages/airflow/example_dags/example_branch_labels.py took 0.394 seconds
[2025-03-12T14:50:32.469+0200] {processor.py:186} INFO - Started process (PID=142932) to work on /home/munyah/.local/lib/python3.10/site-packages/airflow/example_dags/example_branch_labels.py
[2025-03-12T14:50:32.472+0200] {processor.py:914} INFO - Processing file /home/munyah/.local/lib/python3.10/site-packages/airflow/example_dags/example_branch_labels.py for tasks to queue
[2025-03-12T14:50:32.475+0200] {logging_mixin.py:190} INFO - [2025-03-12T14:50:32.474+0200] {dagbag.py:588} INFO - Filling up the DagBag from /home/munyah/.local/lib/python3.10/site-packages/airflow/example_dags/example_branch_labels.py
[2025-03-12T14:50:32.490+0200] {processor.py:925} INFO - DAG(s) 'example_branch_labels' retrieved from /home/munyah/.local/lib/python3.10/site-packages/airflow/example_dags/example_branch_labels.py
[2025-03-12T14:50:32.508+0200] {logging_mixin.py:190} INFO - [2025-03-12T14:50:32.508+0200] {dag.py:3239} INFO - Sync 1 DAGs
[2025-03-12T14:50:32.539+0200] {logging_mixin.py:190} INFO - [2025-03-12T14:50:32.538+0200] {dag.py:4180} INFO - Setting next_dagrun for example_branch_labels to 2025-03-11 00:00:00+00:00, run_after=2025-03-12 00:00:00+00:00
[2025-03-12T14:50:32.561+0200] {processor.py:208} INFO - Processing /home/munyah/.local/lib/python3.10/site-packages/airflow/example_dags/example_branch_labels.py took 0.100 seconds
[2025-03-12T14:51:37.525+0200] {processor.py:186} INFO - Started process (PID=143164) to work on /home/munyah/.local/lib/python3.10/site-packages/airflow/example_dags/example_branch_labels.py
[2025-03-12T14:51:37.530+0200] {processor.py:914} INFO - Processing file /home/munyah/.local/lib/python3.10/site-packages/airflow/example_dags/example_branch_labels.py for tasks to queue
[2025-03-12T14:51:37.533+0200] {logging_mixin.py:190} INFO - [2025-03-12T14:51:37.532+0200] {dagbag.py:588} INFO - Filling up the DagBag from /home/munyah/.local/lib/python3.10/site-packages/airflow/example_dags/example_branch_labels.py
[2025-03-12T14:51:37.548+0200] {processor.py:925} INFO - DAG(s) 'example_branch_labels' retrieved from /home/munyah/.local/lib/python3.10/site-packages/airflow/example_dags/example_branch_labels.py
[2025-03-12T14:51:37.570+0200] {logging_mixin.py:190} INFO - [2025-03-12T14:51:37.569+0200] {dag.py:3239} INFO - Sync 1 DAGs
[2025-03-12T14:51:37.595+0200] {logging_mixin.py:190} INFO - [2025-03-12T14:51:37.595+0200] {dag.py:4180} INFO - Setting next_dagrun for example_branch_labels to 2025-03-11 00:00:00+00:00, run_after=2025-03-12 00:00:00+00:00
[2025-03-12T14:51:37.618+0200] {processor.py:208} INFO - Processing /home/munyah/.local/lib/python3.10/site-packages/airflow/example_dags/example_branch_labels.py took 0.106 seconds
[2025-03-12T14:52:48.078+0200] {processor.py:186} INFO - Started process (PID=143381) to work on /home/munyah/.local/lib/python3.10/site-packages/airflow/example_dags/example_branch_labels.py
[2025-03-12T14:52:48.081+0200] {processor.py:914} INFO - Processing file /home/munyah/.local/lib/python3.10/site-packages/airflow/example_dags/example_branch_labels.py for tasks to queue
[2025-03-12T14:52:48.084+0200] {logging_mixin.py:190} INFO - [2025-03-12T14:52:48.084+0200] {dagbag.py:588} INFO - Filling up the DagBag from /home/munyah/.local/lib/python3.10/site-packages/airflow/example_dags/example_branch_labels.py
[2025-03-12T14:52:48.111+0200] {processor.py:925} INFO - DAG(s) 'example_branch_labels' retrieved from /home/munyah/.local/lib/python3.10/site-packages/airflow/example_dags/example_branch_labels.py
[2025-03-12T14:52:48.137+0200] {logging_mixin.py:190} INFO - [2025-03-12T14:52:48.137+0200] {dag.py:3239} INFO - Sync 1 DAGs
[2025-03-12T14:52:48.167+0200] {logging_mixin.py:190} INFO - [2025-03-12T14:52:48.167+0200] {dag.py:4180} INFO - Setting next_dagrun for example_branch_labels to 2025-03-11 00:00:00+00:00, run_after=2025-03-12 00:00:00+00:00
[2025-03-12T14:52:48.198+0200] {processor.py:208} INFO - Processing /home/munyah/.local/lib/python3.10/site-packages/airflow/example_dags/example_branch_labels.py took 0.130 seconds
[2025-03-12T14:54:15.689+0200] {processor.py:186} INFO - Started process (PID=143650) to work on /home/munyah/.local/lib/python3.10/site-packages/airflow/example_dags/example_branch_labels.py
[2025-03-12T14:54:15.708+0200] {processor.py:914} INFO - Processing file /home/munyah/.local/lib/python3.10/site-packages/airflow/example_dags/example_branch_labels.py for tasks to queue
[2025-03-12T14:54:15.728+0200] {logging_mixin.py:190} INFO - [2025-03-12T14:54:15.713+0200] {dagbag.py:588} INFO - Filling up the DagBag from /home/munyah/.local/lib/python3.10/site-packages/airflow/example_dags/example_branch_labels.py
[2025-03-12T14:54:15.829+0200] {processor.py:925} INFO - DAG(s) 'example_branch_labels' retrieved from /home/munyah/.local/lib/python3.10/site-packages/airflow/example_dags/example_branch_labels.py
[2025-03-12T14:54:15.913+0200] {logging_mixin.py:190} INFO - [2025-03-12T14:54:15.912+0200] {dag.py:3239} INFO - Sync 1 DAGs
[2025-03-12T14:54:15.977+0200] {logging_mixin.py:190} INFO - [2025-03-12T14:54:15.976+0200] {dag.py:4180} INFO - Setting next_dagrun for example_branch_labels to 2025-03-11 00:00:00+00:00, run_after=2025-03-12 00:00:00+00:00
[2025-03-12T14:54:16.168+0200] {processor.py:208} INFO - Processing /home/munyah/.local/lib/python3.10/site-packages/airflow/example_dags/example_branch_labels.py took 0.511 seconds
