[2025-03-12T08:20:50.563+0200] {processor.py:186} INFO - Started process (PID=133685) to work on /home/munyah/.local/lib/python3.10/site-packages/airflow/example_dags/example_branch_datetime_operator.py
[2025-03-12T08:20:50.564+0200] {processor.py:914} INFO - Processing file /home/munyah/.local/lib/python3.10/site-packages/airflow/example_dags/example_branch_datetime_operator.py for tasks to queue
[2025-03-12T08:20:50.566+0200] {logging_mixin.py:190} INFO - [2025-03-12T08:20:50.566+0200] {dagbag.py:588} INFO - Filling up the DagBag from /home/munyah/.local/lib/python3.10/site-packages/airflow/example_dags/example_branch_datetime_operator.py
[2025-03-12T08:20:50.583+0200] {processor.py:925} INFO - DAG(s) 'example_branch_datetime_operator_3', 'example_branch_datetime_operator', 'example_branch_datetime_operator_2' retrieved from /home/munyah/.local/lib/python3.10/site-packages/airflow/example_dags/example_branch_datetime_operator.py
[2025-03-12T08:20:50.607+0200] {logging_mixin.py:190} INFO - [2025-03-12T08:20:50.607+0200] {dag.py:3239} INFO - Sync 3 DAGs
[2025-03-12T08:20:50.630+0200] {logging_mixin.py:190} INFO - [2025-03-12T08:20:50.630+0200] {dag.py:4180} INFO - Setting next_dagrun for example_branch_datetime_operator to 2025-03-11 00:00:00+00:00, run_after=2025-03-12 00:00:00+00:00
[2025-03-12T08:20:50.635+0200] {logging_mixin.py:190} INFO - [2025-03-12T08:20:50.635+0200] {dag.py:4180} INFO - Setting next_dagrun for example_branch_datetime_operator_2 to 2025-03-11 00:00:00+00:00, run_after=2025-03-12 00:00:00+00:00
[2025-03-12T08:20:50.637+0200] {logging_mixin.py:190} INFO - [2025-03-12T08:20:50.637+0200] {dag.py:4180} INFO - Setting next_dagrun for example_branch_datetime_operator_3 to 2025-03-11 00:00:00+00:00, run_after=2025-03-12 00:00:00+00:00
[2025-03-12T08:20:50.661+0200] {processor.py:208} INFO - Processing /home/munyah/.local/lib/python3.10/site-packages/airflow/example_dags/example_branch_datetime_operator.py took 0.105 seconds
[2025-03-12T14:18:01.065+0200] {processor.py:186} INFO - Started process (PID=134623) to work on /home/munyah/.local/lib/python3.10/site-packages/airflow/example_dags/example_branch_datetime_operator.py
[2025-03-12T14:18:01.067+0200] {processor.py:914} INFO - Processing file /home/munyah/.local/lib/python3.10/site-packages/airflow/example_dags/example_branch_datetime_operator.py for tasks to queue
[2025-03-12T14:18:01.069+0200] {logging_mixin.py:190} INFO - [2025-03-12T14:18:01.069+0200] {dagbag.py:588} INFO - Filling up the DagBag from /home/munyah/.local/lib/python3.10/site-packages/airflow/example_dags/example_branch_datetime_operator.py
[2025-03-12T14:18:01.085+0200] {processor.py:925} INFO - DAG(s) 'example_branch_datetime_operator', 'example_branch_datetime_operator_2', 'example_branch_datetime_operator_3' retrieved from /home/munyah/.local/lib/python3.10/site-packages/airflow/example_dags/example_branch_datetime_operator.py
[2025-03-12T14:18:01.117+0200] {logging_mixin.py:190} INFO - [2025-03-12T14:18:01.117+0200] {dag.py:3239} INFO - Sync 3 DAGs
[2025-03-12T14:18:01.141+0200] {logging_mixin.py:190} INFO - [2025-03-12T14:18:01.141+0200] {dag.py:4180} INFO - Setting next_dagrun for example_branch_datetime_operator to 2025-03-11 00:00:00+00:00, run_after=2025-03-12 00:00:00+00:00
[2025-03-12T14:18:01.147+0200] {logging_mixin.py:190} INFO - [2025-03-12T14:18:01.147+0200] {dag.py:4180} INFO - Setting next_dagrun for example_branch_datetime_operator_2 to 2025-03-11 00:00:00+00:00, run_after=2025-03-12 00:00:00+00:00
[2025-03-12T14:18:01.149+0200] {logging_mixin.py:190} INFO - [2025-03-12T14:18:01.149+0200] {dag.py:4180} INFO - Setting next_dagrun for example_branch_datetime_operator_3 to 2025-03-11 00:00:00+00:00, run_after=2025-03-12 00:00:00+00:00
[2025-03-12T14:18:01.174+0200] {processor.py:208} INFO - Processing /home/munyah/.local/lib/python3.10/site-packages/airflow/example_dags/example_branch_datetime_operator.py took 0.116 seconds
[2025-03-12T14:19:02.045+0200] {processor.py:186} INFO - Started process (PID=134887) to work on /home/munyah/.local/lib/python3.10/site-packages/airflow/example_dags/example_branch_datetime_operator.py
[2025-03-12T14:19:02.047+0200] {processor.py:914} INFO - Processing file /home/munyah/.local/lib/python3.10/site-packages/airflow/example_dags/example_branch_datetime_operator.py for tasks to queue
[2025-03-12T14:19:02.049+0200] {logging_mixin.py:190} INFO - [2025-03-12T14:19:02.049+0200] {dagbag.py:588} INFO - Filling up the DagBag from /home/munyah/.local/lib/python3.10/site-packages/airflow/example_dags/example_branch_datetime_operator.py
[2025-03-12T14:19:02.066+0200] {processor.py:925} INFO - DAG(s) 'example_branch_datetime_operator_3', 'example_branch_datetime_operator', 'example_branch_datetime_operator_2' retrieved from /home/munyah/.local/lib/python3.10/site-packages/airflow/example_dags/example_branch_datetime_operator.py
[2025-03-12T14:19:02.093+0200] {logging_mixin.py:190} INFO - [2025-03-12T14:19:02.093+0200] {dag.py:3239} INFO - Sync 3 DAGs
[2025-03-12T14:19:02.118+0200] {logging_mixin.py:190} INFO - [2025-03-12T14:19:02.118+0200] {dag.py:4180} INFO - Setting next_dagrun for example_branch_datetime_operator to 2025-03-11 00:00:00+00:00, run_after=2025-03-12 00:00:00+00:00
[2025-03-12T14:19:02.124+0200] {logging_mixin.py:190} INFO - [2025-03-12T14:19:02.124+0200] {dag.py:4180} INFO - Setting next_dagrun for example_branch_datetime_operator_2 to 2025-03-11 00:00:00+00:00, run_after=2025-03-12 00:00:00+00:00
[2025-03-12T14:19:02.127+0200] {logging_mixin.py:190} INFO - [2025-03-12T14:19:02.127+0200] {dag.py:4180} INFO - Setting next_dagrun for example_branch_datetime_operator_3 to 2025-03-11 00:00:00+00:00, run_after=2025-03-12 00:00:00+00:00
[2025-03-12T14:19:02.146+0200] {processor.py:208} INFO - Processing /home/munyah/.local/lib/python3.10/site-packages/airflow/example_dags/example_branch_datetime_operator.py took 0.109 seconds
[2025-03-12T14:19:59.189+0200] {processor.py:186} INFO - Started process (PID=135049) to work on /home/munyah/.local/lib/python3.10/site-packages/airflow/example_dags/example_branch_datetime_operator.py
[2025-03-12T14:19:59.191+0200] {processor.py:914} INFO - Processing file /home/munyah/.local/lib/python3.10/site-packages/airflow/example_dags/example_branch_datetime_operator.py for tasks to queue
[2025-03-12T14:19:59.193+0200] {logging_mixin.py:190} INFO - [2025-03-12T14:19:59.193+0200] {dagbag.py:588} INFO - Filling up the DagBag from /home/munyah/.local/lib/python3.10/site-packages/airflow/example_dags/example_branch_datetime_operator.py
[2025-03-12T14:19:59.209+0200] {processor.py:925} INFO - DAG(s) 'example_branch_datetime_operator_3', 'example_branch_datetime_operator_2', 'example_branch_datetime_operator' retrieved from /home/munyah/.local/lib/python3.10/site-packages/airflow/example_dags/example_branch_datetime_operator.py
[2025-03-12T14:19:59.235+0200] {logging_mixin.py:190} INFO - [2025-03-12T14:19:59.234+0200] {dag.py:3239} INFO - Sync 3 DAGs
[2025-03-12T14:19:59.261+0200] {logging_mixin.py:190} INFO - [2025-03-12T14:19:59.261+0200] {dag.py:4180} INFO - Setting next_dagrun for example_branch_datetime_operator to 2025-03-11 00:00:00+00:00, run_after=2025-03-12 00:00:00+00:00
[2025-03-12T14:19:59.267+0200] {logging_mixin.py:190} INFO - [2025-03-12T14:19:59.267+0200] {dag.py:4180} INFO - Setting next_dagrun for example_branch_datetime_operator_2 to 2025-03-11 00:00:00+00:00, run_after=2025-03-12 00:00:00+00:00
[2025-03-12T14:19:59.270+0200] {logging_mixin.py:190} INFO - [2025-03-12T14:19:59.269+0200] {dag.py:4180} INFO - Setting next_dagrun for example_branch_datetime_operator_3 to 2025-03-11 00:00:00+00:00, run_after=2025-03-12 00:00:00+00:00
[2025-03-12T14:19:59.290+0200] {processor.py:208} INFO - Processing /home/munyah/.local/lib/python3.10/site-packages/airflow/example_dags/example_branch_datetime_operator.py took 0.109 seconds
[2025-03-12T14:21:24.036+0200] {processor.py:186} INFO - Started process (PID=135317) to work on /home/munyah/.local/lib/python3.10/site-packages/airflow/example_dags/example_branch_datetime_operator.py
[2025-03-12T14:21:24.037+0200] {processor.py:914} INFO - Processing file /home/munyah/.local/lib/python3.10/site-packages/airflow/example_dags/example_branch_datetime_operator.py for tasks to queue
[2025-03-12T14:21:24.041+0200] {logging_mixin.py:190} INFO - [2025-03-12T14:21:24.040+0200] {dagbag.py:588} INFO - Filling up the DagBag from /home/munyah/.local/lib/python3.10/site-packages/airflow/example_dags/example_branch_datetime_operator.py
[2025-03-12T14:21:24.059+0200] {processor.py:925} INFO - DAG(s) 'example_branch_datetime_operator_2', 'example_branch_datetime_operator_3', 'example_branch_datetime_operator' retrieved from /home/munyah/.local/lib/python3.10/site-packages/airflow/example_dags/example_branch_datetime_operator.py
[2025-03-12T14:21:24.083+0200] {logging_mixin.py:190} INFO - [2025-03-12T14:21:24.083+0200] {dag.py:3239} INFO - Sync 3 DAGs
[2025-03-12T14:21:24.109+0200] {logging_mixin.py:190} INFO - [2025-03-12T14:21:24.108+0200] {dag.py:4180} INFO - Setting next_dagrun for example_branch_datetime_operator to 2025-03-11 00:00:00+00:00, run_after=2025-03-12 00:00:00+00:00
[2025-03-12T14:21:24.114+0200] {logging_mixin.py:190} INFO - [2025-03-12T14:21:24.113+0200] {dag.py:4180} INFO - Setting next_dagrun for example_branch_datetime_operator_2 to 2025-03-11 00:00:00+00:00, run_after=2025-03-12 00:00:00+00:00
[2025-03-12T14:21:24.116+0200] {logging_mixin.py:190} INFO - [2025-03-12T14:21:24.116+0200] {dag.py:4180} INFO - Setting next_dagrun for example_branch_datetime_operator_3 to 2025-03-11 00:00:00+00:00, run_after=2025-03-12 00:00:00+00:00
[2025-03-12T14:21:24.137+0200] {processor.py:208} INFO - Processing /home/munyah/.local/lib/python3.10/site-packages/airflow/example_dags/example_branch_datetime_operator.py took 0.111 seconds
[2025-03-12T14:22:51.450+0200] {processor.py:186} INFO - Started process (PID=136359) to work on /home/munyah/.local/lib/python3.10/site-packages/airflow/example_dags/example_branch_datetime_operator.py
[2025-03-12T14:22:51.451+0200] {processor.py:914} INFO - Processing file /home/munyah/.local/lib/python3.10/site-packages/airflow/example_dags/example_branch_datetime_operator.py for tasks to queue
[2025-03-12T14:22:51.453+0200] {logging_mixin.py:190} INFO - [2025-03-12T14:22:51.453+0200] {dagbag.py:588} INFO - Filling up the DagBag from /home/munyah/.local/lib/python3.10/site-packages/airflow/example_dags/example_branch_datetime_operator.py
[2025-03-12T14:22:51.470+0200] {processor.py:925} INFO - DAG(s) 'example_branch_datetime_operator', 'example_branch_datetime_operator_2', 'example_branch_datetime_operator_3' retrieved from /home/munyah/.local/lib/python3.10/site-packages/airflow/example_dags/example_branch_datetime_operator.py
[2025-03-12T14:22:51.501+0200] {logging_mixin.py:190} INFO - [2025-03-12T14:22:51.500+0200] {dag.py:3239} INFO - Sync 3 DAGs
[2025-03-12T14:22:51.531+0200] {logging_mixin.py:190} INFO - [2025-03-12T14:22:51.531+0200] {dag.py:4180} INFO - Setting next_dagrun for example_branch_datetime_operator to 2025-03-11 00:00:00+00:00, run_after=2025-03-12 00:00:00+00:00
[2025-03-12T14:22:51.537+0200] {logging_mixin.py:190} INFO - [2025-03-12T14:22:51.537+0200] {dag.py:4180} INFO - Setting next_dagrun for example_branch_datetime_operator_2 to 2025-03-11 00:00:00+00:00, run_after=2025-03-12 00:00:00+00:00
[2025-03-12T14:22:51.541+0200] {logging_mixin.py:190} INFO - [2025-03-12T14:22:51.541+0200] {dag.py:4180} INFO - Setting next_dagrun for example_branch_datetime_operator_3 to 2025-03-11 00:00:00+00:00, run_after=2025-03-12 00:00:00+00:00
[2025-03-12T14:22:51.564+0200] {processor.py:208} INFO - Processing /home/munyah/.local/lib/python3.10/site-packages/airflow/example_dags/example_branch_datetime_operator.py took 0.123 seconds
[2025-03-12T14:24:05.536+0200] {processor.py:186} INFO - Started process (PID=136613) to work on /home/munyah/.local/lib/python3.10/site-packages/airflow/example_dags/example_branch_datetime_operator.py
[2025-03-12T14:24:05.537+0200] {processor.py:914} INFO - Processing file /home/munyah/.local/lib/python3.10/site-packages/airflow/example_dags/example_branch_datetime_operator.py for tasks to queue
[2025-03-12T14:24:05.540+0200] {logging_mixin.py:190} INFO - [2025-03-12T14:24:05.539+0200] {dagbag.py:588} INFO - Filling up the DagBag from /home/munyah/.local/lib/python3.10/site-packages/airflow/example_dags/example_branch_datetime_operator.py
[2025-03-12T14:24:05.558+0200] {processor.py:925} INFO - DAG(s) 'example_branch_datetime_operator_3', 'example_branch_datetime_operator', 'example_branch_datetime_operator_2' retrieved from /home/munyah/.local/lib/python3.10/site-packages/airflow/example_dags/example_branch_datetime_operator.py
[2025-03-12T14:24:05.585+0200] {logging_mixin.py:190} INFO - [2025-03-12T14:24:05.584+0200] {dag.py:3239} INFO - Sync 3 DAGs
[2025-03-12T14:24:05.611+0200] {logging_mixin.py:190} INFO - [2025-03-12T14:24:05.610+0200] {dag.py:4180} INFO - Setting next_dagrun for example_branch_datetime_operator to 2025-03-11 00:00:00+00:00, run_after=2025-03-12 00:00:00+00:00
[2025-03-12T14:24:05.616+0200] {logging_mixin.py:190} INFO - [2025-03-12T14:24:05.616+0200] {dag.py:4180} INFO - Setting next_dagrun for example_branch_datetime_operator_2 to 2025-03-11 00:00:00+00:00, run_after=2025-03-12 00:00:00+00:00
[2025-03-12T14:24:05.619+0200] {logging_mixin.py:190} INFO - [2025-03-12T14:24:05.619+0200] {dag.py:4180} INFO - Setting next_dagrun for example_branch_datetime_operator_3 to 2025-03-11 00:00:00+00:00, run_after=2025-03-12 00:00:00+00:00
[2025-03-12T14:24:05.641+0200] {processor.py:208} INFO - Processing /home/munyah/.local/lib/python3.10/site-packages/airflow/example_dags/example_branch_datetime_operator.py took 0.118 seconds
[2025-03-12T14:25:04.187+0200] {processor.py:186} INFO - Started process (PID=136826) to work on /home/munyah/.local/lib/python3.10/site-packages/airflow/example_dags/example_branch_datetime_operator.py
[2025-03-12T14:25:04.189+0200] {processor.py:914} INFO - Processing file /home/munyah/.local/lib/python3.10/site-packages/airflow/example_dags/example_branch_datetime_operator.py for tasks to queue
[2025-03-12T14:25:04.191+0200] {logging_mixin.py:190} INFO - [2025-03-12T14:25:04.191+0200] {dagbag.py:588} INFO - Filling up the DagBag from /home/munyah/.local/lib/python3.10/site-packages/airflow/example_dags/example_branch_datetime_operator.py
[2025-03-12T14:25:04.207+0200] {processor.py:925} INFO - DAG(s) 'example_branch_datetime_operator_2', 'example_branch_datetime_operator', 'example_branch_datetime_operator_3' retrieved from /home/munyah/.local/lib/python3.10/site-packages/airflow/example_dags/example_branch_datetime_operator.py
[2025-03-12T14:25:04.233+0200] {logging_mixin.py:190} INFO - [2025-03-12T14:25:04.232+0200] {dag.py:3239} INFO - Sync 3 DAGs
[2025-03-12T14:25:04.260+0200] {logging_mixin.py:190} INFO - [2025-03-12T14:25:04.260+0200] {dag.py:4180} INFO - Setting next_dagrun for example_branch_datetime_operator to 2025-03-11 00:00:00+00:00, run_after=2025-03-12 00:00:00+00:00
[2025-03-12T14:25:04.265+0200] {logging_mixin.py:190} INFO - [2025-03-12T14:25:04.265+0200] {dag.py:4180} INFO - Setting next_dagrun for example_branch_datetime_operator_2 to 2025-03-11 00:00:00+00:00, run_after=2025-03-12 00:00:00+00:00
[2025-03-12T14:25:04.268+0200] {logging_mixin.py:190} INFO - [2025-03-12T14:25:04.268+0200] {dag.py:4180} INFO - Setting next_dagrun for example_branch_datetime_operator_3 to 2025-03-11 00:00:00+00:00, run_after=2025-03-12 00:00:00+00:00
[2025-03-12T14:25:04.289+0200] {processor.py:208} INFO - Processing /home/munyah/.local/lib/python3.10/site-packages/airflow/example_dags/example_branch_datetime_operator.py took 0.110 seconds
[2025-03-12T14:26:31.395+0200] {processor.py:186} INFO - Started process (PID=137114) to work on /home/munyah/.local/lib/python3.10/site-packages/airflow/example_dags/example_branch_datetime_operator.py
[2025-03-12T14:26:31.397+0200] {processor.py:914} INFO - Processing file /home/munyah/.local/lib/python3.10/site-packages/airflow/example_dags/example_branch_datetime_operator.py for tasks to queue
[2025-03-12T14:26:31.402+0200] {logging_mixin.py:190} INFO - [2025-03-12T14:26:31.401+0200] {dagbag.py:588} INFO - Filling up the DagBag from /home/munyah/.local/lib/python3.10/site-packages/airflow/example_dags/example_branch_datetime_operator.py
[2025-03-12T14:26:31.422+0200] {processor.py:925} INFO - DAG(s) 'example_branch_datetime_operator_3', 'example_branch_datetime_operator_2', 'example_branch_datetime_operator' retrieved from /home/munyah/.local/lib/python3.10/site-packages/airflow/example_dags/example_branch_datetime_operator.py
[2025-03-12T14:26:31.448+0200] {logging_mixin.py:190} INFO - [2025-03-12T14:26:31.448+0200] {dag.py:3239} INFO - Sync 3 DAGs
[2025-03-12T14:26:31.474+0200] {logging_mixin.py:190} INFO - [2025-03-12T14:26:31.473+0200] {dag.py:4180} INFO - Setting next_dagrun for example_branch_datetime_operator to 2025-03-11 00:00:00+00:00, run_after=2025-03-12 00:00:00+00:00
[2025-03-12T14:26:31.480+0200] {logging_mixin.py:190} INFO - [2025-03-12T14:26:31.480+0200] {dag.py:4180} INFO - Setting next_dagrun for example_branch_datetime_operator_2 to 2025-03-11 00:00:00+00:00, run_after=2025-03-12 00:00:00+00:00
[2025-03-12T14:26:31.483+0200] {logging_mixin.py:190} INFO - [2025-03-12T14:26:31.483+0200] {dag.py:4180} INFO - Setting next_dagrun for example_branch_datetime_operator_3 to 2025-03-11 00:00:00+00:00, run_after=2025-03-12 00:00:00+00:00
[2025-03-12T14:26:31.504+0200] {processor.py:208} INFO - Processing /home/munyah/.local/lib/python3.10/site-packages/airflow/example_dags/example_branch_datetime_operator.py took 0.130 seconds
[2025-03-12T14:27:33.939+0200] {processor.py:186} INFO - Started process (PID=137333) to work on /home/munyah/.local/lib/python3.10/site-packages/airflow/example_dags/example_branch_datetime_operator.py
[2025-03-12T14:27:33.941+0200] {processor.py:914} INFO - Processing file /home/munyah/.local/lib/python3.10/site-packages/airflow/example_dags/example_branch_datetime_operator.py for tasks to queue
[2025-03-12T14:27:33.943+0200] {logging_mixin.py:190} INFO - [2025-03-12T14:27:33.943+0200] {dagbag.py:588} INFO - Filling up the DagBag from /home/munyah/.local/lib/python3.10/site-packages/airflow/example_dags/example_branch_datetime_operator.py
[2025-03-12T14:27:33.959+0200] {processor.py:925} INFO - DAG(s) 'example_branch_datetime_operator_2', 'example_branch_datetime_operator_3', 'example_branch_datetime_operator' retrieved from /home/munyah/.local/lib/python3.10/site-packages/airflow/example_dags/example_branch_datetime_operator.py
[2025-03-12T14:27:33.984+0200] {logging_mixin.py:190} INFO - [2025-03-12T14:27:33.984+0200] {dag.py:3239} INFO - Sync 3 DAGs
[2025-03-12T14:27:34.011+0200] {logging_mixin.py:190} INFO - [2025-03-12T14:27:34.011+0200] {dag.py:4180} INFO - Setting next_dagrun for example_branch_datetime_operator to 2025-03-11 00:00:00+00:00, run_after=2025-03-12 00:00:00+00:00
[2025-03-12T14:27:34.017+0200] {logging_mixin.py:190} INFO - [2025-03-12T14:27:34.017+0200] {dag.py:4180} INFO - Setting next_dagrun for example_branch_datetime_operator_2 to 2025-03-11 00:00:00+00:00, run_after=2025-03-12 00:00:00+00:00
[2025-03-12T14:27:34.020+0200] {logging_mixin.py:190} INFO - [2025-03-12T14:27:34.020+0200] {dag.py:4180} INFO - Setting next_dagrun for example_branch_datetime_operator_3 to 2025-03-11 00:00:00+00:00, run_after=2025-03-12 00:00:00+00:00
[2025-03-12T14:27:34.042+0200] {processor.py:208} INFO - Processing /home/munyah/.local/lib/python3.10/site-packages/airflow/example_dags/example_branch_datetime_operator.py took 0.111 seconds
[2025-03-12T14:28:36.241+0200] {processor.py:186} INFO - Started process (PID=137504) to work on /home/munyah/.local/lib/python3.10/site-packages/airflow/example_dags/example_branch_datetime_operator.py
[2025-03-12T14:28:36.243+0200] {processor.py:914} INFO - Processing file /home/munyah/.local/lib/python3.10/site-packages/airflow/example_dags/example_branch_datetime_operator.py for tasks to queue
[2025-03-12T14:28:36.246+0200] {logging_mixin.py:190} INFO - [2025-03-12T14:28:36.246+0200] {dagbag.py:588} INFO - Filling up the DagBag from /home/munyah/.local/lib/python3.10/site-packages/airflow/example_dags/example_branch_datetime_operator.py
[2025-03-12T14:28:36.264+0200] {processor.py:925} INFO - DAG(s) 'example_branch_datetime_operator_2', 'example_branch_datetime_operator_3', 'example_branch_datetime_operator' retrieved from /home/munyah/.local/lib/python3.10/site-packages/airflow/example_dags/example_branch_datetime_operator.py
[2025-03-12T14:28:36.288+0200] {logging_mixin.py:190} INFO - [2025-03-12T14:28:36.288+0200] {dag.py:3239} INFO - Sync 3 DAGs
[2025-03-12T14:28:36.313+0200] {logging_mixin.py:190} INFO - [2025-03-12T14:28:36.313+0200] {dag.py:4180} INFO - Setting next_dagrun for example_branch_datetime_operator to 2025-03-11 00:00:00+00:00, run_after=2025-03-12 00:00:00+00:00
[2025-03-12T14:28:36.318+0200] {logging_mixin.py:190} INFO - [2025-03-12T14:28:36.318+0200] {dag.py:4180} INFO - Setting next_dagrun for example_branch_datetime_operator_2 to 2025-03-11 00:00:00+00:00, run_after=2025-03-12 00:00:00+00:00
[2025-03-12T14:28:36.321+0200] {logging_mixin.py:190} INFO - [2025-03-12T14:28:36.321+0200] {dag.py:4180} INFO - Setting next_dagrun for example_branch_datetime_operator_3 to 2025-03-11 00:00:00+00:00, run_after=2025-03-12 00:00:00+00:00
[2025-03-12T14:28:36.340+0200] {processor.py:208} INFO - Processing /home/munyah/.local/lib/python3.10/site-packages/airflow/example_dags/example_branch_datetime_operator.py took 0.110 seconds
[2025-03-12T14:29:34.829+0200] {processor.py:186} INFO - Started process (PID=138427) to work on /home/munyah/.local/lib/python3.10/site-packages/airflow/example_dags/example_branch_datetime_operator.py
[2025-03-12T14:29:34.831+0200] {processor.py:914} INFO - Processing file /home/munyah/.local/lib/python3.10/site-packages/airflow/example_dags/example_branch_datetime_operator.py for tasks to queue
[2025-03-12T14:29:34.834+0200] {logging_mixin.py:190} INFO - [2025-03-12T14:29:34.833+0200] {dagbag.py:588} INFO - Filling up the DagBag from /home/munyah/.local/lib/python3.10/site-packages/airflow/example_dags/example_branch_datetime_operator.py
[2025-03-12T14:29:34.849+0200] {processor.py:925} INFO - DAG(s) 'example_branch_datetime_operator_2', 'example_branch_datetime_operator_3', 'example_branch_datetime_operator' retrieved from /home/munyah/.local/lib/python3.10/site-packages/airflow/example_dags/example_branch_datetime_operator.py
[2025-03-12T14:29:34.876+0200] {logging_mixin.py:190} INFO - [2025-03-12T14:29:34.876+0200] {dag.py:3239} INFO - Sync 3 DAGs
[2025-03-12T14:29:34.903+0200] {logging_mixin.py:190} INFO - [2025-03-12T14:29:34.902+0200] {dag.py:4180} INFO - Setting next_dagrun for example_branch_datetime_operator to 2025-03-11 00:00:00+00:00, run_after=2025-03-12 00:00:00+00:00
[2025-03-12T14:29:34.909+0200] {logging_mixin.py:190} INFO - [2025-03-12T14:29:34.909+0200] {dag.py:4180} INFO - Setting next_dagrun for example_branch_datetime_operator_2 to 2025-03-11 00:00:00+00:00, run_after=2025-03-12 00:00:00+00:00
[2025-03-12T14:29:34.912+0200] {logging_mixin.py:190} INFO - [2025-03-12T14:29:34.912+0200] {dag.py:4180} INFO - Setting next_dagrun for example_branch_datetime_operator_3 to 2025-03-11 00:00:00+00:00, run_after=2025-03-12 00:00:00+00:00
[2025-03-12T14:29:34.932+0200] {processor.py:208} INFO - Processing /home/munyah/.local/lib/python3.10/site-packages/airflow/example_dags/example_branch_datetime_operator.py took 0.112 seconds
[2025-03-12T14:30:36.137+0200] {processor.py:186} INFO - Started process (PID=138774) to work on /home/munyah/.local/lib/python3.10/site-packages/airflow/example_dags/example_branch_datetime_operator.py
[2025-03-12T14:30:36.139+0200] {processor.py:914} INFO - Processing file /home/munyah/.local/lib/python3.10/site-packages/airflow/example_dags/example_branch_datetime_operator.py for tasks to queue
[2025-03-12T14:30:36.142+0200] {logging_mixin.py:190} INFO - [2025-03-12T14:30:36.142+0200] {dagbag.py:588} INFO - Filling up the DagBag from /home/munyah/.local/lib/python3.10/site-packages/airflow/example_dags/example_branch_datetime_operator.py
[2025-03-12T14:30:36.161+0200] {processor.py:925} INFO - DAG(s) 'example_branch_datetime_operator_3', 'example_branch_datetime_operator', 'example_branch_datetime_operator_2' retrieved from /home/munyah/.local/lib/python3.10/site-packages/airflow/example_dags/example_branch_datetime_operator.py
[2025-03-12T14:30:36.189+0200] {logging_mixin.py:190} INFO - [2025-03-12T14:30:36.189+0200] {dag.py:3239} INFO - Sync 3 DAGs
[2025-03-12T14:30:36.215+0200] {logging_mixin.py:190} INFO - [2025-03-12T14:30:36.215+0200] {dag.py:4180} INFO - Setting next_dagrun for example_branch_datetime_operator to 2025-03-11 00:00:00+00:00, run_after=2025-03-12 00:00:00+00:00
[2025-03-12T14:30:36.222+0200] {logging_mixin.py:190} INFO - [2025-03-12T14:30:36.221+0200] {dag.py:4180} INFO - Setting next_dagrun for example_branch_datetime_operator_2 to 2025-03-11 00:00:00+00:00, run_after=2025-03-12 00:00:00+00:00
[2025-03-12T14:30:36.225+0200] {logging_mixin.py:190} INFO - [2025-03-12T14:30:36.225+0200] {dag.py:4180} INFO - Setting next_dagrun for example_branch_datetime_operator_3 to 2025-03-11 00:00:00+00:00, run_after=2025-03-12 00:00:00+00:00
[2025-03-12T14:30:36.247+0200] {processor.py:208} INFO - Processing /home/munyah/.local/lib/python3.10/site-packages/airflow/example_dags/example_branch_datetime_operator.py took 0.124 seconds
[2025-03-12T14:31:39.863+0200] {processor.py:186} INFO - Started process (PID=138980) to work on /home/munyah/.local/lib/python3.10/site-packages/airflow/example_dags/example_branch_datetime_operator.py
[2025-03-12T14:31:39.864+0200] {processor.py:914} INFO - Processing file /home/munyah/.local/lib/python3.10/site-packages/airflow/example_dags/example_branch_datetime_operator.py for tasks to queue
[2025-03-12T14:31:39.867+0200] {logging_mixin.py:190} INFO - [2025-03-12T14:31:39.867+0200] {dagbag.py:588} INFO - Filling up the DagBag from /home/munyah/.local/lib/python3.10/site-packages/airflow/example_dags/example_branch_datetime_operator.py
[2025-03-12T14:31:39.882+0200] {processor.py:925} INFO - DAG(s) 'example_branch_datetime_operator', 'example_branch_datetime_operator_3', 'example_branch_datetime_operator_2' retrieved from /home/munyah/.local/lib/python3.10/site-packages/airflow/example_dags/example_branch_datetime_operator.py
[2025-03-12T14:31:39.908+0200] {logging_mixin.py:190} INFO - [2025-03-12T14:31:39.908+0200] {dag.py:3239} INFO - Sync 3 DAGs
[2025-03-12T14:31:39.933+0200] {logging_mixin.py:190} INFO - [2025-03-12T14:31:39.932+0200] {dag.py:4180} INFO - Setting next_dagrun for example_branch_datetime_operator to 2025-03-11 00:00:00+00:00, run_after=2025-03-12 00:00:00+00:00
[2025-03-12T14:31:39.938+0200] {logging_mixin.py:190} INFO - [2025-03-12T14:31:39.938+0200] {dag.py:4180} INFO - Setting next_dagrun for example_branch_datetime_operator_2 to 2025-03-11 00:00:00+00:00, run_after=2025-03-12 00:00:00+00:00
[2025-03-12T14:31:39.941+0200] {logging_mixin.py:190} INFO - [2025-03-12T14:31:39.941+0200] {dag.py:4180} INFO - Setting next_dagrun for example_branch_datetime_operator_3 to 2025-03-11 00:00:00+00:00, run_after=2025-03-12 00:00:00+00:00
[2025-03-12T14:31:39.962+0200] {processor.py:208} INFO - Processing /home/munyah/.local/lib/python3.10/site-packages/airflow/example_dags/example_branch_datetime_operator.py took 0.106 seconds
[2025-03-12T14:32:43.919+0200] {processor.py:186} INFO - Started process (PID=139639) to work on /home/munyah/.local/lib/python3.10/site-packages/airflow/example_dags/example_branch_datetime_operator.py
[2025-03-12T14:32:43.920+0200] {processor.py:914} INFO - Processing file /home/munyah/.local/lib/python3.10/site-packages/airflow/example_dags/example_branch_datetime_operator.py for tasks to queue
[2025-03-12T14:32:43.923+0200] {logging_mixin.py:190} INFO - [2025-03-12T14:32:43.922+0200] {dagbag.py:588} INFO - Filling up the DagBag from /home/munyah/.local/lib/python3.10/site-packages/airflow/example_dags/example_branch_datetime_operator.py
[2025-03-12T14:32:43.941+0200] {processor.py:925} INFO - DAG(s) 'example_branch_datetime_operator_3', 'example_branch_datetime_operator_2', 'example_branch_datetime_operator' retrieved from /home/munyah/.local/lib/python3.10/site-packages/airflow/example_dags/example_branch_datetime_operator.py
[2025-03-12T14:32:43.971+0200] {logging_mixin.py:190} INFO - [2025-03-12T14:32:43.971+0200] {dag.py:3239} INFO - Sync 3 DAGs
[2025-03-12T14:32:44.001+0200] {logging_mixin.py:190} INFO - [2025-03-12T14:32:44.001+0200] {dag.py:4180} INFO - Setting next_dagrun for example_branch_datetime_operator to 2025-03-11 00:00:00+00:00, run_after=2025-03-12 00:00:00+00:00
[2025-03-12T14:32:44.008+0200] {logging_mixin.py:190} INFO - [2025-03-12T14:32:44.008+0200] {dag.py:4180} INFO - Setting next_dagrun for example_branch_datetime_operator_2 to 2025-03-11 00:00:00+00:00, run_after=2025-03-12 00:00:00+00:00
[2025-03-12T14:32:44.011+0200] {logging_mixin.py:190} INFO - [2025-03-12T14:32:44.011+0200] {dag.py:4180} INFO - Setting next_dagrun for example_branch_datetime_operator_3 to 2025-03-11 00:00:00+00:00, run_after=2025-03-12 00:00:00+00:00
[2025-03-12T14:32:44.032+0200] {processor.py:208} INFO - Processing /home/munyah/.local/lib/python3.10/site-packages/airflow/example_dags/example_branch_datetime_operator.py took 0.122 seconds
[2025-03-12T14:33:46.765+0200] {processor.py:186} INFO - Started process (PID=139939) to work on /home/munyah/.local/lib/python3.10/site-packages/airflow/example_dags/example_branch_datetime_operator.py
[2025-03-12T14:33:46.766+0200] {processor.py:914} INFO - Processing file /home/munyah/.local/lib/python3.10/site-packages/airflow/example_dags/example_branch_datetime_operator.py for tasks to queue
[2025-03-12T14:33:46.768+0200] {logging_mixin.py:190} INFO - [2025-03-12T14:33:46.768+0200] {dagbag.py:588} INFO - Filling up the DagBag from /home/munyah/.local/lib/python3.10/site-packages/airflow/example_dags/example_branch_datetime_operator.py
[2025-03-12T14:33:46.784+0200] {processor.py:925} INFO - DAG(s) 'example_branch_datetime_operator', 'example_branch_datetime_operator_3', 'example_branch_datetime_operator_2' retrieved from /home/munyah/.local/lib/python3.10/site-packages/airflow/example_dags/example_branch_datetime_operator.py
[2025-03-12T14:33:46.809+0200] {logging_mixin.py:190} INFO - [2025-03-12T14:33:46.809+0200] {dag.py:3239} INFO - Sync 3 DAGs
[2025-03-12T14:33:46.836+0200] {logging_mixin.py:190} INFO - [2025-03-12T14:33:46.835+0200] {dag.py:4180} INFO - Setting next_dagrun for example_branch_datetime_operator to 2025-03-11 00:00:00+00:00, run_after=2025-03-12 00:00:00+00:00
[2025-03-12T14:33:46.841+0200] {logging_mixin.py:190} INFO - [2025-03-12T14:33:46.841+0200] {dag.py:4180} INFO - Setting next_dagrun for example_branch_datetime_operator_2 to 2025-03-11 00:00:00+00:00, run_after=2025-03-12 00:00:00+00:00
[2025-03-12T14:33:46.844+0200] {logging_mixin.py:190} INFO - [2025-03-12T14:33:46.844+0200] {dag.py:4180} INFO - Setting next_dagrun for example_branch_datetime_operator_3 to 2025-03-11 00:00:00+00:00, run_after=2025-03-12 00:00:00+00:00
[2025-03-12T14:33:46.863+0200] {processor.py:208} INFO - Processing /home/munyah/.local/lib/python3.10/site-packages/airflow/example_dags/example_branch_datetime_operator.py took 0.107 seconds
[2025-03-12T14:34:52.220+0200] {processor.py:186} INFO - Started process (PID=140148) to work on /home/munyah/.local/lib/python3.10/site-packages/airflow/example_dags/example_branch_datetime_operator.py
[2025-03-12T14:34:52.222+0200] {processor.py:914} INFO - Processing file /home/munyah/.local/lib/python3.10/site-packages/airflow/example_dags/example_branch_datetime_operator.py for tasks to queue
[2025-03-12T14:34:52.224+0200] {logging_mixin.py:190} INFO - [2025-03-12T14:34:52.224+0200] {dagbag.py:588} INFO - Filling up the DagBag from /home/munyah/.local/lib/python3.10/site-packages/airflow/example_dags/example_branch_datetime_operator.py
[2025-03-12T14:34:52.241+0200] {processor.py:925} INFO - DAG(s) 'example_branch_datetime_operator_3', 'example_branch_datetime_operator', 'example_branch_datetime_operator_2' retrieved from /home/munyah/.local/lib/python3.10/site-packages/airflow/example_dags/example_branch_datetime_operator.py
[2025-03-12T14:34:52.269+0200] {logging_mixin.py:190} INFO - [2025-03-12T14:34:52.269+0200] {dag.py:3239} INFO - Sync 3 DAGs
[2025-03-12T14:34:52.295+0200] {logging_mixin.py:190} INFO - [2025-03-12T14:34:52.295+0200] {dag.py:4180} INFO - Setting next_dagrun for example_branch_datetime_operator to 2025-03-11 00:00:00+00:00, run_after=2025-03-12 00:00:00+00:00
[2025-03-12T14:34:52.300+0200] {logging_mixin.py:190} INFO - [2025-03-12T14:34:52.300+0200] {dag.py:4180} INFO - Setting next_dagrun for example_branch_datetime_operator_2 to 2025-03-11 00:00:00+00:00, run_after=2025-03-12 00:00:00+00:00
[2025-03-12T14:34:52.304+0200] {logging_mixin.py:190} INFO - [2025-03-12T14:34:52.304+0200] {dag.py:4180} INFO - Setting next_dagrun for example_branch_datetime_operator_3 to 2025-03-11 00:00:00+00:00, run_after=2025-03-12 00:00:00+00:00
[2025-03-12T14:34:52.324+0200] {processor.py:208} INFO - Processing /home/munyah/.local/lib/python3.10/site-packages/airflow/example_dags/example_branch_datetime_operator.py took 0.111 seconds
[2025-03-12T14:35:55.612+0200] {processor.py:186} INFO - Started process (PID=140341) to work on /home/munyah/.local/lib/python3.10/site-packages/airflow/example_dags/example_branch_datetime_operator.py
[2025-03-12T14:35:55.613+0200] {processor.py:914} INFO - Processing file /home/munyah/.local/lib/python3.10/site-packages/airflow/example_dags/example_branch_datetime_operator.py for tasks to queue
[2025-03-12T14:35:55.616+0200] {logging_mixin.py:190} INFO - [2025-03-12T14:35:55.615+0200] {dagbag.py:588} INFO - Filling up the DagBag from /home/munyah/.local/lib/python3.10/site-packages/airflow/example_dags/example_branch_datetime_operator.py
[2025-03-12T14:35:55.632+0200] {processor.py:925} INFO - DAG(s) 'example_branch_datetime_operator_3', 'example_branch_datetime_operator_2', 'example_branch_datetime_operator' retrieved from /home/munyah/.local/lib/python3.10/site-packages/airflow/example_dags/example_branch_datetime_operator.py
[2025-03-12T14:35:55.659+0200] {logging_mixin.py:190} INFO - [2025-03-12T14:35:55.659+0200] {dag.py:3239} INFO - Sync 3 DAGs
[2025-03-12T14:35:55.685+0200] {logging_mixin.py:190} INFO - [2025-03-12T14:35:55.685+0200] {dag.py:4180} INFO - Setting next_dagrun for example_branch_datetime_operator to 2025-03-11 00:00:00+00:00, run_after=2025-03-12 00:00:00+00:00
[2025-03-12T14:35:55.692+0200] {logging_mixin.py:190} INFO - [2025-03-12T14:35:55.692+0200] {dag.py:4180} INFO - Setting next_dagrun for example_branch_datetime_operator_2 to 2025-03-11 00:00:00+00:00, run_after=2025-03-12 00:00:00+00:00
[2025-03-12T14:35:55.695+0200] {logging_mixin.py:190} INFO - [2025-03-12T14:35:55.695+0200] {dag.py:4180} INFO - Setting next_dagrun for example_branch_datetime_operator_3 to 2025-03-11 00:00:00+00:00, run_after=2025-03-12 00:00:00+00:00
[2025-03-12T14:35:55.716+0200] {processor.py:208} INFO - Processing /home/munyah/.local/lib/python3.10/site-packages/airflow/example_dags/example_branch_datetime_operator.py took 0.111 seconds
[2025-03-12T14:37:01.115+0200] {processor.py:186} INFO - Started process (PID=140523) to work on /home/munyah/.local/lib/python3.10/site-packages/airflow/example_dags/example_branch_datetime_operator.py
[2025-03-12T14:37:01.116+0200] {processor.py:914} INFO - Processing file /home/munyah/.local/lib/python3.10/site-packages/airflow/example_dags/example_branch_datetime_operator.py for tasks to queue
[2025-03-12T14:37:01.118+0200] {logging_mixin.py:190} INFO - [2025-03-12T14:37:01.117+0200] {dagbag.py:588} INFO - Filling up the DagBag from /home/munyah/.local/lib/python3.10/site-packages/airflow/example_dags/example_branch_datetime_operator.py
[2025-03-12T14:37:01.134+0200] {processor.py:925} INFO - DAG(s) 'example_branch_datetime_operator', 'example_branch_datetime_operator_3', 'example_branch_datetime_operator_2' retrieved from /home/munyah/.local/lib/python3.10/site-packages/airflow/example_dags/example_branch_datetime_operator.py
[2025-03-12T14:37:01.157+0200] {logging_mixin.py:190} INFO - [2025-03-12T14:37:01.157+0200] {dag.py:3239} INFO - Sync 3 DAGs
[2025-03-12T14:37:01.181+0200] {logging_mixin.py:190} INFO - [2025-03-12T14:37:01.181+0200] {dag.py:4180} INFO - Setting next_dagrun for example_branch_datetime_operator to 2025-03-11 00:00:00+00:00, run_after=2025-03-12 00:00:00+00:00
[2025-03-12T14:37:01.186+0200] {logging_mixin.py:190} INFO - [2025-03-12T14:37:01.186+0200] {dag.py:4180} INFO - Setting next_dagrun for example_branch_datetime_operator_2 to 2025-03-11 00:00:00+00:00, run_after=2025-03-12 00:00:00+00:00
[2025-03-12T14:37:01.189+0200] {logging_mixin.py:190} INFO - [2025-03-12T14:37:01.189+0200] {dag.py:4180} INFO - Setting next_dagrun for example_branch_datetime_operator_3 to 2025-03-11 00:00:00+00:00, run_after=2025-03-12 00:00:00+00:00
[2025-03-12T14:37:01.209+0200] {processor.py:208} INFO - Processing /home/munyah/.local/lib/python3.10/site-packages/airflow/example_dags/example_branch_datetime_operator.py took 0.102 seconds
[2025-03-12T14:38:04.649+0200] {processor.py:186} INFO - Started process (PID=140655) to work on /home/munyah/.local/lib/python3.10/site-packages/airflow/example_dags/example_branch_datetime_operator.py
[2025-03-12T14:38:04.651+0200] {processor.py:914} INFO - Processing file /home/munyah/.local/lib/python3.10/site-packages/airflow/example_dags/example_branch_datetime_operator.py for tasks to queue
[2025-03-12T14:38:04.655+0200] {logging_mixin.py:190} INFO - [2025-03-12T14:38:04.654+0200] {dagbag.py:588} INFO - Filling up the DagBag from /home/munyah/.local/lib/python3.10/site-packages/airflow/example_dags/example_branch_datetime_operator.py
[2025-03-12T14:38:04.676+0200] {processor.py:925} INFO - DAG(s) 'example_branch_datetime_operator', 'example_branch_datetime_operator_3', 'example_branch_datetime_operator_2' retrieved from /home/munyah/.local/lib/python3.10/site-packages/airflow/example_dags/example_branch_datetime_operator.py
[2025-03-12T14:38:04.700+0200] {logging_mixin.py:190} INFO - [2025-03-12T14:38:04.700+0200] {dag.py:3239} INFO - Sync 3 DAGs
[2025-03-12T14:38:04.724+0200] {logging_mixin.py:190} INFO - [2025-03-12T14:38:04.724+0200] {dag.py:4180} INFO - Setting next_dagrun for example_branch_datetime_operator to 2025-03-11 00:00:00+00:00, run_after=2025-03-12 00:00:00+00:00
[2025-03-12T14:38:04.730+0200] {logging_mixin.py:190} INFO - [2025-03-12T14:38:04.730+0200] {dag.py:4180} INFO - Setting next_dagrun for example_branch_datetime_operator_2 to 2025-03-11 00:00:00+00:00, run_after=2025-03-12 00:00:00+00:00
[2025-03-12T14:38:04.732+0200] {logging_mixin.py:190} INFO - [2025-03-12T14:38:04.732+0200] {dag.py:4180} INFO - Setting next_dagrun for example_branch_datetime_operator_3 to 2025-03-11 00:00:00+00:00, run_after=2025-03-12 00:00:00+00:00
[2025-03-12T14:38:04.752+0200] {processor.py:208} INFO - Processing /home/munyah/.local/lib/python3.10/site-packages/airflow/example_dags/example_branch_datetime_operator.py took 0.113 seconds
[2025-03-12T14:39:10.361+0200] {processor.py:186} INFO - Started process (PID=140735) to work on /home/munyah/.local/lib/python3.10/site-packages/airflow/example_dags/example_branch_datetime_operator.py
[2025-03-12T14:39:10.362+0200] {processor.py:914} INFO - Processing file /home/munyah/.local/lib/python3.10/site-packages/airflow/example_dags/example_branch_datetime_operator.py for tasks to queue
[2025-03-12T14:39:10.365+0200] {logging_mixin.py:190} INFO - [2025-03-12T14:39:10.365+0200] {dagbag.py:588} INFO - Filling up the DagBag from /home/munyah/.local/lib/python3.10/site-packages/airflow/example_dags/example_branch_datetime_operator.py
[2025-03-12T14:39:10.383+0200] {processor.py:925} INFO - DAG(s) 'example_branch_datetime_operator_3', 'example_branch_datetime_operator_2', 'example_branch_datetime_operator' retrieved from /home/munyah/.local/lib/python3.10/site-packages/airflow/example_dags/example_branch_datetime_operator.py
[2025-03-12T14:39:10.408+0200] {logging_mixin.py:190} INFO - [2025-03-12T14:39:10.408+0200] {dag.py:3239} INFO - Sync 3 DAGs
[2025-03-12T14:39:10.433+0200] {logging_mixin.py:190} INFO - [2025-03-12T14:39:10.432+0200] {dag.py:4180} INFO - Setting next_dagrun for example_branch_datetime_operator to 2025-03-11 00:00:00+00:00, run_after=2025-03-12 00:00:00+00:00
[2025-03-12T14:39:10.440+0200] {logging_mixin.py:190} INFO - [2025-03-12T14:39:10.439+0200] {dag.py:4180} INFO - Setting next_dagrun for example_branch_datetime_operator_2 to 2025-03-11 00:00:00+00:00, run_after=2025-03-12 00:00:00+00:00
[2025-03-12T14:39:10.442+0200] {logging_mixin.py:190} INFO - [2025-03-12T14:39:10.442+0200] {dag.py:4180} INFO - Setting next_dagrun for example_branch_datetime_operator_3 to 2025-03-11 00:00:00+00:00, run_after=2025-03-12 00:00:00+00:00
[2025-03-12T14:39:10.461+0200] {processor.py:208} INFO - Processing /home/munyah/.local/lib/python3.10/site-packages/airflow/example_dags/example_branch_datetime_operator.py took 0.109 seconds
[2025-03-12T14:40:17.293+0200] {processor.py:186} INFO - Started process (PID=140866) to work on /home/munyah/.local/lib/python3.10/site-packages/airflow/example_dags/example_branch_datetime_operator.py
[2025-03-12T14:40:17.294+0200] {processor.py:914} INFO - Processing file /home/munyah/.local/lib/python3.10/site-packages/airflow/example_dags/example_branch_datetime_operator.py for tasks to queue
[2025-03-12T14:40:17.297+0200] {logging_mixin.py:190} INFO - [2025-03-12T14:40:17.296+0200] {dagbag.py:588} INFO - Filling up the DagBag from /home/munyah/.local/lib/python3.10/site-packages/airflow/example_dags/example_branch_datetime_operator.py
[2025-03-12T14:40:17.311+0200] {processor.py:925} INFO - DAG(s) 'example_branch_datetime_operator', 'example_branch_datetime_operator_3', 'example_branch_datetime_operator_2' retrieved from /home/munyah/.local/lib/python3.10/site-packages/airflow/example_dags/example_branch_datetime_operator.py
[2025-03-12T14:40:17.335+0200] {logging_mixin.py:190} INFO - [2025-03-12T14:40:17.335+0200] {dag.py:3239} INFO - Sync 3 DAGs
[2025-03-12T14:40:17.362+0200] {logging_mixin.py:190} INFO - [2025-03-12T14:40:17.362+0200] {dag.py:4180} INFO - Setting next_dagrun for example_branch_datetime_operator to 2025-03-11 00:00:00+00:00, run_after=2025-03-12 00:00:00+00:00
[2025-03-12T14:40:17.367+0200] {logging_mixin.py:190} INFO - [2025-03-12T14:40:17.367+0200] {dag.py:4180} INFO - Setting next_dagrun for example_branch_datetime_operator_2 to 2025-03-11 00:00:00+00:00, run_after=2025-03-12 00:00:00+00:00
[2025-03-12T14:40:17.370+0200] {logging_mixin.py:190} INFO - [2025-03-12T14:40:17.370+0200] {dag.py:4180} INFO - Setting next_dagrun for example_branch_datetime_operator_3 to 2025-03-11 00:00:00+00:00, run_after=2025-03-12 00:00:00+00:00
[2025-03-12T14:40:17.388+0200] {processor.py:208} INFO - Processing /home/munyah/.local/lib/python3.10/site-packages/airflow/example_dags/example_branch_datetime_operator.py took 0.102 seconds
[2025-03-12T14:41:20.039+0200] {processor.py:186} INFO - Started process (PID=141155) to work on /home/munyah/.local/lib/python3.10/site-packages/airflow/example_dags/example_branch_datetime_operator.py
[2025-03-12T14:41:20.040+0200] {processor.py:914} INFO - Processing file /home/munyah/.local/lib/python3.10/site-packages/airflow/example_dags/example_branch_datetime_operator.py for tasks to queue
[2025-03-12T14:41:20.043+0200] {logging_mixin.py:190} INFO - [2025-03-12T14:41:20.042+0200] {dagbag.py:588} INFO - Filling up the DagBag from /home/munyah/.local/lib/python3.10/site-packages/airflow/example_dags/example_branch_datetime_operator.py
[2025-03-12T14:41:20.060+0200] {processor.py:925} INFO - DAG(s) 'example_branch_datetime_operator', 'example_branch_datetime_operator_2', 'example_branch_datetime_operator_3' retrieved from /home/munyah/.local/lib/python3.10/site-packages/airflow/example_dags/example_branch_datetime_operator.py
[2025-03-12T14:41:20.086+0200] {logging_mixin.py:190} INFO - [2025-03-12T14:41:20.085+0200] {dag.py:3239} INFO - Sync 3 DAGs
[2025-03-12T14:41:20.114+0200] {logging_mixin.py:190} INFO - [2025-03-12T14:41:20.114+0200] {dag.py:4180} INFO - Setting next_dagrun for example_branch_datetime_operator to 2025-03-11 00:00:00+00:00, run_after=2025-03-12 00:00:00+00:00
[2025-03-12T14:41:20.120+0200] {logging_mixin.py:190} INFO - [2025-03-12T14:41:20.119+0200] {dag.py:4180} INFO - Setting next_dagrun for example_branch_datetime_operator_2 to 2025-03-11 00:00:00+00:00, run_after=2025-03-12 00:00:00+00:00
[2025-03-12T14:41:20.122+0200] {logging_mixin.py:190} INFO - [2025-03-12T14:41:20.122+0200] {dag.py:4180} INFO - Setting next_dagrun for example_branch_datetime_operator_3 to 2025-03-11 00:00:00+00:00, run_after=2025-03-12 00:00:00+00:00
[2025-03-12T14:41:20.143+0200] {processor.py:208} INFO - Processing /home/munyah/.local/lib/python3.10/site-packages/airflow/example_dags/example_branch_datetime_operator.py took 0.112 seconds
[2025-03-12T14:42:21.057+0200] {processor.py:186} INFO - Started process (PID=141331) to work on /home/munyah/.local/lib/python3.10/site-packages/airflow/example_dags/example_branch_datetime_operator.py
[2025-03-12T14:42:21.059+0200] {processor.py:914} INFO - Processing file /home/munyah/.local/lib/python3.10/site-packages/airflow/example_dags/example_branch_datetime_operator.py for tasks to queue
[2025-03-12T14:42:21.062+0200] {logging_mixin.py:190} INFO - [2025-03-12T14:42:21.061+0200] {dagbag.py:588} INFO - Filling up the DagBag from /home/munyah/.local/lib/python3.10/site-packages/airflow/example_dags/example_branch_datetime_operator.py
[2025-03-12T14:42:21.078+0200] {processor.py:925} INFO - DAG(s) 'example_branch_datetime_operator', 'example_branch_datetime_operator_2', 'example_branch_datetime_operator_3' retrieved from /home/munyah/.local/lib/python3.10/site-packages/airflow/example_dags/example_branch_datetime_operator.py
[2025-03-12T14:42:21.106+0200] {logging_mixin.py:190} INFO - [2025-03-12T14:42:21.106+0200] {dag.py:3239} INFO - Sync 3 DAGs
[2025-03-12T14:42:21.135+0200] {logging_mixin.py:190} INFO - [2025-03-12T14:42:21.134+0200] {dag.py:4180} INFO - Setting next_dagrun for example_branch_datetime_operator to 2025-03-11 00:00:00+00:00, run_after=2025-03-12 00:00:00+00:00
[2025-03-12T14:42:21.140+0200] {logging_mixin.py:190} INFO - [2025-03-12T14:42:21.140+0200] {dag.py:4180} INFO - Setting next_dagrun for example_branch_datetime_operator_2 to 2025-03-11 00:00:00+00:00, run_after=2025-03-12 00:00:00+00:00
[2025-03-12T14:42:21.143+0200] {logging_mixin.py:190} INFO - [2025-03-12T14:42:21.142+0200] {dag.py:4180} INFO - Setting next_dagrun for example_branch_datetime_operator_3 to 2025-03-11 00:00:00+00:00, run_after=2025-03-12 00:00:00+00:00
[2025-03-12T14:42:21.164+0200] {processor.py:208} INFO - Processing /home/munyah/.local/lib/python3.10/site-packages/airflow/example_dags/example_branch_datetime_operator.py took 0.120 seconds
[2025-03-12T14:43:20.755+0200] {processor.py:186} INFO - Started process (PID=141523) to work on /home/munyah/.local/lib/python3.10/site-packages/airflow/example_dags/example_branch_datetime_operator.py
[2025-03-12T14:43:20.756+0200] {processor.py:914} INFO - Processing file /home/munyah/.local/lib/python3.10/site-packages/airflow/example_dags/example_branch_datetime_operator.py for tasks to queue
[2025-03-12T14:43:20.760+0200] {logging_mixin.py:190} INFO - [2025-03-12T14:43:20.759+0200] {dagbag.py:588} INFO - Filling up the DagBag from /home/munyah/.local/lib/python3.10/site-packages/airflow/example_dags/example_branch_datetime_operator.py
[2025-03-12T14:43:20.776+0200] {processor.py:925} INFO - DAG(s) 'example_branch_datetime_operator_2', 'example_branch_datetime_operator', 'example_branch_datetime_operator_3' retrieved from /home/munyah/.local/lib/python3.10/site-packages/airflow/example_dags/example_branch_datetime_operator.py
[2025-03-12T14:43:20.802+0200] {logging_mixin.py:190} INFO - [2025-03-12T14:43:20.801+0200] {dag.py:3239} INFO - Sync 3 DAGs
[2025-03-12T14:43:20.827+0200] {logging_mixin.py:190} INFO - [2025-03-12T14:43:20.827+0200] {dag.py:4180} INFO - Setting next_dagrun for example_branch_datetime_operator to 2025-03-11 00:00:00+00:00, run_after=2025-03-12 00:00:00+00:00
[2025-03-12T14:43:20.833+0200] {logging_mixin.py:190} INFO - [2025-03-12T14:43:20.833+0200] {dag.py:4180} INFO - Setting next_dagrun for example_branch_datetime_operator_2 to 2025-03-11 00:00:00+00:00, run_after=2025-03-12 00:00:00+00:00
[2025-03-12T14:43:20.836+0200] {logging_mixin.py:190} INFO - [2025-03-12T14:43:20.836+0200] {dag.py:4180} INFO - Setting next_dagrun for example_branch_datetime_operator_3 to 2025-03-11 00:00:00+00:00, run_after=2025-03-12 00:00:00+00:00
[2025-03-12T14:43:20.857+0200] {processor.py:208} INFO - Processing /home/munyah/.local/lib/python3.10/site-packages/airflow/example_dags/example_branch_datetime_operator.py took 0.113 seconds
[2025-03-12T14:44:20.673+0200] {processor.py:186} INFO - Started process (PID=141690) to work on /home/munyah/.local/lib/python3.10/site-packages/airflow/example_dags/example_branch_datetime_operator.py
[2025-03-12T14:44:20.674+0200] {processor.py:914} INFO - Processing file /home/munyah/.local/lib/python3.10/site-packages/airflow/example_dags/example_branch_datetime_operator.py for tasks to queue
[2025-03-12T14:44:20.677+0200] {logging_mixin.py:190} INFO - [2025-03-12T14:44:20.676+0200] {dagbag.py:588} INFO - Filling up the DagBag from /home/munyah/.local/lib/python3.10/site-packages/airflow/example_dags/example_branch_datetime_operator.py
[2025-03-12T14:44:20.694+0200] {processor.py:925} INFO - DAG(s) 'example_branch_datetime_operator_3', 'example_branch_datetime_operator_2', 'example_branch_datetime_operator' retrieved from /home/munyah/.local/lib/python3.10/site-packages/airflow/example_dags/example_branch_datetime_operator.py
[2025-03-12T14:44:20.720+0200] {logging_mixin.py:190} INFO - [2025-03-12T14:44:20.720+0200] {dag.py:3239} INFO - Sync 3 DAGs
[2025-03-12T14:44:20.745+0200] {logging_mixin.py:190} INFO - [2025-03-12T14:44:20.745+0200] {dag.py:4180} INFO - Setting next_dagrun for example_branch_datetime_operator to 2025-03-11 00:00:00+00:00, run_after=2025-03-12 00:00:00+00:00
[2025-03-12T14:44:20.752+0200] {logging_mixin.py:190} INFO - [2025-03-12T14:44:20.752+0200] {dag.py:4180} INFO - Setting next_dagrun for example_branch_datetime_operator_2 to 2025-03-11 00:00:00+00:00, run_after=2025-03-12 00:00:00+00:00
[2025-03-12T14:44:20.755+0200] {logging_mixin.py:190} INFO - [2025-03-12T14:44:20.755+0200] {dag.py:4180} INFO - Setting next_dagrun for example_branch_datetime_operator_3 to 2025-03-11 00:00:00+00:00, run_after=2025-03-12 00:00:00+00:00
[2025-03-12T14:44:20.775+0200] {processor.py:208} INFO - Processing /home/munyah/.local/lib/python3.10/site-packages/airflow/example_dags/example_branch_datetime_operator.py took 0.111 seconds
[2025-03-12T14:45:20.252+0200] {processor.py:186} INFO - Started process (PID=141878) to work on /home/munyah/.local/lib/python3.10/site-packages/airflow/example_dags/example_branch_datetime_operator.py
[2025-03-12T14:45:20.254+0200] {processor.py:914} INFO - Processing file /home/munyah/.local/lib/python3.10/site-packages/airflow/example_dags/example_branch_datetime_operator.py for tasks to queue
[2025-03-12T14:45:20.258+0200] {logging_mixin.py:190} INFO - [2025-03-12T14:45:20.257+0200] {dagbag.py:588} INFO - Filling up the DagBag from /home/munyah/.local/lib/python3.10/site-packages/airflow/example_dags/example_branch_datetime_operator.py
[2025-03-12T14:45:20.280+0200] {processor.py:925} INFO - DAG(s) 'example_branch_datetime_operator', 'example_branch_datetime_operator_2', 'example_branch_datetime_operator_3' retrieved from /home/munyah/.local/lib/python3.10/site-packages/airflow/example_dags/example_branch_datetime_operator.py
[2025-03-12T14:45:20.307+0200] {logging_mixin.py:190} INFO - [2025-03-12T14:45:20.307+0200] {dag.py:3239} INFO - Sync 3 DAGs
[2025-03-12T14:45:20.332+0200] {logging_mixin.py:190} INFO - [2025-03-12T14:45:20.331+0200] {dag.py:4180} INFO - Setting next_dagrun for example_branch_datetime_operator to 2025-03-11 00:00:00+00:00, run_after=2025-03-12 00:00:00+00:00
[2025-03-12T14:45:20.337+0200] {logging_mixin.py:190} INFO - [2025-03-12T14:45:20.337+0200] {dag.py:4180} INFO - Setting next_dagrun for example_branch_datetime_operator_2 to 2025-03-11 00:00:00+00:00, run_after=2025-03-12 00:00:00+00:00
[2025-03-12T14:45:20.340+0200] {logging_mixin.py:190} INFO - [2025-03-12T14:45:20.340+0200] {dag.py:4180} INFO - Setting next_dagrun for example_branch_datetime_operator_3 to 2025-03-11 00:00:00+00:00, run_after=2025-03-12 00:00:00+00:00
[2025-03-12T14:45:20.361+0200] {processor.py:208} INFO - Processing /home/munyah/.local/lib/python3.10/site-packages/airflow/example_dags/example_branch_datetime_operator.py took 0.120 seconds
[2025-03-12T14:46:50.840+0200] {processor.py:186} INFO - Started process (PID=142201) to work on /home/munyah/.local/lib/python3.10/site-packages/airflow/example_dags/example_branch_datetime_operator.py
[2025-03-12T14:46:50.841+0200] {processor.py:914} INFO - Processing file /home/munyah/.local/lib/python3.10/site-packages/airflow/example_dags/example_branch_datetime_operator.py for tasks to queue
[2025-03-12T14:46:50.845+0200] {logging_mixin.py:190} INFO - [2025-03-12T14:46:50.844+0200] {dagbag.py:588} INFO - Filling up the DagBag from /home/munyah/.local/lib/python3.10/site-packages/airflow/example_dags/example_branch_datetime_operator.py
[2025-03-12T14:46:50.860+0200] {processor.py:925} INFO - DAG(s) 'example_branch_datetime_operator', 'example_branch_datetime_operator_2', 'example_branch_datetime_operator_3' retrieved from /home/munyah/.local/lib/python3.10/site-packages/airflow/example_dags/example_branch_datetime_operator.py
[2025-03-12T14:46:50.885+0200] {logging_mixin.py:190} INFO - [2025-03-12T14:46:50.884+0200] {dag.py:3239} INFO - Sync 3 DAGs
[2025-03-12T14:46:50.908+0200] {logging_mixin.py:190} INFO - [2025-03-12T14:46:50.908+0200] {dag.py:4180} INFO - Setting next_dagrun for example_branch_datetime_operator to 2025-03-11 00:00:00+00:00, run_after=2025-03-12 00:00:00+00:00
[2025-03-12T14:46:50.913+0200] {logging_mixin.py:190} INFO - [2025-03-12T14:46:50.913+0200] {dag.py:4180} INFO - Setting next_dagrun for example_branch_datetime_operator_2 to 2025-03-11 00:00:00+00:00, run_after=2025-03-12 00:00:00+00:00
[2025-03-12T14:46:50.916+0200] {logging_mixin.py:190} INFO - [2025-03-12T14:46:50.916+0200] {dag.py:4180} INFO - Setting next_dagrun for example_branch_datetime_operator_3 to 2025-03-11 00:00:00+00:00, run_after=2025-03-12 00:00:00+00:00
[2025-03-12T14:46:50.933+0200] {processor.py:208} INFO - Processing /home/munyah/.local/lib/python3.10/site-packages/airflow/example_dags/example_branch_datetime_operator.py took 0.104 seconds
[2025-03-12T14:49:55.211+0200] {processor.py:186} INFO - Started process (PID=142832) to work on /home/munyah/.local/lib/python3.10/site-packages/airflow/example_dags/example_branch_datetime_operator.py
[2025-03-12T14:49:55.215+0200] {processor.py:914} INFO - Processing file /home/munyah/.local/lib/python3.10/site-packages/airflow/example_dags/example_branch_datetime_operator.py for tasks to queue
[2025-03-12T14:49:55.218+0200] {logging_mixin.py:190} INFO - [2025-03-12T14:49:55.217+0200] {dagbag.py:588} INFO - Filling up the DagBag from /home/munyah/.local/lib/python3.10/site-packages/airflow/example_dags/example_branch_datetime_operator.py
[2025-03-12T14:49:55.247+0200] {processor.py:925} INFO - DAG(s) 'example_branch_datetime_operator_3', 'example_branch_datetime_operator_2', 'example_branch_datetime_operator' retrieved from /home/munyah/.local/lib/python3.10/site-packages/airflow/example_dags/example_branch_datetime_operator.py
[2025-03-12T14:49:55.288+0200] {logging_mixin.py:190} INFO - [2025-03-12T14:49:55.288+0200] {dag.py:3239} INFO - Sync 3 DAGs
[2025-03-12T14:49:55.321+0200] {logging_mixin.py:190} INFO - [2025-03-12T14:49:55.321+0200] {dag.py:4180} INFO - Setting next_dagrun for example_branch_datetime_operator to 2025-03-11 00:00:00+00:00, run_after=2025-03-12 00:00:00+00:00
[2025-03-12T14:49:55.327+0200] {logging_mixin.py:190} INFO - [2025-03-12T14:49:55.326+0200] {dag.py:4180} INFO - Setting next_dagrun for example_branch_datetime_operator_2 to 2025-03-11 00:00:00+00:00, run_after=2025-03-12 00:00:00+00:00
[2025-03-12T14:49:55.329+0200] {logging_mixin.py:190} INFO - [2025-03-12T14:49:55.329+0200] {dag.py:4180} INFO - Setting next_dagrun for example_branch_datetime_operator_3 to 2025-03-11 00:00:00+00:00, run_after=2025-03-12 00:00:00+00:00
[2025-03-12T14:49:55.348+0200] {processor.py:208} INFO - Processing /home/munyah/.local/lib/python3.10/site-packages/airflow/example_dags/example_branch_datetime_operator.py took 0.145 seconds
[2025-03-12T14:51:09.471+0200] {processor.py:186} INFO - Started process (PID=143084) to work on /home/munyah/.local/lib/python3.10/site-packages/airflow/example_dags/example_branch_datetime_operator.py
[2025-03-12T14:51:09.473+0200] {processor.py:914} INFO - Processing file /home/munyah/.local/lib/python3.10/site-packages/airflow/example_dags/example_branch_datetime_operator.py for tasks to queue
[2025-03-12T14:51:09.475+0200] {logging_mixin.py:190} INFO - [2025-03-12T14:51:09.475+0200] {dagbag.py:588} INFO - Filling up the DagBag from /home/munyah/.local/lib/python3.10/site-packages/airflow/example_dags/example_branch_datetime_operator.py
[2025-03-12T14:51:09.499+0200] {processor.py:925} INFO - DAG(s) 'example_branch_datetime_operator', 'example_branch_datetime_operator_2', 'example_branch_datetime_operator_3' retrieved from /home/munyah/.local/lib/python3.10/site-packages/airflow/example_dags/example_branch_datetime_operator.py
[2025-03-12T14:51:09.544+0200] {logging_mixin.py:190} INFO - [2025-03-12T14:51:09.543+0200] {dag.py:3239} INFO - Sync 3 DAGs
[2025-03-12T14:51:09.572+0200] {logging_mixin.py:190} INFO - [2025-03-12T14:51:09.571+0200] {dag.py:4180} INFO - Setting next_dagrun for example_branch_datetime_operator to 2025-03-11 00:00:00+00:00, run_after=2025-03-12 00:00:00+00:00
[2025-03-12T14:51:09.577+0200] {logging_mixin.py:190} INFO - [2025-03-12T14:51:09.577+0200] {dag.py:4180} INFO - Setting next_dagrun for example_branch_datetime_operator_2 to 2025-03-11 00:00:00+00:00, run_after=2025-03-12 00:00:00+00:00
[2025-03-12T14:51:09.580+0200] {logging_mixin.py:190} INFO - [2025-03-12T14:51:09.579+0200] {dag.py:4180} INFO - Setting next_dagrun for example_branch_datetime_operator_3 to 2025-03-11 00:00:00+00:00, run_after=2025-03-12 00:00:00+00:00
[2025-03-12T14:51:09.599+0200] {processor.py:208} INFO - Processing /home/munyah/.local/lib/python3.10/site-packages/airflow/example_dags/example_branch_datetime_operator.py took 0.136 seconds
[2025-03-12T14:52:16.438+0200] {processor.py:186} INFO - Started process (PID=143271) to work on /home/munyah/.local/lib/python3.10/site-packages/airflow/example_dags/example_branch_datetime_operator.py
[2025-03-12T14:52:16.440+0200] {processor.py:914} INFO - Processing file /home/munyah/.local/lib/python3.10/site-packages/airflow/example_dags/example_branch_datetime_operator.py for tasks to queue
[2025-03-12T14:52:16.443+0200] {logging_mixin.py:190} INFO - [2025-03-12T14:52:16.443+0200] {dagbag.py:588} INFO - Filling up the DagBag from /home/munyah/.local/lib/python3.10/site-packages/airflow/example_dags/example_branch_datetime_operator.py
[2025-03-12T14:52:16.467+0200] {processor.py:925} INFO - DAG(s) 'example_branch_datetime_operator_2', 'example_branch_datetime_operator_3', 'example_branch_datetime_operator' retrieved from /home/munyah/.local/lib/python3.10/site-packages/airflow/example_dags/example_branch_datetime_operator.py
[2025-03-12T14:52:16.507+0200] {logging_mixin.py:190} INFO - [2025-03-12T14:52:16.507+0200] {dag.py:3239} INFO - Sync 3 DAGs
[2025-03-12T14:52:16.545+0200] {logging_mixin.py:190} INFO - [2025-03-12T14:52:16.544+0200] {dag.py:4180} INFO - Setting next_dagrun for example_branch_datetime_operator to 2025-03-11 00:00:00+00:00, run_after=2025-03-12 00:00:00+00:00
[2025-03-12T14:52:16.553+0200] {logging_mixin.py:190} INFO - [2025-03-12T14:52:16.553+0200] {dag.py:4180} INFO - Setting next_dagrun for example_branch_datetime_operator_2 to 2025-03-11 00:00:00+00:00, run_after=2025-03-12 00:00:00+00:00
[2025-03-12T14:52:16.558+0200] {logging_mixin.py:190} INFO - [2025-03-12T14:52:16.558+0200] {dag.py:4180} INFO - Setting next_dagrun for example_branch_datetime_operator_3 to 2025-03-11 00:00:00+00:00, run_after=2025-03-12 00:00:00+00:00
[2025-03-12T14:52:16.583+0200] {processor.py:208} INFO - Processing /home/munyah/.local/lib/python3.10/site-packages/airflow/example_dags/example_branch_datetime_operator.py took 0.154 seconds
[2025-03-12T14:53:30.003+0200] {processor.py:186} INFO - Started process (PID=143522) to work on /home/munyah/.local/lib/python3.10/site-packages/airflow/example_dags/example_branch_datetime_operator.py
[2025-03-12T14:53:30.015+0200] {processor.py:914} INFO - Processing file /home/munyah/.local/lib/python3.10/site-packages/airflow/example_dags/example_branch_datetime_operator.py for tasks to queue
[2025-03-12T14:53:30.035+0200] {logging_mixin.py:190} INFO - [2025-03-12T14:53:30.024+0200] {dagbag.py:588} INFO - Filling up the DagBag from /home/munyah/.local/lib/python3.10/site-packages/airflow/example_dags/example_branch_datetime_operator.py
[2025-03-12T14:53:30.089+0200] {processor.py:925} INFO - DAG(s) 'example_branch_datetime_operator_2', 'example_branch_datetime_operator_3', 'example_branch_datetime_operator' retrieved from /home/munyah/.local/lib/python3.10/site-packages/airflow/example_dags/example_branch_datetime_operator.py
[2025-03-12T14:53:30.132+0200] {logging_mixin.py:190} INFO - [2025-03-12T14:53:30.131+0200] {dag.py:3239} INFO - Sync 3 DAGs
[2025-03-12T14:53:30.166+0200] {logging_mixin.py:190} INFO - [2025-03-12T14:53:30.166+0200] {dag.py:4180} INFO - Setting next_dagrun for example_branch_datetime_operator to 2025-03-11 00:00:00+00:00, run_after=2025-03-12 00:00:00+00:00
[2025-03-12T14:53:30.176+0200] {logging_mixin.py:190} INFO - [2025-03-12T14:53:30.175+0200] {dag.py:4180} INFO - Setting next_dagrun for example_branch_datetime_operator_2 to 2025-03-11 00:00:00+00:00, run_after=2025-03-12 00:00:00+00:00
[2025-03-12T14:53:30.180+0200] {logging_mixin.py:190} INFO - [2025-03-12T14:53:30.180+0200] {dag.py:4180} INFO - Setting next_dagrun for example_branch_datetime_operator_3 to 2025-03-11 00:00:00+00:00, run_after=2025-03-12 00:00:00+00:00
[2025-03-12T14:53:30.213+0200] {processor.py:208} INFO - Processing /home/munyah/.local/lib/python3.10/site-packages/airflow/example_dags/example_branch_datetime_operator.py took 0.227 seconds
