[2025-03-12T08:21:05.165+0200] {processor.py:186} INFO - Started process (PID=133830) to work on /home/munyah/.local/lib/python3.10/site-packages/airflow/example_dags/tutorial.py
[2025-03-12T08:21:05.166+0200] {processor.py:914} INFO - Processing file /home/munyah/.local/lib/python3.10/site-packages/airflow/example_dags/tutorial.py for tasks to queue
[2025-03-12T08:21:05.170+0200] {logging_mixin.py:190} INFO - [2025-03-12T08:21:05.169+0200] {dagbag.py:588} INFO - Filling up the DagBag from /home/munyah/.local/lib/python3.10/site-packages/airflow/example_dags/tutorial.py
[2025-03-12T08:21:05.185+0200] {processor.py:925} INFO - DAG(s) 'tutorial' retrieved from /home/munyah/.local/lib/python3.10/site-packages/airflow/example_dags/tutorial.py
[2025-03-12T08:21:05.211+0200] {logging_mixin.py:190} INFO - [2025-03-12T08:21:05.211+0200] {dag.py:3239} INFO - Sync 1 DAGs
[2025-03-12T08:21:05.237+0200] {logging_mixin.py:190} INFO - [2025-03-12T08:21:05.237+0200] {dag.py:4180} INFO - Setting next_dagrun for tutorial to 2025-03-11 00:00:00+00:00, run_after=2025-03-12 00:00:00+00:00
[2025-03-12T08:21:05.259+0200] {processor.py:208} INFO - Processing /home/munyah/.local/lib/python3.10/site-packages/airflow/example_dags/tutorial.py took 0.105 seconds
[2025-03-12T14:17:42.439+0200] {processor.py:186} INFO - Started process (PID=134565) to work on /home/munyah/.local/lib/python3.10/site-packages/airflow/example_dags/tutorial.py
[2025-03-12T14:17:42.440+0200] {processor.py:914} INFO - Processing file /home/munyah/.local/lib/python3.10/site-packages/airflow/example_dags/tutorial.py for tasks to queue
[2025-03-12T14:17:42.444+0200] {logging_mixin.py:190} INFO - [2025-03-12T14:17:42.443+0200] {dagbag.py:588} INFO - Filling up the DagBag from /home/munyah/.local/lib/python3.10/site-packages/airflow/example_dags/tutorial.py
[2025-03-12T14:17:42.456+0200] {processor.py:925} INFO - DAG(s) 'tutorial' retrieved from /home/munyah/.local/lib/python3.10/site-packages/airflow/example_dags/tutorial.py
[2025-03-12T14:17:42.475+0200] {logging_mixin.py:190} INFO - [2025-03-12T14:17:42.475+0200] {dag.py:3239} INFO - Sync 1 DAGs
[2025-03-12T14:17:42.498+0200] {logging_mixin.py:190} INFO - [2025-03-12T14:17:42.498+0200] {dag.py:4180} INFO - Setting next_dagrun for tutorial to 2025-03-11 00:00:00+00:00, run_after=2025-03-12 00:00:00+00:00
[2025-03-12T14:17:42.522+0200] {processor.py:208} INFO - Processing /home/munyah/.local/lib/python3.10/site-packages/airflow/example_dags/tutorial.py took 0.092 seconds
[2025-03-12T14:18:42.256+0200] {processor.py:186} INFO - Started process (PID=134807) to work on /home/munyah/.local/lib/python3.10/site-packages/airflow/example_dags/tutorial.py
[2025-03-12T14:18:42.257+0200] {processor.py:914} INFO - Processing file /home/munyah/.local/lib/python3.10/site-packages/airflow/example_dags/tutorial.py for tasks to queue
[2025-03-12T14:18:42.260+0200] {logging_mixin.py:190} INFO - [2025-03-12T14:18:42.259+0200] {dagbag.py:588} INFO - Filling up the DagBag from /home/munyah/.local/lib/python3.10/site-packages/airflow/example_dags/tutorial.py
[2025-03-12T14:18:42.270+0200] {processor.py:925} INFO - DAG(s) 'tutorial' retrieved from /home/munyah/.local/lib/python3.10/site-packages/airflow/example_dags/tutorial.py
[2025-03-12T14:18:42.293+0200] {logging_mixin.py:190} INFO - [2025-03-12T14:18:42.293+0200] {dag.py:3239} INFO - Sync 1 DAGs
[2025-03-12T14:18:42.324+0200] {logging_mixin.py:190} INFO - [2025-03-12T14:18:42.324+0200] {dag.py:4180} INFO - Setting next_dagrun for tutorial to 2025-03-11 00:00:00+00:00, run_after=2025-03-12 00:00:00+00:00
[2025-03-12T14:18:42.346+0200] {processor.py:208} INFO - Processing /home/munyah/.local/lib/python3.10/site-packages/airflow/example_dags/tutorial.py took 0.099 seconds
[2025-03-12T14:19:39.149+0200] {processor.py:186} INFO - Started process (PID=134992) to work on /home/munyah/.local/lib/python3.10/site-packages/airflow/example_dags/tutorial.py
[2025-03-12T14:19:39.150+0200] {processor.py:914} INFO - Processing file /home/munyah/.local/lib/python3.10/site-packages/airflow/example_dags/tutorial.py for tasks to queue
[2025-03-12T14:19:39.153+0200] {logging_mixin.py:190} INFO - [2025-03-12T14:19:39.153+0200] {dagbag.py:588} INFO - Filling up the DagBag from /home/munyah/.local/lib/python3.10/site-packages/airflow/example_dags/tutorial.py
[2025-03-12T14:19:39.163+0200] {processor.py:925} INFO - DAG(s) 'tutorial' retrieved from /home/munyah/.local/lib/python3.10/site-packages/airflow/example_dags/tutorial.py
[2025-03-12T14:19:39.181+0200] {logging_mixin.py:190} INFO - [2025-03-12T14:19:39.181+0200] {dag.py:3239} INFO - Sync 1 DAGs
[2025-03-12T14:19:39.204+0200] {logging_mixin.py:190} INFO - [2025-03-12T14:19:39.204+0200] {dag.py:4180} INFO - Setting next_dagrun for tutorial to 2025-03-11 00:00:00+00:00, run_after=2025-03-12 00:00:00+00:00
[2025-03-12T14:19:39.226+0200] {processor.py:208} INFO - Processing /home/munyah/.local/lib/python3.10/site-packages/airflow/example_dags/tutorial.py took 0.084 seconds
[2025-03-12T14:20:35.132+0200] {processor.py:186} INFO - Started process (PID=135147) to work on /home/munyah/.local/lib/python3.10/site-packages/airflow/example_dags/tutorial.py
[2025-03-12T14:20:35.134+0200] {processor.py:914} INFO - Processing file /home/munyah/.local/lib/python3.10/site-packages/airflow/example_dags/tutorial.py for tasks to queue
[2025-03-12T14:20:35.136+0200] {logging_mixin.py:190} INFO - [2025-03-12T14:20:35.136+0200] {dagbag.py:588} INFO - Filling up the DagBag from /home/munyah/.local/lib/python3.10/site-packages/airflow/example_dags/tutorial.py
[2025-03-12T14:20:35.146+0200] {processor.py:925} INFO - DAG(s) 'tutorial' retrieved from /home/munyah/.local/lib/python3.10/site-packages/airflow/example_dags/tutorial.py
[2025-03-12T14:20:35.165+0200] {logging_mixin.py:190} INFO - [2025-03-12T14:20:35.165+0200] {dag.py:3239} INFO - Sync 1 DAGs
[2025-03-12T14:20:35.189+0200] {logging_mixin.py:190} INFO - [2025-03-12T14:20:35.189+0200] {dag.py:4180} INFO - Setting next_dagrun for tutorial to 2025-03-11 00:00:00+00:00, run_after=2025-03-12 00:00:00+00:00
[2025-03-12T14:20:35.213+0200] {processor.py:208} INFO - Processing /home/munyah/.local/lib/python3.10/site-packages/airflow/example_dags/tutorial.py took 0.088 seconds
[2025-03-12T14:21:31.538+0200] {processor.py:186} INFO - Started process (PID=135363) to work on /home/munyah/.local/lib/python3.10/site-packages/airflow/example_dags/tutorial.py
[2025-03-12T14:21:31.539+0200] {processor.py:914} INFO - Processing file /home/munyah/.local/lib/python3.10/site-packages/airflow/example_dags/tutorial.py for tasks to queue
[2025-03-12T14:21:31.543+0200] {logging_mixin.py:190} INFO - [2025-03-12T14:21:31.542+0200] {dagbag.py:588} INFO - Filling up the DagBag from /home/munyah/.local/lib/python3.10/site-packages/airflow/example_dags/tutorial.py
[2025-03-12T14:21:31.557+0200] {processor.py:925} INFO - DAG(s) 'tutorial' retrieved from /home/munyah/.local/lib/python3.10/site-packages/airflow/example_dags/tutorial.py
[2025-03-12T14:21:31.575+0200] {logging_mixin.py:190} INFO - [2025-03-12T14:21:31.574+0200] {dag.py:3239} INFO - Sync 1 DAGs
[2025-03-12T14:21:31.597+0200] {logging_mixin.py:190} INFO - [2025-03-12T14:21:31.597+0200] {dag.py:4180} INFO - Setting next_dagrun for tutorial to 2025-03-11 00:00:00+00:00, run_after=2025-03-12 00:00:00+00:00
[2025-03-12T14:21:31.623+0200] {processor.py:208} INFO - Processing /home/munyah/.local/lib/python3.10/site-packages/airflow/example_dags/tutorial.py took 0.095 seconds
[2025-03-12T14:22:28.515+0200] {processor.py:186} INFO - Started process (PID=135701) to work on /home/munyah/.local/lib/python3.10/site-packages/airflow/example_dags/tutorial.py
[2025-03-12T14:22:28.518+0200] {processor.py:914} INFO - Processing file /home/munyah/.local/lib/python3.10/site-packages/airflow/example_dags/tutorial.py for tasks to queue
[2025-03-12T14:22:28.522+0200] {logging_mixin.py:190} INFO - [2025-03-12T14:22:28.522+0200] {dagbag.py:588} INFO - Filling up the DagBag from /home/munyah/.local/lib/python3.10/site-packages/airflow/example_dags/tutorial.py
[2025-03-12T14:22:28.536+0200] {processor.py:925} INFO - DAG(s) 'tutorial' retrieved from /home/munyah/.local/lib/python3.10/site-packages/airflow/example_dags/tutorial.py
[2025-03-12T14:22:28.563+0200] {logging_mixin.py:190} INFO - [2025-03-12T14:22:28.562+0200] {dag.py:3239} INFO - Sync 1 DAGs
[2025-03-12T14:22:28.594+0200] {logging_mixin.py:190} INFO - [2025-03-12T14:22:28.594+0200] {dag.py:4180} INFO - Setting next_dagrun for tutorial to 2025-03-11 00:00:00+00:00, run_after=2025-03-12 00:00:00+00:00
[2025-03-12T14:22:28.621+0200] {processor.py:208} INFO - Processing /home/munyah/.local/lib/python3.10/site-packages/airflow/example_dags/tutorial.py took 0.118 seconds
[2025-03-12T14:23:41.662+0200] {processor.py:186} INFO - Started process (PID=136521) to work on /home/munyah/.local/lib/python3.10/site-packages/airflow/example_dags/tutorial.py
[2025-03-12T14:23:41.664+0200] {processor.py:914} INFO - Processing file /home/munyah/.local/lib/python3.10/site-packages/airflow/example_dags/tutorial.py for tasks to queue
[2025-03-12T14:23:41.669+0200] {logging_mixin.py:190} INFO - [2025-03-12T14:23:41.668+0200] {dagbag.py:588} INFO - Filling up the DagBag from /home/munyah/.local/lib/python3.10/site-packages/airflow/example_dags/tutorial.py
[2025-03-12T14:23:41.685+0200] {processor.py:925} INFO - DAG(s) 'tutorial' retrieved from /home/munyah/.local/lib/python3.10/site-packages/airflow/example_dags/tutorial.py
[2025-03-12T14:23:41.709+0200] {logging_mixin.py:190} INFO - [2025-03-12T14:23:41.709+0200] {dag.py:3239} INFO - Sync 1 DAGs
[2025-03-12T14:23:41.739+0200] {logging_mixin.py:190} INFO - [2025-03-12T14:23:41.738+0200] {dag.py:4180} INFO - Setting next_dagrun for tutorial to 2025-03-11 00:00:00+00:00, run_after=2025-03-12 00:00:00+00:00
[2025-03-12T14:23:41.764+0200] {processor.py:208} INFO - Processing /home/munyah/.local/lib/python3.10/site-packages/airflow/example_dags/tutorial.py took 0.117 seconds
[2025-03-12T14:24:42.688+0200] {processor.py:186} INFO - Started process (PID=136769) to work on /home/munyah/.local/lib/python3.10/site-packages/airflow/example_dags/tutorial.py
[2025-03-12T14:24:42.689+0200] {processor.py:914} INFO - Processing file /home/munyah/.local/lib/python3.10/site-packages/airflow/example_dags/tutorial.py for tasks to queue
[2025-03-12T14:24:42.692+0200] {logging_mixin.py:190} INFO - [2025-03-12T14:24:42.691+0200] {dagbag.py:588} INFO - Filling up the DagBag from /home/munyah/.local/lib/python3.10/site-packages/airflow/example_dags/tutorial.py
[2025-03-12T14:24:42.702+0200] {processor.py:925} INFO - DAG(s) 'tutorial' retrieved from /home/munyah/.local/lib/python3.10/site-packages/airflow/example_dags/tutorial.py
[2025-03-12T14:24:42.720+0200] {logging_mixin.py:190} INFO - [2025-03-12T14:24:42.719+0200] {dag.py:3239} INFO - Sync 1 DAGs
[2025-03-12T14:24:42.742+0200] {logging_mixin.py:190} INFO - [2025-03-12T14:24:42.742+0200] {dag.py:4180} INFO - Setting next_dagrun for tutorial to 2025-03-11 00:00:00+00:00, run_after=2025-03-12 00:00:00+00:00
[2025-03-12T14:24:42.766+0200] {processor.py:208} INFO - Processing /home/munyah/.local/lib/python3.10/site-packages/airflow/example_dags/tutorial.py took 0.086 seconds
[2025-03-12T14:25:39.369+0200] {processor.py:186} INFO - Started process (PID=136953) to work on /home/munyah/.local/lib/python3.10/site-packages/airflow/example_dags/tutorial.py
[2025-03-12T14:25:39.371+0200] {processor.py:914} INFO - Processing file /home/munyah/.local/lib/python3.10/site-packages/airflow/example_dags/tutorial.py for tasks to queue
[2025-03-12T14:25:39.374+0200] {logging_mixin.py:190} INFO - [2025-03-12T14:25:39.373+0200] {dagbag.py:588} INFO - Filling up the DagBag from /home/munyah/.local/lib/python3.10/site-packages/airflow/example_dags/tutorial.py
[2025-03-12T14:25:39.384+0200] {processor.py:925} INFO - DAG(s) 'tutorial' retrieved from /home/munyah/.local/lib/python3.10/site-packages/airflow/example_dags/tutorial.py
[2025-03-12T14:25:39.402+0200] {logging_mixin.py:190} INFO - [2025-03-12T14:25:39.402+0200] {dag.py:3239} INFO - Sync 1 DAGs
[2025-03-12T14:25:39.426+0200] {logging_mixin.py:190} INFO - [2025-03-12T14:25:39.425+0200] {dag.py:4180} INFO - Setting next_dagrun for tutorial to 2025-03-11 00:00:00+00:00, run_after=2025-03-12 00:00:00+00:00
[2025-03-12T14:25:39.448+0200] {processor.py:208} INFO - Processing /home/munyah/.local/lib/python3.10/site-packages/airflow/example_dags/tutorial.py took 0.086 seconds
[2025-03-12T14:26:38.344+0200] {processor.py:186} INFO - Started process (PID=137137) to work on /home/munyah/.local/lib/python3.10/site-packages/airflow/example_dags/tutorial.py
[2025-03-12T14:26:38.345+0200] {processor.py:914} INFO - Processing file /home/munyah/.local/lib/python3.10/site-packages/airflow/example_dags/tutorial.py for tasks to queue
[2025-03-12T14:26:38.348+0200] {logging_mixin.py:190} INFO - [2025-03-12T14:26:38.347+0200] {dagbag.py:588} INFO - Filling up the DagBag from /home/munyah/.local/lib/python3.10/site-packages/airflow/example_dags/tutorial.py
[2025-03-12T14:26:38.358+0200] {processor.py:925} INFO - DAG(s) 'tutorial' retrieved from /home/munyah/.local/lib/python3.10/site-packages/airflow/example_dags/tutorial.py
[2025-03-12T14:26:38.376+0200] {logging_mixin.py:190} INFO - [2025-03-12T14:26:38.375+0200] {dag.py:3239} INFO - Sync 1 DAGs
[2025-03-12T14:26:38.399+0200] {logging_mixin.py:190} INFO - [2025-03-12T14:26:38.399+0200] {dag.py:4180} INFO - Setting next_dagrun for tutorial to 2025-03-11 00:00:00+00:00, run_after=2025-03-12 00:00:00+00:00
[2025-03-12T14:26:38.421+0200] {processor.py:208} INFO - Processing /home/munyah/.local/lib/python3.10/site-packages/airflow/example_dags/tutorial.py took 0.085 seconds
[2025-03-12T14:27:44.336+0200] {processor.py:186} INFO - Started process (PID=137366) to work on /home/munyah/.local/lib/python3.10/site-packages/airflow/example_dags/tutorial.py
[2025-03-12T14:27:44.337+0200] {processor.py:914} INFO - Processing file /home/munyah/.local/lib/python3.10/site-packages/airflow/example_dags/tutorial.py for tasks to queue
[2025-03-12T14:27:44.340+0200] {logging_mixin.py:190} INFO - [2025-03-12T14:27:44.339+0200] {dagbag.py:588} INFO - Filling up the DagBag from /home/munyah/.local/lib/python3.10/site-packages/airflow/example_dags/tutorial.py
[2025-03-12T14:27:44.350+0200] {processor.py:925} INFO - DAG(s) 'tutorial' retrieved from /home/munyah/.local/lib/python3.10/site-packages/airflow/example_dags/tutorial.py
[2025-03-12T14:27:44.370+0200] {logging_mixin.py:190} INFO - [2025-03-12T14:27:44.370+0200] {dag.py:3239} INFO - Sync 1 DAGs
[2025-03-12T14:27:44.394+0200] {logging_mixin.py:190} INFO - [2025-03-12T14:27:44.394+0200] {dag.py:4180} INFO - Setting next_dagrun for tutorial to 2025-03-11 00:00:00+00:00, run_after=2025-03-12 00:00:00+00:00
[2025-03-12T14:27:44.417+0200] {processor.py:208} INFO - Processing /home/munyah/.local/lib/python3.10/site-packages/airflow/example_dags/tutorial.py took 0.089 seconds
[2025-03-12T14:28:45.420+0200] {processor.py:186} INFO - Started process (PID=137533) to work on /home/munyah/.local/lib/python3.10/site-packages/airflow/example_dags/tutorial.py
[2025-03-12T14:28:45.421+0200] {processor.py:914} INFO - Processing file /home/munyah/.local/lib/python3.10/site-packages/airflow/example_dags/tutorial.py for tasks to queue
[2025-03-12T14:28:45.424+0200] {logging_mixin.py:190} INFO - [2025-03-12T14:28:45.423+0200] {dagbag.py:588} INFO - Filling up the DagBag from /home/munyah/.local/lib/python3.10/site-packages/airflow/example_dags/tutorial.py
[2025-03-12T14:28:45.435+0200] {processor.py:925} INFO - DAG(s) 'tutorial' retrieved from /home/munyah/.local/lib/python3.10/site-packages/airflow/example_dags/tutorial.py
[2025-03-12T14:28:45.454+0200] {logging_mixin.py:190} INFO - [2025-03-12T14:28:45.454+0200] {dag.py:3239} INFO - Sync 1 DAGs
[2025-03-12T14:28:45.476+0200] {logging_mixin.py:190} INFO - [2025-03-12T14:28:45.476+0200] {dag.py:4180} INFO - Setting next_dagrun for tutorial to 2025-03-11 00:00:00+00:00, run_after=2025-03-12 00:00:00+00:00
[2025-03-12T14:28:45.499+0200] {processor.py:208} INFO - Processing /home/munyah/.local/lib/python3.10/site-packages/airflow/example_dags/tutorial.py took 0.087 seconds
[2025-03-12T14:29:43.151+0200] {processor.py:186} INFO - Started process (PID=138556) to work on /home/munyah/.local/lib/python3.10/site-packages/airflow/example_dags/tutorial.py
[2025-03-12T14:29:43.153+0200] {processor.py:914} INFO - Processing file /home/munyah/.local/lib/python3.10/site-packages/airflow/example_dags/tutorial.py for tasks to queue
[2025-03-12T14:29:43.156+0200] {logging_mixin.py:190} INFO - [2025-03-12T14:29:43.155+0200] {dagbag.py:588} INFO - Filling up the DagBag from /home/munyah/.local/lib/python3.10/site-packages/airflow/example_dags/tutorial.py
[2025-03-12T14:29:43.167+0200] {processor.py:925} INFO - DAG(s) 'tutorial' retrieved from /home/munyah/.local/lib/python3.10/site-packages/airflow/example_dags/tutorial.py
[2025-03-12T14:29:43.186+0200] {logging_mixin.py:190} INFO - [2025-03-12T14:29:43.185+0200] {dag.py:3239} INFO - Sync 1 DAGs
[2025-03-12T14:29:43.209+0200] {logging_mixin.py:190} INFO - [2025-03-12T14:29:43.209+0200] {dag.py:4180} INFO - Setting next_dagrun for tutorial to 2025-03-11 00:00:00+00:00, run_after=2025-03-12 00:00:00+00:00
[2025-03-12T14:29:43.234+0200] {processor.py:208} INFO - Processing /home/munyah/.local/lib/python3.10/site-packages/airflow/example_dags/tutorial.py took 0.091 seconds
[2025-03-12T14:30:46.618+0200] {processor.py:186} INFO - Started process (PID=138805) to work on /home/munyah/.local/lib/python3.10/site-packages/airflow/example_dags/tutorial.py
[2025-03-12T14:30:46.619+0200] {processor.py:914} INFO - Processing file /home/munyah/.local/lib/python3.10/site-packages/airflow/example_dags/tutorial.py for tasks to queue
[2025-03-12T14:30:46.622+0200] {logging_mixin.py:190} INFO - [2025-03-12T14:30:46.621+0200] {dagbag.py:588} INFO - Filling up the DagBag from /home/munyah/.local/lib/python3.10/site-packages/airflow/example_dags/tutorial.py
[2025-03-12T14:30:46.633+0200] {processor.py:925} INFO - DAG(s) 'tutorial' retrieved from /home/munyah/.local/lib/python3.10/site-packages/airflow/example_dags/tutorial.py
[2025-03-12T14:30:46.651+0200] {logging_mixin.py:190} INFO - [2025-03-12T14:30:46.651+0200] {dag.py:3239} INFO - Sync 1 DAGs
[2025-03-12T14:30:46.677+0200] {logging_mixin.py:190} INFO - [2025-03-12T14:30:46.677+0200] {dag.py:4180} INFO - Setting next_dagrun for tutorial to 2025-03-11 00:00:00+00:00, run_after=2025-03-12 00:00:00+00:00
[2025-03-12T14:30:46.698+0200] {processor.py:208} INFO - Processing /home/munyah/.local/lib/python3.10/site-packages/airflow/example_dags/tutorial.py took 0.091 seconds
[2025-03-12T14:31:51.376+0200] {processor.py:186} INFO - Started process (PID=139011) to work on /home/munyah/.local/lib/python3.10/site-packages/airflow/example_dags/tutorial.py
[2025-03-12T14:31:51.378+0200] {processor.py:914} INFO - Processing file /home/munyah/.local/lib/python3.10/site-packages/airflow/example_dags/tutorial.py for tasks to queue
[2025-03-12T14:31:51.380+0200] {logging_mixin.py:190} INFO - [2025-03-12T14:31:51.380+0200] {dagbag.py:588} INFO - Filling up the DagBag from /home/munyah/.local/lib/python3.10/site-packages/airflow/example_dags/tutorial.py
[2025-03-12T14:31:51.391+0200] {processor.py:925} INFO - DAG(s) 'tutorial' retrieved from /home/munyah/.local/lib/python3.10/site-packages/airflow/example_dags/tutorial.py
[2025-03-12T14:31:51.413+0200] {logging_mixin.py:190} INFO - [2025-03-12T14:31:51.413+0200] {dag.py:3239} INFO - Sync 1 DAGs
[2025-03-12T14:31:51.439+0200] {logging_mixin.py:190} INFO - [2025-03-12T14:31:51.438+0200] {dag.py:4180} INFO - Setting next_dagrun for tutorial to 2025-03-11 00:00:00+00:00, run_after=2025-03-12 00:00:00+00:00
[2025-03-12T14:31:51.461+0200] {processor.py:208} INFO - Processing /home/munyah/.local/lib/python3.10/site-packages/airflow/example_dags/tutorial.py took 0.096 seconds
[2025-03-12T14:32:53.088+0200] {processor.py:186} INFO - Started process (PID=139720) to work on /home/munyah/.local/lib/python3.10/site-packages/airflow/example_dags/tutorial.py
[2025-03-12T14:32:53.089+0200] {processor.py:914} INFO - Processing file /home/munyah/.local/lib/python3.10/site-packages/airflow/example_dags/tutorial.py for tasks to queue
[2025-03-12T14:32:53.092+0200] {logging_mixin.py:190} INFO - [2025-03-12T14:32:53.091+0200] {dagbag.py:588} INFO - Filling up the DagBag from /home/munyah/.local/lib/python3.10/site-packages/airflow/example_dags/tutorial.py
[2025-03-12T14:32:53.103+0200] {processor.py:925} INFO - DAG(s) 'tutorial' retrieved from /home/munyah/.local/lib/python3.10/site-packages/airflow/example_dags/tutorial.py
[2025-03-12T14:32:53.122+0200] {logging_mixin.py:190} INFO - [2025-03-12T14:32:53.122+0200] {dag.py:3239} INFO - Sync 1 DAGs
[2025-03-12T14:32:53.147+0200] {logging_mixin.py:190} INFO - [2025-03-12T14:32:53.146+0200] {dag.py:4180} INFO - Setting next_dagrun for tutorial to 2025-03-11 00:00:00+00:00, run_after=2025-03-12 00:00:00+00:00
[2025-03-12T14:32:53.170+0200] {processor.py:208} INFO - Processing /home/munyah/.local/lib/python3.10/site-packages/airflow/example_dags/tutorial.py took 0.091 seconds
[2025-03-12T14:33:57.111+0200] {processor.py:186} INFO - Started process (PID=139993) to work on /home/munyah/.local/lib/python3.10/site-packages/airflow/example_dags/tutorial.py
[2025-03-12T14:33:57.115+0200] {processor.py:914} INFO - Processing file /home/munyah/.local/lib/python3.10/site-packages/airflow/example_dags/tutorial.py for tasks to queue
[2025-03-12T14:33:57.119+0200] {logging_mixin.py:190} INFO - [2025-03-12T14:33:57.118+0200] {dagbag.py:588} INFO - Filling up the DagBag from /home/munyah/.local/lib/python3.10/site-packages/airflow/example_dags/tutorial.py
[2025-03-12T14:33:57.140+0200] {processor.py:925} INFO - DAG(s) 'tutorial' retrieved from /home/munyah/.local/lib/python3.10/site-packages/airflow/example_dags/tutorial.py
[2025-03-12T14:33:57.166+0200] {logging_mixin.py:190} INFO - [2025-03-12T14:33:57.166+0200] {dag.py:3239} INFO - Sync 1 DAGs
[2025-03-12T14:33:57.202+0200] {logging_mixin.py:190} INFO - [2025-03-12T14:33:57.202+0200] {dag.py:4180} INFO - Setting next_dagrun for tutorial to 2025-03-11 00:00:00+00:00, run_after=2025-03-12 00:00:00+00:00
[2025-03-12T14:33:57.247+0200] {processor.py:208} INFO - Processing /home/munyah/.local/lib/python3.10/site-packages/airflow/example_dags/tutorial.py took 0.150 seconds
[2025-03-12T14:35:03.825+0200] {processor.py:186} INFO - Started process (PID=140175) to work on /home/munyah/.local/lib/python3.10/site-packages/airflow/example_dags/tutorial.py
[2025-03-12T14:35:03.826+0200] {processor.py:914} INFO - Processing file /home/munyah/.local/lib/python3.10/site-packages/airflow/example_dags/tutorial.py for tasks to queue
[2025-03-12T14:35:03.830+0200] {logging_mixin.py:190} INFO - [2025-03-12T14:35:03.829+0200] {dagbag.py:588} INFO - Filling up the DagBag from /home/munyah/.local/lib/python3.10/site-packages/airflow/example_dags/tutorial.py
[2025-03-12T14:35:03.842+0200] {processor.py:925} INFO - DAG(s) 'tutorial' retrieved from /home/munyah/.local/lib/python3.10/site-packages/airflow/example_dags/tutorial.py
[2025-03-12T14:35:03.860+0200] {logging_mixin.py:190} INFO - [2025-03-12T14:35:03.860+0200] {dag.py:3239} INFO - Sync 1 DAGs
[2025-03-12T14:35:03.888+0200] {logging_mixin.py:190} INFO - [2025-03-12T14:35:03.888+0200] {dag.py:4180} INFO - Setting next_dagrun for tutorial to 2025-03-11 00:00:00+00:00, run_after=2025-03-12 00:00:00+00:00
[2025-03-12T14:35:03.910+0200] {processor.py:208} INFO - Processing /home/munyah/.local/lib/python3.10/site-packages/airflow/example_dags/tutorial.py took 0.095 seconds
[2025-03-12T14:36:07.190+0200] {processor.py:186} INFO - Started process (PID=140370) to work on /home/munyah/.local/lib/python3.10/site-packages/airflow/example_dags/tutorial.py
[2025-03-12T14:36:07.191+0200] {processor.py:914} INFO - Processing file /home/munyah/.local/lib/python3.10/site-packages/airflow/example_dags/tutorial.py for tasks to queue
[2025-03-12T14:36:07.196+0200] {logging_mixin.py:190} INFO - [2025-03-12T14:36:07.195+0200] {dagbag.py:588} INFO - Filling up the DagBag from /home/munyah/.local/lib/python3.10/site-packages/airflow/example_dags/tutorial.py
[2025-03-12T14:36:07.211+0200] {processor.py:925} INFO - DAG(s) 'tutorial' retrieved from /home/munyah/.local/lib/python3.10/site-packages/airflow/example_dags/tutorial.py
[2025-03-12T14:36:07.237+0200] {logging_mixin.py:190} INFO - [2025-03-12T14:36:07.237+0200] {dag.py:3239} INFO - Sync 1 DAGs
[2025-03-12T14:36:07.266+0200] {logging_mixin.py:190} INFO - [2025-03-12T14:36:07.266+0200] {dag.py:4180} INFO - Setting next_dagrun for tutorial to 2025-03-11 00:00:00+00:00, run_after=2025-03-12 00:00:00+00:00
[2025-03-12T14:36:07.291+0200] {processor.py:208} INFO - Processing /home/munyah/.local/lib/python3.10/site-packages/airflow/example_dags/tutorial.py took 0.113 seconds
[2025-03-12T14:37:11.133+0200] {processor.py:186} INFO - Started process (PID=140558) to work on /home/munyah/.local/lib/python3.10/site-packages/airflow/example_dags/tutorial.py
[2025-03-12T14:37:11.134+0200] {processor.py:914} INFO - Processing file /home/munyah/.local/lib/python3.10/site-packages/airflow/example_dags/tutorial.py for tasks to queue
[2025-03-12T14:37:11.137+0200] {logging_mixin.py:190} INFO - [2025-03-12T14:37:11.136+0200] {dagbag.py:588} INFO - Filling up the DagBag from /home/munyah/.local/lib/python3.10/site-packages/airflow/example_dags/tutorial.py
[2025-03-12T14:37:11.147+0200] {processor.py:925} INFO - DAG(s) 'tutorial' retrieved from /home/munyah/.local/lib/python3.10/site-packages/airflow/example_dags/tutorial.py
[2025-03-12T14:37:11.164+0200] {logging_mixin.py:190} INFO - [2025-03-12T14:37:11.164+0200] {dag.py:3239} INFO - Sync 1 DAGs
[2025-03-12T14:37:11.187+0200] {logging_mixin.py:190} INFO - [2025-03-12T14:37:11.187+0200] {dag.py:4180} INFO - Setting next_dagrun for tutorial to 2025-03-11 00:00:00+00:00, run_after=2025-03-12 00:00:00+00:00
[2025-03-12T14:37:11.208+0200] {processor.py:208} INFO - Processing /home/munyah/.local/lib/python3.10/site-packages/airflow/example_dags/tutorial.py took 0.083 seconds
[2025-03-12T14:38:13.785+0200] {processor.py:186} INFO - Started process (PID=140667) to work on /home/munyah/.local/lib/python3.10/site-packages/airflow/example_dags/tutorial.py
[2025-03-12T14:38:13.786+0200] {processor.py:914} INFO - Processing file /home/munyah/.local/lib/python3.10/site-packages/airflow/example_dags/tutorial.py for tasks to queue
[2025-03-12T14:38:13.789+0200] {logging_mixin.py:190} INFO - [2025-03-12T14:38:13.788+0200] {dagbag.py:588} INFO - Filling up the DagBag from /home/munyah/.local/lib/python3.10/site-packages/airflow/example_dags/tutorial.py
[2025-03-12T14:38:13.798+0200] {processor.py:925} INFO - DAG(s) 'tutorial' retrieved from /home/munyah/.local/lib/python3.10/site-packages/airflow/example_dags/tutorial.py
[2025-03-12T14:38:13.818+0200] {logging_mixin.py:190} INFO - [2025-03-12T14:38:13.818+0200] {dag.py:3239} INFO - Sync 1 DAGs
[2025-03-12T14:38:13.841+0200] {logging_mixin.py:190} INFO - [2025-03-12T14:38:13.840+0200] {dag.py:4180} INFO - Setting next_dagrun for tutorial to 2025-03-11 00:00:00+00:00, run_after=2025-03-12 00:00:00+00:00
[2025-03-12T14:38:13.861+0200] {processor.py:208} INFO - Processing /home/munyah/.local/lib/python3.10/site-packages/airflow/example_dags/tutorial.py took 0.084 seconds
[2025-03-12T14:39:21.944+0200] {processor.py:186} INFO - Started process (PID=140750) to work on /home/munyah/.local/lib/python3.10/site-packages/airflow/example_dags/tutorial.py
[2025-03-12T14:39:21.946+0200] {processor.py:914} INFO - Processing file /home/munyah/.local/lib/python3.10/site-packages/airflow/example_dags/tutorial.py for tasks to queue
[2025-03-12T14:39:21.949+0200] {logging_mixin.py:190} INFO - [2025-03-12T14:39:21.948+0200] {dagbag.py:588} INFO - Filling up the DagBag from /home/munyah/.local/lib/python3.10/site-packages/airflow/example_dags/tutorial.py
[2025-03-12T14:39:21.961+0200] {processor.py:925} INFO - DAG(s) 'tutorial' retrieved from /home/munyah/.local/lib/python3.10/site-packages/airflow/example_dags/tutorial.py
[2025-03-12T14:39:21.978+0200] {logging_mixin.py:190} INFO - [2025-03-12T14:39:21.978+0200] {dag.py:3239} INFO - Sync 1 DAGs
[2025-03-12T14:39:22.001+0200] {logging_mixin.py:190} INFO - [2025-03-12T14:39:22.000+0200] {dag.py:4180} INFO - Setting next_dagrun for tutorial to 2025-03-11 00:00:00+00:00, run_after=2025-03-12 00:00:00+00:00
[2025-03-12T14:39:22.033+0200] {processor.py:208} INFO - Processing /home/munyah/.local/lib/python3.10/site-packages/airflow/example_dags/tutorial.py took 0.097 seconds
[2025-03-12T14:40:26.194+0200] {processor.py:186} INFO - Started process (PID=140885) to work on /home/munyah/.local/lib/python3.10/site-packages/airflow/example_dags/tutorial.py
[2025-03-12T14:40:26.195+0200] {processor.py:914} INFO - Processing file /home/munyah/.local/lib/python3.10/site-packages/airflow/example_dags/tutorial.py for tasks to queue
[2025-03-12T14:40:26.198+0200] {logging_mixin.py:190} INFO - [2025-03-12T14:40:26.198+0200] {dagbag.py:588} INFO - Filling up the DagBag from /home/munyah/.local/lib/python3.10/site-packages/airflow/example_dags/tutorial.py
[2025-03-12T14:40:26.210+0200] {processor.py:925} INFO - DAG(s) 'tutorial' retrieved from /home/munyah/.local/lib/python3.10/site-packages/airflow/example_dags/tutorial.py
[2025-03-12T14:40:26.231+0200] {logging_mixin.py:190} INFO - [2025-03-12T14:40:26.231+0200] {dag.py:3239} INFO - Sync 1 DAGs
[2025-03-12T14:40:26.260+0200] {logging_mixin.py:190} INFO - [2025-03-12T14:40:26.260+0200] {dag.py:4180} INFO - Setting next_dagrun for tutorial to 2025-03-11 00:00:00+00:00, run_after=2025-03-12 00:00:00+00:00
[2025-03-12T14:40:26.286+0200] {processor.py:208} INFO - Processing /home/munyah/.local/lib/python3.10/site-packages/airflow/example_dags/tutorial.py took 0.101 seconds
[2025-03-12T14:41:30.502+0200] {processor.py:186} INFO - Started process (PID=141185) to work on /home/munyah/.local/lib/python3.10/site-packages/airflow/example_dags/tutorial.py
[2025-03-12T14:41:30.505+0200] {processor.py:914} INFO - Processing file /home/munyah/.local/lib/python3.10/site-packages/airflow/example_dags/tutorial.py for tasks to queue
[2025-03-12T14:41:30.510+0200] {logging_mixin.py:190} INFO - [2025-03-12T14:41:30.509+0200] {dagbag.py:588} INFO - Filling up the DagBag from /home/munyah/.local/lib/python3.10/site-packages/airflow/example_dags/tutorial.py
[2025-03-12T14:41:30.533+0200] {processor.py:925} INFO - DAG(s) 'tutorial' retrieved from /home/munyah/.local/lib/python3.10/site-packages/airflow/example_dags/tutorial.py
[2025-03-12T14:41:30.554+0200] {logging_mixin.py:190} INFO - [2025-03-12T14:41:30.554+0200] {dag.py:3239} INFO - Sync 1 DAGs
[2025-03-12T14:41:30.578+0200] {logging_mixin.py:190} INFO - [2025-03-12T14:41:30.578+0200] {dag.py:4180} INFO - Setting next_dagrun for tutorial to 2025-03-11 00:00:00+00:00, run_after=2025-03-12 00:00:00+00:00
[2025-03-12T14:41:30.599+0200] {processor.py:208} INFO - Processing /home/munyah/.local/lib/python3.10/site-packages/airflow/example_dags/tutorial.py took 0.113 seconds
[2025-03-12T14:42:32.203+0200] {processor.py:186} INFO - Started process (PID=141382) to work on /home/munyah/.local/lib/python3.10/site-packages/airflow/example_dags/tutorial.py
[2025-03-12T14:42:32.205+0200] {processor.py:914} INFO - Processing file /home/munyah/.local/lib/python3.10/site-packages/airflow/example_dags/tutorial.py for tasks to queue
[2025-03-12T14:42:32.208+0200] {logging_mixin.py:190} INFO - [2025-03-12T14:42:32.207+0200] {dagbag.py:588} INFO - Filling up the DagBag from /home/munyah/.local/lib/python3.10/site-packages/airflow/example_dags/tutorial.py
[2025-03-12T14:42:32.219+0200] {processor.py:925} INFO - DAG(s) 'tutorial' retrieved from /home/munyah/.local/lib/python3.10/site-packages/airflow/example_dags/tutorial.py
[2025-03-12T14:42:32.237+0200] {logging_mixin.py:190} INFO - [2025-03-12T14:42:32.237+0200] {dag.py:3239} INFO - Sync 1 DAGs
[2025-03-12T14:42:32.261+0200] {logging_mixin.py:190} INFO - [2025-03-12T14:42:32.261+0200] {dag.py:4180} INFO - Setting next_dagrun for tutorial to 2025-03-11 00:00:00+00:00, run_after=2025-03-12 00:00:00+00:00
[2025-03-12T14:42:32.282+0200] {processor.py:208} INFO - Processing /home/munyah/.local/lib/python3.10/site-packages/airflow/example_dags/tutorial.py took 0.089 seconds
[2025-03-12T14:43:29.825+0200] {processor.py:186} INFO - Started process (PID=141546) to work on /home/munyah/.local/lib/python3.10/site-packages/airflow/example_dags/tutorial.py
[2025-03-12T14:43:29.827+0200] {processor.py:914} INFO - Processing file /home/munyah/.local/lib/python3.10/site-packages/airflow/example_dags/tutorial.py for tasks to queue
[2025-03-12T14:43:29.830+0200] {logging_mixin.py:190} INFO - [2025-03-12T14:43:29.830+0200] {dagbag.py:588} INFO - Filling up the DagBag from /home/munyah/.local/lib/python3.10/site-packages/airflow/example_dags/tutorial.py
[2025-03-12T14:43:29.842+0200] {processor.py:925} INFO - DAG(s) 'tutorial' retrieved from /home/munyah/.local/lib/python3.10/site-packages/airflow/example_dags/tutorial.py
[2025-03-12T14:43:29.859+0200] {logging_mixin.py:190} INFO - [2025-03-12T14:43:29.859+0200] {dag.py:3239} INFO - Sync 1 DAGs
[2025-03-12T14:43:29.884+0200] {logging_mixin.py:190} INFO - [2025-03-12T14:43:29.884+0200] {dag.py:4180} INFO - Setting next_dagrun for tutorial to 2025-03-11 00:00:00+00:00, run_after=2025-03-12 00:00:00+00:00
[2025-03-12T14:43:29.907+0200] {processor.py:208} INFO - Processing /home/munyah/.local/lib/python3.10/site-packages/airflow/example_dags/tutorial.py took 0.093 seconds
[2025-03-12T14:44:29.629+0200] {processor.py:186} INFO - Started process (PID=141737) to work on /home/munyah/.local/lib/python3.10/site-packages/airflow/example_dags/tutorial.py
[2025-03-12T14:44:29.630+0200] {processor.py:914} INFO - Processing file /home/munyah/.local/lib/python3.10/site-packages/airflow/example_dags/tutorial.py for tasks to queue
[2025-03-12T14:44:29.633+0200] {logging_mixin.py:190} INFO - [2025-03-12T14:44:29.632+0200] {dagbag.py:588} INFO - Filling up the DagBag from /home/munyah/.local/lib/python3.10/site-packages/airflow/example_dags/tutorial.py
[2025-03-12T14:44:29.643+0200] {processor.py:925} INFO - DAG(s) 'tutorial' retrieved from /home/munyah/.local/lib/python3.10/site-packages/airflow/example_dags/tutorial.py
[2025-03-12T14:44:29.662+0200] {logging_mixin.py:190} INFO - [2025-03-12T14:44:29.661+0200] {dag.py:3239} INFO - Sync 1 DAGs
[2025-03-12T14:44:29.687+0200] {logging_mixin.py:190} INFO - [2025-03-12T14:44:29.687+0200] {dag.py:4180} INFO - Setting next_dagrun for tutorial to 2025-03-11 00:00:00+00:00, run_after=2025-03-12 00:00:00+00:00
[2025-03-12T14:44:29.709+0200] {processor.py:208} INFO - Processing /home/munyah/.local/lib/python3.10/site-packages/airflow/example_dags/tutorial.py took 0.090 seconds
[2025-03-12T14:45:29.349+0200] {processor.py:186} INFO - Started process (PID=141902) to work on /home/munyah/.local/lib/python3.10/site-packages/airflow/example_dags/tutorial.py
[2025-03-12T14:45:29.351+0200] {processor.py:914} INFO - Processing file /home/munyah/.local/lib/python3.10/site-packages/airflow/example_dags/tutorial.py for tasks to queue
[2025-03-12T14:45:29.353+0200] {logging_mixin.py:190} INFO - [2025-03-12T14:45:29.353+0200] {dagbag.py:588} INFO - Filling up the DagBag from /home/munyah/.local/lib/python3.10/site-packages/airflow/example_dags/tutorial.py
[2025-03-12T14:45:29.365+0200] {processor.py:925} INFO - DAG(s) 'tutorial' retrieved from /home/munyah/.local/lib/python3.10/site-packages/airflow/example_dags/tutorial.py
[2025-03-12T14:45:29.384+0200] {logging_mixin.py:190} INFO - [2025-03-12T14:45:29.384+0200] {dag.py:3239} INFO - Sync 1 DAGs
[2025-03-12T14:45:29.408+0200] {logging_mixin.py:190} INFO - [2025-03-12T14:45:29.408+0200] {dag.py:4180} INFO - Setting next_dagrun for tutorial to 2025-03-11 00:00:00+00:00, run_after=2025-03-12 00:00:00+00:00
[2025-03-12T14:45:29.431+0200] {processor.py:208} INFO - Processing /home/munyah/.local/lib/python3.10/site-packages/airflow/example_dags/tutorial.py took 0.090 seconds
[2025-03-12T14:46:27.671+0200] {processor.py:186} INFO - Started process (PID=142157) to work on /home/munyah/.local/lib/python3.10/site-packages/airflow/example_dags/tutorial.py
[2025-03-12T14:46:27.673+0200] {processor.py:914} INFO - Processing file /home/munyah/.local/lib/python3.10/site-packages/airflow/example_dags/tutorial.py for tasks to queue
[2025-03-12T14:46:27.677+0200] {logging_mixin.py:190} INFO - [2025-03-12T14:46:27.676+0200] {dagbag.py:588} INFO - Filling up the DagBag from /home/munyah/.local/lib/python3.10/site-packages/airflow/example_dags/tutorial.py
[2025-03-12T14:46:27.692+0200] {processor.py:925} INFO - DAG(s) 'tutorial' retrieved from /home/munyah/.local/lib/python3.10/site-packages/airflow/example_dags/tutorial.py
[2025-03-12T14:46:27.717+0200] {logging_mixin.py:190} INFO - [2025-03-12T14:46:27.716+0200] {dag.py:3239} INFO - Sync 1 DAGs
[2025-03-12T14:46:27.741+0200] {logging_mixin.py:190} INFO - [2025-03-12T14:46:27.740+0200] {dag.py:4180} INFO - Setting next_dagrun for tutorial to 2025-03-11 00:00:00+00:00, run_after=2025-03-12 00:00:00+00:00
[2025-03-12T14:46:27.762+0200] {processor.py:208} INFO - Processing /home/munyah/.local/lib/python3.10/site-packages/airflow/example_dags/tutorial.py took 0.112 seconds
[2025-03-12T14:49:21.279+0200] {processor.py:186} INFO - Started process (PID=142738) to work on /home/munyah/.local/lib/python3.10/site-packages/airflow/example_dags/tutorial.py
[2025-03-12T14:49:21.281+0200] {processor.py:914} INFO - Processing file /home/munyah/.local/lib/python3.10/site-packages/airflow/example_dags/tutorial.py for tasks to queue
[2025-03-12T14:49:21.285+0200] {logging_mixin.py:190} INFO - [2025-03-12T14:49:21.284+0200] {dagbag.py:588} INFO - Filling up the DagBag from /home/munyah/.local/lib/python3.10/site-packages/airflow/example_dags/tutorial.py
[2025-03-12T14:49:21.296+0200] {processor.py:925} INFO - DAG(s) 'tutorial' retrieved from /home/munyah/.local/lib/python3.10/site-packages/airflow/example_dags/tutorial.py
[2025-03-12T14:49:21.314+0200] {logging_mixin.py:190} INFO - [2025-03-12T14:49:21.314+0200] {dag.py:3239} INFO - Sync 1 DAGs
[2025-03-12T14:49:21.340+0200] {logging_mixin.py:190} INFO - [2025-03-12T14:49:21.340+0200] {dag.py:4180} INFO - Setting next_dagrun for tutorial to 2025-03-11 00:00:00+00:00, run_after=2025-03-12 00:00:00+00:00
[2025-03-12T14:49:21.373+0200] {processor.py:208} INFO - Processing /home/munyah/.local/lib/python3.10/site-packages/airflow/example_dags/tutorial.py took 0.105 seconds
[2025-03-12T14:50:09.801+0200] {processor.py:186} INFO - Started process (PID=142865) to work on /home/munyah/.local/lib/python3.10/site-packages/airflow/example_dags/tutorial.py
[2025-03-12T14:50:09.802+0200] {processor.py:914} INFO - Processing file /home/munyah/.local/lib/python3.10/site-packages/airflow/example_dags/tutorial.py for tasks to queue
[2025-03-12T14:50:09.806+0200] {logging_mixin.py:190} INFO - [2025-03-12T14:50:09.805+0200] {dagbag.py:588} INFO - Filling up the DagBag from /home/munyah/.local/lib/python3.10/site-packages/airflow/example_dags/tutorial.py
[2025-03-12T14:50:09.815+0200] {processor.py:925} INFO - DAG(s) 'tutorial' retrieved from /home/munyah/.local/lib/python3.10/site-packages/airflow/example_dags/tutorial.py
[2025-03-12T14:50:09.833+0200] {logging_mixin.py:190} INFO - [2025-03-12T14:50:09.832+0200] {dag.py:3239} INFO - Sync 1 DAGs
[2025-03-12T14:50:09.858+0200] {logging_mixin.py:190} INFO - [2025-03-12T14:50:09.858+0200] {dag.py:4180} INFO - Setting next_dagrun for tutorial to 2025-03-11 00:00:00+00:00, run_after=2025-03-12 00:00:00+00:00
[2025-03-12T14:50:09.881+0200] {processor.py:208} INFO - Processing /home/munyah/.local/lib/python3.10/site-packages/airflow/example_dags/tutorial.py took 0.087 seconds
[2025-03-12T14:51:13.466+0200] {processor.py:186} INFO - Started process (PID=143099) to work on /home/munyah/.local/lib/python3.10/site-packages/airflow/example_dags/tutorial.py
[2025-03-12T14:51:13.467+0200] {processor.py:914} INFO - Processing file /home/munyah/.local/lib/python3.10/site-packages/airflow/example_dags/tutorial.py for tasks to queue
[2025-03-12T14:51:13.470+0200] {logging_mixin.py:190} INFO - [2025-03-12T14:51:13.469+0200] {dagbag.py:588} INFO - Filling up the DagBag from /home/munyah/.local/lib/python3.10/site-packages/airflow/example_dags/tutorial.py
[2025-03-12T14:51:13.480+0200] {processor.py:925} INFO - DAG(s) 'tutorial' retrieved from /home/munyah/.local/lib/python3.10/site-packages/airflow/example_dags/tutorial.py
[2025-03-12T14:51:13.503+0200] {logging_mixin.py:190} INFO - [2025-03-12T14:51:13.503+0200] {dag.py:3239} INFO - Sync 1 DAGs
[2025-03-12T14:51:13.528+0200] {logging_mixin.py:190} INFO - [2025-03-12T14:51:13.527+0200] {dag.py:4180} INFO - Setting next_dagrun for tutorial to 2025-03-11 00:00:00+00:00, run_after=2025-03-12 00:00:00+00:00
[2025-03-12T14:51:13.550+0200] {processor.py:208} INFO - Processing /home/munyah/.local/lib/python3.10/site-packages/airflow/example_dags/tutorial.py took 0.092 seconds
[2025-03-12T14:52:24.060+0200] {processor.py:186} INFO - Started process (PID=143292) to work on /home/munyah/.local/lib/python3.10/site-packages/airflow/example_dags/tutorial.py
[2025-03-12T14:52:24.062+0200] {processor.py:914} INFO - Processing file /home/munyah/.local/lib/python3.10/site-packages/airflow/example_dags/tutorial.py for tasks to queue
[2025-03-12T14:52:24.065+0200] {logging_mixin.py:190} INFO - [2025-03-12T14:52:24.065+0200] {dagbag.py:588} INFO - Filling up the DagBag from /home/munyah/.local/lib/python3.10/site-packages/airflow/example_dags/tutorial.py
[2025-03-12T14:52:24.084+0200] {processor.py:925} INFO - DAG(s) 'tutorial' retrieved from /home/munyah/.local/lib/python3.10/site-packages/airflow/example_dags/tutorial.py
[2025-03-12T14:52:24.113+0200] {logging_mixin.py:190} INFO - [2025-03-12T14:52:24.113+0200] {dag.py:3239} INFO - Sync 1 DAGs
[2025-03-12T14:52:24.148+0200] {logging_mixin.py:190} INFO - [2025-03-12T14:52:24.148+0200] {dag.py:4180} INFO - Setting next_dagrun for tutorial to 2025-03-11 00:00:00+00:00, run_after=2025-03-12 00:00:00+00:00
[2025-03-12T14:52:24.177+0200] {processor.py:208} INFO - Processing /home/munyah/.local/lib/python3.10/site-packages/airflow/example_dags/tutorial.py took 0.127 seconds
[2025-03-12T14:53:07.028+0200] {processor.py:186} INFO - Started process (PID=143435) to work on /home/munyah/.local/lib/python3.10/site-packages/airflow/example_dags/tutorial.py
[2025-03-12T14:53:07.033+0200] {processor.py:914} INFO - Processing file /home/munyah/.local/lib/python3.10/site-packages/airflow/example_dags/tutorial.py for tasks to queue
[2025-03-12T14:53:07.037+0200] {logging_mixin.py:190} INFO - [2025-03-12T14:53:07.036+0200] {dagbag.py:588} INFO - Filling up the DagBag from /home/munyah/.local/lib/python3.10/site-packages/airflow/example_dags/tutorial.py
[2025-03-12T14:53:07.052+0200] {processor.py:925} INFO - DAG(s) 'tutorial' retrieved from /home/munyah/.local/lib/python3.10/site-packages/airflow/example_dags/tutorial.py
[2025-03-12T14:53:07.084+0200] {logging_mixin.py:190} INFO - [2025-03-12T14:53:07.084+0200] {dag.py:3239} INFO - Sync 1 DAGs
[2025-03-12T14:53:07.126+0200] {logging_mixin.py:190} INFO - [2025-03-12T14:53:07.125+0200] {dag.py:4180} INFO - Setting next_dagrun for tutorial to 2025-03-11 00:00:00+00:00, run_after=2025-03-12 00:00:00+00:00
[2025-03-12T14:53:07.164+0200] {processor.py:208} INFO - Processing /home/munyah/.local/lib/python3.10/site-packages/airflow/example_dags/tutorial.py took 0.146 seconds
