[2025-03-12T08:21:03.894+0200] {processor.py:186} INFO - Started process (PID=133818) to work on /home/munyah/.local/lib/python3.10/site-packages/airflow/example_dags/tutorial_dag.py
[2025-03-12T08:21:03.896+0200] {processor.py:914} INFO - Processing file /home/munyah/.local/lib/python3.10/site-packages/airflow/example_dags/tutorial_dag.py for tasks to queue
[2025-03-12T08:21:03.901+0200] {logging_mixin.py:190} INFO - [2025-03-12T08:21:03.900+0200] {dagbag.py:588} INFO - Filling up the DagBag from /home/munyah/.local/lib/python3.10/site-packages/airflow/example_dags/tutorial_dag.py
[2025-03-12T08:21:03.914+0200] {processor.py:925} INFO - DAG(s) 'tutorial_dag' retrieved from /home/munyah/.local/lib/python3.10/site-packages/airflow/example_dags/tutorial_dag.py
[2025-03-12T08:21:03.931+0200] {logging_mixin.py:190} INFO - [2025-03-12T08:21:03.931+0200] {dag.py:3239} INFO - Sync 1 DAGs
[2025-03-12T08:21:03.950+0200] {logging_mixin.py:190} INFO - [2025-03-12T08:21:03.949+0200] {dag.py:4180} INFO - Setting next_dagrun for tutorial_dag to None, run_after=None
[2025-03-12T08:21:03.971+0200] {processor.py:208} INFO - Processing /home/munyah/.local/lib/python3.10/site-packages/airflow/example_dags/tutorial_dag.py took 0.096 seconds
[2025-03-12T14:17:41.270+0200] {processor.py:186} INFO - Started process (PID=134557) to work on /home/munyah/.local/lib/python3.10/site-packages/airflow/example_dags/tutorial_dag.py
[2025-03-12T14:17:41.272+0200] {processor.py:914} INFO - Processing file /home/munyah/.local/lib/python3.10/site-packages/airflow/example_dags/tutorial_dag.py for tasks to queue
[2025-03-12T14:17:41.275+0200] {logging_mixin.py:190} INFO - [2025-03-12T14:17:41.274+0200] {dagbag.py:588} INFO - Filling up the DagBag from /home/munyah/.local/lib/python3.10/site-packages/airflow/example_dags/tutorial_dag.py
[2025-03-12T14:17:41.284+0200] {processor.py:925} INFO - DAG(s) 'tutorial_dag' retrieved from /home/munyah/.local/lib/python3.10/site-packages/airflow/example_dags/tutorial_dag.py
[2025-03-12T14:17:41.301+0200] {logging_mixin.py:190} INFO - [2025-03-12T14:17:41.301+0200] {dag.py:3239} INFO - Sync 1 DAGs
[2025-03-12T14:17:41.315+0200] {logging_mixin.py:190} INFO - [2025-03-12T14:17:41.315+0200] {dag.py:4180} INFO - Setting next_dagrun for tutorial_dag to None, run_after=None
[2025-03-12T14:17:41.336+0200] {processor.py:208} INFO - Processing /home/munyah/.local/lib/python3.10/site-packages/airflow/example_dags/tutorial_dag.py took 0.074 seconds
[2025-03-12T14:18:41.085+0200] {processor.py:186} INFO - Started process (PID=134804) to work on /home/munyah/.local/lib/python3.10/site-packages/airflow/example_dags/tutorial_dag.py
[2025-03-12T14:18:41.086+0200] {processor.py:914} INFO - Processing file /home/munyah/.local/lib/python3.10/site-packages/airflow/example_dags/tutorial_dag.py for tasks to queue
[2025-03-12T14:18:41.089+0200] {logging_mixin.py:190} INFO - [2025-03-12T14:18:41.089+0200] {dagbag.py:588} INFO - Filling up the DagBag from /home/munyah/.local/lib/python3.10/site-packages/airflow/example_dags/tutorial_dag.py
[2025-03-12T14:18:41.098+0200] {processor.py:925} INFO - DAG(s) 'tutorial_dag' retrieved from /home/munyah/.local/lib/python3.10/site-packages/airflow/example_dags/tutorial_dag.py
[2025-03-12T14:18:41.115+0200] {logging_mixin.py:190} INFO - [2025-03-12T14:18:41.115+0200] {dag.py:3239} INFO - Sync 1 DAGs
[2025-03-12T14:18:41.129+0200] {logging_mixin.py:190} INFO - [2025-03-12T14:18:41.129+0200] {dag.py:4180} INFO - Setting next_dagrun for tutorial_dag to None, run_after=None
[2025-03-12T14:18:41.153+0200] {processor.py:208} INFO - Processing /home/munyah/.local/lib/python3.10/site-packages/airflow/example_dags/tutorial_dag.py took 0.076 seconds
[2025-03-12T14:19:38.839+0200] {processor.py:186} INFO - Started process (PID=134991) to work on /home/munyah/.local/lib/python3.10/site-packages/airflow/example_dags/tutorial_dag.py
[2025-03-12T14:19:38.840+0200] {processor.py:914} INFO - Processing file /home/munyah/.local/lib/python3.10/site-packages/airflow/example_dags/tutorial_dag.py for tasks to queue
[2025-03-12T14:19:38.842+0200] {logging_mixin.py:190} INFO - [2025-03-12T14:19:38.842+0200] {dagbag.py:588} INFO - Filling up the DagBag from /home/munyah/.local/lib/python3.10/site-packages/airflow/example_dags/tutorial_dag.py
[2025-03-12T14:19:38.853+0200] {processor.py:925} INFO - DAG(s) 'tutorial_dag' retrieved from /home/munyah/.local/lib/python3.10/site-packages/airflow/example_dags/tutorial_dag.py
[2025-03-12T14:19:38.871+0200] {logging_mixin.py:190} INFO - [2025-03-12T14:19:38.871+0200] {dag.py:3239} INFO - Sync 1 DAGs
[2025-03-12T14:19:38.886+0200] {logging_mixin.py:190} INFO - [2025-03-12T14:19:38.886+0200] {dag.py:4180} INFO - Setting next_dagrun for tutorial_dag to None, run_after=None
[2025-03-12T14:19:38.909+0200] {processor.py:208} INFO - Processing /home/munyah/.local/lib/python3.10/site-packages/airflow/example_dags/tutorial_dag.py took 0.078 seconds
[2025-03-12T14:20:33.971+0200] {processor.py:186} INFO - Started process (PID=135144) to work on /home/munyah/.local/lib/python3.10/site-packages/airflow/example_dags/tutorial_dag.py
[2025-03-12T14:20:33.972+0200] {processor.py:914} INFO - Processing file /home/munyah/.local/lib/python3.10/site-packages/airflow/example_dags/tutorial_dag.py for tasks to queue
[2025-03-12T14:20:33.975+0200] {logging_mixin.py:190} INFO - [2025-03-12T14:20:33.975+0200] {dagbag.py:588} INFO - Filling up the DagBag from /home/munyah/.local/lib/python3.10/site-packages/airflow/example_dags/tutorial_dag.py
[2025-03-12T14:20:33.985+0200] {processor.py:925} INFO - DAG(s) 'tutorial_dag' retrieved from /home/munyah/.local/lib/python3.10/site-packages/airflow/example_dags/tutorial_dag.py
[2025-03-12T14:20:34.003+0200] {logging_mixin.py:190} INFO - [2025-03-12T14:20:34.003+0200] {dag.py:3239} INFO - Sync 1 DAGs
[2025-03-12T14:20:34.017+0200] {logging_mixin.py:190} INFO - [2025-03-12T14:20:34.017+0200] {dag.py:4180} INFO - Setting next_dagrun for tutorial_dag to None, run_after=None
[2025-03-12T14:20:34.040+0200] {processor.py:208} INFO - Processing /home/munyah/.local/lib/python3.10/site-packages/airflow/example_dags/tutorial_dag.py took 0.077 seconds
[2025-03-12T14:21:31.045+0200] {processor.py:186} INFO - Started process (PID=135360) to work on /home/munyah/.local/lib/python3.10/site-packages/airflow/example_dags/tutorial_dag.py
[2025-03-12T14:21:31.046+0200] {processor.py:914} INFO - Processing file /home/munyah/.local/lib/python3.10/site-packages/airflow/example_dags/tutorial_dag.py for tasks to queue
[2025-03-12T14:21:31.049+0200] {logging_mixin.py:190} INFO - [2025-03-12T14:21:31.048+0200] {dagbag.py:588} INFO - Filling up the DagBag from /home/munyah/.local/lib/python3.10/site-packages/airflow/example_dags/tutorial_dag.py
[2025-03-12T14:21:31.058+0200] {processor.py:925} INFO - DAG(s) 'tutorial_dag' retrieved from /home/munyah/.local/lib/python3.10/site-packages/airflow/example_dags/tutorial_dag.py
[2025-03-12T14:21:31.081+0200] {logging_mixin.py:190} INFO - [2025-03-12T14:21:31.081+0200] {dag.py:3239} INFO - Sync 1 DAGs
[2025-03-12T14:21:31.100+0200] {logging_mixin.py:190} INFO - [2025-03-12T14:21:31.100+0200] {dag.py:4180} INFO - Setting next_dagrun for tutorial_dag to None, run_after=None
[2025-03-12T14:21:31.122+0200] {processor.py:208} INFO - Processing /home/munyah/.local/lib/python3.10/site-packages/airflow/example_dags/tutorial_dag.py took 0.085 seconds
[2025-03-12T14:22:27.335+0200] {processor.py:186} INFO - Started process (PID=135676) to work on /home/munyah/.local/lib/python3.10/site-packages/airflow/example_dags/tutorial_dag.py
[2025-03-12T14:22:27.337+0200] {processor.py:914} INFO - Processing file /home/munyah/.local/lib/python3.10/site-packages/airflow/example_dags/tutorial_dag.py for tasks to queue
[2025-03-12T14:22:27.340+0200] {logging_mixin.py:190} INFO - [2025-03-12T14:22:27.339+0200] {dagbag.py:588} INFO - Filling up the DagBag from /home/munyah/.local/lib/python3.10/site-packages/airflow/example_dags/tutorial_dag.py
[2025-03-12T14:22:27.351+0200] {processor.py:925} INFO - DAG(s) 'tutorial_dag' retrieved from /home/munyah/.local/lib/python3.10/site-packages/airflow/example_dags/tutorial_dag.py
[2025-03-12T14:22:27.371+0200] {logging_mixin.py:190} INFO - [2025-03-12T14:22:27.371+0200] {dag.py:3239} INFO - Sync 1 DAGs
[2025-03-12T14:22:27.392+0200] {logging_mixin.py:190} INFO - [2025-03-12T14:22:27.392+0200] {dag.py:4180} INFO - Setting next_dagrun for tutorial_dag to None, run_after=None
[2025-03-12T14:22:27.421+0200] {processor.py:208} INFO - Processing /home/munyah/.local/lib/python3.10/site-packages/airflow/example_dags/tutorial_dag.py took 0.094 seconds
[2025-03-12T14:23:40.607+0200] {processor.py:186} INFO - Started process (PID=136516) to work on /home/munyah/.local/lib/python3.10/site-packages/airflow/example_dags/tutorial_dag.py
[2025-03-12T14:23:40.609+0200] {processor.py:914} INFO - Processing file /home/munyah/.local/lib/python3.10/site-packages/airflow/example_dags/tutorial_dag.py for tasks to queue
[2025-03-12T14:23:40.613+0200] {logging_mixin.py:190} INFO - [2025-03-12T14:23:40.613+0200] {dagbag.py:588} INFO - Filling up the DagBag from /home/munyah/.local/lib/python3.10/site-packages/airflow/example_dags/tutorial_dag.py
[2025-03-12T14:23:40.624+0200] {processor.py:925} INFO - DAG(s) 'tutorial_dag' retrieved from /home/munyah/.local/lib/python3.10/site-packages/airflow/example_dags/tutorial_dag.py
[2025-03-12T14:23:40.643+0200] {logging_mixin.py:190} INFO - [2025-03-12T14:23:40.643+0200] {dag.py:3239} INFO - Sync 1 DAGs
[2025-03-12T14:23:40.660+0200] {logging_mixin.py:190} INFO - [2025-03-12T14:23:40.660+0200] {dag.py:4180} INFO - Setting next_dagrun for tutorial_dag to None, run_after=None
[2025-03-12T14:23:40.686+0200] {processor.py:208} INFO - Processing /home/munyah/.local/lib/python3.10/site-packages/airflow/example_dags/tutorial_dag.py took 0.088 seconds
[2025-03-12T14:24:42.120+0200] {processor.py:186} INFO - Started process (PID=136767) to work on /home/munyah/.local/lib/python3.10/site-packages/airflow/example_dags/tutorial_dag.py
[2025-03-12T14:24:42.122+0200] {processor.py:914} INFO - Processing file /home/munyah/.local/lib/python3.10/site-packages/airflow/example_dags/tutorial_dag.py for tasks to queue
[2025-03-12T14:24:42.124+0200] {logging_mixin.py:190} INFO - [2025-03-12T14:24:42.124+0200] {dagbag.py:588} INFO - Filling up the DagBag from /home/munyah/.local/lib/python3.10/site-packages/airflow/example_dags/tutorial_dag.py
[2025-03-12T14:24:42.134+0200] {processor.py:925} INFO - DAG(s) 'tutorial_dag' retrieved from /home/munyah/.local/lib/python3.10/site-packages/airflow/example_dags/tutorial_dag.py
[2025-03-12T14:24:42.152+0200] {logging_mixin.py:190} INFO - [2025-03-12T14:24:42.151+0200] {dag.py:3239} INFO - Sync 1 DAGs
[2025-03-12T14:24:42.166+0200] {logging_mixin.py:190} INFO - [2025-03-12T14:24:42.166+0200] {dag.py:4180} INFO - Setting next_dagrun for tutorial_dag to None, run_after=None
[2025-03-12T14:24:42.188+0200] {processor.py:208} INFO - Processing /home/munyah/.local/lib/python3.10/site-packages/airflow/example_dags/tutorial_dag.py took 0.075 seconds
[2025-03-12T14:25:38.220+0200] {processor.py:186} INFO - Started process (PID=136949) to work on /home/munyah/.local/lib/python3.10/site-packages/airflow/example_dags/tutorial_dag.py
[2025-03-12T14:25:38.221+0200] {processor.py:914} INFO - Processing file /home/munyah/.local/lib/python3.10/site-packages/airflow/example_dags/tutorial_dag.py for tasks to queue
[2025-03-12T14:25:38.224+0200] {logging_mixin.py:190} INFO - [2025-03-12T14:25:38.223+0200] {dagbag.py:588} INFO - Filling up the DagBag from /home/munyah/.local/lib/python3.10/site-packages/airflow/example_dags/tutorial_dag.py
[2025-03-12T14:25:38.234+0200] {processor.py:925} INFO - DAG(s) 'tutorial_dag' retrieved from /home/munyah/.local/lib/python3.10/site-packages/airflow/example_dags/tutorial_dag.py
[2025-03-12T14:25:38.253+0200] {logging_mixin.py:190} INFO - [2025-03-12T14:25:38.253+0200] {dag.py:3239} INFO - Sync 1 DAGs
[2025-03-12T14:25:38.268+0200] {logging_mixin.py:190} INFO - [2025-03-12T14:25:38.268+0200] {dag.py:4180} INFO - Setting next_dagrun for tutorial_dag to None, run_after=None
[2025-03-12T14:25:38.296+0200] {processor.py:208} INFO - Processing /home/munyah/.local/lib/python3.10/site-packages/airflow/example_dags/tutorial_dag.py took 0.084 seconds
[2025-03-12T14:26:37.802+0200] {processor.py:186} INFO - Started process (PID=137134) to work on /home/munyah/.local/lib/python3.10/site-packages/airflow/example_dags/tutorial_dag.py
[2025-03-12T14:26:37.803+0200] {processor.py:914} INFO - Processing file /home/munyah/.local/lib/python3.10/site-packages/airflow/example_dags/tutorial_dag.py for tasks to queue
[2025-03-12T14:26:37.806+0200] {logging_mixin.py:190} INFO - [2025-03-12T14:26:37.806+0200] {dagbag.py:588} INFO - Filling up the DagBag from /home/munyah/.local/lib/python3.10/site-packages/airflow/example_dags/tutorial_dag.py
[2025-03-12T14:26:37.816+0200] {processor.py:925} INFO - DAG(s) 'tutorial_dag' retrieved from /home/munyah/.local/lib/python3.10/site-packages/airflow/example_dags/tutorial_dag.py
[2025-03-12T14:26:37.835+0200] {logging_mixin.py:190} INFO - [2025-03-12T14:26:37.834+0200] {dag.py:3239} INFO - Sync 1 DAGs
[2025-03-12T14:26:37.849+0200] {logging_mixin.py:190} INFO - [2025-03-12T14:26:37.849+0200] {dag.py:4180} INFO - Setting next_dagrun for tutorial_dag to None, run_after=None
[2025-03-12T14:26:37.877+0200] {processor.py:208} INFO - Processing /home/munyah/.local/lib/python3.10/site-packages/airflow/example_dags/tutorial_dag.py took 0.083 seconds
[2025-03-12T14:27:43.161+0200] {processor.py:186} INFO - Started process (PID=137362) to work on /home/munyah/.local/lib/python3.10/site-packages/airflow/example_dags/tutorial_dag.py
[2025-03-12T14:27:43.162+0200] {processor.py:914} INFO - Processing file /home/munyah/.local/lib/python3.10/site-packages/airflow/example_dags/tutorial_dag.py for tasks to queue
[2025-03-12T14:27:43.165+0200] {logging_mixin.py:190} INFO - [2025-03-12T14:27:43.164+0200] {dagbag.py:588} INFO - Filling up the DagBag from /home/munyah/.local/lib/python3.10/site-packages/airflow/example_dags/tutorial_dag.py
[2025-03-12T14:27:43.174+0200] {processor.py:925} INFO - DAG(s) 'tutorial_dag' retrieved from /home/munyah/.local/lib/python3.10/site-packages/airflow/example_dags/tutorial_dag.py
[2025-03-12T14:27:43.191+0200] {logging_mixin.py:190} INFO - [2025-03-12T14:27:43.191+0200] {dag.py:3239} INFO - Sync 1 DAGs
[2025-03-12T14:27:43.206+0200] {logging_mixin.py:190} INFO - [2025-03-12T14:27:43.206+0200] {dag.py:4180} INFO - Setting next_dagrun for tutorial_dag to None, run_after=None
[2025-03-12T14:27:43.228+0200] {processor.py:208} INFO - Processing /home/munyah/.local/lib/python3.10/site-packages/airflow/example_dags/tutorial_dag.py took 0.076 seconds
[2025-03-12T14:28:45.173+0200] {processor.py:186} INFO - Started process (PID=137532) to work on /home/munyah/.local/lib/python3.10/site-packages/airflow/example_dags/tutorial_dag.py
[2025-03-12T14:28:45.174+0200] {processor.py:914} INFO - Processing file /home/munyah/.local/lib/python3.10/site-packages/airflow/example_dags/tutorial_dag.py for tasks to queue
[2025-03-12T14:28:45.177+0200] {logging_mixin.py:190} INFO - [2025-03-12T14:28:45.176+0200] {dagbag.py:588} INFO - Filling up the DagBag from /home/munyah/.local/lib/python3.10/site-packages/airflow/example_dags/tutorial_dag.py
[2025-03-12T14:28:45.186+0200] {processor.py:925} INFO - DAG(s) 'tutorial_dag' retrieved from /home/munyah/.local/lib/python3.10/site-packages/airflow/example_dags/tutorial_dag.py
[2025-03-12T14:28:45.205+0200] {logging_mixin.py:190} INFO - [2025-03-12T14:28:45.205+0200] {dag.py:3239} INFO - Sync 1 DAGs
[2025-03-12T14:28:45.220+0200] {logging_mixin.py:190} INFO - [2025-03-12T14:28:45.220+0200] {dag.py:4180} INFO - Setting next_dagrun for tutorial_dag to None, run_after=None
[2025-03-12T14:28:45.242+0200] {processor.py:208} INFO - Processing /home/munyah/.local/lib/python3.10/site-packages/airflow/example_dags/tutorial_dag.py took 0.076 seconds
[2025-03-12T14:29:42.004+0200] {processor.py:186} INFO - Started process (PID=138553) to work on /home/munyah/.local/lib/python3.10/site-packages/airflow/example_dags/tutorial_dag.py
[2025-03-12T14:29:42.005+0200] {processor.py:914} INFO - Processing file /home/munyah/.local/lib/python3.10/site-packages/airflow/example_dags/tutorial_dag.py for tasks to queue
[2025-03-12T14:29:42.008+0200] {logging_mixin.py:190} INFO - [2025-03-12T14:29:42.007+0200] {dagbag.py:588} INFO - Filling up the DagBag from /home/munyah/.local/lib/python3.10/site-packages/airflow/example_dags/tutorial_dag.py
[2025-03-12T14:29:42.018+0200] {processor.py:925} INFO - DAG(s) 'tutorial_dag' retrieved from /home/munyah/.local/lib/python3.10/site-packages/airflow/example_dags/tutorial_dag.py
[2025-03-12T14:29:42.036+0200] {logging_mixin.py:190} INFO - [2025-03-12T14:29:42.036+0200] {dag.py:3239} INFO - Sync 1 DAGs
[2025-03-12T14:29:42.052+0200] {logging_mixin.py:190} INFO - [2025-03-12T14:29:42.052+0200] {dag.py:4180} INFO - Setting next_dagrun for tutorial_dag to None, run_after=None
[2025-03-12T14:29:42.075+0200] {processor.py:208} INFO - Processing /home/munyah/.local/lib/python3.10/site-packages/airflow/example_dags/tutorial_dag.py took 0.084 seconds
[2025-03-12T14:30:45.656+0200] {processor.py:186} INFO - Started process (PID=138803) to work on /home/munyah/.local/lib/python3.10/site-packages/airflow/example_dags/tutorial_dag.py
[2025-03-12T14:30:45.658+0200] {processor.py:914} INFO - Processing file /home/munyah/.local/lib/python3.10/site-packages/airflow/example_dags/tutorial_dag.py for tasks to queue
[2025-03-12T14:30:45.661+0200] {logging_mixin.py:190} INFO - [2025-03-12T14:30:45.660+0200] {dagbag.py:588} INFO - Filling up the DagBag from /home/munyah/.local/lib/python3.10/site-packages/airflow/example_dags/tutorial_dag.py
[2025-03-12T14:30:45.677+0200] {processor.py:925} INFO - DAG(s) 'tutorial_dag' retrieved from /home/munyah/.local/lib/python3.10/site-packages/airflow/example_dags/tutorial_dag.py
[2025-03-12T14:30:45.701+0200] {logging_mixin.py:190} INFO - [2025-03-12T14:30:45.701+0200] {dag.py:3239} INFO - Sync 1 DAGs
[2025-03-12T14:30:45.716+0200] {logging_mixin.py:190} INFO - [2025-03-12T14:30:45.716+0200] {dag.py:4180} INFO - Setting next_dagrun for tutorial_dag to None, run_after=None
[2025-03-12T14:30:45.739+0200] {processor.py:208} INFO - Processing /home/munyah/.local/lib/python3.10/site-packages/airflow/example_dags/tutorial_dag.py took 0.095 seconds
[2025-03-12T14:31:50.221+0200] {processor.py:186} INFO - Started process (PID=139008) to work on /home/munyah/.local/lib/python3.10/site-packages/airflow/example_dags/tutorial_dag.py
[2025-03-12T14:31:50.222+0200] {processor.py:914} INFO - Processing file /home/munyah/.local/lib/python3.10/site-packages/airflow/example_dags/tutorial_dag.py for tasks to queue
[2025-03-12T14:31:50.225+0200] {logging_mixin.py:190} INFO - [2025-03-12T14:31:50.224+0200] {dagbag.py:588} INFO - Filling up the DagBag from /home/munyah/.local/lib/python3.10/site-packages/airflow/example_dags/tutorial_dag.py
[2025-03-12T14:31:50.235+0200] {processor.py:925} INFO - DAG(s) 'tutorial_dag' retrieved from /home/munyah/.local/lib/python3.10/site-packages/airflow/example_dags/tutorial_dag.py
[2025-03-12T14:31:50.254+0200] {logging_mixin.py:190} INFO - [2025-03-12T14:31:50.253+0200] {dag.py:3239} INFO - Sync 1 DAGs
[2025-03-12T14:31:50.269+0200] {logging_mixin.py:190} INFO - [2025-03-12T14:31:50.268+0200] {dag.py:4180} INFO - Setting next_dagrun for tutorial_dag to None, run_after=None
[2025-03-12T14:31:50.290+0200] {processor.py:208} INFO - Processing /home/munyah/.local/lib/python3.10/site-packages/airflow/example_dags/tutorial_dag.py took 0.080 seconds
[2025-03-12T14:32:51.929+0200] {processor.py:186} INFO - Started process (PID=139717) to work on /home/munyah/.local/lib/python3.10/site-packages/airflow/example_dags/tutorial_dag.py
[2025-03-12T14:32:51.930+0200] {processor.py:914} INFO - Processing file /home/munyah/.local/lib/python3.10/site-packages/airflow/example_dags/tutorial_dag.py for tasks to queue
[2025-03-12T14:32:51.933+0200] {logging_mixin.py:190} INFO - [2025-03-12T14:32:51.933+0200] {dagbag.py:588} INFO - Filling up the DagBag from /home/munyah/.local/lib/python3.10/site-packages/airflow/example_dags/tutorial_dag.py
[2025-03-12T14:32:51.943+0200] {processor.py:925} INFO - DAG(s) 'tutorial_dag' retrieved from /home/munyah/.local/lib/python3.10/site-packages/airflow/example_dags/tutorial_dag.py
[2025-03-12T14:32:51.960+0200] {logging_mixin.py:190} INFO - [2025-03-12T14:32:51.960+0200] {dag.py:3239} INFO - Sync 1 DAGs
[2025-03-12T14:32:51.975+0200] {logging_mixin.py:190} INFO - [2025-03-12T14:32:51.975+0200] {dag.py:4180} INFO - Setting next_dagrun for tutorial_dag to None, run_after=None
[2025-03-12T14:32:51.998+0200] {processor.py:208} INFO - Processing /home/munyah/.local/lib/python3.10/site-packages/airflow/example_dags/tutorial_dag.py took 0.077 seconds
[2025-03-12T14:33:56.386+0200] {processor.py:186} INFO - Started process (PID=139991) to work on /home/munyah/.local/lib/python3.10/site-packages/airflow/example_dags/tutorial_dag.py
[2025-03-12T14:33:56.387+0200] {processor.py:914} INFO - Processing file /home/munyah/.local/lib/python3.10/site-packages/airflow/example_dags/tutorial_dag.py for tasks to queue
[2025-03-12T14:33:56.391+0200] {logging_mixin.py:190} INFO - [2025-03-12T14:33:56.391+0200] {dagbag.py:588} INFO - Filling up the DagBag from /home/munyah/.local/lib/python3.10/site-packages/airflow/example_dags/tutorial_dag.py
[2025-03-12T14:33:56.402+0200] {processor.py:925} INFO - DAG(s) 'tutorial_dag' retrieved from /home/munyah/.local/lib/python3.10/site-packages/airflow/example_dags/tutorial_dag.py
[2025-03-12T14:33:56.419+0200] {logging_mixin.py:190} INFO - [2025-03-12T14:33:56.419+0200] {dag.py:3239} INFO - Sync 1 DAGs
[2025-03-12T14:33:56.434+0200] {logging_mixin.py:190} INFO - [2025-03-12T14:33:56.434+0200] {dag.py:4180} INFO - Setting next_dagrun for tutorial_dag to None, run_after=None
[2025-03-12T14:33:56.455+0200] {processor.py:208} INFO - Processing /home/munyah/.local/lib/python3.10/site-packages/airflow/example_dags/tutorial_dag.py took 0.085 seconds
[2025-03-12T14:35:02.651+0200] {processor.py:186} INFO - Started process (PID=140172) to work on /home/munyah/.local/lib/python3.10/site-packages/airflow/example_dags/tutorial_dag.py
[2025-03-12T14:35:02.653+0200] {processor.py:914} INFO - Processing file /home/munyah/.local/lib/python3.10/site-packages/airflow/example_dags/tutorial_dag.py for tasks to queue
[2025-03-12T14:35:02.655+0200] {logging_mixin.py:190} INFO - [2025-03-12T14:35:02.655+0200] {dagbag.py:588} INFO - Filling up the DagBag from /home/munyah/.local/lib/python3.10/site-packages/airflow/example_dags/tutorial_dag.py
[2025-03-12T14:35:02.665+0200] {processor.py:925} INFO - DAG(s) 'tutorial_dag' retrieved from /home/munyah/.local/lib/python3.10/site-packages/airflow/example_dags/tutorial_dag.py
[2025-03-12T14:35:02.685+0200] {logging_mixin.py:190} INFO - [2025-03-12T14:35:02.684+0200] {dag.py:3239} INFO - Sync 1 DAGs
[2025-03-12T14:35:02.699+0200] {logging_mixin.py:190} INFO - [2025-03-12T14:35:02.698+0200] {dag.py:4180} INFO - Setting next_dagrun for tutorial_dag to None, run_after=None
[2025-03-12T14:35:02.722+0200] {processor.py:208} INFO - Processing /home/munyah/.local/lib/python3.10/site-packages/airflow/example_dags/tutorial_dag.py took 0.079 seconds
[2025-03-12T14:36:05.999+0200] {processor.py:186} INFO - Started process (PID=140368) to work on /home/munyah/.local/lib/python3.10/site-packages/airflow/example_dags/tutorial_dag.py
[2025-03-12T14:36:06.001+0200] {processor.py:914} INFO - Processing file /home/munyah/.local/lib/python3.10/site-packages/airflow/example_dags/tutorial_dag.py for tasks to queue
[2025-03-12T14:36:06.005+0200] {logging_mixin.py:190} INFO - [2025-03-12T14:36:06.005+0200] {dagbag.py:588} INFO - Filling up the DagBag from /home/munyah/.local/lib/python3.10/site-packages/airflow/example_dags/tutorial_dag.py
[2025-03-12T14:36:06.016+0200] {processor.py:925} INFO - DAG(s) 'tutorial_dag' retrieved from /home/munyah/.local/lib/python3.10/site-packages/airflow/example_dags/tutorial_dag.py
[2025-03-12T14:36:06.033+0200] {logging_mixin.py:190} INFO - [2025-03-12T14:36:06.032+0200] {dag.py:3239} INFO - Sync 1 DAGs
[2025-03-12T14:36:06.048+0200] {logging_mixin.py:190} INFO - [2025-03-12T14:36:06.047+0200] {dag.py:4180} INFO - Setting next_dagrun for tutorial_dag to None, run_after=None
[2025-03-12T14:36:06.072+0200] {processor.py:208} INFO - Processing /home/munyah/.local/lib/python3.10/site-packages/airflow/example_dags/tutorial_dag.py took 0.086 seconds
[2025-03-12T14:37:10.220+0200] {processor.py:186} INFO - Started process (PID=140557) to work on /home/munyah/.local/lib/python3.10/site-packages/airflow/example_dags/tutorial_dag.py
[2025-03-12T14:37:10.222+0200] {processor.py:914} INFO - Processing file /home/munyah/.local/lib/python3.10/site-packages/airflow/example_dags/tutorial_dag.py for tasks to queue
[2025-03-12T14:37:10.226+0200] {logging_mixin.py:190} INFO - [2025-03-12T14:37:10.226+0200] {dagbag.py:588} INFO - Filling up the DagBag from /home/munyah/.local/lib/python3.10/site-packages/airflow/example_dags/tutorial_dag.py
[2025-03-12T14:37:10.245+0200] {processor.py:925} INFO - DAG(s) 'tutorial_dag' retrieved from /home/munyah/.local/lib/python3.10/site-packages/airflow/example_dags/tutorial_dag.py
[2025-03-12T14:37:10.267+0200] {logging_mixin.py:190} INFO - [2025-03-12T14:37:10.266+0200] {dag.py:3239} INFO - Sync 1 DAGs
[2025-03-12T14:37:10.281+0200] {logging_mixin.py:190} INFO - [2025-03-12T14:37:10.281+0200] {dag.py:4180} INFO - Setting next_dagrun for tutorial_dag to None, run_after=None
[2025-03-12T14:37:10.305+0200] {processor.py:208} INFO - Processing /home/munyah/.local/lib/python3.10/site-packages/airflow/example_dags/tutorial_dag.py took 0.100 seconds
[2025-03-12T14:38:12.702+0200] {processor.py:186} INFO - Started process (PID=140664) to work on /home/munyah/.local/lib/python3.10/site-packages/airflow/example_dags/tutorial_dag.py
[2025-03-12T14:38:12.703+0200] {processor.py:914} INFO - Processing file /home/munyah/.local/lib/python3.10/site-packages/airflow/example_dags/tutorial_dag.py for tasks to queue
[2025-03-12T14:38:12.706+0200] {logging_mixin.py:190} INFO - [2025-03-12T14:38:12.705+0200] {dagbag.py:588} INFO - Filling up the DagBag from /home/munyah/.local/lib/python3.10/site-packages/airflow/example_dags/tutorial_dag.py
[2025-03-12T14:38:12.718+0200] {processor.py:925} INFO - DAG(s) 'tutorial_dag' retrieved from /home/munyah/.local/lib/python3.10/site-packages/airflow/example_dags/tutorial_dag.py
[2025-03-12T14:38:12.736+0200] {logging_mixin.py:190} INFO - [2025-03-12T14:38:12.735+0200] {dag.py:3239} INFO - Sync 1 DAGs
[2025-03-12T14:38:12.750+0200] {logging_mixin.py:190} INFO - [2025-03-12T14:38:12.749+0200] {dag.py:4180} INFO - Setting next_dagrun for tutorial_dag to None, run_after=None
[2025-03-12T14:38:12.772+0200] {processor.py:208} INFO - Processing /home/munyah/.local/lib/python3.10/site-packages/airflow/example_dags/tutorial_dag.py took 0.079 seconds
[2025-03-12T14:39:20.657+0200] {processor.py:186} INFO - Started process (PID=140749) to work on /home/munyah/.local/lib/python3.10/site-packages/airflow/example_dags/tutorial_dag.py
[2025-03-12T14:39:20.659+0200] {processor.py:914} INFO - Processing file /home/munyah/.local/lib/python3.10/site-packages/airflow/example_dags/tutorial_dag.py for tasks to queue
[2025-03-12T14:39:20.663+0200] {logging_mixin.py:190} INFO - [2025-03-12T14:39:20.662+0200] {dagbag.py:588} INFO - Filling up the DagBag from /home/munyah/.local/lib/python3.10/site-packages/airflow/example_dags/tutorial_dag.py
[2025-03-12T14:39:20.674+0200] {processor.py:925} INFO - DAG(s) 'tutorial_dag' retrieved from /home/munyah/.local/lib/python3.10/site-packages/airflow/example_dags/tutorial_dag.py
[2025-03-12T14:39:20.697+0200] {logging_mixin.py:190} INFO - [2025-03-12T14:39:20.696+0200] {dag.py:3239} INFO - Sync 1 DAGs
[2025-03-12T14:39:20.718+0200] {logging_mixin.py:190} INFO - [2025-03-12T14:39:20.717+0200] {dag.py:4180} INFO - Setting next_dagrun for tutorial_dag to None, run_after=None
[2025-03-12T14:39:20.743+0200] {processor.py:208} INFO - Processing /home/munyah/.local/lib/python3.10/site-packages/airflow/example_dags/tutorial_dag.py took 0.097 seconds
[2025-03-12T14:40:25.029+0200] {processor.py:186} INFO - Started process (PID=140884) to work on /home/munyah/.local/lib/python3.10/site-packages/airflow/example_dags/tutorial_dag.py
[2025-03-12T14:40:25.030+0200] {processor.py:914} INFO - Processing file /home/munyah/.local/lib/python3.10/site-packages/airflow/example_dags/tutorial_dag.py for tasks to queue
[2025-03-12T14:40:25.033+0200] {logging_mixin.py:190} INFO - [2025-03-12T14:40:25.032+0200] {dagbag.py:588} INFO - Filling up the DagBag from /home/munyah/.local/lib/python3.10/site-packages/airflow/example_dags/tutorial_dag.py
[2025-03-12T14:40:25.042+0200] {processor.py:925} INFO - DAG(s) 'tutorial_dag' retrieved from /home/munyah/.local/lib/python3.10/site-packages/airflow/example_dags/tutorial_dag.py
[2025-03-12T14:40:25.059+0200] {logging_mixin.py:190} INFO - [2025-03-12T14:40:25.059+0200] {dag.py:3239} INFO - Sync 1 DAGs
[2025-03-12T14:40:25.073+0200] {logging_mixin.py:190} INFO - [2025-03-12T14:40:25.073+0200] {dag.py:4180} INFO - Setting next_dagrun for tutorial_dag to None, run_after=None
[2025-03-12T14:40:25.093+0200] {processor.py:208} INFO - Processing /home/munyah/.local/lib/python3.10/site-packages/airflow/example_dags/tutorial_dag.py took 0.071 seconds
[2025-03-12T14:41:29.674+0200] {processor.py:186} INFO - Started process (PID=141183) to work on /home/munyah/.local/lib/python3.10/site-packages/airflow/example_dags/tutorial_dag.py
[2025-03-12T14:41:29.675+0200] {processor.py:914} INFO - Processing file /home/munyah/.local/lib/python3.10/site-packages/airflow/example_dags/tutorial_dag.py for tasks to queue
[2025-03-12T14:41:29.678+0200] {logging_mixin.py:190} INFO - [2025-03-12T14:41:29.677+0200] {dagbag.py:588} INFO - Filling up the DagBag from /home/munyah/.local/lib/python3.10/site-packages/airflow/example_dags/tutorial_dag.py
[2025-03-12T14:41:29.688+0200] {processor.py:925} INFO - DAG(s) 'tutorial_dag' retrieved from /home/munyah/.local/lib/python3.10/site-packages/airflow/example_dags/tutorial_dag.py
[2025-03-12T14:41:29.705+0200] {logging_mixin.py:190} INFO - [2025-03-12T14:41:29.705+0200] {dag.py:3239} INFO - Sync 1 DAGs
[2025-03-12T14:41:29.720+0200] {logging_mixin.py:190} INFO - [2025-03-12T14:41:29.720+0200] {dag.py:4180} INFO - Setting next_dagrun for tutorial_dag to None, run_after=None
[2025-03-12T14:41:29.742+0200] {processor.py:208} INFO - Processing /home/munyah/.local/lib/python3.10/site-packages/airflow/example_dags/tutorial_dag.py took 0.076 seconds
[2025-03-12T14:42:30.979+0200] {processor.py:186} INFO - Started process (PID=141380) to work on /home/munyah/.local/lib/python3.10/site-packages/airflow/example_dags/tutorial_dag.py
[2025-03-12T14:42:30.981+0200] {processor.py:914} INFO - Processing file /home/munyah/.local/lib/python3.10/site-packages/airflow/example_dags/tutorial_dag.py for tasks to queue
[2025-03-12T14:42:30.984+0200] {logging_mixin.py:190} INFO - [2025-03-12T14:42:30.983+0200] {dagbag.py:588} INFO - Filling up the DagBag from /home/munyah/.local/lib/python3.10/site-packages/airflow/example_dags/tutorial_dag.py
[2025-03-12T14:42:30.994+0200] {processor.py:925} INFO - DAG(s) 'tutorial_dag' retrieved from /home/munyah/.local/lib/python3.10/site-packages/airflow/example_dags/tutorial_dag.py
[2025-03-12T14:42:31.013+0200] {logging_mixin.py:190} INFO - [2025-03-12T14:42:31.013+0200] {dag.py:3239} INFO - Sync 1 DAGs
[2025-03-12T14:42:31.029+0200] {logging_mixin.py:190} INFO - [2025-03-12T14:42:31.028+0200] {dag.py:4180} INFO - Setting next_dagrun for tutorial_dag to None, run_after=None
[2025-03-12T14:42:31.051+0200] {processor.py:208} INFO - Processing /home/munyah/.local/lib/python3.10/site-packages/airflow/example_dags/tutorial_dag.py took 0.082 seconds
[2025-03-12T14:43:28.652+0200] {processor.py:186} INFO - Started process (PID=141542) to work on /home/munyah/.local/lib/python3.10/site-packages/airflow/example_dags/tutorial_dag.py
[2025-03-12T14:43:28.653+0200] {processor.py:914} INFO - Processing file /home/munyah/.local/lib/python3.10/site-packages/airflow/example_dags/tutorial_dag.py for tasks to queue
[2025-03-12T14:43:28.656+0200] {logging_mixin.py:190} INFO - [2025-03-12T14:43:28.655+0200] {dagbag.py:588} INFO - Filling up the DagBag from /home/munyah/.local/lib/python3.10/site-packages/airflow/example_dags/tutorial_dag.py
[2025-03-12T14:43:28.667+0200] {processor.py:925} INFO - DAG(s) 'tutorial_dag' retrieved from /home/munyah/.local/lib/python3.10/site-packages/airflow/example_dags/tutorial_dag.py
[2025-03-12T14:43:28.685+0200] {logging_mixin.py:190} INFO - [2025-03-12T14:43:28.685+0200] {dag.py:3239} INFO - Sync 1 DAGs
[2025-03-12T14:43:28.701+0200] {logging_mixin.py:190} INFO - [2025-03-12T14:43:28.701+0200] {dag.py:4180} INFO - Setting next_dagrun for tutorial_dag to None, run_after=None
[2025-03-12T14:43:28.723+0200] {processor.py:208} INFO - Processing /home/munyah/.local/lib/python3.10/site-packages/airflow/example_dags/tutorial_dag.py took 0.078 seconds
[2025-03-12T14:44:28.858+0200] {processor.py:186} INFO - Started process (PID=141735) to work on /home/munyah/.local/lib/python3.10/site-packages/airflow/example_dags/tutorial_dag.py
[2025-03-12T14:44:28.859+0200] {processor.py:914} INFO - Processing file /home/munyah/.local/lib/python3.10/site-packages/airflow/example_dags/tutorial_dag.py for tasks to queue
[2025-03-12T14:44:28.861+0200] {logging_mixin.py:190} INFO - [2025-03-12T14:44:28.861+0200] {dagbag.py:588} INFO - Filling up the DagBag from /home/munyah/.local/lib/python3.10/site-packages/airflow/example_dags/tutorial_dag.py
[2025-03-12T14:44:28.871+0200] {processor.py:925} INFO - DAG(s) 'tutorial_dag' retrieved from /home/munyah/.local/lib/python3.10/site-packages/airflow/example_dags/tutorial_dag.py
[2025-03-12T14:44:28.889+0200] {logging_mixin.py:190} INFO - [2025-03-12T14:44:28.888+0200] {dag.py:3239} INFO - Sync 1 DAGs
[2025-03-12T14:44:28.903+0200] {logging_mixin.py:190} INFO - [2025-03-12T14:44:28.903+0200] {dag.py:4180} INFO - Setting next_dagrun for tutorial_dag to None, run_after=None
[2025-03-12T14:44:28.925+0200] {processor.py:208} INFO - Processing /home/munyah/.local/lib/python3.10/site-packages/airflow/example_dags/tutorial_dag.py took 0.075 seconds
[2025-03-12T14:45:28.408+0200] {processor.py:186} INFO - Started process (PID=141900) to work on /home/munyah/.local/lib/python3.10/site-packages/airflow/example_dags/tutorial_dag.py
[2025-03-12T14:45:28.409+0200] {processor.py:914} INFO - Processing file /home/munyah/.local/lib/python3.10/site-packages/airflow/example_dags/tutorial_dag.py for tasks to queue
[2025-03-12T14:45:28.412+0200] {logging_mixin.py:190} INFO - [2025-03-12T14:45:28.411+0200] {dagbag.py:588} INFO - Filling up the DagBag from /home/munyah/.local/lib/python3.10/site-packages/airflow/example_dags/tutorial_dag.py
[2025-03-12T14:45:28.422+0200] {processor.py:925} INFO - DAG(s) 'tutorial_dag' retrieved from /home/munyah/.local/lib/python3.10/site-packages/airflow/example_dags/tutorial_dag.py
[2025-03-12T14:45:28.440+0200] {logging_mixin.py:190} INFO - [2025-03-12T14:45:28.440+0200] {dag.py:3239} INFO - Sync 1 DAGs
[2025-03-12T14:45:28.456+0200] {logging_mixin.py:190} INFO - [2025-03-12T14:45:28.456+0200] {dag.py:4180} INFO - Setting next_dagrun for tutorial_dag to None, run_after=None
[2025-03-12T14:45:28.480+0200] {processor.py:208} INFO - Processing /home/munyah/.local/lib/python3.10/site-packages/airflow/example_dags/tutorial_dag.py took 0.080 seconds
[2025-03-12T14:46:26.432+0200] {processor.py:186} INFO - Started process (PID=142118) to work on /home/munyah/.local/lib/python3.10/site-packages/airflow/example_dags/tutorial_dag.py
[2025-03-12T14:46:26.434+0200] {processor.py:914} INFO - Processing file /home/munyah/.local/lib/python3.10/site-packages/airflow/example_dags/tutorial_dag.py for tasks to queue
[2025-03-12T14:46:26.436+0200] {logging_mixin.py:190} INFO - [2025-03-12T14:46:26.436+0200] {dagbag.py:588} INFO - Filling up the DagBag from /home/munyah/.local/lib/python3.10/site-packages/airflow/example_dags/tutorial_dag.py
[2025-03-12T14:46:26.447+0200] {processor.py:925} INFO - DAG(s) 'tutorial_dag' retrieved from /home/munyah/.local/lib/python3.10/site-packages/airflow/example_dags/tutorial_dag.py
[2025-03-12T14:46:26.465+0200] {logging_mixin.py:190} INFO - [2025-03-12T14:46:26.464+0200] {dag.py:3239} INFO - Sync 1 DAGs
[2025-03-12T14:46:26.484+0200] {logging_mixin.py:190} INFO - [2025-03-12T14:46:26.484+0200] {dag.py:4180} INFO - Setting next_dagrun for tutorial_dag to None, run_after=None
[2025-03-12T14:46:26.508+0200] {processor.py:208} INFO - Processing /home/munyah/.local/lib/python3.10/site-packages/airflow/example_dags/tutorial_dag.py took 0.084 seconds
[2025-03-12T14:49:20.397+0200] {processor.py:186} INFO - Started process (PID=142736) to work on /home/munyah/.local/lib/python3.10/site-packages/airflow/example_dags/tutorial_dag.py
[2025-03-12T14:49:20.399+0200] {processor.py:914} INFO - Processing file /home/munyah/.local/lib/python3.10/site-packages/airflow/example_dags/tutorial_dag.py for tasks to queue
[2025-03-12T14:49:20.402+0200] {logging_mixin.py:190} INFO - [2025-03-12T14:49:20.402+0200] {dagbag.py:588} INFO - Filling up the DagBag from /home/munyah/.local/lib/python3.10/site-packages/airflow/example_dags/tutorial_dag.py
[2025-03-12T14:49:20.413+0200] {processor.py:925} INFO - DAG(s) 'tutorial_dag' retrieved from /home/munyah/.local/lib/python3.10/site-packages/airflow/example_dags/tutorial_dag.py
[2025-03-12T14:49:20.432+0200] {logging_mixin.py:190} INFO - [2025-03-12T14:49:20.432+0200] {dag.py:3239} INFO - Sync 1 DAGs
[2025-03-12T14:49:20.447+0200] {logging_mixin.py:190} INFO - [2025-03-12T14:49:20.447+0200] {dag.py:4180} INFO - Setting next_dagrun for tutorial_dag to None, run_after=None
[2025-03-12T14:49:20.473+0200] {processor.py:208} INFO - Processing /home/munyah/.local/lib/python3.10/site-packages/airflow/example_dags/tutorial_dag.py took 0.085 seconds
[2025-03-12T14:50:08.529+0200] {processor.py:186} INFO - Started process (PID=142863) to work on /home/munyah/.local/lib/python3.10/site-packages/airflow/example_dags/tutorial_dag.py
[2025-03-12T14:50:08.530+0200] {processor.py:914} INFO - Processing file /home/munyah/.local/lib/python3.10/site-packages/airflow/example_dags/tutorial_dag.py for tasks to queue
[2025-03-12T14:50:08.535+0200] {logging_mixin.py:190} INFO - [2025-03-12T14:50:08.534+0200] {dagbag.py:588} INFO - Filling up the DagBag from /home/munyah/.local/lib/python3.10/site-packages/airflow/example_dags/tutorial_dag.py
[2025-03-12T14:50:08.548+0200] {processor.py:925} INFO - DAG(s) 'tutorial_dag' retrieved from /home/munyah/.local/lib/python3.10/site-packages/airflow/example_dags/tutorial_dag.py
[2025-03-12T14:50:08.569+0200] {logging_mixin.py:190} INFO - [2025-03-12T14:50:08.569+0200] {dag.py:3239} INFO - Sync 1 DAGs
[2025-03-12T14:50:08.589+0200] {logging_mixin.py:190} INFO - [2025-03-12T14:50:08.588+0200] {dag.py:4180} INFO - Setting next_dagrun for tutorial_dag to None, run_after=None
[2025-03-12T14:50:08.624+0200] {processor.py:208} INFO - Processing /home/munyah/.local/lib/python3.10/site-packages/airflow/example_dags/tutorial_dag.py took 0.107 seconds
[2025-03-12T14:51:12.272+0200] {processor.py:186} INFO - Started process (PID=143091) to work on /home/munyah/.local/lib/python3.10/site-packages/airflow/example_dags/tutorial_dag.py
[2025-03-12T14:51:12.276+0200] {processor.py:914} INFO - Processing file /home/munyah/.local/lib/python3.10/site-packages/airflow/example_dags/tutorial_dag.py for tasks to queue
[2025-03-12T14:51:12.279+0200] {logging_mixin.py:190} INFO - [2025-03-12T14:51:12.278+0200] {dagbag.py:588} INFO - Filling up the DagBag from /home/munyah/.local/lib/python3.10/site-packages/airflow/example_dags/tutorial_dag.py
[2025-03-12T14:51:12.294+0200] {processor.py:925} INFO - DAG(s) 'tutorial_dag' retrieved from /home/munyah/.local/lib/python3.10/site-packages/airflow/example_dags/tutorial_dag.py
[2025-03-12T14:51:12.317+0200] {logging_mixin.py:190} INFO - [2025-03-12T14:51:12.316+0200] {dag.py:3239} INFO - Sync 1 DAGs
[2025-03-12T14:51:12.336+0200] {logging_mixin.py:190} INFO - [2025-03-12T14:51:12.336+0200] {dag.py:4180} INFO - Setting next_dagrun for tutorial_dag to None, run_after=None
[2025-03-12T14:51:12.361+0200] {processor.py:208} INFO - Processing /home/munyah/.local/lib/python3.10/site-packages/airflow/example_dags/tutorial_dag.py took 0.102 seconds
[2025-03-12T14:51:53.928+0200] {processor.py:186} INFO - Started process (PID=143212) to work on /home/munyah/.local/lib/python3.10/site-packages/airflow/example_dags/tutorial_dag.py
[2025-03-12T14:51:53.930+0200] {processor.py:914} INFO - Processing file /home/munyah/.local/lib/python3.10/site-packages/airflow/example_dags/tutorial_dag.py for tasks to queue
[2025-03-12T14:51:53.933+0200] {logging_mixin.py:190} INFO - [2025-03-12T14:51:53.933+0200] {dagbag.py:588} INFO - Filling up the DagBag from /home/munyah/.local/lib/python3.10/site-packages/airflow/example_dags/tutorial_dag.py
[2025-03-12T14:51:53.944+0200] {processor.py:925} INFO - DAG(s) 'tutorial_dag' retrieved from /home/munyah/.local/lib/python3.10/site-packages/airflow/example_dags/tutorial_dag.py
[2025-03-12T14:51:53.969+0200] {logging_mixin.py:190} INFO - [2025-03-12T14:51:53.969+0200] {dag.py:3239} INFO - Sync 1 DAGs
[2025-03-12T14:51:53.987+0200] {logging_mixin.py:190} INFO - [2025-03-12T14:51:53.986+0200] {dag.py:4180} INFO - Setting next_dagrun for tutorial_dag to None, run_after=None
[2025-03-12T14:51:54.021+0200] {processor.py:208} INFO - Processing /home/munyah/.local/lib/python3.10/site-packages/airflow/example_dags/tutorial_dag.py took 0.103 seconds
[2025-03-12T14:53:06.197+0200] {processor.py:186} INFO - Started process (PID=143433) to work on /home/munyah/.local/lib/python3.10/site-packages/airflow/example_dags/tutorial_dag.py
[2025-03-12T14:53:06.199+0200] {processor.py:914} INFO - Processing file /home/munyah/.local/lib/python3.10/site-packages/airflow/example_dags/tutorial_dag.py for tasks to queue
[2025-03-12T14:53:06.208+0200] {logging_mixin.py:190} INFO - [2025-03-12T14:53:06.203+0200] {dagbag.py:588} INFO - Filling up the DagBag from /home/munyah/.local/lib/python3.10/site-packages/airflow/example_dags/tutorial_dag.py
[2025-03-12T14:53:06.250+0200] {processor.py:925} INFO - DAG(s) 'tutorial_dag' retrieved from /home/munyah/.local/lib/python3.10/site-packages/airflow/example_dags/tutorial_dag.py
[2025-03-12T14:53:06.278+0200] {logging_mixin.py:190} INFO - [2025-03-12T14:53:06.277+0200] {dag.py:3239} INFO - Sync 1 DAGs
[2025-03-12T14:53:06.300+0200] {logging_mixin.py:190} INFO - [2025-03-12T14:53:06.300+0200] {dag.py:4180} INFO - Setting next_dagrun for tutorial_dag to None, run_after=None
[2025-03-12T14:53:06.328+0200] {processor.py:208} INFO - Processing /home/munyah/.local/lib/python3.10/site-packages/airflow/example_dags/tutorial_dag.py took 0.150 seconds
