[2025-03-12T08:21:01.685+0200] {processor.py:186} INFO - Started process (PID=133797) to work on /home/munyah/.local/lib/python3.10/site-packages/airflow/example_dags/tutorial_objectstorage.py
[2025-03-12T08:21:01.687+0200] {processor.py:914} INFO - Processing file /home/munyah/.local/lib/python3.10/site-packages/airflow/example_dags/tutorial_objectstorage.py for tasks to queue
[2025-03-12T08:21:01.691+0200] {logging_mixin.py:190} INFO - [2025-03-12T08:21:01.690+0200] {dagbag.py:588} INFO - Filling up the DagBag from /home/munyah/.local/lib/python3.10/site-packages/airflow/example_dags/tutorial_objectstorage.py
[2025-03-12T08:21:01.707+0200] {processor.py:925} INFO - DAG(s) 'tutorial_objectstorage' retrieved from /home/munyah/.local/lib/python3.10/site-packages/airflow/example_dags/tutorial_objectstorage.py
[2025-03-12T08:21:01.725+0200] {logging_mixin.py:190} INFO - [2025-03-12T08:21:01.725+0200] {dag.py:3239} INFO - Sync 1 DAGs
[2025-03-12T08:21:01.742+0200] {logging_mixin.py:190} INFO - [2025-03-12T08:21:01.742+0200] {dag.py:4180} INFO - Setting next_dagrun for tutorial_objectstorage to None, run_after=None
[2025-03-12T08:21:01.763+0200] {processor.py:208} INFO - Processing /home/munyah/.local/lib/python3.10/site-packages/airflow/example_dags/tutorial_objectstorage.py took 0.101 seconds
[2025-03-12T14:17:39.454+0200] {processor.py:186} INFO - Started process (PID=134550) to work on /home/munyah/.local/lib/python3.10/site-packages/airflow/example_dags/tutorial_objectstorage.py
[2025-03-12T14:17:39.455+0200] {processor.py:914} INFO - Processing file /home/munyah/.local/lib/python3.10/site-packages/airflow/example_dags/tutorial_objectstorage.py for tasks to queue
[2025-03-12T14:17:39.457+0200] {logging_mixin.py:190} INFO - [2025-03-12T14:17:39.457+0200] {dagbag.py:588} INFO - Filling up the DagBag from /home/munyah/.local/lib/python3.10/site-packages/airflow/example_dags/tutorial_objectstorage.py
[2025-03-12T14:17:39.468+0200] {processor.py:925} INFO - DAG(s) 'tutorial_objectstorage' retrieved from /home/munyah/.local/lib/python3.10/site-packages/airflow/example_dags/tutorial_objectstorage.py
[2025-03-12T14:17:39.486+0200] {logging_mixin.py:190} INFO - [2025-03-12T14:17:39.486+0200] {dag.py:3239} INFO - Sync 1 DAGs
[2025-03-12T14:17:39.501+0200] {logging_mixin.py:190} INFO - [2025-03-12T14:17:39.501+0200] {dag.py:4180} INFO - Setting next_dagrun for tutorial_objectstorage to None, run_after=None
[2025-03-12T14:17:39.523+0200] {processor.py:208} INFO - Processing /home/munyah/.local/lib/python3.10/site-packages/airflow/example_dags/tutorial_objectstorage.py took 0.077 seconds
[2025-03-12T14:18:38.642+0200] {processor.py:186} INFO - Started process (PID=134798) to work on /home/munyah/.local/lib/python3.10/site-packages/airflow/example_dags/tutorial_objectstorage.py
[2025-03-12T14:18:38.643+0200] {processor.py:914} INFO - Processing file /home/munyah/.local/lib/python3.10/site-packages/airflow/example_dags/tutorial_objectstorage.py for tasks to queue
[2025-03-12T14:18:38.645+0200] {logging_mixin.py:190} INFO - [2025-03-12T14:18:38.645+0200] {dagbag.py:588} INFO - Filling up the DagBag from /home/munyah/.local/lib/python3.10/site-packages/airflow/example_dags/tutorial_objectstorage.py
[2025-03-12T14:18:38.657+0200] {processor.py:925} INFO - DAG(s) 'tutorial_objectstorage' retrieved from /home/munyah/.local/lib/python3.10/site-packages/airflow/example_dags/tutorial_objectstorage.py
[2025-03-12T14:18:38.673+0200] {logging_mixin.py:190} INFO - [2025-03-12T14:18:38.673+0200] {dag.py:3239} INFO - Sync 1 DAGs
[2025-03-12T14:18:38.688+0200] {logging_mixin.py:190} INFO - [2025-03-12T14:18:38.688+0200] {dag.py:4180} INFO - Setting next_dagrun for tutorial_objectstorage to None, run_after=None
[2025-03-12T14:18:38.710+0200] {processor.py:208} INFO - Processing /home/munyah/.local/lib/python3.10/site-packages/airflow/example_dags/tutorial_objectstorage.py took 0.075 seconds
[2025-03-12T14:19:37.076+0200] {processor.py:186} INFO - Started process (PID=134984) to work on /home/munyah/.local/lib/python3.10/site-packages/airflow/example_dags/tutorial_objectstorage.py
[2025-03-12T14:19:37.077+0200] {processor.py:914} INFO - Processing file /home/munyah/.local/lib/python3.10/site-packages/airflow/example_dags/tutorial_objectstorage.py for tasks to queue
[2025-03-12T14:19:37.079+0200] {logging_mixin.py:190} INFO - [2025-03-12T14:19:37.079+0200] {dagbag.py:588} INFO - Filling up the DagBag from /home/munyah/.local/lib/python3.10/site-packages/airflow/example_dags/tutorial_objectstorage.py
[2025-03-12T14:19:37.093+0200] {processor.py:925} INFO - DAG(s) 'tutorial_objectstorage' retrieved from /home/munyah/.local/lib/python3.10/site-packages/airflow/example_dags/tutorial_objectstorage.py
[2025-03-12T14:19:37.119+0200] {logging_mixin.py:190} INFO - [2025-03-12T14:19:37.119+0200] {dag.py:3239} INFO - Sync 1 DAGs
[2025-03-12T14:19:37.136+0200] {logging_mixin.py:190} INFO - [2025-03-12T14:19:37.136+0200] {dag.py:4180} INFO - Setting next_dagrun for tutorial_objectstorage to None, run_after=None
[2025-03-12T14:19:37.159+0200] {processor.py:208} INFO - Processing /home/munyah/.local/lib/python3.10/site-packages/airflow/example_dags/tutorial_objectstorage.py took 0.092 seconds
[2025-03-12T14:20:32.466+0200] {processor.py:186} INFO - Started process (PID=135138) to work on /home/munyah/.local/lib/python3.10/site-packages/airflow/example_dags/tutorial_objectstorage.py
[2025-03-12T14:20:32.467+0200] {processor.py:914} INFO - Processing file /home/munyah/.local/lib/python3.10/site-packages/airflow/example_dags/tutorial_objectstorage.py for tasks to queue
[2025-03-12T14:20:32.469+0200] {logging_mixin.py:190} INFO - [2025-03-12T14:20:32.469+0200] {dagbag.py:588} INFO - Filling up the DagBag from /home/munyah/.local/lib/python3.10/site-packages/airflow/example_dags/tutorial_objectstorage.py
[2025-03-12T14:20:32.483+0200] {processor.py:925} INFO - DAG(s) 'tutorial_objectstorage' retrieved from /home/munyah/.local/lib/python3.10/site-packages/airflow/example_dags/tutorial_objectstorage.py
[2025-03-12T14:20:32.501+0200] {logging_mixin.py:190} INFO - [2025-03-12T14:20:32.500+0200] {dag.py:3239} INFO - Sync 1 DAGs
[2025-03-12T14:20:32.516+0200] {logging_mixin.py:190} INFO - [2025-03-12T14:20:32.515+0200] {dag.py:4180} INFO - Setting next_dagrun for tutorial_objectstorage to None, run_after=None
[2025-03-12T14:20:32.538+0200] {processor.py:208} INFO - Processing /home/munyah/.local/lib/python3.10/site-packages/airflow/example_dags/tutorial_objectstorage.py took 0.083 seconds
[2025-03-12T14:21:29.365+0200] {processor.py:186} INFO - Started process (PID=135331) to work on /home/munyah/.local/lib/python3.10/site-packages/airflow/example_dags/tutorial_objectstorage.py
[2025-03-12T14:21:29.367+0200] {processor.py:914} INFO - Processing file /home/munyah/.local/lib/python3.10/site-packages/airflow/example_dags/tutorial_objectstorage.py for tasks to queue
[2025-03-12T14:21:29.370+0200] {logging_mixin.py:190} INFO - [2025-03-12T14:21:29.369+0200] {dagbag.py:588} INFO - Filling up the DagBag from /home/munyah/.local/lib/python3.10/site-packages/airflow/example_dags/tutorial_objectstorage.py
[2025-03-12T14:21:29.385+0200] {processor.py:925} INFO - DAG(s) 'tutorial_objectstorage' retrieved from /home/munyah/.local/lib/python3.10/site-packages/airflow/example_dags/tutorial_objectstorage.py
[2025-03-12T14:21:29.405+0200] {logging_mixin.py:190} INFO - [2025-03-12T14:21:29.405+0200] {dag.py:3239} INFO - Sync 1 DAGs
[2025-03-12T14:21:29.420+0200] {logging_mixin.py:190} INFO - [2025-03-12T14:21:29.419+0200] {dag.py:4180} INFO - Setting next_dagrun for tutorial_objectstorage to None, run_after=None
[2025-03-12T14:21:29.440+0200] {processor.py:208} INFO - Processing /home/munyah/.local/lib/python3.10/site-packages/airflow/example_dags/tutorial_objectstorage.py took 0.085 seconds
[2025-03-12T14:22:25.038+0200] {processor.py:186} INFO - Started process (PID=135658) to work on /home/munyah/.local/lib/python3.10/site-packages/airflow/example_dags/tutorial_objectstorage.py
[2025-03-12T14:22:25.039+0200] {processor.py:914} INFO - Processing file /home/munyah/.local/lib/python3.10/site-packages/airflow/example_dags/tutorial_objectstorage.py for tasks to queue
[2025-03-12T14:22:25.043+0200] {logging_mixin.py:190} INFO - [2025-03-12T14:22:25.042+0200] {dagbag.py:588} INFO - Filling up the DagBag from /home/munyah/.local/lib/python3.10/site-packages/airflow/example_dags/tutorial_objectstorage.py
[2025-03-12T14:22:25.055+0200] {processor.py:925} INFO - DAG(s) 'tutorial_objectstorage' retrieved from /home/munyah/.local/lib/python3.10/site-packages/airflow/example_dags/tutorial_objectstorage.py
[2025-03-12T14:22:25.075+0200] {logging_mixin.py:190} INFO - [2025-03-12T14:22:25.074+0200] {dag.py:3239} INFO - Sync 1 DAGs
[2025-03-12T14:22:25.100+0200] {logging_mixin.py:190} INFO - [2025-03-12T14:22:25.100+0200] {dag.py:4180} INFO - Setting next_dagrun for tutorial_objectstorage to None, run_after=None
[2025-03-12T14:22:25.136+0200] {processor.py:208} INFO - Processing /home/munyah/.local/lib/python3.10/site-packages/airflow/example_dags/tutorial_objectstorage.py took 0.108 seconds
[2025-03-12T14:23:39.048+0200] {processor.py:186} INFO - Started process (PID=136511) to work on /home/munyah/.local/lib/python3.10/site-packages/airflow/example_dags/tutorial_objectstorage.py
[2025-03-12T14:23:39.049+0200] {processor.py:914} INFO - Processing file /home/munyah/.local/lib/python3.10/site-packages/airflow/example_dags/tutorial_objectstorage.py for tasks to queue
[2025-03-12T14:23:39.052+0200] {logging_mixin.py:190} INFO - [2025-03-12T14:23:39.051+0200] {dagbag.py:588} INFO - Filling up the DagBag from /home/munyah/.local/lib/python3.10/site-packages/airflow/example_dags/tutorial_objectstorage.py
[2025-03-12T14:23:39.064+0200] {processor.py:925} INFO - DAG(s) 'tutorial_objectstorage' retrieved from /home/munyah/.local/lib/python3.10/site-packages/airflow/example_dags/tutorial_objectstorage.py
[2025-03-12T14:23:39.082+0200] {logging_mixin.py:190} INFO - [2025-03-12T14:23:39.081+0200] {dag.py:3239} INFO - Sync 1 DAGs
[2025-03-12T14:23:39.096+0200] {logging_mixin.py:190} INFO - [2025-03-12T14:23:39.096+0200] {dag.py:4180} INFO - Setting next_dagrun for tutorial_objectstorage to None, run_after=None
[2025-03-12T14:23:39.119+0200] {processor.py:208} INFO - Processing /home/munyah/.local/lib/python3.10/site-packages/airflow/example_dags/tutorial_objectstorage.py took 0.082 seconds
[2025-03-12T14:24:40.638+0200] {processor.py:186} INFO - Started process (PID=136761) to work on /home/munyah/.local/lib/python3.10/site-packages/airflow/example_dags/tutorial_objectstorage.py
[2025-03-12T14:24:40.639+0200] {processor.py:914} INFO - Processing file /home/munyah/.local/lib/python3.10/site-packages/airflow/example_dags/tutorial_objectstorage.py for tasks to queue
[2025-03-12T14:24:40.642+0200] {logging_mixin.py:190} INFO - [2025-03-12T14:24:40.642+0200] {dagbag.py:588} INFO - Filling up the DagBag from /home/munyah/.local/lib/python3.10/site-packages/airflow/example_dags/tutorial_objectstorage.py
[2025-03-12T14:24:40.654+0200] {processor.py:925} INFO - DAG(s) 'tutorial_objectstorage' retrieved from /home/munyah/.local/lib/python3.10/site-packages/airflow/example_dags/tutorial_objectstorage.py
[2025-03-12T14:24:40.670+0200] {logging_mixin.py:190} INFO - [2025-03-12T14:24:40.670+0200] {dag.py:3239} INFO - Sync 1 DAGs
[2025-03-12T14:24:40.684+0200] {logging_mixin.py:190} INFO - [2025-03-12T14:24:40.684+0200] {dag.py:4180} INFO - Setting next_dagrun for tutorial_objectstorage to None, run_after=None
[2025-03-12T14:24:40.708+0200] {processor.py:208} INFO - Processing /home/munyah/.local/lib/python3.10/site-packages/airflow/example_dags/tutorial_objectstorage.py took 0.078 seconds
[2025-03-12T14:25:36.698+0200] {processor.py:186} INFO - Started process (PID=136938) to work on /home/munyah/.local/lib/python3.10/site-packages/airflow/example_dags/tutorial_objectstorage.py
[2025-03-12T14:25:36.699+0200] {processor.py:914} INFO - Processing file /home/munyah/.local/lib/python3.10/site-packages/airflow/example_dags/tutorial_objectstorage.py for tasks to queue
[2025-03-12T14:25:36.702+0200] {logging_mixin.py:190} INFO - [2025-03-12T14:25:36.701+0200] {dagbag.py:588} INFO - Filling up the DagBag from /home/munyah/.local/lib/python3.10/site-packages/airflow/example_dags/tutorial_objectstorage.py
[2025-03-12T14:25:36.713+0200] {processor.py:925} INFO - DAG(s) 'tutorial_objectstorage' retrieved from /home/munyah/.local/lib/python3.10/site-packages/airflow/example_dags/tutorial_objectstorage.py
[2025-03-12T14:25:36.730+0200] {logging_mixin.py:190} INFO - [2025-03-12T14:25:36.730+0200] {dag.py:3239} INFO - Sync 1 DAGs
[2025-03-12T14:25:36.745+0200] {logging_mixin.py:190} INFO - [2025-03-12T14:25:36.745+0200] {dag.py:4180} INFO - Setting next_dagrun for tutorial_objectstorage to None, run_after=None
[2025-03-12T14:25:36.769+0200] {processor.py:208} INFO - Processing /home/munyah/.local/lib/python3.10/site-packages/airflow/example_dags/tutorial_objectstorage.py took 0.078 seconds
[2025-03-12T14:26:36.124+0200] {processor.py:186} INFO - Started process (PID=137128) to work on /home/munyah/.local/lib/python3.10/site-packages/airflow/example_dags/tutorial_objectstorage.py
[2025-03-12T14:26:36.126+0200] {processor.py:914} INFO - Processing file /home/munyah/.local/lib/python3.10/site-packages/airflow/example_dags/tutorial_objectstorage.py for tasks to queue
[2025-03-12T14:26:36.129+0200] {logging_mixin.py:190} INFO - [2025-03-12T14:26:36.128+0200] {dagbag.py:588} INFO - Filling up the DagBag from /home/munyah/.local/lib/python3.10/site-packages/airflow/example_dags/tutorial_objectstorage.py
[2025-03-12T14:26:36.140+0200] {processor.py:925} INFO - DAG(s) 'tutorial_objectstorage' retrieved from /home/munyah/.local/lib/python3.10/site-packages/airflow/example_dags/tutorial_objectstorage.py
[2025-03-12T14:26:36.157+0200] {logging_mixin.py:190} INFO - [2025-03-12T14:26:36.157+0200] {dag.py:3239} INFO - Sync 1 DAGs
[2025-03-12T14:26:36.172+0200] {logging_mixin.py:190} INFO - [2025-03-12T14:26:36.171+0200] {dag.py:4180} INFO - Setting next_dagrun for tutorial_objectstorage to None, run_after=None
[2025-03-12T14:26:36.194+0200] {processor.py:208} INFO - Processing /home/munyah/.local/lib/python3.10/site-packages/airflow/example_dags/tutorial_objectstorage.py took 0.077 seconds
[2025-03-12T14:27:40.857+0200] {processor.py:186} INFO - Started process (PID=137356) to work on /home/munyah/.local/lib/python3.10/site-packages/airflow/example_dags/tutorial_objectstorage.py
[2025-03-12T14:27:40.859+0200] {processor.py:914} INFO - Processing file /home/munyah/.local/lib/python3.10/site-packages/airflow/example_dags/tutorial_objectstorage.py for tasks to queue
[2025-03-12T14:27:40.862+0200] {logging_mixin.py:190} INFO - [2025-03-12T14:27:40.861+0200] {dagbag.py:588} INFO - Filling up the DagBag from /home/munyah/.local/lib/python3.10/site-packages/airflow/example_dags/tutorial_objectstorage.py
[2025-03-12T14:27:40.876+0200] {processor.py:925} INFO - DAG(s) 'tutorial_objectstorage' retrieved from /home/munyah/.local/lib/python3.10/site-packages/airflow/example_dags/tutorial_objectstorage.py
[2025-03-12T14:27:40.893+0200] {logging_mixin.py:190} INFO - [2025-03-12T14:27:40.893+0200] {dag.py:3239} INFO - Sync 1 DAGs
[2025-03-12T14:27:40.908+0200] {logging_mixin.py:190} INFO - [2025-03-12T14:27:40.908+0200] {dag.py:4180} INFO - Setting next_dagrun for tutorial_objectstorage to None, run_after=None
[2025-03-12T14:27:40.929+0200] {processor.py:208} INFO - Processing /home/munyah/.local/lib/python3.10/site-packages/airflow/example_dags/tutorial_objectstorage.py took 0.082 seconds
[2025-03-12T14:28:42.850+0200] {processor.py:186} INFO - Started process (PID=137525) to work on /home/munyah/.local/lib/python3.10/site-packages/airflow/example_dags/tutorial_objectstorage.py
[2025-03-12T14:28:42.852+0200] {processor.py:914} INFO - Processing file /home/munyah/.local/lib/python3.10/site-packages/airflow/example_dags/tutorial_objectstorage.py for tasks to queue
[2025-03-12T14:28:42.855+0200] {logging_mixin.py:190} INFO - [2025-03-12T14:28:42.854+0200] {dagbag.py:588} INFO - Filling up the DagBag from /home/munyah/.local/lib/python3.10/site-packages/airflow/example_dags/tutorial_objectstorage.py
[2025-03-12T14:28:42.868+0200] {processor.py:925} INFO - DAG(s) 'tutorial_objectstorage' retrieved from /home/munyah/.local/lib/python3.10/site-packages/airflow/example_dags/tutorial_objectstorage.py
[2025-03-12T14:28:42.885+0200] {logging_mixin.py:190} INFO - [2025-03-12T14:28:42.885+0200] {dag.py:3239} INFO - Sync 1 DAGs
[2025-03-12T14:28:42.900+0200] {logging_mixin.py:190} INFO - [2025-03-12T14:28:42.899+0200] {dag.py:4180} INFO - Setting next_dagrun for tutorial_objectstorage to None, run_after=None
[2025-03-12T14:28:42.922+0200] {processor.py:208} INFO - Processing /home/munyah/.local/lib/python3.10/site-packages/airflow/example_dags/tutorial_objectstorage.py took 0.081 seconds
[2025-03-12T14:29:40.035+0200] {processor.py:186} INFO - Started process (PID=138545) to work on /home/munyah/.local/lib/python3.10/site-packages/airflow/example_dags/tutorial_objectstorage.py
[2025-03-12T14:29:40.037+0200] {processor.py:914} INFO - Processing file /home/munyah/.local/lib/python3.10/site-packages/airflow/example_dags/tutorial_objectstorage.py for tasks to queue
[2025-03-12T14:29:40.040+0200] {logging_mixin.py:190} INFO - [2025-03-12T14:29:40.039+0200] {dagbag.py:588} INFO - Filling up the DagBag from /home/munyah/.local/lib/python3.10/site-packages/airflow/example_dags/tutorial_objectstorage.py
[2025-03-12T14:29:40.051+0200] {processor.py:925} INFO - DAG(s) 'tutorial_objectstorage' retrieved from /home/munyah/.local/lib/python3.10/site-packages/airflow/example_dags/tutorial_objectstorage.py
[2025-03-12T14:29:40.067+0200] {logging_mixin.py:190} INFO - [2025-03-12T14:29:40.067+0200] {dag.py:3239} INFO - Sync 1 DAGs
[2025-03-12T14:29:40.082+0200] {logging_mixin.py:190} INFO - [2025-03-12T14:29:40.082+0200] {dag.py:4180} INFO - Setting next_dagrun for tutorial_objectstorage to None, run_after=None
[2025-03-12T14:29:40.104+0200] {processor.py:208} INFO - Processing /home/munyah/.local/lib/python3.10/site-packages/airflow/example_dags/tutorial_objectstorage.py took 0.077 seconds
[2025-03-12T14:30:43.224+0200] {processor.py:186} INFO - Started process (PID=138796) to work on /home/munyah/.local/lib/python3.10/site-packages/airflow/example_dags/tutorial_objectstorage.py
[2025-03-12T14:30:43.225+0200] {processor.py:914} INFO - Processing file /home/munyah/.local/lib/python3.10/site-packages/airflow/example_dags/tutorial_objectstorage.py for tasks to queue
[2025-03-12T14:30:43.228+0200] {logging_mixin.py:190} INFO - [2025-03-12T14:30:43.227+0200] {dagbag.py:588} INFO - Filling up the DagBag from /home/munyah/.local/lib/python3.10/site-packages/airflow/example_dags/tutorial_objectstorage.py
[2025-03-12T14:30:43.240+0200] {processor.py:925} INFO - DAG(s) 'tutorial_objectstorage' retrieved from /home/munyah/.local/lib/python3.10/site-packages/airflow/example_dags/tutorial_objectstorage.py
[2025-03-12T14:30:43.259+0200] {logging_mixin.py:190} INFO - [2025-03-12T14:30:43.259+0200] {dag.py:3239} INFO - Sync 1 DAGs
[2025-03-12T14:30:43.276+0200] {logging_mixin.py:190} INFO - [2025-03-12T14:30:43.275+0200] {dag.py:4180} INFO - Setting next_dagrun for tutorial_objectstorage to None, run_after=None
[2025-03-12T14:30:43.303+0200] {processor.py:208} INFO - Processing /home/munyah/.local/lib/python3.10/site-packages/airflow/example_dags/tutorial_objectstorage.py took 0.087 seconds
[2025-03-12T14:31:47.925+0200] {processor.py:186} INFO - Started process (PID=139002) to work on /home/munyah/.local/lib/python3.10/site-packages/airflow/example_dags/tutorial_objectstorage.py
[2025-03-12T14:31:47.927+0200] {processor.py:914} INFO - Processing file /home/munyah/.local/lib/python3.10/site-packages/airflow/example_dags/tutorial_objectstorage.py for tasks to queue
[2025-03-12T14:31:47.931+0200] {logging_mixin.py:190} INFO - [2025-03-12T14:31:47.931+0200] {dagbag.py:588} INFO - Filling up the DagBag from /home/munyah/.local/lib/python3.10/site-packages/airflow/example_dags/tutorial_objectstorage.py
[2025-03-12T14:31:47.949+0200] {processor.py:925} INFO - DAG(s) 'tutorial_objectstorage' retrieved from /home/munyah/.local/lib/python3.10/site-packages/airflow/example_dags/tutorial_objectstorage.py
[2025-03-12T14:31:47.968+0200] {logging_mixin.py:190} INFO - [2025-03-12T14:31:47.968+0200] {dag.py:3239} INFO - Sync 1 DAGs
[2025-03-12T14:31:47.983+0200] {logging_mixin.py:190} INFO - [2025-03-12T14:31:47.983+0200] {dag.py:4180} INFO - Setting next_dagrun for tutorial_objectstorage to None, run_after=None
[2025-03-12T14:31:48.007+0200] {processor.py:208} INFO - Processing /home/munyah/.local/lib/python3.10/site-packages/airflow/example_dags/tutorial_objectstorage.py took 0.094 seconds
[2025-03-12T14:32:49.788+0200] {processor.py:186} INFO - Started process (PID=139708) to work on /home/munyah/.local/lib/python3.10/site-packages/airflow/example_dags/tutorial_objectstorage.py
[2025-03-12T14:32:49.789+0200] {processor.py:914} INFO - Processing file /home/munyah/.local/lib/python3.10/site-packages/airflow/example_dags/tutorial_objectstorage.py for tasks to queue
[2025-03-12T14:32:49.792+0200] {logging_mixin.py:190} INFO - [2025-03-12T14:32:49.791+0200] {dagbag.py:588} INFO - Filling up the DagBag from /home/munyah/.local/lib/python3.10/site-packages/airflow/example_dags/tutorial_objectstorage.py
[2025-03-12T14:32:49.803+0200] {processor.py:925} INFO - DAG(s) 'tutorial_objectstorage' retrieved from /home/munyah/.local/lib/python3.10/site-packages/airflow/example_dags/tutorial_objectstorage.py
[2025-03-12T14:32:49.821+0200] {logging_mixin.py:190} INFO - [2025-03-12T14:32:49.820+0200] {dag.py:3239} INFO - Sync 1 DAGs
[2025-03-12T14:32:49.836+0200] {logging_mixin.py:190} INFO - [2025-03-12T14:32:49.835+0200] {dag.py:4180} INFO - Setting next_dagrun for tutorial_objectstorage to None, run_after=None
[2025-03-12T14:32:49.859+0200] {processor.py:208} INFO - Processing /home/munyah/.local/lib/python3.10/site-packages/airflow/example_dags/tutorial_objectstorage.py took 0.078 seconds
[2025-03-12T14:33:53.980+0200] {processor.py:186} INFO - Started process (PID=139985) to work on /home/munyah/.local/lib/python3.10/site-packages/airflow/example_dags/tutorial_objectstorage.py
[2025-03-12T14:33:53.981+0200] {processor.py:914} INFO - Processing file /home/munyah/.local/lib/python3.10/site-packages/airflow/example_dags/tutorial_objectstorage.py for tasks to queue
[2025-03-12T14:33:53.984+0200] {logging_mixin.py:190} INFO - [2025-03-12T14:33:53.983+0200] {dagbag.py:588} INFO - Filling up the DagBag from /home/munyah/.local/lib/python3.10/site-packages/airflow/example_dags/tutorial_objectstorage.py
[2025-03-12T14:33:53.996+0200] {processor.py:925} INFO - DAG(s) 'tutorial_objectstorage' retrieved from /home/munyah/.local/lib/python3.10/site-packages/airflow/example_dags/tutorial_objectstorage.py
[2025-03-12T14:33:54.014+0200] {logging_mixin.py:190} INFO - [2025-03-12T14:33:54.014+0200] {dag.py:3239} INFO - Sync 1 DAGs
[2025-03-12T14:33:54.030+0200] {logging_mixin.py:190} INFO - [2025-03-12T14:33:54.030+0200] {dag.py:4180} INFO - Setting next_dagrun for tutorial_objectstorage to None, run_after=None
[2025-03-12T14:33:54.052+0200] {processor.py:208} INFO - Processing /home/munyah/.local/lib/python3.10/site-packages/airflow/example_dags/tutorial_objectstorage.py took 0.081 seconds
[2025-03-12T14:35:00.891+0200] {processor.py:186} INFO - Started process (PID=140168) to work on /home/munyah/.local/lib/python3.10/site-packages/airflow/example_dags/tutorial_objectstorage.py
[2025-03-12T14:35:00.893+0200] {processor.py:914} INFO - Processing file /home/munyah/.local/lib/python3.10/site-packages/airflow/example_dags/tutorial_objectstorage.py for tasks to queue
[2025-03-12T14:35:00.896+0200] {logging_mixin.py:190} INFO - [2025-03-12T14:35:00.895+0200] {dagbag.py:588} INFO - Filling up the DagBag from /home/munyah/.local/lib/python3.10/site-packages/airflow/example_dags/tutorial_objectstorage.py
[2025-03-12T14:35:00.909+0200] {processor.py:925} INFO - DAG(s) 'tutorial_objectstorage' retrieved from /home/munyah/.local/lib/python3.10/site-packages/airflow/example_dags/tutorial_objectstorage.py
[2025-03-12T14:35:00.927+0200] {logging_mixin.py:190} INFO - [2025-03-12T14:35:00.927+0200] {dag.py:3239} INFO - Sync 1 DAGs
[2025-03-12T14:35:00.943+0200] {logging_mixin.py:190} INFO - [2025-03-12T14:35:00.942+0200] {dag.py:4180} INFO - Setting next_dagrun for tutorial_objectstorage to None, run_after=None
[2025-03-12T14:35:00.968+0200] {processor.py:208} INFO - Processing /home/munyah/.local/lib/python3.10/site-packages/airflow/example_dags/tutorial_objectstorage.py took 0.089 seconds
[2025-03-12T14:36:03.635+0200] {processor.py:186} INFO - Started process (PID=140362) to work on /home/munyah/.local/lib/python3.10/site-packages/airflow/example_dags/tutorial_objectstorage.py
[2025-03-12T14:36:03.637+0200] {processor.py:914} INFO - Processing file /home/munyah/.local/lib/python3.10/site-packages/airflow/example_dags/tutorial_objectstorage.py for tasks to queue
[2025-03-12T14:36:03.641+0200] {logging_mixin.py:190} INFO - [2025-03-12T14:36:03.640+0200] {dagbag.py:588} INFO - Filling up the DagBag from /home/munyah/.local/lib/python3.10/site-packages/airflow/example_dags/tutorial_objectstorage.py
[2025-03-12T14:36:03.655+0200] {processor.py:925} INFO - DAG(s) 'tutorial_objectstorage' retrieved from /home/munyah/.local/lib/python3.10/site-packages/airflow/example_dags/tutorial_objectstorage.py
[2025-03-12T14:36:03.676+0200] {logging_mixin.py:190} INFO - [2025-03-12T14:36:03.675+0200] {dag.py:3239} INFO - Sync 1 DAGs
[2025-03-12T14:36:03.691+0200] {logging_mixin.py:190} INFO - [2025-03-12T14:36:03.691+0200] {dag.py:4180} INFO - Setting next_dagrun for tutorial_objectstorage to None, run_after=None
[2025-03-12T14:36:03.714+0200] {processor.py:208} INFO - Processing /home/munyah/.local/lib/python3.10/site-packages/airflow/example_dags/tutorial_objectstorage.py took 0.091 seconds
[2025-03-12T14:37:08.010+0200] {processor.py:186} INFO - Started process (PID=140554) to work on /home/munyah/.local/lib/python3.10/site-packages/airflow/example_dags/tutorial_objectstorage.py
[2025-03-12T14:37:08.011+0200] {processor.py:914} INFO - Processing file /home/munyah/.local/lib/python3.10/site-packages/airflow/example_dags/tutorial_objectstorage.py for tasks to queue
[2025-03-12T14:37:08.015+0200] {logging_mixin.py:190} INFO - [2025-03-12T14:37:08.015+0200] {dagbag.py:588} INFO - Filling up the DagBag from /home/munyah/.local/lib/python3.10/site-packages/airflow/example_dags/tutorial_objectstorage.py
[2025-03-12T14:37:08.035+0200] {processor.py:925} INFO - DAG(s) 'tutorial_objectstorage' retrieved from /home/munyah/.local/lib/python3.10/site-packages/airflow/example_dags/tutorial_objectstorage.py
[2025-03-12T14:37:08.056+0200] {logging_mixin.py:190} INFO - [2025-03-12T14:37:08.056+0200] {dag.py:3239} INFO - Sync 1 DAGs
[2025-03-12T14:37:08.069+0200] {logging_mixin.py:190} INFO - [2025-03-12T14:37:08.069+0200] {dag.py:4180} INFO - Setting next_dagrun for tutorial_objectstorage to None, run_after=None
[2025-03-12T14:37:08.093+0200] {processor.py:208} INFO - Processing /home/munyah/.local/lib/python3.10/site-packages/airflow/example_dags/tutorial_objectstorage.py took 0.095 seconds
[2025-03-12T14:38:10.331+0200] {processor.py:186} INFO - Started process (PID=140662) to work on /home/munyah/.local/lib/python3.10/site-packages/airflow/example_dags/tutorial_objectstorage.py
[2025-03-12T14:38:10.332+0200] {processor.py:914} INFO - Processing file /home/munyah/.local/lib/python3.10/site-packages/airflow/example_dags/tutorial_objectstorage.py for tasks to queue
[2025-03-12T14:38:10.335+0200] {logging_mixin.py:190} INFO - [2025-03-12T14:38:10.334+0200] {dagbag.py:588} INFO - Filling up the DagBag from /home/munyah/.local/lib/python3.10/site-packages/airflow/example_dags/tutorial_objectstorage.py
[2025-03-12T14:38:10.346+0200] {processor.py:925} INFO - DAG(s) 'tutorial_objectstorage' retrieved from /home/munyah/.local/lib/python3.10/site-packages/airflow/example_dags/tutorial_objectstorage.py
[2025-03-12T14:38:10.363+0200] {logging_mixin.py:190} INFO - [2025-03-12T14:38:10.362+0200] {dag.py:3239} INFO - Sync 1 DAGs
[2025-03-12T14:38:10.377+0200] {logging_mixin.py:190} INFO - [2025-03-12T14:38:10.376+0200] {dag.py:4180} INFO - Setting next_dagrun for tutorial_objectstorage to None, run_after=None
[2025-03-12T14:38:10.399+0200] {processor.py:208} INFO - Processing /home/munyah/.local/lib/python3.10/site-packages/airflow/example_dags/tutorial_objectstorage.py took 0.075 seconds
[2025-03-12T14:39:18.097+0200] {processor.py:186} INFO - Started process (PID=140745) to work on /home/munyah/.local/lib/python3.10/site-packages/airflow/example_dags/tutorial_objectstorage.py
[2025-03-12T14:39:18.099+0200] {processor.py:914} INFO - Processing file /home/munyah/.local/lib/python3.10/site-packages/airflow/example_dags/tutorial_objectstorage.py for tasks to queue
[2025-03-12T14:39:18.104+0200] {logging_mixin.py:190} INFO - [2025-03-12T14:39:18.103+0200] {dagbag.py:588} INFO - Filling up the DagBag from /home/munyah/.local/lib/python3.10/site-packages/airflow/example_dags/tutorial_objectstorage.py
[2025-03-12T14:39:18.123+0200] {processor.py:925} INFO - DAG(s) 'tutorial_objectstorage' retrieved from /home/munyah/.local/lib/python3.10/site-packages/airflow/example_dags/tutorial_objectstorage.py
[2025-03-12T14:39:18.141+0200] {logging_mixin.py:190} INFO - [2025-03-12T14:39:18.141+0200] {dag.py:3239} INFO - Sync 1 DAGs
[2025-03-12T14:39:18.156+0200] {logging_mixin.py:190} INFO - [2025-03-12T14:39:18.155+0200] {dag.py:4180} INFO - Setting next_dagrun for tutorial_objectstorage to None, run_after=None
[2025-03-12T14:39:18.177+0200] {processor.py:208} INFO - Processing /home/munyah/.local/lib/python3.10/site-packages/airflow/example_dags/tutorial_objectstorage.py took 0.094 seconds
[2025-03-12T14:40:24.234+0200] {processor.py:186} INFO - Started process (PID=140882) to work on /home/munyah/.local/lib/python3.10/site-packages/airflow/example_dags/tutorial_objectstorage.py
[2025-03-12T14:40:24.236+0200] {processor.py:914} INFO - Processing file /home/munyah/.local/lib/python3.10/site-packages/airflow/example_dags/tutorial_objectstorage.py for tasks to queue
[2025-03-12T14:40:24.241+0200] {logging_mixin.py:190} INFO - [2025-03-12T14:40:24.240+0200] {dagbag.py:588} INFO - Filling up the DagBag from /home/munyah/.local/lib/python3.10/site-packages/airflow/example_dags/tutorial_objectstorage.py
[2025-03-12T14:40:24.261+0200] {processor.py:925} INFO - DAG(s) 'tutorial_objectstorage' retrieved from /home/munyah/.local/lib/python3.10/site-packages/airflow/example_dags/tutorial_objectstorage.py
[2025-03-12T14:40:24.279+0200] {logging_mixin.py:190} INFO - [2025-03-12T14:40:24.279+0200] {dag.py:3239} INFO - Sync 1 DAGs
[2025-03-12T14:40:24.295+0200] {logging_mixin.py:190} INFO - [2025-03-12T14:40:24.294+0200] {dag.py:4180} INFO - Setting next_dagrun for tutorial_objectstorage to None, run_after=None
[2025-03-12T14:40:24.317+0200] {processor.py:208} INFO - Processing /home/munyah/.local/lib/python3.10/site-packages/airflow/example_dags/tutorial_objectstorage.py took 0.099 seconds
[2025-03-12T14:41:27.343+0200] {processor.py:186} INFO - Started process (PID=141178) to work on /home/munyah/.local/lib/python3.10/site-packages/airflow/example_dags/tutorial_objectstorage.py
[2025-03-12T14:41:27.344+0200] {processor.py:914} INFO - Processing file /home/munyah/.local/lib/python3.10/site-packages/airflow/example_dags/tutorial_objectstorage.py for tasks to queue
[2025-03-12T14:41:27.347+0200] {logging_mixin.py:190} INFO - [2025-03-12T14:41:27.346+0200] {dagbag.py:588} INFO - Filling up the DagBag from /home/munyah/.local/lib/python3.10/site-packages/airflow/example_dags/tutorial_objectstorage.py
[2025-03-12T14:41:27.358+0200] {processor.py:925} INFO - DAG(s) 'tutorial_objectstorage' retrieved from /home/munyah/.local/lib/python3.10/site-packages/airflow/example_dags/tutorial_objectstorage.py
[2025-03-12T14:41:27.375+0200] {logging_mixin.py:190} INFO - [2025-03-12T14:41:27.375+0200] {dag.py:3239} INFO - Sync 1 DAGs
[2025-03-12T14:41:27.391+0200] {logging_mixin.py:190} INFO - [2025-03-12T14:41:27.391+0200] {dag.py:4180} INFO - Setting next_dagrun for tutorial_objectstorage to None, run_after=None
[2025-03-12T14:41:27.413+0200] {processor.py:208} INFO - Processing /home/munyah/.local/lib/python3.10/site-packages/airflow/example_dags/tutorial_objectstorage.py took 0.077 seconds
[2025-03-12T14:42:28.582+0200] {processor.py:186} INFO - Started process (PID=141354) to work on /home/munyah/.local/lib/python3.10/site-packages/airflow/example_dags/tutorial_objectstorage.py
[2025-03-12T14:42:28.584+0200] {processor.py:914} INFO - Processing file /home/munyah/.local/lib/python3.10/site-packages/airflow/example_dags/tutorial_objectstorage.py for tasks to queue
[2025-03-12T14:42:28.586+0200] {logging_mixin.py:190} INFO - [2025-03-12T14:42:28.586+0200] {dagbag.py:588} INFO - Filling up the DagBag from /home/munyah/.local/lib/python3.10/site-packages/airflow/example_dags/tutorial_objectstorage.py
[2025-03-12T14:42:28.598+0200] {processor.py:925} INFO - DAG(s) 'tutorial_objectstorage' retrieved from /home/munyah/.local/lib/python3.10/site-packages/airflow/example_dags/tutorial_objectstorage.py
[2025-03-12T14:42:28.615+0200] {logging_mixin.py:190} INFO - [2025-03-12T14:42:28.615+0200] {dag.py:3239} INFO - Sync 1 DAGs
[2025-03-12T14:42:28.631+0200] {logging_mixin.py:190} INFO - [2025-03-12T14:42:28.631+0200] {dag.py:4180} INFO - Setting next_dagrun for tutorial_objectstorage to None, run_after=None
[2025-03-12T14:42:28.654+0200] {processor.py:208} INFO - Processing /home/munyah/.local/lib/python3.10/site-packages/airflow/example_dags/tutorial_objectstorage.py took 0.080 seconds
[2025-03-12T14:43:26.928+0200] {processor.py:186} INFO - Started process (PID=141537) to work on /home/munyah/.local/lib/python3.10/site-packages/airflow/example_dags/tutorial_objectstorage.py
[2025-03-12T14:43:26.930+0200] {processor.py:914} INFO - Processing file /home/munyah/.local/lib/python3.10/site-packages/airflow/example_dags/tutorial_objectstorage.py for tasks to queue
[2025-03-12T14:43:26.932+0200] {logging_mixin.py:190} INFO - [2025-03-12T14:43:26.932+0200] {dagbag.py:588} INFO - Filling up the DagBag from /home/munyah/.local/lib/python3.10/site-packages/airflow/example_dags/tutorial_objectstorage.py
[2025-03-12T14:43:26.944+0200] {processor.py:925} INFO - DAG(s) 'tutorial_objectstorage' retrieved from /home/munyah/.local/lib/python3.10/site-packages/airflow/example_dags/tutorial_objectstorage.py
[2025-03-12T14:43:26.960+0200] {logging_mixin.py:190} INFO - [2025-03-12T14:43:26.960+0200] {dag.py:3239} INFO - Sync 1 DAGs
[2025-03-12T14:43:26.975+0200] {logging_mixin.py:190} INFO - [2025-03-12T14:43:26.975+0200] {dag.py:4180} INFO - Setting next_dagrun for tutorial_objectstorage to None, run_after=None
[2025-03-12T14:43:26.997+0200] {processor.py:208} INFO - Processing /home/munyah/.local/lib/python3.10/site-packages/airflow/example_dags/tutorial_objectstorage.py took 0.078 seconds
[2025-03-12T14:44:27.083+0200] {processor.py:186} INFO - Started process (PID=141730) to work on /home/munyah/.local/lib/python3.10/site-packages/airflow/example_dags/tutorial_objectstorage.py
[2025-03-12T14:44:27.085+0200] {processor.py:914} INFO - Processing file /home/munyah/.local/lib/python3.10/site-packages/airflow/example_dags/tutorial_objectstorage.py for tasks to queue
[2025-03-12T14:44:27.089+0200] {logging_mixin.py:190} INFO - [2025-03-12T14:44:27.089+0200] {dagbag.py:588} INFO - Filling up the DagBag from /home/munyah/.local/lib/python3.10/site-packages/airflow/example_dags/tutorial_objectstorage.py
[2025-03-12T14:44:27.104+0200] {processor.py:925} INFO - DAG(s) 'tutorial_objectstorage' retrieved from /home/munyah/.local/lib/python3.10/site-packages/airflow/example_dags/tutorial_objectstorage.py
[2025-03-12T14:44:27.122+0200] {logging_mixin.py:190} INFO - [2025-03-12T14:44:27.122+0200] {dag.py:3239} INFO - Sync 1 DAGs
[2025-03-12T14:44:27.138+0200] {logging_mixin.py:190} INFO - [2025-03-12T14:44:27.138+0200] {dag.py:4180} INFO - Setting next_dagrun for tutorial_objectstorage to None, run_after=None
[2025-03-12T14:44:27.162+0200] {processor.py:208} INFO - Processing /home/munyah/.local/lib/python3.10/site-packages/airflow/example_dags/tutorial_objectstorage.py took 0.086 seconds
[2025-03-12T14:45:26.508+0200] {processor.py:186} INFO - Started process (PID=141894) to work on /home/munyah/.local/lib/python3.10/site-packages/airflow/example_dags/tutorial_objectstorage.py
[2025-03-12T14:45:26.509+0200] {processor.py:914} INFO - Processing file /home/munyah/.local/lib/python3.10/site-packages/airflow/example_dags/tutorial_objectstorage.py for tasks to queue
[2025-03-12T14:45:26.512+0200] {logging_mixin.py:190} INFO - [2025-03-12T14:45:26.512+0200] {dagbag.py:588} INFO - Filling up the DagBag from /home/munyah/.local/lib/python3.10/site-packages/airflow/example_dags/tutorial_objectstorage.py
[2025-03-12T14:45:26.525+0200] {processor.py:925} INFO - DAG(s) 'tutorial_objectstorage' retrieved from /home/munyah/.local/lib/python3.10/site-packages/airflow/example_dags/tutorial_objectstorage.py
[2025-03-12T14:45:26.543+0200] {logging_mixin.py:190} INFO - [2025-03-12T14:45:26.543+0200] {dag.py:3239} INFO - Sync 1 DAGs
[2025-03-12T14:45:26.559+0200] {logging_mixin.py:190} INFO - [2025-03-12T14:45:26.559+0200] {dag.py:4180} INFO - Setting next_dagrun for tutorial_objectstorage to None, run_after=None
[2025-03-12T14:45:26.583+0200] {processor.py:208} INFO - Processing /home/munyah/.local/lib/python3.10/site-packages/airflow/example_dags/tutorial_objectstorage.py took 0.082 seconds
[2025-03-12T14:46:23.893+0200] {processor.py:186} INFO - Started process (PID=142110) to work on /home/munyah/.local/lib/python3.10/site-packages/airflow/example_dags/tutorial_objectstorage.py
[2025-03-12T14:46:23.895+0200] {processor.py:914} INFO - Processing file /home/munyah/.local/lib/python3.10/site-packages/airflow/example_dags/tutorial_objectstorage.py for tasks to queue
[2025-03-12T14:46:23.897+0200] {logging_mixin.py:190} INFO - [2025-03-12T14:46:23.897+0200] {dagbag.py:588} INFO - Filling up the DagBag from /home/munyah/.local/lib/python3.10/site-packages/airflow/example_dags/tutorial_objectstorage.py
[2025-03-12T14:46:23.909+0200] {processor.py:925} INFO - DAG(s) 'tutorial_objectstorage' retrieved from /home/munyah/.local/lib/python3.10/site-packages/airflow/example_dags/tutorial_objectstorage.py
[2025-03-12T14:46:23.927+0200] {logging_mixin.py:190} INFO - [2025-03-12T14:46:23.927+0200] {dag.py:3239} INFO - Sync 1 DAGs
[2025-03-12T14:46:23.941+0200] {logging_mixin.py:190} INFO - [2025-03-12T14:46:23.941+0200] {dag.py:4180} INFO - Setting next_dagrun for tutorial_objectstorage to None, run_after=None
[2025-03-12T14:46:23.964+0200] {processor.py:208} INFO - Processing /home/munyah/.local/lib/python3.10/site-packages/airflow/example_dags/tutorial_objectstorage.py took 0.078 seconds
[2025-03-12T14:49:17.822+0200] {processor.py:186} INFO - Started process (PID=142728) to work on /home/munyah/.local/lib/python3.10/site-packages/airflow/example_dags/tutorial_objectstorage.py
[2025-03-12T14:49:17.824+0200] {processor.py:914} INFO - Processing file /home/munyah/.local/lib/python3.10/site-packages/airflow/example_dags/tutorial_objectstorage.py for tasks to queue
[2025-03-12T14:49:17.828+0200] {logging_mixin.py:190} INFO - [2025-03-12T14:49:17.827+0200] {dagbag.py:588} INFO - Filling up the DagBag from /home/munyah/.local/lib/python3.10/site-packages/airflow/example_dags/tutorial_objectstorage.py
[2025-03-12T14:49:17.845+0200] {processor.py:925} INFO - DAG(s) 'tutorial_objectstorage' retrieved from /home/munyah/.local/lib/python3.10/site-packages/airflow/example_dags/tutorial_objectstorage.py
[2025-03-12T14:49:17.869+0200] {logging_mixin.py:190} INFO - [2025-03-12T14:49:17.869+0200] {dag.py:3239} INFO - Sync 1 DAGs
[2025-03-12T14:49:17.892+0200] {logging_mixin.py:190} INFO - [2025-03-12T14:49:17.891+0200] {dag.py:4180} INFO - Setting next_dagrun for tutorial_objectstorage to None, run_after=None
[2025-03-12T14:49:17.917+0200] {processor.py:208} INFO - Processing /home/munyah/.local/lib/python3.10/site-packages/airflow/example_dags/tutorial_objectstorage.py took 0.108 seconds
[2025-03-12T14:50:06.110+0200] {processor.py:186} INFO - Started process (PID=142857) to work on /home/munyah/.local/lib/python3.10/site-packages/airflow/example_dags/tutorial_objectstorage.py
[2025-03-12T14:50:06.112+0200] {processor.py:914} INFO - Processing file /home/munyah/.local/lib/python3.10/site-packages/airflow/example_dags/tutorial_objectstorage.py for tasks to queue
[2025-03-12T14:50:06.115+0200] {logging_mixin.py:190} INFO - [2025-03-12T14:50:06.114+0200] {dagbag.py:588} INFO - Filling up the DagBag from /home/munyah/.local/lib/python3.10/site-packages/airflow/example_dags/tutorial_objectstorage.py
[2025-03-12T14:50:06.132+0200] {processor.py:925} INFO - DAG(s) 'tutorial_objectstorage' retrieved from /home/munyah/.local/lib/python3.10/site-packages/airflow/example_dags/tutorial_objectstorage.py
[2025-03-12T14:50:06.149+0200] {logging_mixin.py:190} INFO - [2025-03-12T14:50:06.148+0200] {dag.py:3239} INFO - Sync 1 DAGs
[2025-03-12T14:50:06.170+0200] {logging_mixin.py:190} INFO - [2025-03-12T14:50:06.170+0200] {dag.py:4180} INFO - Setting next_dagrun for tutorial_objectstorage to None, run_after=None
[2025-03-12T14:50:06.192+0200] {processor.py:208} INFO - Processing /home/munyah/.local/lib/python3.10/site-packages/airflow/example_dags/tutorial_objectstorage.py took 0.090 seconds
[2025-03-12T14:50:47.343+0200] {processor.py:186} INFO - Started process (PID=142972) to work on /home/munyah/.local/lib/python3.10/site-packages/airflow/example_dags/tutorial_objectstorage.py
[2025-03-12T14:50:47.345+0200] {processor.py:914} INFO - Processing file /home/munyah/.local/lib/python3.10/site-packages/airflow/example_dags/tutorial_objectstorage.py for tasks to queue
[2025-03-12T14:50:47.348+0200] {logging_mixin.py:190} INFO - [2025-03-12T14:50:47.347+0200] {dagbag.py:588} INFO - Filling up the DagBag from /home/munyah/.local/lib/python3.10/site-packages/airflow/example_dags/tutorial_objectstorage.py
[2025-03-12T14:50:47.361+0200] {processor.py:925} INFO - DAG(s) 'tutorial_objectstorage' retrieved from /home/munyah/.local/lib/python3.10/site-packages/airflow/example_dags/tutorial_objectstorage.py
[2025-03-12T14:50:47.379+0200] {logging_mixin.py:190} INFO - [2025-03-12T14:50:47.379+0200] {dag.py:3239} INFO - Sync 1 DAGs
[2025-03-12T14:50:47.395+0200] {logging_mixin.py:190} INFO - [2025-03-12T14:50:47.395+0200] {dag.py:4180} INFO - Setting next_dagrun for tutorial_objectstorage to None, run_after=None
[2025-03-12T14:50:47.422+0200] {processor.py:208} INFO - Processing /home/munyah/.local/lib/python3.10/site-packages/airflow/example_dags/tutorial_objectstorage.py took 0.089 seconds
[2025-03-12T14:51:52.345+0200] {processor.py:186} INFO - Started process (PID=143204) to work on /home/munyah/.local/lib/python3.10/site-packages/airflow/example_dags/tutorial_objectstorage.py
[2025-03-12T14:51:52.346+0200] {processor.py:914} INFO - Processing file /home/munyah/.local/lib/python3.10/site-packages/airflow/example_dags/tutorial_objectstorage.py for tasks to queue
[2025-03-12T14:51:52.349+0200] {logging_mixin.py:190} INFO - [2025-03-12T14:51:52.348+0200] {dagbag.py:588} INFO - Filling up the DagBag from /home/munyah/.local/lib/python3.10/site-packages/airflow/example_dags/tutorial_objectstorage.py
[2025-03-12T14:51:52.363+0200] {processor.py:925} INFO - DAG(s) 'tutorial_objectstorage' retrieved from /home/munyah/.local/lib/python3.10/site-packages/airflow/example_dags/tutorial_objectstorage.py
[2025-03-12T14:51:52.395+0200] {logging_mixin.py:190} INFO - [2025-03-12T14:51:52.395+0200] {dag.py:3239} INFO - Sync 1 DAGs
[2025-03-12T14:51:52.419+0200] {logging_mixin.py:190} INFO - [2025-03-12T14:51:52.419+0200] {dag.py:4180} INFO - Setting next_dagrun for tutorial_objectstorage to None, run_after=None
[2025-03-12T14:51:52.455+0200] {processor.py:208} INFO - Processing /home/munyah/.local/lib/python3.10/site-packages/airflow/example_dags/tutorial_objectstorage.py took 0.123 seconds
[2025-03-12T14:53:03.635+0200] {processor.py:186} INFO - Started process (PID=143426) to work on /home/munyah/.local/lib/python3.10/site-packages/airflow/example_dags/tutorial_objectstorage.py
[2025-03-12T14:53:03.636+0200] {processor.py:914} INFO - Processing file /home/munyah/.local/lib/python3.10/site-packages/airflow/example_dags/tutorial_objectstorage.py for tasks to queue
[2025-03-12T14:53:03.640+0200] {logging_mixin.py:190} INFO - [2025-03-12T14:53:03.640+0200] {dagbag.py:588} INFO - Filling up the DagBag from /home/munyah/.local/lib/python3.10/site-packages/airflow/example_dags/tutorial_objectstorage.py
[2025-03-12T14:53:03.659+0200] {processor.py:925} INFO - DAG(s) 'tutorial_objectstorage' retrieved from /home/munyah/.local/lib/python3.10/site-packages/airflow/example_dags/tutorial_objectstorage.py
[2025-03-12T14:53:03.683+0200] {logging_mixin.py:190} INFO - [2025-03-12T14:53:03.683+0200] {dag.py:3239} INFO - Sync 1 DAGs
[2025-03-12T14:53:03.704+0200] {logging_mixin.py:190} INFO - [2025-03-12T14:53:03.703+0200] {dag.py:4180} INFO - Setting next_dagrun for tutorial_objectstorage to None, run_after=None
[2025-03-12T14:53:03.734+0200] {processor.py:208} INFO - Processing /home/munyah/.local/lib/python3.10/site-packages/airflow/example_dags/tutorial_objectstorage.py took 0.110 seconds
