[2025-03-12T08:21:00.853+0200] {processor.py:186} INFO - Started process (PID=133757) to work on /home/munyah/.local/lib/python3.10/site-packages/airflow/example_dags/tutorial_taskflow_api.py
[2025-03-12T08:21:00.854+0200] {processor.py:914} INFO - Processing file /home/munyah/.local/lib/python3.10/site-packages/airflow/example_dags/tutorial_taskflow_api.py for tasks to queue
[2025-03-12T08:21:00.856+0200] {logging_mixin.py:190} INFO - [2025-03-12T08:21:00.856+0200] {dagbag.py:588} INFO - Filling up the DagBag from /home/munyah/.local/lib/python3.10/site-packages/airflow/example_dags/tutorial_taskflow_api.py
[2025-03-12T08:21:00.868+0200] {processor.py:925} INFO - DAG(s) 'tutorial_taskflow_api' retrieved from /home/munyah/.local/lib/python3.10/site-packages/airflow/example_dags/tutorial_taskflow_api.py
[2025-03-12T08:21:00.886+0200] {logging_mixin.py:190} INFO - [2025-03-12T08:21:00.886+0200] {dag.py:3239} INFO - Sync 1 DAGs
[2025-03-12T08:21:00.909+0200] {logging_mixin.py:190} INFO - [2025-03-12T08:21:00.908+0200] {dag.py:4180} INFO - Setting next_dagrun for tutorial_taskflow_api to None, run_after=None
[2025-03-12T08:21:00.948+0200] {processor.py:208} INFO - Processing /home/munyah/.local/lib/python3.10/site-packages/airflow/example_dags/tutorial_taskflow_api.py took 0.104 seconds
[2025-03-12T14:17:38.300+0200] {processor.py:186} INFO - Started process (PID=134547) to work on /home/munyah/.local/lib/python3.10/site-packages/airflow/example_dags/tutorial_taskflow_api.py
[2025-03-12T14:17:38.302+0200] {processor.py:914} INFO - Processing file /home/munyah/.local/lib/python3.10/site-packages/airflow/example_dags/tutorial_taskflow_api.py for tasks to queue
[2025-03-12T14:17:38.304+0200] {logging_mixin.py:190} INFO - [2025-03-12T14:17:38.303+0200] {dagbag.py:588} INFO - Filling up the DagBag from /home/munyah/.local/lib/python3.10/site-packages/airflow/example_dags/tutorial_taskflow_api.py
[2025-03-12T14:17:38.315+0200] {processor.py:925} INFO - DAG(s) 'tutorial_taskflow_api' retrieved from /home/munyah/.local/lib/python3.10/site-packages/airflow/example_dags/tutorial_taskflow_api.py
[2025-03-12T14:17:38.334+0200] {logging_mixin.py:190} INFO - [2025-03-12T14:17:38.334+0200] {dag.py:3239} INFO - Sync 1 DAGs
[2025-03-12T14:17:38.351+0200] {logging_mixin.py:190} INFO - [2025-03-12T14:17:38.350+0200] {dag.py:4180} INFO - Setting next_dagrun for tutorial_taskflow_api to None, run_after=None
[2025-03-12T14:17:38.373+0200] {processor.py:208} INFO - Processing /home/munyah/.local/lib/python3.10/site-packages/airflow/example_dags/tutorial_taskflow_api.py took 0.081 seconds
[2025-03-12T14:18:37.951+0200] {processor.py:186} INFO - Started process (PID=134796) to work on /home/munyah/.local/lib/python3.10/site-packages/airflow/example_dags/tutorial_taskflow_api.py
[2025-03-12T14:18:37.952+0200] {processor.py:914} INFO - Processing file /home/munyah/.local/lib/python3.10/site-packages/airflow/example_dags/tutorial_taskflow_api.py for tasks to queue
[2025-03-12T14:18:37.956+0200] {logging_mixin.py:190} INFO - [2025-03-12T14:18:37.955+0200] {dagbag.py:588} INFO - Filling up the DagBag from /home/munyah/.local/lib/python3.10/site-packages/airflow/example_dags/tutorial_taskflow_api.py
[2025-03-12T14:18:37.967+0200] {processor.py:925} INFO - DAG(s) 'tutorial_taskflow_api' retrieved from /home/munyah/.local/lib/python3.10/site-packages/airflow/example_dags/tutorial_taskflow_api.py
[2025-03-12T14:18:37.987+0200] {logging_mixin.py:190} INFO - [2025-03-12T14:18:37.987+0200] {dag.py:3239} INFO - Sync 1 DAGs
[2025-03-12T14:18:38.006+0200] {logging_mixin.py:190} INFO - [2025-03-12T14:18:38.006+0200] {dag.py:4180} INFO - Setting next_dagrun for tutorial_taskflow_api to None, run_after=None
[2025-03-12T14:18:38.035+0200] {processor.py:208} INFO - Processing /home/munyah/.local/lib/python3.10/site-packages/airflow/example_dags/tutorial_taskflow_api.py took 0.097 seconds
[2025-03-12T14:19:35.911+0200] {processor.py:186} INFO - Started process (PID=134979) to work on /home/munyah/.local/lib/python3.10/site-packages/airflow/example_dags/tutorial_taskflow_api.py
[2025-03-12T14:19:35.912+0200] {processor.py:914} INFO - Processing file /home/munyah/.local/lib/python3.10/site-packages/airflow/example_dags/tutorial_taskflow_api.py for tasks to queue
[2025-03-12T14:19:35.915+0200] {logging_mixin.py:190} INFO - [2025-03-12T14:19:35.914+0200] {dagbag.py:588} INFO - Filling up the DagBag from /home/munyah/.local/lib/python3.10/site-packages/airflow/example_dags/tutorial_taskflow_api.py
[2025-03-12T14:19:35.925+0200] {processor.py:925} INFO - DAG(s) 'tutorial_taskflow_api' retrieved from /home/munyah/.local/lib/python3.10/site-packages/airflow/example_dags/tutorial_taskflow_api.py
[2025-03-12T14:19:35.943+0200] {logging_mixin.py:190} INFO - [2025-03-12T14:19:35.943+0200] {dag.py:3239} INFO - Sync 1 DAGs
[2025-03-12T14:19:35.960+0200] {logging_mixin.py:190} INFO - [2025-03-12T14:19:35.960+0200] {dag.py:4180} INFO - Setting next_dagrun for tutorial_taskflow_api to None, run_after=None
[2025-03-12T14:19:35.984+0200] {processor.py:208} INFO - Processing /home/munyah/.local/lib/python3.10/site-packages/airflow/example_dags/tutorial_taskflow_api.py took 0.080 seconds
[2025-03-12T14:20:31.299+0200] {processor.py:186} INFO - Started process (PID=135135) to work on /home/munyah/.local/lib/python3.10/site-packages/airflow/example_dags/tutorial_taskflow_api.py
[2025-03-12T14:20:31.301+0200] {processor.py:914} INFO - Processing file /home/munyah/.local/lib/python3.10/site-packages/airflow/example_dags/tutorial_taskflow_api.py for tasks to queue
[2025-03-12T14:20:31.303+0200] {logging_mixin.py:190} INFO - [2025-03-12T14:20:31.303+0200] {dagbag.py:588} INFO - Filling up the DagBag from /home/munyah/.local/lib/python3.10/site-packages/airflow/example_dags/tutorial_taskflow_api.py
[2025-03-12T14:20:31.313+0200] {processor.py:925} INFO - DAG(s) 'tutorial_taskflow_api' retrieved from /home/munyah/.local/lib/python3.10/site-packages/airflow/example_dags/tutorial_taskflow_api.py
[2025-03-12T14:20:31.330+0200] {logging_mixin.py:190} INFO - [2025-03-12T14:20:31.330+0200] {dag.py:3239} INFO - Sync 1 DAGs
[2025-03-12T14:20:31.346+0200] {logging_mixin.py:190} INFO - [2025-03-12T14:20:31.346+0200] {dag.py:4180} INFO - Setting next_dagrun for tutorial_taskflow_api to None, run_after=None
[2025-03-12T14:20:31.367+0200] {processor.py:208} INFO - Processing /home/munyah/.local/lib/python3.10/site-packages/airflow/example_dags/tutorial_taskflow_api.py took 0.075 seconds
[2025-03-12T14:21:28.205+0200] {processor.py:186} INFO - Started process (PID=135328) to work on /home/munyah/.local/lib/python3.10/site-packages/airflow/example_dags/tutorial_taskflow_api.py
[2025-03-12T14:21:28.207+0200] {processor.py:914} INFO - Processing file /home/munyah/.local/lib/python3.10/site-packages/airflow/example_dags/tutorial_taskflow_api.py for tasks to queue
[2025-03-12T14:21:28.210+0200] {logging_mixin.py:190} INFO - [2025-03-12T14:21:28.209+0200] {dagbag.py:588} INFO - Filling up the DagBag from /home/munyah/.local/lib/python3.10/site-packages/airflow/example_dags/tutorial_taskflow_api.py
[2025-03-12T14:21:28.220+0200] {processor.py:925} INFO - DAG(s) 'tutorial_taskflow_api' retrieved from /home/munyah/.local/lib/python3.10/site-packages/airflow/example_dags/tutorial_taskflow_api.py
[2025-03-12T14:21:28.237+0200] {logging_mixin.py:190} INFO - [2025-03-12T14:21:28.236+0200] {dag.py:3239} INFO - Sync 1 DAGs
[2025-03-12T14:21:28.251+0200] {logging_mixin.py:190} INFO - [2025-03-12T14:21:28.250+0200] {dag.py:4180} INFO - Setting next_dagrun for tutorial_taskflow_api to None, run_after=None
[2025-03-12T14:21:28.273+0200] {processor.py:208} INFO - Processing /home/munyah/.local/lib/python3.10/site-packages/airflow/example_dags/tutorial_taskflow_api.py took 0.075 seconds
[2025-03-12T14:22:24.780+0200] {processor.py:186} INFO - Started process (PID=135637) to work on /home/munyah/.local/lib/python3.10/site-packages/airflow/example_dags/tutorial_taskflow_api.py
[2025-03-12T14:22:24.781+0200] {processor.py:914} INFO - Processing file /home/munyah/.local/lib/python3.10/site-packages/airflow/example_dags/tutorial_taskflow_api.py for tasks to queue
[2025-03-12T14:22:24.784+0200] {logging_mixin.py:190} INFO - [2025-03-12T14:22:24.783+0200] {dagbag.py:588} INFO - Filling up the DagBag from /home/munyah/.local/lib/python3.10/site-packages/airflow/example_dags/tutorial_taskflow_api.py
[2025-03-12T14:22:24.797+0200] {processor.py:925} INFO - DAG(s) 'tutorial_taskflow_api' retrieved from /home/munyah/.local/lib/python3.10/site-packages/airflow/example_dags/tutorial_taskflow_api.py
[2025-03-12T14:22:24.816+0200] {logging_mixin.py:190} INFO - [2025-03-12T14:22:24.816+0200] {dag.py:3239} INFO - Sync 1 DAGs
[2025-03-12T14:22:24.833+0200] {logging_mixin.py:190} INFO - [2025-03-12T14:22:24.833+0200] {dag.py:4180} INFO - Setting next_dagrun for tutorial_taskflow_api to None, run_after=None
[2025-03-12T14:22:24.861+0200] {processor.py:208} INFO - Processing /home/munyah/.local/lib/python3.10/site-packages/airflow/example_dags/tutorial_taskflow_api.py took 0.090 seconds
[2025-03-12T14:23:37.818+0200] {processor.py:186} INFO - Started process (PID=136507) to work on /home/munyah/.local/lib/python3.10/site-packages/airflow/example_dags/tutorial_taskflow_api.py
[2025-03-12T14:23:37.820+0200] {processor.py:914} INFO - Processing file /home/munyah/.local/lib/python3.10/site-packages/airflow/example_dags/tutorial_taskflow_api.py for tasks to queue
[2025-03-12T14:23:37.823+0200] {logging_mixin.py:190} INFO - [2025-03-12T14:23:37.822+0200] {dagbag.py:588} INFO - Filling up the DagBag from /home/munyah/.local/lib/python3.10/site-packages/airflow/example_dags/tutorial_taskflow_api.py
[2025-03-12T14:23:37.836+0200] {processor.py:925} INFO - DAG(s) 'tutorial_taskflow_api' retrieved from /home/munyah/.local/lib/python3.10/site-packages/airflow/example_dags/tutorial_taskflow_api.py
[2025-03-12T14:23:37.855+0200] {logging_mixin.py:190} INFO - [2025-03-12T14:23:37.855+0200] {dag.py:3239} INFO - Sync 1 DAGs
[2025-03-12T14:23:37.869+0200] {logging_mixin.py:190} INFO - [2025-03-12T14:23:37.869+0200] {dag.py:4180} INFO - Setting next_dagrun for tutorial_taskflow_api to None, run_after=None
[2025-03-12T14:23:37.891+0200] {processor.py:208} INFO - Processing /home/munyah/.local/lib/python3.10/site-packages/airflow/example_dags/tutorial_taskflow_api.py took 0.085 seconds
[2025-03-12T14:24:39.413+0200] {processor.py:186} INFO - Started process (PID=136758) to work on /home/munyah/.local/lib/python3.10/site-packages/airflow/example_dags/tutorial_taskflow_api.py
[2025-03-12T14:24:39.417+0200] {processor.py:914} INFO - Processing file /home/munyah/.local/lib/python3.10/site-packages/airflow/example_dags/tutorial_taskflow_api.py for tasks to queue
[2025-03-12T14:24:39.427+0200] {logging_mixin.py:190} INFO - [2025-03-12T14:24:39.426+0200] {dagbag.py:588} INFO - Filling up the DagBag from /home/munyah/.local/lib/python3.10/site-packages/airflow/example_dags/tutorial_taskflow_api.py
[2025-03-12T14:24:39.447+0200] {processor.py:925} INFO - DAG(s) 'tutorial_taskflow_api' retrieved from /home/munyah/.local/lib/python3.10/site-packages/airflow/example_dags/tutorial_taskflow_api.py
[2025-03-12T14:24:39.468+0200] {logging_mixin.py:190} INFO - [2025-03-12T14:24:39.467+0200] {dag.py:3239} INFO - Sync 1 DAGs
[2025-03-12T14:24:39.482+0200] {logging_mixin.py:190} INFO - [2025-03-12T14:24:39.482+0200] {dag.py:4180} INFO - Setting next_dagrun for tutorial_taskflow_api to None, run_after=None
[2025-03-12T14:24:39.508+0200] {processor.py:208} INFO - Processing /home/munyah/.local/lib/python3.10/site-packages/airflow/example_dags/tutorial_taskflow_api.py took 0.123 seconds
[2025-03-12T14:25:35.529+0200] {processor.py:186} INFO - Started process (PID=136935) to work on /home/munyah/.local/lib/python3.10/site-packages/airflow/example_dags/tutorial_taskflow_api.py
[2025-03-12T14:25:35.531+0200] {processor.py:914} INFO - Processing file /home/munyah/.local/lib/python3.10/site-packages/airflow/example_dags/tutorial_taskflow_api.py for tasks to queue
[2025-03-12T14:25:35.533+0200] {logging_mixin.py:190} INFO - [2025-03-12T14:25:35.533+0200] {dagbag.py:588} INFO - Filling up the DagBag from /home/munyah/.local/lib/python3.10/site-packages/airflow/example_dags/tutorial_taskflow_api.py
[2025-03-12T14:25:35.544+0200] {processor.py:925} INFO - DAG(s) 'tutorial_taskflow_api' retrieved from /home/munyah/.local/lib/python3.10/site-packages/airflow/example_dags/tutorial_taskflow_api.py
[2025-03-12T14:25:35.562+0200] {logging_mixin.py:190} INFO - [2025-03-12T14:25:35.561+0200] {dag.py:3239} INFO - Sync 1 DAGs
[2025-03-12T14:25:35.581+0200] {logging_mixin.py:190} INFO - [2025-03-12T14:25:35.581+0200] {dag.py:4180} INFO - Setting next_dagrun for tutorial_taskflow_api to None, run_after=None
[2025-03-12T14:25:35.604+0200] {processor.py:208} INFO - Processing /home/munyah/.local/lib/python3.10/site-packages/airflow/example_dags/tutorial_taskflow_api.py took 0.083 seconds
[2025-03-12T14:26:34.966+0200] {processor.py:186} INFO - Started process (PID=137125) to work on /home/munyah/.local/lib/python3.10/site-packages/airflow/example_dags/tutorial_taskflow_api.py
[2025-03-12T14:26:34.967+0200] {processor.py:914} INFO - Processing file /home/munyah/.local/lib/python3.10/site-packages/airflow/example_dags/tutorial_taskflow_api.py for tasks to queue
[2025-03-12T14:26:34.970+0200] {logging_mixin.py:190} INFO - [2025-03-12T14:26:34.969+0200] {dagbag.py:588} INFO - Filling up the DagBag from /home/munyah/.local/lib/python3.10/site-packages/airflow/example_dags/tutorial_taskflow_api.py
[2025-03-12T14:26:34.980+0200] {processor.py:925} INFO - DAG(s) 'tutorial_taskflow_api' retrieved from /home/munyah/.local/lib/python3.10/site-packages/airflow/example_dags/tutorial_taskflow_api.py
[2025-03-12T14:26:34.999+0200] {logging_mixin.py:190} INFO - [2025-03-12T14:26:34.999+0200] {dag.py:3239} INFO - Sync 1 DAGs
[2025-03-12T14:26:35.015+0200] {logging_mixin.py:190} INFO - [2025-03-12T14:26:35.015+0200] {dag.py:4180} INFO - Setting next_dagrun for tutorial_taskflow_api to None, run_after=None
[2025-03-12T14:26:35.038+0200] {processor.py:208} INFO - Processing /home/munyah/.local/lib/python3.10/site-packages/airflow/example_dags/tutorial_taskflow_api.py took 0.082 seconds
[2025-03-12T14:27:39.635+0200] {processor.py:186} INFO - Started process (PID=137352) to work on /home/munyah/.local/lib/python3.10/site-packages/airflow/example_dags/tutorial_taskflow_api.py
[2025-03-12T14:27:39.636+0200] {processor.py:914} INFO - Processing file /home/munyah/.local/lib/python3.10/site-packages/airflow/example_dags/tutorial_taskflow_api.py for tasks to queue
[2025-03-12T14:27:39.639+0200] {logging_mixin.py:190} INFO - [2025-03-12T14:27:39.639+0200] {dagbag.py:588} INFO - Filling up the DagBag from /home/munyah/.local/lib/python3.10/site-packages/airflow/example_dags/tutorial_taskflow_api.py
[2025-03-12T14:27:39.654+0200] {processor.py:925} INFO - DAG(s) 'tutorial_taskflow_api' retrieved from /home/munyah/.local/lib/python3.10/site-packages/airflow/example_dags/tutorial_taskflow_api.py
[2025-03-12T14:27:39.680+0200] {logging_mixin.py:190} INFO - [2025-03-12T14:27:39.680+0200] {dag.py:3239} INFO - Sync 1 DAGs
[2025-03-12T14:27:39.701+0200] {logging_mixin.py:190} INFO - [2025-03-12T14:27:39.700+0200] {dag.py:4180} INFO - Setting next_dagrun for tutorial_taskflow_api to None, run_after=None
[2025-03-12T14:27:39.728+0200] {processor.py:208} INFO - Processing /home/munyah/.local/lib/python3.10/site-packages/airflow/example_dags/tutorial_taskflow_api.py took 0.104 seconds
[2025-03-12T14:28:41.575+0200] {processor.py:186} INFO - Started process (PID=137522) to work on /home/munyah/.local/lib/python3.10/site-packages/airflow/example_dags/tutorial_taskflow_api.py
[2025-03-12T14:28:41.578+0200] {processor.py:914} INFO - Processing file /home/munyah/.local/lib/python3.10/site-packages/airflow/example_dags/tutorial_taskflow_api.py for tasks to queue
[2025-03-12T14:28:41.585+0200] {logging_mixin.py:190} INFO - [2025-03-12T14:28:41.584+0200] {dagbag.py:588} INFO - Filling up the DagBag from /home/munyah/.local/lib/python3.10/site-packages/airflow/example_dags/tutorial_taskflow_api.py
[2025-03-12T14:28:41.605+0200] {processor.py:925} INFO - DAG(s) 'tutorial_taskflow_api' retrieved from /home/munyah/.local/lib/python3.10/site-packages/airflow/example_dags/tutorial_taskflow_api.py
[2025-03-12T14:28:41.627+0200] {logging_mixin.py:190} INFO - [2025-03-12T14:28:41.626+0200] {dag.py:3239} INFO - Sync 1 DAGs
[2025-03-12T14:28:41.642+0200] {logging_mixin.py:190} INFO - [2025-03-12T14:28:41.642+0200] {dag.py:4180} INFO - Setting next_dagrun for tutorial_taskflow_api to None, run_after=None
[2025-03-12T14:28:41.665+0200] {processor.py:208} INFO - Processing /home/munyah/.local/lib/python3.10/site-packages/airflow/example_dags/tutorial_taskflow_api.py took 0.110 seconds
[2025-03-12T14:29:38.859+0200] {processor.py:186} INFO - Started process (PID=138543) to work on /home/munyah/.local/lib/python3.10/site-packages/airflow/example_dags/tutorial_taskflow_api.py
[2025-03-12T14:29:38.861+0200] {processor.py:914} INFO - Processing file /home/munyah/.local/lib/python3.10/site-packages/airflow/example_dags/tutorial_taskflow_api.py for tasks to queue
[2025-03-12T14:29:38.865+0200] {logging_mixin.py:190} INFO - [2025-03-12T14:29:38.864+0200] {dagbag.py:588} INFO - Filling up the DagBag from /home/munyah/.local/lib/python3.10/site-packages/airflow/example_dags/tutorial_taskflow_api.py
[2025-03-12T14:29:38.879+0200] {processor.py:925} INFO - DAG(s) 'tutorial_taskflow_api' retrieved from /home/munyah/.local/lib/python3.10/site-packages/airflow/example_dags/tutorial_taskflow_api.py
[2025-03-12T14:29:38.897+0200] {logging_mixin.py:190} INFO - [2025-03-12T14:29:38.897+0200] {dag.py:3239} INFO - Sync 1 DAGs
[2025-03-12T14:29:38.913+0200] {logging_mixin.py:190} INFO - [2025-03-12T14:29:38.913+0200] {dag.py:4180} INFO - Setting next_dagrun for tutorial_taskflow_api to None, run_after=None
[2025-03-12T14:29:38.938+0200] {processor.py:208} INFO - Processing /home/munyah/.local/lib/python3.10/site-packages/airflow/example_dags/tutorial_taskflow_api.py took 0.093 seconds
[2025-03-12T14:30:42.571+0200] {processor.py:186} INFO - Started process (PID=138794) to work on /home/munyah/.local/lib/python3.10/site-packages/airflow/example_dags/tutorial_taskflow_api.py
[2025-03-12T14:30:42.572+0200] {processor.py:914} INFO - Processing file /home/munyah/.local/lib/python3.10/site-packages/airflow/example_dags/tutorial_taskflow_api.py for tasks to queue
[2025-03-12T14:30:42.574+0200] {logging_mixin.py:190} INFO - [2025-03-12T14:30:42.574+0200] {dagbag.py:588} INFO - Filling up the DagBag from /home/munyah/.local/lib/python3.10/site-packages/airflow/example_dags/tutorial_taskflow_api.py
[2025-03-12T14:30:42.585+0200] {processor.py:925} INFO - DAG(s) 'tutorial_taskflow_api' retrieved from /home/munyah/.local/lib/python3.10/site-packages/airflow/example_dags/tutorial_taskflow_api.py
[2025-03-12T14:30:42.602+0200] {logging_mixin.py:190} INFO - [2025-03-12T14:30:42.602+0200] {dag.py:3239} INFO - Sync 1 DAGs
[2025-03-12T14:30:42.618+0200] {logging_mixin.py:190} INFO - [2025-03-12T14:30:42.618+0200] {dag.py:4180} INFO - Setting next_dagrun for tutorial_taskflow_api to None, run_after=None
[2025-03-12T14:30:42.641+0200] {processor.py:208} INFO - Processing /home/munyah/.local/lib/python3.10/site-packages/airflow/example_dags/tutorial_taskflow_api.py took 0.077 seconds
[2025-03-12T14:31:46.995+0200] {processor.py:186} INFO - Started process (PID=138998) to work on /home/munyah/.local/lib/python3.10/site-packages/airflow/example_dags/tutorial_taskflow_api.py
[2025-03-12T14:31:46.997+0200] {processor.py:914} INFO - Processing file /home/munyah/.local/lib/python3.10/site-packages/airflow/example_dags/tutorial_taskflow_api.py for tasks to queue
[2025-03-12T14:31:47.002+0200] {logging_mixin.py:190} INFO - [2025-03-12T14:31:47.001+0200] {dagbag.py:588} INFO - Filling up the DagBag from /home/munyah/.local/lib/python3.10/site-packages/airflow/example_dags/tutorial_taskflow_api.py
[2025-03-12T14:31:47.016+0200] {processor.py:925} INFO - DAG(s) 'tutorial_taskflow_api' retrieved from /home/munyah/.local/lib/python3.10/site-packages/airflow/example_dags/tutorial_taskflow_api.py
[2025-03-12T14:31:47.034+0200] {logging_mixin.py:190} INFO - [2025-03-12T14:31:47.034+0200] {dag.py:3239} INFO - Sync 1 DAGs
[2025-03-12T14:31:47.049+0200] {logging_mixin.py:190} INFO - [2025-03-12T14:31:47.049+0200] {dag.py:4180} INFO - Setting next_dagrun for tutorial_taskflow_api to None, run_after=None
[2025-03-12T14:31:47.072+0200] {processor.py:208} INFO - Processing /home/munyah/.local/lib/python3.10/site-packages/airflow/example_dags/tutorial_taskflow_api.py took 0.096 seconds
[2025-03-12T14:32:48.621+0200] {processor.py:186} INFO - Started process (PID=139705) to work on /home/munyah/.local/lib/python3.10/site-packages/airflow/example_dags/tutorial_taskflow_api.py
[2025-03-12T14:32:48.623+0200] {processor.py:914} INFO - Processing file /home/munyah/.local/lib/python3.10/site-packages/airflow/example_dags/tutorial_taskflow_api.py for tasks to queue
[2025-03-12T14:32:48.625+0200] {logging_mixin.py:190} INFO - [2025-03-12T14:32:48.625+0200] {dagbag.py:588} INFO - Filling up the DagBag from /home/munyah/.local/lib/python3.10/site-packages/airflow/example_dags/tutorial_taskflow_api.py
[2025-03-12T14:32:48.636+0200] {processor.py:925} INFO - DAG(s) 'tutorial_taskflow_api' retrieved from /home/munyah/.local/lib/python3.10/site-packages/airflow/example_dags/tutorial_taskflow_api.py
[2025-03-12T14:32:48.656+0200] {logging_mixin.py:190} INFO - [2025-03-12T14:32:48.656+0200] {dag.py:3239} INFO - Sync 1 DAGs
[2025-03-12T14:32:48.673+0200] {logging_mixin.py:190} INFO - [2025-03-12T14:32:48.673+0200] {dag.py:4180} INFO - Setting next_dagrun for tutorial_taskflow_api to None, run_after=None
[2025-03-12T14:32:48.696+0200] {processor.py:208} INFO - Processing /home/munyah/.local/lib/python3.10/site-packages/airflow/example_dags/tutorial_taskflow_api.py took 0.081 seconds
[2025-03-12T14:33:52.814+0200] {processor.py:186} INFO - Started process (PID=139983) to work on /home/munyah/.local/lib/python3.10/site-packages/airflow/example_dags/tutorial_taskflow_api.py
[2025-03-12T14:33:52.815+0200] {processor.py:914} INFO - Processing file /home/munyah/.local/lib/python3.10/site-packages/airflow/example_dags/tutorial_taskflow_api.py for tasks to queue
[2025-03-12T14:33:52.817+0200] {logging_mixin.py:190} INFO - [2025-03-12T14:33:52.817+0200] {dagbag.py:588} INFO - Filling up the DagBag from /home/munyah/.local/lib/python3.10/site-packages/airflow/example_dags/tutorial_taskflow_api.py
[2025-03-12T14:33:52.828+0200] {processor.py:925} INFO - DAG(s) 'tutorial_taskflow_api' retrieved from /home/munyah/.local/lib/python3.10/site-packages/airflow/example_dags/tutorial_taskflow_api.py
[2025-03-12T14:33:52.847+0200] {logging_mixin.py:190} INFO - [2025-03-12T14:33:52.847+0200] {dag.py:3239} INFO - Sync 1 DAGs
[2025-03-12T14:33:52.864+0200] {logging_mixin.py:190} INFO - [2025-03-12T14:33:52.863+0200] {dag.py:4180} INFO - Setting next_dagrun for tutorial_taskflow_api to None, run_after=None
[2025-03-12T14:33:52.886+0200] {processor.py:208} INFO - Processing /home/munyah/.local/lib/python3.10/site-packages/airflow/example_dags/tutorial_taskflow_api.py took 0.081 seconds
[2025-03-12T14:34:59.596+0200] {processor.py:186} INFO - Started process (PID=140165) to work on /home/munyah/.local/lib/python3.10/site-packages/airflow/example_dags/tutorial_taskflow_api.py
[2025-03-12T14:34:59.600+0200] {processor.py:914} INFO - Processing file /home/munyah/.local/lib/python3.10/site-packages/airflow/example_dags/tutorial_taskflow_api.py for tasks to queue
[2025-03-12T14:34:59.609+0200] {logging_mixin.py:190} INFO - [2025-03-12T14:34:59.608+0200] {dagbag.py:588} INFO - Filling up the DagBag from /home/munyah/.local/lib/python3.10/site-packages/airflow/example_dags/tutorial_taskflow_api.py
[2025-03-12T14:34:59.638+0200] {processor.py:925} INFO - DAG(s) 'tutorial_taskflow_api' retrieved from /home/munyah/.local/lib/python3.10/site-packages/airflow/example_dags/tutorial_taskflow_api.py
[2025-03-12T14:34:59.661+0200] {logging_mixin.py:190} INFO - [2025-03-12T14:34:59.660+0200] {dag.py:3239} INFO - Sync 1 DAGs
[2025-03-12T14:34:59.676+0200] {logging_mixin.py:190} INFO - [2025-03-12T14:34:59.675+0200] {dag.py:4180} INFO - Setting next_dagrun for tutorial_taskflow_api to None, run_after=None
[2025-03-12T14:34:59.700+0200] {processor.py:208} INFO - Processing /home/munyah/.local/lib/python3.10/site-packages/airflow/example_dags/tutorial_taskflow_api.py took 0.137 seconds
[2025-03-12T14:36:03.254+0200] {processor.py:186} INFO - Started process (PID=140361) to work on /home/munyah/.local/lib/python3.10/site-packages/airflow/example_dags/tutorial_taskflow_api.py
[2025-03-12T14:36:03.256+0200] {processor.py:914} INFO - Processing file /home/munyah/.local/lib/python3.10/site-packages/airflow/example_dags/tutorial_taskflow_api.py for tasks to queue
[2025-03-12T14:36:03.259+0200] {logging_mixin.py:190} INFO - [2025-03-12T14:36:03.258+0200] {dagbag.py:588} INFO - Filling up the DagBag from /home/munyah/.local/lib/python3.10/site-packages/airflow/example_dags/tutorial_taskflow_api.py
[2025-03-12T14:36:03.272+0200] {processor.py:925} INFO - DAG(s) 'tutorial_taskflow_api' retrieved from /home/munyah/.local/lib/python3.10/site-packages/airflow/example_dags/tutorial_taskflow_api.py
[2025-03-12T14:36:03.290+0200] {logging_mixin.py:190} INFO - [2025-03-12T14:36:03.290+0200] {dag.py:3239} INFO - Sync 1 DAGs
[2025-03-12T14:36:03.305+0200] {logging_mixin.py:190} INFO - [2025-03-12T14:36:03.305+0200] {dag.py:4180} INFO - Setting next_dagrun for tutorial_taskflow_api to None, run_after=None
[2025-03-12T14:36:03.330+0200] {processor.py:208} INFO - Processing /home/munyah/.local/lib/python3.10/site-packages/airflow/example_dags/tutorial_taskflow_api.py took 0.089 seconds
[2025-03-12T14:37:06.849+0200] {processor.py:186} INFO - Started process (PID=140553) to work on /home/munyah/.local/lib/python3.10/site-packages/airflow/example_dags/tutorial_taskflow_api.py
[2025-03-12T14:37:06.850+0200] {processor.py:914} INFO - Processing file /home/munyah/.local/lib/python3.10/site-packages/airflow/example_dags/tutorial_taskflow_api.py for tasks to queue
[2025-03-12T14:37:06.852+0200] {logging_mixin.py:190} INFO - [2025-03-12T14:37:06.851+0200] {dagbag.py:588} INFO - Filling up the DagBag from /home/munyah/.local/lib/python3.10/site-packages/airflow/example_dags/tutorial_taskflow_api.py
[2025-03-12T14:37:06.861+0200] {processor.py:925} INFO - DAG(s) 'tutorial_taskflow_api' retrieved from /home/munyah/.local/lib/python3.10/site-packages/airflow/example_dags/tutorial_taskflow_api.py
[2025-03-12T14:37:06.878+0200] {logging_mixin.py:190} INFO - [2025-03-12T14:37:06.877+0200] {dag.py:3239} INFO - Sync 1 DAGs
[2025-03-12T14:37:06.892+0200] {logging_mixin.py:190} INFO - [2025-03-12T14:37:06.892+0200] {dag.py:4180} INFO - Setting next_dagrun for tutorial_taskflow_api to None, run_after=None
[2025-03-12T14:37:06.914+0200] {processor.py:208} INFO - Processing /home/munyah/.local/lib/python3.10/site-packages/airflow/example_dags/tutorial_taskflow_api.py took 0.072 seconds
[2025-03-12T14:38:09.149+0200] {processor.py:186} INFO - Started process (PID=140661) to work on /home/munyah/.local/lib/python3.10/site-packages/airflow/example_dags/tutorial_taskflow_api.py
[2025-03-12T14:38:09.150+0200] {processor.py:914} INFO - Processing file /home/munyah/.local/lib/python3.10/site-packages/airflow/example_dags/tutorial_taskflow_api.py for tasks to queue
[2025-03-12T14:38:09.152+0200] {logging_mixin.py:190} INFO - [2025-03-12T14:38:09.152+0200] {dagbag.py:588} INFO - Filling up the DagBag from /home/munyah/.local/lib/python3.10/site-packages/airflow/example_dags/tutorial_taskflow_api.py
[2025-03-12T14:38:09.163+0200] {processor.py:925} INFO - DAG(s) 'tutorial_taskflow_api' retrieved from /home/munyah/.local/lib/python3.10/site-packages/airflow/example_dags/tutorial_taskflow_api.py
[2025-03-12T14:38:09.181+0200] {logging_mixin.py:190} INFO - [2025-03-12T14:38:09.181+0200] {dag.py:3239} INFO - Sync 1 DAGs
[2025-03-12T14:38:09.196+0200] {logging_mixin.py:190} INFO - [2025-03-12T14:38:09.196+0200] {dag.py:4180} INFO - Setting next_dagrun for tutorial_taskflow_api to None, run_after=None
[2025-03-12T14:38:09.218+0200] {processor.py:208} INFO - Processing /home/munyah/.local/lib/python3.10/site-packages/airflow/example_dags/tutorial_taskflow_api.py took 0.077 seconds
[2025-03-12T14:39:16.868+0200] {processor.py:186} INFO - Started process (PID=140743) to work on /home/munyah/.local/lib/python3.10/site-packages/airflow/example_dags/tutorial_taskflow_api.py
[2025-03-12T14:39:16.869+0200] {processor.py:914} INFO - Processing file /home/munyah/.local/lib/python3.10/site-packages/airflow/example_dags/tutorial_taskflow_api.py for tasks to queue
[2025-03-12T14:39:16.872+0200] {logging_mixin.py:190} INFO - [2025-03-12T14:39:16.871+0200] {dagbag.py:588} INFO - Filling up the DagBag from /home/munyah/.local/lib/python3.10/site-packages/airflow/example_dags/tutorial_taskflow_api.py
[2025-03-12T14:39:16.882+0200] {processor.py:925} INFO - DAG(s) 'tutorial_taskflow_api' retrieved from /home/munyah/.local/lib/python3.10/site-packages/airflow/example_dags/tutorial_taskflow_api.py
[2025-03-12T14:39:16.898+0200] {logging_mixin.py:190} INFO - [2025-03-12T14:39:16.898+0200] {dag.py:3239} INFO - Sync 1 DAGs
[2025-03-12T14:39:16.912+0200] {logging_mixin.py:190} INFO - [2025-03-12T14:39:16.912+0200] {dag.py:4180} INFO - Setting next_dagrun for tutorial_taskflow_api to None, run_after=None
[2025-03-12T14:39:16.933+0200] {processor.py:208} INFO - Processing /home/munyah/.local/lib/python3.10/site-packages/airflow/example_dags/tutorial_taskflow_api.py took 0.072 seconds
[2025-03-12T14:40:23.014+0200] {processor.py:186} INFO - Started process (PID=140881) to work on /home/munyah/.local/lib/python3.10/site-packages/airflow/example_dags/tutorial_taskflow_api.py
[2025-03-12T14:40:23.015+0200] {processor.py:914} INFO - Processing file /home/munyah/.local/lib/python3.10/site-packages/airflow/example_dags/tutorial_taskflow_api.py for tasks to queue
[2025-03-12T14:40:23.018+0200] {logging_mixin.py:190} INFO - [2025-03-12T14:40:23.017+0200] {dagbag.py:588} INFO - Filling up the DagBag from /home/munyah/.local/lib/python3.10/site-packages/airflow/example_dags/tutorial_taskflow_api.py
[2025-03-12T14:40:23.027+0200] {processor.py:925} INFO - DAG(s) 'tutorial_taskflow_api' retrieved from /home/munyah/.local/lib/python3.10/site-packages/airflow/example_dags/tutorial_taskflow_api.py
[2025-03-12T14:40:23.044+0200] {logging_mixin.py:190} INFO - [2025-03-12T14:40:23.044+0200] {dag.py:3239} INFO - Sync 1 DAGs
[2025-03-12T14:40:23.058+0200] {logging_mixin.py:190} INFO - [2025-03-12T14:40:23.058+0200] {dag.py:4180} INFO - Setting next_dagrun for tutorial_taskflow_api to None, run_after=None
[2025-03-12T14:40:23.078+0200] {processor.py:208} INFO - Processing /home/munyah/.local/lib/python3.10/site-packages/airflow/example_dags/tutorial_taskflow_api.py took 0.072 seconds
[2025-03-12T14:41:26.186+0200] {processor.py:186} INFO - Started process (PID=141175) to work on /home/munyah/.local/lib/python3.10/site-packages/airflow/example_dags/tutorial_taskflow_api.py
[2025-03-12T14:41:26.187+0200] {processor.py:914} INFO - Processing file /home/munyah/.local/lib/python3.10/site-packages/airflow/example_dags/tutorial_taskflow_api.py for tasks to queue
[2025-03-12T14:41:26.190+0200] {logging_mixin.py:190} INFO - [2025-03-12T14:41:26.189+0200] {dagbag.py:588} INFO - Filling up the DagBag from /home/munyah/.local/lib/python3.10/site-packages/airflow/example_dags/tutorial_taskflow_api.py
[2025-03-12T14:41:26.201+0200] {processor.py:925} INFO - DAG(s) 'tutorial_taskflow_api' retrieved from /home/munyah/.local/lib/python3.10/site-packages/airflow/example_dags/tutorial_taskflow_api.py
[2025-03-12T14:41:26.219+0200] {logging_mixin.py:190} INFO - [2025-03-12T14:41:26.219+0200] {dag.py:3239} INFO - Sync 1 DAGs
[2025-03-12T14:41:26.234+0200] {logging_mixin.py:190} INFO - [2025-03-12T14:41:26.234+0200] {dag.py:4180} INFO - Setting next_dagrun for tutorial_taskflow_api to None, run_after=None
[2025-03-12T14:41:26.260+0200] {processor.py:208} INFO - Processing /home/munyah/.local/lib/python3.10/site-packages/airflow/example_dags/tutorial_taskflow_api.py took 0.082 seconds
[2025-03-12T14:42:27.402+0200] {processor.py:186} INFO - Started process (PID=141349) to work on /home/munyah/.local/lib/python3.10/site-packages/airflow/example_dags/tutorial_taskflow_api.py
[2025-03-12T14:42:27.403+0200] {processor.py:914} INFO - Processing file /home/munyah/.local/lib/python3.10/site-packages/airflow/example_dags/tutorial_taskflow_api.py for tasks to queue
[2025-03-12T14:42:27.405+0200] {logging_mixin.py:190} INFO - [2025-03-12T14:42:27.405+0200] {dagbag.py:588} INFO - Filling up the DagBag from /home/munyah/.local/lib/python3.10/site-packages/airflow/example_dags/tutorial_taskflow_api.py
[2025-03-12T14:42:27.416+0200] {processor.py:925} INFO - DAG(s) 'tutorial_taskflow_api' retrieved from /home/munyah/.local/lib/python3.10/site-packages/airflow/example_dags/tutorial_taskflow_api.py
[2025-03-12T14:42:27.433+0200] {logging_mixin.py:190} INFO - [2025-03-12T14:42:27.433+0200] {dag.py:3239} INFO - Sync 1 DAGs
[2025-03-12T14:42:27.447+0200] {logging_mixin.py:190} INFO - [2025-03-12T14:42:27.447+0200] {dag.py:4180} INFO - Setting next_dagrun for tutorial_taskflow_api to None, run_after=None
[2025-03-12T14:42:27.470+0200] {processor.py:208} INFO - Processing /home/munyah/.local/lib/python3.10/site-packages/airflow/example_dags/tutorial_taskflow_api.py took 0.077 seconds
[2025-03-12T14:43:25.925+0200] {processor.py:186} INFO - Started process (PID=141535) to work on /home/munyah/.local/lib/python3.10/site-packages/airflow/example_dags/tutorial_taskflow_api.py
[2025-03-12T14:43:25.926+0200] {processor.py:914} INFO - Processing file /home/munyah/.local/lib/python3.10/site-packages/airflow/example_dags/tutorial_taskflow_api.py for tasks to queue
[2025-03-12T14:43:25.929+0200] {logging_mixin.py:190} INFO - [2025-03-12T14:43:25.928+0200] {dagbag.py:588} INFO - Filling up the DagBag from /home/munyah/.local/lib/python3.10/site-packages/airflow/example_dags/tutorial_taskflow_api.py
[2025-03-12T14:43:25.940+0200] {processor.py:925} INFO - DAG(s) 'tutorial_taskflow_api' retrieved from /home/munyah/.local/lib/python3.10/site-packages/airflow/example_dags/tutorial_taskflow_api.py
[2025-03-12T14:43:25.958+0200] {logging_mixin.py:190} INFO - [2025-03-12T14:43:25.957+0200] {dag.py:3239} INFO - Sync 1 DAGs
[2025-03-12T14:43:25.973+0200] {logging_mixin.py:190} INFO - [2025-03-12T14:43:25.973+0200] {dag.py:4180} INFO - Setting next_dagrun for tutorial_taskflow_api to None, run_after=None
[2025-03-12T14:43:25.996+0200] {processor.py:208} INFO - Processing /home/munyah/.local/lib/python3.10/site-packages/airflow/example_dags/tutorial_taskflow_api.py took 0.080 seconds
[2025-03-12T14:44:26.641+0200] {processor.py:186} INFO - Started process (PID=141708) to work on /home/munyah/.local/lib/python3.10/site-packages/airflow/example_dags/tutorial_taskflow_api.py
[2025-03-12T14:44:26.642+0200] {processor.py:914} INFO - Processing file /home/munyah/.local/lib/python3.10/site-packages/airflow/example_dags/tutorial_taskflow_api.py for tasks to queue
[2025-03-12T14:44:26.645+0200] {logging_mixin.py:190} INFO - [2025-03-12T14:44:26.644+0200] {dagbag.py:588} INFO - Filling up the DagBag from /home/munyah/.local/lib/python3.10/site-packages/airflow/example_dags/tutorial_taskflow_api.py
[2025-03-12T14:44:26.657+0200] {processor.py:925} INFO - DAG(s) 'tutorial_taskflow_api' retrieved from /home/munyah/.local/lib/python3.10/site-packages/airflow/example_dags/tutorial_taskflow_api.py
[2025-03-12T14:44:26.675+0200] {logging_mixin.py:190} INFO - [2025-03-12T14:44:26.674+0200] {dag.py:3239} INFO - Sync 1 DAGs
[2025-03-12T14:44:26.690+0200] {logging_mixin.py:190} INFO - [2025-03-12T14:44:26.690+0200] {dag.py:4180} INFO - Setting next_dagrun for tutorial_taskflow_api to None, run_after=None
[2025-03-12T14:44:26.714+0200] {processor.py:208} INFO - Processing /home/munyah/.local/lib/python3.10/site-packages/airflow/example_dags/tutorial_taskflow_api.py took 0.081 seconds
[2025-03-12T14:45:25.346+0200] {processor.py:186} INFO - Started process (PID=141891) to work on /home/munyah/.local/lib/python3.10/site-packages/airflow/example_dags/tutorial_taskflow_api.py
[2025-03-12T14:45:25.347+0200] {processor.py:914} INFO - Processing file /home/munyah/.local/lib/python3.10/site-packages/airflow/example_dags/tutorial_taskflow_api.py for tasks to queue
[2025-03-12T14:45:25.350+0200] {logging_mixin.py:190} INFO - [2025-03-12T14:45:25.349+0200] {dagbag.py:588} INFO - Filling up the DagBag from /home/munyah/.local/lib/python3.10/site-packages/airflow/example_dags/tutorial_taskflow_api.py
[2025-03-12T14:45:25.360+0200] {processor.py:925} INFO - DAG(s) 'tutorial_taskflow_api' retrieved from /home/munyah/.local/lib/python3.10/site-packages/airflow/example_dags/tutorial_taskflow_api.py
[2025-03-12T14:45:25.380+0200] {logging_mixin.py:190} INFO - [2025-03-12T14:45:25.379+0200] {dag.py:3239} INFO - Sync 1 DAGs
[2025-03-12T14:45:25.394+0200] {logging_mixin.py:190} INFO - [2025-03-12T14:45:25.393+0200] {dag.py:4180} INFO - Setting next_dagrun for tutorial_taskflow_api to None, run_after=None
[2025-03-12T14:45:25.417+0200] {processor.py:208} INFO - Processing /home/munyah/.local/lib/python3.10/site-packages/airflow/example_dags/tutorial_taskflow_api.py took 0.078 seconds
[2025-03-12T14:46:22.739+0200] {processor.py:186} INFO - Started process (PID=142107) to work on /home/munyah/.local/lib/python3.10/site-packages/airflow/example_dags/tutorial_taskflow_api.py
[2025-03-12T14:46:22.740+0200] {processor.py:914} INFO - Processing file /home/munyah/.local/lib/python3.10/site-packages/airflow/example_dags/tutorial_taskflow_api.py for tasks to queue
[2025-03-12T14:46:22.744+0200] {logging_mixin.py:190} INFO - [2025-03-12T14:46:22.743+0200] {dagbag.py:588} INFO - Filling up the DagBag from /home/munyah/.local/lib/python3.10/site-packages/airflow/example_dags/tutorial_taskflow_api.py
[2025-03-12T14:46:22.755+0200] {processor.py:925} INFO - DAG(s) 'tutorial_taskflow_api' retrieved from /home/munyah/.local/lib/python3.10/site-packages/airflow/example_dags/tutorial_taskflow_api.py
[2025-03-12T14:46:22.773+0200] {logging_mixin.py:190} INFO - [2025-03-12T14:46:22.772+0200] {dag.py:3239} INFO - Sync 1 DAGs
[2025-03-12T14:46:22.787+0200] {logging_mixin.py:190} INFO - [2025-03-12T14:46:22.787+0200] {dag.py:4180} INFO - Setting next_dagrun for tutorial_taskflow_api to None, run_after=None
[2025-03-12T14:46:22.809+0200] {processor.py:208} INFO - Processing /home/munyah/.local/lib/python3.10/site-packages/airflow/example_dags/tutorial_taskflow_api.py took 0.080 seconds
[2025-03-12T14:49:17.285+0200] {processor.py:186} INFO - Started process (PID=142725) to work on /home/munyah/.local/lib/python3.10/site-packages/airflow/example_dags/tutorial_taskflow_api.py
[2025-03-12T14:49:17.289+0200] {processor.py:914} INFO - Processing file /home/munyah/.local/lib/python3.10/site-packages/airflow/example_dags/tutorial_taskflow_api.py for tasks to queue
[2025-03-12T14:49:17.293+0200] {logging_mixin.py:190} INFO - [2025-03-12T14:49:17.292+0200] {dagbag.py:588} INFO - Filling up the DagBag from /home/munyah/.local/lib/python3.10/site-packages/airflow/example_dags/tutorial_taskflow_api.py
[2025-03-12T14:49:17.323+0200] {processor.py:925} INFO - DAG(s) 'tutorial_taskflow_api' retrieved from /home/munyah/.local/lib/python3.10/site-packages/airflow/example_dags/tutorial_taskflow_api.py
[2025-03-12T14:49:17.358+0200] {logging_mixin.py:190} INFO - [2025-03-12T14:49:17.358+0200] {dag.py:3239} INFO - Sync 1 DAGs
[2025-03-12T14:49:17.392+0200] {logging_mixin.py:190} INFO - [2025-03-12T14:49:17.392+0200] {dag.py:4180} INFO - Setting next_dagrun for tutorial_taskflow_api to None, run_after=None
[2025-03-12T14:49:17.433+0200] {processor.py:208} INFO - Processing /home/munyah/.local/lib/python3.10/site-packages/airflow/example_dags/tutorial_taskflow_api.py took 0.162 seconds
[2025-03-12T14:50:04.884+0200] {processor.py:186} INFO - Started process (PID=142854) to work on /home/munyah/.local/lib/python3.10/site-packages/airflow/example_dags/tutorial_taskflow_api.py
[2025-03-12T14:50:04.885+0200] {processor.py:914} INFO - Processing file /home/munyah/.local/lib/python3.10/site-packages/airflow/example_dags/tutorial_taskflow_api.py for tasks to queue
[2025-03-12T14:50:04.888+0200] {logging_mixin.py:190} INFO - [2025-03-12T14:50:04.887+0200] {dagbag.py:588} INFO - Filling up the DagBag from /home/munyah/.local/lib/python3.10/site-packages/airflow/example_dags/tutorial_taskflow_api.py
[2025-03-12T14:50:04.900+0200] {processor.py:925} INFO - DAG(s) 'tutorial_taskflow_api' retrieved from /home/munyah/.local/lib/python3.10/site-packages/airflow/example_dags/tutorial_taskflow_api.py
[2025-03-12T14:50:04.917+0200] {logging_mixin.py:190} INFO - [2025-03-12T14:50:04.917+0200] {dag.py:3239} INFO - Sync 1 DAGs
[2025-03-12T14:50:04.933+0200] {logging_mixin.py:190} INFO - [2025-03-12T14:50:04.933+0200] {dag.py:4180} INFO - Setting next_dagrun for tutorial_taskflow_api to None, run_after=None
[2025-03-12T14:50:04.955+0200] {processor.py:208} INFO - Processing /home/munyah/.local/lib/python3.10/site-packages/airflow/example_dags/tutorial_taskflow_api.py took 0.079 seconds
[2025-03-12T14:50:46.385+0200] {processor.py:186} INFO - Started process (PID=142970) to work on /home/munyah/.local/lib/python3.10/site-packages/airflow/example_dags/tutorial_taskflow_api.py
[2025-03-12T14:50:46.387+0200] {processor.py:914} INFO - Processing file /home/munyah/.local/lib/python3.10/site-packages/airflow/example_dags/tutorial_taskflow_api.py for tasks to queue
[2025-03-12T14:50:46.390+0200] {logging_mixin.py:190} INFO - [2025-03-12T14:50:46.389+0200] {dagbag.py:588} INFO - Filling up the DagBag from /home/munyah/.local/lib/python3.10/site-packages/airflow/example_dags/tutorial_taskflow_api.py
[2025-03-12T14:50:46.403+0200] {processor.py:925} INFO - DAG(s) 'tutorial_taskflow_api' retrieved from /home/munyah/.local/lib/python3.10/site-packages/airflow/example_dags/tutorial_taskflow_api.py
[2025-03-12T14:50:46.423+0200] {logging_mixin.py:190} INFO - [2025-03-12T14:50:46.422+0200] {dag.py:3239} INFO - Sync 1 DAGs
[2025-03-12T14:50:46.439+0200] {logging_mixin.py:190} INFO - [2025-03-12T14:50:46.439+0200] {dag.py:4180} INFO - Setting next_dagrun for tutorial_taskflow_api to None, run_after=None
[2025-03-12T14:50:46.464+0200] {processor.py:208} INFO - Processing /home/munyah/.local/lib/python3.10/site-packages/airflow/example_dags/tutorial_taskflow_api.py took 0.086 seconds
[2025-03-12T14:51:51.090+0200] {processor.py:186} INFO - Started process (PID=143200) to work on /home/munyah/.local/lib/python3.10/site-packages/airflow/example_dags/tutorial_taskflow_api.py
[2025-03-12T14:51:51.092+0200] {processor.py:914} INFO - Processing file /home/munyah/.local/lib/python3.10/site-packages/airflow/example_dags/tutorial_taskflow_api.py for tasks to queue
[2025-03-12T14:51:51.095+0200] {logging_mixin.py:190} INFO - [2025-03-12T14:51:51.095+0200] {dagbag.py:588} INFO - Filling up the DagBag from /home/munyah/.local/lib/python3.10/site-packages/airflow/example_dags/tutorial_taskflow_api.py
[2025-03-12T14:51:51.110+0200] {processor.py:925} INFO - DAG(s) 'tutorial_taskflow_api' retrieved from /home/munyah/.local/lib/python3.10/site-packages/airflow/example_dags/tutorial_taskflow_api.py
[2025-03-12T14:51:51.135+0200] {logging_mixin.py:190} INFO - [2025-03-12T14:51:51.135+0200] {dag.py:3239} INFO - Sync 1 DAGs
[2025-03-12T14:51:51.159+0200] {logging_mixin.py:190} INFO - [2025-03-12T14:51:51.159+0200] {dag.py:4180} INFO - Setting next_dagrun for tutorial_taskflow_api to None, run_after=None
[2025-03-12T14:51:51.186+0200] {processor.py:208} INFO - Processing /home/munyah/.local/lib/python3.10/site-packages/airflow/example_dags/tutorial_taskflow_api.py took 0.106 seconds
[2025-03-12T14:53:03.244+0200] {processor.py:186} INFO - Started process (PID=143424) to work on /home/munyah/.local/lib/python3.10/site-packages/airflow/example_dags/tutorial_taskflow_api.py
[2025-03-12T14:53:03.246+0200] {processor.py:914} INFO - Processing file /home/munyah/.local/lib/python3.10/site-packages/airflow/example_dags/tutorial_taskflow_api.py for tasks to queue
[2025-03-12T14:53:03.250+0200] {logging_mixin.py:190} INFO - [2025-03-12T14:53:03.249+0200] {dagbag.py:588} INFO - Filling up the DagBag from /home/munyah/.local/lib/python3.10/site-packages/airflow/example_dags/tutorial_taskflow_api.py
[2025-03-12T14:53:03.273+0200] {processor.py:925} INFO - DAG(s) 'tutorial_taskflow_api' retrieved from /home/munyah/.local/lib/python3.10/site-packages/airflow/example_dags/tutorial_taskflow_api.py
[2025-03-12T14:53:03.303+0200] {logging_mixin.py:190} INFO - [2025-03-12T14:53:03.303+0200] {dag.py:3239} INFO - Sync 1 DAGs
[2025-03-12T14:53:03.328+0200] {logging_mixin.py:190} INFO - [2025-03-12T14:53:03.328+0200] {dag.py:4180} INFO - Setting next_dagrun for tutorial_taskflow_api to None, run_after=None
[2025-03-12T14:53:03.366+0200] {processor.py:208} INFO - Processing /home/munyah/.local/lib/python3.10/site-packages/airflow/example_dags/tutorial_taskflow_api.py took 0.134 seconds
