[2025-03-12T08:20:58.558+0200] {processor.py:186} INFO - Started process (PID=133742) to work on /home/munyah/.local/lib/python3.10/site-packages/airflow/example_dags/tutorial_taskflow_templates.py
[2025-03-12T08:20:58.559+0200] {processor.py:914} INFO - Processing file /home/munyah/.local/lib/python3.10/site-packages/airflow/example_dags/tutorial_taskflow_templates.py for tasks to queue
[2025-03-12T08:20:58.563+0200] {logging_mixin.py:190} INFO - [2025-03-12T08:20:58.562+0200] {dagbag.py:588} INFO - Filling up the DagBag from /home/munyah/.local/lib/python3.10/site-packages/airflow/example_dags/tutorial_taskflow_templates.py
[2025-03-12T08:20:58.584+0200] {processor.py:925} INFO - DAG(s) 'tutorial_taskflow_templates' retrieved from /home/munyah/.local/lib/python3.10/site-packages/airflow/example_dags/tutorial_taskflow_templates.py
[2025-03-12T08:20:58.602+0200] {logging_mixin.py:190} INFO - [2025-03-12T08:20:58.601+0200] {dag.py:3239} INFO - Sync 1 DAGs
[2025-03-12T08:20:58.624+0200] {logging_mixin.py:190} INFO - [2025-03-12T08:20:58.623+0200] {dag.py:4180} INFO - Setting next_dagrun for tutorial_taskflow_templates to 2025-03-11 00:00:00+00:00, run_after=2025-03-12 00:00:00+00:00
[2025-03-12T08:20:58.645+0200] {processor.py:208} INFO - Processing /home/munyah/.local/lib/python3.10/site-packages/airflow/example_dags/tutorial_taskflow_templates.py took 0.103 seconds
[2025-03-12T14:17:35.975+0200] {processor.py:186} INFO - Started process (PID=134538) to work on /home/munyah/.local/lib/python3.10/site-packages/airflow/example_dags/tutorial_taskflow_templates.py
[2025-03-12T14:17:35.976+0200] {processor.py:914} INFO - Processing file /home/munyah/.local/lib/python3.10/site-packages/airflow/example_dags/tutorial_taskflow_templates.py for tasks to queue
[2025-03-12T14:17:35.979+0200] {logging_mixin.py:190} INFO - [2025-03-12T14:17:35.978+0200] {dagbag.py:588} INFO - Filling up the DagBag from /home/munyah/.local/lib/python3.10/site-packages/airflow/example_dags/tutorial_taskflow_templates.py
[2025-03-12T14:17:35.995+0200] {processor.py:925} INFO - DAG(s) 'tutorial_taskflow_templates' retrieved from /home/munyah/.local/lib/python3.10/site-packages/airflow/example_dags/tutorial_taskflow_templates.py
[2025-03-12T14:17:36.015+0200] {logging_mixin.py:190} INFO - [2025-03-12T14:17:36.015+0200] {dag.py:3239} INFO - Sync 1 DAGs
[2025-03-12T14:17:36.049+0200] {logging_mixin.py:190} INFO - [2025-03-12T14:17:36.049+0200] {dag.py:4180} INFO - Setting next_dagrun for tutorial_taskflow_templates to 2025-03-11 00:00:00+00:00, run_after=2025-03-12 00:00:00+00:00
[2025-03-12T14:17:36.071+0200] {processor.py:208} INFO - Processing /home/munyah/.local/lib/python3.10/site-packages/airflow/example_dags/tutorial_taskflow_templates.py took 0.106 seconds
[2025-03-12T14:18:35.827+0200] {processor.py:186} INFO - Started process (PID=134737) to work on /home/munyah/.local/lib/python3.10/site-packages/airflow/example_dags/tutorial_taskflow_templates.py
[2025-03-12T14:18:35.828+0200] {processor.py:914} INFO - Processing file /home/munyah/.local/lib/python3.10/site-packages/airflow/example_dags/tutorial_taskflow_templates.py for tasks to queue
[2025-03-12T14:18:35.831+0200] {logging_mixin.py:190} INFO - [2025-03-12T14:18:35.830+0200] {dagbag.py:588} INFO - Filling up the DagBag from /home/munyah/.local/lib/python3.10/site-packages/airflow/example_dags/tutorial_taskflow_templates.py
[2025-03-12T14:18:35.847+0200] {processor.py:925} INFO - DAG(s) 'tutorial_taskflow_templates' retrieved from /home/munyah/.local/lib/python3.10/site-packages/airflow/example_dags/tutorial_taskflow_templates.py
[2025-03-12T14:18:35.865+0200] {logging_mixin.py:190} INFO - [2025-03-12T14:18:35.865+0200] {dag.py:3239} INFO - Sync 1 DAGs
[2025-03-12T14:18:35.891+0200] {logging_mixin.py:190} INFO - [2025-03-12T14:18:35.891+0200] {dag.py:4180} INFO - Setting next_dagrun for tutorial_taskflow_templates to 2025-03-11 00:00:00+00:00, run_after=2025-03-12 00:00:00+00:00
[2025-03-12T14:18:35.913+0200] {processor.py:208} INFO - Processing /home/munyah/.local/lib/python3.10/site-packages/airflow/example_dags/tutorial_taskflow_templates.py took 0.093 seconds
[2025-03-12T14:19:34.256+0200] {processor.py:186} INFO - Started process (PID=134975) to work on /home/munyah/.local/lib/python3.10/site-packages/airflow/example_dags/tutorial_taskflow_templates.py
[2025-03-12T14:19:34.257+0200] {processor.py:914} INFO - Processing file /home/munyah/.local/lib/python3.10/site-packages/airflow/example_dags/tutorial_taskflow_templates.py for tasks to queue
[2025-03-12T14:19:34.260+0200] {logging_mixin.py:190} INFO - [2025-03-12T14:19:34.259+0200] {dagbag.py:588} INFO - Filling up the DagBag from /home/munyah/.local/lib/python3.10/site-packages/airflow/example_dags/tutorial_taskflow_templates.py
[2025-03-12T14:19:34.278+0200] {processor.py:925} INFO - DAG(s) 'tutorial_taskflow_templates' retrieved from /home/munyah/.local/lib/python3.10/site-packages/airflow/example_dags/tutorial_taskflow_templates.py
[2025-03-12T14:19:34.297+0200] {logging_mixin.py:190} INFO - [2025-03-12T14:19:34.297+0200] {dag.py:3239} INFO - Sync 1 DAGs
[2025-03-12T14:19:34.322+0200] {logging_mixin.py:190} INFO - [2025-03-12T14:19:34.321+0200] {dag.py:4180} INFO - Setting next_dagrun for tutorial_taskflow_templates to 2025-03-11 00:00:00+00:00, run_after=2025-03-12 00:00:00+00:00
[2025-03-12T14:19:34.345+0200] {processor.py:208} INFO - Processing /home/munyah/.local/lib/python3.10/site-packages/airflow/example_dags/tutorial_taskflow_templates.py took 0.098 seconds
[2025-03-12T14:20:29.976+0200] {processor.py:186} INFO - Started process (PID=135132) to work on /home/munyah/.local/lib/python3.10/site-packages/airflow/example_dags/tutorial_taskflow_templates.py
[2025-03-12T14:20:29.978+0200] {processor.py:914} INFO - Processing file /home/munyah/.local/lib/python3.10/site-packages/airflow/example_dags/tutorial_taskflow_templates.py for tasks to queue
[2025-03-12T14:20:29.981+0200] {logging_mixin.py:190} INFO - [2025-03-12T14:20:29.981+0200] {dagbag.py:588} INFO - Filling up the DagBag from /home/munyah/.local/lib/python3.10/site-packages/airflow/example_dags/tutorial_taskflow_templates.py
[2025-03-12T14:20:29.997+0200] {processor.py:925} INFO - DAG(s) 'tutorial_taskflow_templates' retrieved from /home/munyah/.local/lib/python3.10/site-packages/airflow/example_dags/tutorial_taskflow_templates.py
[2025-03-12T14:20:30.016+0200] {logging_mixin.py:190} INFO - [2025-03-12T14:20:30.016+0200] {dag.py:3239} INFO - Sync 1 DAGs
[2025-03-12T14:20:30.040+0200] {logging_mixin.py:190} INFO - [2025-03-12T14:20:30.039+0200] {dag.py:4180} INFO - Setting next_dagrun for tutorial_taskflow_templates to 2025-03-11 00:00:00+00:00, run_after=2025-03-12 00:00:00+00:00
[2025-03-12T14:20:30.062+0200] {processor.py:208} INFO - Processing /home/munyah/.local/lib/python3.10/site-packages/airflow/example_dags/tutorial_taskflow_templates.py took 0.093 seconds
[2025-03-12T14:21:25.889+0200] {processor.py:186} INFO - Started process (PID=135321) to work on /home/munyah/.local/lib/python3.10/site-packages/airflow/example_dags/tutorial_taskflow_templates.py
[2025-03-12T14:21:25.890+0200] {processor.py:914} INFO - Processing file /home/munyah/.local/lib/python3.10/site-packages/airflow/example_dags/tutorial_taskflow_templates.py for tasks to queue
[2025-03-12T14:21:25.893+0200] {logging_mixin.py:190} INFO - [2025-03-12T14:21:25.893+0200] {dagbag.py:588} INFO - Filling up the DagBag from /home/munyah/.local/lib/python3.10/site-packages/airflow/example_dags/tutorial_taskflow_templates.py
[2025-03-12T14:21:25.908+0200] {processor.py:925} INFO - DAG(s) 'tutorial_taskflow_templates' retrieved from /home/munyah/.local/lib/python3.10/site-packages/airflow/example_dags/tutorial_taskflow_templates.py
[2025-03-12T14:21:25.926+0200] {logging_mixin.py:190} INFO - [2025-03-12T14:21:25.926+0200] {dag.py:3239} INFO - Sync 1 DAGs
[2025-03-12T14:21:25.951+0200] {logging_mixin.py:190} INFO - [2025-03-12T14:21:25.950+0200] {dag.py:4180} INFO - Setting next_dagrun for tutorial_taskflow_templates to 2025-03-11 00:00:00+00:00, run_after=2025-03-12 00:00:00+00:00
[2025-03-12T14:21:25.973+0200] {processor.py:208} INFO - Processing /home/munyah/.local/lib/python3.10/site-packages/airflow/example_dags/tutorial_taskflow_templates.py took 0.091 seconds
[2025-03-12T14:22:22.359+0200] {processor.py:186} INFO - Started process (PID=135555) to work on /home/munyah/.local/lib/python3.10/site-packages/airflow/example_dags/tutorial_taskflow_templates.py
[2025-03-12T14:22:22.361+0200] {processor.py:914} INFO - Processing file /home/munyah/.local/lib/python3.10/site-packages/airflow/example_dags/tutorial_taskflow_templates.py for tasks to queue
[2025-03-12T14:22:22.365+0200] {logging_mixin.py:190} INFO - [2025-03-12T14:22:22.364+0200] {dagbag.py:588} INFO - Filling up the DagBag from /home/munyah/.local/lib/python3.10/site-packages/airflow/example_dags/tutorial_taskflow_templates.py
[2025-03-12T14:22:22.386+0200] {processor.py:925} INFO - DAG(s) 'tutorial_taskflow_templates' retrieved from /home/munyah/.local/lib/python3.10/site-packages/airflow/example_dags/tutorial_taskflow_templates.py
[2025-03-12T14:22:22.406+0200] {logging_mixin.py:190} INFO - [2025-03-12T14:22:22.406+0200] {dag.py:3239} INFO - Sync 1 DAGs
[2025-03-12T14:22:22.431+0200] {logging_mixin.py:190} INFO - [2025-03-12T14:22:22.431+0200] {dag.py:4180} INFO - Setting next_dagrun for tutorial_taskflow_templates to 2025-03-11 00:00:00+00:00, run_after=2025-03-12 00:00:00+00:00
[2025-03-12T14:22:22.456+0200] {processor.py:208} INFO - Processing /home/munyah/.local/lib/python3.10/site-packages/airflow/example_dags/tutorial_taskflow_templates.py took 0.106 seconds
[2025-03-12T14:22:58.133+0200] {processor.py:186} INFO - Started process (PID=136377) to work on /home/munyah/.local/lib/python3.10/site-packages/airflow/example_dags/tutorial_taskflow_templates.py
[2025-03-12T14:22:58.134+0200] {processor.py:914} INFO - Processing file /home/munyah/.local/lib/python3.10/site-packages/airflow/example_dags/tutorial_taskflow_templates.py for tasks to queue
[2025-03-12T14:22:58.137+0200] {logging_mixin.py:190} INFO - [2025-03-12T14:22:58.137+0200] {dagbag.py:588} INFO - Filling up the DagBag from /home/munyah/.local/lib/python3.10/site-packages/airflow/example_dags/tutorial_taskflow_templates.py
[2025-03-12T14:22:58.157+0200] {processor.py:925} INFO - DAG(s) 'tutorial_taskflow_templates' retrieved from /home/munyah/.local/lib/python3.10/site-packages/airflow/example_dags/tutorial_taskflow_templates.py
[2025-03-12T14:22:58.179+0200] {logging_mixin.py:190} INFO - [2025-03-12T14:22:58.179+0200] {dag.py:3239} INFO - Sync 1 DAGs
[2025-03-12T14:22:58.208+0200] {logging_mixin.py:190} INFO - [2025-03-12T14:22:58.208+0200] {dag.py:4180} INFO - Setting next_dagrun for tutorial_taskflow_templates to 2025-03-11 00:00:00+00:00, run_after=2025-03-12 00:00:00+00:00
[2025-03-12T14:22:58.231+0200] {processor.py:208} INFO - Processing /home/munyah/.local/lib/python3.10/site-packages/airflow/example_dags/tutorial_taskflow_templates.py took 0.106 seconds
[2025-03-12T14:23:35.311+0200] {processor.py:186} INFO - Started process (PID=136499) to work on /home/munyah/.local/lib/python3.10/site-packages/airflow/example_dags/tutorial_taskflow_templates.py
[2025-03-12T14:23:35.313+0200] {processor.py:914} INFO - Processing file /home/munyah/.local/lib/python3.10/site-packages/airflow/example_dags/tutorial_taskflow_templates.py for tasks to queue
[2025-03-12T14:23:35.316+0200] {logging_mixin.py:190} INFO - [2025-03-12T14:23:35.316+0200] {dagbag.py:588} INFO - Filling up the DagBag from /home/munyah/.local/lib/python3.10/site-packages/airflow/example_dags/tutorial_taskflow_templates.py
[2025-03-12T14:23:35.338+0200] {processor.py:925} INFO - DAG(s) 'tutorial_taskflow_templates' retrieved from /home/munyah/.local/lib/python3.10/site-packages/airflow/example_dags/tutorial_taskflow_templates.py
[2025-03-12T14:23:35.357+0200] {logging_mixin.py:190} INFO - [2025-03-12T14:23:35.357+0200] {dag.py:3239} INFO - Sync 1 DAGs
[2025-03-12T14:23:35.381+0200] {logging_mixin.py:190} INFO - [2025-03-12T14:23:35.381+0200] {dag.py:4180} INFO - Setting next_dagrun for tutorial_taskflow_templates to 2025-03-11 00:00:00+00:00, run_after=2025-03-12 00:00:00+00:00
[2025-03-12T14:23:35.405+0200] {processor.py:208} INFO - Processing /home/munyah/.local/lib/python3.10/site-packages/airflow/example_dags/tutorial_taskflow_templates.py took 0.105 seconds
[2025-03-12T14:24:12.280+0200] {processor.py:186} INFO - Started process (PID=136632) to work on /home/munyah/.local/lib/python3.10/site-packages/airflow/example_dags/tutorial_taskflow_templates.py
[2025-03-12T14:24:12.281+0200] {processor.py:914} INFO - Processing file /home/munyah/.local/lib/python3.10/site-packages/airflow/example_dags/tutorial_taskflow_templates.py for tasks to queue
[2025-03-12T14:24:12.283+0200] {logging_mixin.py:190} INFO - [2025-03-12T14:24:12.283+0200] {dagbag.py:588} INFO - Filling up the DagBag from /home/munyah/.local/lib/python3.10/site-packages/airflow/example_dags/tutorial_taskflow_templates.py
[2025-03-12T14:24:12.299+0200] {processor.py:925} INFO - DAG(s) 'tutorial_taskflow_templates' retrieved from /home/munyah/.local/lib/python3.10/site-packages/airflow/example_dags/tutorial_taskflow_templates.py
[2025-03-12T14:24:12.318+0200] {logging_mixin.py:190} INFO - [2025-03-12T14:24:12.318+0200] {dag.py:3239} INFO - Sync 1 DAGs
[2025-03-12T14:24:12.342+0200] {logging_mixin.py:190} INFO - [2025-03-12T14:24:12.342+0200] {dag.py:4180} INFO - Setting next_dagrun for tutorial_taskflow_templates to 2025-03-11 00:00:00+00:00, run_after=2025-03-12 00:00:00+00:00
[2025-03-12T14:24:12.364+0200] {processor.py:208} INFO - Processing /home/munyah/.local/lib/python3.10/site-packages/airflow/example_dags/tutorial_taskflow_templates.py took 0.092 seconds
[2025-03-12T14:25:09.376+0200] {processor.py:186} INFO - Started process (PID=136840) to work on /home/munyah/.local/lib/python3.10/site-packages/airflow/example_dags/tutorial_taskflow_templates.py
[2025-03-12T14:25:09.377+0200] {processor.py:914} INFO - Processing file /home/munyah/.local/lib/python3.10/site-packages/airflow/example_dags/tutorial_taskflow_templates.py for tasks to queue
[2025-03-12T14:25:09.380+0200] {logging_mixin.py:190} INFO - [2025-03-12T14:25:09.379+0200] {dagbag.py:588} INFO - Filling up the DagBag from /home/munyah/.local/lib/python3.10/site-packages/airflow/example_dags/tutorial_taskflow_templates.py
[2025-03-12T14:25:09.399+0200] {processor.py:925} INFO - DAG(s) 'tutorial_taskflow_templates' retrieved from /home/munyah/.local/lib/python3.10/site-packages/airflow/example_dags/tutorial_taskflow_templates.py
[2025-03-12T14:25:09.419+0200] {logging_mixin.py:190} INFO - [2025-03-12T14:25:09.418+0200] {dag.py:3239} INFO - Sync 1 DAGs
[2025-03-12T14:25:09.443+0200] {logging_mixin.py:190} INFO - [2025-03-12T14:25:09.443+0200] {dag.py:4180} INFO - Setting next_dagrun for tutorial_taskflow_templates to 2025-03-11 00:00:00+00:00, run_after=2025-03-12 00:00:00+00:00
[2025-03-12T14:25:09.464+0200] {processor.py:208} INFO - Processing /home/munyah/.local/lib/python3.10/site-packages/airflow/example_dags/tutorial_taskflow_templates.py took 0.095 seconds
[2025-03-12T14:26:08.895+0200] {processor.py:186} INFO - Started process (PID=137055) to work on /home/munyah/.local/lib/python3.10/site-packages/airflow/example_dags/tutorial_taskflow_templates.py
[2025-03-12T14:26:08.896+0200] {processor.py:914} INFO - Processing file /home/munyah/.local/lib/python3.10/site-packages/airflow/example_dags/tutorial_taskflow_templates.py for tasks to queue
[2025-03-12T14:26:08.899+0200] {logging_mixin.py:190} INFO - [2025-03-12T14:26:08.898+0200] {dagbag.py:588} INFO - Filling up the DagBag from /home/munyah/.local/lib/python3.10/site-packages/airflow/example_dags/tutorial_taskflow_templates.py
[2025-03-12T14:26:08.915+0200] {processor.py:925} INFO - DAG(s) 'tutorial_taskflow_templates' retrieved from /home/munyah/.local/lib/python3.10/site-packages/airflow/example_dags/tutorial_taskflow_templates.py
[2025-03-12T14:26:08.935+0200] {logging_mixin.py:190} INFO - [2025-03-12T14:26:08.934+0200] {dag.py:3239} INFO - Sync 1 DAGs
[2025-03-12T14:26:08.962+0200] {logging_mixin.py:190} INFO - [2025-03-12T14:26:08.962+0200] {dag.py:4180} INFO - Setting next_dagrun for tutorial_taskflow_templates to 2025-03-11 00:00:00+00:00, run_after=2025-03-12 00:00:00+00:00
[2025-03-12T14:26:08.983+0200] {processor.py:208} INFO - Processing /home/munyah/.local/lib/python3.10/site-packages/airflow/example_dags/tutorial_taskflow_templates.py took 0.096 seconds
[2025-03-12T14:27:10.096+0200] {processor.py:186} INFO - Started process (PID=137246) to work on /home/munyah/.local/lib/python3.10/site-packages/airflow/example_dags/tutorial_taskflow_templates.py
[2025-03-12T14:27:10.098+0200] {processor.py:914} INFO - Processing file /home/munyah/.local/lib/python3.10/site-packages/airflow/example_dags/tutorial_taskflow_templates.py for tasks to queue
[2025-03-12T14:27:10.101+0200] {logging_mixin.py:190} INFO - [2025-03-12T14:27:10.101+0200] {dagbag.py:588} INFO - Filling up the DagBag from /home/munyah/.local/lib/python3.10/site-packages/airflow/example_dags/tutorial_taskflow_templates.py
[2025-03-12T14:27:10.120+0200] {processor.py:925} INFO - DAG(s) 'tutorial_taskflow_templates' retrieved from /home/munyah/.local/lib/python3.10/site-packages/airflow/example_dags/tutorial_taskflow_templates.py
[2025-03-12T14:27:10.139+0200] {logging_mixin.py:190} INFO - [2025-03-12T14:27:10.139+0200] {dag.py:3239} INFO - Sync 1 DAGs
[2025-03-12T14:27:10.166+0200] {logging_mixin.py:190} INFO - [2025-03-12T14:27:10.166+0200] {dag.py:4180} INFO - Setting next_dagrun for tutorial_taskflow_templates to 2025-03-11 00:00:00+00:00, run_after=2025-03-12 00:00:00+00:00
[2025-03-12T14:27:10.188+0200] {processor.py:208} INFO - Processing /home/munyah/.local/lib/python3.10/site-packages/airflow/example_dags/tutorial_taskflow_templates.py took 0.099 seconds
[2025-03-12T14:28:13.833+0200] {processor.py:186} INFO - Started process (PID=137445) to work on /home/munyah/.local/lib/python3.10/site-packages/airflow/example_dags/tutorial_taskflow_templates.py
[2025-03-12T14:28:13.835+0200] {processor.py:914} INFO - Processing file /home/munyah/.local/lib/python3.10/site-packages/airflow/example_dags/tutorial_taskflow_templates.py for tasks to queue
[2025-03-12T14:28:13.840+0200] {logging_mixin.py:190} INFO - [2025-03-12T14:28:13.839+0200] {dagbag.py:588} INFO - Filling up the DagBag from /home/munyah/.local/lib/python3.10/site-packages/airflow/example_dags/tutorial_taskflow_templates.py
[2025-03-12T14:28:13.865+0200] {processor.py:925} INFO - DAG(s) 'tutorial_taskflow_templates' retrieved from /home/munyah/.local/lib/python3.10/site-packages/airflow/example_dags/tutorial_taskflow_templates.py
[2025-03-12T14:28:13.892+0200] {logging_mixin.py:190} INFO - [2025-03-12T14:28:13.892+0200] {dag.py:3239} INFO - Sync 1 DAGs
[2025-03-12T14:28:13.931+0200] {logging_mixin.py:190} INFO - [2025-03-12T14:28:13.931+0200] {dag.py:4180} INFO - Setting next_dagrun for tutorial_taskflow_templates to 2025-03-11 00:00:00+00:00, run_after=2025-03-12 00:00:00+00:00
[2025-03-12T14:28:13.964+0200] {processor.py:208} INFO - Processing /home/munyah/.local/lib/python3.10/site-packages/airflow/example_dags/tutorial_taskflow_templates.py took 0.147 seconds
[2025-03-12T14:29:11.268+0200] {processor.py:186} INFO - Started process (PID=137909) to work on /home/munyah/.local/lib/python3.10/site-packages/airflow/example_dags/tutorial_taskflow_templates.py
[2025-03-12T14:29:11.269+0200] {processor.py:914} INFO - Processing file /home/munyah/.local/lib/python3.10/site-packages/airflow/example_dags/tutorial_taskflow_templates.py for tasks to queue
[2025-03-12T14:29:11.271+0200] {logging_mixin.py:190} INFO - [2025-03-12T14:29:11.271+0200] {dagbag.py:588} INFO - Filling up the DagBag from /home/munyah/.local/lib/python3.10/site-packages/airflow/example_dags/tutorial_taskflow_templates.py
[2025-03-12T14:29:11.288+0200] {processor.py:925} INFO - DAG(s) 'tutorial_taskflow_templates' retrieved from /home/munyah/.local/lib/python3.10/site-packages/airflow/example_dags/tutorial_taskflow_templates.py
[2025-03-12T14:29:11.307+0200] {logging_mixin.py:190} INFO - [2025-03-12T14:29:11.307+0200] {dag.py:3239} INFO - Sync 1 DAGs
[2025-03-12T14:29:11.334+0200] {logging_mixin.py:190} INFO - [2025-03-12T14:29:11.334+0200] {dag.py:4180} INFO - Setting next_dagrun for tutorial_taskflow_templates to 2025-03-11 00:00:00+00:00, run_after=2025-03-12 00:00:00+00:00
[2025-03-12T14:29:11.358+0200] {processor.py:208} INFO - Processing /home/munyah/.local/lib/python3.10/site-packages/airflow/example_dags/tutorial_taskflow_templates.py took 0.097 seconds
[2025-03-12T14:30:09.805+0200] {processor.py:186} INFO - Started process (PID=138629) to work on /home/munyah/.local/lib/python3.10/site-packages/airflow/example_dags/tutorial_taskflow_templates.py
[2025-03-12T14:30:09.806+0200] {processor.py:914} INFO - Processing file /home/munyah/.local/lib/python3.10/site-packages/airflow/example_dags/tutorial_taskflow_templates.py for tasks to queue
[2025-03-12T14:30:09.809+0200] {logging_mixin.py:190} INFO - [2025-03-12T14:30:09.808+0200] {dagbag.py:588} INFO - Filling up the DagBag from /home/munyah/.local/lib/python3.10/site-packages/airflow/example_dags/tutorial_taskflow_templates.py
[2025-03-12T14:30:09.825+0200] {processor.py:925} INFO - DAG(s) 'tutorial_taskflow_templates' retrieved from /home/munyah/.local/lib/python3.10/site-packages/airflow/example_dags/tutorial_taskflow_templates.py
[2025-03-12T14:30:09.846+0200] {logging_mixin.py:190} INFO - [2025-03-12T14:30:09.845+0200] {dag.py:3239} INFO - Sync 1 DAGs
[2025-03-12T14:30:09.871+0200] {logging_mixin.py:190} INFO - [2025-03-12T14:30:09.871+0200] {dag.py:4180} INFO - Setting next_dagrun for tutorial_taskflow_templates to 2025-03-11 00:00:00+00:00, run_after=2025-03-12 00:00:00+00:00
[2025-03-12T14:30:09.895+0200] {processor.py:208} INFO - Processing /home/munyah/.local/lib/python3.10/site-packages/airflow/example_dags/tutorial_taskflow_templates.py took 0.098 seconds
[2025-03-12T14:31:13.807+0200] {processor.py:186} INFO - Started process (PID=138882) to work on /home/munyah/.local/lib/python3.10/site-packages/airflow/example_dags/tutorial_taskflow_templates.py
[2025-03-12T14:31:13.808+0200] {processor.py:914} INFO - Processing file /home/munyah/.local/lib/python3.10/site-packages/airflow/example_dags/tutorial_taskflow_templates.py for tasks to queue
[2025-03-12T14:31:13.811+0200] {logging_mixin.py:190} INFO - [2025-03-12T14:31:13.811+0200] {dagbag.py:588} INFO - Filling up the DagBag from /home/munyah/.local/lib/python3.10/site-packages/airflow/example_dags/tutorial_taskflow_templates.py
[2025-03-12T14:31:13.829+0200] {processor.py:925} INFO - DAG(s) 'tutorial_taskflow_templates' retrieved from /home/munyah/.local/lib/python3.10/site-packages/airflow/example_dags/tutorial_taskflow_templates.py
[2025-03-12T14:31:13.849+0200] {logging_mixin.py:190} INFO - [2025-03-12T14:31:13.849+0200] {dag.py:3239} INFO - Sync 1 DAGs
[2025-03-12T14:31:13.876+0200] {logging_mixin.py:190} INFO - [2025-03-12T14:31:13.876+0200] {dag.py:4180} INFO - Setting next_dagrun for tutorial_taskflow_templates to 2025-03-11 00:00:00+00:00, run_after=2025-03-12 00:00:00+00:00
[2025-03-12T14:31:13.898+0200] {processor.py:208} INFO - Processing /home/munyah/.local/lib/python3.10/site-packages/airflow/example_dags/tutorial_taskflow_templates.py took 0.099 seconds
[2025-03-12T14:32:17.663+0200] {processor.py:186} INFO - Started process (PID=139095) to work on /home/munyah/.local/lib/python3.10/site-packages/airflow/example_dags/tutorial_taskflow_templates.py
[2025-03-12T14:32:17.664+0200] {processor.py:914} INFO - Processing file /home/munyah/.local/lib/python3.10/site-packages/airflow/example_dags/tutorial_taskflow_templates.py for tasks to queue
[2025-03-12T14:32:17.666+0200] {logging_mixin.py:190} INFO - [2025-03-12T14:32:17.666+0200] {dagbag.py:588} INFO - Filling up the DagBag from /home/munyah/.local/lib/python3.10/site-packages/airflow/example_dags/tutorial_taskflow_templates.py
[2025-03-12T14:32:17.684+0200] {processor.py:925} INFO - DAG(s) 'tutorial_taskflow_templates' retrieved from /home/munyah/.local/lib/python3.10/site-packages/airflow/example_dags/tutorial_taskflow_templates.py
[2025-03-12T14:32:17.715+0200] {logging_mixin.py:190} INFO - [2025-03-12T14:32:17.714+0200] {dag.py:3239} INFO - Sync 1 DAGs
[2025-03-12T14:32:17.743+0200] {logging_mixin.py:190} INFO - [2025-03-12T14:32:17.743+0200] {dag.py:4180} INFO - Setting next_dagrun for tutorial_taskflow_templates to 2025-03-11 00:00:00+00:00, run_after=2025-03-12 00:00:00+00:00
[2025-03-12T14:32:17.769+0200] {processor.py:208} INFO - Processing /home/munyah/.local/lib/python3.10/site-packages/airflow/example_dags/tutorial_taskflow_templates.py took 0.114 seconds
[2025-03-12T14:33:21.296+0200] {processor.py:186} INFO - Started process (PID=139793) to work on /home/munyah/.local/lib/python3.10/site-packages/airflow/example_dags/tutorial_taskflow_templates.py
[2025-03-12T14:33:21.298+0200] {processor.py:914} INFO - Processing file /home/munyah/.local/lib/python3.10/site-packages/airflow/example_dags/tutorial_taskflow_templates.py for tasks to queue
[2025-03-12T14:33:21.304+0200] {logging_mixin.py:190} INFO - [2025-03-12T14:33:21.303+0200] {dagbag.py:588} INFO - Filling up the DagBag from /home/munyah/.local/lib/python3.10/site-packages/airflow/example_dags/tutorial_taskflow_templates.py
[2025-03-12T14:33:21.329+0200] {processor.py:925} INFO - DAG(s) 'tutorial_taskflow_templates' retrieved from /home/munyah/.local/lib/python3.10/site-packages/airflow/example_dags/tutorial_taskflow_templates.py
[2025-03-12T14:33:21.351+0200] {logging_mixin.py:190} INFO - [2025-03-12T14:33:21.350+0200] {dag.py:3239} INFO - Sync 1 DAGs
[2025-03-12T14:33:21.376+0200] {logging_mixin.py:190} INFO - [2025-03-12T14:33:21.375+0200] {dag.py:4180} INFO - Setting next_dagrun for tutorial_taskflow_templates to 2025-03-11 00:00:00+00:00, run_after=2025-03-12 00:00:00+00:00
[2025-03-12T14:33:21.398+0200] {processor.py:208} INFO - Processing /home/munyah/.local/lib/python3.10/site-packages/airflow/example_dags/tutorial_taskflow_templates.py took 0.117 seconds
[2025-03-12T14:34:25.048+0200] {processor.py:186} INFO - Started process (PID=140070) to work on /home/munyah/.local/lib/python3.10/site-packages/airflow/example_dags/tutorial_taskflow_templates.py
[2025-03-12T14:34:25.049+0200] {processor.py:914} INFO - Processing file /home/munyah/.local/lib/python3.10/site-packages/airflow/example_dags/tutorial_taskflow_templates.py for tasks to queue
[2025-03-12T14:34:25.051+0200] {logging_mixin.py:190} INFO - [2025-03-12T14:34:25.051+0200] {dagbag.py:588} INFO - Filling up the DagBag from /home/munyah/.local/lib/python3.10/site-packages/airflow/example_dags/tutorial_taskflow_templates.py
[2025-03-12T14:34:25.069+0200] {processor.py:925} INFO - DAG(s) 'tutorial_taskflow_templates' retrieved from /home/munyah/.local/lib/python3.10/site-packages/airflow/example_dags/tutorial_taskflow_templates.py
[2025-03-12T14:34:25.088+0200] {logging_mixin.py:190} INFO - [2025-03-12T14:34:25.088+0200] {dag.py:3239} INFO - Sync 1 DAGs
[2025-03-12T14:34:25.114+0200] {logging_mixin.py:190} INFO - [2025-03-12T14:34:25.114+0200] {dag.py:4180} INFO - Setting next_dagrun for tutorial_taskflow_templates to 2025-03-11 00:00:00+00:00, run_after=2025-03-12 00:00:00+00:00
[2025-03-12T14:34:25.138+0200] {processor.py:208} INFO - Processing /home/munyah/.local/lib/python3.10/site-packages/airflow/example_dags/tutorial_taskflow_templates.py took 0.098 seconds
[2025-03-12T14:35:27.354+0200] {processor.py:186} INFO - Started process (PID=140239) to work on /home/munyah/.local/lib/python3.10/site-packages/airflow/example_dags/tutorial_taskflow_templates.py
[2025-03-12T14:35:27.356+0200] {processor.py:914} INFO - Processing file /home/munyah/.local/lib/python3.10/site-packages/airflow/example_dags/tutorial_taskflow_templates.py for tasks to queue
[2025-03-12T14:35:27.359+0200] {logging_mixin.py:190} INFO - [2025-03-12T14:35:27.359+0200] {dagbag.py:588} INFO - Filling up the DagBag from /home/munyah/.local/lib/python3.10/site-packages/airflow/example_dags/tutorial_taskflow_templates.py
[2025-03-12T14:35:27.381+0200] {processor.py:925} INFO - DAG(s) 'tutorial_taskflow_templates' retrieved from /home/munyah/.local/lib/python3.10/site-packages/airflow/example_dags/tutorial_taskflow_templates.py
[2025-03-12T14:35:27.401+0200] {logging_mixin.py:190} INFO - [2025-03-12T14:35:27.400+0200] {dag.py:3239} INFO - Sync 1 DAGs
[2025-03-12T14:35:27.425+0200] {logging_mixin.py:190} INFO - [2025-03-12T14:35:27.424+0200] {dag.py:4180} INFO - Setting next_dagrun for tutorial_taskflow_templates to 2025-03-11 00:00:00+00:00, run_after=2025-03-12 00:00:00+00:00
[2025-03-12T14:35:27.447+0200] {processor.py:208} INFO - Processing /home/munyah/.local/lib/python3.10/site-packages/airflow/example_dags/tutorial_taskflow_templates.py took 0.104 seconds
[2025-03-12T14:36:36.186+0200] {processor.py:186} INFO - Started process (PID=140482) to work on /home/munyah/.local/lib/python3.10/site-packages/airflow/example_dags/tutorial_taskflow_templates.py
[2025-03-12T14:36:36.188+0200] {processor.py:914} INFO - Processing file /home/munyah/.local/lib/python3.10/site-packages/airflow/example_dags/tutorial_taskflow_templates.py for tasks to queue
[2025-03-12T14:36:36.191+0200] {logging_mixin.py:190} INFO - [2025-03-12T14:36:36.190+0200] {dagbag.py:588} INFO - Filling up the DagBag from /home/munyah/.local/lib/python3.10/site-packages/airflow/example_dags/tutorial_taskflow_templates.py
[2025-03-12T14:36:36.209+0200] {processor.py:925} INFO - DAG(s) 'tutorial_taskflow_templates' retrieved from /home/munyah/.local/lib/python3.10/site-packages/airflow/example_dags/tutorial_taskflow_templates.py
[2025-03-12T14:36:36.228+0200] {logging_mixin.py:190} INFO - [2025-03-12T14:36:36.227+0200] {dag.py:3239} INFO - Sync 1 DAGs
[2025-03-12T14:36:36.251+0200] {logging_mixin.py:190} INFO - [2025-03-12T14:36:36.251+0200] {dag.py:4180} INFO - Setting next_dagrun for tutorial_taskflow_templates to 2025-03-11 00:00:00+00:00, run_after=2025-03-12 00:00:00+00:00
[2025-03-12T14:36:36.273+0200] {processor.py:208} INFO - Processing /home/munyah/.local/lib/python3.10/site-packages/airflow/example_dags/tutorial_taskflow_templates.py took 0.098 seconds
[2025-03-12T14:37:39.647+0200] {processor.py:186} INFO - Started process (PID=140624) to work on /home/munyah/.local/lib/python3.10/site-packages/airflow/example_dags/tutorial_taskflow_templates.py
[2025-03-12T14:37:39.648+0200] {processor.py:914} INFO - Processing file /home/munyah/.local/lib/python3.10/site-packages/airflow/example_dags/tutorial_taskflow_templates.py for tasks to queue
[2025-03-12T14:37:39.651+0200] {logging_mixin.py:190} INFO - [2025-03-12T14:37:39.650+0200] {dagbag.py:588} INFO - Filling up the DagBag from /home/munyah/.local/lib/python3.10/site-packages/airflow/example_dags/tutorial_taskflow_templates.py
[2025-03-12T14:37:39.667+0200] {processor.py:925} INFO - DAG(s) 'tutorial_taskflow_templates' retrieved from /home/munyah/.local/lib/python3.10/site-packages/airflow/example_dags/tutorial_taskflow_templates.py
[2025-03-12T14:37:39.685+0200] {logging_mixin.py:190} INFO - [2025-03-12T14:37:39.685+0200] {dag.py:3239} INFO - Sync 1 DAGs
[2025-03-12T14:37:39.709+0200] {logging_mixin.py:190} INFO - [2025-03-12T14:37:39.708+0200] {dag.py:4180} INFO - Setting next_dagrun for tutorial_taskflow_templates to 2025-03-11 00:00:00+00:00, run_after=2025-03-12 00:00:00+00:00
[2025-03-12T14:37:39.731+0200] {processor.py:208} INFO - Processing /home/munyah/.local/lib/python3.10/site-packages/airflow/example_dags/tutorial_taskflow_templates.py took 0.093 seconds
[2025-03-12T14:38:44.328+0200] {processor.py:186} INFO - Started process (PID=140704) to work on /home/munyah/.local/lib/python3.10/site-packages/airflow/example_dags/tutorial_taskflow_templates.py
[2025-03-12T14:38:44.329+0200] {processor.py:914} INFO - Processing file /home/munyah/.local/lib/python3.10/site-packages/airflow/example_dags/tutorial_taskflow_templates.py for tasks to queue
[2025-03-12T14:38:44.332+0200] {logging_mixin.py:190} INFO - [2025-03-12T14:38:44.332+0200] {dagbag.py:588} INFO - Filling up the DagBag from /home/munyah/.local/lib/python3.10/site-packages/airflow/example_dags/tutorial_taskflow_templates.py
[2025-03-12T14:38:44.351+0200] {processor.py:925} INFO - DAG(s) 'tutorial_taskflow_templates' retrieved from /home/munyah/.local/lib/python3.10/site-packages/airflow/example_dags/tutorial_taskflow_templates.py
[2025-03-12T14:38:44.370+0200] {logging_mixin.py:190} INFO - [2025-03-12T14:38:44.370+0200] {dag.py:3239} INFO - Sync 1 DAGs
[2025-03-12T14:38:44.393+0200] {logging_mixin.py:190} INFO - [2025-03-12T14:38:44.393+0200] {dag.py:4180} INFO - Setting next_dagrun for tutorial_taskflow_templates to 2025-03-11 00:00:00+00:00, run_after=2025-03-12 00:00:00+00:00
[2025-03-12T14:38:44.415+0200] {processor.py:208} INFO - Processing /home/munyah/.local/lib/python3.10/site-packages/airflow/example_dags/tutorial_taskflow_templates.py took 0.098 seconds
[2025-03-12T14:39:50.137+0200] {processor.py:186} INFO - Started process (PID=140812) to work on /home/munyah/.local/lib/python3.10/site-packages/airflow/example_dags/tutorial_taskflow_templates.py
[2025-03-12T14:39:50.139+0200] {processor.py:914} INFO - Processing file /home/munyah/.local/lib/python3.10/site-packages/airflow/example_dags/tutorial_taskflow_templates.py for tasks to queue
[2025-03-12T14:39:50.141+0200] {logging_mixin.py:190} INFO - [2025-03-12T14:39:50.141+0200] {dagbag.py:588} INFO - Filling up the DagBag from /home/munyah/.local/lib/python3.10/site-packages/airflow/example_dags/tutorial_taskflow_templates.py
[2025-03-12T14:39:50.158+0200] {processor.py:925} INFO - DAG(s) 'tutorial_taskflow_templates' retrieved from /home/munyah/.local/lib/python3.10/site-packages/airflow/example_dags/tutorial_taskflow_templates.py
[2025-03-12T14:39:50.176+0200] {logging_mixin.py:190} INFO - [2025-03-12T14:39:50.175+0200] {dag.py:3239} INFO - Sync 1 DAGs
[2025-03-12T14:39:50.199+0200] {logging_mixin.py:190} INFO - [2025-03-12T14:39:50.199+0200] {dag.py:4180} INFO - Setting next_dagrun for tutorial_taskflow_templates to 2025-03-11 00:00:00+00:00, run_after=2025-03-12 00:00:00+00:00
[2025-03-12T14:39:50.229+0200] {processor.py:208} INFO - Processing /home/munyah/.local/lib/python3.10/site-packages/airflow/example_dags/tutorial_taskflow_templates.py took 0.099 seconds
[2025-03-12T14:40:52.764+0200] {processor.py:186} INFO - Started process (PID=140941) to work on /home/munyah/.local/lib/python3.10/site-packages/airflow/example_dags/tutorial_taskflow_templates.py
[2025-03-12T14:40:52.765+0200] {processor.py:914} INFO - Processing file /home/munyah/.local/lib/python3.10/site-packages/airflow/example_dags/tutorial_taskflow_templates.py for tasks to queue
[2025-03-12T14:40:52.768+0200] {logging_mixin.py:190} INFO - [2025-03-12T14:40:52.768+0200] {dagbag.py:588} INFO - Filling up the DagBag from /home/munyah/.local/lib/python3.10/site-packages/airflow/example_dags/tutorial_taskflow_templates.py
[2025-03-12T14:40:52.786+0200] {processor.py:925} INFO - DAG(s) 'tutorial_taskflow_templates' retrieved from /home/munyah/.local/lib/python3.10/site-packages/airflow/example_dags/tutorial_taskflow_templates.py
[2025-03-12T14:40:52.803+0200] {logging_mixin.py:190} INFO - [2025-03-12T14:40:52.803+0200] {dag.py:3239} INFO - Sync 1 DAGs
[2025-03-12T14:40:52.826+0200] {logging_mixin.py:190} INFO - [2025-03-12T14:40:52.826+0200] {dag.py:4180} INFO - Setting next_dagrun for tutorial_taskflow_templates to 2025-03-11 00:00:00+00:00, run_after=2025-03-12 00:00:00+00:00
[2025-03-12T14:40:52.846+0200] {processor.py:208} INFO - Processing /home/munyah/.local/lib/python3.10/site-packages/airflow/example_dags/tutorial_taskflow_templates.py took 0.091 seconds
[2025-03-12T14:41:54.898+0200] {processor.py:186} INFO - Started process (PID=141254) to work on /home/munyah/.local/lib/python3.10/site-packages/airflow/example_dags/tutorial_taskflow_templates.py
[2025-03-12T14:41:54.899+0200] {processor.py:914} INFO - Processing file /home/munyah/.local/lib/python3.10/site-packages/airflow/example_dags/tutorial_taskflow_templates.py for tasks to queue
[2025-03-12T14:41:54.902+0200] {logging_mixin.py:190} INFO - [2025-03-12T14:41:54.902+0200] {dagbag.py:588} INFO - Filling up the DagBag from /home/munyah/.local/lib/python3.10/site-packages/airflow/example_dags/tutorial_taskflow_templates.py
[2025-03-12T14:41:54.921+0200] {processor.py:925} INFO - DAG(s) 'tutorial_taskflow_templates' retrieved from /home/munyah/.local/lib/python3.10/site-packages/airflow/example_dags/tutorial_taskflow_templates.py
[2025-03-12T14:41:54.941+0200] {logging_mixin.py:190} INFO - [2025-03-12T14:41:54.940+0200] {dag.py:3239} INFO - Sync 1 DAGs
[2025-03-12T14:41:54.966+0200] {logging_mixin.py:190} INFO - [2025-03-12T14:41:54.966+0200] {dag.py:4180} INFO - Setting next_dagrun for tutorial_taskflow_templates to 2025-03-11 00:00:00+00:00, run_after=2025-03-12 00:00:00+00:00
[2025-03-12T14:41:54.987+0200] {processor.py:208} INFO - Processing /home/munyah/.local/lib/python3.10/site-packages/airflow/example_dags/tutorial_taskflow_templates.py took 0.102 seconds
[2025-03-12T14:42:55.822+0200] {processor.py:186} INFO - Started process (PID=141453) to work on /home/munyah/.local/lib/python3.10/site-packages/airflow/example_dags/tutorial_taskflow_templates.py
[2025-03-12T14:42:55.823+0200] {processor.py:914} INFO - Processing file /home/munyah/.local/lib/python3.10/site-packages/airflow/example_dags/tutorial_taskflow_templates.py for tasks to queue
[2025-03-12T14:42:55.826+0200] {logging_mixin.py:190} INFO - [2025-03-12T14:42:55.825+0200] {dagbag.py:588} INFO - Filling up the DagBag from /home/munyah/.local/lib/python3.10/site-packages/airflow/example_dags/tutorial_taskflow_templates.py
[2025-03-12T14:42:55.842+0200] {processor.py:925} INFO - DAG(s) 'tutorial_taskflow_templates' retrieved from /home/munyah/.local/lib/python3.10/site-packages/airflow/example_dags/tutorial_taskflow_templates.py
[2025-03-12T14:42:55.860+0200] {logging_mixin.py:190} INFO - [2025-03-12T14:42:55.860+0200] {dag.py:3239} INFO - Sync 1 DAGs
[2025-03-12T14:42:55.884+0200] {logging_mixin.py:190} INFO - [2025-03-12T14:42:55.884+0200] {dag.py:4180} INFO - Setting next_dagrun for tutorial_taskflow_templates to 2025-03-11 00:00:00+00:00, run_after=2025-03-12 00:00:00+00:00
[2025-03-12T14:42:55.908+0200] {processor.py:208} INFO - Processing /home/munyah/.local/lib/python3.10/site-packages/airflow/example_dags/tutorial_taskflow_templates.py took 0.094 seconds
[2025-03-12T14:43:55.346+0200] {processor.py:186} INFO - Started process (PID=141620) to work on /home/munyah/.local/lib/python3.10/site-packages/airflow/example_dags/tutorial_taskflow_templates.py
[2025-03-12T14:43:55.348+0200] {processor.py:914} INFO - Processing file /home/munyah/.local/lib/python3.10/site-packages/airflow/example_dags/tutorial_taskflow_templates.py for tasks to queue
[2025-03-12T14:43:55.350+0200] {logging_mixin.py:190} INFO - [2025-03-12T14:43:55.350+0200] {dagbag.py:588} INFO - Filling up the DagBag from /home/munyah/.local/lib/python3.10/site-packages/airflow/example_dags/tutorial_taskflow_templates.py
[2025-03-12T14:43:55.366+0200] {processor.py:925} INFO - DAG(s) 'tutorial_taskflow_templates' retrieved from /home/munyah/.local/lib/python3.10/site-packages/airflow/example_dags/tutorial_taskflow_templates.py
[2025-03-12T14:43:55.385+0200] {logging_mixin.py:190} INFO - [2025-03-12T14:43:55.385+0200] {dag.py:3239} INFO - Sync 1 DAGs
[2025-03-12T14:43:55.409+0200] {logging_mixin.py:190} INFO - [2025-03-12T14:43:55.409+0200] {dag.py:4180} INFO - Setting next_dagrun for tutorial_taskflow_templates to 2025-03-11 00:00:00+00:00, run_after=2025-03-12 00:00:00+00:00
[2025-03-12T14:43:55.433+0200] {processor.py:208} INFO - Processing /home/munyah/.local/lib/python3.10/site-packages/airflow/example_dags/tutorial_taskflow_templates.py took 0.095 seconds
[2025-03-12T14:44:55.475+0200] {processor.py:186} INFO - Started process (PID=141811) to work on /home/munyah/.local/lib/python3.10/site-packages/airflow/example_dags/tutorial_taskflow_templates.py
[2025-03-12T14:44:55.476+0200] {processor.py:914} INFO - Processing file /home/munyah/.local/lib/python3.10/site-packages/airflow/example_dags/tutorial_taskflow_templates.py for tasks to queue
[2025-03-12T14:44:55.479+0200] {logging_mixin.py:190} INFO - [2025-03-12T14:44:55.478+0200] {dagbag.py:588} INFO - Filling up the DagBag from /home/munyah/.local/lib/python3.10/site-packages/airflow/example_dags/tutorial_taskflow_templates.py
[2025-03-12T14:44:55.496+0200] {processor.py:925} INFO - DAG(s) 'tutorial_taskflow_templates' retrieved from /home/munyah/.local/lib/python3.10/site-packages/airflow/example_dags/tutorial_taskflow_templates.py
[2025-03-12T14:44:55.514+0200] {logging_mixin.py:190} INFO - [2025-03-12T14:44:55.514+0200] {dag.py:3239} INFO - Sync 1 DAGs
[2025-03-12T14:44:55.539+0200] {logging_mixin.py:190} INFO - [2025-03-12T14:44:55.539+0200] {dag.py:4180} INFO - Setting next_dagrun for tutorial_taskflow_templates to 2025-03-11 00:00:00+00:00, run_after=2025-03-12 00:00:00+00:00
[2025-03-12T14:44:55.561+0200] {processor.py:208} INFO - Processing /home/munyah/.local/lib/python3.10/site-packages/airflow/example_dags/tutorial_taskflow_templates.py took 0.093 seconds
[2025-03-12T14:45:53.373+0200] {processor.py:186} INFO - Started process (PID=142016) to work on /home/munyah/.local/lib/python3.10/site-packages/airflow/example_dags/tutorial_taskflow_templates.py
[2025-03-12T14:45:53.374+0200] {processor.py:914} INFO - Processing file /home/munyah/.local/lib/python3.10/site-packages/airflow/example_dags/tutorial_taskflow_templates.py for tasks to queue
[2025-03-12T14:45:53.377+0200] {logging_mixin.py:190} INFO - [2025-03-12T14:45:53.376+0200] {dagbag.py:588} INFO - Filling up the DagBag from /home/munyah/.local/lib/python3.10/site-packages/airflow/example_dags/tutorial_taskflow_templates.py
[2025-03-12T14:45:53.395+0200] {processor.py:925} INFO - DAG(s) 'tutorial_taskflow_templates' retrieved from /home/munyah/.local/lib/python3.10/site-packages/airflow/example_dags/tutorial_taskflow_templates.py
[2025-03-12T14:45:53.415+0200] {logging_mixin.py:190} INFO - [2025-03-12T14:45:53.415+0200] {dag.py:3239} INFO - Sync 1 DAGs
[2025-03-12T14:45:53.440+0200] {logging_mixin.py:190} INFO - [2025-03-12T14:45:53.439+0200] {dag.py:4180} INFO - Setting next_dagrun for tutorial_taskflow_templates to 2025-03-11 00:00:00+00:00, run_after=2025-03-12 00:00:00+00:00
[2025-03-12T14:45:53.461+0200] {processor.py:208} INFO - Processing /home/munyah/.local/lib/python3.10/site-packages/airflow/example_dags/tutorial_taskflow_templates.py took 0.103 seconds
[2025-03-12T14:46:57.516+0200] {processor.py:186} INFO - Started process (PID=142235) to work on /home/munyah/.local/lib/python3.10/site-packages/airflow/example_dags/tutorial_taskflow_templates.py
[2025-03-12T14:46:57.517+0200] {processor.py:914} INFO - Processing file /home/munyah/.local/lib/python3.10/site-packages/airflow/example_dags/tutorial_taskflow_templates.py for tasks to queue
[2025-03-12T14:46:57.520+0200] {logging_mixin.py:190} INFO - [2025-03-12T14:46:57.519+0200] {dagbag.py:588} INFO - Filling up the DagBag from /home/munyah/.local/lib/python3.10/site-packages/airflow/example_dags/tutorial_taskflow_templates.py
[2025-03-12T14:46:57.536+0200] {processor.py:925} INFO - DAG(s) 'tutorial_taskflow_templates' retrieved from /home/munyah/.local/lib/python3.10/site-packages/airflow/example_dags/tutorial_taskflow_templates.py
[2025-03-12T14:46:57.554+0200] {logging_mixin.py:190} INFO - [2025-03-12T14:46:57.554+0200] {dag.py:3239} INFO - Sync 1 DAGs
[2025-03-12T14:46:57.577+0200] {logging_mixin.py:190} INFO - [2025-03-12T14:46:57.577+0200] {dag.py:4180} INFO - Setting next_dagrun for tutorial_taskflow_templates to 2025-03-11 00:00:00+00:00, run_after=2025-03-12 00:00:00+00:00
[2025-03-12T14:46:57.598+0200] {processor.py:208} INFO - Processing /home/munyah/.local/lib/python3.10/site-packages/airflow/example_dags/tutorial_taskflow_templates.py took 0.089 seconds
[2025-03-12T14:49:15.579+0200] {processor.py:186} INFO - Started process (PID=142721) to work on /home/munyah/.local/lib/python3.10/site-packages/airflow/example_dags/tutorial_taskflow_templates.py
[2025-03-12T14:49:15.580+0200] {processor.py:914} INFO - Processing file /home/munyah/.local/lib/python3.10/site-packages/airflow/example_dags/tutorial_taskflow_templates.py for tasks to queue
[2025-03-12T14:49:15.583+0200] {logging_mixin.py:190} INFO - [2025-03-12T14:49:15.582+0200] {dagbag.py:588} INFO - Filling up the DagBag from /home/munyah/.local/lib/python3.10/site-packages/airflow/example_dags/tutorial_taskflow_templates.py
[2025-03-12T14:49:15.602+0200] {processor.py:925} INFO - DAG(s) 'tutorial_taskflow_templates' retrieved from /home/munyah/.local/lib/python3.10/site-packages/airflow/example_dags/tutorial_taskflow_templates.py
[2025-03-12T14:49:15.623+0200] {logging_mixin.py:190} INFO - [2025-03-12T14:49:15.623+0200] {dag.py:3239} INFO - Sync 1 DAGs
[2025-03-12T14:49:15.651+0200] {logging_mixin.py:190} INFO - [2025-03-12T14:49:15.651+0200] {dag.py:4180} INFO - Setting next_dagrun for tutorial_taskflow_templates to 2025-03-11 00:00:00+00:00, run_after=2025-03-12 00:00:00+00:00
[2025-03-12T14:49:15.681+0200] {processor.py:208} INFO - Processing /home/munyah/.local/lib/python3.10/site-packages/airflow/example_dags/tutorial_taskflow_templates.py took 0.111 seconds
[2025-03-12T14:50:03.128+0200] {processor.py:186} INFO - Started process (PID=142850) to work on /home/munyah/.local/lib/python3.10/site-packages/airflow/example_dags/tutorial_taskflow_templates.py
[2025-03-12T14:50:03.130+0200] {processor.py:914} INFO - Processing file /home/munyah/.local/lib/python3.10/site-packages/airflow/example_dags/tutorial_taskflow_templates.py for tasks to queue
[2025-03-12T14:50:03.132+0200] {logging_mixin.py:190} INFO - [2025-03-12T14:50:03.132+0200] {dagbag.py:588} INFO - Filling up the DagBag from /home/munyah/.local/lib/python3.10/site-packages/airflow/example_dags/tutorial_taskflow_templates.py
[2025-03-12T14:50:03.149+0200] {processor.py:925} INFO - DAG(s) 'tutorial_taskflow_templates' retrieved from /home/munyah/.local/lib/python3.10/site-packages/airflow/example_dags/tutorial_taskflow_templates.py
[2025-03-12T14:50:03.167+0200] {logging_mixin.py:190} INFO - [2025-03-12T14:50:03.167+0200] {dag.py:3239} INFO - Sync 1 DAGs
[2025-03-12T14:50:03.190+0200] {logging_mixin.py:190} INFO - [2025-03-12T14:50:03.190+0200] {dag.py:4180} INFO - Setting next_dagrun for tutorial_taskflow_templates to 2025-03-11 00:00:00+00:00, run_after=2025-03-12 00:00:00+00:00
[2025-03-12T14:50:03.212+0200] {processor.py:208} INFO - Processing /home/munyah/.local/lib/python3.10/site-packages/airflow/example_dags/tutorial_taskflow_templates.py took 0.094 seconds
[2025-03-12T14:50:43.944+0200] {processor.py:186} INFO - Started process (PID=142963) to work on /home/munyah/.local/lib/python3.10/site-packages/airflow/example_dags/tutorial_taskflow_templates.py
[2025-03-12T14:50:43.945+0200] {processor.py:914} INFO - Processing file /home/munyah/.local/lib/python3.10/site-packages/airflow/example_dags/tutorial_taskflow_templates.py for tasks to queue
[2025-03-12T14:50:43.948+0200] {logging_mixin.py:190} INFO - [2025-03-12T14:50:43.947+0200] {dagbag.py:588} INFO - Filling up the DagBag from /home/munyah/.local/lib/python3.10/site-packages/airflow/example_dags/tutorial_taskflow_templates.py
[2025-03-12T14:50:43.966+0200] {processor.py:925} INFO - DAG(s) 'tutorial_taskflow_templates' retrieved from /home/munyah/.local/lib/python3.10/site-packages/airflow/example_dags/tutorial_taskflow_templates.py
[2025-03-12T14:50:43.986+0200] {logging_mixin.py:190} INFO - [2025-03-12T14:50:43.986+0200] {dag.py:3239} INFO - Sync 1 DAGs
[2025-03-12T14:50:44.013+0200] {logging_mixin.py:190} INFO - [2025-03-12T14:50:44.013+0200] {dag.py:4180} INFO - Setting next_dagrun for tutorial_taskflow_templates to 2025-03-11 00:00:00+00:00, run_after=2025-03-12 00:00:00+00:00
[2025-03-12T14:50:44.036+0200] {processor.py:208} INFO - Processing /home/munyah/.local/lib/python3.10/site-packages/airflow/example_dags/tutorial_taskflow_templates.py took 0.102 seconds
[2025-03-12T14:51:48.664+0200] {processor.py:186} INFO - Started process (PID=143193) to work on /home/munyah/.local/lib/python3.10/site-packages/airflow/example_dags/tutorial_taskflow_templates.py
[2025-03-12T14:51:48.665+0200] {processor.py:914} INFO - Processing file /home/munyah/.local/lib/python3.10/site-packages/airflow/example_dags/tutorial_taskflow_templates.py for tasks to queue
[2025-03-12T14:51:48.667+0200] {logging_mixin.py:190} INFO - [2025-03-12T14:51:48.667+0200] {dagbag.py:588} INFO - Filling up the DagBag from /home/munyah/.local/lib/python3.10/site-packages/airflow/example_dags/tutorial_taskflow_templates.py
[2025-03-12T14:51:48.685+0200] {processor.py:925} INFO - DAG(s) 'tutorial_taskflow_templates' retrieved from /home/munyah/.local/lib/python3.10/site-packages/airflow/example_dags/tutorial_taskflow_templates.py
[2025-03-12T14:51:48.703+0200] {logging_mixin.py:190} INFO - [2025-03-12T14:51:48.703+0200] {dag.py:3239} INFO - Sync 1 DAGs
[2025-03-12T14:51:48.733+0200] {logging_mixin.py:190} INFO - [2025-03-12T14:51:48.733+0200] {dag.py:4180} INFO - Setting next_dagrun for tutorial_taskflow_templates to 2025-03-11 00:00:00+00:00, run_after=2025-03-12 00:00:00+00:00
[2025-03-12T14:51:48.756+0200] {processor.py:208} INFO - Processing /home/munyah/.local/lib/python3.10/site-packages/airflow/example_dags/tutorial_taskflow_templates.py took 0.100 seconds
[2025-03-12T14:53:00.784+0200] {processor.py:186} INFO - Started process (PID=143413) to work on /home/munyah/.local/lib/python3.10/site-packages/airflow/example_dags/tutorial_taskflow_templates.py
[2025-03-12T14:53:00.786+0200] {processor.py:914} INFO - Processing file /home/munyah/.local/lib/python3.10/site-packages/airflow/example_dags/tutorial_taskflow_templates.py for tasks to queue
[2025-03-12T14:53:00.789+0200] {logging_mixin.py:190} INFO - [2025-03-12T14:53:00.788+0200] {dagbag.py:588} INFO - Filling up the DagBag from /home/munyah/.local/lib/python3.10/site-packages/airflow/example_dags/tutorial_taskflow_templates.py
[2025-03-12T14:53:00.815+0200] {processor.py:925} INFO - DAG(s) 'tutorial_taskflow_templates' retrieved from /home/munyah/.local/lib/python3.10/site-packages/airflow/example_dags/tutorial_taskflow_templates.py
[2025-03-12T14:53:00.841+0200] {logging_mixin.py:190} INFO - [2025-03-12T14:53:00.841+0200] {dag.py:3239} INFO - Sync 1 DAGs
[2025-03-12T14:53:00.874+0200] {logging_mixin.py:190} INFO - [2025-03-12T14:53:00.874+0200] {dag.py:4180} INFO - Setting next_dagrun for tutorial_taskflow_templates to 2025-03-11 00:00:00+00:00, run_after=2025-03-12 00:00:00+00:00
[2025-03-12T14:53:00.922+0200] {processor.py:208} INFO - Processing /home/munyah/.local/lib/python3.10/site-packages/airflow/example_dags/tutorial_taskflow_templates.py took 0.146 seconds
