[2025-03-18T14:25:11.479+0200] {local_task_job_runner.py:123} INFO - ::group::Pre task execution logs
[2025-03-18T14:25:11.493+0200] {taskinstance.py:2613} INFO - Dependencies all met for dep_context=non-requeueable deps ti=<TaskInstance: patient-monitoring.add_new_patient scheduled__2025-03-18T12:23:00+00:00 [queued]>
[2025-03-18T14:25:11.501+0200] {taskinstance.py:2613} INFO - Dependencies all met for dep_context=requeueable deps ti=<TaskInstance: patient-monitoring.add_new_patient scheduled__2025-03-18T12:23:00+00:00 [queued]>
[2025-03-18T14:25:11.502+0200] {taskinstance.py:2866} INFO - Starting attempt 1 of 2
[2025-03-18T14:25:11.517+0200] {taskinstance.py:2889} INFO - Executing <Task(PythonOperator): add_new_patient> on 2025-03-18 12:23:00+00:00
[2025-03-18T14:25:11.524+0200] {standard_task_runner.py:72} INFO - Started process 37259 to run task
[2025-03-18T14:25:11.528+0200] {standard_task_runner.py:104} INFO - Running: ['airflow', 'tasks', 'run', 'patient-monitoring', 'add_new_patient', 'scheduled__2025-03-18T12:23:00+00:00', '--job-id', '141', '--raw', '--subdir', 'DAGS_FOLDER/real_time_patient_data_update.py', '--cfg-path', '/tmp/tmp97yve6rc']
[2025-03-18T14:25:11.529+0200] {standard_task_runner.py:105} INFO - Job 141: Subtask add_new_patient
[2025-03-18T14:25:11.576+0200] {task_command.py:467} INFO - Running <TaskInstance: patient-monitoring.add_new_patient scheduled__2025-03-18T12:23:00+00:00 [running]> on host munyah-ThinkPad-X1-Yoga-1st
[2025-03-18T14:25:11.652+0200] {taskinstance.py:3132} INFO - Exporting env vars: AIRFLOW_CTX_DAG_OWNER='munyah' AIRFLOW_CTX_DAG_ID='patient-monitoring' AIRFLOW_CTX_TASK_ID='add_new_patient' AIRFLOW_CTX_EXECUTION_DATE='2025-03-18T12:23:00+00:00' AIRFLOW_CTX_TRY_NUMBER='1' AIRFLOW_CTX_DAG_RUN_ID='scheduled__2025-03-18T12:23:00+00:00'
[2025-03-18T14:25:11.653+0200] {logging_mixin.py:190} INFO - Task instance is in running state
[2025-03-18T14:25:11.653+0200] {logging_mixin.py:190} INFO -  Previous state of the Task instance: queued
[2025-03-18T14:25:11.654+0200] {logging_mixin.py:190} INFO - Current task name:add_new_patient state:running start_date:2025-03-18 12:25:11.493932+00:00
[2025-03-18T14:25:11.654+0200] {logging_mixin.py:190} INFO - Dag name:patient-monitoring and current dag run status:running
[2025-03-18T14:25:11.655+0200] {taskinstance.py:731} INFO - ::endgroup::
[2025-03-18T14:25:11.682+0200] {real_time_patient_data_update.py:80} INFO - New Patient Added: {
  "Patient_ID": "PAT-00084",
  "Age": 89,
  "Gender": "Male",
  "Height": 247.5,
  "Weight": 168.16,
  "Temperature": 36.9,
  "Blood_Pressure": "111/83",
  "Cholesterol_Level": "Normal",
  "Blood_Sugar_Level": 171,
  "Heart_Rate": 115,
  "BMI": 17.95,
  "Previous_Medical_History": "No significant history",
  "Comorbidities": "None",
  "Smoking_Status": "Yes",
  "Alcohol_Consumption": "No",
  "Physical_Activity": "Moderate",
  "Last_Visit_Date": "2024-10-10",
  "Genomic_Info": "High Risk",
  "Diagnosis": "No specific diagnosis",
  "Hospitalization": "No"
}
[2025-03-18T14:25:11.683+0200] {real_time_patient_data_update.py:81} INFO - Total Patients After Addition: 91
[2025-03-18T14:25:11.689+0200] {base.py:84} INFO - Retrieving connection 'patients_data'
[2025-03-18T14:25:11.701+0200] {real_time_patient_data_update.py:92} INFO - New patient PAT-00084 added to the database successfully.
[2025-03-18T14:25:11.702+0200] {python.py:240} INFO - Done. Returned value was: None
[2025-03-18T14:25:11.712+0200] {taskinstance.py:340} INFO - ::group::Post task execution logs
[2025-03-18T14:25:11.713+0200] {taskinstance.py:352} INFO - Marking task as SUCCESS. dag_id=patient-monitoring, task_id=add_new_patient, run_id=scheduled__2025-03-18T12:23:00+00:00, execution_date=20250318T122300, start_date=20250318T122511, end_date=20250318T122511
[2025-03-18T14:25:11.729+0200] {logging_mixin.py:190} INFO - Task instance in success state
[2025-03-18T14:25:11.729+0200] {logging_mixin.py:190} INFO -  Previous state of the Task instance: running
[2025-03-18T14:25:11.730+0200] {logging_mixin.py:190} INFO - Dag name:patient-monitoring queued_at:2025-03-18 12:24:59.228320+00:00
[2025-03-18T14:25:11.730+0200] {logging_mixin.py:190} INFO - Task hostname:munyah-ThinkPad-X1-Yoga-1st operator:PythonOperator
[2025-03-18T14:25:11.741+0200] {local_task_job_runner.py:266} INFO - Task exited with return code 0
[2025-03-18T14:25:11.765+0200] {taskinstance.py:3895} INFO - 0 downstream tasks scheduled from follow-on schedule check
[2025-03-18T14:25:11.766+0200] {local_task_job_runner.py:245} INFO - ::endgroup::
