[2025-02-08T14:09:20.566+0200] {local_task_job_runner.py:123} INFO - ::group::Pre task execution logs
[2025-02-08T14:09:20.587+0200] {taskinstance.py:2613} INFO - Dependencies all met for dep_context=non-requeueable deps ti=<TaskInstance: patient-monitoring.add_new_patient manual__2025-02-08T12:09:11.169609+00:00 [queued]>
[2025-02-08T14:09:20.598+0200] {taskinstance.py:2613} INFO - Dependencies all met for dep_context=requeueable deps ti=<TaskInstance: patient-monitoring.add_new_patient manual__2025-02-08T12:09:11.169609+00:00 [queued]>
[2025-02-08T14:09:20.599+0200] {taskinstance.py:2866} INFO - Starting attempt 1 of 2
[2025-02-08T14:09:20.620+0200] {taskinstance.py:2889} INFO - Executing <Task(PythonOperator): add_new_patient> on 2025-02-08 12:09:11.169609+00:00
[2025-02-08T14:09:20.627+0200] {standard_task_runner.py:72} INFO - Started process 51411 to run task
[2025-02-08T14:09:20.633+0200] {standard_task_runner.py:104} INFO - Running: ['airflow', 'tasks', 'run', 'patient-monitoring', 'add_new_patient', 'manual__2025-02-08T12:09:11.169609+00:00', '--job-id', '20', '--raw', '--subdir', 'DAGS_FOLDER/real_time_patient_data_update.py', '--cfg-path', '/tmp/tmpvsygy9fl']
[2025-02-08T14:09:20.635+0200] {standard_task_runner.py:105} INFO - Job 20: Subtask add_new_patient
[2025-02-08T14:09:20.688+0200] {task_command.py:467} INFO - Running <TaskInstance: patient-monitoring.add_new_patient manual__2025-02-08T12:09:11.169609+00:00 [running]> on host munyah-ThinkPad-X1-Yoga-1st
[2025-02-08T14:09:20.805+0200] {taskinstance.py:3132} INFO - Exporting env vars: AIRFLOW_CTX_DAG_OWNER='munyah' AIRFLOW_CTX_DAG_ID='patient-monitoring' AIRFLOW_CTX_TASK_ID='add_new_patient' AIRFLOW_CTX_EXECUTION_DATE='2025-02-08T12:09:11.169609+00:00' AIRFLOW_CTX_TRY_NUMBER='1' AIRFLOW_CTX_DAG_RUN_ID='manual__2025-02-08T12:09:11.169609+00:00'
[2025-02-08T14:09:20.806+0200] {logging_mixin.py:190} INFO - Task instance is in running state
[2025-02-08T14:09:20.807+0200] {logging_mixin.py:190} INFO -  Previous state of the Task instance: queued
[2025-02-08T14:09:20.807+0200] {logging_mixin.py:190} INFO - Current task name:add_new_patient state:running start_date:2025-02-08 12:09:20.587981+00:00
[2025-02-08T14:09:20.807+0200] {logging_mixin.py:190} INFO - Dag name:patient-monitoring and current dag run status:running
[2025-02-08T14:09:20.808+0200] {taskinstance.py:731} INFO - ::endgroup::
[2025-02-08T14:09:20.837+0200] {real_time_patient_data_update.py:76} INFO - New Patient Added: {'Patient_ID': 'PAT-00051', 'Age': 118, 'Gender': 'Female', 'Height': 229.97, 'Weight': 110.97, 'Temperature': 36.5, 'Blood_Pressure': '139/64', 'Cholesterol_Level': 'High', 'Blood_Sugar_Level': 64, 'Heart_Rate': 153, 'BMI': 32.42, 'Previous_Medical_History': 'No significant history', 'Comorbidities': 'None', 'Smoking_Status': 'Yes', 'Alcohol_Consumption': 'No', 'Physical_Activity': 'High', 'Last_Visit_Date': '2024-05-25', 'Genomic_Info': 'Mutated', 'Diagnosis': 'No specific diagnosis', 'Hospitalization': 'Yes'}
[2025-02-08T14:09:20.837+0200] {real_time_patient_data_update.py:77} INFO - Total Patients After Addition: 51
[2025-02-08T14:09:20.837+0200] {python.py:240} INFO - Done. Returned value was: None
[2025-02-08T14:09:20.843+0200] {taskinstance.py:340} INFO - ::group::Post task execution logs
[2025-02-08T14:09:20.843+0200] {taskinstance.py:352} INFO - Marking task as SUCCESS. dag_id=patient-monitoring, task_id=add_new_patient, run_id=manual__2025-02-08T12:09:11.169609+00:00, execution_date=20250208T120911, start_date=20250208T120920, end_date=20250208T120920
[2025-02-08T14:09:20.855+0200] {logging_mixin.py:190} INFO - Task instance in success state
[2025-02-08T14:09:20.856+0200] {logging_mixin.py:190} INFO -  Previous state of the Task instance: running
[2025-02-08T14:09:20.856+0200] {logging_mixin.py:190} INFO - Dag name:patient-monitoring queued_at:2025-02-08 12:09:11.185783+00:00
[2025-02-08T14:09:20.856+0200] {logging_mixin.py:190} INFO - Task hostname:munyah-ThinkPad-X1-Yoga-1st operator:PythonOperator
[2025-02-08T14:09:20.887+0200] {local_task_job_runner.py:266} INFO - Task exited with return code 0
[2025-02-08T14:09:20.904+0200] {taskinstance.py:3895} INFO - 0 downstream tasks scheduled from follow-on schedule check
[2025-02-08T14:09:20.905+0200] {local_task_job_runner.py:245} INFO - ::endgroup::
