[2024-11-23T19:30:08.440+0200] {local_task_job_runner.py:123} INFO - ::group::Pre task execution logs
[2024-11-23T19:30:08.451+0200] {taskinstance.py:2613} INFO - Dependencies all met for dep_context=non-requeueable deps ti=<TaskInstance: real_time_patient_data.update_patient_data scheduled__2024-11-23T17:25:00+00:00 [queued]>
[2024-11-23T19:30:08.458+0200] {taskinstance.py:2613} INFO - Dependencies all met for dep_context=requeueable deps ti=<TaskInstance: real_time_patient_data.update_patient_data scheduled__2024-11-23T17:25:00+00:00 [queued]>
[2024-11-23T19:30:08.459+0200] {taskinstance.py:2866} INFO - Starting attempt 1 of 2
[2024-11-23T19:30:08.473+0200] {taskinstance.py:2889} INFO - Executing <Task(PythonOperator): update_patient_data> on 2024-11-23 17:25:00+00:00
[2024-11-23T19:30:08.482+0200] {standard_task_runner.py:72} INFO - Started process 409643 to run task
[2024-11-23T19:30:08.488+0200] {standard_task_runner.py:104} INFO - Running: ['airflow', 'tasks', 'run', 'real_time_patient_data', 'update_patient_data', 'scheduled__2024-11-23T17:25:00+00:00', '--job-id', '9', '--raw', '--subdir', 'DAGS_FOLDER/real_time_patient_data_update.py', '--cfg-path', '/tmp/tmptcdsmp0t']
[2024-11-23T19:30:08.490+0200] {standard_task_runner.py:105} INFO - Job 9: Subtask update_patient_data
[2024-11-23T19:30:08.547+0200] {task_command.py:467} INFO - Running <TaskInstance: real_time_patient_data.update_patient_data scheduled__2024-11-23T17:25:00+00:00 [running]> on host munyah-ThinkPad-X1-Yoga-1st
[2024-11-23T19:30:08.619+0200] {taskinstance.py:3132} INFO - Exporting env vars: AIRFLOW_CTX_DAG_OWNER='airflow' AIRFLOW_CTX_DAG_ID='real_time_patient_data' AIRFLOW_CTX_TASK_ID='update_patient_data' AIRFLOW_CTX_EXECUTION_DATE='2024-11-23T17:25:00+00:00' AIRFLOW_CTX_TRY_NUMBER='1' AIRFLOW_CTX_DAG_RUN_ID='scheduled__2024-11-23T17:25:00+00:00'
[2024-11-23T19:30:08.620+0200] {logging_mixin.py:190} INFO - Task instance is in running state
[2024-11-23T19:30:08.620+0200] {logging_mixin.py:190} INFO -  Previous state of the Task instance: queued
[2024-11-23T19:30:08.620+0200] {logging_mixin.py:190} INFO - Current task name:update_patient_data state:running start_date:2024-11-23 17:30:08.451752+00:00
[2024-11-23T19:30:08.621+0200] {logging_mixin.py:190} INFO - Dag name:real_time_patient_data and current dag run status:running
[2024-11-23T19:30:08.621+0200] {taskinstance.py:731} INFO - ::endgroup::
[2024-11-23T19:30:08.637+0200] {base.py:84} INFO - Retrieving connection 'patients_data'
[2024-11-23T19:30:08.685+0200] {logging_mixin.py:190} INFO - Added 0 new patients.
[2024-11-23T19:30:08.685+0200] {logging_mixin.py:190} INFO - Updated 50 patients.
[2024-11-23T19:30:08.686+0200] {logging_mixin.py:190} INFO - Total patients stored: 50.
[2024-11-23T19:30:08.686+0200] {python.py:240} INFO - Done. Returned value was: None
[2024-11-23T19:30:08.693+0200] {taskinstance.py:340} INFO - ::group::Post task execution logs
[2024-11-23T19:30:08.694+0200] {taskinstance.py:352} INFO - Marking task as SUCCESS. dag_id=real_time_patient_data, task_id=update_patient_data, run_id=scheduled__2024-11-23T17:25:00+00:00, execution_date=20241123T172500, start_date=20241123T173008, end_date=20241123T173008
[2024-11-23T19:30:08.708+0200] {logging_mixin.py:190} INFO - Task instance in success state
[2024-11-23T19:30:08.708+0200] {logging_mixin.py:190} INFO -  Previous state of the Task instance: running
[2024-11-23T19:30:08.709+0200] {logging_mixin.py:190} INFO - Dag name:real_time_patient_data queued_at:2024-11-23 17:30:01.603862+00:00
[2024-11-23T19:30:08.709+0200] {logging_mixin.py:190} INFO - Task hostname:munyah-ThinkPad-X1-Yoga-1st operator:PythonOperator
[2024-11-23T19:30:08.741+0200] {local_task_job_runner.py:266} INFO - Task exited with return code 0
[2024-11-23T19:30:08.758+0200] {taskinstance.py:3895} INFO - 0 downstream tasks scheduled from follow-on schedule check
[2024-11-23T19:30:08.759+0200] {local_task_job_runner.py:245} INFO - ::endgroup::
[2024-11-23T19:31:06.939+0200] {local_task_job_runner.py:123} INFO - ::group::Pre task execution logs
[2024-11-23T19:31:06.953+0200] {taskinstance.py:2613} INFO - Dependencies all met for dep_context=non-requeueable deps ti=<TaskInstance: real_time_patient_data.update_patient_data scheduled__2024-11-23T17:25:00+00:00 [queued]>
[2024-11-23T19:31:06.963+0200] {taskinstance.py:2613} INFO - Dependencies all met for dep_context=requeueable deps ti=<TaskInstance: real_time_patient_data.update_patient_data scheduled__2024-11-23T17:25:00+00:00 [queued]>
[2024-11-23T19:31:06.963+0200] {taskinstance.py:2866} INFO - Starting attempt 1 of 2
[2024-11-23T19:31:06.977+0200] {taskinstance.py:2889} INFO - Executing <Task(PythonOperator): update_patient_data> on 2024-11-23 17:25:00+00:00
[2024-11-23T19:31:06.984+0200] {standard_task_runner.py:72} INFO - Started process 409950 to run task
[2024-11-23T19:31:06.988+0200] {standard_task_runner.py:104} INFO - Running: ['airflow', 'tasks', 'run', 'real_time_patient_data', 'update_patient_data', 'scheduled__2024-11-23T17:25:00+00:00', '--job-id', '4', '--raw', '--subdir', 'DAGS_FOLDER/real_time_patient_data_update.py', '--cfg-path', '/tmp/tmpaywa9p9k']
[2024-11-23T19:31:06.990+0200] {standard_task_runner.py:105} INFO - Job 4: Subtask update_patient_data
[2024-11-23T19:31:07.033+0200] {task_command.py:467} INFO - Running <TaskInstance: real_time_patient_data.update_patient_data scheduled__2024-11-23T17:25:00+00:00 [running]> on host munyah-ThinkPad-X1-Yoga-1st
[2024-11-23T19:31:07.104+0200] {taskinstance.py:3132} INFO - Exporting env vars: AIRFLOW_CTX_DAG_OWNER='airflow' AIRFLOW_CTX_DAG_ID='real_time_patient_data' AIRFLOW_CTX_TASK_ID='update_patient_data' AIRFLOW_CTX_EXECUTION_DATE='2024-11-23T17:25:00+00:00' AIRFLOW_CTX_TRY_NUMBER='1' AIRFLOW_CTX_DAG_RUN_ID='scheduled__2024-11-23T17:25:00+00:00'
[2024-11-23T19:31:07.105+0200] {logging_mixin.py:190} INFO - Task instance is in running state
[2024-11-23T19:31:07.106+0200] {logging_mixin.py:190} INFO -  Previous state of the Task instance: queued
[2024-11-23T19:31:07.106+0200] {logging_mixin.py:190} INFO - Current task name:update_patient_data state:running start_date:2024-11-23 17:31:06.953681+00:00
[2024-11-23T19:31:07.106+0200] {logging_mixin.py:190} INFO - Dag name:real_time_patient_data and current dag run status:running
[2024-11-23T19:31:07.106+0200] {taskinstance.py:731} INFO - ::endgroup::
[2024-11-23T19:31:07.122+0200] {logging_mixin.py:190} INFO - New patient added: {'Patient_ID': 'PAT-00051', 'Age': 108, 'Gender': 'Male', 'Height': 187.66, 'Weight': 49.0, 'Temperature': 36.8, 'Blood_Pressure': '130/88', 'Cholesterol_Level': 'Normal', 'Blood_Sugar_Level': 176, 'Heart_Rate': 174, 'BMI': 29.26, 'Previous_Medical_History': 'No significant history', 'Comorbidities': 'None', 'Smoking_Status': 'No', 'Alcohol_Consumption': 'Yes', 'Physical_Activity': 'High', 'Last_Visit_Date': '2024-11-07', 'Genomic_Info': 'High Risk', 'Diagnosis': 'No specific diagnosis', 'Hospitalization': 'No'}
[2024-11-23T19:31:07.123+0200] {python.py:240} INFO - Done. Returned value was: None
[2024-11-23T19:31:07.127+0200] {taskinstance.py:340} INFO - ::group::Post task execution logs
[2024-11-23T19:31:07.127+0200] {taskinstance.py:352} INFO - Marking task as SUCCESS. dag_id=real_time_patient_data, task_id=update_patient_data, run_id=scheduled__2024-11-23T17:25:00+00:00, execution_date=20241123T172500, start_date=20241123T173106, end_date=20241123T173107
[2024-11-23T19:31:07.138+0200] {logging_mixin.py:190} INFO - Task instance in success state
[2024-11-23T19:31:07.139+0200] {logging_mixin.py:190} INFO -  Previous state of the Task instance: running
[2024-11-23T19:31:07.139+0200] {logging_mixin.py:190} INFO - Dag name:real_time_patient_data queued_at:2024-11-23 17:30:56.185086+00:00
[2024-11-23T19:31:07.139+0200] {logging_mixin.py:190} INFO - Task hostname:munyah-ThinkPad-X1-Yoga-1st operator:PythonOperator
[2024-11-23T19:31:07.161+0200] {local_task_job_runner.py:266} INFO - Task exited with return code 0
[2024-11-23T19:31:07.186+0200] {taskinstance.py:3895} INFO - 0 downstream tasks scheduled from follow-on schedule check
[2024-11-23T19:31:07.187+0200] {local_task_job_runner.py:245} INFO - ::endgroup::
