[2024-11-25T20:04:07.788+0200] {local_task_job_runner.py:123} INFO - ::group::Pre task execution logs
[2024-11-25T20:04:07.799+0200] {taskinstance.py:2613} INFO - Dependencies all met for dep_context=non-requeueable deps ti=<TaskInstance: continuous_patient_data_generation.add_new_patient scheduled__2024-11-25T18:03:00+00:00 [queued]>
[2024-11-25T20:04:07.806+0200] {taskinstance.py:2613} INFO - Dependencies all met for dep_context=requeueable deps ti=<TaskInstance: continuous_patient_data_generation.add_new_patient scheduled__2024-11-25T18:03:00+00:00 [queued]>
[2024-11-25T20:04:07.806+0200] {taskinstance.py:2866} INFO - Starting attempt 1 of 2
[2024-11-25T20:04:07.820+0200] {taskinstance.py:2889} INFO - Executing <Task(PythonOperator): add_new_patient> on 2024-11-25 18:03:00+00:00
[2024-11-25T20:04:07.825+0200] {standard_task_runner.py:72} INFO - Started process 631979 to run task
[2024-11-25T20:04:07.830+0200] {standard_task_runner.py:104} INFO - Running: ['airflow', 'tasks', 'run', 'continuous_patient_data_generation', 'add_new_patient', 'scheduled__2024-11-25T18:03:00+00:00', '--job-id', '1097', '--raw', '--subdir', 'DAGS_FOLDER/real_time_patient_data_update.py', '--cfg-path', '/tmp/tmp9bo334mu']
[2024-11-25T20:04:07.831+0200] {standard_task_runner.py:105} INFO - Job 1097: Subtask add_new_patient
[2024-11-25T20:04:07.870+0200] {task_command.py:467} INFO - Running <TaskInstance: continuous_patient_data_generation.add_new_patient scheduled__2024-11-25T18:03:00+00:00 [running]> on host munyah-ThinkPad-X1-Yoga-1st
[2024-11-25T20:04:07.954+0200] {taskinstance.py:3132} INFO - Exporting env vars: AIRFLOW_CTX_DAG_OWNER='munyah' AIRFLOW_CTX_DAG_ID='continuous_patient_data_generation' AIRFLOW_CTX_TASK_ID='add_new_patient' AIRFLOW_CTX_EXECUTION_DATE='2024-11-25T18:03:00+00:00' AIRFLOW_CTX_TRY_NUMBER='1' AIRFLOW_CTX_DAG_RUN_ID='scheduled__2024-11-25T18:03:00+00:00'
[2024-11-25T20:04:07.955+0200] {logging_mixin.py:190} INFO - Task instance is in running state
[2024-11-25T20:04:07.956+0200] {logging_mixin.py:190} INFO -  Previous state of the Task instance: queued
[2024-11-25T20:04:07.956+0200] {logging_mixin.py:190} INFO - Current task name:add_new_patient state:running start_date:2024-11-25 18:04:07.799509+00:00
[2024-11-25T20:04:07.956+0200] {logging_mixin.py:190} INFO - Dag name:continuous_patient_data_generation and current dag run status:running
[2024-11-25T20:04:07.957+0200] {taskinstance.py:731} INFO - ::endgroup::
[2024-11-25T20:04:07.964+0200] {real_time_patient_data_update.py:59} INFO - Existing patients before adding new: []
[2024-11-25T20:04:07.976+0200] {real_time_patient_data_update.py:78} INFO - New Patient Added: {'Patient_ID': 'PAT-00001', 'Age': 92, 'Gender': 'Male', 'Height': 157.09, 'Weight': 137.36, 'Temperature': 37.2, 'Blood_Pressure': '97/77', 'Cholesterol_Level': 'Normal', 'Blood_Sugar_Level': 223, 'Heart_Rate': 33, 'BMI': 27.02, 'Previous_Medical_History': 'No significant history', 'Comorbidities': 'None', 'Smoking_Status': 'Yes', 'Alcohol_Consumption': 'No', 'Physical_Activity': 'Low', 'Last_Visit_Date': '2024-11-24', 'Genomic_Info': 'Mutated', 'Diagnosis': 'No specific diagnosis', 'Hospitalization': 'No'}
[2024-11-25T20:04:07.976+0200] {real_time_patient_data_update.py:79} INFO - Updated Patients List: [{'Patient_ID': 'PAT-00001', 'Age': 92, 'Gender': 'Male', 'Height': 157.09, 'Weight': 137.36, 'Temperature': 37.2, 'Blood_Pressure': '97/77', 'Cholesterol_Level': 'Normal', 'Blood_Sugar_Level': 223, 'Heart_Rate': 33, 'BMI': 27.02, 'Previous_Medical_History': 'No significant history', 'Comorbidities': 'None', 'Smoking_Status': 'Yes', 'Alcohol_Consumption': 'No', 'Physical_Activity': 'Low', 'Last_Visit_Date': '2024-11-24', 'Genomic_Info': 'Mutated', 'Diagnosis': 'No specific diagnosis', 'Hospitalization': 'No'}]
[2024-11-25T20:04:07.977+0200] {python.py:240} INFO - Done. Returned value was: None
[2024-11-25T20:04:07.983+0200] {taskinstance.py:340} INFO - ::group::Post task execution logs
[2024-11-25T20:04:07.983+0200] {taskinstance.py:352} INFO - Marking task as SUCCESS. dag_id=continuous_patient_data_generation, task_id=add_new_patient, run_id=scheduled__2024-11-25T18:03:00+00:00, execution_date=20241125T180300, start_date=20241125T180407, end_date=20241125T180407
[2024-11-25T20:04:07.994+0200] {logging_mixin.py:190} INFO - Task instance in success state
[2024-11-25T20:04:07.995+0200] {logging_mixin.py:190} INFO -  Previous state of the Task instance: running
[2024-11-25T20:04:07.995+0200] {logging_mixin.py:190} INFO - Dag name:continuous_patient_data_generation queued_at:2024-11-25 18:04:01.341546+00:00
[2024-11-25T20:04:07.996+0200] {logging_mixin.py:190} INFO - Task hostname:munyah-ThinkPad-X1-Yoga-1st operator:PythonOperator
[2024-11-25T20:04:08.043+0200] {local_task_job_runner.py:266} INFO - Task exited with return code 0
[2024-11-25T20:04:08.063+0200] {taskinstance.py:3895} INFO - 0 downstream tasks scheduled from follow-on schedule check
[2024-11-25T20:04:08.064+0200] {local_task_job_runner.py:245} INFO - ::endgroup::
