[2024-11-24T10:33:52.585+0200] {local_task_job_runner.py:123} INFO - ::group::Pre task execution logs
[2024-11-24T10:33:52.597+0200] {taskinstance.py:2613} INFO - Dependencies all met for dep_context=non-requeueable deps ti=<TaskInstance: real_time_patient_data.add_new_patient scheduled__2024-11-24T08:25:00+00:00 [queued]>
[2024-11-24T10:33:52.604+0200] {taskinstance.py:2613} INFO - Dependencies all met for dep_context=requeueable deps ti=<TaskInstance: real_time_patient_data.add_new_patient scheduled__2024-11-24T08:25:00+00:00 [queued]>
[2024-11-24T10:33:52.604+0200] {taskinstance.py:2866} INFO - Starting attempt 1 of 2
[2024-11-24T10:33:52.619+0200] {taskinstance.py:2889} INFO - Executing <Task(PythonOperator): add_new_patient> on 2024-11-24 08:25:00+00:00
[2024-11-24T10:33:52.625+0200] {standard_task_runner.py:72} INFO - Started process 437191 to run task
[2024-11-24T10:33:52.629+0200] {standard_task_runner.py:104} INFO - Running: ['airflow', 'tasks', 'run', 'real_time_patient_data', 'add_new_patient', 'scheduled__2024-11-24T08:25:00+00:00', '--job-id', '4', '--raw', '--subdir', 'DAGS_FOLDER/real_time_patient_data_update.py', '--cfg-path', '/tmp/tmpqm_v6z5j']
[2024-11-24T10:33:52.631+0200] {standard_task_runner.py:105} INFO - Job 4: Subtask add_new_patient
[2024-11-24T10:33:52.685+0200] {task_command.py:467} INFO - Running <TaskInstance: real_time_patient_data.add_new_patient scheduled__2024-11-24T08:25:00+00:00 [running]> on host munyah-ThinkPad-X1-Yoga-1st
[2024-11-24T10:33:52.775+0200] {taskinstance.py:3132} INFO - Exporting env vars: AIRFLOW_CTX_DAG_OWNER='airflow' AIRFLOW_CTX_DAG_ID='real_time_patient_data' AIRFLOW_CTX_TASK_ID='add_new_patient' AIRFLOW_CTX_EXECUTION_DATE='2024-11-24T08:25:00+00:00' AIRFLOW_CTX_TRY_NUMBER='1' AIRFLOW_CTX_DAG_RUN_ID='scheduled__2024-11-24T08:25:00+00:00'
[2024-11-24T10:33:52.776+0200] {logging_mixin.py:190} INFO - Task instance is in running state
[2024-11-24T10:33:52.776+0200] {logging_mixin.py:190} INFO -  Previous state of the Task instance: queued
[2024-11-24T10:33:52.776+0200] {logging_mixin.py:190} INFO - Current task name:add_new_patient state:running start_date:2024-11-24 08:33:52.598094+00:00
[2024-11-24T10:33:52.777+0200] {logging_mixin.py:190} INFO - Dag name:real_time_patient_data and current dag run status:running
[2024-11-24T10:33:52.777+0200] {taskinstance.py:731} INFO - ::endgroup::
[2024-11-24T10:33:52.801+0200] {logging_mixin.py:190} INFO - New Patient Added: {'Patient_ID': 'PAT-4b2f2cd4', 'Age': 112, 'Gender': 'Male', 'Height': 243.94, 'Weight': 45.0, 'Temperature': 36.9, 'Blood_Pressure': '117/64'}
[2024-11-24T10:33:52.802+0200] {python.py:240} INFO - Done. Returned value was: None
[2024-11-24T10:33:52.808+0200] {taskinstance.py:340} INFO - ::group::Post task execution logs
[2024-11-24T10:33:52.809+0200] {taskinstance.py:352} INFO - Marking task as SUCCESS. dag_id=real_time_patient_data, task_id=add_new_patient, run_id=scheduled__2024-11-24T08:25:00+00:00, execution_date=20241124T082500, start_date=20241124T083352, end_date=20241124T083352
[2024-11-24T10:33:52.824+0200] {logging_mixin.py:190} INFO - Task instance in success state
[2024-11-24T10:33:52.824+0200] {logging_mixin.py:190} INFO -  Previous state of the Task instance: running
[2024-11-24T10:33:52.825+0200] {logging_mixin.py:190} INFO - Dag name:real_time_patient_data queued_at:2024-11-24 08:33:42.374120+00:00
[2024-11-24T10:33:52.825+0200] {logging_mixin.py:190} INFO - Task hostname:munyah-ThinkPad-X1-Yoga-1st operator:PythonOperator
[2024-11-24T10:33:52.847+0200] {local_task_job_runner.py:266} INFO - Task exited with return code 0
[2024-11-24T10:33:52.884+0200] {taskinstance.py:3895} INFO - 1 downstream tasks scheduled from follow-on schedule check
[2024-11-24T10:33:52.890+0200] {local_task_job_runner.py:245} INFO - ::endgroup::
