[2025-02-08T15:18:11.208+0200] {local_task_job_runner.py:123} INFO - ::group::Pre task execution logs
[2025-02-08T15:18:11.222+0200] {taskinstance.py:2613} INFO - Dependencies all met for dep_context=non-requeueable deps ti=<TaskInstance: patient-monitoring.add_new_patient scheduled__2025-02-08T13:17:00+00:00 [queued]>
[2025-02-08T15:18:11.231+0200] {taskinstance.py:2613} INFO - Dependencies all met for dep_context=requeueable deps ti=<TaskInstance: patient-monitoring.add_new_patient scheduled__2025-02-08T13:17:00+00:00 [queued]>
[2025-02-08T15:18:11.231+0200] {taskinstance.py:2866} INFO - Starting attempt 1 of 2
[2025-02-08T15:18:11.251+0200] {taskinstance.py:2889} INFO - Executing <Task(PythonOperator): add_new_patient> on 2025-02-08 13:17:00+00:00
[2025-02-08T15:18:11.258+0200] {standard_task_runner.py:72} INFO - Started process 65522 to run task
[2025-02-08T15:18:11.265+0200] {standard_task_runner.py:104} INFO - Running: ['airflow', 'tasks', 'run', 'patient-monitoring', 'add_new_patient', 'scheduled__2025-02-08T13:17:00+00:00', '--job-id', '52', '--raw', '--subdir', 'DAGS_FOLDER/real_time_patient_data_update.py', '--cfg-path', '/tmp/tmpd7s7tp9s']
[2025-02-08T15:18:11.267+0200] {standard_task_runner.py:105} INFO - Job 52: Subtask add_new_patient
[2025-02-08T15:18:11.319+0200] {task_command.py:467} INFO - Running <TaskInstance: patient-monitoring.add_new_patient scheduled__2025-02-08T13:17:00+00:00 [running]> on host munyah-ThinkPad-X1-Yoga-1st
[2025-02-08T15:18:11.405+0200] {taskinstance.py:3132} INFO - Exporting env vars: AIRFLOW_CTX_DAG_OWNER='munyah' AIRFLOW_CTX_DAG_ID='patient-monitoring' AIRFLOW_CTX_TASK_ID='add_new_patient' AIRFLOW_CTX_EXECUTION_DATE='2025-02-08T13:17:00+00:00' AIRFLOW_CTX_TRY_NUMBER='1' AIRFLOW_CTX_DAG_RUN_ID='scheduled__2025-02-08T13:17:00+00:00'
[2025-02-08T15:18:11.407+0200] {logging_mixin.py:190} INFO - Task instance is in running state
[2025-02-08T15:18:11.407+0200] {logging_mixin.py:190} INFO -  Previous state of the Task instance: queued
[2025-02-08T15:18:11.407+0200] {logging_mixin.py:190} INFO - Current task name:add_new_patient state:running start_date:2025-02-08 13:18:11.222965+00:00
[2025-02-08T15:18:11.408+0200] {logging_mixin.py:190} INFO - Dag name:patient-monitoring and current dag run status:running
[2025-02-08T15:18:11.408+0200] {taskinstance.py:731} INFO - ::endgroup::
[2025-02-08T15:18:11.435+0200] {real_time_patient_data_update.py:80} INFO - New Patient Added: {'Patient_ID': 'PAT-00052', 'Age': 41, 'Gender': 'Female', 'Height': 163.84, 'Weight': 154.63, 'Temperature': 37.3, 'Blood_Pressure': '105/77', 'Cholesterol_Level': 'High', 'Blood_Sugar_Level': 51, 'Heart_Rate': 79, 'BMI': 14.83, 'Previous_Medical_History': 'No significant history', 'Comorbidities': 'None', 'Smoking_Status': 'No', 'Alcohol_Consumption': 'Yes', 'Physical_Activity': 'Moderate', 'Last_Visit_Date': '2024-04-22', 'Genomic_Info': 'High Risk', 'Diagnosis': 'No specific diagnosis', 'Hospitalization': 'Yes'}
[2025-02-08T15:18:11.435+0200] {real_time_patient_data_update.py:81} INFO - Total Patients After Addition: 52
[2025-02-08T15:18:11.442+0200] {base.py:84} INFO - Retrieving connection 'patients_data'
[2025-02-08T15:18:11.449+0200] {http.py:204} ERROR - HTTP error: INTERNAL SERVER ERROR
[2025-02-08T15:18:11.450+0200] {http.py:205} ERROR - {
  "error": "Failed to process the request."
}

[2025-02-08T15:18:11.450+0200] {real_time_patient_data_update.py:94} ERROR - Error while adding patient to the database: 500:INTERNAL SERVER ERROR
[2025-02-08T15:18:11.450+0200] {python.py:240} INFO - Done. Returned value was: None
[2025-02-08T15:18:11.457+0200] {taskinstance.py:340} INFO - ::group::Post task execution logs
[2025-02-08T15:18:11.458+0200] {taskinstance.py:352} INFO - Marking task as SUCCESS. dag_id=patient-monitoring, task_id=add_new_patient, run_id=scheduled__2025-02-08T13:17:00+00:00, execution_date=20250208T131700, start_date=20250208T131811, end_date=20250208T131811
[2025-02-08T15:18:11.481+0200] {logging_mixin.py:190} INFO - Task instance in success state
[2025-02-08T15:18:11.482+0200] {logging_mixin.py:190} INFO -  Previous state of the Task instance: running
[2025-02-08T15:18:11.482+0200] {logging_mixin.py:190} INFO - Dag name:patient-monitoring queued_at:2025-02-08 13:18:01.707093+00:00
[2025-02-08T15:18:11.483+0200] {logging_mixin.py:190} INFO - Task hostname:munyah-ThinkPad-X1-Yoga-1st operator:PythonOperator
[2025-02-08T15:18:11.559+0200] {local_task_job_runner.py:266} INFO - Task exited with return code 0
[2025-02-08T15:18:11.589+0200] {taskinstance.py:3895} INFO - 0 downstream tasks scheduled from follow-on schedule check
[2025-02-08T15:18:11.590+0200] {local_task_job_runner.py:245} INFO - ::endgroup::
