[2025-02-18T01:20:07.614+0200] {local_task_job_runner.py:123} INFO - ::group::Pre task execution logs
[2025-02-18T01:20:07.631+0200] {taskinstance.py:2613} INFO - Dependencies all met for dep_context=non-requeueable deps ti=<TaskInstance: example_xcom.puller manual__2025-02-17T23:19:26.692512+00:00 [queued]>
[2025-02-18T01:20:07.638+0200] {taskinstance.py:2613} INFO - Dependencies all met for dep_context=requeueable deps ti=<TaskInstance: example_xcom.puller manual__2025-02-17T23:19:26.692512+00:00 [queued]>
[2025-02-18T01:20:07.638+0200] {taskinstance.py:2866} INFO - Starting attempt 1 of 1
[2025-02-18T01:20:07.655+0200] {taskinstance.py:2889} INFO - Executing <Task(_PythonDecoratedOperator): puller> on 2025-02-17 23:19:26.692512+00:00
[2025-02-18T01:20:07.662+0200] {standard_task_runner.py:72} INFO - Started process 350906 to run task
[2025-02-18T01:20:07.666+0200] {standard_task_runner.py:104} INFO - Running: ['airflow', 'tasks', 'run', 'example_xcom', 'puller', 'manual__2025-02-17T23:19:26.692512+00:00', '--job-id', '63', '--raw', '--subdir', '/home/munyah/.local/lib/python3.10/site-packages/airflow/example_dags/example_xcom.py', '--cfg-path', '/tmp/tmpf2lbglum']
[2025-02-18T01:20:07.667+0200] {standard_task_runner.py:105} INFO - Job 63: Subtask puller
[2025-02-18T01:20:07.709+0200] {task_command.py:467} INFO - Running <TaskInstance: example_xcom.puller manual__2025-02-17T23:19:26.692512+00:00 [running]> on host munyah-ThinkPad-X1-Yoga-1st
[2025-02-18T01:20:07.777+0200] {taskinstance.py:3132} INFO - Exporting env vars: AIRFLOW_CTX_DAG_OWNER='airflow' AIRFLOW_CTX_DAG_ID='example_xcom' AIRFLOW_CTX_TASK_ID='puller' AIRFLOW_CTX_EXECUTION_DATE='2025-02-17T23:19:26.692512+00:00' AIRFLOW_CTX_TRY_NUMBER='1' AIRFLOW_CTX_DAG_RUN_ID='manual__2025-02-17T23:19:26.692512+00:00'
[2025-02-18T01:20:07.778+0200] {logging_mixin.py:190} INFO - Task instance is in running state
[2025-02-18T01:20:07.779+0200] {logging_mixin.py:190} INFO -  Previous state of the Task instance: queued
[2025-02-18T01:20:07.779+0200] {logging_mixin.py:190} INFO - Current task name:puller state:running start_date:2025-02-17 23:20:07.631692+00:00
[2025-02-18T01:20:07.779+0200] {logging_mixin.py:190} INFO - Dag name:example_xcom and current dag run status:running
[2025-02-18T01:20:07.779+0200] {taskinstance.py:731} INFO - ::endgroup::
[2025-02-18T01:20:07.783+0200] {python.py:240} INFO - Done. Returned value was: None
[2025-02-18T01:20:07.787+0200] {taskinstance.py:340} INFO - ::group::Post task execution logs
[2025-02-18T01:20:07.788+0200] {taskinstance.py:352} INFO - Marking task as SUCCESS. dag_id=example_xcom, task_id=puller, run_id=manual__2025-02-17T23:19:26.692512+00:00, execution_date=20250217T231926, start_date=20250217T232007, end_date=20250217T232007
[2025-02-18T01:20:07.798+0200] {logging_mixin.py:190} INFO - Task instance in success state
[2025-02-18T01:20:07.799+0200] {logging_mixin.py:190} INFO -  Previous state of the Task instance: running
[2025-02-18T01:20:07.799+0200] {logging_mixin.py:190} INFO - Dag name:example_xcom queued_at:2025-02-17 23:19:26.718327+00:00
[2025-02-18T01:20:07.800+0200] {logging_mixin.py:190} INFO - Task hostname:munyah-ThinkPad-X1-Yoga-1st operator:_PythonDecoratedOperator
[2025-02-18T01:20:07.838+0200] {local_task_job_runner.py:266} INFO - Task exited with return code 0
[2025-02-18T01:20:07.854+0200] {taskinstance.py:3895} INFO - 0 downstream tasks scheduled from follow-on schedule check
[2025-02-18T01:20:07.855+0200] {local_task_job_runner.py:245} INFO - ::endgroup::
