[2025-02-18T01:19:33.678+0200] {local_task_job_runner.py:123} INFO - ::group::Pre task execution logs
[2025-02-18T01:19:33.692+0200] {taskinstance.py:2613} INFO - Dependencies all met for dep_context=non-requeueable deps ti=<TaskInstance: example_xcom.bash_push manual__2025-02-17T23:19:26.692512+00:00 [queued]>
[2025-02-18T01:19:33.699+0200] {taskinstance.py:2613} INFO - Dependencies all met for dep_context=requeueable deps ti=<TaskInstance: example_xcom.bash_push manual__2025-02-17T23:19:26.692512+00:00 [queued]>
[2025-02-18T01:19:33.700+0200] {taskinstance.py:2866} INFO - Starting attempt 1 of 1
[2025-02-18T01:19:33.717+0200] {taskinstance.py:2889} INFO - Executing <Task(BashOperator): bash_push> on 2025-02-17 23:19:26.692512+00:00
[2025-02-18T01:19:33.723+0200] {standard_task_runner.py:72} INFO - Started process 350756 to run task
[2025-02-18T01:19:33.728+0200] {standard_task_runner.py:104} INFO - Running: ['airflow', 'tasks', 'run', 'example_xcom', 'bash_push', 'manual__2025-02-17T23:19:26.692512+00:00', '--job-id', '53', '--raw', '--subdir', '/home/munyah/.local/lib/python3.10/site-packages/airflow/example_dags/example_xcom.py', '--cfg-path', '/tmp/tmpcfxqcpcn']
[2025-02-18T01:19:33.729+0200] {standard_task_runner.py:105} INFO - Job 53: Subtask bash_push
[2025-02-18T01:19:33.772+0200] {task_command.py:467} INFO - Running <TaskInstance: example_xcom.bash_push manual__2025-02-17T23:19:26.692512+00:00 [running]> on host munyah-ThinkPad-X1-Yoga-1st
[2025-02-18T01:19:33.874+0200] {taskinstance.py:3132} INFO - Exporting env vars: AIRFLOW_CTX_DAG_OWNER='airflow' AIRFLOW_CTX_DAG_ID='example_xcom' AIRFLOW_CTX_TASK_ID='bash_push' AIRFLOW_CTX_EXECUTION_DATE='2025-02-17T23:19:26.692512+00:00' AIRFLOW_CTX_TRY_NUMBER='1' AIRFLOW_CTX_DAG_RUN_ID='manual__2025-02-17T23:19:26.692512+00:00'
[2025-02-18T01:19:33.875+0200] {logging_mixin.py:190} INFO - Task instance is in running state
[2025-02-18T01:19:33.876+0200] {logging_mixin.py:190} INFO -  Previous state of the Task instance: queued
[2025-02-18T01:19:33.876+0200] {logging_mixin.py:190} INFO - Current task name:bash_push state:running start_date:2025-02-17 23:19:33.692528+00:00
[2025-02-18T01:19:33.877+0200] {logging_mixin.py:190} INFO - Dag name:example_xcom and current dag run status:running
[2025-02-18T01:19:33.877+0200] {taskinstance.py:731} INFO - ::endgroup::
[2025-02-18T01:19:33.878+0200] {subprocess.py:78} INFO - Tmp dir root location: /tmp
[2025-02-18T01:19:33.879+0200] {subprocess.py:88} INFO - Running command: ['/usr/bin/bash', '-c', 'echo "bash_push demo"  && echo "Manually set xcom value None" && echo "value_by_return"']
[2025-02-18T01:19:33.892+0200] {subprocess.py:99} INFO - Output:
[2025-02-18T01:19:33.893+0200] {subprocess.py:106} INFO - bash_push demo
[2025-02-18T01:19:33.894+0200] {subprocess.py:106} INFO - Manually set xcom value None
[2025-02-18T01:19:33.894+0200] {subprocess.py:106} INFO - value_by_return
[2025-02-18T01:19:33.894+0200] {subprocess.py:110} INFO - Command exited with return code 0
[2025-02-18T01:19:33.920+0200] {taskinstance.py:340} INFO - ::group::Post task execution logs
[2025-02-18T01:19:33.921+0200] {taskinstance.py:352} INFO - Marking task as SUCCESS. dag_id=example_xcom, task_id=bash_push, run_id=manual__2025-02-17T23:19:26.692512+00:00, execution_date=20250217T231926, start_date=20250217T231933, end_date=20250217T231933
[2025-02-18T01:19:33.934+0200] {logging_mixin.py:190} INFO - Task instance in success state
[2025-02-18T01:19:33.934+0200] {logging_mixin.py:190} INFO -  Previous state of the Task instance: running
[2025-02-18T01:19:33.935+0200] {logging_mixin.py:190} INFO - Dag name:example_xcom queued_at:2025-02-17 23:19:26.718327+00:00
[2025-02-18T01:19:33.935+0200] {logging_mixin.py:190} INFO - Task hostname:munyah-ThinkPad-X1-Yoga-1st operator:BashOperator
[2025-02-18T01:19:33.981+0200] {local_task_job_runner.py:266} INFO - Task exited with return code 0
[2025-02-18T01:19:34.011+0200] {taskinstance.py:3895} INFO - 2 downstream tasks scheduled from follow-on schedule check
[2025-02-18T01:19:34.013+0200] {local_task_job_runner.py:245} INFO - ::endgroup::
