[2024-11-23T19:10:08.672+0200] {local_task_job_runner.py:123} INFO - ::group::Pre task execution logs
[2024-11-23T19:10:08.697+0200] {taskinstance.py:2613} INFO - Dependencies all met for dep_context=non-requeueable deps ti=<TaskInstance: real_time_patient_data_update.fetch_new_patient_data scheduled__2024-11-23T17:05:00+00:00 [queued]>
[2024-11-23T19:10:08.710+0200] {taskinstance.py:2613} INFO - Dependencies all met for dep_context=requeueable deps ti=<TaskInstance: real_time_patient_data_update.fetch_new_patient_data scheduled__2024-11-23T17:05:00+00:00 [queued]>
[2024-11-23T19:10:08.711+0200] {taskinstance.py:2866} INFO - Starting attempt 1 of 2
[2024-11-23T19:10:08.740+0200] {taskinstance.py:2889} INFO - Executing <Task(PythonOperator): fetch_new_patient_data> on 2024-11-23 17:05:00+00:00
[2024-11-23T19:10:08.751+0200] {standard_task_runner.py:72} INFO - Started process 405166 to run task
[2024-11-23T19:10:08.769+0200] {standard_task_runner.py:104} INFO - Running: ['airflow', 'tasks', 'run', 'real_time_patient_data_update', 'fetch_new_patient_data', 'scheduled__2024-11-23T17:05:00+00:00', '--job-id', '7', '--raw', '--subdir', 'DAGS_FOLDER/real_time_patient_data_update.py', '--cfg-path', '/tmp/tmpz8ndikfu']
[2024-11-23T19:10:08.781+0200] {standard_task_runner.py:105} INFO - Job 7: Subtask fetch_new_patient_data
[2024-11-23T19:10:08.871+0200] {task_command.py:467} INFO - Running <TaskInstance: real_time_patient_data_update.fetch_new_patient_data scheduled__2024-11-23T17:05:00+00:00 [running]> on host munyah-ThinkPad-X1-Yoga-1st
[2024-11-23T19:10:08.950+0200] {taskinstance.py:3132} INFO - Exporting env vars: AIRFLOW_CTX_DAG_OWNER='airflow' AIRFLOW_CTX_DAG_ID='real_time_patient_data_update' AIRFLOW_CTX_TASK_ID='fetch_new_patient_data' AIRFLOW_CTX_EXECUTION_DATE='2024-11-23T17:05:00+00:00' AIRFLOW_CTX_TRY_NUMBER='1' AIRFLOW_CTX_DAG_RUN_ID='scheduled__2024-11-23T17:05:00+00:00'
[2024-11-23T19:10:08.952+0200] {logging_mixin.py:190} INFO - Task instance is in running state
[2024-11-23T19:10:08.952+0200] {logging_mixin.py:190} INFO -  Previous state of the Task instance: queued
[2024-11-23T19:10:08.952+0200] {logging_mixin.py:190} INFO - Current task name:fetch_new_patient_data state:running start_date:2024-11-23 17:10:08.698259+00:00
[2024-11-23T19:10:08.953+0200] {logging_mixin.py:190} INFO - Dag name:real_time_patient_data_update and current dag run status:running
[2024-11-23T19:10:08.953+0200] {taskinstance.py:731} INFO - ::endgroup::
[2024-11-23T19:10:08.969+0200] {base.py:84} INFO - Retrieving connection 'patients_data'
[2024-11-23T19:10:08.978+0200] {logging_mixin.py:190} INFO - New patient data fetched: [{'Age': 77, 'Alcohol_Consumption': 'Yes', 'BMI': 28.06, 'Blood_Pressure': '109/79', 'Blood_Sugar_Level': 213, 'Cholesterol_Level': 'Normal', 'Comorbidities': nan, 'Diagnosis': 'Asthma', 'Gender': 'Female', 'Genomic_Info': 'High Risk', 'Heart_Rate': 74, 'Height': 183.02, 'Hospitalization': 'Yes', 'Last_Visit_Date': '2017-12-11', 'Patient_ID': 'PAT-00001', 'Physical_Activity': 'Low', 'Previous_Medical_History': 'Previous heart surgery', 'Smoking_Status': 'Yes', 'Temperature': 37.05, 'Weight': 94.0}, {'Age': 87, 'Alcohol_Consumption': 'No', 'BMI': 32.39, 'Blood_Pressure': '116/90', 'Blood_Sugar_Level': 195, 'Cholesterol_Level': 'Normal', 'Comorbidities': 'Asthma and Obesity', 'Diagnosis': 'Chronic Obstructive Pulmonary Disease', 'Gender': 'Female', 'Genomic_Info': 'High Risk', 'Heart_Rate': 75, 'Height': 166.22, 'Hospitalization': 'Yes', 'Last_Visit_Date': '2011-01-10', 'Patient_ID': 'PAT-00002', 'Physical_Activity': 'Moderate', 'Previous_Medical_History': 'Asthma since childhood', 'Smoking_Status': 'Yes', 'Temperature': 37.29, 'Weight': 89.49}, {'Age': 96, 'Alcohol_Consumption': 'Yes', 'BMI': 17.14, 'Blood_Pressure': '111/62', 'Blood_Sugar_Level': 204, 'Cholesterol_Level': 'High', 'Comorbidities': nan, 'Diagnosis': 'Asthma', 'Gender': 'Male', 'Genomic_Info': 'Normal', 'Heart_Rate': 61, 'Height': 181.92, 'Hospitalization': 'Yes', 'Last_Visit_Date': '2014-12-22', 'Patient_ID': 'PAT-00003', 'Physical_Activity': 'High', 'Previous_Medical_History': 'Previous heart surgery', 'Smoking_Status': 'No', 'Temperature': 36.79, 'Weight': 56.72}, {'Age': 50, 'Alcohol_Consumption': 'No', 'BMI': 33.19, 'Blood_Pressure': '127/81', 'Blood_Sugar_Level': 127, 'Cholesterol_Level': 'Normal', 'Comorbidities': 'Cardiovascular Disease', 'Diagnosis': 'Type 2 Diabetes', 'Gender': 'Male', 'Genomic_Info': 'Mutated', 'Heart_Rate': 85, 'Height': 156.26, 'Hospitalization': 'No', 'Last_Visit_Date': '2023-12-04', 'Patient_ID': 'PAT-00004', 'Physical_Activity': 'High', 'Previous_Medical_History': 'History of smoking', 'Smoking_Status': 'Yes', 'Temperature': 36.62, 'Weight': 81.05}, {'Age': 55, 'Alcohol_Consumption': 'Yes', 'BMI': 30.73, 'Blood_Pressure': '113/81', 'Blood_Sugar_Level': 207, 'Cholesterol_Level': 'High', 'Comorbidities': 'Chronic Kidney Disease', 'Diagnosis': 'Coronary Artery Disease', 'Gender': 'Male', 'Genomic_Info': 'High Risk', 'Heart_Rate': 94, 'Height': 194.25, 'Hospitalization': 'Yes', 'Last_Visit_Date': '2020-03-21', 'Patient_ID': 'PAT-00005', 'Physical_Activity': 'High', 'Previous_Medical_History': 'Family history of diabetes', 'Smoking_Status': 'Yes', 'Temperature': 37.01, 'Weight': 115.95}]...
[2024-11-23T19:10:08.979+0200] {logging_mixin.py:190} INFO - Updated patients: []...
[2024-11-23T19:10:08.979+0200] {logging_mixin.py:190} INFO - Added patients: []...
[2024-11-23T19:10:08.992+0200] {logging_mixin.py:190} INFO - All patients data updated and pushed to XCom: [{'Age': 77, 'Alcohol_Consumption': 'Yes', 'BMI': 28.06, 'Blood_Pressure': '109/79', 'Blood_Sugar_Level': 213, 'Cholesterol_Level': 'Normal', 'Comorbidities': nan, 'Diagnosis': 'Asthma', 'Gender': 'Female', 'Genomic_Info': 'High Risk', 'Heart_Rate': 74, 'Height': 183.02, 'Hospitalization': 'Yes', 'Last_Visit_Date': '2017-12-11', 'Patient_ID': 'PAT-00001', 'Physical_Activity': 'Low', 'Previous_Medical_History': 'Previous heart surgery', 'Smoking_Status': 'Yes', 'Temperature': 37.05, 'Weight': 94.0}, {'Age': 87, 'Alcohol_Consumption': 'No', 'BMI': 32.39, 'Blood_Pressure': '116/90', 'Blood_Sugar_Level': 195, 'Cholesterol_Level': 'Normal', 'Comorbidities': 'Asthma and Obesity', 'Diagnosis': 'Chronic Obstructive Pulmonary Disease', 'Gender': 'Female', 'Genomic_Info': 'High Risk', 'Heart_Rate': 75, 'Height': 166.22, 'Hospitalization': 'Yes', 'Last_Visit_Date': '2011-01-10', 'Patient_ID': 'PAT-00002', 'Physical_Activity': 'Moderate', 'Previous_Medical_History': 'Asthma since childhood', 'Smoking_Status': 'Yes', 'Temperature': 37.29, 'Weight': 89.49}, {'Age': 96, 'Alcohol_Consumption': 'Yes', 'BMI': 17.14, 'Blood_Pressure': '111/62', 'Blood_Sugar_Level': 204, 'Cholesterol_Level': 'High', 'Comorbidities': nan, 'Diagnosis': 'Asthma', 'Gender': 'Male', 'Genomic_Info': 'Normal', 'Heart_Rate': 61, 'Height': 181.92, 'Hospitalization': 'Yes', 'Last_Visit_Date': '2014-12-22', 'Patient_ID': 'PAT-00003', 'Physical_Activity': 'High', 'Previous_Medical_History': 'Previous heart surgery', 'Smoking_Status': 'No', 'Temperature': 36.79, 'Weight': 56.72}, {'Age': 50, 'Alcohol_Consumption': 'No', 'BMI': 33.19, 'Blood_Pressure': '127/81', 'Blood_Sugar_Level': 127, 'Cholesterol_Level': 'Normal', 'Comorbidities': 'Cardiovascular Disease', 'Diagnosis': 'Type 2 Diabetes', 'Gender': 'Male', 'Genomic_Info': 'Mutated', 'Heart_Rate': 85, 'Height': 156.26, 'Hospitalization': 'No', 'Last_Visit_Date': '2023-12-04', 'Patient_ID': 'PAT-00004', 'Physical_Activity': 'High', 'Previous_Medical_History': 'History of smoking', 'Smoking_Status': 'Yes', 'Temperature': 36.62, 'Weight': 81.05}, {'Age': 55, 'Alcohol_Consumption': 'Yes', 'BMI': 30.73, 'Blood_Pressure': '113/81', 'Blood_Sugar_Level': 207, 'Cholesterol_Level': 'High', 'Comorbidities': 'Chronic Kidney Disease', 'Diagnosis': 'Coronary Artery Disease', 'Gender': 'Male', 'Genomic_Info': 'High Risk', 'Heart_Rate': 94, 'Height': 194.25, 'Hospitalization': 'Yes', 'Last_Visit_Date': '2020-03-21', 'Patient_ID': 'PAT-00005', 'Physical_Activity': 'High', 'Previous_Medical_History': 'Family history of diabetes', 'Smoking_Status': 'Yes', 'Temperature': 37.01, 'Weight': 115.95}]...
[2024-11-23T19:10:09.001+0200] {python.py:240} INFO - Done. Returned value was: None
[2024-11-23T19:10:09.007+0200] {taskinstance.py:340} INFO - ::group::Post task execution logs
[2024-11-23T19:10:09.008+0200] {taskinstance.py:352} INFO - Marking task as SUCCESS. dag_id=real_time_patient_data_update, task_id=fetch_new_patient_data, run_id=scheduled__2024-11-23T17:05:00+00:00, execution_date=20241123T170500, start_date=20241123T171008, end_date=20241123T171009
[2024-11-23T19:10:09.024+0200] {logging_mixin.py:190} INFO - Task instance in success state
[2024-11-23T19:10:09.025+0200] {logging_mixin.py:190} INFO -  Previous state of the Task instance: running
[2024-11-23T19:10:09.025+0200] {logging_mixin.py:190} INFO - Dag name:real_time_patient_data_update queued_at:2024-11-23 17:10:01.199188+00:00
[2024-11-23T19:10:09.025+0200] {logging_mixin.py:190} INFO - Task hostname:munyah-ThinkPad-X1-Yoga-1st operator:PythonOperator
[2024-11-23T19:10:09.057+0200] {local_task_job_runner.py:266} INFO - Task exited with return code 0
[2024-11-23T19:10:09.078+0200] {taskinstance.py:3895} INFO - 0 downstream tasks scheduled from follow-on schedule check
[2024-11-23T19:10:09.079+0200] {local_task_job_runner.py:245} INFO - ::endgroup::
[2024-11-23T19:12:39.325+0200] {local_task_job_runner.py:123} INFO - ::group::Pre task execution logs
[2024-11-23T19:12:39.337+0200] {taskinstance.py:2613} INFO - Dependencies all met for dep_context=non-requeueable deps ti=<TaskInstance: real_time_patient_data_update.fetch_new_patient_data scheduled__2024-11-23T17:05:00+00:00 [queued]>
[2024-11-23T19:12:39.345+0200] {taskinstance.py:2613} INFO - Dependencies all met for dep_context=requeueable deps ti=<TaskInstance: real_time_patient_data_update.fetch_new_patient_data scheduled__2024-11-23T17:05:00+00:00 [queued]>
[2024-11-23T19:12:39.345+0200] {taskinstance.py:2866} INFO - Starting attempt 1 of 2
[2024-11-23T19:12:39.359+0200] {taskinstance.py:2889} INFO - Executing <Task(PythonOperator): fetch_new_patient_data> on 2024-11-23 17:05:00+00:00
[2024-11-23T19:12:39.366+0200] {standard_task_runner.py:72} INFO - Started process 405699 to run task
[2024-11-23T19:12:39.372+0200] {standard_task_runner.py:104} INFO - Running: ['airflow', 'tasks', 'run', 'real_time_patient_data_update', 'fetch_new_patient_data', 'scheduled__2024-11-23T17:05:00+00:00', '--job-id', '4', '--raw', '--subdir', 'DAGS_FOLDER/real_time_patient_data_update.py', '--cfg-path', '/tmp/tmpu6o0qvye']
[2024-11-23T19:12:39.373+0200] {standard_task_runner.py:105} INFO - Job 4: Subtask fetch_new_patient_data
[2024-11-23T19:12:39.417+0200] {task_command.py:467} INFO - Running <TaskInstance: real_time_patient_data_update.fetch_new_patient_data scheduled__2024-11-23T17:05:00+00:00 [running]> on host munyah-ThinkPad-X1-Yoga-1st
[2024-11-23T19:12:39.488+0200] {taskinstance.py:3132} INFO - Exporting env vars: AIRFLOW_CTX_DAG_OWNER='airflow' AIRFLOW_CTX_DAG_ID='real_time_patient_data_update' AIRFLOW_CTX_TASK_ID='fetch_new_patient_data' AIRFLOW_CTX_EXECUTION_DATE='2024-11-23T17:05:00+00:00' AIRFLOW_CTX_TRY_NUMBER='1' AIRFLOW_CTX_DAG_RUN_ID='scheduled__2024-11-23T17:05:00+00:00'
[2024-11-23T19:12:39.489+0200] {logging_mixin.py:190} INFO - Task instance is in running state
[2024-11-23T19:12:39.490+0200] {logging_mixin.py:190} INFO -  Previous state of the Task instance: queued
[2024-11-23T19:12:39.490+0200] {logging_mixin.py:190} INFO - Current task name:fetch_new_patient_data state:running start_date:2024-11-23 17:12:39.338219+00:00
[2024-11-23T19:12:39.490+0200] {logging_mixin.py:190} INFO - Dag name:real_time_patient_data_update and current dag run status:running
[2024-11-23T19:12:39.491+0200] {taskinstance.py:731} INFO - ::endgroup::
[2024-11-23T19:12:39.505+0200] {base.py:84} INFO - Retrieving connection 'patients_data'
[2024-11-23T19:12:39.515+0200] {logging_mixin.py:190} INFO - Retrieved 50 new patient records
[2024-11-23T19:12:39.515+0200] {logging_mixin.py:190} INFO - No updated patient records.
[2024-11-23T19:12:39.516+0200] {logging_mixin.py:190} INFO - No new patient records.
[2024-11-23T19:12:39.533+0200] {logging_mixin.py:190} INFO - All patient data updated. Total records now: 50
[2024-11-23T19:12:39.546+0200] {python.py:240} INFO - Done. Returned value was: None
[2024-11-23T19:12:39.555+0200] {taskinstance.py:340} INFO - ::group::Post task execution logs
[2024-11-23T19:12:39.556+0200] {taskinstance.py:352} INFO - Marking task as SUCCESS. dag_id=real_time_patient_data_update, task_id=fetch_new_patient_data, run_id=scheduled__2024-11-23T17:05:00+00:00, execution_date=20241123T170500, start_date=20241123T171239, end_date=20241123T171239
[2024-11-23T19:12:39.568+0200] {logging_mixin.py:190} INFO - Task instance in success state
[2024-11-23T19:12:39.569+0200] {logging_mixin.py:190} INFO -  Previous state of the Task instance: running
[2024-11-23T19:12:39.570+0200] {logging_mixin.py:190} INFO - Dag name:real_time_patient_data_update queued_at:2024-11-23 17:12:27.988462+00:00
[2024-11-23T19:12:39.570+0200] {logging_mixin.py:190} INFO - Task hostname:munyah-ThinkPad-X1-Yoga-1st operator:PythonOperator
[2024-11-23T19:12:39.584+0200] {local_task_job_runner.py:266} INFO - Task exited with return code 0
[2024-11-23T19:12:39.603+0200] {taskinstance.py:3895} INFO - 0 downstream tasks scheduled from follow-on schedule check
[2024-11-23T19:12:39.604+0200] {local_task_job_runner.py:245} INFO - ::endgroup::
