[2024-11-23T20:37:06.930+0200] {local_task_job_runner.py:123} INFO - ::group::Pre task execution logs
[2024-11-23T20:37:06.941+0200] {taskinstance.py:2613} INFO - Dependencies all met for dep_context=non-requeueable deps ti=<TaskInstance: real_time_patient_data.fetch_all_patient_data scheduled__2024-11-23T18:30:00+00:00 [queued]>
[2024-11-23T20:37:06.947+0200] {taskinstance.py:2613} INFO - Dependencies all met for dep_context=requeueable deps ti=<TaskInstance: real_time_patient_data.fetch_all_patient_data scheduled__2024-11-23T18:30:00+00:00 [queued]>
[2024-11-23T20:37:06.947+0200] {taskinstance.py:2866} INFO - Starting attempt 1 of 2
[2024-11-23T20:37:06.961+0200] {taskinstance.py:2889} INFO - Executing <Task(PythonOperator): fetch_all_patient_data> on 2024-11-23 18:30:00+00:00
[2024-11-23T20:37:06.969+0200] {standard_task_runner.py:72} INFO - Started process 413233 to run task
[2024-11-23T20:37:06.973+0200] {standard_task_runner.py:104} INFO - Running: ['airflow', 'tasks', 'run', 'real_time_patient_data', 'fetch_all_patient_data', 'scheduled__2024-11-23T18:30:00+00:00', '--job-id', '15', '--raw', '--subdir', 'DAGS_FOLDER/real_time_patient_data_update.py', '--cfg-path', '/tmp/tmppqg7i0oa']
[2024-11-23T20:37:06.975+0200] {standard_task_runner.py:105} INFO - Job 15: Subtask fetch_all_patient_data
[2024-11-23T20:37:07.012+0200] {task_command.py:467} INFO - Running <TaskInstance: real_time_patient_data.fetch_all_patient_data scheduled__2024-11-23T18:30:00+00:00 [running]> on host munyah-ThinkPad-X1-Yoga-1st
[2024-11-23T20:37:07.075+0200] {taskinstance.py:3132} INFO - Exporting env vars: AIRFLOW_CTX_DAG_OWNER='airflow' AIRFLOW_CTX_DAG_ID='real_time_patient_data' AIRFLOW_CTX_TASK_ID='fetch_all_patient_data' AIRFLOW_CTX_EXECUTION_DATE='2024-11-23T18:30:00+00:00' AIRFLOW_CTX_TRY_NUMBER='1' AIRFLOW_CTX_DAG_RUN_ID='scheduled__2024-11-23T18:30:00+00:00'
[2024-11-23T20:37:07.076+0200] {logging_mixin.py:190} INFO - Task instance is in running state
[2024-11-23T20:37:07.076+0200] {logging_mixin.py:190} INFO -  Previous state of the Task instance: queued
[2024-11-23T20:37:07.077+0200] {logging_mixin.py:190} INFO - Current task name:fetch_all_patient_data state:running start_date:2024-11-23 18:37:06.941580+00:00
[2024-11-23T20:37:07.077+0200] {logging_mixin.py:190} INFO - Dag name:real_time_patient_data and current dag run status:running
[2024-11-23T20:37:07.077+0200] {taskinstance.py:731} INFO - ::endgroup::
[2024-11-23T20:37:07.084+0200] {base.py:84} INFO - Retrieving connection 'patients_data'
[2024-11-23T20:37:07.111+0200] {python.py:240} INFO - Done. Returned value was: None
[2024-11-23T20:37:07.120+0200] {taskinstance.py:340} INFO - ::group::Post task execution logs
[2024-11-23T20:37:07.120+0200] {taskinstance.py:352} INFO - Marking task as SUCCESS. dag_id=real_time_patient_data, task_id=fetch_all_patient_data, run_id=scheduled__2024-11-23T18:30:00+00:00, execution_date=20241123T183000, start_date=20241123T183706, end_date=20241123T183707
[2024-11-23T20:37:07.130+0200] {logging_mixin.py:190} INFO - Task instance in success state
[2024-11-23T20:37:07.131+0200] {logging_mixin.py:190} INFO -  Previous state of the Task instance: running
[2024-11-23T20:37:07.131+0200] {logging_mixin.py:190} INFO - Dag name:real_time_patient_data queued_at:2024-11-23 18:37:04.643517+00:00
[2024-11-23T20:37:07.131+0200] {logging_mixin.py:190} INFO - Task hostname:munyah-ThinkPad-X1-Yoga-1st operator:PythonOperator
[2024-11-23T20:37:07.146+0200] {local_task_job_runner.py:266} INFO - Task exited with return code 0
[2024-11-23T20:37:07.173+0200] {taskinstance.py:3895} INFO - 1 downstream tasks scheduled from follow-on schedule check
[2024-11-23T20:37:07.176+0200] {local_task_job_runner.py:245} INFO - ::endgroup::
