[2024-11-26T21:12:19.408+0200] {local_task_job_runner.py:123} INFO - ::group::Pre task execution logs
[2024-11-26T21:12:19.439+0200] {taskinstance.py:2613} INFO - Dependencies all met for dep_context=non-requeueable deps ti=<TaskInstance: continuous_patient_data_generation.add_new_patient scheduled__2024-11-26T19:11:00+00:00 [queued]>
[2024-11-26T21:12:19.465+0200] {taskinstance.py:2613} INFO - Dependencies all met for dep_context=requeueable deps ti=<TaskInstance: continuous_patient_data_generation.add_new_patient scheduled__2024-11-26T19:11:00+00:00 [queued]>
[2024-11-26T21:12:19.466+0200] {taskinstance.py:2866} INFO - Starting attempt 1 of 2
[2024-11-26T21:12:19.499+0200] {taskinstance.py:2889} INFO - Executing <Task(PythonOperator): add_new_patient> on 2024-11-26 19:11:00+00:00
[2024-11-26T21:12:19.513+0200] {standard_task_runner.py:72} INFO - Started process 785691 to run task
[2024-11-26T21:12:19.526+0200] {standard_task_runner.py:104} INFO - Running: ['airflow', 'tasks', 'run', 'continuous_patient_data_generation', 'add_new_patient', 'scheduled__2024-11-26T19:11:00+00:00', '--job-id', '2445', '--raw', '--subdir', 'DAGS_FOLDER/real_time_patient_data_update.py', '--cfg-path', '/tmp/tmp6kl513m0']
[2024-11-26T21:12:19.530+0200] {standard_task_runner.py:105} INFO - Job 2445: Subtask add_new_patient
[2024-11-26T21:12:19.640+0200] {task_command.py:467} INFO - Running <TaskInstance: continuous_patient_data_generation.add_new_patient scheduled__2024-11-26T19:11:00+00:00 [running]> on host munyah-ThinkPad-X1-Yoga-1st
[2024-11-26T21:12:19.851+0200] {taskinstance.py:3132} INFO - Exporting env vars: AIRFLOW_CTX_DAG_OWNER='munyah' AIRFLOW_CTX_DAG_ID='continuous_patient_data_generation' AIRFLOW_CTX_TASK_ID='add_new_patient' AIRFLOW_CTX_EXECUTION_DATE='2024-11-26T19:11:00+00:00' AIRFLOW_CTX_TRY_NUMBER='1' AIRFLOW_CTX_DAG_RUN_ID='scheduled__2024-11-26T19:11:00+00:00'
[2024-11-26T21:12:19.854+0200] {logging_mixin.py:190} INFO - Task instance is in running state
[2024-11-26T21:12:19.855+0200] {logging_mixin.py:190} INFO -  Previous state of the Task instance: queued
[2024-11-26T21:12:19.855+0200] {logging_mixin.py:190} INFO - Current task name:add_new_patient state:running start_date:2024-11-26 19:12:19.440876+00:00
[2024-11-26T21:12:19.856+0200] {logging_mixin.py:190} INFO - Dag name:continuous_patient_data_generation and current dag run status:running
[2024-11-26T21:12:19.857+0200] {taskinstance.py:731} INFO - ::endgroup::
[2024-11-26T21:12:19.871+0200] {real_time_patient_data_update.py:59} INFO - Existing patients before adding new: []
[2024-11-26T21:12:19.893+0200] {real_time_patient_data_update.py:78} INFO - New Patient Added: {'Patient_ID': 'PAT-00001', 'Age': 108, 'Gender': 'Male', 'Height': 149.0, 'Weight': 32.5, 'Temperature': 37.2, 'Blood_Pressure': '90/82', 'Cholesterol_Level': 'Borderline', 'Blood_Sugar_Level': 122, 'Heart_Rate': 95, 'BMI': 43.14, 'Previous_Medical_History': 'No significant history', 'Comorbidities': 'None', 'Smoking_Status': 'No', 'Alcohol_Consumption': 'No', 'Physical_Activity': 'High', 'Last_Visit_Date': '2024-06-26', 'Genomic_Info': 'High Risk', 'Diagnosis': 'No specific diagnosis', 'Hospitalization': 'Yes'}
[2024-11-26T21:12:19.894+0200] {real_time_patient_data_update.py:79} INFO - Updated Patients List: [{'Patient_ID': 'PAT-00001', 'Age': 108, 'Gender': 'Male', 'Height': 149.0, 'Weight': 32.5, 'Temperature': 37.2, 'Blood_Pressure': '90/82', 'Cholesterol_Level': 'Borderline', 'Blood_Sugar_Level': 122, 'Heart_Rate': 95, 'BMI': 43.14, 'Previous_Medical_History': 'No significant history', 'Comorbidities': 'None', 'Smoking_Status': 'No', 'Alcohol_Consumption': 'No', 'Physical_Activity': 'High', 'Last_Visit_Date': '2024-06-26', 'Genomic_Info': 'High Risk', 'Diagnosis': 'No specific diagnosis', 'Hospitalization': 'Yes'}]
[2024-11-26T21:12:19.895+0200] {python.py:240} INFO - Done. Returned value was: None
[2024-11-26T21:12:19.907+0200] {taskinstance.py:340} INFO - ::group::Post task execution logs
[2024-11-26T21:12:19.908+0200] {taskinstance.py:352} INFO - Marking task as SUCCESS. dag_id=continuous_patient_data_generation, task_id=add_new_patient, run_id=scheduled__2024-11-26T19:11:00+00:00, execution_date=20241126T191100, start_date=20241126T191219, end_date=20241126T191219
[2024-11-26T21:12:19.927+0200] {logging_mixin.py:190} INFO - Task instance in success state
[2024-11-26T21:12:19.928+0200] {logging_mixin.py:190} INFO -  Previous state of the Task instance: running
[2024-11-26T21:12:19.929+0200] {logging_mixin.py:190} INFO - Dag name:continuous_patient_data_generation queued_at:2024-11-26 19:12:02.484758+00:00
[2024-11-26T21:12:19.929+0200] {logging_mixin.py:190} INFO - Task hostname:munyah-ThinkPad-X1-Yoga-1st operator:PythonOperator
[2024-11-26T21:12:19.982+0200] {local_task_job_runner.py:266} INFO - Task exited with return code 0
[2024-11-26T21:12:20.021+0200] {taskinstance.py:3895} INFO - 0 downstream tasks scheduled from follow-on schedule check
[2024-11-26T21:12:20.024+0200] {local_task_job_runner.py:245} INFO - ::endgroup::
