[2025-03-12T08:20:57.021+0200] {processor.py:186} INFO - Started process (PID=133736) to work on /home/munyah/.local/lib/python3.10/site-packages/airflow/example_dags/plugins/listener_plugin.py
[2025-03-12T08:20:57.023+0200] {processor.py:914} INFO - Processing file /home/munyah/.local/lib/python3.10/site-packages/airflow/example_dags/plugins/listener_plugin.py for tasks to queue
[2025-03-12T08:20:57.026+0200] {logging_mixin.py:190} INFO - [2025-03-12T08:20:57.026+0200] {dagbag.py:588} INFO - Filling up the DagBag from /home/munyah/.local/lib/python3.10/site-packages/airflow/example_dags/plugins/listener_plugin.py
[2025-03-12T08:20:57.031+0200] {processor.py:927} WARNING - No viable dags retrieved from /home/munyah/.local/lib/python3.10/site-packages/airflow/example_dags/plugins/listener_plugin.py
[2025-03-12T08:20:57.044+0200] {processor.py:208} INFO - Processing /home/munyah/.local/lib/python3.10/site-packages/airflow/example_dags/plugins/listener_plugin.py took 0.037 seconds
[2025-03-12T14:17:34.349+0200] {processor.py:186} INFO - Started process (PID=134531) to work on /home/munyah/.local/lib/python3.10/site-packages/airflow/example_dags/plugins/listener_plugin.py
[2025-03-12T14:17:34.350+0200] {processor.py:914} INFO - Processing file /home/munyah/.local/lib/python3.10/site-packages/airflow/example_dags/plugins/listener_plugin.py for tasks to queue
[2025-03-12T14:17:34.353+0200] {logging_mixin.py:190} INFO - [2025-03-12T14:17:34.353+0200] {dagbag.py:588} INFO - Filling up the DagBag from /home/munyah/.local/lib/python3.10/site-packages/airflow/example_dags/plugins/listener_plugin.py
[2025-03-12T14:17:34.356+0200] {processor.py:927} WARNING - No viable dags retrieved from /home/munyah/.local/lib/python3.10/site-packages/airflow/example_dags/plugins/listener_plugin.py
[2025-03-12T14:17:34.369+0200] {processor.py:208} INFO - Processing /home/munyah/.local/lib/python3.10/site-packages/airflow/example_dags/plugins/listener_plugin.py took 0.030 seconds
[2025-03-12T14:18:33.481+0200] {processor.py:186} INFO - Started process (PID=134730) to work on /home/munyah/.local/lib/python3.10/site-packages/airflow/example_dags/plugins/listener_plugin.py
[2025-03-12T14:18:33.483+0200] {processor.py:914} INFO - Processing file /home/munyah/.local/lib/python3.10/site-packages/airflow/example_dags/plugins/listener_plugin.py for tasks to queue
[2025-03-12T14:18:33.485+0200] {logging_mixin.py:190} INFO - [2025-03-12T14:18:33.485+0200] {dagbag.py:588} INFO - Filling up the DagBag from /home/munyah/.local/lib/python3.10/site-packages/airflow/example_dags/plugins/listener_plugin.py
[2025-03-12T14:18:33.488+0200] {processor.py:927} WARNING - No viable dags retrieved from /home/munyah/.local/lib/python3.10/site-packages/airflow/example_dags/plugins/listener_plugin.py
[2025-03-12T14:18:33.501+0200] {processor.py:208} INFO - Processing /home/munyah/.local/lib/python3.10/site-packages/airflow/example_dags/plugins/listener_plugin.py took 0.028 seconds
[2025-03-12T14:19:07.204+0200] {processor.py:186} INFO - Started process (PID=134900) to work on /home/munyah/.local/lib/python3.10/site-packages/airflow/example_dags/plugins/listener_plugin.py
[2025-03-12T14:19:07.206+0200] {processor.py:914} INFO - Processing file /home/munyah/.local/lib/python3.10/site-packages/airflow/example_dags/plugins/listener_plugin.py for tasks to queue
[2025-03-12T14:19:07.210+0200] {logging_mixin.py:190} INFO - [2025-03-12T14:19:07.209+0200] {dagbag.py:588} INFO - Filling up the DagBag from /home/munyah/.local/lib/python3.10/site-packages/airflow/example_dags/plugins/listener_plugin.py
[2025-03-12T14:19:07.213+0200] {processor.py:927} WARNING - No viable dags retrieved from /home/munyah/.local/lib/python3.10/site-packages/airflow/example_dags/plugins/listener_plugin.py
[2025-03-12T14:19:07.227+0200] {processor.py:208} INFO - Processing /home/munyah/.local/lib/python3.10/site-packages/airflow/example_dags/plugins/listener_plugin.py took 0.030 seconds
[2025-03-12T14:20:04.334+0200] {processor.py:186} INFO - Started process (PID=135061) to work on /home/munyah/.local/lib/python3.10/site-packages/airflow/example_dags/plugins/listener_plugin.py
[2025-03-12T14:20:04.336+0200] {processor.py:914} INFO - Processing file /home/munyah/.local/lib/python3.10/site-packages/airflow/example_dags/plugins/listener_plugin.py for tasks to queue
[2025-03-12T14:20:04.338+0200] {logging_mixin.py:190} INFO - [2025-03-12T14:20:04.338+0200] {dagbag.py:588} INFO - Filling up the DagBag from /home/munyah/.local/lib/python3.10/site-packages/airflow/example_dags/plugins/listener_plugin.py
[2025-03-12T14:20:04.340+0200] {processor.py:927} WARNING - No viable dags retrieved from /home/munyah/.local/lib/python3.10/site-packages/airflow/example_dags/plugins/listener_plugin.py
[2025-03-12T14:20:04.353+0200] {processor.py:208} INFO - Processing /home/munyah/.local/lib/python3.10/site-packages/airflow/example_dags/plugins/listener_plugin.py took 0.026 seconds
[2025-03-12T14:21:00.773+0200] {processor.py:186} INFO - Started process (PID=135255) to work on /home/munyah/.local/lib/python3.10/site-packages/airflow/example_dags/plugins/listener_plugin.py
[2025-03-12T14:21:00.775+0200] {processor.py:914} INFO - Processing file /home/munyah/.local/lib/python3.10/site-packages/airflow/example_dags/plugins/listener_plugin.py for tasks to queue
[2025-03-12T14:21:00.778+0200] {logging_mixin.py:190} INFO - [2025-03-12T14:21:00.778+0200] {dagbag.py:588} INFO - Filling up the DagBag from /home/munyah/.local/lib/python3.10/site-packages/airflow/example_dags/plugins/listener_plugin.py
[2025-03-12T14:21:00.781+0200] {processor.py:927} WARNING - No viable dags retrieved from /home/munyah/.local/lib/python3.10/site-packages/airflow/example_dags/plugins/listener_plugin.py
[2025-03-12T14:21:00.794+0200] {processor.py:208} INFO - Processing /home/munyah/.local/lib/python3.10/site-packages/airflow/example_dags/plugins/listener_plugin.py took 0.031 seconds
[2025-03-12T14:21:57.228+0200] {processor.py:186} INFO - Started process (PID=135437) to work on /home/munyah/.local/lib/python3.10/site-packages/airflow/example_dags/plugins/listener_plugin.py
[2025-03-12T14:21:57.230+0200] {processor.py:914} INFO - Processing file /home/munyah/.local/lib/python3.10/site-packages/airflow/example_dags/plugins/listener_plugin.py for tasks to queue
[2025-03-12T14:21:57.232+0200] {logging_mixin.py:190} INFO - [2025-03-12T14:21:57.232+0200] {dagbag.py:588} INFO - Filling up the DagBag from /home/munyah/.local/lib/python3.10/site-packages/airflow/example_dags/plugins/listener_plugin.py
[2025-03-12T14:21:57.235+0200] {processor.py:927} WARNING - No viable dags retrieved from /home/munyah/.local/lib/python3.10/site-packages/airflow/example_dags/plugins/listener_plugin.py
[2025-03-12T14:21:57.247+0200] {processor.py:208} INFO - Processing /home/munyah/.local/lib/python3.10/site-packages/airflow/example_dags/plugins/listener_plugin.py took 0.027 seconds
[2025-03-12T14:22:55.804+0200] {processor.py:186} INFO - Started process (PID=136371) to work on /home/munyah/.local/lib/python3.10/site-packages/airflow/example_dags/plugins/listener_plugin.py
[2025-03-12T14:22:55.805+0200] {processor.py:914} INFO - Processing file /home/munyah/.local/lib/python3.10/site-packages/airflow/example_dags/plugins/listener_plugin.py for tasks to queue
[2025-03-12T14:22:55.809+0200] {logging_mixin.py:190} INFO - [2025-03-12T14:22:55.808+0200] {dagbag.py:588} INFO - Filling up the DagBag from /home/munyah/.local/lib/python3.10/site-packages/airflow/example_dags/plugins/listener_plugin.py
[2025-03-12T14:22:55.812+0200] {processor.py:927} WARNING - No viable dags retrieved from /home/munyah/.local/lib/python3.10/site-packages/airflow/example_dags/plugins/listener_plugin.py
[2025-03-12T14:22:55.826+0200] {processor.py:208} INFO - Processing /home/munyah/.local/lib/python3.10/site-packages/airflow/example_dags/plugins/listener_plugin.py took 0.030 seconds
[2025-03-12T14:23:33.725+0200] {processor.py:186} INFO - Started process (PID=136495) to work on /home/munyah/.local/lib/python3.10/site-packages/airflow/example_dags/plugins/listener_plugin.py
[2025-03-12T14:23:33.726+0200] {processor.py:914} INFO - Processing file /home/munyah/.local/lib/python3.10/site-packages/airflow/example_dags/plugins/listener_plugin.py for tasks to queue
[2025-03-12T14:23:33.729+0200] {logging_mixin.py:190} INFO - [2025-03-12T14:23:33.729+0200] {dagbag.py:588} INFO - Filling up the DagBag from /home/munyah/.local/lib/python3.10/site-packages/airflow/example_dags/plugins/listener_plugin.py
[2025-03-12T14:23:33.732+0200] {processor.py:927} WARNING - No viable dags retrieved from /home/munyah/.local/lib/python3.10/site-packages/airflow/example_dags/plugins/listener_plugin.py
[2025-03-12T14:23:33.745+0200] {processor.py:208} INFO - Processing /home/munyah/.local/lib/python3.10/site-packages/airflow/example_dags/plugins/listener_plugin.py took 0.031 seconds
[2025-03-12T14:24:10.898+0200] {processor.py:186} INFO - Started process (PID=136627) to work on /home/munyah/.local/lib/python3.10/site-packages/airflow/example_dags/plugins/listener_plugin.py
[2025-03-12T14:24:10.899+0200] {processor.py:914} INFO - Processing file /home/munyah/.local/lib/python3.10/site-packages/airflow/example_dags/plugins/listener_plugin.py for tasks to queue
[2025-03-12T14:24:10.902+0200] {logging_mixin.py:190} INFO - [2025-03-12T14:24:10.902+0200] {dagbag.py:588} INFO - Filling up the DagBag from /home/munyah/.local/lib/python3.10/site-packages/airflow/example_dags/plugins/listener_plugin.py
[2025-03-12T14:24:10.906+0200] {processor.py:927} WARNING - No viable dags retrieved from /home/munyah/.local/lib/python3.10/site-packages/airflow/example_dags/plugins/listener_plugin.py
[2025-03-12T14:24:10.918+0200] {processor.py:208} INFO - Processing /home/munyah/.local/lib/python3.10/site-packages/airflow/example_dags/plugins/listener_plugin.py took 0.036 seconds
[2025-03-12T14:25:07.739+0200] {processor.py:186} INFO - Started process (PID=136835) to work on /home/munyah/.local/lib/python3.10/site-packages/airflow/example_dags/plugins/listener_plugin.py
[2025-03-12T14:25:07.740+0200] {processor.py:914} INFO - Processing file /home/munyah/.local/lib/python3.10/site-packages/airflow/example_dags/plugins/listener_plugin.py for tasks to queue
[2025-03-12T14:25:07.743+0200] {logging_mixin.py:190} INFO - [2025-03-12T14:25:07.742+0200] {dagbag.py:588} INFO - Filling up the DagBag from /home/munyah/.local/lib/python3.10/site-packages/airflow/example_dags/plugins/listener_plugin.py
[2025-03-12T14:25:07.746+0200] {processor.py:927} WARNING - No viable dags retrieved from /home/munyah/.local/lib/python3.10/site-packages/airflow/example_dags/plugins/listener_plugin.py
[2025-03-12T14:25:07.758+0200] {processor.py:208} INFO - Processing /home/munyah/.local/lib/python3.10/site-packages/airflow/example_dags/plugins/listener_plugin.py took 0.030 seconds
[2025-03-12T14:26:06.650+0200] {processor.py:186} INFO - Started process (PID=137049) to work on /home/munyah/.local/lib/python3.10/site-packages/airflow/example_dags/plugins/listener_plugin.py
[2025-03-12T14:26:06.651+0200] {processor.py:914} INFO - Processing file /home/munyah/.local/lib/python3.10/site-packages/airflow/example_dags/plugins/listener_plugin.py for tasks to queue
[2025-03-12T14:26:06.654+0200] {logging_mixin.py:190} INFO - [2025-03-12T14:26:06.654+0200] {dagbag.py:588} INFO - Filling up the DagBag from /home/munyah/.local/lib/python3.10/site-packages/airflow/example_dags/plugins/listener_plugin.py
[2025-03-12T14:26:06.657+0200] {processor.py:927} WARNING - No viable dags retrieved from /home/munyah/.local/lib/python3.10/site-packages/airflow/example_dags/plugins/listener_plugin.py
[2025-03-12T14:26:06.671+0200] {processor.py:208} INFO - Processing /home/munyah/.local/lib/python3.10/site-packages/airflow/example_dags/plugins/listener_plugin.py took 0.028 seconds
[2025-03-12T14:27:07.829+0200] {processor.py:186} INFO - Started process (PID=137240) to work on /home/munyah/.local/lib/python3.10/site-packages/airflow/example_dags/plugins/listener_plugin.py
[2025-03-12T14:27:07.830+0200] {processor.py:914} INFO - Processing file /home/munyah/.local/lib/python3.10/site-packages/airflow/example_dags/plugins/listener_plugin.py for tasks to queue
[2025-03-12T14:27:07.832+0200] {logging_mixin.py:190} INFO - [2025-03-12T14:27:07.832+0200] {dagbag.py:588} INFO - Filling up the DagBag from /home/munyah/.local/lib/python3.10/site-packages/airflow/example_dags/plugins/listener_plugin.py
[2025-03-12T14:27:07.835+0200] {processor.py:927} WARNING - No viable dags retrieved from /home/munyah/.local/lib/python3.10/site-packages/airflow/example_dags/plugins/listener_plugin.py
[2025-03-12T14:27:07.847+0200] {processor.py:208} INFO - Processing /home/munyah/.local/lib/python3.10/site-packages/airflow/example_dags/plugins/listener_plugin.py took 0.026 seconds
[2025-03-12T14:28:11.447+0200] {processor.py:186} INFO - Started process (PID=137438) to work on /home/munyah/.local/lib/python3.10/site-packages/airflow/example_dags/plugins/listener_plugin.py
[2025-03-12T14:28:11.450+0200] {processor.py:914} INFO - Processing file /home/munyah/.local/lib/python3.10/site-packages/airflow/example_dags/plugins/listener_plugin.py for tasks to queue
[2025-03-12T14:28:11.456+0200] {logging_mixin.py:190} INFO - [2025-03-12T14:28:11.455+0200] {dagbag.py:588} INFO - Filling up the DagBag from /home/munyah/.local/lib/python3.10/site-packages/airflow/example_dags/plugins/listener_plugin.py
[2025-03-12T14:28:11.461+0200] {processor.py:927} WARNING - No viable dags retrieved from /home/munyah/.local/lib/python3.10/site-packages/airflow/example_dags/plugins/listener_plugin.py
[2025-03-12T14:28:11.477+0200] {processor.py:208} INFO - Processing /home/munyah/.local/lib/python3.10/site-packages/airflow/example_dags/plugins/listener_plugin.py took 0.051 seconds
[2025-03-12T14:29:09.915+0200] {processor.py:186} INFO - Started process (PID=137836) to work on /home/munyah/.local/lib/python3.10/site-packages/airflow/example_dags/plugins/listener_plugin.py
[2025-03-12T14:29:09.916+0200] {processor.py:914} INFO - Processing file /home/munyah/.local/lib/python3.10/site-packages/airflow/example_dags/plugins/listener_plugin.py for tasks to queue
[2025-03-12T14:29:09.920+0200] {logging_mixin.py:190} INFO - [2025-03-12T14:29:09.920+0200] {dagbag.py:588} INFO - Filling up the DagBag from /home/munyah/.local/lib/python3.10/site-packages/airflow/example_dags/plugins/listener_plugin.py
[2025-03-12T14:29:09.924+0200] {processor.py:927} WARNING - No viable dags retrieved from /home/munyah/.local/lib/python3.10/site-packages/airflow/example_dags/plugins/listener_plugin.py
[2025-03-12T14:29:09.941+0200] {processor.py:208} INFO - Processing /home/munyah/.local/lib/python3.10/site-packages/airflow/example_dags/plugins/listener_plugin.py took 0.036 seconds
[2025-03-12T14:30:07.566+0200] {processor.py:186} INFO - Started process (PID=138623) to work on /home/munyah/.local/lib/python3.10/site-packages/airflow/example_dags/plugins/listener_plugin.py
[2025-03-12T14:30:07.567+0200] {processor.py:914} INFO - Processing file /home/munyah/.local/lib/python3.10/site-packages/airflow/example_dags/plugins/listener_plugin.py for tasks to queue
[2025-03-12T14:30:07.570+0200] {logging_mixin.py:190} INFO - [2025-03-12T14:30:07.569+0200] {dagbag.py:588} INFO - Filling up the DagBag from /home/munyah/.local/lib/python3.10/site-packages/airflow/example_dags/plugins/listener_plugin.py
[2025-03-12T14:30:07.572+0200] {processor.py:927} WARNING - No viable dags retrieved from /home/munyah/.local/lib/python3.10/site-packages/airflow/example_dags/plugins/listener_plugin.py
[2025-03-12T14:30:07.585+0200] {processor.py:208} INFO - Processing /home/munyah/.local/lib/python3.10/site-packages/airflow/example_dags/plugins/listener_plugin.py took 0.027 seconds
[2025-03-12T14:31:11.398+0200] {processor.py:186} INFO - Started process (PID=138875) to work on /home/munyah/.local/lib/python3.10/site-packages/airflow/example_dags/plugins/listener_plugin.py
[2025-03-12T14:31:11.400+0200] {processor.py:914} INFO - Processing file /home/munyah/.local/lib/python3.10/site-packages/airflow/example_dags/plugins/listener_plugin.py for tasks to queue
[2025-03-12T14:31:11.403+0200] {logging_mixin.py:190} INFO - [2025-03-12T14:31:11.402+0200] {dagbag.py:588} INFO - Filling up the DagBag from /home/munyah/.local/lib/python3.10/site-packages/airflow/example_dags/plugins/listener_plugin.py
[2025-03-12T14:31:11.406+0200] {processor.py:927} WARNING - No viable dags retrieved from /home/munyah/.local/lib/python3.10/site-packages/airflow/example_dags/plugins/listener_plugin.py
[2025-03-12T14:31:11.418+0200] {processor.py:208} INFO - Processing /home/munyah/.local/lib/python3.10/site-packages/airflow/example_dags/plugins/listener_plugin.py took 0.034 seconds
[2025-03-12T14:32:15.332+0200] {processor.py:186} INFO - Started process (PID=139082) to work on /home/munyah/.local/lib/python3.10/site-packages/airflow/example_dags/plugins/listener_plugin.py
[2025-03-12T14:32:15.334+0200] {processor.py:914} INFO - Processing file /home/munyah/.local/lib/python3.10/site-packages/airflow/example_dags/plugins/listener_plugin.py for tasks to queue
[2025-03-12T14:32:15.337+0200] {logging_mixin.py:190} INFO - [2025-03-12T14:32:15.337+0200] {dagbag.py:588} INFO - Filling up the DagBag from /home/munyah/.local/lib/python3.10/site-packages/airflow/example_dags/plugins/listener_plugin.py
[2025-03-12T14:32:15.340+0200] {processor.py:927} WARNING - No viable dags retrieved from /home/munyah/.local/lib/python3.10/site-packages/airflow/example_dags/plugins/listener_plugin.py
[2025-03-12T14:32:15.352+0200] {processor.py:208} INFO - Processing /home/munyah/.local/lib/python3.10/site-packages/airflow/example_dags/plugins/listener_plugin.py took 0.027 seconds
[2025-03-12T14:33:18.903+0200] {processor.py:186} INFO - Started process (PID=139786) to work on /home/munyah/.local/lib/python3.10/site-packages/airflow/example_dags/plugins/listener_plugin.py
[2025-03-12T14:33:18.904+0200] {processor.py:914} INFO - Processing file /home/munyah/.local/lib/python3.10/site-packages/airflow/example_dags/plugins/listener_plugin.py for tasks to queue
[2025-03-12T14:33:18.908+0200] {logging_mixin.py:190} INFO - [2025-03-12T14:33:18.907+0200] {dagbag.py:588} INFO - Filling up the DagBag from /home/munyah/.local/lib/python3.10/site-packages/airflow/example_dags/plugins/listener_plugin.py
[2025-03-12T14:33:18.912+0200] {processor.py:927} WARNING - No viable dags retrieved from /home/munyah/.local/lib/python3.10/site-packages/airflow/example_dags/plugins/listener_plugin.py
[2025-03-12T14:33:18.932+0200] {processor.py:208} INFO - Processing /home/munyah/.local/lib/python3.10/site-packages/airflow/example_dags/plugins/listener_plugin.py took 0.041 seconds
[2025-03-12T14:34:23.517+0200] {processor.py:186} INFO - Started process (PID=140066) to work on /home/munyah/.local/lib/python3.10/site-packages/airflow/example_dags/plugins/listener_plugin.py
[2025-03-12T14:34:23.518+0200] {processor.py:914} INFO - Processing file /home/munyah/.local/lib/python3.10/site-packages/airflow/example_dags/plugins/listener_plugin.py for tasks to queue
[2025-03-12T14:34:23.521+0200] {logging_mixin.py:190} INFO - [2025-03-12T14:34:23.521+0200] {dagbag.py:588} INFO - Filling up the DagBag from /home/munyah/.local/lib/python3.10/site-packages/airflow/example_dags/plugins/listener_plugin.py
[2025-03-12T14:34:23.524+0200] {processor.py:927} WARNING - No viable dags retrieved from /home/munyah/.local/lib/python3.10/site-packages/airflow/example_dags/plugins/listener_plugin.py
[2025-03-12T14:34:23.536+0200] {processor.py:208} INFO - Processing /home/munyah/.local/lib/python3.10/site-packages/airflow/example_dags/plugins/listener_plugin.py took 0.029 seconds
[2025-03-12T14:35:25.806+0200] {processor.py:186} INFO - Started process (PID=140233) to work on /home/munyah/.local/lib/python3.10/site-packages/airflow/example_dags/plugins/listener_plugin.py
[2025-03-12T14:35:25.808+0200] {processor.py:914} INFO - Processing file /home/munyah/.local/lib/python3.10/site-packages/airflow/example_dags/plugins/listener_plugin.py for tasks to queue
[2025-03-12T14:35:25.810+0200] {logging_mixin.py:190} INFO - [2025-03-12T14:35:25.810+0200] {dagbag.py:588} INFO - Filling up the DagBag from /home/munyah/.local/lib/python3.10/site-packages/airflow/example_dags/plugins/listener_plugin.py
[2025-03-12T14:35:25.814+0200] {processor.py:927} WARNING - No viable dags retrieved from /home/munyah/.local/lib/python3.10/site-packages/airflow/example_dags/plugins/listener_plugin.py
[2025-03-12T14:35:25.826+0200] {processor.py:208} INFO - Processing /home/munyah/.local/lib/python3.10/site-packages/airflow/example_dags/plugins/listener_plugin.py took 0.028 seconds
[2025-03-12T14:36:00.836+0200] {processor.py:186} INFO - Started process (PID=140354) to work on /home/munyah/.local/lib/python3.10/site-packages/airflow/example_dags/plugins/listener_plugin.py
[2025-03-12T14:36:00.837+0200] {processor.py:914} INFO - Processing file /home/munyah/.local/lib/python3.10/site-packages/airflow/example_dags/plugins/listener_plugin.py for tasks to queue
[2025-03-12T14:36:00.840+0200] {logging_mixin.py:190} INFO - [2025-03-12T14:36:00.839+0200] {dagbag.py:588} INFO - Filling up the DagBag from /home/munyah/.local/lib/python3.10/site-packages/airflow/example_dags/plugins/listener_plugin.py
[2025-03-12T14:36:00.843+0200] {processor.py:927} WARNING - No viable dags retrieved from /home/munyah/.local/lib/python3.10/site-packages/airflow/example_dags/plugins/listener_plugin.py
[2025-03-12T14:36:00.855+0200] {processor.py:208} INFO - Processing /home/munyah/.local/lib/python3.10/site-packages/airflow/example_dags/plugins/listener_plugin.py took 0.030 seconds
[2025-03-12T14:37:04.787+0200] {processor.py:186} INFO - Started process (PID=140547) to work on /home/munyah/.local/lib/python3.10/site-packages/airflow/example_dags/plugins/listener_plugin.py
[2025-03-12T14:37:04.789+0200] {processor.py:914} INFO - Processing file /home/munyah/.local/lib/python3.10/site-packages/airflow/example_dags/plugins/listener_plugin.py for tasks to queue
[2025-03-12T14:37:04.791+0200] {logging_mixin.py:190} INFO - [2025-03-12T14:37:04.791+0200] {dagbag.py:588} INFO - Filling up the DagBag from /home/munyah/.local/lib/python3.10/site-packages/airflow/example_dags/plugins/listener_plugin.py
[2025-03-12T14:37:04.794+0200] {processor.py:927} WARNING - No viable dags retrieved from /home/munyah/.local/lib/python3.10/site-packages/airflow/example_dags/plugins/listener_plugin.py
[2025-03-12T14:37:04.806+0200] {processor.py:208} INFO - Processing /home/munyah/.local/lib/python3.10/site-packages/airflow/example_dags/plugins/listener_plugin.py took 0.027 seconds
[2025-03-12T14:38:07.626+0200] {processor.py:186} INFO - Started process (PID=140658) to work on /home/munyah/.local/lib/python3.10/site-packages/airflow/example_dags/plugins/listener_plugin.py
[2025-03-12T14:38:07.628+0200] {processor.py:914} INFO - Processing file /home/munyah/.local/lib/python3.10/site-packages/airflow/example_dags/plugins/listener_plugin.py for tasks to queue
[2025-03-12T14:38:07.633+0200] {logging_mixin.py:190} INFO - [2025-03-12T14:38:07.632+0200] {dagbag.py:588} INFO - Filling up the DagBag from /home/munyah/.local/lib/python3.10/site-packages/airflow/example_dags/plugins/listener_plugin.py
[2025-03-12T14:38:07.638+0200] {processor.py:927} WARNING - No viable dags retrieved from /home/munyah/.local/lib/python3.10/site-packages/airflow/example_dags/plugins/listener_plugin.py
[2025-03-12T14:38:07.659+0200] {processor.py:208} INFO - Processing /home/munyah/.local/lib/python3.10/site-packages/airflow/example_dags/plugins/listener_plugin.py took 0.048 seconds
[2025-03-12T14:38:41.904+0200] {processor.py:186} INFO - Started process (PID=140702) to work on /home/munyah/.local/lib/python3.10/site-packages/airflow/example_dags/plugins/listener_plugin.py
[2025-03-12T14:38:41.906+0200] {processor.py:914} INFO - Processing file /home/munyah/.local/lib/python3.10/site-packages/airflow/example_dags/plugins/listener_plugin.py for tasks to queue
[2025-03-12T14:38:41.909+0200] {logging_mixin.py:190} INFO - [2025-03-12T14:38:41.908+0200] {dagbag.py:588} INFO - Filling up the DagBag from /home/munyah/.local/lib/python3.10/site-packages/airflow/example_dags/plugins/listener_plugin.py
[2025-03-12T14:38:41.912+0200] {processor.py:927} WARNING - No viable dags retrieved from /home/munyah/.local/lib/python3.10/site-packages/airflow/example_dags/plugins/listener_plugin.py
[2025-03-12T14:38:41.926+0200] {processor.py:208} INFO - Processing /home/munyah/.local/lib/python3.10/site-packages/airflow/example_dags/plugins/listener_plugin.py took 0.030 seconds
[2025-03-12T14:39:47.814+0200] {processor.py:186} INFO - Started process (PID=140809) to work on /home/munyah/.local/lib/python3.10/site-packages/airflow/example_dags/plugins/listener_plugin.py
[2025-03-12T14:39:47.815+0200] {processor.py:914} INFO - Processing file /home/munyah/.local/lib/python3.10/site-packages/airflow/example_dags/plugins/listener_plugin.py for tasks to queue
[2025-03-12T14:39:47.818+0200] {logging_mixin.py:190} INFO - [2025-03-12T14:39:47.818+0200] {dagbag.py:588} INFO - Filling up the DagBag from /home/munyah/.local/lib/python3.10/site-packages/airflow/example_dags/plugins/listener_plugin.py
[2025-03-12T14:39:47.821+0200] {processor.py:927} WARNING - No viable dags retrieved from /home/munyah/.local/lib/python3.10/site-packages/airflow/example_dags/plugins/listener_plugin.py
[2025-03-12T14:39:47.833+0200] {processor.py:208} INFO - Processing /home/munyah/.local/lib/python3.10/site-packages/airflow/example_dags/plugins/listener_plugin.py took 0.029 seconds
[2025-03-12T14:40:50.369+0200] {processor.py:186} INFO - Started process (PID=140939) to work on /home/munyah/.local/lib/python3.10/site-packages/airflow/example_dags/plugins/listener_plugin.py
[2025-03-12T14:40:50.371+0200] {processor.py:914} INFO - Processing file /home/munyah/.local/lib/python3.10/site-packages/airflow/example_dags/plugins/listener_plugin.py for tasks to queue
[2025-03-12T14:40:50.376+0200] {logging_mixin.py:190} INFO - [2025-03-12T14:40:50.375+0200] {dagbag.py:588} INFO - Filling up the DagBag from /home/munyah/.local/lib/python3.10/site-packages/airflow/example_dags/plugins/listener_plugin.py
[2025-03-12T14:40:50.382+0200] {processor.py:927} WARNING - No viable dags retrieved from /home/munyah/.local/lib/python3.10/site-packages/airflow/example_dags/plugins/listener_plugin.py
[2025-03-12T14:40:50.403+0200] {processor.py:208} INFO - Processing /home/munyah/.local/lib/python3.10/site-packages/airflow/example_dags/plugins/listener_plugin.py took 0.050 seconds
[2025-03-12T14:41:25.312+0200] {processor.py:186} INFO - Started process (PID=141170) to work on /home/munyah/.local/lib/python3.10/site-packages/airflow/example_dags/plugins/listener_plugin.py
[2025-03-12T14:41:25.313+0200] {processor.py:914} INFO - Processing file /home/munyah/.local/lib/python3.10/site-packages/airflow/example_dags/plugins/listener_plugin.py for tasks to queue
[2025-03-12T14:41:25.316+0200] {logging_mixin.py:190} INFO - [2025-03-12T14:41:25.316+0200] {dagbag.py:588} INFO - Filling up the DagBag from /home/munyah/.local/lib/python3.10/site-packages/airflow/example_dags/plugins/listener_plugin.py
[2025-03-12T14:41:25.319+0200] {processor.py:927} WARNING - No viable dags retrieved from /home/munyah/.local/lib/python3.10/site-packages/airflow/example_dags/plugins/listener_plugin.py
[2025-03-12T14:41:25.331+0200] {processor.py:208} INFO - Processing /home/munyah/.local/lib/python3.10/site-packages/airflow/example_dags/plugins/listener_plugin.py took 0.027 seconds
[2025-03-12T14:42:25.908+0200] {processor.py:186} INFO - Started process (PID=141342) to work on /home/munyah/.local/lib/python3.10/site-packages/airflow/example_dags/plugins/listener_plugin.py
[2025-03-12T14:42:25.909+0200] {processor.py:914} INFO - Processing file /home/munyah/.local/lib/python3.10/site-packages/airflow/example_dags/plugins/listener_plugin.py for tasks to queue
[2025-03-12T14:42:25.912+0200] {logging_mixin.py:190} INFO - [2025-03-12T14:42:25.912+0200] {dagbag.py:588} INFO - Filling up the DagBag from /home/munyah/.local/lib/python3.10/site-packages/airflow/example_dags/plugins/listener_plugin.py
[2025-03-12T14:42:25.915+0200] {processor.py:927} WARNING - No viable dags retrieved from /home/munyah/.local/lib/python3.10/site-packages/airflow/example_dags/plugins/listener_plugin.py
[2025-03-12T14:42:25.926+0200] {processor.py:208} INFO - Processing /home/munyah/.local/lib/python3.10/site-packages/airflow/example_dags/plugins/listener_plugin.py took 0.026 seconds
[2025-03-12T14:43:24.367+0200] {processor.py:186} INFO - Started process (PID=141531) to work on /home/munyah/.local/lib/python3.10/site-packages/airflow/example_dags/plugins/listener_plugin.py
[2025-03-12T14:43:24.368+0200] {processor.py:914} INFO - Processing file /home/munyah/.local/lib/python3.10/site-packages/airflow/example_dags/plugins/listener_plugin.py for tasks to queue
[2025-03-12T14:43:24.371+0200] {logging_mixin.py:190} INFO - [2025-03-12T14:43:24.370+0200] {dagbag.py:588} INFO - Filling up the DagBag from /home/munyah/.local/lib/python3.10/site-packages/airflow/example_dags/plugins/listener_plugin.py
[2025-03-12T14:43:24.373+0200] {processor.py:927} WARNING - No viable dags retrieved from /home/munyah/.local/lib/python3.10/site-packages/airflow/example_dags/plugins/listener_plugin.py
[2025-03-12T14:43:24.385+0200] {processor.py:208} INFO - Processing /home/munyah/.local/lib/python3.10/site-packages/airflow/example_dags/plugins/listener_plugin.py took 0.026 seconds
[2025-03-12T14:44:24.310+0200] {processor.py:186} INFO - Started process (PID=141698) to work on /home/munyah/.local/lib/python3.10/site-packages/airflow/example_dags/plugins/listener_plugin.py
[2025-03-12T14:44:24.311+0200] {processor.py:914} INFO - Processing file /home/munyah/.local/lib/python3.10/site-packages/airflow/example_dags/plugins/listener_plugin.py for tasks to queue
[2025-03-12T14:44:24.313+0200] {logging_mixin.py:190} INFO - [2025-03-12T14:44:24.313+0200] {dagbag.py:588} INFO - Filling up the DagBag from /home/munyah/.local/lib/python3.10/site-packages/airflow/example_dags/plugins/listener_plugin.py
[2025-03-12T14:44:24.316+0200] {processor.py:927} WARNING - No viable dags retrieved from /home/munyah/.local/lib/python3.10/site-packages/airflow/example_dags/plugins/listener_plugin.py
[2025-03-12T14:44:24.328+0200] {processor.py:208} INFO - Processing /home/munyah/.local/lib/python3.10/site-packages/airflow/example_dags/plugins/listener_plugin.py took 0.027 seconds
[2025-03-12T14:45:23.006+0200] {processor.py:186} INFO - Started process (PID=141886) to work on /home/munyah/.local/lib/python3.10/site-packages/airflow/example_dags/plugins/listener_plugin.py
[2025-03-12T14:45:23.008+0200] {processor.py:914} INFO - Processing file /home/munyah/.local/lib/python3.10/site-packages/airflow/example_dags/plugins/listener_plugin.py for tasks to queue
[2025-03-12T14:45:23.011+0200] {logging_mixin.py:190} INFO - [2025-03-12T14:45:23.011+0200] {dagbag.py:588} INFO - Filling up the DagBag from /home/munyah/.local/lib/python3.10/site-packages/airflow/example_dags/plugins/listener_plugin.py
[2025-03-12T14:45:23.015+0200] {processor.py:927} WARNING - No viable dags retrieved from /home/munyah/.local/lib/python3.10/site-packages/airflow/example_dags/plugins/listener_plugin.py
[2025-03-12T14:45:23.029+0200] {processor.py:208} INFO - Processing /home/munyah/.local/lib/python3.10/site-packages/airflow/example_dags/plugins/listener_plugin.py took 0.032 seconds
[2025-03-12T14:46:21.251+0200] {processor.py:186} INFO - Started process (PID=142101) to work on /home/munyah/.local/lib/python3.10/site-packages/airflow/example_dags/plugins/listener_plugin.py
[2025-03-12T14:46:21.253+0200] {processor.py:914} INFO - Processing file /home/munyah/.local/lib/python3.10/site-packages/airflow/example_dags/plugins/listener_plugin.py for tasks to queue
[2025-03-12T14:46:21.256+0200] {logging_mixin.py:190} INFO - [2025-03-12T14:46:21.255+0200] {dagbag.py:588} INFO - Filling up the DagBag from /home/munyah/.local/lib/python3.10/site-packages/airflow/example_dags/plugins/listener_plugin.py
[2025-03-12T14:46:21.259+0200] {processor.py:927} WARNING - No viable dags retrieved from /home/munyah/.local/lib/python3.10/site-packages/airflow/example_dags/plugins/listener_plugin.py
[2025-03-12T14:46:21.271+0200] {processor.py:208} INFO - Processing /home/munyah/.local/lib/python3.10/site-packages/airflow/example_dags/plugins/listener_plugin.py took 0.028 seconds
[2025-03-12T14:46:55.941+0200] {processor.py:186} INFO - Started process (PID=142230) to work on /home/munyah/.local/lib/python3.10/site-packages/airflow/example_dags/plugins/listener_plugin.py
[2025-03-12T14:46:55.943+0200] {processor.py:914} INFO - Processing file /home/munyah/.local/lib/python3.10/site-packages/airflow/example_dags/plugins/listener_plugin.py for tasks to queue
[2025-03-12T14:46:55.947+0200] {logging_mixin.py:190} INFO - [2025-03-12T14:46:55.946+0200] {dagbag.py:588} INFO - Filling up the DagBag from /home/munyah/.local/lib/python3.10/site-packages/airflow/example_dags/plugins/listener_plugin.py
[2025-03-12T14:46:55.951+0200] {processor.py:927} WARNING - No viable dags retrieved from /home/munyah/.local/lib/python3.10/site-packages/airflow/example_dags/plugins/listener_plugin.py
[2025-03-12T14:46:55.969+0200] {processor.py:208} INFO - Processing /home/munyah/.local/lib/python3.10/site-packages/airflow/example_dags/plugins/listener_plugin.py took 0.040 seconds
[2025-03-12T14:49:13.262+0200] {processor.py:186} INFO - Started process (PID=142712) to work on /home/munyah/.local/lib/python3.10/site-packages/airflow/example_dags/plugins/listener_plugin.py
[2025-03-12T14:49:13.264+0200] {processor.py:914} INFO - Processing file /home/munyah/.local/lib/python3.10/site-packages/airflow/example_dags/plugins/listener_plugin.py for tasks to queue
[2025-03-12T14:49:13.268+0200] {logging_mixin.py:190} INFO - [2025-03-12T14:49:13.268+0200] {dagbag.py:588} INFO - Filling up the DagBag from /home/munyah/.local/lib/python3.10/site-packages/airflow/example_dags/plugins/listener_plugin.py
[2025-03-12T14:49:13.275+0200] {processor.py:927} WARNING - No viable dags retrieved from /home/munyah/.local/lib/python3.10/site-packages/airflow/example_dags/plugins/listener_plugin.py
[2025-03-12T14:49:13.297+0200] {processor.py:208} INFO - Processing /home/munyah/.local/lib/python3.10/site-packages/airflow/example_dags/plugins/listener_plugin.py took 0.054 seconds
[2025-03-12T14:50:00.881+0200] {processor.py:186} INFO - Started process (PID=142845) to work on /home/munyah/.local/lib/python3.10/site-packages/airflow/example_dags/plugins/listener_plugin.py
[2025-03-12T14:50:00.883+0200] {processor.py:914} INFO - Processing file /home/munyah/.local/lib/python3.10/site-packages/airflow/example_dags/plugins/listener_plugin.py for tasks to queue
[2025-03-12T14:50:00.885+0200] {logging_mixin.py:190} INFO - [2025-03-12T14:50:00.885+0200] {dagbag.py:588} INFO - Filling up the DagBag from /home/munyah/.local/lib/python3.10/site-packages/airflow/example_dags/plugins/listener_plugin.py
[2025-03-12T14:50:00.888+0200] {processor.py:927} WARNING - No viable dags retrieved from /home/munyah/.local/lib/python3.10/site-packages/airflow/example_dags/plugins/listener_plugin.py
[2025-03-12T14:50:00.901+0200] {processor.py:208} INFO - Processing /home/munyah/.local/lib/python3.10/site-packages/airflow/example_dags/plugins/listener_plugin.py took 0.028 seconds
[2025-03-12T14:50:42.394+0200] {processor.py:186} INFO - Started process (PID=142959) to work on /home/munyah/.local/lib/python3.10/site-packages/airflow/example_dags/plugins/listener_plugin.py
[2025-03-12T14:50:42.396+0200] {processor.py:914} INFO - Processing file /home/munyah/.local/lib/python3.10/site-packages/airflow/example_dags/plugins/listener_plugin.py for tasks to queue
[2025-03-12T14:50:42.399+0200] {logging_mixin.py:190} INFO - [2025-03-12T14:50:42.398+0200] {dagbag.py:588} INFO - Filling up the DagBag from /home/munyah/.local/lib/python3.10/site-packages/airflow/example_dags/plugins/listener_plugin.py
[2025-03-12T14:50:42.402+0200] {processor.py:927} WARNING - No viable dags retrieved from /home/munyah/.local/lib/python3.10/site-packages/airflow/example_dags/plugins/listener_plugin.py
[2025-03-12T14:50:42.414+0200] {processor.py:208} INFO - Processing /home/munyah/.local/lib/python3.10/site-packages/airflow/example_dags/plugins/listener_plugin.py took 0.029 seconds
[2025-03-12T14:51:46.445+0200] {processor.py:186} INFO - Started process (PID=143188) to work on /home/munyah/.local/lib/python3.10/site-packages/airflow/example_dags/plugins/listener_plugin.py
[2025-03-12T14:51:46.447+0200] {processor.py:914} INFO - Processing file /home/munyah/.local/lib/python3.10/site-packages/airflow/example_dags/plugins/listener_plugin.py for tasks to queue
[2025-03-12T14:51:46.449+0200] {logging_mixin.py:190} INFO - [2025-03-12T14:51:46.449+0200] {dagbag.py:588} INFO - Filling up the DagBag from /home/munyah/.local/lib/python3.10/site-packages/airflow/example_dags/plugins/listener_plugin.py
[2025-03-12T14:51:46.453+0200] {processor.py:927} WARNING - No viable dags retrieved from /home/munyah/.local/lib/python3.10/site-packages/airflow/example_dags/plugins/listener_plugin.py
[2025-03-12T14:51:46.465+0200] {processor.py:208} INFO - Processing /home/munyah/.local/lib/python3.10/site-packages/airflow/example_dags/plugins/listener_plugin.py took 0.028 seconds
[2025-03-12T14:52:21.732+0200] {processor.py:186} INFO - Started process (PID=143285) to work on /home/munyah/.local/lib/python3.10/site-packages/airflow/example_dags/plugins/listener_plugin.py
[2025-03-12T14:52:21.734+0200] {processor.py:914} INFO - Processing file /home/munyah/.local/lib/python3.10/site-packages/airflow/example_dags/plugins/listener_plugin.py for tasks to queue
[2025-03-12T14:52:21.738+0200] {logging_mixin.py:190} INFO - [2025-03-12T14:52:21.737+0200] {dagbag.py:588} INFO - Filling up the DagBag from /home/munyah/.local/lib/python3.10/site-packages/airflow/example_dags/plugins/listener_plugin.py
[2025-03-12T14:52:21.742+0200] {processor.py:927} WARNING - No viable dags retrieved from /home/munyah/.local/lib/python3.10/site-packages/airflow/example_dags/plugins/listener_plugin.py
[2025-03-12T14:52:21.756+0200] {processor.py:208} INFO - Processing /home/munyah/.local/lib/python3.10/site-packages/airflow/example_dags/plugins/listener_plugin.py took 0.034 seconds
[2025-03-12T14:52:58.452+0200] {processor.py:186} INFO - Started process (PID=143408) to work on /home/munyah/.local/lib/python3.10/site-packages/airflow/example_dags/plugins/listener_plugin.py
[2025-03-12T14:52:58.463+0200] {processor.py:914} INFO - Processing file /home/munyah/.local/lib/python3.10/site-packages/airflow/example_dags/plugins/listener_plugin.py for tasks to queue
[2025-03-12T14:52:58.467+0200] {logging_mixin.py:190} INFO - [2025-03-12T14:52:58.466+0200] {dagbag.py:588} INFO - Filling up the DagBag from /home/munyah/.local/lib/python3.10/site-packages/airflow/example_dags/plugins/listener_plugin.py
[2025-03-12T14:52:58.478+0200] {processor.py:927} WARNING - No viable dags retrieved from /home/munyah/.local/lib/python3.10/site-packages/airflow/example_dags/plugins/listener_plugin.py
[2025-03-12T14:52:58.498+0200] {processor.py:208} INFO - Processing /home/munyah/.local/lib/python3.10/site-packages/airflow/example_dags/plugins/listener_plugin.py took 0.066 seconds
[2025-03-12T14:53:35.298+0200] {processor.py:186} INFO - Started process (PID=143534) to work on /home/munyah/.local/lib/python3.10/site-packages/airflow/example_dags/plugins/listener_plugin.py
[2025-03-12T14:53:35.300+0200] {processor.py:914} INFO - Processing file /home/munyah/.local/lib/python3.10/site-packages/airflow/example_dags/plugins/listener_plugin.py for tasks to queue
[2025-03-12T14:53:35.303+0200] {logging_mixin.py:190} INFO - [2025-03-12T14:53:35.303+0200] {dagbag.py:588} INFO - Filling up the DagBag from /home/munyah/.local/lib/python3.10/site-packages/airflow/example_dags/plugins/listener_plugin.py
[2025-03-12T14:53:35.312+0200] {processor.py:927} WARNING - No viable dags retrieved from /home/munyah/.local/lib/python3.10/site-packages/airflow/example_dags/plugins/listener_plugin.py
[2025-03-12T14:53:35.333+0200] {processor.py:208} INFO - Processing /home/munyah/.local/lib/python3.10/site-packages/airflow/example_dags/plugins/listener_plugin.py took 0.055 seconds
