[2025-03-12T08:20:55.787+0200] {processor.py:186} INFO - Started process (PID=133724) to work on /home/munyah/.local/lib/python3.10/site-packages/airflow/example_dags/plugins/workday.py
[2025-03-12T08:20:55.789+0200] {processor.py:914} INFO - Processing file /home/munyah/.local/lib/python3.10/site-packages/airflow/example_dags/plugins/workday.py for tasks to queue
[2025-03-12T08:20:55.793+0200] {logging_mixin.py:190} INFO - [2025-03-12T08:20:55.792+0200] {dagbag.py:588} INFO - Filling up the DagBag from /home/munyah/.local/lib/python3.10/site-packages/airflow/example_dags/plugins/workday.py
[2025-03-12T08:20:55.799+0200] {processor.py:927} WARNING - No viable dags retrieved from /home/munyah/.local/lib/python3.10/site-packages/airflow/example_dags/plugins/workday.py
[2025-03-12T08:20:55.812+0200] {processor.py:208} INFO - Processing /home/munyah/.local/lib/python3.10/site-packages/airflow/example_dags/plugins/workday.py took 0.039 seconds
[2025-03-12T14:17:33.184+0200] {processor.py:186} INFO - Started process (PID=134526) to work on /home/munyah/.local/lib/python3.10/site-packages/airflow/example_dags/plugins/workday.py
[2025-03-12T14:17:33.186+0200] {processor.py:914} INFO - Processing file /home/munyah/.local/lib/python3.10/site-packages/airflow/example_dags/plugins/workday.py for tasks to queue
[2025-03-12T14:17:33.188+0200] {logging_mixin.py:190} INFO - [2025-03-12T14:17:33.188+0200] {dagbag.py:588} INFO - Filling up the DagBag from /home/munyah/.local/lib/python3.10/site-packages/airflow/example_dags/plugins/workday.py
[2025-03-12T14:17:33.191+0200] {processor.py:927} WARNING - No viable dags retrieved from /home/munyah/.local/lib/python3.10/site-packages/airflow/example_dags/plugins/workday.py
[2025-03-12T14:17:33.202+0200] {processor.py:208} INFO - Processing /home/munyah/.local/lib/python3.10/site-packages/airflow/example_dags/plugins/workday.py took 0.026 seconds
[2025-03-12T14:18:06.408+0200] {processor.py:186} INFO - Started process (PID=134636) to work on /home/munyah/.local/lib/python3.10/site-packages/airflow/example_dags/plugins/workday.py
[2025-03-12T14:18:06.410+0200] {processor.py:914} INFO - Processing file /home/munyah/.local/lib/python3.10/site-packages/airflow/example_dags/plugins/workday.py for tasks to queue
[2025-03-12T14:18:06.412+0200] {logging_mixin.py:190} INFO - [2025-03-12T14:18:06.412+0200] {dagbag.py:588} INFO - Filling up the DagBag from /home/munyah/.local/lib/python3.10/site-packages/airflow/example_dags/plugins/workday.py
[2025-03-12T14:18:06.415+0200] {processor.py:927} WARNING - No viable dags retrieved from /home/munyah/.local/lib/python3.10/site-packages/airflow/example_dags/plugins/workday.py
[2025-03-12T14:18:06.427+0200] {processor.py:208} INFO - Processing /home/munyah/.local/lib/python3.10/site-packages/airflow/example_dags/plugins/workday.py took 0.026 seconds
[2025-03-12T14:19:06.647+0200] {processor.py:186} INFO - Started process (PID=134899) to work on /home/munyah/.local/lib/python3.10/site-packages/airflow/example_dags/plugins/workday.py
[2025-03-12T14:19:06.648+0200] {processor.py:914} INFO - Processing file /home/munyah/.local/lib/python3.10/site-packages/airflow/example_dags/plugins/workday.py for tasks to queue
[2025-03-12T14:19:06.651+0200] {logging_mixin.py:190} INFO - [2025-03-12T14:19:06.650+0200] {dagbag.py:588} INFO - Filling up the DagBag from /home/munyah/.local/lib/python3.10/site-packages/airflow/example_dags/plugins/workday.py
[2025-03-12T14:19:06.654+0200] {processor.py:927} WARNING - No viable dags retrieved from /home/munyah/.local/lib/python3.10/site-packages/airflow/example_dags/plugins/workday.py
[2025-03-12T14:19:06.666+0200] {processor.py:208} INFO - Processing /home/munyah/.local/lib/python3.10/site-packages/airflow/example_dags/plugins/workday.py took 0.026 seconds
[2025-03-12T14:20:03.141+0200] {processor.py:186} INFO - Started process (PID=135058) to work on /home/munyah/.local/lib/python3.10/site-packages/airflow/example_dags/plugins/workday.py
[2025-03-12T14:20:03.142+0200] {processor.py:914} INFO - Processing file /home/munyah/.local/lib/python3.10/site-packages/airflow/example_dags/plugins/workday.py for tasks to queue
[2025-03-12T14:20:03.145+0200] {logging_mixin.py:190} INFO - [2025-03-12T14:20:03.144+0200] {dagbag.py:588} INFO - Filling up the DagBag from /home/munyah/.local/lib/python3.10/site-packages/airflow/example_dags/plugins/workday.py
[2025-03-12T14:20:03.148+0200] {processor.py:927} WARNING - No viable dags retrieved from /home/munyah/.local/lib/python3.10/site-packages/airflow/example_dags/plugins/workday.py
[2025-03-12T14:20:03.160+0200] {processor.py:208} INFO - Processing /home/munyah/.local/lib/python3.10/site-packages/airflow/example_dags/plugins/workday.py took 0.026 seconds
[2025-03-12T14:21:00.035+0200] {processor.py:186} INFO - Started process (PID=135248) to work on /home/munyah/.local/lib/python3.10/site-packages/airflow/example_dags/plugins/workday.py
[2025-03-12T14:21:00.036+0200] {processor.py:914} INFO - Processing file /home/munyah/.local/lib/python3.10/site-packages/airflow/example_dags/plugins/workday.py for tasks to queue
[2025-03-12T14:21:00.039+0200] {logging_mixin.py:190} INFO - [2025-03-12T14:21:00.039+0200] {dagbag.py:588} INFO - Filling up the DagBag from /home/munyah/.local/lib/python3.10/site-packages/airflow/example_dags/plugins/workday.py
[2025-03-12T14:21:00.043+0200] {processor.py:927} WARNING - No viable dags retrieved from /home/munyah/.local/lib/python3.10/site-packages/airflow/example_dags/plugins/workday.py
[2025-03-12T14:21:00.058+0200] {processor.py:208} INFO - Processing /home/munyah/.local/lib/python3.10/site-packages/airflow/example_dags/plugins/workday.py took 0.034 seconds
[2025-03-12T14:21:56.044+0200] {processor.py:186} INFO - Started process (PID=135434) to work on /home/munyah/.local/lib/python3.10/site-packages/airflow/example_dags/plugins/workday.py
[2025-03-12T14:21:56.045+0200] {processor.py:914} INFO - Processing file /home/munyah/.local/lib/python3.10/site-packages/airflow/example_dags/plugins/workday.py for tasks to queue
[2025-03-12T14:21:56.048+0200] {logging_mixin.py:190} INFO - [2025-03-12T14:21:56.047+0200] {dagbag.py:588} INFO - Filling up the DagBag from /home/munyah/.local/lib/python3.10/site-packages/airflow/example_dags/plugins/workday.py
[2025-03-12T14:21:56.051+0200] {processor.py:927} WARNING - No viable dags retrieved from /home/munyah/.local/lib/python3.10/site-packages/airflow/example_dags/plugins/workday.py
[2025-03-12T14:21:56.063+0200] {processor.py:208} INFO - Processing /home/munyah/.local/lib/python3.10/site-packages/airflow/example_dags/plugins/workday.py took 0.027 seconds
[2025-03-12T14:22:55.638+0200] {processor.py:186} INFO - Started process (PID=136369) to work on /home/munyah/.local/lib/python3.10/site-packages/airflow/example_dags/plugins/workday.py
[2025-03-12T14:22:55.640+0200] {processor.py:914} INFO - Processing file /home/munyah/.local/lib/python3.10/site-packages/airflow/example_dags/plugins/workday.py for tasks to queue
[2025-03-12T14:22:55.646+0200] {logging_mixin.py:190} INFO - [2025-03-12T14:22:55.645+0200] {dagbag.py:588} INFO - Filling up the DagBag from /home/munyah/.local/lib/python3.10/site-packages/airflow/example_dags/plugins/workday.py
[2025-03-12T14:22:55.652+0200] {processor.py:927} WARNING - No viable dags retrieved from /home/munyah/.local/lib/python3.10/site-packages/airflow/example_dags/plugins/workday.py
[2025-03-12T14:22:55.676+0200] {processor.py:208} INFO - Processing /home/munyah/.local/lib/python3.10/site-packages/airflow/example_dags/plugins/workday.py took 0.054 seconds
[2025-03-12T14:23:32.534+0200] {processor.py:186} INFO - Started process (PID=136492) to work on /home/munyah/.local/lib/python3.10/site-packages/airflow/example_dags/plugins/workday.py
[2025-03-12T14:23:32.535+0200] {processor.py:914} INFO - Processing file /home/munyah/.local/lib/python3.10/site-packages/airflow/example_dags/plugins/workday.py for tasks to queue
[2025-03-12T14:23:32.539+0200] {logging_mixin.py:190} INFO - [2025-03-12T14:23:32.538+0200] {dagbag.py:588} INFO - Filling up the DagBag from /home/munyah/.local/lib/python3.10/site-packages/airflow/example_dags/plugins/workday.py
[2025-03-12T14:23:32.542+0200] {processor.py:927} WARNING - No viable dags retrieved from /home/munyah/.local/lib/python3.10/site-packages/airflow/example_dags/plugins/workday.py
[2025-03-12T14:23:32.555+0200] {processor.py:208} INFO - Processing /home/munyah/.local/lib/python3.10/site-packages/airflow/example_dags/plugins/workday.py took 0.030 seconds
[2025-03-12T14:24:09.889+0200] {processor.py:186} INFO - Started process (PID=136624) to work on /home/munyah/.local/lib/python3.10/site-packages/airflow/example_dags/plugins/workday.py
[2025-03-12T14:24:09.890+0200] {processor.py:914} INFO - Processing file /home/munyah/.local/lib/python3.10/site-packages/airflow/example_dags/plugins/workday.py for tasks to queue
[2025-03-12T14:24:09.892+0200] {logging_mixin.py:190} INFO - [2025-03-12T14:24:09.892+0200] {dagbag.py:588} INFO - Filling up the DagBag from /home/munyah/.local/lib/python3.10/site-packages/airflow/example_dags/plugins/workday.py
[2025-03-12T14:24:09.895+0200] {processor.py:927} WARNING - No viable dags retrieved from /home/munyah/.local/lib/python3.10/site-packages/airflow/example_dags/plugins/workday.py
[2025-03-12T14:24:09.907+0200] {processor.py:208} INFO - Processing /home/munyah/.local/lib/python3.10/site-packages/airflow/example_dags/plugins/workday.py took 0.027 seconds
[2025-03-12T14:25:06.554+0200] {processor.py:186} INFO - Started process (PID=136832) to work on /home/munyah/.local/lib/python3.10/site-packages/airflow/example_dags/plugins/workday.py
[2025-03-12T14:25:06.555+0200] {processor.py:914} INFO - Processing file /home/munyah/.local/lib/python3.10/site-packages/airflow/example_dags/plugins/workday.py for tasks to queue
[2025-03-12T14:25:06.557+0200] {logging_mixin.py:190} INFO - [2025-03-12T14:25:06.557+0200] {dagbag.py:588} INFO - Filling up the DagBag from /home/munyah/.local/lib/python3.10/site-packages/airflow/example_dags/plugins/workday.py
[2025-03-12T14:25:06.560+0200] {processor.py:927} WARNING - No viable dags retrieved from /home/munyah/.local/lib/python3.10/site-packages/airflow/example_dags/plugins/workday.py
[2025-03-12T14:25:06.574+0200] {processor.py:208} INFO - Processing /home/munyah/.local/lib/python3.10/site-packages/airflow/example_dags/plugins/workday.py took 0.029 seconds
[2025-03-12T14:26:05.474+0200] {processor.py:186} INFO - Started process (PID=137046) to work on /home/munyah/.local/lib/python3.10/site-packages/airflow/example_dags/plugins/workday.py
[2025-03-12T14:26:05.475+0200] {processor.py:914} INFO - Processing file /home/munyah/.local/lib/python3.10/site-packages/airflow/example_dags/plugins/workday.py for tasks to queue
[2025-03-12T14:26:05.477+0200] {logging_mixin.py:190} INFO - [2025-03-12T14:26:05.477+0200] {dagbag.py:588} INFO - Filling up the DagBag from /home/munyah/.local/lib/python3.10/site-packages/airflow/example_dags/plugins/workday.py
[2025-03-12T14:26:05.480+0200] {processor.py:927} WARNING - No viable dags retrieved from /home/munyah/.local/lib/python3.10/site-packages/airflow/example_dags/plugins/workday.py
[2025-03-12T14:26:05.493+0200] {processor.py:208} INFO - Processing /home/munyah/.local/lib/python3.10/site-packages/airflow/example_dags/plugins/workday.py took 0.029 seconds
[2025-03-12T14:27:06.842+0200] {processor.py:186} INFO - Started process (PID=137238) to work on /home/munyah/.local/lib/python3.10/site-packages/airflow/example_dags/plugins/workday.py
[2025-03-12T14:27:06.843+0200] {processor.py:914} INFO - Processing file /home/munyah/.local/lib/python3.10/site-packages/airflow/example_dags/plugins/workday.py for tasks to queue
[2025-03-12T14:27:06.846+0200] {logging_mixin.py:190} INFO - [2025-03-12T14:27:06.845+0200] {dagbag.py:588} INFO - Filling up the DagBag from /home/munyah/.local/lib/python3.10/site-packages/airflow/example_dags/plugins/workday.py
[2025-03-12T14:27:06.849+0200] {processor.py:927} WARNING - No viable dags retrieved from /home/munyah/.local/lib/python3.10/site-packages/airflow/example_dags/plugins/workday.py
[2025-03-12T14:27:06.861+0200] {processor.py:208} INFO - Processing /home/munyah/.local/lib/python3.10/site-packages/airflow/example_dags/plugins/workday.py took 0.027 seconds
[2025-03-12T14:28:10.233+0200] {processor.py:186} INFO - Started process (PID=137435) to work on /home/munyah/.local/lib/python3.10/site-packages/airflow/example_dags/plugins/workday.py
[2025-03-12T14:28:10.234+0200] {processor.py:914} INFO - Processing file /home/munyah/.local/lib/python3.10/site-packages/airflow/example_dags/plugins/workday.py for tasks to queue
[2025-03-12T14:28:10.236+0200] {logging_mixin.py:190} INFO - [2025-03-12T14:28:10.236+0200] {dagbag.py:588} INFO - Filling up the DagBag from /home/munyah/.local/lib/python3.10/site-packages/airflow/example_dags/plugins/workday.py
[2025-03-12T14:28:10.239+0200] {processor.py:927} WARNING - No viable dags retrieved from /home/munyah/.local/lib/python3.10/site-packages/airflow/example_dags/plugins/workday.py
[2025-03-12T14:28:10.252+0200] {processor.py:208} INFO - Processing /home/munyah/.local/lib/python3.10/site-packages/airflow/example_dags/plugins/workday.py took 0.027 seconds
[2025-03-12T14:29:08.754+0200] {processor.py:186} INFO - Started process (PID=137770) to work on /home/munyah/.local/lib/python3.10/site-packages/airflow/example_dags/plugins/workday.py
[2025-03-12T14:29:08.755+0200] {processor.py:914} INFO - Processing file /home/munyah/.local/lib/python3.10/site-packages/airflow/example_dags/plugins/workday.py for tasks to queue
[2025-03-12T14:29:08.758+0200] {logging_mixin.py:190} INFO - [2025-03-12T14:29:08.757+0200] {dagbag.py:588} INFO - Filling up the DagBag from /home/munyah/.local/lib/python3.10/site-packages/airflow/example_dags/plugins/workday.py
[2025-03-12T14:29:08.761+0200] {processor.py:927} WARNING - No viable dags retrieved from /home/munyah/.local/lib/python3.10/site-packages/airflow/example_dags/plugins/workday.py
[2025-03-12T14:29:08.773+0200] {processor.py:208} INFO - Processing /home/munyah/.local/lib/python3.10/site-packages/airflow/example_dags/plugins/workday.py took 0.027 seconds
[2025-03-12T14:30:07.006+0200] {processor.py:186} INFO - Started process (PID=138622) to work on /home/munyah/.local/lib/python3.10/site-packages/airflow/example_dags/plugins/workday.py
[2025-03-12T14:30:07.007+0200] {processor.py:914} INFO - Processing file /home/munyah/.local/lib/python3.10/site-packages/airflow/example_dags/plugins/workday.py for tasks to queue
[2025-03-12T14:30:07.011+0200] {logging_mixin.py:190} INFO - [2025-03-12T14:30:07.011+0200] {dagbag.py:588} INFO - Filling up the DagBag from /home/munyah/.local/lib/python3.10/site-packages/airflow/example_dags/plugins/workday.py
[2025-03-12T14:30:07.015+0200] {processor.py:927} WARNING - No viable dags retrieved from /home/munyah/.local/lib/python3.10/site-packages/airflow/example_dags/plugins/workday.py
[2025-03-12T14:30:07.031+0200] {processor.py:208} INFO - Processing /home/munyah/.local/lib/python3.10/site-packages/airflow/example_dags/plugins/workday.py took 0.035 seconds
[2025-03-12T14:30:41.033+0200] {processor.py:186} INFO - Started process (PID=138790) to work on /home/munyah/.local/lib/python3.10/site-packages/airflow/example_dags/plugins/workday.py
[2025-03-12T14:30:41.035+0200] {processor.py:914} INFO - Processing file /home/munyah/.local/lib/python3.10/site-packages/airflow/example_dags/plugins/workday.py for tasks to queue
[2025-03-12T14:30:41.037+0200] {logging_mixin.py:190} INFO - [2025-03-12T14:30:41.037+0200] {dagbag.py:588} INFO - Filling up the DagBag from /home/munyah/.local/lib/python3.10/site-packages/airflow/example_dags/plugins/workday.py
[2025-03-12T14:30:41.040+0200] {processor.py:927} WARNING - No viable dags retrieved from /home/munyah/.local/lib/python3.10/site-packages/airflow/example_dags/plugins/workday.py
[2025-03-12T14:30:41.053+0200] {processor.py:208} INFO - Processing /home/munyah/.local/lib/python3.10/site-packages/airflow/example_dags/plugins/workday.py took 0.029 seconds
[2025-03-12T14:31:44.537+0200] {processor.py:186} INFO - Started process (PID=138993) to work on /home/munyah/.local/lib/python3.10/site-packages/airflow/example_dags/plugins/workday.py
[2025-03-12T14:31:44.539+0200] {processor.py:914} INFO - Processing file /home/munyah/.local/lib/python3.10/site-packages/airflow/example_dags/plugins/workday.py for tasks to queue
[2025-03-12T14:31:44.542+0200] {logging_mixin.py:190} INFO - [2025-03-12T14:31:44.541+0200] {dagbag.py:588} INFO - Filling up the DagBag from /home/munyah/.local/lib/python3.10/site-packages/airflow/example_dags/plugins/workday.py
[2025-03-12T14:31:44.546+0200] {processor.py:927} WARNING - No viable dags retrieved from /home/munyah/.local/lib/python3.10/site-packages/airflow/example_dags/plugins/workday.py
[2025-03-12T14:31:44.559+0200] {processor.py:208} INFO - Processing /home/munyah/.local/lib/python3.10/site-packages/airflow/example_dags/plugins/workday.py took 0.037 seconds
[2025-03-12T14:32:46.749+0200] {processor.py:186} INFO - Started process (PID=139680) to work on /home/munyah/.local/lib/python3.10/site-packages/airflow/example_dags/plugins/workday.py
[2025-03-12T14:32:46.750+0200] {processor.py:914} INFO - Processing file /home/munyah/.local/lib/python3.10/site-packages/airflow/example_dags/plugins/workday.py for tasks to queue
[2025-03-12T14:32:46.752+0200] {logging_mixin.py:190} INFO - [2025-03-12T14:32:46.752+0200] {dagbag.py:588} INFO - Filling up the DagBag from /home/munyah/.local/lib/python3.10/site-packages/airflow/example_dags/plugins/workday.py
[2025-03-12T14:32:46.756+0200] {processor.py:927} WARNING - No viable dags retrieved from /home/munyah/.local/lib/python3.10/site-packages/airflow/example_dags/plugins/workday.py
[2025-03-12T14:32:46.768+0200] {processor.py:208} INFO - Processing /home/munyah/.local/lib/python3.10/site-packages/airflow/example_dags/plugins/workday.py took 0.028 seconds
[2025-03-12T14:33:50.440+0200] {processor.py:186} INFO - Started process (PID=139973) to work on /home/munyah/.local/lib/python3.10/site-packages/airflow/example_dags/plugins/workday.py
[2025-03-12T14:33:50.442+0200] {processor.py:914} INFO - Processing file /home/munyah/.local/lib/python3.10/site-packages/airflow/example_dags/plugins/workday.py for tasks to queue
[2025-03-12T14:33:50.444+0200] {logging_mixin.py:190} INFO - [2025-03-12T14:33:50.444+0200] {dagbag.py:588} INFO - Filling up the DagBag from /home/munyah/.local/lib/python3.10/site-packages/airflow/example_dags/plugins/workday.py
[2025-03-12T14:33:50.447+0200] {processor.py:927} WARNING - No viable dags retrieved from /home/munyah/.local/lib/python3.10/site-packages/airflow/example_dags/plugins/workday.py
[2025-03-12T14:33:50.460+0200] {processor.py:208} INFO - Processing /home/munyah/.local/lib/python3.10/site-packages/airflow/example_dags/plugins/workday.py took 0.028 seconds
[2025-03-12T14:34:57.337+0200] {processor.py:186} INFO - Started process (PID=140159) to work on /home/munyah/.local/lib/python3.10/site-packages/airflow/example_dags/plugins/workday.py
[2025-03-12T14:34:57.339+0200] {processor.py:914} INFO - Processing file /home/munyah/.local/lib/python3.10/site-packages/airflow/example_dags/plugins/workday.py for tasks to queue
[2025-03-12T14:34:57.342+0200] {logging_mixin.py:190} INFO - [2025-03-12T14:34:57.341+0200] {dagbag.py:588} INFO - Filling up the DagBag from /home/munyah/.local/lib/python3.10/site-packages/airflow/example_dags/plugins/workday.py
[2025-03-12T14:34:57.346+0200] {processor.py:927} WARNING - No viable dags retrieved from /home/munyah/.local/lib/python3.10/site-packages/airflow/example_dags/plugins/workday.py
[2025-03-12T14:34:57.360+0200] {processor.py:208} INFO - Processing /home/munyah/.local/lib/python3.10/site-packages/airflow/example_dags/plugins/workday.py took 0.034 seconds
[2025-03-12T14:35:59.652+0200] {processor.py:186} INFO - Started process (PID=140352) to work on /home/munyah/.local/lib/python3.10/site-packages/airflow/example_dags/plugins/workday.py
[2025-03-12T14:35:59.654+0200] {processor.py:914} INFO - Processing file /home/munyah/.local/lib/python3.10/site-packages/airflow/example_dags/plugins/workday.py for tasks to queue
[2025-03-12T14:35:59.657+0200] {logging_mixin.py:190} INFO - [2025-03-12T14:35:59.657+0200] {dagbag.py:588} INFO - Filling up the DagBag from /home/munyah/.local/lib/python3.10/site-packages/airflow/example_dags/plugins/workday.py
[2025-03-12T14:35:59.661+0200] {processor.py:927} WARNING - No viable dags retrieved from /home/munyah/.local/lib/python3.10/site-packages/airflow/example_dags/plugins/workday.py
[2025-03-12T14:35:59.673+0200] {processor.py:208} INFO - Processing /home/munyah/.local/lib/python3.10/site-packages/airflow/example_dags/plugins/workday.py took 0.033 seconds
[2025-03-12T14:36:34.096+0200] {processor.py:186} INFO - Started process (PID=140480) to work on /home/munyah/.local/lib/python3.10/site-packages/airflow/example_dags/plugins/workday.py
[2025-03-12T14:36:34.097+0200] {processor.py:914} INFO - Processing file /home/munyah/.local/lib/python3.10/site-packages/airflow/example_dags/plugins/workday.py for tasks to queue
[2025-03-12T14:36:34.101+0200] {logging_mixin.py:190} INFO - [2025-03-12T14:36:34.101+0200] {dagbag.py:588} INFO - Filling up the DagBag from /home/munyah/.local/lib/python3.10/site-packages/airflow/example_dags/plugins/workday.py
[2025-03-12T14:36:34.106+0200] {processor.py:927} WARNING - No viable dags retrieved from /home/munyah/.local/lib/python3.10/site-packages/airflow/example_dags/plugins/workday.py
[2025-03-12T14:36:34.122+0200] {processor.py:208} INFO - Processing /home/munyah/.local/lib/python3.10/site-packages/airflow/example_dags/plugins/workday.py took 0.037 seconds
[2025-03-12T14:37:37.221+0200] {processor.py:186} INFO - Started process (PID=140620) to work on /home/munyah/.local/lib/python3.10/site-packages/airflow/example_dags/plugins/workday.py
[2025-03-12T14:37:37.222+0200] {processor.py:914} INFO - Processing file /home/munyah/.local/lib/python3.10/site-packages/airflow/example_dags/plugins/workday.py for tasks to queue
[2025-03-12T14:37:37.225+0200] {logging_mixin.py:190} INFO - [2025-03-12T14:37:37.224+0200] {dagbag.py:588} INFO - Filling up the DagBag from /home/munyah/.local/lib/python3.10/site-packages/airflow/example_dags/plugins/workday.py
[2025-03-12T14:37:37.228+0200] {processor.py:927} WARNING - No viable dags retrieved from /home/munyah/.local/lib/python3.10/site-packages/airflow/example_dags/plugins/workday.py
[2025-03-12T14:37:37.239+0200] {processor.py:208} INFO - Processing /home/munyah/.local/lib/python3.10/site-packages/airflow/example_dags/plugins/workday.py took 0.025 seconds
[2025-03-12T14:38:40.722+0200] {processor.py:186} INFO - Started process (PID=140700) to work on /home/munyah/.local/lib/python3.10/site-packages/airflow/example_dags/plugins/workday.py
[2025-03-12T14:38:40.724+0200] {processor.py:914} INFO - Processing file /home/munyah/.local/lib/python3.10/site-packages/airflow/example_dags/plugins/workday.py for tasks to queue
[2025-03-12T14:38:40.726+0200] {logging_mixin.py:190} INFO - [2025-03-12T14:38:40.726+0200] {dagbag.py:588} INFO - Filling up the DagBag from /home/munyah/.local/lib/python3.10/site-packages/airflow/example_dags/plugins/workday.py
[2025-03-12T14:38:40.729+0200] {processor.py:927} WARNING - No viable dags retrieved from /home/munyah/.local/lib/python3.10/site-packages/airflow/example_dags/plugins/workday.py
[2025-03-12T14:38:40.742+0200] {processor.py:208} INFO - Processing /home/munyah/.local/lib/python3.10/site-packages/airflow/example_dags/plugins/workday.py took 0.029 seconds
[2025-03-12T14:39:14.814+0200] {processor.py:186} INFO - Started process (PID=140741) to work on /home/munyah/.local/lib/python3.10/site-packages/airflow/example_dags/plugins/workday.py
[2025-03-12T14:39:14.815+0200] {processor.py:914} INFO - Processing file /home/munyah/.local/lib/python3.10/site-packages/airflow/example_dags/plugins/workday.py for tasks to queue
[2025-03-12T14:39:14.818+0200] {logging_mixin.py:190} INFO - [2025-03-12T14:39:14.818+0200] {dagbag.py:588} INFO - Filling up the DagBag from /home/munyah/.local/lib/python3.10/site-packages/airflow/example_dags/plugins/workday.py
[2025-03-12T14:39:14.821+0200] {processor.py:927} WARNING - No viable dags retrieved from /home/munyah/.local/lib/python3.10/site-packages/airflow/example_dags/plugins/workday.py
[2025-03-12T14:39:14.834+0200] {processor.py:208} INFO - Processing /home/munyah/.local/lib/python3.10/site-packages/airflow/example_dags/plugins/workday.py took 0.028 seconds
[2025-03-12T14:40:21.358+0200] {processor.py:186} INFO - Started process (PID=140879) to work on /home/munyah/.local/lib/python3.10/site-packages/airflow/example_dags/plugins/workday.py
[2025-03-12T14:40:21.359+0200] {processor.py:914} INFO - Processing file /home/munyah/.local/lib/python3.10/site-packages/airflow/example_dags/plugins/workday.py for tasks to queue
[2025-03-12T14:40:21.362+0200] {logging_mixin.py:190} INFO - [2025-03-12T14:40:21.361+0200] {dagbag.py:588} INFO - Filling up the DagBag from /home/munyah/.local/lib/python3.10/site-packages/airflow/example_dags/plugins/workday.py
[2025-03-12T14:40:21.365+0200] {processor.py:927} WARNING - No viable dags retrieved from /home/munyah/.local/lib/python3.10/site-packages/airflow/example_dags/plugins/workday.py
[2025-03-12T14:40:21.376+0200] {processor.py:208} INFO - Processing /home/munyah/.local/lib/python3.10/site-packages/airflow/example_dags/plugins/workday.py took 0.026 seconds
[2025-03-12T14:41:24.928+0200] {processor.py:186} INFO - Started process (PID=141168) to work on /home/munyah/.local/lib/python3.10/site-packages/airflow/example_dags/plugins/workday.py
[2025-03-12T14:41:24.929+0200] {processor.py:914} INFO - Processing file /home/munyah/.local/lib/python3.10/site-packages/airflow/example_dags/plugins/workday.py for tasks to queue
[2025-03-12T14:41:24.931+0200] {logging_mixin.py:190} INFO - [2025-03-12T14:41:24.931+0200] {dagbag.py:588} INFO - Filling up the DagBag from /home/munyah/.local/lib/python3.10/site-packages/airflow/example_dags/plugins/workday.py
[2025-03-12T14:41:24.935+0200] {processor.py:927} WARNING - No viable dags retrieved from /home/munyah/.local/lib/python3.10/site-packages/airflow/example_dags/plugins/workday.py
[2025-03-12T14:41:24.947+0200] {processor.py:208} INFO - Processing /home/munyah/.local/lib/python3.10/site-packages/airflow/example_dags/plugins/workday.py took 0.026 seconds
[2025-03-12T14:42:24.732+0200] {processor.py:186} INFO - Started process (PID=141340) to work on /home/munyah/.local/lib/python3.10/site-packages/airflow/example_dags/plugins/workday.py
[2025-03-12T14:42:24.733+0200] {processor.py:914} INFO - Processing file /home/munyah/.local/lib/python3.10/site-packages/airflow/example_dags/plugins/workday.py for tasks to queue
[2025-03-12T14:42:24.736+0200] {logging_mixin.py:190} INFO - [2025-03-12T14:42:24.735+0200] {dagbag.py:588} INFO - Filling up the DagBag from /home/munyah/.local/lib/python3.10/site-packages/airflow/example_dags/plugins/workday.py
[2025-03-12T14:42:24.740+0200] {processor.py:927} WARNING - No viable dags retrieved from /home/munyah/.local/lib/python3.10/site-packages/airflow/example_dags/plugins/workday.py
[2025-03-12T14:42:24.752+0200] {processor.py:208} INFO - Processing /home/munyah/.local/lib/python3.10/site-packages/airflow/example_dags/plugins/workday.py took 0.030 seconds
[2025-03-12T14:43:23.225+0200] {processor.py:186} INFO - Started process (PID=141528) to work on /home/munyah/.local/lib/python3.10/site-packages/airflow/example_dags/plugins/workday.py
[2025-03-12T14:43:23.226+0200] {processor.py:914} INFO - Processing file /home/munyah/.local/lib/python3.10/site-packages/airflow/example_dags/plugins/workday.py for tasks to queue
[2025-03-12T14:43:23.229+0200] {logging_mixin.py:190} INFO - [2025-03-12T14:43:23.229+0200] {dagbag.py:588} INFO - Filling up the DagBag from /home/munyah/.local/lib/python3.10/site-packages/airflow/example_dags/plugins/workday.py
[2025-03-12T14:43:23.233+0200] {processor.py:927} WARNING - No viable dags retrieved from /home/munyah/.local/lib/python3.10/site-packages/airflow/example_dags/plugins/workday.py
[2025-03-12T14:43:23.247+0200] {processor.py:208} INFO - Processing /home/munyah/.local/lib/python3.10/site-packages/airflow/example_dags/plugins/workday.py took 0.032 seconds
[2025-03-12T14:44:23.152+0200] {processor.py:186} INFO - Started process (PID=141696) to work on /home/munyah/.local/lib/python3.10/site-packages/airflow/example_dags/plugins/workday.py
[2025-03-12T14:44:23.155+0200] {processor.py:914} INFO - Processing file /home/munyah/.local/lib/python3.10/site-packages/airflow/example_dags/plugins/workday.py for tasks to queue
[2025-03-12T14:44:23.160+0200] {logging_mixin.py:190} INFO - [2025-03-12T14:44:23.159+0200] {dagbag.py:588} INFO - Filling up the DagBag from /home/munyah/.local/lib/python3.10/site-packages/airflow/example_dags/plugins/workday.py
[2025-03-12T14:44:23.166+0200] {processor.py:927} WARNING - No viable dags retrieved from /home/munyah/.local/lib/python3.10/site-packages/airflow/example_dags/plugins/workday.py
[2025-03-12T14:44:23.183+0200] {processor.py:208} INFO - Processing /home/munyah/.local/lib/python3.10/site-packages/airflow/example_dags/plugins/workday.py took 0.047 seconds
[2025-03-12T14:45:21.836+0200] {processor.py:186} INFO - Started process (PID=141883) to work on /home/munyah/.local/lib/python3.10/site-packages/airflow/example_dags/plugins/workday.py
[2025-03-12T14:45:21.837+0200] {processor.py:914} INFO - Processing file /home/munyah/.local/lib/python3.10/site-packages/airflow/example_dags/plugins/workday.py for tasks to queue
[2025-03-12T14:45:21.840+0200] {logging_mixin.py:190} INFO - [2025-03-12T14:45:21.840+0200] {dagbag.py:588} INFO - Filling up the DagBag from /home/munyah/.local/lib/python3.10/site-packages/airflow/example_dags/plugins/workday.py
[2025-03-12T14:45:21.843+0200] {processor.py:927} WARNING - No viable dags retrieved from /home/munyah/.local/lib/python3.10/site-packages/airflow/example_dags/plugins/workday.py
[2025-03-12T14:45:21.856+0200] {processor.py:208} INFO - Processing /home/munyah/.local/lib/python3.10/site-packages/airflow/example_dags/plugins/workday.py took 0.027 seconds
[2025-03-12T14:46:20.928+0200] {processor.py:186} INFO - Started process (PID=142100) to work on /home/munyah/.local/lib/python3.10/site-packages/airflow/example_dags/plugins/workday.py
[2025-03-12T14:46:20.930+0200] {processor.py:914} INFO - Processing file /home/munyah/.local/lib/python3.10/site-packages/airflow/example_dags/plugins/workday.py for tasks to queue
[2025-03-12T14:46:20.932+0200] {logging_mixin.py:190} INFO - [2025-03-12T14:46:20.932+0200] {dagbag.py:588} INFO - Filling up the DagBag from /home/munyah/.local/lib/python3.10/site-packages/airflow/example_dags/plugins/workday.py
[2025-03-12T14:46:20.936+0200] {processor.py:927} WARNING - No viable dags retrieved from /home/munyah/.local/lib/python3.10/site-packages/airflow/example_dags/plugins/workday.py
[2025-03-12T14:46:20.948+0200] {processor.py:208} INFO - Processing /home/munyah/.local/lib/python3.10/site-packages/airflow/example_dags/plugins/workday.py took 0.027 seconds
[2025-03-12T14:46:54.719+0200] {processor.py:186} INFO - Started process (PID=142228) to work on /home/munyah/.local/lib/python3.10/site-packages/airflow/example_dags/plugins/workday.py
[2025-03-12T14:46:54.720+0200] {processor.py:914} INFO - Processing file /home/munyah/.local/lib/python3.10/site-packages/airflow/example_dags/plugins/workday.py for tasks to queue
[2025-03-12T14:46:54.724+0200] {logging_mixin.py:190} INFO - [2025-03-12T14:46:54.723+0200] {dagbag.py:588} INFO - Filling up the DagBag from /home/munyah/.local/lib/python3.10/site-packages/airflow/example_dags/plugins/workday.py
[2025-03-12T14:46:54.728+0200] {processor.py:927} WARNING - No viable dags retrieved from /home/munyah/.local/lib/python3.10/site-packages/airflow/example_dags/plugins/workday.py
[2025-03-12T14:46:54.744+0200] {processor.py:208} INFO - Processing /home/munyah/.local/lib/python3.10/site-packages/airflow/example_dags/plugins/workday.py took 0.036 seconds
[2025-03-12T14:49:12.074+0200] {processor.py:186} INFO - Started process (PID=142708) to work on /home/munyah/.local/lib/python3.10/site-packages/airflow/example_dags/plugins/workday.py
[2025-03-12T14:49:12.075+0200] {processor.py:914} INFO - Processing file /home/munyah/.local/lib/python3.10/site-packages/airflow/example_dags/plugins/workday.py for tasks to queue
[2025-03-12T14:49:12.078+0200] {logging_mixin.py:190} INFO - [2025-03-12T14:49:12.077+0200] {dagbag.py:588} INFO - Filling up the DagBag from /home/munyah/.local/lib/python3.10/site-packages/airflow/example_dags/plugins/workday.py
[2025-03-12T14:49:12.081+0200] {processor.py:927} WARNING - No viable dags retrieved from /home/munyah/.local/lib/python3.10/site-packages/airflow/example_dags/plugins/workday.py
[2025-03-12T14:49:12.097+0200] {processor.py:208} INFO - Processing /home/munyah/.local/lib/python3.10/site-packages/airflow/example_dags/plugins/workday.py took 0.033 seconds
[2025-03-12T14:49:59.683+0200] {processor.py:186} INFO - Started process (PID=142842) to work on /home/munyah/.local/lib/python3.10/site-packages/airflow/example_dags/plugins/workday.py
[2025-03-12T14:49:59.684+0200] {processor.py:914} INFO - Processing file /home/munyah/.local/lib/python3.10/site-packages/airflow/example_dags/plugins/workday.py for tasks to queue
[2025-03-12T14:49:59.687+0200] {logging_mixin.py:190} INFO - [2025-03-12T14:49:59.687+0200] {dagbag.py:588} INFO - Filling up the DagBag from /home/munyah/.local/lib/python3.10/site-packages/airflow/example_dags/plugins/workday.py
[2025-03-12T14:49:59.691+0200] {processor.py:927} WARNING - No viable dags retrieved from /home/munyah/.local/lib/python3.10/site-packages/airflow/example_dags/plugins/workday.py
[2025-03-12T14:49:59.704+0200] {processor.py:208} INFO - Processing /home/munyah/.local/lib/python3.10/site-packages/airflow/example_dags/plugins/workday.py took 0.030 seconds
[2025-03-12T14:50:41.201+0200] {processor.py:186} INFO - Started process (PID=142956) to work on /home/munyah/.local/lib/python3.10/site-packages/airflow/example_dags/plugins/workday.py
[2025-03-12T14:50:41.202+0200] {processor.py:914} INFO - Processing file /home/munyah/.local/lib/python3.10/site-packages/airflow/example_dags/plugins/workday.py for tasks to queue
[2025-03-12T14:50:41.205+0200] {logging_mixin.py:190} INFO - [2025-03-12T14:50:41.204+0200] {dagbag.py:588} INFO - Filling up the DagBag from /home/munyah/.local/lib/python3.10/site-packages/airflow/example_dags/plugins/workday.py
[2025-03-12T14:50:41.208+0200] {processor.py:927} WARNING - No viable dags retrieved from /home/munyah/.local/lib/python3.10/site-packages/airflow/example_dags/plugins/workday.py
[2025-03-12T14:50:41.221+0200] {processor.py:208} INFO - Processing /home/munyah/.local/lib/python3.10/site-packages/airflow/example_dags/plugins/workday.py took 0.027 seconds
[2025-03-12T14:51:45.300+0200] {processor.py:186} INFO - Started process (PID=143186) to work on /home/munyah/.local/lib/python3.10/site-packages/airflow/example_dags/plugins/workday.py
[2025-03-12T14:51:45.301+0200] {processor.py:914} INFO - Processing file /home/munyah/.local/lib/python3.10/site-packages/airflow/example_dags/plugins/workday.py for tasks to queue
[2025-03-12T14:51:45.303+0200] {logging_mixin.py:190} INFO - [2025-03-12T14:51:45.303+0200] {dagbag.py:588} INFO - Filling up the DagBag from /home/munyah/.local/lib/python3.10/site-packages/airflow/example_dags/plugins/workday.py
[2025-03-12T14:51:45.307+0200] {processor.py:927} WARNING - No viable dags retrieved from /home/munyah/.local/lib/python3.10/site-packages/airflow/example_dags/plugins/workday.py
[2025-03-12T14:51:45.319+0200] {processor.py:208} INFO - Processing /home/munyah/.local/lib/python3.10/site-packages/airflow/example_dags/plugins/workday.py took 0.027 seconds
[2025-03-12T14:52:21.379+0200] {processor.py:186} INFO - Started process (PID=143283) to work on /home/munyah/.local/lib/python3.10/site-packages/airflow/example_dags/plugins/workday.py
[2025-03-12T14:52:21.380+0200] {processor.py:914} INFO - Processing file /home/munyah/.local/lib/python3.10/site-packages/airflow/example_dags/plugins/workday.py for tasks to queue
[2025-03-12T14:52:21.383+0200] {logging_mixin.py:190} INFO - [2025-03-12T14:52:21.383+0200] {dagbag.py:588} INFO - Filling up the DagBag from /home/munyah/.local/lib/python3.10/site-packages/airflow/example_dags/plugins/workday.py
[2025-03-12T14:52:21.387+0200] {processor.py:927} WARNING - No viable dags retrieved from /home/munyah/.local/lib/python3.10/site-packages/airflow/example_dags/plugins/workday.py
[2025-03-12T14:52:21.404+0200] {processor.py:208} INFO - Processing /home/munyah/.local/lib/python3.10/site-packages/airflow/example_dags/plugins/workday.py took 0.032 seconds
[2025-03-12T14:52:57.863+0200] {processor.py:186} INFO - Started process (PID=143406) to work on /home/munyah/.local/lib/python3.10/site-packages/airflow/example_dags/plugins/workday.py
[2025-03-12T14:52:57.866+0200] {processor.py:914} INFO - Processing file /home/munyah/.local/lib/python3.10/site-packages/airflow/example_dags/plugins/workday.py for tasks to queue
[2025-03-12T14:52:57.873+0200] {logging_mixin.py:190} INFO - [2025-03-12T14:52:57.868+0200] {dagbag.py:588} INFO - Filling up the DagBag from /home/munyah/.local/lib/python3.10/site-packages/airflow/example_dags/plugins/workday.py
[2025-03-12T14:52:57.885+0200] {processor.py:927} WARNING - No viable dags retrieved from /home/munyah/.local/lib/python3.10/site-packages/airflow/example_dags/plugins/workday.py
[2025-03-12T14:52:57.898+0200] {processor.py:208} INFO - Processing /home/munyah/.local/lib/python3.10/site-packages/airflow/example_dags/plugins/workday.py took 0.043 seconds
[2025-03-12T14:53:34.148+0200] {processor.py:186} INFO - Started process (PID=143532) to work on /home/munyah/.local/lib/python3.10/site-packages/airflow/example_dags/plugins/workday.py
[2025-03-12T14:53:34.152+0200] {processor.py:914} INFO - Processing file /home/munyah/.local/lib/python3.10/site-packages/airflow/example_dags/plugins/workday.py for tasks to queue
[2025-03-12T14:53:34.160+0200] {logging_mixin.py:190} INFO - [2025-03-12T14:53:34.156+0200] {dagbag.py:588} INFO - Filling up the DagBag from /home/munyah/.local/lib/python3.10/site-packages/airflow/example_dags/plugins/workday.py
[2025-03-12T14:53:34.174+0200] {processor.py:927} WARNING - No viable dags retrieved from /home/munyah/.local/lib/python3.10/site-packages/airflow/example_dags/plugins/workday.py
[2025-03-12T14:53:34.193+0200] {processor.py:208} INFO - Processing /home/munyah/.local/lib/python3.10/site-packages/airflow/example_dags/plugins/workday.py took 0.066 seconds
