[2025-02-08T15:22:10.528+0200] {local_task_job_runner.py:123} INFO - ::group::Pre task execution logs
[2025-02-08T15:22:10.542+0200] {taskinstance.py:2613} INFO - Dependencies all met for dep_context=non-requeueable deps ti=<TaskInstance: patient-monitoring.add_new_patient scheduled__2025-02-08T13:21:00+00:00 [queued]>
[2025-02-08T15:22:10.550+0200] {taskinstance.py:2613} INFO - Dependencies all met for dep_context=requeueable deps ti=<TaskInstance: patient-monitoring.add_new_patient scheduled__2025-02-08T13:21:00+00:00 [queued]>
[2025-02-08T15:22:10.551+0200] {taskinstance.py:2866} INFO - Starting attempt 1 of 2
[2025-02-08T15:22:10.569+0200] {taskinstance.py:2889} INFO - Executing <Task(PythonOperator): add_new_patient> on 2025-02-08 13:21:00+00:00
[2025-02-08T15:22:10.576+0200] {standard_task_runner.py:72} INFO - Started process 66459 to run task
[2025-02-08T15:22:10.583+0200] {standard_task_runner.py:104} INFO - Running: ['airflow', 'tasks', 'run', 'patient-monitoring', 'add_new_patient', 'scheduled__2025-02-08T13:21:00+00:00', '--job-id', '40', '--raw', '--subdir', 'DAGS_FOLDER/real_time_patient_data_update.py', '--cfg-path', '/tmp/tmp25l9_ufx']
[2025-02-08T15:22:10.585+0200] {standard_task_runner.py:105} INFO - Job 40: Subtask add_new_patient
[2025-02-08T15:22:10.637+0200] {task_command.py:467} INFO - Running <TaskInstance: patient-monitoring.add_new_patient scheduled__2025-02-08T13:21:00+00:00 [running]> on host munyah-ThinkPad-X1-Yoga-1st
[2025-02-08T15:22:10.722+0200] {taskinstance.py:3132} INFO - Exporting env vars: AIRFLOW_CTX_DAG_OWNER='munyah' AIRFLOW_CTX_DAG_ID='patient-monitoring' AIRFLOW_CTX_TASK_ID='add_new_patient' AIRFLOW_CTX_EXECUTION_DATE='2025-02-08T13:21:00+00:00' AIRFLOW_CTX_TRY_NUMBER='1' AIRFLOW_CTX_DAG_RUN_ID='scheduled__2025-02-08T13:21:00+00:00'
[2025-02-08T15:22:10.723+0200] {logging_mixin.py:190} INFO - Task instance is in running state
[2025-02-08T15:22:10.723+0200] {logging_mixin.py:190} INFO -  Previous state of the Task instance: queued
[2025-02-08T15:22:10.724+0200] {logging_mixin.py:190} INFO - Current task name:add_new_patient state:running start_date:2025-02-08 13:22:10.542657+00:00
[2025-02-08T15:22:10.724+0200] {logging_mixin.py:190} INFO - Dag name:patient-monitoring and current dag run status:running
[2025-02-08T15:22:10.724+0200] {taskinstance.py:731} INFO - ::endgroup::
[2025-02-08T15:22:10.752+0200] {real_time_patient_data_update.py:80} INFO - New Patient Added: {
  "Patient_ID": "PAT-00053",
  "Age": 100,
  "Gender": "Female",
  "Height": 113.62,
  "Weight": 35.25,
  "Temperature": 37.5,
  "Blood_Pressure": "136/86",
  "Cholesterol_Level": "High",
  "Blood_Sugar_Level": 223,
  "Heart_Rate": 173,
  "BMI": 44.08,
  "Previous_Medical_History": "No significant history",
  "Comorbidities": "None",
  "Smoking_Status": "No",
  "Alcohol_Consumption": "No",
  "Physical_Activity": "High",
  "Last_Visit_Date": "2024-07-16",
  "Genomic_Info": "High Risk",
  "Diagnosis": "No specific diagnosis",
  "Hospitalization": "No"
}
[2025-02-08T15:22:10.752+0200] {real_time_patient_data_update.py:81} INFO - Total Patients After Addition: 54
[2025-02-08T15:22:10.760+0200] {base.py:84} INFO - Retrieving connection 'patients_data'
[2025-02-08T15:22:10.774+0200] {real_time_patient_data_update.py:92} INFO - New patient PAT-00053 added to the database successfully.
[2025-02-08T15:22:10.775+0200] {python.py:240} INFO - Done. Returned value was: None
[2025-02-08T15:22:10.781+0200] {taskinstance.py:340} INFO - ::group::Post task execution logs
[2025-02-08T15:22:10.782+0200] {taskinstance.py:352} INFO - Marking task as SUCCESS. dag_id=patient-monitoring, task_id=add_new_patient, run_id=scheduled__2025-02-08T13:21:00+00:00, execution_date=20250208T132100, start_date=20250208T132210, end_date=20250208T132210
[2025-02-08T15:22:10.797+0200] {logging_mixin.py:190} INFO - Task instance in success state
[2025-02-08T15:22:10.798+0200] {logging_mixin.py:190} INFO -  Previous state of the Task instance: running
[2025-02-08T15:22:10.799+0200] {logging_mixin.py:190} INFO - Dag name:patient-monitoring queued_at:2025-02-08 13:22:01.418347+00:00
[2025-02-08T15:22:10.800+0200] {logging_mixin.py:190} INFO - Task hostname:munyah-ThinkPad-X1-Yoga-1st operator:PythonOperator
[2025-02-08T15:22:10.836+0200] {local_task_job_runner.py:266} INFO - Task exited with return code 0
[2025-02-08T15:22:10.859+0200] {taskinstance.py:3895} INFO - 0 downstream tasks scheduled from follow-on schedule check
[2025-02-08T15:22:10.860+0200] {local_task_job_runner.py:245} INFO - ::endgroup::
