[2025-03-10T21:16:17.883+0200] {local_task_job_runner.py:123} INFO - ::group::Pre task execution logs
[2025-03-10T21:16:17.896+0200] {taskinstance.py:2613} INFO - Dependencies all met for dep_context=non-requeueable deps ti=<TaskInstance: patient-monitoring.add_new_patient manual__2025-03-10T19:16:10.289774+00:00 [queued]>
[2025-03-10T21:16:17.904+0200] {taskinstance.py:2613} INFO - Dependencies all met for dep_context=requeueable deps ti=<TaskInstance: patient-monitoring.add_new_patient manual__2025-03-10T19:16:10.289774+00:00 [queued]>
[2025-03-10T21:16:17.905+0200] {taskinstance.py:2866} INFO - Starting attempt 1 of 2
[2025-03-10T21:16:17.920+0200] {taskinstance.py:2889} INFO - Executing <Task(PythonOperator): add_new_patient> on 2025-03-10 19:16:10.289774+00:00
[2025-03-10T21:16:17.925+0200] {standard_task_runner.py:72} INFO - Started process 29369 to run task
[2025-03-10T21:16:17.930+0200] {standard_task_runner.py:104} INFO - Running: ['airflow', 'tasks', 'run', 'patient-monitoring', 'add_new_patient', 'manual__2025-03-10T19:16:10.289774+00:00', '--job-id', '102', '--raw', '--subdir', 'DAGS_FOLDER/real_time_patient_data_update.py', '--cfg-path', '/tmp/tmpzlifn175']
[2025-03-10T21:16:17.931+0200] {standard_task_runner.py:105} INFO - Job 102: Subtask add_new_patient
[2025-03-10T21:16:17.970+0200] {task_command.py:467} INFO - Running <TaskInstance: patient-monitoring.add_new_patient manual__2025-03-10T19:16:10.289774+00:00 [running]> on host munyah-ThinkPad-X1-Yoga-1st
[2025-03-10T21:16:18.048+0200] {taskinstance.py:3132} INFO - Exporting env vars: AIRFLOW_CTX_DAG_OWNER='munyah' AIRFLOW_CTX_DAG_ID='patient-monitoring' AIRFLOW_CTX_TASK_ID='add_new_patient' AIRFLOW_CTX_EXECUTION_DATE='2025-03-10T19:16:10.289774+00:00' AIRFLOW_CTX_TRY_NUMBER='1' AIRFLOW_CTX_DAG_RUN_ID='manual__2025-03-10T19:16:10.289774+00:00'
[2025-03-10T21:16:18.049+0200] {logging_mixin.py:190} INFO - Task instance is in running state
[2025-03-10T21:16:18.050+0200] {logging_mixin.py:190} INFO -  Previous state of the Task instance: queued
[2025-03-10T21:16:18.050+0200] {logging_mixin.py:190} INFO - Current task name:add_new_patient state:running start_date:2025-03-10 19:16:17.896767+00:00
[2025-03-10T21:16:18.050+0200] {logging_mixin.py:190} INFO - Dag name:patient-monitoring and current dag run status:running
[2025-03-10T21:16:18.051+0200] {taskinstance.py:731} INFO - ::endgroup::
[2025-03-10T21:16:18.079+0200] {real_time_patient_data_update.py:80} INFO - New Patient Added: {
  "Patient_ID": "PAT-00067",
  "Age": 105,
  "Gender": "Female",
  "Height": 102.63,
  "Weight": 149.89,
  "Temperature": 36.9,
  "Blood_Pressure": "114/72",
  "Cholesterol_Level": "Normal",
  "Blood_Sugar_Level": 300,
  "Heart_Rate": 39,
  "BMI": 27.68,
  "Previous_Medical_History": "No significant history",
  "Comorbidities": "None",
  "Smoking_Status": "No",
  "Alcohol_Consumption": "Yes",
  "Physical_Activity": "Moderate",
  "Last_Visit_Date": "2024-10-31",
  "Genomic_Info": "Mutated",
  "Diagnosis": "No specific diagnosis",
  "Hospitalization": "Yes"
}
[2025-03-10T21:16:18.079+0200] {real_time_patient_data_update.py:81} INFO - Total Patients After Addition: 71
[2025-03-10T21:16:18.086+0200] {base.py:84} INFO - Retrieving connection 'patients_data'
[2025-03-10T21:16:18.098+0200] {real_time_patient_data_update.py:92} INFO - New patient PAT-00067 added to the database successfully.
[2025-03-10T21:16:18.098+0200] {python.py:240} INFO - Done. Returned value was: None
[2025-03-10T21:16:18.106+0200] {taskinstance.py:340} INFO - ::group::Post task execution logs
[2025-03-10T21:16:18.106+0200] {taskinstance.py:352} INFO - Marking task as SUCCESS. dag_id=patient-monitoring, task_id=add_new_patient, run_id=manual__2025-03-10T19:16:10.289774+00:00, execution_date=20250310T191610, start_date=20250310T191617, end_date=20250310T191618
[2025-03-10T21:16:18.118+0200] {logging_mixin.py:190} INFO - Task instance in success state
[2025-03-10T21:16:18.119+0200] {logging_mixin.py:190} INFO -  Previous state of the Task instance: running
[2025-03-10T21:16:18.119+0200] {logging_mixin.py:190} INFO - Dag name:patient-monitoring queued_at:2025-03-10 19:16:10.312146+00:00
[2025-03-10T21:16:18.119+0200] {logging_mixin.py:190} INFO - Task hostname:munyah-ThinkPad-X1-Yoga-1st operator:PythonOperator
[2025-03-10T21:16:18.142+0200] {local_task_job_runner.py:266} INFO - Task exited with return code 0
[2025-03-10T21:16:18.162+0200] {taskinstance.py:3895} INFO - 0 downstream tasks scheduled from follow-on schedule check
[2025-03-10T21:16:18.163+0200] {local_task_job_runner.py:245} INFO - ::endgroup::
